 INFO: Number of CDPs = 445
 INFO: Number of traces in the gather = 9200
 INFO: Number of samples per trace = 2502
 INFO: Starting worker threads...
 INFO: Computing semblance for m0 = 0
 INFO: Total execution time for kernels is 0.00401303s
 INFO: Computing semblance for m0 = 1080
 INFO: Total execution time for kernels is 0.275879s
 INFO: Computing semblance for m0 = 1100
 INFO: Total execution time for kernels is 0.239328s
 INFO: Computing semblance for m0 = 1120
 INFO: Total execution time for kernels is 0.241309s
 INFO: Computing semblance for m0 = 1140
 INFO: Total execution time for kernels is 0.25443s
 INFO: Computing semblance for m0 = 1160
 INFO: Total execution time for kernels is 0.264492s
 INFO: Computing semblance for m0 = 1180
 INFO: Total execution time for kernels is 0.272293s
 INFO: Computing semblance for m0 = 1200
 INFO: Total execution time for kernels is 0.284077s
 INFO: Computing semblance for m0 = 1220
 INFO: Total execution time for kernels is 0.295074s
 INFO: Computing semblance for m0 = 1240
 INFO: Total execution time for kernels is 0.303609s
 INFO: Computing semblance for m0 = 1260
 INFO: Total execution time for kernels is 0.31484s
 INFO: Computing semblance for m0 = 1280
 INFO: Total execution time for kernels is 0.328579s
 INFO: Computing semblance for m0 = 1300
 INFO: Total execution time for kernels is 0.345198s
 INFO: Computing semblance for m0 = 1320
 INFO: Total execution time for kernels is 0.358994s
 INFO: Computing semblance for m0 = 1340
 INFO: Total execution time for kernels is 0.379527s
 INFO: Computing semblance for m0 = 1360
 INFO: Total execution time for kernels is 0.394673s
 INFO: Computing semblance for m0 = 1380
 INFO: Total execution time for kernels is 0.416768s
 INFO: Computing semblance for m0 = 1400
 INFO: Total execution time for kernels is 0.449706s
 INFO: Computing semblance for m0 = 1420
 INFO: Total execution time for kernels is 0.477659s
 INFO: Computing semblance for m0 = 1440
 INFO: Total execution time for kernels is 0.50562s
 INFO: Computing semblance for m0 = 1460
 INFO: Total execution time for kernels is 0.53593s
 INFO: Computing semblance for m0 = 1480
 INFO: Total execution time for kernels is 0.568365s
 INFO: Computing semblance for m0 = 1500
 INFO: Total execution time for kernels is 0.602861s
 INFO: Computing semblance for m0 = 1520
 INFO: Total execution time for kernels is 0.635505s
 INFO: Computing semblance for m0 = 1540
 INFO: Total execution time for kernels is 0.68302s
 INFO: Computing semblance for m0 = 1560
 INFO: Total execution time for kernels is 0.716631s
 INFO: Computing semblance for m0 = 1580
 INFO: Total execution time for kernels is 0.757109s
 INFO: Computing semblance for m0 = 1600
 INFO: Total execution time for kernels is 0.796522s
 INFO: Computing semblance for m0 = 1620
 INFO: Total execution time for kernels is 0.829215s
 INFO: Computing semblance for m0 = 1640
 INFO: Total execution time for kernels is 0.861605s
 INFO: Computing semblance for m0 = 1660
 INFO: Total execution time for kernels is 0.903324s
 INFO: Computing semblance for m0 = 1680
 INFO: Total execution time for kernels is 0.942442s
 INFO: Computing semblance for m0 = 1700
 INFO: Total execution time for kernels is 0.980752s
 INFO: Computing semblance for m0 = 1720
 INFO: Total execution time for kernels is 1.01838s
 INFO: Computing semblance for m0 = 1740
 INFO: Total execution time for kernels is 1.05845s
 INFO: Computing semblance for m0 = 1760
 INFO: Total execution time for kernels is 1.0901s
 INFO: Computing semblance for m0 = 1780
 INFO: Total execution time for kernels is 1.13488s
 INFO: Computing semblance for m0 = 1800
 INFO: Total execution time for kernels is 1.17099s
 INFO: Computing semblance for m0 = 1820
 INFO: Total execution time for kernels is 1.20957s
 INFO: Computing semblance for m0 = 1840
 INFO: Total execution time for kernels is 1.24724s
 INFO: Computing semblance for m0 = 1860
 INFO: Total execution time for kernels is 1.28782s
 INFO: Computing semblance for m0 = 1880
 INFO: Total execution time for kernels is 1.31728s
 INFO: Computing semblance for m0 = 1900
 INFO: Total execution time for kernels is 1.33836s
 INFO: Computing semblance for m0 = 1920
 INFO: Total execution time for kernels is 1.36973s
 INFO: Computing semblance for m0 = 1940
 INFO: Total execution time for kernels is 1.40245s
 INFO: Computing semblance for m0 = 1960
 INFO: Total execution time for kernels is 1.4166s
 INFO: Computing semblance for m0 = 1980
 INFO: Total execution time for kernels is 1.44397s
 INFO: Computing semblance for m0 = 2000
 INFO: Total execution time for kernels is 1.45224s
 INFO: Computing semblance for m0 = 2020
 INFO: Total execution time for kernels is 1.46492s
 INFO: Computing semblance for m0 = 2040
 INFO: Total execution time for kernels is 1.47144s
 INFO: Computing semblance for m0 = 2060
 INFO: Total execution time for kernels is 1.48459s
 INFO: Computing semblance for m0 = 2080
 INFO: Total execution time for kernels is 1.49115s
 INFO: Computing semblance for m0 = 2100
 INFO: Total execution time for kernels is 1.48924s
 INFO: Computing semblance for m0 = 2120
 INFO: Total execution time for kernels is 1.49714s
 INFO: Computing semblance for m0 = 2140
 INFO: Total execution time for kernels is 1.50607s
 INFO: Computing semblance for m0 = 2160
 INFO: Total execution time for kernels is 1.49964s
 INFO: Computing semblance for m0 = 2180
 INFO: Total execution time for kernels is 1.49666s
 INFO: Computing semblance for m0 = 2200
 INFO: Total execution time for kernels is 1.48976s
 INFO: Computing semblance for m0 = 2220
 INFO: Total execution time for kernels is 1.50507s
 INFO: Computing semblance for m0 = 2240
 INFO: Total execution time for kernels is 1.49352s
 INFO: Computing semblance for m0 = 2260
 INFO: Total execution time for kernels is 1.50684s
 INFO: Computing semblance for m0 = 2280
 INFO: Total execution time for kernels is 1.50161s
 INFO: Computing semblance for m0 = 2300
 INFO: Total execution time for kernels is 1.5005s
 INFO: Computing semblance for m0 = 2320
 INFO: Total execution time for kernels is 1.50685s
 INFO: Computing semblance for m0 = 2340
 INFO: Total execution time for kernels is 1.50987s
 INFO: Computing semblance for m0 = 2360
 INFO: Total execution time for kernels is 1.51033s
 INFO: Computing semblance for m0 = 2380
 INFO: Total execution time for kernels is 1.50757s
 INFO: Computing semblance for m0 = 2400
 INFO: Total execution time for kernels is 1.5016s
 INFO: Computing semblance for m0 = 2420
 INFO: Total execution time for kernels is 1.51594s
 INFO: Computing semblance for m0 = 2440
 INFO: Total execution time for kernels is 1.51033s
 INFO: Computing semblance for m0 = 2460
 INFO: Total execution time for kernels is 1.51163s
 INFO: Computing semblance for m0 = 2480
 INFO: Total execution time for kernels is 1.50853s
 INFO: Computing semblance for m0 = 2500
 INFO: Total execution time for kernels is 1.51366s
 INFO: Computing semblance for m0 = 2520
 INFO: Total execution time for kernels is 1.51277s
 INFO: Computing semblance for m0 = 2540
 INFO: Total execution time for kernels is 1.50811s
 INFO: Computing semblance for m0 = 2560
 INFO: Total execution time for kernels is 1.50052s
 INFO: Computing semblance for m0 = 2580
 INFO: Total execution time for kernels is 1.51089s
 INFO: Computing semblance for m0 = 2600
 INFO: Total execution time for kernels is 1.50853s
 INFO: Computing semblance for m0 = 2620
 INFO: Total execution time for kernels is 1.51702s
 INFO: Computing semblance for m0 = 2640
 INFO: Total execution time for kernels is 1.51805s
 INFO: Computing semblance for m0 = 2660
 INFO: Total execution time for kernels is 1.51707s
 INFO: Computing semblance for m0 = 2680
 INFO: Total execution time for kernels is 1.52142s
 INFO: Computing semblance for m0 = 2700
 INFO: Total execution time for kernels is 1.52518s
 INFO: Computing semblance for m0 = 2720
 INFO: Total execution time for kernels is 1.51818s
 INFO: Computing semblance for m0 = 2740
 INFO: Total execution time for kernels is 1.51932s
 INFO: Computing semblance for m0 = 2760
 INFO: Total execution time for kernels is 1.52324s
 INFO: Computing semblance for m0 = 2780
 INFO: Total execution time for kernels is 1.52165s
 INFO: Computing semblance for m0 = 2800
 INFO: Total execution time for kernels is 1.51786s
 INFO: Computing semblance for m0 = 2820
 INFO: Total execution time for kernels is 1.52086s
 INFO: Computing semblance for m0 = 2840
 INFO: Total execution time for kernels is 1.51423s
 INFO: Computing semblance for m0 = 2860
 INFO: Total execution time for kernels is 1.51969s
 INFO: Computing semblance for m0 = 2880
 INFO: Total execution time for kernels is 1.51893s
 INFO: Computing semblance for m0 = 2900
 INFO: Total execution time for kernels is 1.51921s
 INFO: Computing semblance for m0 = 2920
 INFO: Total execution time for kernels is 1.50959s
 INFO: Computing semblance for m0 = 2940
 INFO: Total execution time for kernels is 1.5112s
 INFO: Computing semblance for m0 = 2960
 INFO: Total execution time for kernels is 1.50638s
 INFO: Computing semblance for m0 = 2980
 INFO: Total execution time for kernels is 1.50881s
 INFO: Computing semblance for m0 = 3000
 INFO: Total execution time for kernels is 1.51166s
 INFO: Computing semblance for m0 = 3020
 INFO: Total execution time for kernels is 1.50989s
 INFO: Computing semblance for m0 = 3040
 INFO: Total execution time for kernels is 1.50697s
 INFO: Computing semblance for m0 = 3060
 INFO: Total execution time for kernels is 1.52215s
 INFO: Computing semblance for m0 = 3080
 INFO: Total execution time for kernels is 1.51312s
 INFO: Computing semblance for m0 = 3100
 INFO: Total execution time for kernels is 1.51163s
 INFO: Computing semblance for m0 = 3120
 INFO: Total execution time for kernels is 1.51443s
 INFO: Computing semblance for m0 = 3140
 INFO: Total execution time for kernels is 1.51221s
 INFO: Computing semblance for m0 = 3160
 INFO: Total execution time for kernels is 1.51974s
 INFO: Computing semblance for m0 = 3180
 INFO: Total execution time for kernels is 1.51081s
 INFO: Computing semblance for m0 = 3200
 INFO: Total execution time for kernels is 1.50628s
 INFO: Computing semblance for m0 = 3220
 INFO: Total execution time for kernels is 1.50903s
 INFO: Computing semblance for m0 = 3240
 INFO: Total execution time for kernels is 1.507s
 INFO: Computing semblance for m0 = 3260
 INFO: Total execution time for kernels is 1.50754s
 INFO: Computing semblance for m0 = 3280
 INFO: Total execution time for kernels is 1.50642s
 INFO: Computing semblance for m0 = 3300
 INFO: Total execution time for kernels is 1.50614s
 INFO: Computing semblance for m0 = 3320
 INFO: Total execution time for kernels is 1.50339s
 INFO: Computing semblance for m0 = 3340
 INFO: Total execution time for kernels is 1.50554s
 INFO: Computing semblance for m0 = 3360
 INFO: Total execution time for kernels is 1.50461s
 INFO: Computing semblance for m0 = 3380
 INFO: Total execution time for kernels is 1.50789s
 INFO: Computing semblance for m0 = 3400
 INFO: Total execution time for kernels is 1.51265s
 INFO: Computing semblance for m0 = 3420
 INFO: Total execution time for kernels is 1.51249s
 INFO: Computing semblance for m0 = 3440
 INFO: Total execution time for kernels is 1.51069s
 INFO: Computing semblance for m0 = 3460
 INFO: Total execution time for kernels is 1.51046s
 INFO: Computing semblance for m0 = 3480
 INFO: Total execution time for kernels is 1.50369s
 INFO: Computing semblance for m0 = 3500
 INFO: Total execution time for kernels is 1.50799s
 INFO: Computing semblance for m0 = 3520
 INFO: Total execution time for kernels is 1.49629s
 INFO: Computing semblance for m0 = 3540
 INFO: Total execution time for kernels is 1.50646s
 INFO: Computing semblance for m0 = 3560
 INFO: Total execution time for kernels is 1.49977s
 INFO: Computing semblance for m0 = 3580
 INFO: Total execution time for kernels is 1.5052s
 INFO: Computing semblance for m0 = 3600
 INFO: Total execution time for kernels is 1.49213s
 INFO: Computing semblance for m0 = 3620
 INFO: Total execution time for kernels is 1.50596s
 INFO: Computing semblance for m0 = 3640
 INFO: Total execution time for kernels is 1.49447s
 INFO: Computing semblance for m0 = 3660
 INFO: Total execution time for kernels is 1.49711s
 INFO: Computing semblance for m0 = 3680
 INFO: Total execution time for kernels is 1.50095s
 INFO: Computing semblance for m0 = 3700
 INFO: Total execution time for kernels is 1.49973s
 INFO: Computing semblance for m0 = 3720
 INFO: Total execution time for kernels is 1.49528s
 INFO: Computing semblance for m0 = 3740
 INFO: Total execution time for kernels is 1.50584s
 INFO: Computing semblance for m0 = 3760
 INFO: Total execution time for kernels is 1.50331s
 INFO: Computing semblance for m0 = 3780
 INFO: Total execution time for kernels is 1.49711s
 INFO: Computing semblance for m0 = 3800
 INFO: Total execution time for kernels is 1.49732s
 INFO: Computing semblance for m0 = 3820
 INFO: Total execution time for kernels is 1.50683s
 INFO: Computing semblance for m0 = 3840
 INFO: Total execution time for kernels is 1.49585s
 INFO: Computing semblance for m0 = 3860
 INFO: Total execution time for kernels is 1.50783s
 INFO: Computing semblance for m0 = 3880
 INFO: Total execution time for kernels is 1.49964s
 INFO: Computing semblance for m0 = 3900
 INFO: Total execution time for kernels is 1.50193s
 INFO: Computing semblance for m0 = 3920
 INFO: Total execution time for kernels is 1.49838s
 INFO: Computing semblance for m0 = 3940
 INFO: Total execution time for kernels is 1.50468s
 INFO: Computing semblance for m0 = 3960
 INFO: Total execution time for kernels is 1.49784s
 INFO: Computing semblance for m0 = 3980
 INFO: Total execution time for kernels is 1.50261s
 INFO: Computing semblance for m0 = 4000
 INFO: Total execution time for kernels is 1.49196s
 INFO: Computing semblance for m0 = 4020
 INFO: Total execution time for kernels is 1.49092s
 INFO: Computing semblance for m0 = 4040
 INFO: Total execution time for kernels is 1.49209s
 INFO: Computing semblance for m0 = 4060
 INFO: Total execution time for kernels is 1.49957s
 INFO: Computing semblance for m0 = 4080
 INFO: Total execution time for kernels is 1.5025s
 INFO: Computing semblance for m0 = 4100
 INFO: Total execution time for kernels is 1.50104s
 INFO: Computing semblance for m0 = 4120
 INFO: Total execution time for kernels is 1.49966s
 INFO: Computing semblance for m0 = 4140
 INFO: Total execution time for kernels is 1.49843s
 INFO: Computing semblance for m0 = 4160
 INFO: Total execution time for kernels is 1.49269s
 INFO: Computing semblance for m0 = 4180
 INFO: Total execution time for kernels is 1.49489s
 INFO: Computing semblance for m0 = 4200
 INFO: Total execution time for kernels is 1.49617s
 INFO: Computing semblance for m0 = 4220
 INFO: Total execution time for kernels is 1.50525s
 INFO: Computing semblance for m0 = 4240
 INFO: Total execution time for kernels is 1.50495s
 INFO: Computing semblance for m0 = 4260
 INFO: Total execution time for kernels is 1.51489s
 INFO: Computing semblance for m0 = 4280
 INFO: Total execution time for kernels is 1.5089s
 INFO: Computing semblance for m0 = 4300
 INFO: Total execution time for kernels is 1.5107s
 INFO: Computing semblance for m0 = 4320
 INFO: Total execution time for kernels is 1.49894s
 INFO: Computing semblance for m0 = 4340
 INFO: Total execution time for kernels is 1.50217s
 INFO: Computing semblance for m0 = 4360
 INFO: Total execution time for kernels is 1.50878s
 INFO: Computing semblance for m0 = 4380
 INFO: Total execution time for kernels is 1.5101s
 INFO: Computing semblance for m0 = 4400
 INFO: Total execution time for kernels is 1.50983s
 INFO: Computing semblance for m0 = 4420
 INFO: Total execution time for kernels is 1.51797s
 INFO: Computing semblance for m0 = 4440
 INFO: Total execution time for kernels is 1.50511s
 INFO: Computing semblance for m0 = 4460
 INFO: Total execution time for kernels is 1.51343s
 INFO: Computing semblance for m0 = 4480
 INFO: Total execution time for kernels is 1.51001s
 INFO: Computing semblance for m0 = 4500
 INFO: Total execution time for kernels is 1.50773s
 INFO: Computing semblance for m0 = 4520
 INFO: Total execution time for kernels is 1.50649s
 INFO: Computing semblance for m0 = 4540
 INFO: Total execution time for kernels is 1.50744s
 INFO: Computing semblance for m0 = 4560
 INFO: Total execution time for kernels is 1.50646s
 INFO: Computing semblance for m0 = 4580
 INFO: Total execution time for kernels is 1.50673s
 INFO: Computing semblance for m0 = 4600
 INFO: Total execution time for kernels is 1.50234s
 INFO: Computing semblance for m0 = 4620
 INFO: Total execution time for kernels is 1.50134s
 INFO: Computing semblance for m0 = 4640
 INFO: Total execution time for kernels is 1.49653s
 INFO: Computing semblance for m0 = 4660
 INFO: Total execution time for kernels is 1.49482s
 INFO: Computing semblance for m0 = 4680
 INFO: Total execution time for kernels is 1.48784s
 INFO: Computing semblance for m0 = 4700
 INFO: Total execution time for kernels is 1.49867s
 INFO: Computing semblance for m0 = 4720
 INFO: Total execution time for kernels is 1.49686s
 INFO: Computing semblance for m0 = 4740
 INFO: Total execution time for kernels is 1.50075s
 INFO: Computing semblance for m0 = 4760
 INFO: Total execution time for kernels is 1.50634s
 INFO: Computing semblance for m0 = 4780
 INFO: Total execution time for kernels is 1.51016s
 INFO: Computing semblance for m0 = 4800
 INFO: Total execution time for kernels is 1.50115s
 INFO: Computing semblance for m0 = 4820
 INFO: Total execution time for kernels is 1.50869s
 INFO: Computing semblance for m0 = 4840
 INFO: Total execution time for kernels is 1.50969s
 INFO: Computing semblance for m0 = 4860
 INFO: Total execution time for kernels is 1.5187s
 INFO: Computing semblance for m0 = 4880
 INFO: Total execution time for kernels is 1.51357s
 INFO: Computing semblance for m0 = 4900
 INFO: Total execution time for kernels is 1.52466s
 INFO: Computing semblance for m0 = 4920
 INFO: Total execution time for kernels is 1.52293s
 INFO: Computing semblance for m0 = 4940
 INFO: Total execution time for kernels is 1.52506s
 INFO: Computing semblance for m0 = 4960
 INFO: Total execution time for kernels is 1.52072s
 INFO: Computing semblance for m0 = 4980
 INFO: Total execution time for kernels is 1.52704s
 INFO: Computing semblance for m0 = 5000
 INFO: Total execution time for kernels is 1.5304s
 INFO: Computing semblance for m0 = 5020
 INFO: Total execution time for kernels is 1.51585s
 INFO: Computing semblance for m0 = 5040
 INFO: Total execution time for kernels is 1.51986s
 INFO: Computing semblance for m0 = 5060
 INFO: Total execution time for kernels is 1.51736s
 INFO: Computing semblance for m0 = 5080
 INFO: Total execution time for kernels is 1.5179s
 INFO: Computing semblance for m0 = 5100
 INFO: Total execution time for kernels is 1.51221s
 INFO: Computing semblance for m0 = 5120
 INFO: Total execution time for kernels is 1.51102s
 INFO: Computing semblance for m0 = 5140
 INFO: Total execution time for kernels is 1.52317s
 INFO: Computing semblance for m0 = 5160
 INFO: Total execution time for kernels is 1.52098s
 INFO: Computing semblance for m0 = 5180
 INFO: Total execution time for kernels is 1.52539s
 INFO: Computing semblance for m0 = 5200
 INFO: Total execution time for kernels is 1.52597s
 INFO: Computing semblance for m0 = 5220
 INFO: Total execution time for kernels is 1.52585s
 INFO: Computing semblance for m0 = 5240
 INFO: Total execution time for kernels is 1.52092s
 INFO: Computing semblance for m0 = 5260
 INFO: Total execution time for kernels is 1.5292s
 INFO: Computing semblance for m0 = 5280
 INFO: Total execution time for kernels is 1.5165s
 INFO: Computing semblance for m0 = 5300
 INFO: Total execution time for kernels is 1.52117s
 INFO: Computing semblance for m0 = 5320
 INFO: Total execution time for kernels is 1.52273s
 INFO: Computing semblance for m0 = 5340
 INFO: Total execution time for kernels is 1.51795s
 INFO: Computing semblance for m0 = 5360
 INFO: Total execution time for kernels is 1.51771s
 INFO: Computing semblance for m0 = 5380
 INFO: Total execution time for kernels is 1.5231s
 INFO: Computing semblance for m0 = 5400
 INFO: Total execution time for kernels is 1.51509s
 INFO: Computing semblance for m0 = 5420
 INFO: Total execution time for kernels is 1.52298s
 INFO: Computing semblance for m0 = 5440
 INFO: Total execution time for kernels is 1.51451s
 INFO: Computing semblance for m0 = 5460
 INFO: Total execution time for kernels is 1.51338s
 INFO: Computing semblance for m0 = 5480
 INFO: Total execution time for kernels is 1.50781s
 INFO: Computing semblance for m0 = 5500
 INFO: Total execution time for kernels is 1.50405s
 INFO: Computing semblance for m0 = 5520
 INFO: Total execution time for kernels is 1.49951s
 INFO: Computing semblance for m0 = 5540
 INFO: Total execution time for kernels is 1.508s
 INFO: Computing semblance for m0 = 5560
 INFO: Total execution time for kernels is 1.51034s
 INFO: Computing semblance for m0 = 5580
 INFO: Total execution time for kernels is 1.50826s
 INFO: Computing semblance for m0 = 5600
 INFO: Total execution time for kernels is 1.5189s
 INFO: Computing semblance for m0 = 5620
 INFO: Total execution time for kernels is 1.51803s
 INFO: Computing semblance for m0 = 5640
 INFO: Total execution time for kernels is 1.5125s
 INFO: Computing semblance for m0 = 5660
 INFO: Total execution time for kernels is 1.5157s
 INFO: Computing semblance for m0 = 5680
 INFO: Total execution time for kernels is 1.50921s
 INFO: Computing semblance for m0 = 5700
 INFO: Total execution time for kernels is 1.52499s
 INFO: Computing semblance for m0 = 5720
 INFO: Total execution time for kernels is 1.52151s
 INFO: Computing semblance for m0 = 5740
 INFO: Total execution time for kernels is 1.53017s
 INFO: Computing semblance for m0 = 5760
 INFO: Total execution time for kernels is 1.525s
 INFO: Computing semblance for m0 = 5780
 INFO: Total execution time for kernels is 1.53071s
 INFO: Computing semblance for m0 = 5800
 INFO: Total execution time for kernels is 1.52422s
 INFO: Computing semblance for m0 = 5820
 INFO: Total execution time for kernels is 1.53235s
 INFO: Computing semblance for m0 = 5840
 INFO: Total execution time for kernels is 1.53681s
 INFO: Computing semblance for m0 = 5860
 INFO: Total execution time for kernels is 1.52872s
 INFO: Computing semblance for m0 = 5880
 INFO: Total execution time for kernels is 1.51952s
 INFO: Computing semblance for m0 = 5900
 INFO: Total execution time for kernels is 1.52915s
 INFO: Computing semblance for m0 = 5920
 INFO: Total execution time for kernels is 1.51805s
 INFO: Computing semblance for m0 = 5940
 INFO: Total execution time for kernels is 1.52129s
 INFO: Computing semblance for m0 = 5960
 INFO: Total execution time for kernels is 1.51498s
 INFO: Computing semblance for m0 = 5980
 INFO: Total execution time for kernels is 1.51049s
 INFO: Computing semblance for m0 = 6000
 INFO: Total execution time for kernels is 1.5018s
 INFO: Computing semblance for m0 = 6020
 INFO: Total execution time for kernels is 1.51439s
 INFO: Computing semblance for m0 = 6040
 INFO: Total execution time for kernels is 1.51065s
 INFO: Computing semblance for m0 = 6060
 INFO: Total execution time for kernels is 1.51975s
 INFO: Computing semblance for m0 = 6080
 INFO: Total execution time for kernels is 1.50697s
 INFO: Computing semblance for m0 = 6100
 INFO: Total execution time for kernels is 1.51063s
 INFO: Computing semblance for m0 = 6120
 INFO: Total execution time for kernels is 1.50974s
 INFO: Computing semblance for m0 = 6140
 INFO: Total execution time for kernels is 1.51334s
 INFO: Computing semblance for m0 = 6160
 INFO: Total execution time for kernels is 1.50467s
 INFO: Computing semblance for m0 = 6180
 INFO: Total execution time for kernels is 1.51437s
 INFO: Computing semblance for m0 = 6200
 INFO: Total execution time for kernels is 1.51536s
 INFO: Computing semblance for m0 = 6220
 INFO: Total execution time for kernels is 1.52836s
 INFO: Computing semblance for m0 = 6240
 INFO: Total execution time for kernels is 1.52198s
 INFO: Computing semblance for m0 = 6260
 INFO: Total execution time for kernels is 1.52823s
 INFO: Computing semblance for m0 = 6280
 INFO: Total execution time for kernels is 1.51926s
 INFO: Computing semblance for m0 = 6300
 INFO: Total execution time for kernels is 1.51836s
 INFO: Computing semblance for m0 = 6320
 INFO: Total execution time for kernels is 1.51734s
 INFO: Computing semblance for m0 = 6340
 INFO: Total execution time for kernels is 1.52345s
 INFO: Computing semblance for m0 = 6360
 INFO: Total execution time for kernels is 1.51836s
 INFO: Computing semblance for m0 = 6380
 INFO: Total execution time for kernels is 1.52474s
 INFO: Computing semblance for m0 = 6400
 INFO: Total execution time for kernels is 1.52124s
 INFO: Computing semblance for m0 = 6420
 INFO: Total execution time for kernels is 1.522s
 INFO: Computing semblance for m0 = 6440
 INFO: Total execution time for kernels is 1.52495s
 INFO: Computing semblance for m0 = 6460
 INFO: Total execution time for kernels is 1.52906s
 INFO: Computing semblance for m0 = 6480
 INFO: Total execution time for kernels is 1.52438s
 INFO: Computing semblance for m0 = 6500
 INFO: Total execution time for kernels is 1.52711s
 INFO: Computing semblance for m0 = 6520
 INFO: Total execution time for kernels is 1.52771s
 INFO: Computing semblance for m0 = 6540
 INFO: Total execution time for kernels is 1.53135s
 INFO: Computing semblance for m0 = 6560
 INFO: Total execution time for kernels is 1.52555s
 INFO: Computing semblance for m0 = 6580
 INFO: Total execution time for kernels is 1.52747s
 INFO: Computing semblance for m0 = 6600
 INFO: Total execution time for kernels is 1.52353s
 INFO: Computing semblance for m0 = 6620
 INFO: Total execution time for kernels is 1.5264s
 INFO: Computing semblance for m0 = 6640
 INFO: Total execution time for kernels is 1.52144s
 INFO: Computing semblance for m0 = 6660
 INFO: Total execution time for kernels is 1.53776s
 INFO: Computing semblance for m0 = 6680
 INFO: Total execution time for kernels is 1.52508s
 INFO: Computing semblance for m0 = 6700
 INFO: Total execution time for kernels is 1.52611s
 INFO: Computing semblance for m0 = 6720
 INFO: Total execution time for kernels is 1.5245s
 INFO: Computing semblance for m0 = 6740
 INFO: Total execution time for kernels is 1.5221s
 INFO: Computing semblance for m0 = 6760
 INFO: Total execution time for kernels is 1.52058s
 INFO: Computing semblance for m0 = 6780
 INFO: Total execution time for kernels is 1.51839s
 INFO: Computing semblance for m0 = 6800
 INFO: Total execution time for kernels is 1.51312s
 INFO: Computing semblance for m0 = 6820
 INFO: Total execution time for kernels is 1.51748s
 INFO: Computing semblance for m0 = 6840
 INFO: Total execution time for kernels is 1.51373s
 INFO: Computing semblance for m0 = 6860
 INFO: Total execution time for kernels is 1.52111s
 INFO: Computing semblance for m0 = 6880
 INFO: Total execution time for kernels is 1.52587s
 INFO: Computing semblance for m0 = 6900
 INFO: Total execution time for kernels is 1.52823s
 INFO: Computing semblance for m0 = 6920
 INFO: Total execution time for kernels is 1.52682s
 INFO: Computing semblance for m0 = 6940
 INFO: Total execution time for kernels is 1.52657s
 INFO: Computing semblance for m0 = 6960
 INFO: Total execution time for kernels is 1.52232s
 INFO: Computing semblance for m0 = 6980
 INFO: Total execution time for kernels is 1.52362s
 INFO: Computing semblance for m0 = 7000
 INFO: Total execution time for kernels is 1.52783s
 INFO: Computing semblance for m0 = 7020
 INFO: Total execution time for kernels is 1.53789s
 INFO: Computing semblance for m0 = 7040
 INFO: Total execution time for kernels is 1.52364s
 INFO: Computing semblance for m0 = 7060
 INFO: Total execution time for kernels is 1.53501s
 INFO: Computing semblance for m0 = 7080
 INFO: Total execution time for kernels is 1.53603s
 INFO: Computing semblance for m0 = 7100
 INFO: Total execution time for kernels is 1.53602s
 INFO: Computing semblance for m0 = 7120
 INFO: Total execution time for kernels is 1.52707s
 INFO: Computing semblance for m0 = 7140
 INFO: Total execution time for kernels is 1.53478s
 INFO: Computing semblance for m0 = 7160
 INFO: Total execution time for kernels is 1.52851s
 INFO: Computing semblance for m0 = 7180
 INFO: Total execution time for kernels is 1.54419s
 INFO: Computing semblance for m0 = 7200
 INFO: Total execution time for kernels is 1.53869s
 INFO: Computing semblance for m0 = 7220
 INFO: Total execution time for kernels is 1.54238s
 INFO: Computing semblance for m0 = 7240
 INFO: Total execution time for kernels is 1.5391s
 INFO: Computing semblance for m0 = 7260
 INFO: Total execution time for kernels is 1.54312s
 INFO: Computing semblance for m0 = 7280
 INFO: Total execution time for kernels is 1.53697s
 INFO: Computing semblance for m0 = 7300
 INFO: Total execution time for kernels is 1.53776s
 INFO: Computing semblance for m0 = 7320
 INFO: Total execution time for kernels is 1.53042s
 INFO: Computing semblance for m0 = 7340
 INFO: Total execution time for kernels is 1.54044s
 INFO: Computing semblance for m0 = 7360
 INFO: Total execution time for kernels is 1.52555s
 INFO: Computing semblance for m0 = 7380
 INFO: Total execution time for kernels is 1.53143s
 INFO: Computing semblance for m0 = 7400
 INFO: Total execution time for kernels is 1.53348s
 INFO: Computing semblance for m0 = 7420
 INFO: Total execution time for kernels is 1.53435s
 INFO: Computing semblance for m0 = 7440
 INFO: Total execution time for kernels is 1.53787s
 INFO: Computing semblance for m0 = 7460
 INFO: Total execution time for kernels is 1.53998s
 INFO: Computing semblance for m0 = 7480
 INFO: Total execution time for kernels is 1.53222s
 INFO: Computing semblance for m0 = 7500
 INFO: Total execution time for kernels is 1.55788s
 INFO: Computing semblance for m0 = 7520
 INFO: Total execution time for kernels is 1.53091s
 INFO: Computing semblance for m0 = 7540
 INFO: Total execution time for kernels is 1.53467s
 INFO: Computing semblance for m0 = 7560
 INFO: Total execution time for kernels is 1.52847s
 INFO: Computing semblance for m0 = 7580
 INFO: Total execution time for kernels is 1.53432s
 INFO: Computing semblance for m0 = 7600
 INFO: Total execution time for kernels is 1.53325s
 INFO: Computing semblance for m0 = 7620
 INFO: Total execution time for kernels is 1.53982s
 INFO: Computing semblance for m0 = 7640
 INFO: Total execution time for kernels is 1.52418s
 INFO: Computing semblance for m0 = 7660
 INFO: Total execution time for kernels is 1.53229s
 INFO: Computing semblance for m0 = 7680
 INFO: Total execution time for kernels is 1.51656s
 INFO: Computing semblance for m0 = 7700
 INFO: Total execution time for kernels is 1.52725s
 INFO: Computing semblance for m0 = 7720
 INFO: Total execution time for kernels is 1.51755s
 INFO: Computing semblance for m0 = 7740
 INFO: Total execution time for kernels is 1.52463s
 INFO: Computing semblance for m0 = 7760
 INFO: Total execution time for kernels is 1.52967s
 INFO: Computing semblance for m0 = 7780
 INFO: Total execution time for kernels is 1.52943s
 INFO: Computing semblance for m0 = 7800
 INFO: Total execution time for kernels is 1.52138s
 INFO: Computing semblance for m0 = 7820
 INFO: Total execution time for kernels is 1.5249s
 INFO: Computing semblance for m0 = 7840
 INFO: Total execution time for kernels is 1.52034s
 INFO: Computing semblance for m0 = 7860
 INFO: Total execution time for kernels is 1.52581s
 INFO: Computing semblance for m0 = 7880
 INFO: Total execution time for kernels is 1.52331s
 INFO: Computing semblance for m0 = 7900
 INFO: Total execution time for kernels is 1.53199s
 INFO: Computing semblance for m0 = 7920
 INFO: Total execution time for kernels is 1.51833s
 INFO: Computing semblance for m0 = 7940
 INFO: Total execution time for kernels is 1.52242s
 INFO: Computing semblance for m0 = 7960
 INFO: Total execution time for kernels is 1.51681s
 INFO: Computing semblance for m0 = 7980
 INFO: Total execution time for kernels is 1.52587s
 INFO: Computing semblance for m0 = 8000
 INFO: Total execution time for kernels is 1.52591s
 INFO: Computing semblance for m0 = 8020
 INFO: Total execution time for kernels is 1.52495s
 INFO: Computing semblance for m0 = 8040
 INFO: Total execution time for kernels is 1.5226s
 INFO: Computing semblance for m0 = 8060
 INFO: Total execution time for kernels is 1.53093s
 INFO: Computing semblance for m0 = 8080
 INFO: Total execution time for kernels is 1.52024s
 INFO: Computing semblance for m0 = 8100
 INFO: Total execution time for kernels is 1.53058s
 INFO: Computing semblance for m0 = 8120
 INFO: Total execution time for kernels is 1.51491s
 INFO: Computing semblance for m0 = 8140
 INFO: Total execution time for kernels is 1.52548s
 INFO: Computing semblance for m0 = 8160
 INFO: Total execution time for kernels is 1.531s
 INFO: Computing semblance for m0 = 8180
 INFO: Total execution time for kernels is 1.51876s
 INFO: Computing semblance for m0 = 8200
 INFO: Total execution time for kernels is 1.52082s
 INFO: Computing semblance for m0 = 8220
 INFO: Total execution time for kernels is 1.52075s
 INFO: Computing semblance for m0 = 8240
 INFO: Total execution time for kernels is 1.51887s
 INFO: Computing semblance for m0 = 8260
 INFO: Total execution time for kernels is 1.52131s
 INFO: Computing semblance for m0 = 8280
 INFO: Total execution time for kernels is 1.51773s
 INFO: Computing semblance for m0 = 8300
 INFO: Total execution time for kernels is 1.51725s
 INFO: Computing semblance for m0 = 8320
 INFO: Total execution time for kernels is 1.52648s
 INFO: Computing semblance for m0 = 8340
 INFO: Total execution time for kernels is 1.5157s
 INFO: Computing semblance for m0 = 8360
 INFO: Total execution time for kernels is 1.50842s
 INFO: Computing semblance for m0 = 8380
 INFO: Total execution time for kernels is 1.51067s
 INFO: Computing semblance for m0 = 8400
 INFO: Total execution time for kernels is 1.50317s
 INFO: Computing semblance for m0 = 8420
 INFO: Total execution time for kernels is 1.49618s
 INFO: Computing semblance for m0 = 8440
 INFO: Total execution time for kernels is 1.49518s
 INFO: Computing semblance for m0 = 8460
 INFO: Total execution time for kernels is 1.49522s
 INFO: Computing semblance for m0 = 8480
 INFO: Total execution time for kernels is 1.48533s
 INFO: Computing semblance for m0 = 8500
 INFO: Total execution time for kernels is 1.47999s
 INFO: Computing semblance for m0 = 8520
 INFO: Total execution time for kernels is 1.48122s
 INFO: Computing semblance for m0 = 8540
 INFO: Total execution time for kernels is 1.4858s
 INFO: Computing semblance for m0 = 8560
 INFO: Total execution time for kernels is 1.4726s
 INFO: Computing semblance for m0 = 8580
 INFO: Total execution time for kernels is 1.47377s
 INFO: Computing semblance for m0 = 8600
 INFO: Total execution time for kernels is 1.46902s
 INFO: Computing semblance for m0 = 8620
 INFO: Total execution time for kernels is 1.46746s
 INFO: Computing semblance for m0 = 8640
 INFO: Total execution time for kernels is 1.4583s
 INFO: Computing semblance for m0 = 8660
 INFO: Total execution time for kernels is 1.45778s
 INFO: Computing semblance for m0 = 8680
 INFO: Total execution time for kernels is 1.43875s
 INFO: Computing semblance for m0 = 8700
 INFO: Total execution time for kernels is 1.43136s
 INFO: Computing semblance for m0 = 8720
 INFO: Total execution time for kernels is 1.42794s
 INFO: Computing semblance for m0 = 8740
 INFO: Total execution time for kernels is 1.42082s
 INFO: Computing semblance for m0 = 8760
 INFO: Total execution time for kernels is 1.4036s
 INFO: Computing semblance for m0 = 8780
 INFO: Total execution time for kernels is 1.40294s
 INFO: Computing semblance for m0 = 8800
 INFO: Total execution time for kernels is 1.38749s
 INFO: Computing semblance for m0 = 8820
 INFO: Total execution time for kernels is 1.37575s
 INFO: Computing semblance for m0 = 8840
 INFO: Total execution time for kernels is 1.37121s
 INFO: Computing semblance for m0 = 8860
 INFO: Total execution time for kernels is 1.361s
 INFO: Computing semblance for m0 = 8880
 INFO: Total execution time for kernels is 1.35126s
 INFO: Computing semblance for m0 = 8900
 INFO: Total execution time for kernels is 1.33812s
 INFO: Computing semblance for m0 = 8920
 INFO: Total execution time for kernels is 1.32427s
 INFO: Computing semblance for m0 = 8940
 INFO: Total execution time for kernels is 1.31394s
 INFO: Computing semblance for m0 = 8960
 INFO: Total execution time for kernels is 1.29984s
 INFO: Computing semblance for m0 = 8980
 INFO: Total execution time for kernels is 1.28283s
 INFO: Computing semblance for m0 = 9000
 INFO: Total execution time for kernels is 1.26322s
 INFO: Computing semblance for m0 = 9020
 INFO: Total execution time for kernels is 1.2398s
 INFO: Computing semblance for m0 = 9040
 INFO: Total execution time for kernels is 1.22073s
 INFO: Computing semblance for m0 = 9060
 INFO: Total execution time for kernels is 1.20056s
 INFO: Computing semblance for m0 = 9080
 INFO: Total execution time for kernels is 1.17505s
 INFO: Computing semblance for m0 = 9100
 INFO: Total execution time for kernels is 1.16071s
 INFO: Computing semblance for m0 = 9120
 INFO: Total execution time for kernels is 1.13592s
 INFO: Computing semblance for m0 = 9140
 INFO: Total execution time for kernels is 1.11055s
 INFO: Computing semblance for m0 = 9160
 INFO: Total execution time for kernels is 1.08086s
 INFO: Computing semblance for m0 = 9180
 INFO: Total execution time for kernels is 1.05939s
 INFO: Computing semblance for m0 = 9200
 INFO: Total execution time for kernels is 1.03145s
 INFO: Computing semblance for m0 = 9220
 INFO: Total execution time for kernels is 1.00605s
 INFO: Computing semblance for m0 = 9240
 INFO: Total execution time for kernels is 0.976474s
 INFO: Computing semblance for m0 = 9260
 INFO: Total execution time for kernels is 0.954498s
 INFO: Computing semblance for m0 = 9280
 INFO: Total execution time for kernels is 0.927084s
 INFO: Computing semblance for m0 = 9300
 INFO: Total execution time for kernels is 0.895875s
 INFO: Computing semblance for m0 = 9320
 INFO: Total execution time for kernels is 0.86491s
 INFO: Computing semblance for m0 = 9340
 INFO: Total execution time for kernels is 0.834113s
 INFO: Computing semblance for m0 = 9360
 INFO: Total execution time for kernels is 0.803668s
 INFO: Computing semblance for m0 = 9380
 INFO: Total execution time for kernels is 0.772582s
 INFO: Computing semblance for m0 = 9400
 INFO: Total execution time for kernels is 0.739761s
 INFO: Computing semblance for m0 = 9420
 INFO: Total execution time for kernels is 0.710982s
 INFO: Computing semblance for m0 = 9440
 INFO: Total execution time for kernels is 0.678564s
 INFO: Computing semblance for m0 = 9460
 INFO: Total execution time for kernels is 0.648749s
 INFO: Computing semblance for m0 = 9480
 INFO: Total execution time for kernels is 0.616363s
 INFO: Computing semblance for m0 = 9500
 INFO: Total execution time for kernels is 0.588318s
 INFO: Computing semblance for m0 = 9520
 INFO: Total execution time for kernels is 0.55083s
 INFO: Computing semblance for m0 = 9540
 INFO: Total execution time for kernels is 0.521309s
 INFO: Computing semblance for m0 = 9560
 INFO: Total execution time for kernels is 0.49403s
 INFO: Computing semblance for m0 = 9580
 INFO: Total execution time for kernels is 0.461726s
 INFO: Computing semblance for m0 = 9600
 INFO: Total execution time for kernels is 0.435766s
 INFO: Computing semblance for m0 = 9620
 INFO: Total execution time for kernels is 0.407534s
 INFO: Computing semblance for m0 = 9640
 INFO: Total execution time for kernels is 0.375148s
 INFO: Computing semblance for m0 = 9660
 INFO: Total execution time for kernels is 0.347185s
 INFO: Computing semblance for m0 = 9680
 INFO: Total execution time for kernels is 0.318829s
 INFO: Computing semblance for m0 = 9700
 INFO: Total execution time for kernels is 0.294991s
 INFO: Computing semblance for m0 = 9720
 INFO: Total execution time for kernels is 0.267901s
 INFO: Computing semblance for m0 = 9740
 INFO: Total execution time for kernels is 0.243617s
 INFO: Computing semblance for m0 = 9760
 INFO: Total execution time for kernels is 0.218439s
 INFO: Computing semblance for m0 = 9780
 INFO: Total execution time for kernels is 0.199855s
 INFO: Computing semblance for m0 = 9800
 INFO: Total execution time for kernels is 0.17537s
 INFO: Computing semblance for m0 = 9820
 INFO: Total execution time for kernels is 0.15784s
 INFO: Computing semblance for m0 = 9840
 INFO: Total execution time for kernels is 0.136057s
 INFO: Computing semblance for m0 = 9860
 INFO: Total execution time for kernels is 0.120274s
 INFO: Computing semblance for m0 = 9880
 INFO: Total execution time for kernels is 0.101997s
 INFO: Computing semblance for m0 = 9900
 INFO: Total execution time for kernels is 0.0900834s
 INFO: Computing semblance for m0 = 9920
 INFO: Total execution time for kernels is 0.0764481s
 INFO: Computing semblance for m0 = 9940
 INFO: Total execution time for kernels is 0.0695795s
 INFO: Average of efficiency is 0.237898
 INFO: Average of interpolations_per_sec is 1.12634e+10
 INFO: Average of selected_traces is 1264.16
 INFO: Average of total_selection_kernel_exec_time is 0.0718653
 INFO: Average of total_kernel_exec_time is 1.33034
 INFO: Driver init. duration is 0.0521179 s
 INFO: Read gather duration is 0.110598 s
 INFO: Parse args. duration is 0.000207878 s
 INFO: Worker threads duration is 628.133 s
 INFO: Dump results duration is 0.445593 s
 INFO: Thread/block is 64
 INFO: Results written to /home/ubuntu/nfs/out/55766d4e2_master_p2.xlarge/oct/de/cuda/simple-synthetic_2/simple-synthetic_de_oct_20210307_2344/
 INFO: It took 628.751s to compute.
