2020-12-30 17:41:20,355 - Thread-1 - WARNING - Error loading the list of task managers from the file ./nodes.txt
2020-12-30 17:41:20,356 - NetworkListener - INFO - Listening to network at 0.0.0.0:7726...
2020-12-30 17:41:20,356 - Thread-1 - WARNING - Error loading the list of task managers from the file ./nodes.txt
2020-12-30 17:41:20,356 - MainThread - INFO - Running module...
2020-12-30 17:41:20,356 - MainThread - INFO - Starting job manager JobManager-4560 for job 1...
2020-12-30 17:41:21,143 - Thread-2 - INFO - Job manager running...
2020-12-30 17:41:21,144 - MainThread - INFO - Starting committer for job 1...
2020-12-30 17:41:21,144 - Thread-2 - WARNING - Error loading the list of task managers from the file ./nodes.txt
2020-12-30 17:41:21,144 - Thread-2 - WARNING - Error loading the list of task managers from the file ./nodes.txt
2020-12-30 17:41:21,172 - Thread-3 - INFO - Committer running...
2020-12-30 17:41:21,173 - Thread-3 - WARNING - Error loading the list of task managers from the file ./nodes.txt
2020-12-30 17:41:21,173 - Thread-3 - WARNING - Error loading the list of task managers from the file ./nodes.txt
2020-12-30 17:41:23,147 - Thread-2 - WARNING - Error loading the list of task managers from the file ./nodes.txt
2020-12-30 17:41:23,175 - Thread-3 - WARNING - Error loading the list of task managers from the file ./nodes.txt
2020-12-30 17:41:25,149 - Thread-2 - WARNING - Error loading the list of task managers from the file ./nodes.txt
2020-12-30 17:41:25,178 - Thread-3 - WARNING - Error loading the list of task managers from the file ./nodes.txt
2020-12-30 17:41:27,151 - Thread-2 - WARNING - Error loading the list of task managers from the file ./nodes.txt
2020-12-30 17:41:27,180 - Thread-3 - WARNING - Error loading the list of task managers from the file ./nodes.txt
2020-12-30 17:41:29,154 - Thread-2 - WARNING - Error loading the list of task managers from the file ./nodes.txt
2020-12-30 17:41:29,182 - Thread-3 - WARNING - Error loading the list of task managers from the file ./nodes.txt
2020-12-30 17:41:30,365 - Thread-1 - WARNING - Error loading the list of task managers from the file ./nodes.txt
2020-12-30 17:41:31,156 - Thread-2 - WARNING - Error loading the list of task managers from the file ./nodes.txt
2020-12-30 17:41:31,185 - Thread-3 - WARNING - Error loading the list of task managers from the file ./nodes.txt
2020-12-30 17:41:33,159 - Thread-2 - WARNING - Error loading the list of task managers from the file ./nodes.txt
2020-12-30 17:41:33,187 - Thread-3 - WARNING - Error loading the list of task managers from the file ./nodes.txt
2020-12-30 17:41:35,161 - Thread-2 - WARNING - Error loading the list of task managers from the file ./nodes.txt
2020-12-30 17:41:35,190 - Thread-3 - WARNING - Error loading the list of task managers from the file ./nodes.txt
2020-12-30 17:41:37,164 - Thread-2 - WARNING - Error loading the list of task managers from the file ./nodes.txt
2020-12-30 17:41:37,192 - Thread-3 - WARNING - Error loading the list of task managers from the file ./nodes.txt
2020-12-30 17:41:39,166 - Thread-2 - WARNING - Error loading the list of task managers from the file ./nodes.txt
2020-12-30 17:41:39,195 - Thread-3 - WARNING - Error loading the list of task managers from the file ./nodes.txt
2020-12-30 17:41:40,197 - Thread-1 - WARNING - Error loading the list of task managers from the file ./nodes.txt
2020-12-30 17:41:41,168 - Thread-2 - WARNING - Error loading the list of task managers from the file ./nodes.txt
2020-12-30 17:41:41,197 - Thread-3 - WARNING - Error loading the list of task managers from the file ./nodes.txt
2020-12-30 17:41:43,171 - Thread-2 - WARNING - Error loading the list of task managers from the file ./nodes.txt
2020-12-30 17:41:43,223 - Thread-3 - WARNING - Error loading the list of task managers from the file ./nodes.txt
2020-12-30 17:41:45,173 - Thread-2 - WARNING - Error loading the list of task managers from the file ./nodes.txt
2020-12-30 17:41:45,225 - Thread-3 - WARNING - Error loading the list of task managers from the file ./nodes.txt
2020-12-30 17:41:47,176 - Thread-2 - WARNING - Error loading the list of task managers from the file ./nodes.txt
2020-12-30 17:41:47,228 - Thread-3 - WARNING - Error loading the list of task managers from the file ./nodes.txt
2020-12-30 17:41:49,178 - Thread-2 - WARNING - Error loading the list of task managers from the file ./nodes.txt
2020-12-30 17:41:49,230 - Thread-3 - WARNING - Error loading the list of task managers from the file ./nodes.txt
2020-12-30 17:41:50,203 - Thread-1 - WARNING - Error loading the list of task managers from the file ./nodes.txt
2020-12-30 17:41:51,181 - Thread-2 - WARNING - Error loading the list of task managers from the file ./nodes.txt
2020-12-30 17:41:51,233 - Thread-3 - WARNING - Error loading the list of task managers from the file ./nodes.txt
2020-12-30 17:41:53,183 - Thread-2 - WARNING - Error loading the list of task managers from the file ./nodes.txt
2020-12-30 17:41:53,235 - Thread-3 - WARNING - Error loading the list of task managers from the file ./nodes.txt
2020-12-30 17:41:55,185 - Thread-2 - WARNING - Error loading the list of task managers from the file ./nodes.txt
2020-12-30 17:41:55,238 - Thread-3 - WARNING - Error loading the list of task managers from the file ./nodes.txt
2020-12-30 17:41:57,188 - Thread-2 - WARNING - Error loading the list of task managers from the file ./nodes.txt
2020-12-30 17:41:57,240 - Thread-3 - WARNING - Error loading the list of task managers from the file ./nodes.txt
2020-12-30 17:41:59,190 - Thread-2 - WARNING - Error loading the list of task managers from the file ./nodes.txt
2020-12-30 17:41:59,243 - Thread-3 - WARNING - Error loading the list of task managers from the file ./nodes.txt
2020-12-30 17:42:00,208 - Thread-1 - WARNING - Error loading the list of task managers from the file ./nodes.txt
2020-12-30 17:42:01,193 - Thread-2 - WARNING - Error loading the list of task managers from the file ./nodes.txt
2020-12-30 17:42:01,245 - Thread-3 - WARNING - Error loading the list of task managers from the file ./nodes.txt
2020-12-30 17:42:03,195 - Thread-2 - WARNING - Error loading the list of task managers from the file ./nodes.txt
2020-12-30 17:42:03,247 - Thread-3 - WARNING - Error loading the list of task managers from the file ./nodes.txt
2020-12-30 17:42:05,198 - Thread-2 - WARNING - Error loading the list of task managers from the file ./nodes.txt
2020-12-30 17:42:05,250 - Thread-3 - WARNING - Error loading the list of task managers from the file ./nodes.txt
2020-12-30 17:42:07,200 - Thread-2 - WARNING - Error loading the list of task managers from the file ./nodes.txt
2020-12-30 17:42:07,252 - Thread-3 - WARNING - Error loading the list of task managers from the file ./nodes.txt
2020-12-30 17:42:09,203 - Thread-2 - WARNING - Error loading the list of task managers from the file ./nodes.txt
2020-12-30 17:42:09,255 - Thread-3 - WARNING - Error loading the list of task managers from the file ./nodes.txt
2020-12-30 17:42:10,214 - Thread-1 - WARNING - Error loading the list of task managers from the file ./nodes.txt
2020-12-30 17:42:11,205 - Thread-2 - WARNING - Error loading the list of task managers from the file ./nodes.txt
2020-12-30 17:42:11,257 - Thread-3 - WARNING - Error loading the list of task managers from the file ./nodes.txt
2020-12-30 17:42:13,207 - Thread-2 - WARNING - Error loading the list of task managers from the file ./nodes.txt
2020-12-30 17:42:13,260 - Thread-3 - WARNING - Error loading the list of task managers from the file ./nodes.txt
2020-12-30 17:42:15,210 - Thread-2 - WARNING - Error loading the list of task managers from the file ./nodes.txt
2020-12-30 17:42:15,262 - Thread-3 - WARNING - Error loading the list of task managers from the file ./nodes.txt
2020-12-30 17:42:17,249 - Thread-2 - WARNING - Error loading the list of task managers from the file ./nodes.txt
2020-12-30 17:42:17,286 - Thread-3 - WARNING - Error loading the list of task managers from the file ./nodes.txt
2020-12-30 17:42:19,291 - Thread-2 - WARNING - Error loading the list of task managers from the file ./nodes.txt
2020-12-30 17:42:19,343 - Thread-3 - WARNING - Error loading the list of task managers from the file ./nodes.txt
2020-12-30 17:42:20,220 - Thread-1 - WARNING - Error loading the list of task managers from the file ./nodes.txt
2020-12-30 17:42:21,327 - Thread-2 - WARNING - Error loading the list of task managers from the file ./nodes.txt
2020-12-30 17:42:21,398 - Thread-3 - WARNING - Error loading the list of task managers from the file ./nodes.txt
2020-12-30 17:42:23,362 - Thread-2 - WARNING - Error loading the list of task managers from the file ./nodes.txt
2020-12-30 17:42:23,453 - Thread-3 - WARNING - Error loading the list of task managers from the file ./nodes.txt
2020-12-30 17:42:25,397 - Thread-2 - WARNING - Error loading the list of task managers from the file ./nodes.txt
2020-12-30 17:42:25,508 - Thread-3 - WARNING - Error loading the list of task managers from the file ./nodes.txt
2020-12-30 17:42:27,432 - Thread-2 - WARNING - Error loading the list of task managers from the file ./nodes.txt
2020-12-30 17:42:27,562 - Thread-3 - WARNING - Error loading the list of task managers from the file ./nodes.txt
2020-12-30 17:42:29,467 - Thread-2 - WARNING - Error loading the list of task managers from the file ./nodes.txt
2020-12-30 17:42:29,616 - Thread-3 - WARNING - Error loading the list of task managers from the file ./nodes.txt
2020-12-30 17:42:30,176 - Thread-1 - WARNING - Error loading the list of task managers from the file ./nodes.txt
2020-12-30 17:42:31,502 - Thread-2 - WARNING - Error loading the list of task managers from the file ./nodes.txt
2020-12-30 17:42:31,671 - Thread-3 - WARNING - Error loading the list of task managers from the file ./nodes.txt
2020-12-30 17:42:33,538 - Thread-2 - WARNING - Error loading the list of task managers from the file ./nodes.txt
2020-12-30 17:42:33,726 - Thread-3 - WARNING - Error loading the list of task managers from the file ./nodes.txt
2020-12-30 17:42:35,573 - Thread-2 - WARNING - Error loading the list of task managers from the file ./nodes.txt
2020-12-30 17:42:35,780 - Thread-3 - WARNING - Error loading the list of task managers from the file ./nodes.txt
2020-12-30 17:42:37,609 - Thread-2 - WARNING - Error loading the list of task managers from the file ./nodes.txt
2020-12-30 17:42:37,836 - Thread-3 - WARNING - Error loading the list of task managers from the file ./nodes.txt
2020-12-30 17:42:39,643 - Thread-2 - WARNING - Error loading the list of task managers from the file ./nodes.txt
2020-12-30 17:42:39,892 - Thread-3 - WARNING - Error loading the list of task managers from the file ./nodes.txt
2020-12-30 17:42:40,062 - Thread-1 - WARNING - Error loading the list of task managers from the file ./nodes.txt
2020-12-30 17:42:41,678 - Thread-2 - WARNING - Error loading the list of task managers from the file ./nodes.txt
2020-12-30 17:42:41,947 - Thread-3 - WARNING - Error loading the list of task managers from the file ./nodes.txt
2020-12-30 17:42:43,712 - Thread-2 - WARNING - Error loading the list of task managers from the file ./nodes.txt
2020-12-30 17:42:44,005 - Thread-3 - WARNING - Error loading the list of task managers from the file ./nodes.txt
2020-12-30 17:42:45,746 - Thread-2 - WARNING - Error loading the list of task managers from the file ./nodes.txt
2020-12-30 17:42:46,067 - Thread-3 - WARNING - Error loading the list of task managers from the file ./nodes.txt
2020-12-30 17:42:47,782 - Thread-2 - WARNING - Error loading the list of task managers from the file ./nodes.txt
2020-12-30 17:42:48,140 - Thread-3 - WARNING - Error loading the list of task managers from the file ./nodes.txt
2020-12-30 17:42:49,818 - Thread-2 - WARNING - Error loading the list of task managers from the file ./nodes.txt
2020-12-30 17:42:49,949 - Thread-1 - WARNING - Error loading the list of task managers from the file ./nodes.txt
2020-12-30 17:42:50,199 - Thread-3 - WARNING - Error loading the list of task managers from the file ./nodes.txt
2020-12-30 17:42:51,854 - Thread-2 - WARNING - Error loading the list of task managers from the file ./nodes.txt
2020-12-30 17:42:52,255 - Thread-3 - WARNING - Error loading the list of task managers from the file ./nodes.txt
2020-12-30 17:42:53,889 - Thread-2 - WARNING - Error loading the list of task managers from the file ./nodes.txt
2020-12-30 17:42:54,316 - Thread-3 - WARNING - Error loading the list of task managers from the file ./nodes.txt
2020-12-30 17:42:55,925 - Thread-2 - WARNING - Error loading the list of task managers from the file ./nodes.txt
2020-12-30 17:42:56,370 - Thread-3 - WARNING - Error loading the list of task managers from the file ./nodes.txt
2020-12-30 17:42:57,960 - Thread-2 - WARNING - Error loading the list of task managers from the file ./nodes.txt
2020-12-30 17:42:58,425 - Thread-3 - WARNING - Error loading the list of task managers from the file ./nodes.txt
2020-12-30 17:42:59,838 - Thread-1 - WARNING - Error loading the list of task managers from the file ./nodes.txt
2020-12-30 17:42:59,996 - Thread-2 - WARNING - Error loading the list of task managers from the file ./nodes.txt
2020-12-30 17:43:00,481 - Thread-3 - WARNING - Error loading the list of task managers from the file ./nodes.txt
2020-12-30 17:43:02,039 - Thread-2 - WARNING - Error loading the list of task managers from the file ./nodes.txt
2020-12-30 17:43:02,536 - Thread-3 - WARNING - Error loading the list of task managers from the file ./nodes.txt
2020-12-30 17:43:04,080 - Thread-2 - WARNING - Error loading the list of task managers from the file ./nodes.txt
2020-12-30 17:43:04,593 - Thread-3 - WARNING - Error loading the list of task managers from the file ./nodes.txt
2020-12-30 17:43:06,118 - Thread-2 - WARNING - Error loading the list of task managers from the file ./nodes.txt
2020-12-30 17:43:06,650 - Thread-3 - WARNING - Error loading the list of task managers from the file ./nodes.txt
2020-12-30 17:43:08,155 - Thread-2 - WARNING - Error loading the list of task managers from the file ./nodes.txt
2020-12-30 17:43:08,708 - Thread-3 - WARNING - Error loading the list of task managers from the file ./nodes.txt
2020-12-30 17:43:09,728 - Thread-1 - WARNING - Error loading the list of task managers from the file ./nodes.txt
2020-12-30 17:43:10,194 - Thread-2 - WARNING - Error loading the list of task managers from the file ./nodes.txt
2020-12-30 17:43:10,765 - Thread-3 - WARNING - Error loading the list of task managers from the file ./nodes.txt
2020-12-30 17:43:12,233 - Thread-2 - WARNING - Error loading the list of task managers from the file ./nodes.txt
2020-12-30 17:43:12,822 - Thread-3 - WARNING - Error loading the list of task managers from the file ./nodes.txt
2020-12-30 17:43:14,269 - Thread-2 - WARNING - Error loading the list of task managers from the file ./nodes.txt
2020-12-30 17:43:14,878 - Thread-3 - WARNING - Error loading the list of task managers from the file ./nodes.txt
2020-12-30 17:43:16,304 - Thread-2 - WARNING - Error loading the list of task managers from the file ./nodes.txt
2020-12-30 17:43:16,933 - Thread-3 - WARNING - Error loading the list of task managers from the file ./nodes.txt
2020-12-30 17:43:18,340 - Thread-2 - WARNING - Error loading the list of task managers from the file ./nodes.txt
2020-12-30 17:43:18,988 - Thread-3 - WARNING - Error loading the list of task managers from the file ./nodes.txt
2020-12-30 17:43:19,612 - Thread-1 - WARNING - Error loading the list of task managers from the file ./nodes.txt
2020-12-30 17:43:20,375 - Thread-2 - WARNING - Error loading the list of task managers from the file ./nodes.txt
2020-12-30 17:43:21,044 - Thread-3 - WARNING - Error loading the list of task managers from the file ./nodes.txt
2020-12-30 17:43:22,410 - Thread-2 - WARNING - Error loading the list of task managers from the file ./nodes.txt
2020-12-30 17:43:23,100 - Thread-3 - WARNING - Error loading the list of task managers from the file ./nodes.txt
2020-12-30 17:43:24,445 - Thread-2 - WARNING - Error loading the list of task managers from the file ./nodes.txt
2020-12-30 17:43:25,154 - Thread-3 - WARNING - Error loading the list of task managers from the file ./nodes.txt
2020-12-30 17:43:26,481 - Thread-2 - WARNING - Error loading the list of task managers from the file ./nodes.txt
2020-12-30 17:43:27,211 - Thread-3 - WARNING - Error loading the list of task managers from the file ./nodes.txt
2020-12-30 17:43:28,516 - Thread-2 - WARNING - Error loading the list of task managers from the file ./nodes.txt
2020-12-30 17:43:29,270 - Thread-3 - WARNING - Error loading the list of task managers from the file ./nodes.txt
2020-12-30 17:43:29,498 - Thread-1 - WARNING - Error loading the list of task managers from the file ./nodes.txt
2020-12-30 17:43:30,551 - Thread-2 - WARNING - Error loading the list of task managers from the file ./nodes.txt
2020-12-30 17:43:31,325 - Thread-3 - WARNING - Error loading the list of task managers from the file ./nodes.txt
2020-12-30 17:43:32,586 - Thread-2 - WARNING - Error loading the list of task managers from the file ./nodes.txt
2020-12-30 17:43:33,385 - Thread-3 - WARNING - Error loading the list of task managers from the file ./nodes.txt
2020-12-30 17:43:34,622 - Thread-2 - WARNING - Error loading the list of task managers from the file ./nodes.txt
2020-12-30 17:43:35,441 - Thread-3 - WARNING - Error loading the list of task managers from the file ./nodes.txt
2020-12-30 17:43:36,658 - Thread-2 - WARNING - Error loading the list of task managers from the file ./nodes.txt
2020-12-30 17:43:37,495 - Thread-3 - WARNING - Error loading the list of task managers from the file ./nodes.txt
2020-12-30 17:43:38,694 - Thread-2 - WARNING - Error loading the list of task managers from the file ./nodes.txt
2020-12-30 17:43:39,385 - Thread-1 - WARNING - Error loading the list of task managers from the file ./nodes.txt
2020-12-30 17:43:39,551 - Thread-3 - WARNING - Error loading the list of task managers from the file ./nodes.txt
2020-12-30 17:43:40,732 - Thread-2 - WARNING - Error loading the list of task managers from the file ./nodes.txt
2020-12-30 17:43:41,607 - Thread-3 - WARNING - Error loading the list of task managers from the file ./nodes.txt
2020-12-30 17:43:42,768 - Thread-2 - WARNING - Error loading the list of task managers from the file ./nodes.txt
2020-12-30 17:43:43,662 - Thread-3 - WARNING - Error loading the list of task managers from the file ./nodes.txt
2020-12-30 17:43:44,803 - Thread-2 - WARNING - Error loading the list of task managers from the file ./nodes.txt
2020-12-30 17:43:45,717 - Thread-3 - WARNING - Error loading the list of task managers from the file ./nodes.txt
2020-12-30 17:43:46,838 - Thread-2 - WARNING - Error loading the list of task managers from the file ./nodes.txt
2020-12-30 17:43:47,773 - Thread-3 - WARNING - Error loading the list of task managers from the file ./nodes.txt
2020-12-30 17:43:48,873 - Thread-2 - WARNING - Error loading the list of task managers from the file ./nodes.txt
2020-12-30 17:43:49,294 - Thread-1 - WARNING - Error loading the list of task managers from the file ./nodes.txt
2020-12-30 17:43:49,827 - Thread-3 - WARNING - Error loading the list of task managers from the file ./nodes.txt
2020-12-30 17:43:50,908 - Thread-2 - WARNING - Error loading the list of task managers from the file ./nodes.txt
2020-12-30 17:43:51,882 - Thread-3 - WARNING - Error loading the list of task managers from the file ./nodes.txt
2020-12-30 17:43:52,944 - Thread-2 - WARNING - Error loading the list of task managers from the file ./nodes.txt
2020-12-30 17:43:53,937 - Thread-3 - WARNING - Error loading the list of task managers from the file ./nodes.txt
2020-12-30 17:43:54,978 - Thread-2 - WARNING - Error loading the list of task managers from the file ./nodes.txt
2020-12-30 17:43:55,992 - Thread-3 - WARNING - Error loading the list of task managers from the file ./nodes.txt
2020-12-30 17:43:57,014 - Thread-2 - WARNING - Error loading the list of task managers from the file ./nodes.txt
2020-12-30 17:43:58,048 - Thread-3 - WARNING - Error loading the list of task managers from the file ./nodes.txt
2020-12-30 17:43:59,049 - Thread-2 - WARNING - Error loading the list of task managers from the file ./nodes.txt
2020-12-30 17:43:59,181 - Thread-1 - WARNING - Error loading the list of task managers from the file ./nodes.txt
2020-12-30 17:44:00,109 - Thread-3 - WARNING - Error loading the list of task managers from the file ./nodes.txt
2020-12-30 17:44:01,084 - Thread-2 - WARNING - Error loading the list of task managers from the file ./nodes.txt
2020-12-30 17:44:02,168 - Thread-3 - WARNING - Error loading the list of task managers from the file ./nodes.txt
2020-12-30 17:44:03,120 - Thread-2 - WARNING - Error loading the list of task managers from the file ./nodes.txt
2020-12-30 17:44:04,227 - Thread-3 - WARNING - Error loading the list of task managers from the file ./nodes.txt
2020-12-30 17:44:05,158 - Thread-2 - WARNING - Error loading the list of task managers from the file ./nodes.txt
2020-12-30 17:44:06,284 - Thread-3 - WARNING - Error loading the list of task managers from the file ./nodes.txt
2020-12-30 17:44:07,193 - Thread-2 - WARNING - Error loading the list of task managers from the file ./nodes.txt
2020-12-30 17:44:07,217 - Thread-2 - INFO - All tasks generated.
2020-12-30 17:44:08,341 - Thread-3 - WARNING - Error loading the list of task managers from the file ./nodes.txt
2020-12-30 17:44:08,375 - Thread-3 - INFO - All tasks committed.
2020-12-30 17:44:09,068 - Thread-1 - WARNING - Error loading the list of task managers from the file ./nodes.txt
2020-12-30 17:44:09,226 - Thread-2 - WARNING - Error loading the list of task managers from the file ./nodes.txt
2020-12-30 17:44:09,232 - MainThread - INFO - Committing Job...
2020-12-30 17:44:09,914 - MainThread - INFO - Killing task managers...
2020-12-30 17:44:09,914 - MainThread - WARNING - Error loading the list of task managers from the file ./nodes.txt
2020-12-30 17:44:18,967 - Thread-1 - WARNING - Error loading the list of task managers from the file ./nodes.txt
