 INFO: Number of CDPs = 445
 INFO: Number of traces in the gather = 9200
 INFO: Number of samples per trace = 2502
 INFO: Starting worker threads...
 INFO: Computing semblance for m0 = 0
 INFO: No trace has been selected for m0 = 0. Skipping.
 INFO: Computing semblance for m0 = 1080
 INFO: Computing semblance for m0 = 1100
 INFO: Computing semblance for m0 = 1120
 INFO: Computing semblance for m0 = 1140
 INFO: Computing semblance for m0 = 1160
 INFO: Computing semblance for m0 = 1180
 INFO: Computing semblance for m0 = 1200
 INFO: Total execution time for kernels is 2.0512e-05s
 INFO: Computing semblance for m0 = 1220
 INFO: Total execution time for kernels is 0.543929s
 INFO: Computing semblance for m0 = 1240
 INFO: Total execution time for kernels is 0.615968s
 INFO: Computing semblance for m0 = 1260
 INFO: Total execution time for kernels is 0.720106s
 INFO: Computing semblance for m0 = 1280
 INFO: Total execution time for kernels is 0.831013s
 INFO: Computing semblance for m0 = 1300
 INFO: Total execution time for kernels is 0.925755s
 INFO: Computing semblance for m0 = 1320
 INFO: Total execution time for kernels is 1.05572s
 INFO: Computing semblance for m0 = 1340
 INFO: Total execution time for kernels is 1.1595s
 INFO: Computing semblance for m0 = 1360
 INFO: Total execution time for kernels is 1.33495s
 INFO: Computing semblance for m0 = 1380
 INFO: Total execution time for kernels is 1.32622s
 INFO: Computing semblance for m0 = 1400
 INFO: Total execution time for kernels is 1.48895s
 INFO: Computing semblance for m0 = 1420
 INFO: Total execution time for kernels is 1.55649s
 INFO: Computing semblance for m0 = 1440
 INFO: Total execution time for kernels is 1.68799s
 INFO: Computing semblance for m0 = 1460
 INFO: Total execution time for kernels is 1.81207s
 INFO: Computing semblance for m0 = 1480
 INFO: Total execution time for kernels is 2.03495s
 INFO: Computing semblance for m0 = 1500
 INFO: Total execution time for kernels is 2.13958s
 INFO: Computing semblance for m0 = 1520
 INFO: Total execution time for kernels is 2.22849s
 INFO: Computing semblance for m0 = 1540
 INFO: Total execution time for kernels is 2.39557s
 INFO: Computing semblance for m0 = 1560
 INFO: Total execution time for kernels is 2.61627s
 INFO: Computing semblance for m0 = 1580
 INFO: Total execution time for kernels is 2.63566s
 INFO: Computing semblance for m0 = 1600
 INFO: Total execution time for kernels is 2.76987s
 INFO: Computing semblance for m0 = 1620
 INFO: Total execution time for kernels is 2.89354s
 INFO: Computing semblance for m0 = 1640
 INFO: Total execution time for kernels is 3.15806s
 INFO: Computing semblance for m0 = 1660
 INFO: Total execution time for kernels is 3.26074s
 INFO: Computing semblance for m0 = 1680
 INFO: Total execution time for kernels is 3.31392s
 INFO: Computing semblance for m0 = 1700
 INFO: Total execution time for kernels is 3.5086s
 INFO: Computing semblance for m0 = 1720
 INFO: Total execution time for kernels is 3.76541s
 INFO: Computing semblance for m0 = 1740
 INFO: Total execution time for kernels is 3.72973s
 INFO: Computing semblance for m0 = 1760
 INFO: Total execution time for kernels is 3.86288s
 INFO: Computing semblance for m0 = 1780
 INFO: Total execution time for kernels is 3.98477s
 INFO: Computing semblance for m0 = 1800
 INFO: Total execution time for kernels is 4.29487s
 INFO: Computing semblance for m0 = 1820
 INFO: Total execution time for kernels is 4.396s
 INFO: Computing semblance for m0 = 1840
 INFO: Total execution time for kernels is 4.40814s
 INFO: Computing semblance for m0 = 1860
 INFO: Total execution time for kernels is 4.64194s
 INFO: Computing semblance for m0 = 1880
 INFO: Total execution time for kernels is 4.92322s
 INFO: Computing semblance for m0 = 1900
 INFO: Total execution time for kernels is 4.8295s
 INFO: Computing semblance for m0 = 1920
 INFO: Total execution time for kernels is 4.95775s
 INFO: Computing semblance for m0 = 1940
 INFO: Total execution time for kernels is 5.08091s
 INFO: Computing semblance for m0 = 1960
 INFO: Total execution time for kernels is 5.44411s
 INFO: Computing semblance for m0 = 1980
 INFO: Total execution time for kernels is 5.52704s
 INFO: Computing semblance for m0 = 2000
 INFO: Total execution time for kernels is 5.48742s
 INFO: Computing semblance for m0 = 2020
 INFO: Total execution time for kernels is 5.73507s
 INFO: Computing semblance for m0 = 2040
 INFO: Total execution time for kernels is 5.81593s
 INFO: Computing semblance for m0 = 2060
 INFO: Total execution time for kernels is 6.02885s
 INFO: Computing semblance for m0 = 2080
 INFO: Total execution time for kernels is 5.88761s
 INFO: Computing semblance for m0 = 2100
 INFO: Total execution time for kernels is 5.9582s
 INFO: Computing semblance for m0 = 2120
 INFO: Total execution time for kernels is 6.29099s
 INFO: Computing semblance for m0 = 2140
 INFO: Total execution time for kernels is 6.27328s
 INFO: Computing semblance for m0 = 2160
 INFO: Total execution time for kernels is 6.14699s
 INFO: Computing semblance for m0 = 2180
 INFO: Total execution time for kernels is 6.3287s
 INFO: Computing semblance for m0 = 2200
 INFO: Total execution time for kernels is 6.24585s
 INFO: Computing semblance for m0 = 2220
 INFO: Total execution time for kernels is 6.63466s
 INFO: Computing semblance for m0 = 2240
 INFO: Total execution time for kernels is 6.26905s
 INFO: Computing semblance for m0 = 2260
 INFO: Total execution time for kernels is 6.26211s
 INFO: Computing semblance for m0 = 2280
 INFO: Total execution time for kernels is 6.56034s
 INFO: Computing semblance for m0 = 2300
 INFO: Total execution time for kernels is 6.46917s
 INFO: Computing semblance for m0 = 2320
 INFO: Total execution time for kernels is 6.26645s
 INFO: Computing semblance for m0 = 2340
 INFO: Total execution time for kernels is 6.42675s
 INFO: Computing semblance for m0 = 2360
 INFO: Total execution time for kernels is 6.28559s
 INFO: Computing semblance for m0 = 2380
 INFO: Total execution time for kernels is 6.27175s
 INFO: Computing semblance for m0 = 2400
 INFO: Total execution time for kernels is 6.68551s
 INFO: Computing semblance for m0 = 2420
 INFO: Total execution time for kernels is 6.26428s
 INFO: Computing semblance for m0 = 2440
 INFO: Total execution time for kernels is 6.56798s
 INFO: Computing semblance for m0 = 2460
 INFO: Total execution time for kernels is 6.2695s
 INFO: Computing semblance for m0 = 2480
 INFO: Total execution time for kernels is 6.51149s
 INFO: Computing semblance for m0 = 2500
 INFO: Total execution time for kernels is 6.42697s
 INFO: Computing semblance for m0 = 2520
 INFO: Total execution time for kernels is 6.28571s
 INFO: Computing semblance for m0 = 2540
 INFO: Total execution time for kernels is 6.27705s
 INFO: Computing semblance for m0 = 2560
 INFO: Total execution time for kernels is 6.68509s
 INFO: Computing semblance for m0 = 2580
 INFO: Total execution time for kernels is 6.26502s
 INFO: Computing semblance for m0 = 2600
 INFO: Total execution time for kernels is 6.27524s
 INFO: Computing semblance for m0 = 2620
 INFO: Total execution time for kernels is 6.57466s
 INFO: Computing semblance for m0 = 2640
 INFO: Total execution time for kernels is 6.55046s
 INFO: Computing semblance for m0 = 2660
 INFO: Total execution time for kernels is 6.4339s
 INFO: Computing semblance for m0 = 2680
 INFO: Total execution time for kernels is 6.28813s
 INFO: Computing semblance for m0 = 2700
 INFO: Total execution time for kernels is 6.27705s
 INFO: Computing semblance for m0 = 2720
 INFO: Total execution time for kernels is 6.269s
 INFO: Computing semblance for m0 = 2740
 INFO: Total execution time for kernels is 6.6814s
 INFO: Computing semblance for m0 = 2760
 INFO: Total execution time for kernels is 6.27592s
 INFO: Computing semblance for m0 = 2780
 INFO: Total execution time for kernels is 6.58115s
 INFO: Computing semblance for m0 = 2800
 INFO: Total execution time for kernels is 6.55044s
 INFO: Computing semblance for m0 = 2820
 INFO: Total execution time for kernels is 6.42684s
 INFO: Computing semblance for m0 = 2840
 INFO: Total execution time for kernels is 6.28726s
 INFO: Computing semblance for m0 = 2860
 INFO: Total execution time for kernels is 6.28057s
 INFO: Computing semblance for m0 = 2880
 INFO: Total execution time for kernels is 6.27258s
 INFO: Computing semblance for m0 = 2900
 INFO: Total execution time for kernels is 6.70159s
 INFO: Computing semblance for m0 = 2920
 INFO: Total execution time for kernels is 6.27794s
 INFO: Computing semblance for m0 = 2940
 INFO: Total execution time for kernels is 6.56704s
 INFO: Computing semblance for m0 = 2960
 INFO: Total execution time for kernels is 6.54463s
 INFO: Computing semblance for m0 = 2980
 INFO: Total execution time for kernels is 6.42289s
 INFO: Computing semblance for m0 = 3000
 INFO: Total execution time for kernels is 6.28863s
 INFO: Computing semblance for m0 = 3020
 INFO: Total execution time for kernels is 6.28171s
 INFO: Computing semblance for m0 = 3040
 INFO: Total execution time for kernels is 6.27494s
 INFO: Computing semblance for m0 = 3060
 INFO: Total execution time for kernels is 6.6928s
 INFO: Computing semblance for m0 = 3080
 INFO: Total execution time for kernels is 6.27863s
 INFO: Computing semblance for m0 = 3100
 INFO: Total execution time for kernels is 6.5681s
 INFO: Computing semblance for m0 = 3120
 INFO: Total execution time for kernels is 6.55189s
 INFO: Computing semblance for m0 = 3140
 INFO: Total execution time for kernels is 6.42562s
 INFO: Computing semblance for m0 = 3160
 INFO: Total execution time for kernels is 6.28934s
 INFO: Computing semblance for m0 = 3180
 INFO: Total execution time for kernels is 6.28431s
 INFO: Computing semblance for m0 = 3200
 INFO: Total execution time for kernels is 6.27387s
 INFO: Computing semblance for m0 = 3220
 INFO: Total execution time for kernels is 6.69188s
 INFO: Computing semblance for m0 = 3240
 INFO: Total execution time for kernels is 6.28025s
 INFO: Computing semblance for m0 = 3260
 INFO: Total execution time for kernels is 6.57098s
 INFO: Computing semblance for m0 = 3280
 INFO: Total execution time for kernels is 6.55449s
 INFO: Computing semblance for m0 = 3300
 INFO: Total execution time for kernels is 6.42808s
 INFO: Computing semblance for m0 = 3320
 INFO: Total execution time for kernels is 6.28985s
 INFO: Computing semblance for m0 = 3340
 INFO: Total execution time for kernels is 6.28456s
 INFO: Computing semblance for m0 = 3360
 INFO: Total execution time for kernels is 6.27939s
 INFO: Computing semblance for m0 = 3380
 INFO: Total execution time for kernels is 6.69769s
 INFO: Computing semblance for m0 = 3400
 INFO: Total execution time for kernels is 6.28122s
 INFO: Computing semblance for m0 = 3420
 INFO: Total execution time for kernels is 6.5742s
 INFO: Computing semblance for m0 = 3440
 INFO: Total execution time for kernels is 6.55629s
 INFO: Computing semblance for m0 = 3460
 INFO: Total execution time for kernels is 6.29261s
 INFO: Computing semblance for m0 = 3480
 INFO: Total execution time for kernels is 6.42621s
 INFO: Computing semblance for m0 = 3500
 INFO: Total execution time for kernels is 6.28579s
 INFO: Computing semblance for m0 = 3520
 INFO: Total execution time for kernels is 6.28345s
 INFO: Computing semblance for m0 = 3540
 INFO: Total execution time for kernels is 6.28299s
 INFO: Computing semblance for m0 = 3560
 INFO: Total execution time for kernels is 6.70366s
 INFO: Computing semblance for m0 = 3580
 INFO: Total execution time for kernels is 6.56885s
 INFO: Computing semblance for m0 = 3600
 INFO: Total execution time for kernels is 6.5605s
 INFO: Computing semblance for m0 = 3620
 INFO: Total execution time for kernels is 6.29074s
 INFO: Computing semblance for m0 = 3640
 INFO: Total execution time for kernels is 6.43921s
 INFO: Computing semblance for m0 = 3660
 INFO: Total execution time for kernels is 6.28577s
 INFO: Computing semblance for m0 = 3680
 INFO: Total execution time for kernels is 6.27791s
 INFO: Computing semblance for m0 = 3700
 INFO: Total execution time for kernels is 6.28416s
 INFO: Computing semblance for m0 = 3720
 INFO: Total execution time for kernels is 6.70193s
 INFO: Computing semblance for m0 = 3740
 INFO: Total execution time for kernels is 6.56981s
 INFO: Computing semblance for m0 = 3760
 INFO: Total execution time for kernels is 6.56553s
 INFO: Computing semblance for m0 = 3780
 INFO: Total execution time for kernels is 6.29006s
 INFO: Computing semblance for m0 = 3800
 INFO: Total execution time for kernels is 6.43265s
 INFO: Computing semblance for m0 = 3820
 INFO: Total execution time for kernels is 6.28698s
 INFO: Computing semblance for m0 = 3840
 INFO: Total execution time for kernels is 6.28382s
 INFO: Computing semblance for m0 = 3860
 INFO: Total execution time for kernels is 6.28557s
 INFO: Computing semblance for m0 = 3880
 INFO: Total execution time for kernels is 6.69467s
 INFO: Computing semblance for m0 = 3900
 INFO: Total execution time for kernels is 6.57114s
 INFO: Computing semblance for m0 = 3920
 INFO: Total execution time for kernels is 6.56127s
 INFO: Computing semblance for m0 = 3940
 INFO: Total execution time for kernels is 6.29145s
 INFO: Computing semblance for m0 = 3960
 INFO: Total execution time for kernels is 6.43782s
 INFO: Computing semblance for m0 = 3980
 INFO: Total execution time for kernels is 6.28805s
 INFO: Computing semblance for m0 = 4000
 INFO: Total execution time for kernels is 6.28935s
 INFO: Computing semblance for m0 = 4020
 INFO: Total execution time for kernels is 6.28744s
 INFO: Computing semblance for m0 = 4040
 INFO: Total execution time for kernels is 6.69928s
 INFO: Computing semblance for m0 = 4060
 INFO: Total execution time for kernels is 6.29214s
 INFO: Computing semblance for m0 = 4080
 INFO: Total execution time for kernels is 6.58374s
 INFO: Computing semblance for m0 = 4100
 INFO: Total execution time for kernels is 6.56463s
 INFO: Computing semblance for m0 = 4120
 INFO: Total execution time for kernels is 6.43425s
 INFO: Computing semblance for m0 = 4140
 INFO: Total execution time for kernels is 6.28903s
 INFO: Computing semblance for m0 = 4160
 INFO: Total execution time for kernels is 6.28275s
 INFO: Computing semblance for m0 = 4180
 INFO: Total execution time for kernels is 6.28719s
 INFO: Computing semblance for m0 = 4200
 INFO: Total execution time for kernels is 6.70108s
 INFO: Computing semblance for m0 = 4220
 INFO: Total execution time for kernels is 6.29233s
 INFO: Computing semblance for m0 = 4240
 INFO: Total execution time for kernels is 6.57212s
 INFO: Computing semblance for m0 = 4260
 INFO: Total execution time for kernels is 6.56996s
 INFO: Computing semblance for m0 = 4280
 INFO: Total execution time for kernels is 6.28912s
 INFO: Computing semblance for m0 = 4300
 INFO: Total execution time for kernels is 6.44606s
 INFO: Computing semblance for m0 = 4320
 INFO: Total execution time for kernels is 6.2806s
 INFO: Computing semblance for m0 = 4340
 INFO: Total execution time for kernels is 6.28768s
 INFO: Computing semblance for m0 = 4360
 INFO: Total execution time for kernels is 6.70012s
 INFO: Computing semblance for m0 = 4380
 INFO: Total execution time for kernels is 6.29171s
 INFO: Computing semblance for m0 = 4400
 INFO: Total execution time for kernels is 6.56887s
 INFO: Computing semblance for m0 = 4420
 INFO: Total execution time for kernels is 6.28958s
 INFO: Computing semblance for m0 = 4440
 INFO: Total execution time for kernels is 6.5652s
 INFO: Computing semblance for m0 = 4460
 INFO: Total execution time for kernels is 6.43091s
 INFO: Computing semblance for m0 = 4480
 INFO: Total execution time for kernels is 6.28007s
 INFO: Computing semblance for m0 = 4500
 INFO: Total execution time for kernels is 6.29219s
 INFO: Computing semblance for m0 = 4520
 INFO: Total execution time for kernels is 6.70135s
 INFO: Computing semblance for m0 = 4540
 INFO: Total execution time for kernels is 6.29343s
 INFO: Computing semblance for m0 = 4560
 INFO: Total execution time for kernels is 6.29048s
 INFO: Computing semblance for m0 = 4580
 INFO: Total execution time for kernels is 6.56824s
 INFO: Computing semblance for m0 = 4600
 INFO: Total execution time for kernels is 6.56573s
 INFO: Computing semblance for m0 = 4620
 INFO: Total execution time for kernels is 6.42832s
 INFO: Computing semblance for m0 = 4640
 INFO: Total execution time for kernels is 6.2806s
 INFO: Computing semblance for m0 = 4660
 INFO: Total execution time for kernels is 6.28981s
 INFO: Computing semblance for m0 = 4680
 INFO: Total execution time for kernels is 6.2922s
 INFO: Computing semblance for m0 = 4700
 INFO: Total execution time for kernels is 6.70198s
 INFO: Computing semblance for m0 = 4720
 INFO: Total execution time for kernels is 6.29581s
 INFO: Computing semblance for m0 = 4740
 INFO: Total execution time for kernels is 6.57212s
 INFO: Computing semblance for m0 = 4760
 INFO: Total execution time for kernels is 6.44029s
 INFO: Computing semblance for m0 = 4780
 INFO: Total execution time for kernels is 6.28145s
 INFO: Computing semblance for m0 = 4800
 INFO: Total execution time for kernels is 6.57028s
 INFO: Computing semblance for m0 = 4820
 INFO: Total execution time for kernels is 6.2893s
 INFO: Computing semblance for m0 = 4840
 INFO: Total execution time for kernels is 6.29288s
 INFO: Computing semblance for m0 = 4860
 INFO: Total execution time for kernels is 6.69759s
 INFO: Computing semblance for m0 = 4880
 INFO: Total execution time for kernels is 6.29117s
 INFO: Computing semblance for m0 = 4900
 INFO: Total execution time for kernels is 6.28235s
 INFO: Computing semblance for m0 = 4920
 INFO: Total execution time for kernels is 6.43045s
 INFO: Computing semblance for m0 = 4940
 INFO: Total execution time for kernels is 6.57255s
 INFO: Computing semblance for m0 = 4960
 INFO: Total execution time for kernels is 6.57246s
 INFO: Computing semblance for m0 = 4980
 INFO: Total execution time for kernels is 6.29038s
 INFO: Computing semblance for m0 = 5000
 INFO: Total execution time for kernels is 6.29229s
 INFO: Computing semblance for m0 = 5020
 INFO: Total execution time for kernels is 6.29357s
 INFO: Computing semblance for m0 = 5040
 INFO: Total execution time for kernels is 6.69903s
 INFO: Computing semblance for m0 = 5060
 INFO: Total execution time for kernels is 6.28306s
 INFO: Computing semblance for m0 = 5080
 INFO: Total execution time for kernels is 6.44243s
 INFO: Computing semblance for m0 = 5100
 INFO: Total execution time for kernels is 6.58201s
 INFO: Computing semblance for m0 = 5120
 INFO: Total execution time for kernels is 6.5874s
 INFO: Computing semblance for m0 = 5140
 INFO: Total execution time for kernels is 6.29002s
 INFO: Computing semblance for m0 = 5160
 INFO: Total execution time for kernels is 6.29202s
 INFO: Computing semblance for m0 = 5180
 INFO: Total execution time for kernels is 6.29495s
 INFO: Computing semblance for m0 = 5200
 INFO: Total execution time for kernels is 6.2823s
 INFO: Computing semblance for m0 = 5220
 INFO: Total execution time for kernels is 6.71024s
 INFO: Computing semblance for m0 = 5240
 INFO: Total execution time for kernels is 6.42914s
 INFO: Computing semblance for m0 = 5260
 INFO: Total execution time for kernels is 6.57476s
 INFO: Computing semblance for m0 = 5280
 INFO: Total execution time for kernels is 6.59178s
 INFO: Computing semblance for m0 = 5300
 INFO: Total execution time for kernels is 6.29042s
 INFO: Computing semblance for m0 = 5320
 INFO: Total execution time for kernels is 6.29242s
 INFO: Computing semblance for m0 = 5340
 INFO: Total execution time for kernels is 6.29285s
 INFO: Computing semblance for m0 = 5360
 INFO: Total execution time for kernels is 6.28207s
 INFO: Computing semblance for m0 = 5380
 INFO: Total execution time for kernels is 6.4291s
 INFO: Computing semblance for m0 = 5400
 INFO: Total execution time for kernels is 6.70072s
 INFO: Computing semblance for m0 = 5420
 INFO: Total execution time for kernels is 6.57926s
 INFO: Computing semblance for m0 = 5440
 INFO: Total execution time for kernels is 6.59017s
 INFO: Computing semblance for m0 = 5460
 INFO: Total execution time for kernels is 6.29046s
 INFO: Computing semblance for m0 = 5480
 INFO: Total execution time for kernels is 6.29283s
 INFO: Computing semblance for m0 = 5500
 INFO: Total execution time for kernels is 6.29301s
 INFO: Computing semblance for m0 = 5520
 INFO: Total execution time for kernels is 6.28758s
 INFO: Computing semblance for m0 = 5540
 INFO: Total execution time for kernels is 6.44238s
 INFO: Computing semblance for m0 = 5560
 INFO: Total execution time for kernels is 6.70202s
 INFO: Computing semblance for m0 = 5580
 INFO: Total execution time for kernels is 6.57278s
 INFO: Computing semblance for m0 = 5600
 INFO: Total execution time for kernels is 6.59045s
 INFO: Computing semblance for m0 = 5620
 INFO: Total execution time for kernels is 6.29193s
 INFO: Computing semblance for m0 = 5640
 INFO: Total execution time for kernels is 6.29226s
 INFO: Computing semblance for m0 = 5660
 INFO: Total execution time for kernels is 6.29314s
 INFO: Computing semblance for m0 = 5680
 INFO: Total execution time for kernels is 6.29494s
 INFO: Computing semblance for m0 = 5700
 INFO: Total execution time for kernels is 6.44614s
 INFO: Computing semblance for m0 = 5720
 INFO: Total execution time for kernels is 6.7031s
 INFO: Computing semblance for m0 = 5740
 INFO: Total execution time for kernels is 6.57436s
 INFO: Computing semblance for m0 = 5760
 INFO: Total execution time for kernels is 6.59264s
 INFO: Computing semblance for m0 = 5780
 INFO: Total execution time for kernels is 6.29181s
 INFO: Computing semblance for m0 = 5800
 INFO: Total execution time for kernels is 6.29236s
 INFO: Computing semblance for m0 = 5820
 INFO: Total execution time for kernels is 6.29358s
 INFO: Computing semblance for m0 = 5840
 INFO: Total execution time for kernels is 6.29258s
 INFO: Computing semblance for m0 = 5860
 INFO: Total execution time for kernels is 6.44386s
 INFO: Computing semblance for m0 = 5880
 INFO: Total execution time for kernels is 6.70459s
 INFO: Computing semblance for m0 = 5900
 INFO: Total execution time for kernels is 6.57232s
 INFO: Computing semblance for m0 = 5920
 INFO: Total execution time for kernels is 6.59818s
 INFO: Computing semblance for m0 = 5940
 INFO: Total execution time for kernels is 6.29419s
 INFO: Computing semblance for m0 = 5960
 INFO: Total execution time for kernels is 6.29221s
 INFO: Computing semblance for m0 = 5980
 INFO: Total execution time for kernels is 6.29337s
 INFO: Computing semblance for m0 = 6000
 INFO: Total execution time for kernels is 6.29645s
 INFO: Computing semblance for m0 = 6020
 INFO: Total execution time for kernels is 6.42719s
 INFO: Computing semblance for m0 = 6040
 INFO: Total execution time for kernels is 6.57538s
 INFO: Computing semblance for m0 = 6060
 INFO: Total execution time for kernels is 6.69707s
 INFO: Computing semblance for m0 = 6080
 INFO: Total execution time for kernels is 6.59652s
 INFO: Computing semblance for m0 = 6100
 INFO: Total execution time for kernels is 6.29117s
 INFO: Computing semblance for m0 = 6120
 INFO: Total execution time for kernels is 6.29443s
 INFO: Computing semblance for m0 = 6140
 INFO: Total execution time for kernels is 6.29378s
 INFO: Computing semblance for m0 = 6160
 INFO: Total execution time for kernels is 6.29668s
 INFO: Computing semblance for m0 = 6180
 INFO: Total execution time for kernels is 6.42978s
 INFO: Computing semblance for m0 = 6200
 INFO: Total execution time for kernels is 6.56781s
 INFO: Computing semblance for m0 = 6220
 INFO: Total execution time for kernels is 6.29216s
 INFO: Computing semblance for m0 = 6240
 INFO: Total execution time for kernels is 6.70296s
 INFO: Computing semblance for m0 = 6260
 INFO: Total execution time for kernels is 6.59422s
 INFO: Computing semblance for m0 = 6280
 INFO: Total execution time for kernels is 6.29335s
 INFO: Computing semblance for m0 = 6300
 INFO: Total execution time for kernels is 6.29329s
 INFO: Computing semblance for m0 = 6320
 INFO: Total execution time for kernels is 6.29478s
 INFO: Computing semblance for m0 = 6340
 INFO: Total execution time for kernels is 6.42974s
 INFO: Computing semblance for m0 = 6360
 INFO: Total execution time for kernels is 6.29183s
 INFO: Computing semblance for m0 = 6380
 INFO: Total execution time for kernels is 6.58592s
 INFO: Computing semblance for m0 = 6400
 INFO: Total execution time for kernels is 6.59291s
 INFO: Computing semblance for m0 = 6420
 INFO: Total execution time for kernels is 6.70835s
 INFO: Computing semblance for m0 = 6440
 INFO: Total execution time for kernels is 6.29378s
 INFO: Computing semblance for m0 = 6460
 INFO: Total execution time for kernels is 6.29372s
 INFO: Computing semblance for m0 = 6480
 INFO: Total execution time for kernels is 6.28966s
 INFO: Computing semblance for m0 = 6500
 INFO: Total execution time for kernels is 6.43109s
 INFO: Computing semblance for m0 = 6520
 INFO: Total execution time for kernels is 6.29097s
 INFO: Computing semblance for m0 = 6540
 INFO: Total execution time for kernels is 6.57457s
 INFO: Computing semblance for m0 = 6560
 INFO: Total execution time for kernels is 6.57885s
 INFO: Computing semblance for m0 = 6580
 INFO: Total execution time for kernels is 6.70338s
 INFO: Computing semblance for m0 = 6600
 INFO: Total execution time for kernels is 6.29432s
 INFO: Computing semblance for m0 = 6620
 INFO: Total execution time for kernels is 6.29386s
 INFO: Computing semblance for m0 = 6640
 INFO: Total execution time for kernels is 6.28817s
 INFO: Computing semblance for m0 = 6660
 INFO: Total execution time for kernels is 6.42994s
 INFO: Computing semblance for m0 = 6680
 INFO: Total execution time for kernels is 6.2911s
 INFO: Computing semblance for m0 = 6700
 INFO: Total execution time for kernels is 6.58825s
 INFO: Computing semblance for m0 = 6720
 INFO: Total execution time for kernels is 6.57824s
 INFO: Computing semblance for m0 = 6740
 INFO: Total execution time for kernels is 6.70286s
 INFO: Computing semblance for m0 = 6760
 INFO: Total execution time for kernels is 6.29326s
 INFO: Computing semblance for m0 = 6780
 INFO: Total execution time for kernels is 6.29395s
 INFO: Computing semblance for m0 = 6800
 INFO: Total execution time for kernels is 6.30316s
 INFO: Computing semblance for m0 = 6820
 INFO: Total execution time for kernels is 6.43073s
 INFO: Computing semblance for m0 = 6840
 INFO: Total execution time for kernels is 6.29185s
 INFO: Computing semblance for m0 = 6860
 INFO: Total execution time for kernels is 6.57455s
 INFO: Computing semblance for m0 = 6880
 INFO: Total execution time for kernels is 6.57834s
 INFO: Computing semblance for m0 = 6900
 INFO: Total execution time for kernels is 6.70642s
 INFO: Computing semblance for m0 = 6920
 INFO: Total execution time for kernels is 6.29313s
 INFO: Computing semblance for m0 = 6940
 INFO: Total execution time for kernels is 6.29379s
 INFO: Computing semblance for m0 = 6960
 INFO: Total execution time for kernels is 6.2917s
 INFO: Computing semblance for m0 = 6980
 INFO: Total execution time for kernels is 6.44537s
 INFO: Computing semblance for m0 = 7000
 INFO: Total execution time for kernels is 6.29243s
 INFO: Computing semblance for m0 = 7020
 INFO: Total execution time for kernels is 6.57893s
 INFO: Computing semblance for m0 = 7040
 INFO: Total execution time for kernels is 6.58699s
 INFO: Computing semblance for m0 = 7060
 INFO: Total execution time for kernels is 6.70276s
 INFO: Computing semblance for m0 = 7080
 INFO: Total execution time for kernels is 6.29298s
 INFO: Computing semblance for m0 = 7100
 INFO: Total execution time for kernels is 6.29415s
 INFO: Computing semblance for m0 = 7120
 INFO: Total execution time for kernels is 6.29702s
 INFO: Computing semblance for m0 = 7140
 INFO: Total execution time for kernels is 6.4326s
 INFO: Computing semblance for m0 = 7160
 INFO: Total execution time for kernels is 6.29196s
 INFO: Computing semblance for m0 = 7180
 INFO: Total execution time for kernels is 6.57559s
 INFO: Computing semblance for m0 = 7200
 INFO: Total execution time for kernels is 6.59075s
 INFO: Computing semblance for m0 = 7220
 INFO: Total execution time for kernels is 6.70476s
 INFO: Computing semblance for m0 = 7240
 INFO: Total execution time for kernels is 6.29283s
 INFO: Computing semblance for m0 = 7260
 INFO: Total execution time for kernels is 6.29368s
 INFO: Computing semblance for m0 = 7280
 INFO: Total execution time for kernels is 6.28829s
 INFO: Computing semblance for m0 = 7300
 INFO: Total execution time for kernels is 6.44257s
 INFO: Computing semblance for m0 = 7320
 INFO: Total execution time for kernels is 6.29249s
 INFO: Computing semblance for m0 = 7340
 INFO: Total execution time for kernels is 6.57719s
 INFO: Computing semblance for m0 = 7360
 INFO: Total execution time for kernels is 6.60023s
 INFO: Computing semblance for m0 = 7380
 INFO: Total execution time for kernels is 6.2936s
 INFO: Computing semblance for m0 = 7400
 INFO: Total execution time for kernels is 6.7033s
 INFO: Computing semblance for m0 = 7420
 INFO: Total execution time for kernels is 6.29391s
 INFO: Computing semblance for m0 = 7440
 INFO: Total execution time for kernels is 6.29195s
 INFO: Computing semblance for m0 = 7460
 INFO: Total execution time for kernels is 6.43213s
 INFO: Computing semblance for m0 = 7480
 INFO: Total execution time for kernels is 6.29322s
 INFO: Computing semblance for m0 = 7500
 INFO: Total execution time for kernels is 6.57545s
 INFO: Computing semblance for m0 = 7520
 INFO: Total execution time for kernels is 6.59891s
 INFO: Computing semblance for m0 = 7540
 INFO: Total execution time for kernels is 6.29745s
 INFO: Computing semblance for m0 = 7560
 INFO: Total execution time for kernels is 6.29391s
 INFO: Computing semblance for m0 = 7580
 INFO: Total execution time for kernels is 6.70624s
 INFO: Computing semblance for m0 = 7600
 INFO: Total execution time for kernels is 6.29166s
 INFO: Computing semblance for m0 = 7620
 INFO: Total execution time for kernels is 6.29277s
 INFO: Computing semblance for m0 = 7640
 INFO: Total execution time for kernels is 6.44148s
 INFO: Computing semblance for m0 = 7660
 INFO: Total execution time for kernels is 6.57626s
 INFO: Computing semblance for m0 = 7680
 INFO: Total execution time for kernels is 6.2947s
 INFO: Computing semblance for m0 = 7700
 INFO: Total execution time for kernels is 6.60214s
 INFO: Computing semblance for m0 = 7720
 INFO: Total execution time for kernels is 6.29329s
 INFO: Computing semblance for m0 = 7740
 INFO: Total execution time for kernels is 6.70268s
 INFO: Computing semblance for m0 = 7760
 INFO: Total execution time for kernels is 6.28354s
 INFO: Computing semblance for m0 = 7780
 INFO: Total execution time for kernels is 6.29273s
 INFO: Computing semblance for m0 = 7800
 INFO: Total execution time for kernels is 6.4468s
 INFO: Computing semblance for m0 = 7820
 INFO: Total execution time for kernels is 6.2934s
 INFO: Computing semblance for m0 = 7840
 INFO: Total execution time for kernels is 6.57672s
 INFO: Computing semblance for m0 = 7860
 INFO: Total execution time for kernels is 6.60629s
 INFO: Computing semblance for m0 = 7880
 INFO: Total execution time for kernels is 6.2933s
 INFO: Computing semblance for m0 = 7900
 INFO: Total execution time for kernels is 6.28998s
 INFO: Computing semblance for m0 = 7920
 INFO: Total execution time for kernels is 6.70365s
 INFO: Computing semblance for m0 = 7940
 INFO: Total execution time for kernels is 6.29302s
 INFO: Computing semblance for m0 = 7960
 INFO: Total execution time for kernels is 6.4517s
 INFO: Computing semblance for m0 = 7980
 INFO: Total execution time for kernels is 6.2938s
 INFO: Computing semblance for m0 = 8000
 INFO: Total execution time for kernels is 6.58424s
 INFO: Computing semblance for m0 = 8020
 INFO: Total execution time for kernels is 6.29397s
 INFO: Computing semblance for m0 = 8040
 INFO: Total execution time for kernels is 6.60728s
 INFO: Computing semblance for m0 = 8060
 INFO: Total execution time for kernels is 6.30276s
 INFO: Computing semblance for m0 = 8080
 INFO: Total execution time for kernels is 6.71198s
 INFO: Computing semblance for m0 = 8100
 INFO: Total execution time for kernels is 6.29301s
 INFO: Computing semblance for m0 = 8120
 INFO: Total execution time for kernels is 6.4529s
 INFO: Computing semblance for m0 = 8140
 INFO: Total execution time for kernels is 6.29359s
 INFO: Computing semblance for m0 = 8160
 INFO: Total execution time for kernels is 6.57783s
 INFO: Total execution time for kernels is 6.29457s
 INFO: Computing semblance for m0 = 8180
 INFO: Computing semblance for m0 = 8200
 INFO: Total execution time for kernels is 6.60758s
 INFO: Computing semblance for m0 = 8220
 INFO: Total execution time for kernels is 6.28918s
 INFO: Computing semblance for m0 = 8240
 INFO: Total execution time for kernels is 6.70253s
 INFO: Computing semblance for m0 = 8260
 INFO: Total execution time for kernels is 6.29251s
 INFO: Computing semblance for m0 = 8280
 INFO: Total execution time for kernels is 6.45114s
 INFO: Computing semblance for m0 = 8300
 INFO: Total execution time for kernels is 6.29338s
 INFO: Computing semblance for m0 = 8320
 INFO: Total execution time for kernels is 6.29505s
 INFO: Computing semblance for m0 = 8340
 INFO: Total execution time for kernels is 6.5753s
 INFO: Computing semblance for m0 = 8360
 INFO: Total execution time for kernels is 6.29196s
 INFO: Computing semblance for m0 = 8380
 INFO: Total execution time for kernels is 6.60546s
 INFO: Computing semblance for m0 = 8400
 INFO: Total execution time for kernels is 6.70145s
 INFO: Computing semblance for m0 = 8420
 INFO: Total execution time for kernels is 6.29251s
 INFO: Computing semblance for m0 = 8440
 INFO: Total execution time for kernels is 6.44877s
 INFO: Computing semblance for m0 = 8460
 INFO: Total execution time for kernels is 6.29347s
 INFO: Computing semblance for m0 = 8480
 INFO: Total execution time for kernels is 6.29465s
 INFO: Computing semblance for m0 = 8500
 INFO: Total execution time for kernels is 6.29064s
 INFO: Computing semblance for m0 = 8520
 INFO: Total execution time for kernels is 6.57591s
 INFO: Computing semblance for m0 = 8540
 INFO: Total execution time for kernels is 6.59975s
 INFO: Computing semblance for m0 = 8560
 INFO: Total execution time for kernels is 6.70581s
 INFO: Computing semblance for m0 = 8580
 INFO: Total execution time for kernels is 6.29219s
 INFO: Computing semblance for m0 = 8600
 INFO: Total execution time for kernels is 6.44366s
 INFO: Computing semblance for m0 = 8620
 INFO: Total execution time for kernels is 6.29323s
 INFO: Computing semblance for m0 = 8640
 INFO: Total execution time for kernels is 6.29495s
 INFO: Computing semblance for m0 = 8660
 INFO: Total execution time for kernels is 6.29328s
 INFO: Computing semblance for m0 = 8680
 INFO: Total execution time for kernels is 6.57369s
 INFO: Computing semblance for m0 = 8700
 INFO: Total execution time for kernels is 6.60375s
 INFO: Computing semblance for m0 = 8720
 INFO: Total execution time for kernels is 6.29243s
 INFO: Computing semblance for m0 = 8740
 INFO: Total execution time for kernels is 6.71339s
 INFO: Computing semblance for m0 = 8760
 INFO: Total execution time for kernels is 6.44461s
 INFO: Computing semblance for m0 = 8780
 INFO: Total execution time for kernels is 6.2934s
 INFO: Computing semblance for m0 = 8800
 INFO: Total execution time for kernels is 6.29389s
 INFO: Computing semblance for m0 = 8820
 INFO: Total execution time for kernels is 6.30029s
 INFO: Computing semblance for m0 = 8840
 INFO: Total execution time for kernels is 6.58417s
 INFO: Computing semblance for m0 = 8860
 INFO: Total execution time for kernels is 6.60216s
 INFO: Computing semblance for m0 = 8880
 INFO: Total execution time for kernels is 6.29226s
 INFO: Computing semblance for m0 = 8900
 INFO: Total execution time for kernels is 6.70513s
 INFO: Computing semblance for m0 = 8920
 INFO: Total execution time for kernels is 6.42795s
 INFO: Computing semblance for m0 = 8940
 INFO: Total execution time for kernels is 6.29396s
 INFO: Computing semblance for m0 = 8960
 INFO: Total execution time for kernels is 6.29487s
 INFO: Computing semblance for m0 = 8980
 INFO: Total execution time for kernels is 6.2981s
 INFO: Computing semblance for m0 = 9000
 INFO: Total execution time for kernels is 6.57563s
 INFO: Computing semblance for m0 = 9020
 INFO: Total execution time for kernels is 6.59252s
 INFO: Computing semblance for m0 = 9040
 INFO: Total execution time for kernels is 6.29257s
 INFO: Computing semblance for m0 = 9060
 INFO: Total execution time for kernels is 6.6978s
 INFO: Computing semblance for m0 = 9080
 INFO: Total execution time for kernels is 6.40601s
 INFO: Computing semblance for m0 = 9100
 INFO: Total execution time for kernels is 6.25555s
 INFO: Computing semblance for m0 = 9120
 INFO: Total execution time for kernels is 6.21919s
 INFO: Computing semblance for m0 = 9140
 INFO: Total execution time for kernels is 6.19189s
 INFO: Computing semblance for m0 = 9160
 INFO: Total execution time for kernels is 6.39951s
 INFO: Computing semblance for m0 = 9180
 INFO: Total execution time for kernels is 6.35545s
 INFO: Computing semblance for m0 = 9200
 INFO: Total execution time for kernels is 5.99955s
 INFO: Computing semblance for m0 = 9220
 INFO: Total execution time for kernels is 6.3118s
 INFO: Computing semblance for m0 = 9240
 INFO: Total execution time for kernels is 5.9737s
 INFO: Computing semblance for m0 = 9260
 INFO: Total execution time for kernels is 5.75227s
 INFO: Computing semblance for m0 = 9280
 INFO: Total execution time for kernels is 5.6456s
 INFO: Computing semblance for m0 = 9300
 INFO: Total execution time for kernels is 5.54117s
 INFO: Computing semblance for m0 = 9320
 INFO: Total execution time for kernels is 5.6568s
 INFO: Computing semblance for m0 = 9340
 INFO: Total execution time for kernels is 5.54839s
 INFO: Computing semblance for m0 = 9360
 INFO: Total execution time for kernels is 5.14348s
 INFO: Computing semblance for m0 = 9380
 INFO: Total execution time for kernels is 4.98857s
 INFO: Computing semblance for m0 = 9400
 INFO: Total execution time for kernels is 5.34788s
 INFO: Computing semblance for m0 = 9420
 INFO: Total execution time for kernels is 4.74801s
 INFO: Computing semblance for m0 = 9440
 INFO: Total execution time for kernels is 4.60265s
 INFO: Computing semblance for m0 = 9460
 INFO: Total execution time for kernels is 4.47248s
 INFO: Computing semblance for m0 = 9480
 INFO: Total execution time for kernels is 4.52274s
 INFO: Computing semblance for m0 = 9500
 INFO: Total execution time for kernels is 4.05891s
 INFO: Computing semblance for m0 = 9520
 INFO: Total execution time for kernels is 4.4087s
 INFO: Computing semblance for m0 = 9540
 INFO: Total execution time for kernels is 4.0182s
 INFO: Computing semblance for m0 = 9560
 INFO: Total execution time for kernels is 4.03011s
 INFO: Computing semblance for m0 = 9580
 INFO: Total execution time for kernels is 3.66188s
 INFO: Computing semblance for m0 = 9600
 INFO: Total execution time for kernels is 3.51493s
 INFO: Computing semblance for m0 = 9620
 INFO: Total execution time for kernels is 3.3866s
 INFO: Computing semblance for m0 = 9640
 INFO: Total execution time for kernels is 3.11642s
 INFO: Computing semblance for m0 = 9660
 INFO: Total execution time for kernels is 3.38647s
 INFO: Computing semblance for m0 = 9680
 INFO: Total execution time for kernels is 3.10987s
 INFO: Computing semblance for m0 = 9700
 INFO: Total execution time for kernels is 2.91037s
 INFO: Computing semblance for m0 = 9720
 INFO: Total execution time for kernels is 2.87031s
 INFO: Computing semblance for m0 = 9740
 INFO: Total execution time for kernels is 2.5698s
 INFO: Computing semblance for m0 = 9760
 INFO: Total execution time for kernels is 2.42251s
 INFO: Computing semblance for m0 = 9780
 INFO: Total execution time for kernels is 2.29098s
 INFO: Computing semblance for m0 = 9800
 INFO: Total execution time for kernels is 1.95504s
 INFO: Computing semblance for m0 = 9820
 INFO: Total execution time for kernels is 2.14844s
 INFO: Computing semblance for m0 = 9840
 INFO: Total execution time for kernels is 2.11101s
 INFO: Computing semblance for m0 = 9860
 INFO: Total execution time for kernels is 1.19644s
 INFO: Computing semblance for m0 = 9880
 INFO: Total execution time for kernels is 1.32616s
 INFO: Computing semblance for m0 = 9900
 INFO: Total execution time for kernels is 1.4743s
 INFO: Computing semblance for m0 = 9920
 INFO: Total execution time for kernels is 1.69794s
 INFO: Computing semblance for m0 = 9940
 INFO: Total execution time for kernels is 1.78931s
 INFO: Total execution time for kernels is 0.830816s
 INFO: Total execution time for kernels is 0.925164s
 INFO: Total execution time for kernels is 0.493539s
 INFO: Total execution time for kernels is 0.582379s
 INFO: Total execution time for kernels is 1.09451s
 INFO: Total execution time for kernels is 0.688749s
 INFO: Total execution time for kernels is 0.417737s
 INFO: Average of efficiency is 1
 INFO: Average of interpolations_per_sec is 2.53821e+10
 INFO: Average of selected_traces is 309.888
 INFO: Average of total_selection_kernel_exec_time is 0.00704275
 INFO: Average of total_kernel_exec_time is 5.77368
 INFO: Driver init. duration is 0.325891 s
 INFO: Read gather duration is 0.362411 s
 INFO: Parse args. duration is 0.000259085 s
 INFO: Worker threads duration is 330.297 s
 INFO: Dump results duration is 0.543282 s
 INFO: Thread/block is 32
 INFO: Results written to /home/ubuntu/nfs/out/55766d4e2_master_p2.8xlarge/zocrs/greedy/cuda/simple-synthetic_1/simple-synthetic_greedy_zocrs_20210307_1808/
 INFO: It took 331.539s to compute.
