 INFO: Number of CDPs = 445
 INFO: Number of traces in the gather = 9200
 INFO: Number of samples per trace = 2502
 INFO: Starting worker threads...
 INFO: Computing semblance for m0 = 0
 INFO: No trace has been selected for m0 = 0. Skipping.
 INFO: Total execution time for kernels is 1.2933e-05s
 INFO: Computing semblance for m0 = 1080
 INFO: Total execution time for kernels is 0.00746613s
 INFO: Computing semblance for m0 = 1100
 INFO: Total execution time for kernels is 0.00753185s
 INFO: Computing semblance for m0 = 1120
 INFO: Total execution time for kernels is 0.00982587s
 INFO: Computing semblance for m0 = 1140
 INFO: Total execution time for kernels is 0.00980222s
 INFO: Computing semblance for m0 = 1160
 INFO: Total execution time for kernels is 0.012211s
 INFO: Computing semblance for m0 = 1180
 INFO: Total execution time for kernels is 0.0121166s
 INFO: Computing semblance for m0 = 1200
 INFO: Total execution time for kernels is 0.0144134s
 INFO: Computing semblance for m0 = 1220
 INFO: Total execution time for kernels is 0.0144604s
 INFO: Computing semblance for m0 = 1240
 INFO: Total execution time for kernels is 0.0167172s
 INFO: Computing semblance for m0 = 1260
 INFO: Total execution time for kernels is 0.0167518s
 INFO: Computing semblance for m0 = 1280
 INFO: Total execution time for kernels is 0.0191113s
 INFO: Computing semblance for m0 = 1300
 INFO: Total execution time for kernels is 0.019138s
 INFO: Computing semblance for m0 = 1320
 INFO: Total execution time for kernels is 0.0214596s
 INFO: Computing semblance for m0 = 1340
 INFO: Total execution time for kernels is 0.0203947s
 INFO: Computing semblance for m0 = 1360
 INFO: Total execution time for kernels is 0.0209679s
 INFO: Computing semblance for m0 = 1380
 INFO: Total execution time for kernels is 0.020908s
 INFO: Computing semblance for m0 = 1400
 INFO: Total execution time for kernels is 0.0230096s
 INFO: Computing semblance for m0 = 1420
 INFO: Total execution time for kernels is 0.0230455s
 INFO: Computing semblance for m0 = 1440
 INFO: Computing semblance for m0 = 1460
 INFO: Total execution time for kernels is 0.0245399s
 INFO: Computing semblance for m0 = 1480
 INFO: Total execution time for kernels is 0.0255178s
 INFO: Computing semblance for m0 = 1500
 INFO: Total execution time for kernels is 0.0267696s
 INFO: Computing semblance for m0 = 1520
 INFO: Total execution time for kernels is 0.0255901s
 INFO: Computing semblance for m0 = 1540
 INFO: Total execution time for kernels is 0.0312802s
 INFO: Computing semblance for m0 = 1560
 INFO: Total execution time for kernels is 0.0275515s
 INFO: Computing semblance for m0 = 1580
 INFO: Total execution time for kernels is 0.0334656s
 INFO: Computing semblance for m0 = 1600
 INFO: Total execution time for kernels is 0.0295138s
 INFO: Computing semblance for m0 = 1620
 INFO: Total execution time for kernels is 0.0356182s
 INFO: Computing semblance for m0 = 1640
 INFO: Total execution time for kernels is 0.0309588s
 INFO: Computing semblance for m0 = 1660
 INFO: Computing semblance for m0 = 1680
 INFO: Computing semblance for m0 = 1700
 INFO: Total execution time for kernels is 0.0329196s
 INFO: Computing semblance for m0 = 1720
 INFO: Total execution time for kernels is 0.0377756s
 INFO: Computing semblance for m0 = 1740
 INFO: Total execution time for kernels is 0.0425898s
 INFO: Computing semblance for m0 = 1760
 INFO: Total execution time for kernels is 0.0424487s
 INFO: Computing semblance for m0 = 1780
 INFO: Total execution time for kernels is 0.0366352s
 INFO: Computing semblance for m0 = 1800
 INFO: Total execution time for kernels is 0.0422574s
 INFO: Computing semblance for m0 = 1820
 INFO: Total execution time for kernels is 0.0473949s
 INFO: Computing semblance for m0 = 1840
 INFO: Total execution time for kernels is 0.0405248s
 INFO: Computing semblance for m0 = 1860
 INFO: Total execution time for kernels is 0.0471734s
 INFO: Computing semblance for m0 = 1880
 INFO: Total execution time for kernels is 0.0466876s
 INFO: Computing semblance for m0 = 1900
 INFO: Total execution time for kernels is 0.0423937s
 INFO: Computing semblance for m0 = 1920
 INFO: Total execution time for kernels is 0.0520806s
 INFO: Computing semblance for m0 = 1940
 INFO: Total execution time for kernels is 0.0494775s
 INFO: Computing semblance for m0 = 1960
 INFO: Total execution time for kernels is 0.0449377s
 INFO: Computing semblance for m0 = 1980
 INFO: Total execution time for kernels is 0.0463132s
 INFO: Computing semblance for m0 = 2000
 INFO: Total execution time for kernels is 0.0492773s
 INFO: Computing semblance for m0 = 2020
 INFO: Total execution time for kernels is 0.0567369s
 INFO: Computing semblance for m0 = 2040
 INFO: Total execution time for kernels is 0.0487833s
 INFO: Computing semblance for m0 = 2060
 INFO: Total execution time for kernels is 0.0475594s
 INFO: Computing semblance for m0 = 2080
 INFO: Total execution time for kernels is 0.0490867s
 INFO: Computing semblance for m0 = 2100
 INFO: Total execution time for kernels is 0.0484532s
 INFO: Computing semblance for m0 = 2120
 INFO: Total execution time for kernels is 0.0522139s
 INFO: Computing semblance for m0 = 2140
 INFO: Total execution time for kernels is 0.0476568s
 INFO: Computing semblance for m0 = 2160
 INFO: Total execution time for kernels is 0.0484564s
 INFO: Computing semblance for m0 = 2180
 INFO: Total execution time for kernels is 0.0462055s
 INFO: Computing semblance for m0 = 2200
 INFO: Total execution time for kernels is 0.0518703s
 INFO: Computing semblance for m0 = 2220
 INFO: Computing semblance for m0 = 2240
 INFO: Computing semblance for m0 = 2260
 INFO: Computing semblance for m0 = 2280
 INFO: Computing semblance for m0 = 2300
 INFO: Computing semblance for m0 = 2320
 INFO: Computing semblance for m0 = 2340
 INFO: Computing semblance for m0 = 2360
 INFO: Computing semblance for m0 = 2380
 INFO: Computing semblance for m0 = 2400
 INFO: Computing semblance for m0 = 2420
 INFO: Computing semblance for m0 = 2440
 INFO: Computing semblance for m0 = 2460
 INFO: Total execution time for kernels is 0.0462044s
 INFO: Computing semblance for m0 = 2480
 INFO: Total execution time for kernels is 0.0474223s
 INFO: Computing semblance for m0 = 2500
 INFO: Total execution time for kernels is 0.0483902s
 INFO: Computing semblance for m0 = 2520
 INFO: Total execution time for kernels is 0.0491002s
 INFO: Computing semblance for m0 = 2540
 INFO: Total execution time for kernels is 0.0553657s
 INFO: Computing semblance for m0 = 2560
 INFO: Total execution time for kernels is 0.0552208s
 INFO: Computing semblance for m0 = 2580
 INFO: Total execution time for kernels is 0.0595769s
 INFO: Computing semblance for m0 = 2600
 INFO: Total execution time for kernels is 0.0556207s
 INFO: Computing semblance for m0 = 2620
 INFO: Total execution time for kernels is 0.0588682s
 INFO: Computing semblance for m0 = 2640
 INFO: Total execution time for kernels is 0.0590736s
 INFO: Computing semblance for m0 = 2660
 INFO: Total execution time for kernels is 0.0595835s
 INFO: Computing semblance for m0 = 2680
 INFO: Total execution time for kernels is 0.0595949s
 INFO: Computing semblance for m0 = 2700
 INFO: Total execution time for kernels is 0.0587413s
 INFO: Computing semblance for m0 = 2720
 INFO: Total execution time for kernels is 0.0596014s
 INFO: Computing semblance for m0 = 2740
 INFO: Total execution time for kernels is 0.0589932s
 INFO: Computing semblance for m0 = 2760
 INFO: Total execution time for kernels is 0.0590153s
 INFO: Computing semblance for m0 = 2780
 INFO: Total execution time for kernels is 0.0461665s
 INFO: Computing semblance for m0 = 2800
 INFO: Total execution time for kernels is 0.0472011s
 INFO: Computing semblance for m0 = 2820
 INFO: Total execution time for kernels is 0.0483543s
 INFO: Computing semblance for m0 = 2840
 INFO: Total execution time for kernels is 0.0491203s
 INFO: Computing semblance for m0 = 2860
 INFO: Total execution time for kernels is 0.0553281s
 INFO: Computing semblance for m0 = 2880
 INFO: Total execution time for kernels is 0.0552899s
 INFO: Computing semblance for m0 = 2900
 INFO: Total execution time for kernels is 0.0556095s
 INFO: Computing semblance for m0 = 2920
 INFO: Total execution time for kernels is 0.0596217s
 INFO: Computing semblance for m0 = 2940
 INFO: Total execution time for kernels is 0.0589665s
 INFO: Computing semblance for m0 = 2960
 INFO: Total execution time for kernels is 0.0589179s
 INFO: Computing semblance for m0 = 2980
 INFO: Total execution time for kernels is 0.0597535s
 INFO: Computing semblance for m0 = 3000
 INFO: Total execution time for kernels is 0.0586332s
 INFO: Computing semblance for m0 = 3020
 INFO: Total execution time for kernels is 0.0596544s
 INFO: Computing semblance for m0 = 3040
 INFO: Total execution time for kernels is 0.0588873s
 INFO: Computing semblance for m0 = 3060
 INFO: Total execution time for kernels is 0.0596803s
 INFO: Computing semblance for m0 = 3080
 INFO: Total execution time for kernels is 0.0589785s
 INFO: Computing semblance for m0 = 3100
 INFO: Total execution time for kernels is 0.0462496s
 INFO: Computing semblance for m0 = 3120
 INFO: Total execution time for kernels is 0.047496s
 INFO: Computing semblance for m0 = 3140
 INFO: Total execution time for kernels is 0.0480231s
 INFO: Computing semblance for m0 = 3160
 INFO: Total execution time for kernels is 0.0490581s
 INFO: Computing semblance for m0 = 3180
 INFO: Total execution time for kernels is 0.0553385s
 INFO: Computing semblance for m0 = 3200
 INFO: Total execution time for kernels is 0.0552436s
 INFO: Computing semblance for m0 = 3220
 INFO: Total execution time for kernels is 0.0556709s
 INFO: Computing semblance for m0 = 3240
 INFO: Total execution time for kernels is 0.0535391s
 INFO: Computing semblance for m0 = 3260
 INFO: Total execution time for kernels is 0.0590223s
 INFO: Computing semblance for m0 = 3280
 INFO: Total execution time for kernels is 0.0590032s
 INFO: Computing semblance for m0 = 3300
 INFO: Total execution time for kernels is 0.0461771s
 INFO: Computing semblance for m0 = 3320
 INFO: Total execution time for kernels is 0.0549825s
 INFO: Computing semblance for m0 = 3340
 INFO: Total execution time for kernels is 0.0595679s
 INFO: Computing semblance for m0 = 3360
 INFO: Total execution time for kernels is 0.0573539s
 INFO: Computing semblance for m0 = 3380
 INFO: Total execution time for kernels is 0.0473944s
 INFO: Computing semblance for m0 = 3400
 INFO: Total execution time for kernels is 0.0571124s
 INFO: Total execution time for kernels is 0.0568754s
 INFO: Computing semblance for m0 = 3420
 INFO: Computing semblance for m0 = 3440
 INFO: Total execution time for kernels is 0.0576612s
 INFO: Computing semblance for m0 = 3460
 INFO: Total execution time for kernels is 0.0479469s
 INFO: Computing semblance for m0 = 3480
 INFO: Total execution time for kernels is 0.0491146s
 INFO: Computing semblance for m0 = 3500
 INFO: Total execution time for kernels is 0.0553683s
 INFO: Computing semblance for m0 = 3520
 INFO: Total execution time for kernels is 0.055279s
 INFO: Computing semblance for m0 = 3540
 INFO: Total execution time for kernels is 0.0525386s
 INFO: Computing semblance for m0 = 3560
 INFO: Total execution time for kernels is 0.0547179s
 INFO: Computing semblance for m0 = 3580
 INFO: Total execution time for kernels is 0.046217s
 INFO: Computing semblance for m0 = 3600
 INFO: Total execution time for kernels is 0.0537116s
 INFO: Computing semblance for m0 = 3620
 INFO: Total execution time for kernels is 0.0528634s
 INFO: Computing semblance for m0 = 3640
 INFO: Total execution time for kernels is 0.0473301s
 INFO: Computing semblance for m0 = 3660
 INFO: Total execution time for kernels is 0.0524063s
 INFO: Computing semblance for m0 = 3680
 INFO: Total execution time for kernels is 0.0515213s
 INFO: Computing semblance for m0 = 3700
 INFO: Total execution time for kernels is 0.0478423s
 INFO: Computing semblance for m0 = 3720
 INFO: Total execution time for kernels is 0.0517766s
 INFO: Computing semblance for m0 = 3740
 INFO: Total execution time for kernels is 0.0521271s
 INFO: Computing semblance for m0 = 3760
 INFO: Total execution time for kernels is 0.0523939s
 INFO: Computing semblance for m0 = 3780
 INFO: Total execution time for kernels is 0.0482249s
 INFO: Computing semblance for m0 = 3800
 INFO: Total execution time for kernels is 0.0580021s
 INFO: Computing semblance for m0 = 3820
 INFO: Total execution time for kernels is 0.0486362s
 INFO: Computing semblance for m0 = 3840
 INFO: Total execution time for kernels is 0.0486145s
 INFO: Computing semblance for m0 = 3860
 INFO: Total execution time for kernels is 0.0488999s
 INFO: Computing semblance for m0 = 3880
 INFO: Total execution time for kernels is 0.0524396s
 INFO: Computing semblance for m0 = 3900
 INFO: Total execution time for kernels is 0.0458192s
 INFO: Computing semblance for m0 = 3920
 INFO: Total execution time for kernels is 0.051912s
 INFO: Computing semblance for m0 = 3940
 INFO: Total execution time for kernels is 0.0475231s
 INFO: Computing semblance for m0 = 3960
 INFO: Total execution time for kernels is 0.0521021s
 INFO: Computing semblance for m0 = 3980
 INFO: Total execution time for kernels is 0.047464s
 INFO: Computing semblance for m0 = 4000
 INFO: Total execution time for kernels is 0.0523786s
 INFO: Computing semblance for m0 = 4020
 INFO: Total execution time for kernels is 0.051476s
 INFO: Computing semblance for m0 = 4040
 INFO: Total execution time for kernels is 0.0482217s
 INFO: Computing semblance for m0 = 4060
 INFO: Total execution time for kernels is 0.0520032s
 INFO: Computing semblance for m0 = 4080
 INFO: Total execution time for kernels is 0.0517638s
 INFO: Computing semblance for m0 = 4100
 INFO: Total execution time for kernels is 0.0523854s
 INFO: Computing semblance for m0 = 4120
 INFO: Total execution time for kernels is 0.052338s
 INFO: Computing semblance for m0 = 4140
 INFO: Total execution time for kernels is 0.0486833s
 INFO: Computing semblance for m0 = 4160
 INFO: Total execution time for kernels is 0.0485813s
 INFO: Computing semblance for m0 = 4180
 INFO: Total execution time for kernels is 0.0488965s
 INFO: Computing semblance for m0 = 4200
 INFO: Total execution time for kernels is 0.0496813s
 INFO: Computing semblance for m0 = 4220
 INFO: Total execution time for kernels is 0.0459073s
 INFO: Computing semblance for m0 = 4240
 INFO: Total execution time for kernels is 0.0473299s
 INFO: Computing semblance for m0 = 4260
 INFO: Total execution time for kernels is 0.0518599s
 INFO: Computing semblance for m0 = 4280
 INFO: Total execution time for kernels is 0.0472685s
 INFO: Computing semblance for m0 = 4300
 INFO: Total execution time for kernels is 0.0493432s
 INFO: Computing semblance for m0 = 4320
 INFO: Total execution time for kernels is 0.0500009s
 INFO: Computing semblance for m0 = 4340
 INFO: Total execution time for kernels is 0.0518478s
 INFO: Computing semblance for m0 = 4360
 INFO: Total execution time for kernels is 0.0482012s
 INFO: Computing semblance for m0 = 4380
 INFO: Total execution time for kernels is 0.0498531s
 INFO: Computing semblance for m0 = 4400
 INFO: Total execution time for kernels is 0.050428s
 INFO: Computing semblance for m0 = 4420
 INFO: Total execution time for kernels is 0.0498305s
 INFO: Computing semblance for m0 = 4440
 INFO: Total execution time for kernels is 0.0523995s
 INFO: Computing semblance for m0 = 4460
 INFO: Total execution time for kernels is 0.0483319s
 INFO: Computing semblance for m0 = 4480
 INFO: Total execution time for kernels is 0.0484094s
 INFO: Computing semblance for m0 = 4500
 INFO: Total execution time for kernels is 0.0481931s
 INFO: Computing semblance for m0 = 4520
 INFO: Total execution time for kernels is 0.0495155s
 INFO: Computing semblance for m0 = 4540
 INFO: Total execution time for kernels is 0.0458119s
 INFO: Computing semblance for m0 = 4560
 INFO: Total execution time for kernels is 0.0473299s
 INFO: Computing semblance for m0 = 4580
 INFO: Total execution time for kernels is 0.0489223s
 INFO: Computing semblance for m0 = 4600
 INFO: Total execution time for kernels is 0.0473982s
 INFO: Computing semblance for m0 = 4620
 INFO: Total execution time for kernels is 0.0493422s
 INFO: Computing semblance for m0 = 4640
 INFO: Total execution time for kernels is 0.0488121s
 INFO: Computing semblance for m0 = 4660
 INFO: Total execution time for kernels is 0.049104s
 INFO: Computing semblance for m0 = 4680
 INFO: Total execution time for kernels is 0.0475381s
 INFO: Computing semblance for m0 = 4700
 INFO: Total execution time for kernels is 0.049097s
 INFO: Computing semblance for m0 = 4720
 INFO: Total execution time for kernels is 0.0495577s
 INFO: Computing semblance for m0 = 4740
 INFO: Total execution time for kernels is 0.0488662s
 INFO: Computing semblance for m0 = 4760
 INFO: Total execution time for kernels is 0.0506082s
 INFO: Computing semblance for m0 = 4780
 INFO: Total execution time for kernels is 0.0461073s
 INFO: Computing semblance for m0 = 4800
 INFO: Total execution time for kernels is 0.046171s
 INFO: Computing semblance for m0 = 4820
 INFO: Total execution time for kernels is 0.046315s
 INFO: Computing semblance for m0 = 4840
 INFO: Total execution time for kernels is 0.0457639s
 INFO: Computing semblance for m0 = 4860
 INFO: Total execution time for kernels is 0.0494149s
 INFO: Computing semblance for m0 = 4880
 INFO: Total execution time for kernels is 0.0473924s
 INFO: Computing semblance for m0 = 4900
 INFO: Total execution time for kernels is 0.0489463s
 INFO: Computing semblance for m0 = 4920
 INFO: Total execution time for kernels is 0.0474827s
 INFO: Computing semblance for m0 = 4940
 INFO: Total execution time for kernels is 0.0494052s
 INFO: Computing semblance for m0 = 4960
 INFO: Total execution time for kernels is 0.0487654s
 INFO: Computing semblance for m0 = 4980
 INFO: Total execution time for kernels is 0.0490601s
 INFO: Computing semblance for m0 = 5000
 INFO: Total execution time for kernels is 0.0475889s
 INFO: Computing semblance for m0 = 5020
 INFO: Total execution time for kernels is 0.0491105s
 INFO: Computing semblance for m0 = 5040
 INFO: Total execution time for kernels is 0.0495926s
 INFO: Computing semblance for m0 = 5060
 INFO: Total execution time for kernels is 0.0495683s
 INFO: Computing semblance for m0 = 5080
 INFO: Total execution time for kernels is 0.0488441s
 INFO: Computing semblance for m0 = 5100
 INFO: Total execution time for kernels is 0.0461233s
 INFO: Computing semblance for m0 = 5120
 INFO: Total execution time for kernels is 0.0461205s
 INFO: Computing semblance for m0 = 5140
 INFO: Total execution time for kernels is 0.0463501s
 INFO: Computing semblance for m0 = 5160
 INFO: Total execution time for kernels is 0.0456664s
 INFO: Computing semblance for m0 = 5180
 INFO: Total execution time for kernels is 0.0490604s
 INFO: Computing semblance for m0 = 5200
 INFO: Total execution time for kernels is 0.0472943s
 INFO: Computing semblance for m0 = 5220
 INFO: Total execution time for kernels is 0.0489215s
 INFO: Computing semblance for m0 = 5240
 INFO: Total execution time for kernels is 0.0473841s
 INFO: Computing semblance for m0 = 5260
 INFO: Total execution time for kernels is 0.0488757s
 INFO: Computing semblance for m0 = 5280
 INFO: Total execution time for kernels is 0.0483277s
 INFO: Computing semblance for m0 = 5300
 INFO: Total execution time for kernels is 0.0487171s
 INFO: Computing semblance for m0 = 5320
 INFO: Total execution time for kernels is 0.0474506s
 INFO: Computing semblance for m0 = 5340
 INFO: Total execution time for kernels is 0.0483706s
 INFO: Computing semblance for m0 = 5360
 INFO: Total execution time for kernels is 0.0490921s
 INFO: Computing semblance for m0 = 5380
 INFO: Total execution time for kernels is 0.0481745s
 INFO: Computing semblance for m0 = 5400
 INFO: Total execution time for kernels is 0.0495663s
 INFO: Computing semblance for m0 = 5420
 INFO: Total execution time for kernels is 0.0461373s
 INFO: Computing semblance for m0 = 5440
 INFO: Total execution time for kernels is 0.0460315s
 INFO: Computing semblance for m0 = 5460
 INFO: Total execution time for kernels is 0.046274s
 INFO: Computing semblance for m0 = 5480
 INFO: Total execution time for kernels is 0.0456687s
 INFO: Computing semblance for m0 = 5500
 INFO: Total execution time for kernels is 0.0489973s
 INFO: Computing semblance for m0 = 5520
 INFO: Total execution time for kernels is 0.0473105s
 INFO: Computing semblance for m0 = 5540
 INFO: Total execution time for kernels is 0.0481934s
 INFO: Computing semblance for m0 = 5560
 INFO: Total execution time for kernels is 0.0474423s
 INFO: Computing semblance for m0 = 5580
 INFO: Total execution time for kernels is 0.0480712s
 INFO: Computing semblance for m0 = 5600
 INFO: Total execution time for kernels is 0.0481032s
 INFO: Computing semblance for m0 = 5620
 INFO: Total execution time for kernels is 0.0488686s
 INFO: Computing semblance for m0 = 5640
 INFO: Total execution time for kernels is 0.0473186s
 INFO: Computing semblance for m0 = 5660
 INFO: Total execution time for kernels is 0.0483259s
 INFO: Computing semblance for m0 = 5680
 INFO: Total execution time for kernels is 0.0488978s
 INFO: Computing semblance for m0 = 5700
 INFO: Total execution time for kernels is 0.0481752s
 INFO: Computing semblance for m0 = 5720
 INFO: Total execution time for kernels is 0.0490932s
 INFO: Computing semblance for m0 = 5740
 INFO: Total execution time for kernels is 0.04591s
 INFO: Computing semblance for m0 = 5760
 INFO: Total execution time for kernels is 0.0458828s
 INFO: Computing semblance for m0 = 5780
 INFO: Total execution time for kernels is 0.0460456s
 INFO: Computing semblance for m0 = 5800
 INFO: Total execution time for kernels is 0.0456371s
 INFO: Computing semblance for m0 = 5820
 INFO: Total execution time for kernels is 0.0488339s
 INFO: Computing semblance for m0 = 5840
 INFO: Total execution time for kernels is 0.0472648s
 INFO: Computing semblance for m0 = 5860
 INFO: Total execution time for kernels is 0.0481734s
 INFO: Computing semblance for m0 = 5880
 INFO: Total execution time for kernels is 0.0473101s
 INFO: Computing semblance for m0 = 5900
 INFO: Total execution time for kernels is 0.0481641s
 INFO: Computing semblance for m0 = 5920
 INFO: Total execution time for kernels is 0.0481805s
 INFO: Computing semblance for m0 = 5940
 INFO: Total execution time for kernels is 0.0472883s
 INFO: Computing semblance for m0 = 5960
 INFO: Total execution time for kernels is 0.048204s
 INFO: Computing semblance for m0 = 5980
 INFO: Total execution time for kernels is 0.0485817s
 INFO: Computing semblance for m0 = 6000
 INFO: Total execution time for kernels is 0.0489601s
 INFO: Computing semblance for m0 = 6020
 INFO: Total execution time for kernels is 0.0482962s
 INFO: Computing semblance for m0 = 6040
 INFO: Total execution time for kernels is 0.0459705s
 INFO: Computing semblance for m0 = 6060
 INFO: Total execution time for kernels is 0.0489974s
 INFO: Computing semblance for m0 = 6080
 INFO: Total execution time for kernels is 0.0459408s
 INFO: Computing semblance for m0 = 6100
 INFO: Total execution time for kernels is 0.0461422s
 INFO: Computing semblance for m0 = 6120
 INFO: Total execution time for kernels is 0.0457027s
 INFO: Computing semblance for m0 = 6140
 INFO: Total execution time for kernels is 0.0486581s
 INFO: Computing semblance for m0 = 6160
 INFO: Total execution time for kernels is 0.047293s
 INFO: Computing semblance for m0 = 6180
 INFO: Total execution time for kernels is 0.0480822s
 INFO: Computing semblance for m0 = 6200
 INFO: Total execution time for kernels is 0.0473407s
 INFO: Computing semblance for m0 = 6220
 INFO: Total execution time for kernels is 0.0476773s
 INFO: Computing semblance for m0 = 6240
 INFO: Total execution time for kernels is 0.0476897s
 INFO: Computing semblance for m0 = 6260
 INFO: Total execution time for kernels is 0.0458057s
 INFO: Computing semblance for m0 = 6280
 INFO: Total execution time for kernels is 0.048367s
 INFO: Computing semblance for m0 = 6300
 INFO: Total execution time for kernels is 0.0473724s
 INFO: Computing semblance for m0 = 6320
 INFO: Total execution time for kernels is 0.0477417s
 INFO: Computing semblance for m0 = 6340
 INFO: Total execution time for kernels is 0.0485577s
 INFO: Computing semblance for m0 = 6360
 INFO: Total execution time for kernels is 0.0476586s
 INFO: Computing semblance for m0 = 6380
 INFO: Total execution time for kernels is 0.0458685s
 INFO: Computing semblance for m0 = 6400
 INFO: Total execution time for kernels is 0.0490066s
 INFO: Computing semblance for m0 = 6420
 INFO: Total execution time for kernels is 0.0460428s
 INFO: Computing semblance for m0 = 6440
 INFO: Total execution time for kernels is 0.0456611s
 INFO: Computing semblance for m0 = 6460
 INFO: Total execution time for kernels is 0.0488089s
 INFO: Computing semblance for m0 = 6480
 INFO: Total execution time for kernels is 0.0474153s
 INFO: Computing semblance for m0 = 6500
 INFO: Total execution time for kernels is 0.0475544s
 INFO: Computing semblance for m0 = 6520
 INFO: Total execution time for kernels is 0.0473253s
 INFO: Computing semblance for m0 = 6540
 INFO: Total execution time for kernels is 0.0477292s
 INFO: Computing semblance for m0 = 6560
 INFO: Total execution time for kernels is 0.0475157s
 INFO: Computing semblance for m0 = 6580
 INFO: Total execution time for kernels is 0.0458373s
 INFO: Computing semblance for m0 = 6600
 INFO: Total execution time for kernels is 0.0483729s
 INFO: Computing semblance for m0 = 6620
 INFO: Total execution time for kernels is 0.0458181s
 INFO: Computing semblance for m0 = 6640
 INFO: Total execution time for kernels is 0.047271s
 INFO: Computing semblance for m0 = 6660
 INFO: Total execution time for kernels is 0.0476881s
 INFO: Total execution time for kernels is 0.0475298s
 INFO: Computing semblance for m0 = 6680
 INFO: Computing semblance for m0 = 6700
 INFO: Total execution time for kernels is 0.0486561s
 INFO: Computing semblance for m0 = 6720
 INFO: Total execution time for kernels is 0.0486666s
 INFO: Computing semblance for m0 = 6740
 INFO: Total execution time for kernels is 0.0460966s
 INFO: Computing semblance for m0 = 6760
 INFO: Total execution time for kernels is 0.0456718s
 INFO: Computing semblance for m0 = 6780
 INFO: Total execution time for kernels is 0.0486482s
 INFO: Computing semblance for m0 = 6800
 INFO: Total execution time for kernels is 0.0473068s
 INFO: Computing semblance for m0 = 6820
 INFO: Total execution time for kernels is 0.0473972s
 INFO: Computing semblance for m0 = 6840
 INFO: Total execution time for kernels is 0.0471118s
 INFO: Computing semblance for m0 = 6860
 INFO: Total execution time for kernels is 0.0479285s
 INFO: Total execution time for kernels is 0.0458283s
 INFO: Computing semblance for m0 = 6880
 INFO: Computing semblance for m0 = 6900
 INFO: Total execution time for kernels is 0.0475685s
 INFO: Computing semblance for m0 = 6920
 INFO: Total execution time for kernels is 0.0457561s
 INFO: Computing semblance for m0 = 6940
 INFO: Total execution time for kernels is 0.0482308s
 INFO: Computing semblance for m0 = 6960
 INFO: Total execution time for kernels is 0.047146s
 INFO: Computing semblance for m0 = 6980
 INFO: Total execution time for kernels is 0.047478s
 INFO: Computing semblance for m0 = 7000
 INFO: Total execution time for kernels is 0.047552s
 INFO: Computing semblance for m0 = 7020
 INFO: Total execution time for kernels is 0.0459905s
 INFO: Computing semblance for m0 = 7040
 INFO: Total execution time for kernels is 0.0486361s
 INFO: Computing semblance for m0 = 7060
 INFO: Total execution time for kernels is 0.0485347s
 INFO: Computing semblance for m0 = 7080
 INFO: Total execution time for kernels is 0.0456184s
 INFO: Computing semblance for m0 = 7100
 INFO: Total execution time for kernels is 0.0486232s
 INFO: Computing semblance for m0 = 7120
 INFO: Total execution time for kernels is 0.0473956s
 INFO: Computing semblance for m0 = 7140
 INFO: Total execution time for kernels is 0.047434s
 INFO: Computing semblance for m0 = 7160
 INFO: Total execution time for kernels is 0.0473686s
 INFO: Computing semblance for m0 = 7180
 INFO: Total execution time for kernels is 0.0457733s
 INFO: Computing semblance for m0 = 7200
 INFO: Total execution time for kernels is 0.0473092s
 INFO: Computing semblance for m0 = 7220
 INFO: Total execution time for kernels is 0.0458247s
 INFO: Computing semblance for m0 = 7240
 INFO: Total execution time for kernels is 0.0474253s
 INFO: Computing semblance for m0 = 7260
 INFO: Total execution time for kernels is 0.0483046s
 INFO: Computing semblance for m0 = 7280
 INFO: Total execution time for kernels is 0.0459697s
 INFO: Computing semblance for m0 = 7300
 INFO: Total execution time for kernels is 0.0472367s
 INFO: Computing semblance for m0 = 7320
 INFO: Total execution time for kernels is 0.0473786s
 INFO: Computing semblance for m0 = 7340
 INFO: Total execution time for kernels is 0.0473968s
 INFO: Computing semblance for m0 = 7360
 INFO: Total execution time for kernels is 0.0486472s
 INFO: Computing semblance for m0 = 7380
 INFO: Total execution time for kernels is 0.048495s
 INFO: Computing semblance for m0 = 7400
 INFO: Total execution time for kernels is 0.045653s
 INFO: Computing semblance for m0 = 7420
 INFO: Total execution time for kernels is 0.0485846s
 INFO: Computing semblance for m0 = 7440
 INFO: Total execution time for kernels is 0.047198s
 INFO: Computing semblance for m0 = 7460
 INFO: Total execution time for kernels is 0.0474807s
 INFO: Computing semblance for m0 = 7480
 INFO: Total execution time for kernels is 0.0458157s
 INFO: Computing semblance for m0 = 7500
 INFO: Total execution time for kernels is 0.0473677s
 INFO: Computing semblance for m0 = 7520
 INFO: Total execution time for kernels is 0.0472804s
 INFO: Computing semblance for m0 = 7540
 INFO: Total execution time for kernels is 0.0456488s
 INFO: Computing semblance for m0 = 7560
 INFO: Total execution time for kernels is 0.0473707s
 INFO: Computing semblance for m0 = 7580
 INFO: Total execution time for kernels is 0.046041s
 INFO: Computing semblance for m0 = 7600
 INFO: Total execution time for kernels is 0.0483897s
 INFO: Computing semblance for m0 = 7620
 INFO: Total execution time for kernels is 0.0473531s
 INFO: Total execution time for kernels is 0.0474521s
 INFO: Computing semblance for m0 = 7640
 INFO: Computing semblance for m0 = 7660
 INFO: Total execution time for kernels is 0.0473884s
 INFO: Computing semblance for m0 = 7680
 INFO: Total execution time for kernels is 0.0485095s
 INFO: Computing semblance for m0 = 7700
 INFO: Total execution time for kernels is 0.0484115s
 INFO: Computing semblance for m0 = 7720
 INFO: Total execution time for kernels is 0.0455683s
 INFO: Computing semblance for m0 = 7740
 INFO: Total execution time for kernels is 0.0486379s
 INFO: Computing semblance for m0 = 7760
 INFO: Total execution time for kernels is 0.0472636s
 INFO: Computing semblance for m0 = 7780
 INFO: Total execution time for kernels is 0.0458294s
 INFO: Computing semblance for m0 = 7800
 INFO: Total execution time for kernels is 0.0473891s
 INFO: Computing semblance for m0 = 7820
 INFO: Total execution time for kernels is 0.0471456s
 INFO: Computing semblance for m0 = 7840
 INFO: Total execution time for kernels is 0.047374s
 INFO: Computing semblance for m0 = 7860
 INFO: Total execution time for kernels is 0.0458358s
 INFO: Computing semblance for m0 = 7880
 INFO: Total execution time for kernels is 0.0474544s
 INFO: Computing semblance for m0 = 7900
 INFO: Total execution time for kernels is 0.0460373s
 INFO: Computing semblance for m0 = 7920
 INFO: Total execution time for kernels is 0.047324s
 INFO: Computing semblance for m0 = 7940
 INFO: Total execution time for kernels is 0.0474443s
 INFO: Computing semblance for m0 = 7960
 INFO: Total execution time for kernels is 0.0473171s
 INFO: Computing semblance for m0 = 7980
 INFO: Total execution time for kernels is 0.048179s
 INFO: Computing semblance for m0 = 8000
 INFO: Total execution time for kernels is 0.0485229s
 INFO: Computing semblance for m0 = 8020
 INFO: Total execution time for kernels is 0.0485778s
 INFO: Computing semblance for m0 = 8040
 INFO: Total execution time for kernels is 0.0456707s
 INFO: Computing semblance for m0 = 8060
 INFO: Total execution time for kernels is 0.048663s
 INFO: Computing semblance for m0 = 8080
 INFO: Total execution time for kernels is 0.0472594s
 INFO: Computing semblance for m0 = 8100
 INFO: Total execution time for kernels is 0.0457844s
 INFO: Computing semblance for m0 = 8120
 INFO: Total execution time for kernels is 0.0472727s
 INFO: Computing semblance for m0 = 8140
 INFO: Total execution time for kernels is 0.0457578s
 INFO: Computing semblance for m0 = 8160
 INFO: Total execution time for kernels is 0.0472923s
 INFO: Computing semblance for m0 = 8180
 INFO: Total execution time for kernels is 0.0472898s
 INFO: Computing semblance for m0 = 8200
 INFO: Total execution time for kernels is 0.0474193s
 INFO: Computing semblance for m0 = 8220
 INFO: Total execution time for kernels is 0.046025s
 INFO: Computing semblance for m0 = 8240
 INFO: Total execution time for kernels is 0.0473855s
 INFO: Computing semblance for m0 = 8260
 INFO: Total execution time for kernels is 0.0475089s
 INFO: Computing semblance for m0 = 8280
 INFO: Total execution time for kernels is 0.0484345s
 INFO: Computing semblance for m0 = 8300
 INFO: Total execution time for kernels is 0.047233s
 INFO: Computing semblance for m0 = 8320
 INFO: Total execution time for kernels is 0.0485003s
 INFO: Computing semblance for m0 = 8340
 INFO: Total execution time for kernels is 0.0482825s
 INFO: Computing semblance for m0 = 8360
 INFO: Total execution time for kernels is 0.0456592s
 INFO: Computing semblance for m0 = 8380
 INFO: Total execution time for kernels is 0.0486399s
 INFO: Computing semblance for m0 = 8400
 INFO: Total execution time for kernels is 0.0473234s
 INFO: Computing semblance for m0 = 8420
 INFO: Total execution time for kernels is 0.0458041s
 INFO: Computing semblance for m0 = 8440
 INFO: Total execution time for kernels is 0.0457992s
 INFO: Computing semblance for m0 = 8460
 INFO: Total execution time for kernels is 0.0475264s
 INFO: Computing semblance for m0 = 8480
 INFO: Total execution time for kernels is 0.0472659s
 INFO: Computing semblance for m0 = 8500
 INFO: Total execution time for kernels is 0.0472216s
 INFO: Computing semblance for m0 = 8520
 INFO: Total execution time for kernels is 0.0472746s
 INFO: Computing semblance for m0 = 8540
 INFO: Total execution time for kernels is 0.0461085s
 INFO: Computing semblance for m0 = 8560
 INFO: Total execution time for kernels is 0.0474392s
 INFO: Computing semblance for m0 = 8580
 INFO: Total execution time for kernels is 0.0474527s
 INFO: Computing semblance for m0 = 8600
 INFO: Total execution time for kernels is 0.0485437s
 INFO: Computing semblance for m0 = 8620
 INFO: Total execution time for kernels is 0.0482528s
 INFO: Computing semblance for m0 = 8640
 INFO: Total execution time for kernels is 0.0473531s
 INFO: Computing semblance for m0 = 8660
 INFO: Total execution time for kernels is 0.0484535s
 INFO: Computing semblance for m0 = 8680
 INFO: Total execution time for kernels is 0.0457218s
 INFO: Computing semblance for m0 = 8700
 INFO: Total execution time for kernels is 0.0485924s
 INFO: Computing semblance for m0 = 8720
 INFO: Total execution time for kernels is 0.0457946s
 INFO: Computing semblance for m0 = 8740
 INFO: Total execution time for kernels is 0.0457823s
 INFO: Computing semblance for m0 = 8760
 INFO: Total execution time for kernels is 0.0471483s
 INFO: Computing semblance for m0 = 8780
 INFO: Total execution time for kernels is 0.0474622s
 INFO: Computing semblance for m0 = 8800
 INFO: Total execution time for kernels is 0.0475187s
 INFO: Computing semblance for m0 = 8820
 INFO: Total execution time for kernels is 0.0474236s
 INFO: Computing semblance for m0 = 8840
 INFO: Total execution time for kernels is 0.046017s
 INFO: Computing semblance for m0 = 8860
 INFO: Total execution time for kernels is 0.047356s
 INFO: Computing semblance for m0 = 8880
 INFO: Total execution time for kernels is 0.0475108s
 INFO: Computing semblance for m0 = 8900
 INFO: Total execution time for kernels is 0.0485043s
 INFO: Computing semblance for m0 = 8920
 INFO: Total execution time for kernels is 0.0457685s
 INFO: Computing semblance for m0 = 8940
 INFO: Total execution time for kernels is 0.0485134s
 INFO: Computing semblance for m0 = 8960
 INFO: Total execution time for kernels is 0.047515s
 INFO: Computing semblance for m0 = 8980
 INFO: Total execution time for kernels is 0.0482289s
 INFO: Computing semblance for m0 = 9000
 INFO: Total execution time for kernels is 0.0486297s
 INFO: Computing semblance for m0 = 9020
 INFO: Total execution time for kernels is 0.045914s
 INFO: Computing semblance for m0 = 9040
 INFO: Total execution time for kernels is 0.0457959s
 INFO: Computing semblance for m0 = 9060
 INFO: Total execution time for kernels is 0.0475739s
 INFO: Computing semblance for m0 = 9080
 INFO: Total execution time for kernels is 0.0474851s
 INFO: Computing semblance for m0 = 9100
 INFO: Total execution time for kernels is 0.0476265s
 INFO: Computing semblance for m0 = 9120
 INFO: Total execution time for kernels is 0.0474364s
 INFO: Computing semblance for m0 = 9140
 INFO: Total execution time for kernels is 0.0460598s
 INFO: Computing semblance for m0 = 9160
 INFO: Total execution time for kernels is 0.0474079s
 INFO: Computing semblance for m0 = 9180
 INFO: Total execution time for kernels is 0.0475054s
 INFO: Computing semblance for m0 = 9200
 INFO: Total execution time for kernels is 0.0485381s
 INFO: Computing semblance for m0 = 9220
 INFO: Total execution time for kernels is 0.0457159s
 INFO: Computing semblance for m0 = 9240
 INFO: Total execution time for kernels is 0.048512s
 INFO: Computing semblance for m0 = 9260
 INFO: Total execution time for kernels is 0.0474106s
 INFO: Computing semblance for m0 = 9280
 INFO: Total execution time for kernels is 0.0483131s
 INFO: Computing semblance for m0 = 9300
 INFO: Total execution time for kernels is 0.0459206s
 INFO: Computing semblance for m0 = 9320
 INFO: Total execution time for kernels is 0.0487062s
 INFO: Computing semblance for m0 = 9340
 INFO: Total execution time for kernels is 0.0458399s
 INFO: Computing semblance for m0 = 9360
 INFO: Total execution time for kernels is 0.0476146s
 INFO: Computing semblance for m0 = 9380
 INFO: Total execution time for kernels is 0.0474582s
 INFO: Computing semblance for m0 = 9400
 INFO: Total execution time for kernels is 0.0435953s
 INFO: Computing semblance for m0 = 9420
 INFO: Total execution time for kernels is 0.0438624s
 INFO: Computing semblance for m0 = 9440
 INFO: Total execution time for kernels is 0.0454619s
 INFO: Computing semblance for m0 = 9460
 INFO: Total execution time for kernels is 0.0405728s
 INFO: Computing semblance for m0 = 9480
 INFO: Total execution time for kernels is 0.0398925s
 INFO: Computing semblance for m0 = 9500
 INFO: Total execution time for kernels is 0.0417743s
 INFO: Computing semblance for m0 = 9520
 INFO: Total execution time for kernels is 0.0407163s
 INFO: Computing semblance for m0 = 9540
 INFO: Total execution time for kernels is 0.0366632s
 INFO: Computing semblance for m0 = 9560
 INFO: Total execution time for kernels is 0.0359626s
 INFO: Computing semblance for m0 = 9580
 INFO: Total execution time for kernels is 0.0387114s
 INFO: Computing semblance for m0 = 9600
 INFO: Total execution time for kernels is 0.0331614s
 INFO: Computing semblance for m0 = 9620
 INFO: Total execution time for kernels is 0.0365016s
 INFO: Computing semblance for m0 = 9640
 INFO: Total execution time for kernels is 0.0348846s
 INFO: Computing semblance for m0 = 9660
 INFO: Total execution time for kernels is 0.03137s
 INFO: Computing semblance for m0 = 9680
 INFO: Total execution time for kernels is 0.0323797s
 INFO: Computing semblance for m0 = 9700
 INFO: Total execution time for kernels is 0.0304886s
 INFO: Computing semblance for m0 = 9720
 INFO: Total execution time for kernels is 0.0304961s
 INFO: Total execution time for kernels is 0.0287467s
 INFO: Computing semblance for m0 = 9740
 INFO: Computing semblance for m0 = 9760
 INFO: Total execution time for kernels is 0.0286849s
 INFO: Computing semblance for m0 = 9780
 INFO: Total execution time for kernels is 0.0223263s
 INFO: Computing semblance for m0 = 9800
 INFO: Total execution time for kernels is 0.0249822s
 INFO: Computing semblance for m0 = 9820
 INFO: Total execution time for kernels is 0.0275341s
 INFO: Computing semblance for m0 = 9840
 INFO: Total execution time for kernels is 0.022197s
 INFO: Computing semblance for m0 = 9860
 INFO: Total execution time for kernels is 0.0230747s
 INFO: Computing semblance for m0 = 9880
 INFO: Total execution time for kernels is 0.016948s
 INFO: Computing semblance for m0 = 9900
 INFO: Total execution time for kernels is 0.0252756s
 INFO: Computing semblance for m0 = 9920
 INFO: Total execution time for kernels is 0.0207669s
 INFO: Computing semblance for m0 = 9940
 INFO: Total execution time for kernels is 0.0197123s
 INFO: Total execution time for kernels is 0.0156582s
 INFO: Total execution time for kernels is 0.013892s
 INFO: Total execution time for kernels is 0.0212969s
 INFO: Total execution time for kernels is 0.0156623s
 INFO: Total execution time for kernels is 0.011529s
 INFO: Total execution time for kernels is 0.0139192s
 INFO: Total execution time for kernels is 0.0062139s
 INFO: Total execution time for kernels is 0.0082367s
 INFO: Total execution time for kernels is 0.00600074s
 INFO: Total execution time for kernels is 0.00787071s
 INFO: Total execution time for kernels is 0.0101371s
 INFO: Total execution time for kernels is 0.0195927s
 INFO: Total execution time for kernels is 0.0120451s
 INFO: Total execution time for kernels is 0.0101995s
 INFO: Total execution time for kernels is 0.0259924s
 INFO: Average of efficiency is 1
 INFO: Average of interpolations_per_sec is 2.20924e+10
 INFO: Average of selected_traces is 20.6742
 INFO: Average of total_selection_kernel_exec_time is 0.00821891
 INFO: Average of total_kernel_exec_time is 0.0446545
 INFO: Driver init. duration is 1.00002 s
 INFO: Read gather duration is 0.111612 s
 INFO: Parse args. duration is 0.000237039 s
 INFO: Worker threads duration is 5.0791 s
 INFO: Dump results duration is 0.329696 s
 INFO: Results written to /home/ubuntu/nfs/out/d4e9b53e_master_p2.16xlarge/cmp/greedy/cuda/simple-synthetic_64_4/simple-synthetic_greedy_cmp_20210302_1149/
 INFO: It took 6.52768s to compute.
