 INFO: [readGatherFromFile:119] Number of CDPs = 445
 INFO: [readGatherFromFile:120] Number of traces in the gather = 9200
 INFO: [readGatherFromFile:121] Number of samples per trace = 2502
 INFO: [initialize:24] Initializing traveltime
 INFO: [buildZeroOffsetCommonReflectionSurface:66] Upper bound for A is 0.000866025
 INFO: [buildZeroOffsetCommonReflectionSurface:67] Upper bound for B is 1.97531e-06
 INFO: [initialize:28] Factory initialized
 INFO: [create_worker:27] Device count is 0
 INFO: [parseComputeAlgorithm:28] Generations = 32
 INFO: [parseComputeAlgorithm:32] Individuals per population = 32
 INFO: [run:16] m0 = 1180
 INFO: [activate:15] Activating GPU#0
 INFO: [activate:15] Activating GPU#0
 INFO: [activate:15] Activating GPU#0
 INFO: [selectTracesToBeUsedForMidpoint:113] Selecting traces for m0 = 1180
 INFO: [copyOnlySelectedTracesToDevice:118] Selected 49 traces
 INFO: [copyOnlySelectedTracesToDevice:152] Copy time is 0.000476173
 INFO: [selectTracesToBeUsedForMidpoint:181] Execution time for copying traces is 0.000546443s
 INFO: [saveStatisticalResults:102] Total execution time for selecting traces is 0.000613558s
 INFO: [saveStatisticalResults:104] Total execution time for kernels is 0.0547743s
 INFO: [run:16] m0 = 1340
 INFO: [activate:15] Activating GPU#0
 INFO: [selectTracesToBeUsedForMidpoint:113] Selecting traces for m0 = 1340
 INFO: [copyOnlySelectedTracesToDevice:118] Selected 109 traces
 INFO: [copyOnlySelectedTracesToDevice:152] Copy time is 0.00106492
 INFO: [selectTracesToBeUsedForMidpoint:181] Execution time for copying traces is 0.00118805s
 INFO: [saveStatisticalResults:102] Total execution time for selecting traces is 0.00126283s
 INFO: [saveStatisticalResults:104] Total execution time for kernels is 0.114534s
 INFO: [run:16] m0 = 1500
 INFO: [activate:15] Activating GPU#0
 INFO: [selectTracesToBeUsedForMidpoint:113] Selecting traces for m0 = 1500
 INFO: [copyOnlySelectedTracesToDevice:118] Selected 169 traces
 INFO: [copyOnlySelectedTracesToDevice:152] Copy time is 0.00163523
 INFO: [selectTracesToBeUsedForMidpoint:181] Execution time for copying traces is 0.00204748s
 INFO: [saveStatisticalResults:102] Total execution time for selecting traces is 0.00214684s
 INFO: [saveStatisticalResults:104] Total execution time for kernels is 0.17483s
 INFO: [run:16] m0 = 1660
 INFO: [activate:15] Activating GPU#0
 INFO: [selectTracesToBeUsedForMidpoint:113] Selecting traces for m0 = 1660
 INFO: [copyOnlySelectedTracesToDevice:118] Selected 229 traces
 INFO: [copyOnlySelectedTracesToDevice:152] Copy time is 0.0019803
 INFO: [selectTracesToBeUsedForMidpoint:181] Execution time for copying traces is 0.00242448s
 INFO: [saveStatisticalResults:102] Total execution time for selecting traces is 0.00249974s
 INFO: [saveStatisticalResults:104] Total execution time for kernels is 0.224125s
 INFO: [run:16] m0 = 1820
 INFO: [activate:15] Activating GPU#0
 INFO: [selectTracesToBeUsedForMidpoint:113] Selecting traces for m0 = 1820
 INFO: [copyOnlySelectedTracesToDevice:118] Selected 289 traces
 INFO: [copyOnlySelectedTracesToDevice:152] Copy time is 0.0025972
 INFO: [selectTracesToBeUsedForMidpoint:181] Execution time for copying traces is 0.0030577s
 INFO: [saveStatisticalResults:102] Total execution time for selecting traces is 0.0031375s
 INFO: [saveStatisticalResults:104] Total execution time for kernels is 0.281672s
 INFO: [run:16] m0 = 1980
 INFO: [activate:15] Activating GPU#0
 INFO: [selectTracesToBeUsedForMidpoint:113] Selecting traces for m0 = 1980
 INFO: [copyOnlySelectedTracesToDevice:118] Selected 333 traces
 INFO: [copyOnlySelectedTracesToDevice:152] Copy time is 0.00275739
 INFO: [selectTracesToBeUsedForMidpoint:181] Execution time for copying traces is 0.00317776s
 INFO: [saveStatisticalResults:102] Total execution time for selecting traces is 0.00324965s
 INFO: [saveStatisticalResults:104] Total execution time for kernels is 0.289413s
 INFO: [run:16] m0 = 2140
 INFO: [activate:15] Activating GPU#0
 INFO: [selectTracesToBeUsedForMidpoint:113] Selecting traces for m0 = 2140
 INFO: [copyOnlySelectedTracesToDevice:118] Selected 345 traces
 INFO: [copyOnlySelectedTracesToDevice:152] Copy time is 0.00278006
 INFO: [selectTracesToBeUsedForMidpoint:181] Execution time for copying traces is 0.00322911s
 INFO: [saveStatisticalResults:102] Total execution time for selecting traces is 0.00330426s
 INFO: [saveStatisticalResults:104] Total execution time for kernels is 0.30453s
 INFO: [run:16] m0 = 2300
 INFO: [activate:15] Activating GPU#0
 INFO: [selectTracesToBeUsedForMidpoint:113] Selecting traces for m0 = 2300
 INFO: [copyOnlySelectedTracesToDevice:118] Selected 345 traces
 INFO: [copyOnlySelectedTracesToDevice:152] Copy time is 0.00280733
 INFO: [selectTracesToBeUsedForMidpoint:181] Execution time for copying traces is 0.00322315s
 INFO: [saveStatisticalResults:102] Total execution time for selecting traces is 0.00329594s
 INFO: [saveStatisticalResults:104] Total execution time for kernels is 0.302467s
 INFO: [run:16] m0 = 2460
 INFO: [activate:15] Activating GPU#0
 INFO: [selectTracesToBeUsedForMidpoint:113] Selecting traces for m0 = 2460
 INFO: [copyOnlySelectedTracesToDevice:118] Selected 345 traces
 INFO: [copyOnlySelectedTracesToDevice:152] Copy time is 0.0027749
 INFO: [selectTracesToBeUsedForMidpoint:181] Execution time for copying traces is 0.00318819s
 INFO: [saveStatisticalResults:102] Total execution time for selecting traces is 0.0032606s
 INFO: [saveStatisticalResults:104] Total execution time for kernels is 0.304439s
 INFO: [run:16] m0 = 2620
 INFO: [activate:15] Activating GPU#0
 INFO: [selectTracesToBeUsedForMidpoint:113] Selecting traces for m0 = 2620
 INFO: [copyOnlySelectedTracesToDevice:118] Selected 345 traces
 INFO: [copyOnlySelectedTracesToDevice:152] Copy time is 0.00286879
 INFO: [selectTracesToBeUsedForMidpoint:181] Execution time for copying traces is 0.00329399s
 INFO: [saveStatisticalResults:102] Total execution time for selecting traces is 0.00336684s
 INFO: [saveStatisticalResults:104] Total execution time for kernels is 0.303513s
 INFO: [run:16] m0 = 2780
 INFO: [activate:15] Activating GPU#0
 INFO: [selectTracesToBeUsedForMidpoint:113] Selecting traces for m0 = 2780
 INFO: [copyOnlySelectedTracesToDevice:118] Selected 345 traces
 INFO: [copyOnlySelectedTracesToDevice:152] Copy time is 0.00274484
 INFO: [selectTracesToBeUsedForMidpoint:181] Execution time for copying traces is 0.00318244s
 INFO: [saveStatisticalResults:102] Total execution time for selecting traces is 0.00325535s
 INFO: [saveStatisticalResults:104] Total execution time for kernels is 0.29814s
 INFO: [run:16] m0 = 2940
 INFO: [activate:15] Activating GPU#0
 INFO: [selectTracesToBeUsedForMidpoint:113] Selecting traces for m0 = 2940
 INFO: [copyOnlySelectedTracesToDevice:118] Selected 345 traces
 INFO: [copyOnlySelectedTracesToDevice:152] Copy time is 0.00281386
 INFO: [selectTracesToBeUsedForMidpoint:181] Execution time for copying traces is 0.00323037s
 INFO: [saveStatisticalResults:102] Total execution time for selecting traces is 0.00330249s
 INFO: [saveStatisticalResults:104] Total execution time for kernels is 0.319246s
 INFO: [run:16] m0 = 3100
 INFO: [activate:15] Activating GPU#0
 INFO: [selectTracesToBeUsedForMidpoint:113] Selecting traces for m0 = 3100
 INFO: [copyOnlySelectedTracesToDevice:118] Selected 345 traces
 INFO: [copyOnlySelectedTracesToDevice:152] Copy time is 0.00278704
 INFO: [selectTracesToBeUsedForMidpoint:181] Execution time for copying traces is 0.00320351s
 INFO: [saveStatisticalResults:102] Total execution time for selecting traces is 0.00327717s
 INFO: [saveStatisticalResults:104] Total execution time for kernels is 0.30903s
 INFO: [run:16] m0 = 3260
 INFO: [activate:15] Activating GPU#0
 INFO: [selectTracesToBeUsedForMidpoint:113] Selecting traces for m0 = 3260
 INFO: [copyOnlySelectedTracesToDevice:118] Selected 345 traces
 INFO: [copyOnlySelectedTracesToDevice:152] Copy time is 0.00280091
 INFO: [selectTracesToBeUsedForMidpoint:181] Execution time for copying traces is 0.00324562s
 INFO: [saveStatisticalResults:102] Total execution time for selecting traces is 0.00331714s
 INFO: [saveStatisticalResults:104] Total execution time for kernels is 0.301313s
 INFO: [run:16] m0 = 3420
 INFO: [activate:15] Activating GPU#0
 INFO: [selectTracesToBeUsedForMidpoint:113] Selecting traces for m0 = 3420
 INFO: [copyOnlySelectedTracesToDevice:118] Selected 345 traces
 INFO: [copyOnlySelectedTracesToDevice:152] Copy time is 0.0027495
 INFO: [selectTracesToBeUsedForMidpoint:181] Execution time for copying traces is 0.00320696s
 INFO: [saveStatisticalResults:102] Total execution time for selecting traces is 0.00327858s
 INFO: [saveStatisticalResults:104] Total execution time for kernels is 0.305261s
 INFO: [run:16] m0 = 3580
 INFO: [activate:15] Activating GPU#0
 INFO: [selectTracesToBeUsedForMidpoint:113] Selecting traces for m0 = 3580
 INFO: [copyOnlySelectedTracesToDevice:118] Selected 345 traces
 INFO: [copyOnlySelectedTracesToDevice:152] Copy time is 0.00281214
 INFO: [selectTracesToBeUsedForMidpoint:181] Execution time for copying traces is 0.00324984s
 INFO: [saveStatisticalResults:102] Total execution time for selecting traces is 0.00332534s
 INFO: [saveStatisticalResults:104] Total execution time for kernels is 0.302736s
 INFO: [run:16] m0 = 3740
 INFO: [activate:15] Activating GPU#0
 INFO: [selectTracesToBeUsedForMidpoint:113] Selecting traces for m0 = 3740
 INFO: [copyOnlySelectedTracesToDevice:118] Selected 345 traces
 INFO: [copyOnlySelectedTracesToDevice:152] Copy time is 0.00276421
 INFO: [selectTracesToBeUsedForMidpoint:181] Execution time for copying traces is 0.00320114s
 INFO: [saveStatisticalResults:102] Total execution time for selecting traces is 0.00327419s
 INFO: [saveStatisticalResults:104] Total execution time for kernels is 0.307612s
 INFO: [run:16] m0 = 3900
 INFO: [activate:15] Activating GPU#0
 INFO: [selectTracesToBeUsedForMidpoint:113] Selecting traces for m0 = 3900
 INFO: [copyOnlySelectedTracesToDevice:118] Selected 345 traces
 INFO: [copyOnlySelectedTracesToDevice:152] Copy time is 0.00280482
 INFO: [selectTracesToBeUsedForMidpoint:181] Execution time for copying traces is 0.00323945s
 INFO: [saveStatisticalResults:102] Total execution time for selecting traces is 0.00331637s
 INFO: [saveStatisticalResults:104] Total execution time for kernels is 0.309023s
 INFO: [run:16] m0 = 4060
 INFO: [activate:15] Activating GPU#0
 INFO: [selectTracesToBeUsedForMidpoint:113] Selecting traces for m0 = 4060
 INFO: [copyOnlySelectedTracesToDevice:118] Selected 345 traces
 INFO: [copyOnlySelectedTracesToDevice:152] Copy time is 0.00280236
 INFO: [selectTracesToBeUsedForMidpoint:181] Execution time for copying traces is 0.00323485s
 INFO: [saveStatisticalResults:102] Total execution time for selecting traces is 0.00330784s
 INFO: [saveStatisticalResults:104] Total execution time for kernels is 0.305994s
 INFO: [run:16] m0 = 4220
 INFO: [activate:15] Activating GPU#0
 INFO: [selectTracesToBeUsedForMidpoint:113] Selecting traces for m0 = 4220
 INFO: [copyOnlySelectedTracesToDevice:118] Selected 345 traces
 INFO: [copyOnlySelectedTracesToDevice:152] Copy time is 0.00276238
 INFO: [selectTracesToBeUsedForMidpoint:181] Execution time for copying traces is 0.00318611s
 INFO: [saveStatisticalResults:102] Total execution time for selecting traces is 0.00328523s
 INFO: [saveStatisticalResults:104] Total execution time for kernels is 0.303013s
 INFO: [run:16] m0 = 4380
 INFO: [activate:15] Activating GPU#0
 INFO: [selectTracesToBeUsedForMidpoint:113] Selecting traces for m0 = 4380
 INFO: [copyOnlySelectedTracesToDevice:118] Selected 345 traces
 INFO: [copyOnlySelectedTracesToDevice:152] Copy time is 0.00273194
 INFO: [selectTracesToBeUsedForMidpoint:181] Execution time for copying traces is 0.00315082s
 INFO: [saveStatisticalResults:102] Total execution time for selecting traces is 0.00322337s
 INFO: [saveStatisticalResults:104] Total execution time for kernels is 0.334302s
 INFO: [run:16] m0 = 4540
 INFO: [activate:15] Activating GPU#0
 INFO: [selectTracesToBeUsedForMidpoint:113] Selecting traces for m0 = 4540
 INFO: [copyOnlySelectedTracesToDevice:118] Selected 345 traces
 INFO: [copyOnlySelectedTracesToDevice:152] Copy time is 0.00276059
 INFO: [selectTracesToBeUsedForMidpoint:181] Execution time for copying traces is 0.0032374s
 INFO: [saveStatisticalResults:102] Total execution time for selecting traces is 0.00330986s
 INFO: [saveStatisticalResults:104] Total execution time for kernels is 0.311575s
 INFO: [run:16] m0 = 4700
 INFO: [activate:15] Activating GPU#0
 INFO: [selectTracesToBeUsedForMidpoint:113] Selecting traces for m0 = 4700
 INFO: [copyOnlySelectedTracesToDevice:118] Selected 345 traces
 INFO: [copyOnlySelectedTracesToDevice:152] Copy time is 0.00281494
 INFO: [selectTracesToBeUsedForMidpoint:181] Execution time for copying traces is 0.00329276s
 INFO: [saveStatisticalResults:102] Total execution time for selecting traces is 0.00336638s
 INFO: [saveStatisticalResults:104] Total execution time for kernels is 0.30319s
 INFO: [run:16] m0 = 4860
 INFO: [activate:15] Activating GPU#0
 INFO: [selectTracesToBeUsedForMidpoint:113] Selecting traces for m0 = 4860
 INFO: [copyOnlySelectedTracesToDevice:118] Selected 345 traces
 INFO: [copyOnlySelectedTracesToDevice:152] Copy time is 0.00276671
 INFO: [selectTracesToBeUsedForMidpoint:181] Execution time for copying traces is 0.00322922s
 INFO: [saveStatisticalResults:102] Total execution time for selecting traces is 0.00330041s
 INFO: [saveStatisticalResults:104] Total execution time for kernels is 0.309542s
 INFO: [run:16] m0 = 5020
 INFO: [activate:15] Activating GPU#0
 INFO: [selectTracesToBeUsedForMidpoint:113] Selecting traces for m0 = 5020
 INFO: [copyOnlySelectedTracesToDevice:118] Selected 345 traces
 INFO: [copyOnlySelectedTracesToDevice:152] Copy time is 0.002776
 INFO: [selectTracesToBeUsedForMidpoint:181] Execution time for copying traces is 0.00321944s
 INFO: [saveStatisticalResults:102] Total execution time for selecting traces is 0.00330719s
 INFO: [saveStatisticalResults:104] Total execution time for kernels is 0.305844s
 INFO: [run:16] m0 = 5180
 INFO: [activate:15] Activating GPU#0
 INFO: [selectTracesToBeUsedForMidpoint:113] Selecting traces for m0 = 5180
 INFO: [copyOnlySelectedTracesToDevice:118] Selected 345 traces
 INFO: [copyOnlySelectedTracesToDevice:152] Copy time is 0.0027502
 INFO: [selectTracesToBeUsedForMidpoint:181] Execution time for copying traces is 0.00321088s
 INFO: [saveStatisticalResults:102] Total execution time for selecting traces is 0.00330917s
 INFO: [saveStatisticalResults:104] Total execution time for kernels is 0.304472s
 INFO: [run:16] m0 = 5340
 INFO: [activate:15] Activating GPU#0
 INFO: [selectTracesToBeUsedForMidpoint:113] Selecting traces for m0 = 5340
 INFO: [copyOnlySelectedTracesToDevice:118] Selected 345 traces
 INFO: [copyOnlySelectedTracesToDevice:152] Copy time is 0.00277933
 INFO: [selectTracesToBeUsedForMidpoint:181] Execution time for copying traces is 0.00326141s
 INFO: [saveStatisticalResults:102] Total execution time for selecting traces is 0.00333381s
 INFO: [saveStatisticalResults:104] Total execution time for kernels is 0.303534s
 INFO: [run:16] m0 = 5500
 INFO: [activate:15] Activating GPU#0
 INFO: [selectTracesToBeUsedForMidpoint:113] Selecting traces for m0 = 5500
 INFO: [copyOnlySelectedTracesToDevice:118] Selected 345 traces
 INFO: [copyOnlySelectedTracesToDevice:152] Copy time is 0.00278191
 INFO: [selectTracesToBeUsedForMidpoint:181] Execution time for copying traces is 0.00321563s
 INFO: [saveStatisticalResults:102] Total execution time for selecting traces is 0.00331411s
 INFO: [saveStatisticalResults:104] Total execution time for kernels is 0.321577s
 INFO: [run:16] m0 = 5660
 INFO: [activate:15] Activating GPU#0
 INFO: [selectTracesToBeUsedForMidpoint:113] Selecting traces for m0 = 5660
 INFO: [copyOnlySelectedTracesToDevice:118] Selected 345 traces
 INFO: [copyOnlySelectedTracesToDevice:152] Copy time is 0.00277257
 INFO: [selectTracesToBeUsedForMidpoint:181] Execution time for copying traces is 0.00320687s
 INFO: [saveStatisticalResults:102] Total execution time for selecting traces is 0.00328773s
 INFO: [saveStatisticalResults:104] Total execution time for kernels is 0.302371s
 INFO: [run:16] m0 = 5820
 INFO: [activate:15] Activating GPU#0
 INFO: [selectTracesToBeUsedForMidpoint:113] Selecting traces for m0 = 5820
 INFO: [copyOnlySelectedTracesToDevice:118] Selected 345 traces
 INFO: [copyOnlySelectedTracesToDevice:152] Copy time is 0.00280555
 INFO: [selectTracesToBeUsedForMidpoint:181] Execution time for copying traces is 0.00324325s
 INFO: [saveStatisticalResults:102] Total execution time for selecting traces is 0.00334173s
 INFO: [saveStatisticalResults:104] Total execution time for kernels is 0.305151s
 INFO: [run:16] m0 = 5980
 INFO: [activate:15] Activating GPU#0
 INFO: [selectTracesToBeUsedForMidpoint:113] Selecting traces for m0 = 5980
 INFO: [copyOnlySelectedTracesToDevice:118] Selected 345 traces
 INFO: [copyOnlySelectedTracesToDevice:152] Copy time is 0.00275454
 INFO: [selectTracesToBeUsedForMidpoint:181] Execution time for copying traces is 0.00315957s
 INFO: [saveStatisticalResults:102] Total execution time for selecting traces is 0.00322888s
 INFO: [saveStatisticalResults:104] Total execution time for kernels is 0.303745s
 INFO: [run:16] m0 = 6140
 INFO: [activate:15] Activating GPU#0
 INFO: [selectTracesToBeUsedForMidpoint:113] Selecting traces for m0 = 6140
 INFO: [copyOnlySelectedTracesToDevice:118] Selected 345 traces
 INFO: [copyOnlySelectedTracesToDevice:152] Copy time is 0.00281518
 INFO: [selectTracesToBeUsedForMidpoint:181] Execution time for copying traces is 0.00325942s
 INFO: [saveStatisticalResults:102] Total execution time for selecting traces is 0.00333235s
 INFO: [saveStatisticalResults:104] Total execution time for kernels is 0.302031s
 INFO: [run:16] m0 = 6300
 INFO: [activate:15] Activating GPU#0
 INFO: [selectTracesToBeUsedForMidpoint:113] Selecting traces for m0 = 6300
 INFO: [copyOnlySelectedTracesToDevice:118] Selected 345 traces
 INFO: [copyOnlySelectedTracesToDevice:152] Copy time is 0.00276238
 INFO: [selectTracesToBeUsedForMidpoint:181] Execution time for copying traces is 0.00318962s
 INFO: [saveStatisticalResults:102] Total execution time for selecting traces is 0.00326127s
 INFO: [saveStatisticalResults:104] Total execution time for kernels is 0.301747s
 INFO: [run:16] m0 = 6460
 INFO: [activate:15] Activating GPU#0
 INFO: [selectTracesToBeUsedForMidpoint:113] Selecting traces for m0 = 6460
 INFO: [copyOnlySelectedTracesToDevice:118] Selected 345 traces
 INFO: [copyOnlySelectedTracesToDevice:152] Copy time is 0.0027693
 INFO: [selectTracesToBeUsedForMidpoint:181] Execution time for copying traces is 0.00318938s
 INFO: [saveStatisticalResults:102] Total execution time for selecting traces is 0.00326026s
 INFO: [saveStatisticalResults:104] Total execution time for kernels is 0.305642s
 INFO: [run:16] m0 = 6620
 INFO: [activate:15] Activating GPU#0
 INFO: [selectTracesToBeUsedForMidpoint:113] Selecting traces for m0 = 6620
 INFO: [copyOnlySelectedTracesToDevice:118] Selected 345 traces
 INFO: [copyOnlySelectedTracesToDevice:152] Copy time is 0.0027683
 INFO: [selectTracesToBeUsedForMidpoint:181] Execution time for copying traces is 0.0031779s
 INFO: [saveStatisticalResults:102] Total execution time for selecting traces is 0.0032489s
 INFO: [saveStatisticalResults:104] Total execution time for kernels is 0.307658s
 INFO: [run:16] m0 = 6780
 INFO: [activate:15] Activating GPU#0
 INFO: [selectTracesToBeUsedForMidpoint:113] Selecting traces for m0 = 6780
 INFO: [copyOnlySelectedTracesToDevice:118] Selected 345 traces
 INFO: [copyOnlySelectedTracesToDevice:152] Copy time is 0.00273941
 INFO: [selectTracesToBeUsedForMidpoint:181] Execution time for copying traces is 0.00315333s
 INFO: [saveStatisticalResults:102] Total execution time for selecting traces is 0.00322482s
 INFO: [saveStatisticalResults:104] Total execution time for kernels is 0.297703s
 INFO: [run:16] m0 = 6940
 INFO: [activate:15] Activating GPU#0
 INFO: [selectTracesToBeUsedForMidpoint:113] Selecting traces for m0 = 6940
 INFO: [copyOnlySelectedTracesToDevice:118] Selected 345 traces
 INFO: [copyOnlySelectedTracesToDevice:152] Copy time is 0.00276211
 INFO: [selectTracesToBeUsedForMidpoint:181] Execution time for copying traces is 0.00319798s
 INFO: [saveStatisticalResults:102] Total execution time for selecting traces is 0.0032864s
 INFO: [saveStatisticalResults:104] Total execution time for kernels is 0.335287s
 INFO: [run:16] m0 = 7100
 INFO: [activate:15] Activating GPU#0
 INFO: [selectTracesToBeUsedForMidpoint:113] Selecting traces for m0 = 7100
 INFO: [copyOnlySelectedTracesToDevice:118] Selected 345 traces
 INFO: [copyOnlySelectedTracesToDevice:152] Copy time is 0.00280467
 INFO: [selectTracesToBeUsedForMidpoint:181] Execution time for copying traces is 0.00327256s
 INFO: [saveStatisticalResults:102] Total execution time for selecting traces is 0.00336209s
 INFO: [saveStatisticalResults:104] Total execution time for kernels is 0.304955s
 INFO: [run:16] m0 = 7260
 INFO: [activate:15] Activating GPU#0
 INFO: [selectTracesToBeUsedForMidpoint:113] Selecting traces for m0 = 7260
 INFO: [copyOnlySelectedTracesToDevice:118] Selected 345 traces
 INFO: [copyOnlySelectedTracesToDevice:152] Copy time is 0.00283318
 INFO: [selectTracesToBeUsedForMidpoint:181] Execution time for copying traces is 0.00328294s
 INFO: [saveStatisticalResults:102] Total execution time for selecting traces is 0.00336983s
 INFO: [saveStatisticalResults:104] Total execution time for kernels is 0.303446s
 INFO: [run:16] m0 = 7420
 INFO: [activate:15] Activating GPU#0
 INFO: [selectTracesToBeUsedForMidpoint:113] Selecting traces for m0 = 7420
 INFO: [copyOnlySelectedTracesToDevice:118] Selected 345 traces
 INFO: [copyOnlySelectedTracesToDevice:152] Copy time is 0.00276731
 INFO: [selectTracesToBeUsedForMidpoint:181] Execution time for copying traces is 0.0031869s
 INFO: [saveStatisticalResults:102] Total execution time for selecting traces is 0.00326083s
 INFO: [saveStatisticalResults:104] Total execution time for kernels is 0.30139s
 INFO: [run:16] m0 = 7580
 INFO: [activate:15] Activating GPU#0
 INFO: [selectTracesToBeUsedForMidpoint:113] Selecting traces for m0 = 7580
 INFO: [copyOnlySelectedTracesToDevice:118] Selected 345 traces
 INFO: [copyOnlySelectedTracesToDevice:152] Copy time is 0.00277859
 INFO: [selectTracesToBeUsedForMidpoint:181] Execution time for copying traces is 0.00323659s
 INFO: [saveStatisticalResults:102] Total execution time for selecting traces is 0.00330869s
 INFO: [saveStatisticalResults:104] Total execution time for kernels is 0.300489s
 INFO: [run:16] m0 = 7740
 INFO: [activate:15] Activating GPU#0
 INFO: [selectTracesToBeUsedForMidpoint:113] Selecting traces for m0 = 7740
 INFO: [copyOnlySelectedTracesToDevice:118] Selected 345 traces
 INFO: [copyOnlySelectedTracesToDevice:152] Copy time is 0.00284035
 INFO: [selectTracesToBeUsedForMidpoint:181] Execution time for copying traces is 0.00328056s
 INFO: [saveStatisticalResults:102] Total execution time for selecting traces is 0.00335293s
 INFO: [saveStatisticalResults:104] Total execution time for kernels is 0.296486s
 INFO: [run:16] m0 = 7900
 INFO: [activate:15] Activating GPU#0
 INFO: [selectTracesToBeUsedForMidpoint:113] Selecting traces for m0 = 7900
 INFO: [copyOnlySelectedTracesToDevice:118] Selected 345 traces
 INFO: [copyOnlySelectedTracesToDevice:152] Copy time is 0.00272399
 INFO: [selectTracesToBeUsedForMidpoint:181] Execution time for copying traces is 0.00316092s
 INFO: [saveStatisticalResults:102] Total execution time for selecting traces is 0.00325719s
 INFO: [saveStatisticalResults:104] Total execution time for kernels is 0.299977s
 INFO: [run:16] m0 = 8060
 INFO: [activate:15] Activating GPU#0
 INFO: [selectTracesToBeUsedForMidpoint:113] Selecting traces for m0 = 8060
 INFO: [copyOnlySelectedTracesToDevice:118] Selected 345 traces
 INFO: [copyOnlySelectedTracesToDevice:152] Copy time is 0.00280617
 INFO: [selectTracesToBeUsedForMidpoint:181] Execution time for copying traces is 0.00325096s
 INFO: [saveStatisticalResults:102] Total execution time for selecting traces is 0.00335198s
 INFO: [saveStatisticalResults:104] Total execution time for kernels is 0.291831s
 INFO: [run:16] m0 = 8220
 INFO: [activate:15] Activating GPU#0
 INFO: [selectTracesToBeUsedForMidpoint:113] Selecting traces for m0 = 8220
 INFO: [copyOnlySelectedTracesToDevice:118] Selected 345 traces
 INFO: [copyOnlySelectedTracesToDevice:152] Copy time is 0.00281401
 INFO: [selectTracesToBeUsedForMidpoint:181] Execution time for copying traces is 0.00324155s
 INFO: [saveStatisticalResults:102] Total execution time for selecting traces is 0.00332555s
 INFO: [saveStatisticalResults:104] Total execution time for kernels is 0.332981s
 INFO: [run:16] m0 = 8380
 INFO: [activate:15] Activating GPU#0
 INFO: [selectTracesToBeUsedForMidpoint:113] Selecting traces for m0 = 8380
 INFO: [copyOnlySelectedTracesToDevice:118] Selected 345 traces
 INFO: [copyOnlySelectedTracesToDevice:152] Copy time is 0.00281854
 INFO: [selectTracesToBeUsedForMidpoint:181] Execution time for copying traces is 0.00322704s
 INFO: [saveStatisticalResults:102] Total execution time for selecting traces is 0.00329729s
 INFO: [saveStatisticalResults:104] Total execution time for kernels is 0.301457s
 INFO: [run:16] m0 = 8540
 INFO: [activate:15] Activating GPU#0
 INFO: [selectTracesToBeUsedForMidpoint:113] Selecting traces for m0 = 8540
 INFO: [copyOnlySelectedTracesToDevice:118] Selected 345 traces
 INFO: [copyOnlySelectedTracesToDevice:152] Copy time is 0.00274476
 INFO: [selectTracesToBeUsedForMidpoint:181] Execution time for copying traces is 0.00316512s
 INFO: [saveStatisticalResults:102] Total execution time for selecting traces is 0.00323771s
 INFO: [saveStatisticalResults:104] Total execution time for kernels is 0.30141s
 INFO: [run:16] m0 = 8700
 INFO: [activate:15] Activating GPU#0
 INFO: [selectTracesToBeUsedForMidpoint:113] Selecting traces for m0 = 8700
 INFO: [copyOnlySelectedTracesToDevice:118] Selected 345 traces
 INFO: [copyOnlySelectedTracesToDevice:152] Copy time is 0.0027797
 INFO: [selectTracesToBeUsedForMidpoint:181] Execution time for copying traces is 0.00319685s
 INFO: [saveStatisticalResults:102] Total execution time for selecting traces is 0.00326774s
 INFO: [saveStatisticalResults:104] Total execution time for kernels is 0.301755s
 INFO: [run:16] m0 = 8860
 INFO: [activate:15] Activating GPU#0
 INFO: [selectTracesToBeUsedForMidpoint:113] Selecting traces for m0 = 8860
 INFO: [copyOnlySelectedTracesToDevice:118] Selected 345 traces
 INFO: [copyOnlySelectedTracesToDevice:152] Copy time is 0.00276159
 INFO: [selectTracesToBeUsedForMidpoint:181] Execution time for copying traces is 0.00322004s
 INFO: [saveStatisticalResults:102] Total execution time for selecting traces is 0.00330441s
 INFO: [saveStatisticalResults:104] Total execution time for kernels is 0.298495s
 INFO: [run:16] m0 = 9020
 INFO: [activate:15] Activating GPU#0
 INFO: [selectTracesToBeUsedForMidpoint:113] Selecting traces for m0 = 9020
 INFO: [copyOnlySelectedTracesToDevice:118] Selected 336 traces
 INFO: [copyOnlySelectedTracesToDevice:152] Copy time is 0.00273214
 INFO: [selectTracesToBeUsedForMidpoint:181] Execution time for copying traces is 0.0031745s
 INFO: [saveStatisticalResults:102] Total execution time for selecting traces is 0.00324557s
 INFO: [saveStatisticalResults:104] Total execution time for kernels is 0.294225s
 INFO: [run:16] m0 = 9180
 INFO: [activate:15] Activating GPU#0
 INFO: [selectTracesToBeUsedForMidpoint:113] Selecting traces for m0 = 9180
 INFO: [copyOnlySelectedTracesToDevice:118] Selected 296 traces
 INFO: [copyOnlySelectedTracesToDevice:152] Copy time is 0.00235188
 INFO: [selectTracesToBeUsedForMidpoint:181] Execution time for copying traces is 0.00276132s
 INFO: [saveStatisticalResults:102] Total execution time for selecting traces is 0.00283233s
 INFO: [saveStatisticalResults:104] Total execution time for kernels is 0.248s
 INFO: [run:16] m0 = 9340
 INFO: [activate:15] Activating GPU#0
 INFO: [selectTracesToBeUsedForMidpoint:113] Selecting traces for m0 = 9340
 INFO: [copyOnlySelectedTracesToDevice:118] Selected 236 traces
 INFO: [copyOnlySelectedTracesToDevice:152] Copy time is 0.00189788
 INFO: [selectTracesToBeUsedForMidpoint:181] Execution time for copying traces is 0.00232469s
 INFO: [saveStatisticalResults:102] Total execution time for selecting traces is 0.00239794s
 INFO: [saveStatisticalResults:104] Total execution time for kernels is 0.191707s
 INFO: [run:16] m0 = 9500
 INFO: [activate:15] Activating GPU#0
 INFO: [selectTracesToBeUsedForMidpoint:113] Selecting traces for m0 = 9500
 INFO: [copyOnlySelectedTracesToDevice:118] Selected 176 traces
 INFO: [copyOnlySelectedTracesToDevice:152] Copy time is 0.00140076
 INFO: [selectTracesToBeUsedForMidpoint:181] Execution time for copying traces is 0.00180789s
 INFO: [saveStatisticalResults:102] Total execution time for selecting traces is 0.0018837s
 INFO: [saveStatisticalResults:104] Total execution time for kernels is 0.137591s
 INFO: [run:16] m0 = 9660
 INFO: [activate:15] Activating GPU#0
 INFO: [selectTracesToBeUsedForMidpoint:113] Selecting traces for m0 = 9660
 INFO: [copyOnlySelectedTracesToDevice:118] Selected 116 traces
 INFO: [copyOnlySelectedTracesToDevice:152] Copy time is 0.00103109
 INFO: [selectTracesToBeUsedForMidpoint:181] Execution time for copying traces is 0.00131265s
 INFO: [saveStatisticalResults:102] Total execution time for selecting traces is 0.00139213s
 INFO: [saveStatisticalResults:104] Total execution time for kernels is 0.098556s
 INFO: [run:16] m0 = 9820
 INFO: [activate:15] Activating GPU#0
 INFO: [selectTracesToBeUsedForMidpoint:113] Selecting traces for m0 = 9820
 INFO: [copyOnlySelectedTracesToDevice:118] Selected 56 traces
 INFO: [copyOnlySelectedTracesToDevice:152] Copy time is 0.00049849
 INFO: [selectTracesToBeUsedForMidpoint:181] Execution time for copying traces is 0.000605652s
 INFO: [saveStatisticalResults:102] Total execution time for selecting traces is 0.000700465s
 INFO: [saveStatisticalResults:104] Total execution time for kernels is 0.0452329s
 INFO: [run:16] m0 = 9860
 INFO: [activate:15] Activating GPU#0
 INFO: [selectTracesToBeUsedForMidpoint:113] Selecting traces for m0 = 9860
 INFO: [copyOnlySelectedTracesToDevice:118] Selected 42 traces
 INFO: [copyOnlySelectedTracesToDevice:152] Copy time is 0.000372132
 INFO: [selectTracesToBeUsedForMidpoint:181] Execution time for copying traces is 0.000481838s
 INFO: [saveStatisticalResults:102] Total execution time for selecting traces is 0.000578372s
 INFO: [saveStatisticalResults:104] Total execution time for kernels is 0.0338898s
