 INFO: [readGatherFromFile:119] Number of CDPs = 445
 INFO: [readGatherFromFile:120] Number of traces in the gather = 9200
 INFO: [readGatherFromFile:121] Number of samples per trace = 2502
 INFO: [initialize:24] Initializing traveltime
 INFO: [initialize:28] Factory initialized
 INFO: [create_worker:27] Device count is 0
 INFO: [parseComputeAlgorithm:28] Generations = 32
 INFO: [parseComputeAlgorithm:32] Individuals per population = 32
 INFO: [run:16] m0 = 1180
 INFO: [activate:15] Activating GPU#0
 INFO: [activate:15] Activating GPU#0
 INFO: [activate:15] Activating GPU#0
 INFO: [selectTracesToBeUsedForMidpoint:113] Selecting traces for m0 = 1180
 INFO: [copyOnlySelectedTracesToDevice:118] Selected 465 traces
 INFO: [copyOnlySelectedTracesToDevice:152] Copy time is 0.0043909
 INFO: [selectTracesToBeUsedForMidpoint:181] Execution time for copying traces is 0.00467934s
 INFO: [saveStatisticalResults:102] Total execution time for selecting traces is 0.0473655s
 INFO: [saveStatisticalResults:104] Total execution time for kernels is 0.112063s
 INFO: [run:16] m0 = 1340
 INFO: [activate:15] Activating GPU#0
 INFO: [selectTracesToBeUsedForMidpoint:113] Selecting traces for m0 = 1340
 INFO: [copyOnlySelectedTracesToDevice:118] Selected 595 traces
 INFO: [copyOnlySelectedTracesToDevice:152] Copy time is 0.00490259
 INFO: [selectTracesToBeUsedForMidpoint:181] Execution time for copying traces is 0.00532099s
 INFO: [saveStatisticalResults:102] Total execution time for selecting traces is 0.0477775s
 INFO: [saveStatisticalResults:104] Total execution time for kernels is 0.132505s
 INFO: [run:16] m0 = 1500
 INFO: [activate:15] Activating GPU#0
 INFO: [selectTracesToBeUsedForMidpoint:113] Selecting traces for m0 = 1500
 INFO: [copyOnlySelectedTracesToDevice:118] Selected 741 traces
 INFO: [copyOnlySelectedTracesToDevice:152] Copy time is 0.00616623
 INFO: [selectTracesToBeUsedForMidpoint:181] Execution time for copying traces is 0.00675226s
 INFO: [saveStatisticalResults:102] Total execution time for selecting traces is 0.0231333s
 INFO: [saveStatisticalResults:104] Total execution time for kernels is 0.232103s
 INFO: [run:16] m0 = 1660
 INFO: [activate:15] Activating GPU#0
 INFO: [selectTracesToBeUsedForMidpoint:113] Selecting traces for m0 = 1660
 INFO: [copyOnlySelectedTracesToDevice:118] Selected 903 traces
 INFO: [copyOnlySelectedTracesToDevice:152] Copy time is 0.00723954
 INFO: [selectTracesToBeUsedForMidpoint:181] Execution time for copying traces is 0.00776629s
 INFO: [saveStatisticalResults:102] Total execution time for selecting traces is 0.024098s
 INFO: [saveStatisticalResults:104] Total execution time for kernels is 0.36328s
 INFO: [run:16] m0 = 1820
 INFO: [activate:15] Activating GPU#0
 INFO: [selectTracesToBeUsedForMidpoint:113] Selecting traces for m0 = 1820
 INFO: [copyOnlySelectedTracesToDevice:118] Selected 1081 traces
 INFO: [copyOnlySelectedTracesToDevice:152] Copy time is 0.0085846
 INFO: [selectTracesToBeUsedForMidpoint:181] Execution time for copying traces is 0.00920305s
 INFO: [saveStatisticalResults:102] Total execution time for selecting traces is 0.0255087s
 INFO: [saveStatisticalResults:104] Total execution time for kernels is 0.524305s
 INFO: [run:16] m0 = 1980
 INFO: [activate:15] Activating GPU#0
 INFO: [selectTracesToBeUsedForMidpoint:113] Selecting traces for m0 = 1980
 INFO: [copyOnlySelectedTracesToDevice:118] Selected 1265 traces
 INFO: [copyOnlySelectedTracesToDevice:152] Copy time is 0.0101977
 INFO: [selectTracesToBeUsedForMidpoint:181] Execution time for copying traces is 0.010874s
 INFO: [saveStatisticalResults:102] Total execution time for selecting traces is 0.0272032s
 INFO: [saveStatisticalResults:104] Total execution time for kernels is 0.667339s
 INFO: [run:16] m0 = 2140
 INFO: [activate:15] Activating GPU#0
 INFO: [selectTracesToBeUsedForMidpoint:113] Selecting traces for m0 = 2140
 INFO: [copyOnlySelectedTracesToDevice:118] Selected 1449 traces
 INFO: [copyOnlySelectedTracesToDevice:152] Copy time is 0.0116344
 INFO: [selectTracesToBeUsedForMidpoint:181] Execution time for copying traces is 0.0123763s
 INFO: [saveStatisticalResults:102] Total execution time for selecting traces is 0.0287328s
 INFO: [saveStatisticalResults:104] Total execution time for kernels is 0.681742s
 INFO: [run:16] m0 = 2300
 INFO: [activate:15] Activating GPU#0
 INFO: [selectTracesToBeUsedForMidpoint:113] Selecting traces for m0 = 2300
 INFO: [copyOnlySelectedTracesToDevice:118] Selected 1449 traces
 INFO: [copyOnlySelectedTracesToDevice:152] Copy time is 0.0117425
 INFO: [selectTracesToBeUsedForMidpoint:181] Execution time for copying traces is 0.0125002s
 INFO: [saveStatisticalResults:102] Total execution time for selecting traces is 0.0288648s
 INFO: [saveStatisticalResults:104] Total execution time for kernels is 0.68332s
 INFO: [run:16] m0 = 2460
 INFO: [activate:15] Activating GPU#0
 INFO: [selectTracesToBeUsedForMidpoint:113] Selecting traces for m0 = 2460
 INFO: [copyOnlySelectedTracesToDevice:118] Selected 1449 traces
 INFO: [copyOnlySelectedTracesToDevice:152] Copy time is 0.0116487
 INFO: [selectTracesToBeUsedForMidpoint:181] Execution time for copying traces is 0.0123825s
 INFO: [saveStatisticalResults:102] Total execution time for selecting traces is 0.0287016s
 INFO: [saveStatisticalResults:104] Total execution time for kernels is 0.68311s
 INFO: [run:16] m0 = 2620
 INFO: [activate:15] Activating GPU#0
 INFO: [selectTracesToBeUsedForMidpoint:113] Selecting traces for m0 = 2620
 INFO: [copyOnlySelectedTracesToDevice:118] Selected 1449 traces
 INFO: [copyOnlySelectedTracesToDevice:152] Copy time is 0.0116448
 INFO: [selectTracesToBeUsedForMidpoint:181] Execution time for copying traces is 0.0123822s
 INFO: [saveStatisticalResults:102] Total execution time for selecting traces is 0.028736s
 INFO: [saveStatisticalResults:104] Total execution time for kernels is 0.69584s
 INFO: [run:16] m0 = 2780
 INFO: [activate:15] Activating GPU#0
 INFO: [selectTracesToBeUsedForMidpoint:113] Selecting traces for m0 = 2780
 INFO: [copyOnlySelectedTracesToDevice:118] Selected 1449 traces
 INFO: [copyOnlySelectedTracesToDevice:152] Copy time is 0.0117225
 INFO: [selectTracesToBeUsedForMidpoint:181] Execution time for copying traces is 0.0124591s
 INFO: [saveStatisticalResults:102] Total execution time for selecting traces is 0.0288266s
 INFO: [saveStatisticalResults:104] Total execution time for kernels is 0.690056s
 INFO: [run:16] m0 = 2940
 INFO: [activate:15] Activating GPU#0
 INFO: [selectTracesToBeUsedForMidpoint:113] Selecting traces for m0 = 2940
 INFO: [copyOnlySelectedTracesToDevice:118] Selected 1449 traces
 INFO: [copyOnlySelectedTracesToDevice:152] Copy time is 0.0115918
 INFO: [selectTracesToBeUsedForMidpoint:181] Execution time for copying traces is 0.0123336s
 INFO: [saveStatisticalResults:102] Total execution time for selecting traces is 0.0286865s
 INFO: [saveStatisticalResults:104] Total execution time for kernels is 0.697544s
 INFO: [run:16] m0 = 3100
 INFO: [activate:15] Activating GPU#0
 INFO: [selectTracesToBeUsedForMidpoint:113] Selecting traces for m0 = 3100
 INFO: [copyOnlySelectedTracesToDevice:118] Selected 1449 traces
 INFO: [copyOnlySelectedTracesToDevice:152] Copy time is 0.0116457
 INFO: [selectTracesToBeUsedForMidpoint:181] Execution time for copying traces is 0.0123975s
 INFO: [saveStatisticalResults:102] Total execution time for selecting traces is 0.0287539s
 INFO: [saveStatisticalResults:104] Total execution time for kernels is 0.687594s
 INFO: [run:16] m0 = 3260
 INFO: [activate:15] Activating GPU#0
 INFO: [selectTracesToBeUsedForMidpoint:113] Selecting traces for m0 = 3260
 INFO: [copyOnlySelectedTracesToDevice:118] Selected 1449 traces
 INFO: [copyOnlySelectedTracesToDevice:152] Copy time is 0.0116061
 INFO: [selectTracesToBeUsedForMidpoint:181] Execution time for copying traces is 0.012345s
 INFO: [saveStatisticalResults:102] Total execution time for selecting traces is 0.0286998s
 INFO: [saveStatisticalResults:104] Total execution time for kernels is 0.688188s
 INFO: [run:16] m0 = 3420
 INFO: [activate:15] Activating GPU#0
 INFO: [selectTracesToBeUsedForMidpoint:113] Selecting traces for m0 = 3420
 INFO: [copyOnlySelectedTracesToDevice:118] Selected 1449 traces
 INFO: [copyOnlySelectedTracesToDevice:152] Copy time is 0.0116756
 INFO: [selectTracesToBeUsedForMidpoint:181] Execution time for copying traces is 0.0124122s
 INFO: [saveStatisticalResults:102] Total execution time for selecting traces is 0.0287672s
 INFO: [saveStatisticalResults:104] Total execution time for kernels is 0.686032s
 INFO: [run:16] m0 = 3580
 INFO: [activate:15] Activating GPU#0
 INFO: [selectTracesToBeUsedForMidpoint:113] Selecting traces for m0 = 3580
 INFO: [copyOnlySelectedTracesToDevice:118] Selected 1449 traces
 INFO: [copyOnlySelectedTracesToDevice:152] Copy time is 0.0116615
 INFO: [selectTracesToBeUsedForMidpoint:181] Execution time for copying traces is 0.0124209s
 INFO: [saveStatisticalResults:102] Total execution time for selecting traces is 0.0288718s
 INFO: [saveStatisticalResults:104] Total execution time for kernels is 0.682798s
 INFO: [run:16] m0 = 3740
 INFO: [activate:15] Activating GPU#0
 INFO: [selectTracesToBeUsedForMidpoint:113] Selecting traces for m0 = 3740
 INFO: [copyOnlySelectedTracesToDevice:118] Selected 1449 traces
 INFO: [copyOnlySelectedTracesToDevice:152] Copy time is 0.0116464
 INFO: [selectTracesToBeUsedForMidpoint:181] Execution time for copying traces is 0.0123921s
 INFO: [saveStatisticalResults:102] Total execution time for selecting traces is 0.0287452s
 INFO: [saveStatisticalResults:104] Total execution time for kernels is 0.684934s
 INFO: [run:16] m0 = 3900
 INFO: [activate:15] Activating GPU#0
 INFO: [selectTracesToBeUsedForMidpoint:113] Selecting traces for m0 = 3900
 INFO: [copyOnlySelectedTracesToDevice:118] Selected 1449 traces
 INFO: [copyOnlySelectedTracesToDevice:152] Copy time is 0.011603
 INFO: [selectTracesToBeUsedForMidpoint:181] Execution time for copying traces is 0.0123455s
 INFO: [saveStatisticalResults:102] Total execution time for selecting traces is 0.0287222s
 INFO: [saveStatisticalResults:104] Total execution time for kernels is 0.684928s
 INFO: [run:16] m0 = 4060
 INFO: [activate:15] Activating GPU#0
 INFO: [selectTracesToBeUsedForMidpoint:113] Selecting traces for m0 = 4060
 INFO: [copyOnlySelectedTracesToDevice:118] Selected 1449 traces
 INFO: [copyOnlySelectedTracesToDevice:152] Copy time is 0.0116202
 INFO: [selectTracesToBeUsedForMidpoint:181] Execution time for copying traces is 0.0123712s
 INFO: [saveStatisticalResults:102] Total execution time for selecting traces is 0.0287152s
 INFO: [saveStatisticalResults:104] Total execution time for kernels is 0.677797s
 INFO: [run:16] m0 = 4220
 INFO: [activate:15] Activating GPU#0
 INFO: [selectTracesToBeUsedForMidpoint:113] Selecting traces for m0 = 4220
 INFO: [copyOnlySelectedTracesToDevice:118] Selected 1449 traces
 INFO: [copyOnlySelectedTracesToDevice:152] Copy time is 0.0116024
 INFO: [selectTracesToBeUsedForMidpoint:181] Execution time for copying traces is 0.0123405s
 INFO: [saveStatisticalResults:102] Total execution time for selecting traces is 0.028687s
 INFO: [saveStatisticalResults:104] Total execution time for kernels is 0.687159s
 INFO: [run:16] m0 = 4380
 INFO: [activate:15] Activating GPU#0
 INFO: [selectTracesToBeUsedForMidpoint:113] Selecting traces for m0 = 4380
 INFO: [copyOnlySelectedTracesToDevice:118] Selected 1449 traces
 INFO: [copyOnlySelectedTracesToDevice:152] Copy time is 0.0116575
 INFO: [selectTracesToBeUsedForMidpoint:181] Execution time for copying traces is 0.0123958s
 INFO: [saveStatisticalResults:102] Total execution time for selecting traces is 0.0286346s
 INFO: [saveStatisticalResults:104] Total execution time for kernels is 0.692928s
 INFO: [run:16] m0 = 4540
 INFO: [activate:15] Activating GPU#0
 INFO: [selectTracesToBeUsedForMidpoint:113] Selecting traces for m0 = 4540
 INFO: [copyOnlySelectedTracesToDevice:118] Selected 1449 traces
 INFO: [copyOnlySelectedTracesToDevice:152] Copy time is 0.0116099
 INFO: [selectTracesToBeUsedForMidpoint:181] Execution time for copying traces is 0.0123599s
 INFO: [saveStatisticalResults:102] Total execution time for selecting traces is 0.0286461s
 INFO: [saveStatisticalResults:104] Total execution time for kernels is 0.688047s
 INFO: [run:16] m0 = 4700
 INFO: [activate:15] Activating GPU#0
 INFO: [selectTracesToBeUsedForMidpoint:113] Selecting traces for m0 = 4700
 INFO: [copyOnlySelectedTracesToDevice:118] Selected 1449 traces
 INFO: [copyOnlySelectedTracesToDevice:152] Copy time is 0.0116104
 INFO: [selectTracesToBeUsedForMidpoint:181] Execution time for copying traces is 0.0123567s
 INFO: [saveStatisticalResults:102] Total execution time for selecting traces is 0.0285999s
 INFO: [saveStatisticalResults:104] Total execution time for kernels is 0.680817s
 INFO: [run:16] m0 = 4860
 INFO: [activate:15] Activating GPU#0
 INFO: [selectTracesToBeUsedForMidpoint:113] Selecting traces for m0 = 4860
 INFO: [copyOnlySelectedTracesToDevice:118] Selected 1449 traces
 INFO: [copyOnlySelectedTracesToDevice:152] Copy time is 0.0115596
 INFO: [selectTracesToBeUsedForMidpoint:181] Execution time for copying traces is 0.0122995s
 INFO: [saveStatisticalResults:102] Total execution time for selecting traces is 0.028566s
 INFO: [saveStatisticalResults:104] Total execution time for kernels is 0.694639s
 INFO: [run:16] m0 = 5020
 INFO: [activate:15] Activating GPU#0
 INFO: [selectTracesToBeUsedForMidpoint:113] Selecting traces for m0 = 5020
 INFO: [copyOnlySelectedTracesToDevice:118] Selected 1449 traces
 INFO: [copyOnlySelectedTracesToDevice:152] Copy time is 0.0117348
 INFO: [selectTracesToBeUsedForMidpoint:181] Execution time for copying traces is 0.0124865s
 INFO: [saveStatisticalResults:102] Total execution time for selecting traces is 0.029228s
 INFO: [saveStatisticalResults:104] Total execution time for kernels is 0.68728s
 INFO: [run:16] m0 = 5180
 INFO: [activate:15] Activating GPU#0
 INFO: [selectTracesToBeUsedForMidpoint:113] Selecting traces for m0 = 5180
 INFO: [copyOnlySelectedTracesToDevice:118] Selected 1449 traces
 INFO: [copyOnlySelectedTracesToDevice:152] Copy time is 0.0116033
 INFO: [selectTracesToBeUsedForMidpoint:181] Execution time for copying traces is 0.0123497s
 INFO: [saveStatisticalResults:102] Total execution time for selecting traces is 0.0285959s
 INFO: [saveStatisticalResults:104] Total execution time for kernels is 0.692446s
 INFO: [run:16] m0 = 5340
 INFO: [activate:15] Activating GPU#0
 INFO: [selectTracesToBeUsedForMidpoint:113] Selecting traces for m0 = 5340
 INFO: [copyOnlySelectedTracesToDevice:118] Selected 1449 traces
 INFO: [copyOnlySelectedTracesToDevice:152] Copy time is 0.0116434
 INFO: [selectTracesToBeUsedForMidpoint:181] Execution time for copying traces is 0.0123819s
 INFO: [saveStatisticalResults:102] Total execution time for selecting traces is 0.0286385s
 INFO: [saveStatisticalResults:104] Total execution time for kernels is 0.687036s
 INFO: [run:16] m0 = 5500
 INFO: [activate:15] Activating GPU#0
 INFO: [selectTracesToBeUsedForMidpoint:113] Selecting traces for m0 = 5500
 INFO: [copyOnlySelectedTracesToDevice:118] Selected 1449 traces
 INFO: [copyOnlySelectedTracesToDevice:152] Copy time is 0.0115838
 INFO: [selectTracesToBeUsedForMidpoint:181] Execution time for copying traces is 0.0123224s
 INFO: [saveStatisticalResults:102] Total execution time for selecting traces is 0.0286008s
 INFO: [saveStatisticalResults:104] Total execution time for kernels is 0.681347s
 INFO: [run:16] m0 = 5660
 INFO: [activate:15] Activating GPU#0
 INFO: [selectTracesToBeUsedForMidpoint:113] Selecting traces for m0 = 5660
 INFO: [copyOnlySelectedTracesToDevice:118] Selected 1449 traces
 INFO: [copyOnlySelectedTracesToDevice:152] Copy time is 0.0116899
 INFO: [selectTracesToBeUsedForMidpoint:181] Execution time for copying traces is 0.0124347s
 INFO: [saveStatisticalResults:102] Total execution time for selecting traces is 0.0286758s
 INFO: [saveStatisticalResults:104] Total execution time for kernels is 0.689457s
 INFO: [run:16] m0 = 5820
 INFO: [activate:15] Activating GPU#0
 INFO: [selectTracesToBeUsedForMidpoint:113] Selecting traces for m0 = 5820
 INFO: [copyOnlySelectedTracesToDevice:118] Selected 1449 traces
 INFO: [copyOnlySelectedTracesToDevice:152] Copy time is 0.0116792
 INFO: [selectTracesToBeUsedForMidpoint:181] Execution time for copying traces is 0.0124325s
 INFO: [saveStatisticalResults:102] Total execution time for selecting traces is 0.0287015s
 INFO: [saveStatisticalResults:104] Total execution time for kernels is 0.697149s
 INFO: [run:16] m0 = 5980
 INFO: [activate:15] Activating GPU#0
 INFO: [selectTracesToBeUsedForMidpoint:113] Selecting traces for m0 = 5980
 INFO: [copyOnlySelectedTracesToDevice:118] Selected 1449 traces
 INFO: [copyOnlySelectedTracesToDevice:152] Copy time is 0.0115818
 INFO: [selectTracesToBeUsedForMidpoint:181] Execution time for copying traces is 0.0123263s
 INFO: [saveStatisticalResults:102] Total execution time for selecting traces is 0.028587s
 INFO: [saveStatisticalResults:104] Total execution time for kernels is 0.680958s
 INFO: [run:16] m0 = 6140
 INFO: [activate:15] Activating GPU#0
 INFO: [selectTracesToBeUsedForMidpoint:113] Selecting traces for m0 = 6140
 INFO: [copyOnlySelectedTracesToDevice:118] Selected 1449 traces
 INFO: [copyOnlySelectedTracesToDevice:152] Copy time is 0.0116672
 INFO: [selectTracesToBeUsedForMidpoint:181] Execution time for copying traces is 0.0124199s
 INFO: [saveStatisticalResults:102] Total execution time for selecting traces is 0.0286848s
 INFO: [saveStatisticalResults:104] Total execution time for kernels is 0.694193s
 INFO: [run:16] m0 = 6300
 INFO: [activate:15] Activating GPU#0
 INFO: [selectTracesToBeUsedForMidpoint:113] Selecting traces for m0 = 6300
 INFO: [copyOnlySelectedTracesToDevice:118] Selected 1449 traces
 INFO: [copyOnlySelectedTracesToDevice:152] Copy time is 0.0116618
 INFO: [selectTracesToBeUsedForMidpoint:181] Execution time for copying traces is 0.0124399s
 INFO: [saveStatisticalResults:102] Total execution time for selecting traces is 0.0287082s
 INFO: [saveStatisticalResults:104] Total execution time for kernels is 0.683888s
 INFO: [run:16] m0 = 6460
 INFO: [activate:15] Activating GPU#0
 INFO: [selectTracesToBeUsedForMidpoint:113] Selecting traces for m0 = 6460
 INFO: [copyOnlySelectedTracesToDevice:118] Selected 1449 traces
 INFO: [copyOnlySelectedTracesToDevice:152] Copy time is 0.0116303
 INFO: [selectTracesToBeUsedForMidpoint:181] Execution time for copying traces is 0.0123852s
 INFO: [saveStatisticalResults:102] Total execution time for selecting traces is 0.0286648s
 INFO: [saveStatisticalResults:104] Total execution time for kernels is 0.695031s
 INFO: [run:16] m0 = 6620
 INFO: [activate:15] Activating GPU#0
 INFO: [selectTracesToBeUsedForMidpoint:113] Selecting traces for m0 = 6620
 INFO: [copyOnlySelectedTracesToDevice:118] Selected 1449 traces
 INFO: [copyOnlySelectedTracesToDevice:152] Copy time is 0.0117105
 INFO: [selectTracesToBeUsedForMidpoint:181] Execution time for copying traces is 0.0124628s
 INFO: [saveStatisticalResults:102] Total execution time for selecting traces is 0.0287342s
 INFO: [saveStatisticalResults:104] Total execution time for kernels is 0.685072s
 INFO: [run:16] m0 = 6780
 INFO: [activate:15] Activating GPU#0
 INFO: [selectTracesToBeUsedForMidpoint:113] Selecting traces for m0 = 6780
 INFO: [copyOnlySelectedTracesToDevice:118] Selected 1449 traces
 INFO: [copyOnlySelectedTracesToDevice:152] Copy time is 0.0115921
 INFO: [selectTracesToBeUsedForMidpoint:181] Execution time for copying traces is 0.0123369s
 INFO: [saveStatisticalResults:102] Total execution time for selecting traces is 0.0285916s
 INFO: [saveStatisticalResults:104] Total execution time for kernels is 0.682058s
 INFO: [run:16] m0 = 6940
 INFO: [activate:15] Activating GPU#0
 INFO: [selectTracesToBeUsedForMidpoint:113] Selecting traces for m0 = 6940
 INFO: [copyOnlySelectedTracesToDevice:118] Selected 1449 traces
 INFO: [copyOnlySelectedTracesToDevice:152] Copy time is 0.0116187
 INFO: [selectTracesToBeUsedForMidpoint:181] Execution time for copying traces is 0.012361s
 INFO: [saveStatisticalResults:102] Total execution time for selecting traces is 0.0286343s
 INFO: [saveStatisticalResults:104] Total execution time for kernels is 0.691037s
 INFO: [run:16] m0 = 7100
 INFO: [activate:15] Activating GPU#0
 INFO: [selectTracesToBeUsedForMidpoint:113] Selecting traces for m0 = 7100
 INFO: [copyOnlySelectedTracesToDevice:118] Selected 1449 traces
 INFO: [copyOnlySelectedTracesToDevice:152] Copy time is 0.011628
 INFO: [selectTracesToBeUsedForMidpoint:181] Execution time for copying traces is 0.0123654s
 INFO: [saveStatisticalResults:102] Total execution time for selecting traces is 0.0286404s
 INFO: [saveStatisticalResults:104] Total execution time for kernels is 0.681526s
 INFO: [run:16] m0 = 7260
 INFO: [activate:15] Activating GPU#0
 INFO: [selectTracesToBeUsedForMidpoint:113] Selecting traces for m0 = 7260
 INFO: [copyOnlySelectedTracesToDevice:118] Selected 1449 traces
 INFO: [copyOnlySelectedTracesToDevice:152] Copy time is 0.011663
 INFO: [selectTracesToBeUsedForMidpoint:181] Execution time for copying traces is 0.0123989s
 INFO: [saveStatisticalResults:102] Total execution time for selecting traces is 0.0286416s
 INFO: [saveStatisticalResults:104] Total execution time for kernels is 0.688968s
 INFO: [run:16] m0 = 7420
 INFO: [activate:15] Activating GPU#0
 INFO: [selectTracesToBeUsedForMidpoint:113] Selecting traces for m0 = 7420
 INFO: [copyOnlySelectedTracesToDevice:118] Selected 1449 traces
 INFO: [copyOnlySelectedTracesToDevice:152] Copy time is 0.0116451
 INFO: [selectTracesToBeUsedForMidpoint:181] Execution time for copying traces is 0.012393s
 INFO: [saveStatisticalResults:102] Total execution time for selecting traces is 0.0286679s
 INFO: [saveStatisticalResults:104] Total execution time for kernels is 0.695639s
 INFO: [run:16] m0 = 7580
 INFO: [activate:15] Activating GPU#0
 INFO: [selectTracesToBeUsedForMidpoint:113] Selecting traces for m0 = 7580
 INFO: [copyOnlySelectedTracesToDevice:118] Selected 1449 traces
 INFO: [copyOnlySelectedTracesToDevice:152] Copy time is 0.0115995
 INFO: [selectTracesToBeUsedForMidpoint:181] Execution time for copying traces is 0.0123389s
 INFO: [saveStatisticalResults:102] Total execution time for selecting traces is 0.0285958s
 INFO: [saveStatisticalResults:104] Total execution time for kernels is 0.685735s
 INFO: [run:16] m0 = 7740
 INFO: [activate:15] Activating GPU#0
 INFO: [selectTracesToBeUsedForMidpoint:113] Selecting traces for m0 = 7740
 INFO: [copyOnlySelectedTracesToDevice:118] Selected 1449 traces
 INFO: [copyOnlySelectedTracesToDevice:152] Copy time is 0.0116946
 INFO: [selectTracesToBeUsedForMidpoint:181] Execution time for copying traces is 0.0124403s
 INFO: [saveStatisticalResults:102] Total execution time for selecting traces is 0.0286983s
 INFO: [saveStatisticalResults:104] Total execution time for kernels is 0.684873s
 INFO: [run:16] m0 = 7900
 INFO: [activate:15] Activating GPU#0
 INFO: [selectTracesToBeUsedForMidpoint:113] Selecting traces for m0 = 7900
 INFO: [copyOnlySelectedTracesToDevice:118] Selected 1449 traces
 INFO: [copyOnlySelectedTracesToDevice:152] Copy time is 0.0116413
 INFO: [selectTracesToBeUsedForMidpoint:181] Execution time for copying traces is 0.0123886s
 INFO: [saveStatisticalResults:102] Total execution time for selecting traces is 0.028623s
 INFO: [saveStatisticalResults:104] Total execution time for kernels is 0.683214s
 INFO: [run:16] m0 = 8060
 INFO: [activate:15] Activating GPU#0
 INFO: [selectTracesToBeUsedForMidpoint:113] Selecting traces for m0 = 8060
 INFO: [copyOnlySelectedTracesToDevice:118] Selected 1446 traces
 INFO: [copyOnlySelectedTracesToDevice:152] Copy time is 0.0115963
 INFO: [selectTracesToBeUsedForMidpoint:181] Execution time for copying traces is 0.0123338s
 INFO: [saveStatisticalResults:102] Total execution time for selecting traces is 0.0285737s
 INFO: [saveStatisticalResults:104] Total execution time for kernels is 0.691218s
 INFO: [run:16] m0 = 8220
 INFO: [activate:15] Activating GPU#0
 INFO: [selectTracesToBeUsedForMidpoint:113] Selecting traces for m0 = 8220
 INFO: [copyOnlySelectedTracesToDevice:118] Selected 1428 traces
 INFO: [copyOnlySelectedTracesToDevice:152] Copy time is 0.0114843
 INFO: [selectTracesToBeUsedForMidpoint:181] Execution time for copying traces is 0.0122328s
 INFO: [saveStatisticalResults:102] Total execution time for selecting traces is 0.028507s
 INFO: [saveStatisticalResults:104] Total execution time for kernels is 0.680879s
 INFO: [run:16] m0 = 8380
 INFO: [activate:15] Activating GPU#0
 INFO: [selectTracesToBeUsedForMidpoint:113] Selecting traces for m0 = 8380
 INFO: [copyOnlySelectedTracesToDevice:118] Selected 1394 traces
 INFO: [copyOnlySelectedTracesToDevice:152] Copy time is 0.0112013
 INFO: [selectTracesToBeUsedForMidpoint:181] Execution time for copying traces is 0.0119512s
 INFO: [saveStatisticalResults:102] Total execution time for selecting traces is 0.0281915s
 INFO: [saveStatisticalResults:104] Total execution time for kernels is 0.679472s
 INFO: [run:16] m0 = 8540
 INFO: [activate:15] Activating GPU#0
 INFO: [selectTracesToBeUsedForMidpoint:113] Selecting traces for m0 = 8540
 INFO: [copyOnlySelectedTracesToDevice:118] Selected 1344 traces
 INFO: [copyOnlySelectedTracesToDevice:152] Copy time is 0.0108049
 INFO: [selectTracesToBeUsedForMidpoint:181] Execution time for copying traces is 0.0115491s
 INFO: [saveStatisticalResults:102] Total execution time for selecting traces is 0.027792s
 INFO: [saveStatisticalResults:104] Total execution time for kernels is 0.661659s
 INFO: [run:16] m0 = 8700
 INFO: [activate:15] Activating GPU#0
 INFO: [selectTracesToBeUsedForMidpoint:113] Selecting traces for m0 = 8700
 INFO: [copyOnlySelectedTracesToDevice:118] Selected 1278 traces
 INFO: [copyOnlySelectedTracesToDevice:152] Copy time is 0.010267
 INFO: [selectTracesToBeUsedForMidpoint:181] Execution time for copying traces is 0.0110012s
 INFO: [saveStatisticalResults:102] Total execution time for selecting traces is 0.027236s
 INFO: [saveStatisticalResults:104] Total execution time for kernels is 0.646425s
 INFO: [run:16] m0 = 8860
 INFO: [activate:15] Activating GPU#0
 INFO: [selectTracesToBeUsedForMidpoint:113] Selecting traces for m0 = 8860
 INFO: [copyOnlySelectedTracesToDevice:118] Selected 1196 traces
 INFO: [copyOnlySelectedTracesToDevice:152] Copy time is 0.00964223
 INFO: [selectTracesToBeUsedForMidpoint:181] Execution time for copying traces is 0.0103689s
 INFO: [saveStatisticalResults:102] Total execution time for selecting traces is 0.0266156s
 INFO: [saveStatisticalResults:104] Total execution time for kernels is 0.609615s
 INFO: [run:16] m0 = 9020
 INFO: [activate:15] Activating GPU#0
 INFO: [selectTracesToBeUsedForMidpoint:113] Selecting traces for m0 = 9020
 INFO: [copyOnlySelectedTracesToDevice:118] Selected 1098 traces
 INFO: [copyOnlySelectedTracesToDevice:152] Copy time is 0.00887583
 INFO: [selectTracesToBeUsedForMidpoint:181] Execution time for copying traces is 0.00954848s
 INFO: [saveStatisticalResults:102] Total execution time for selecting traces is 0.0257911s
 INFO: [saveStatisticalResults:104] Total execution time for kernels is 0.550558s
 INFO: [run:16] m0 = 9180
 INFO: [activate:15] Activating GPU#0
 INFO: [selectTracesToBeUsedForMidpoint:113] Selecting traces for m0 = 9180
 INFO: [copyOnlySelectedTracesToDevice:118] Selected 984 traces
 INFO: [copyOnlySelectedTracesToDevice:152] Copy time is 0.00797989
 INFO: [selectTracesToBeUsedForMidpoint:181] Execution time for copying traces is 0.00865505s
 INFO: [saveStatisticalResults:102] Total execution time for selecting traces is 0.0259998s
 INFO: [saveStatisticalResults:104] Total execution time for kernels is 0.461481s
 INFO: [run:16] m0 = 9340
 INFO: [activate:15] Activating GPU#0
 INFO: [selectTracesToBeUsedForMidpoint:113] Selecting traces for m0 = 9340
 INFO: [copyOnlySelectedTracesToDevice:118] Selected 854 traces
 INFO: [copyOnlySelectedTracesToDevice:152] Copy time is 0.00689162
 INFO: [selectTracesToBeUsedForMidpoint:181] Execution time for copying traces is 0.00747693s
 INFO: [saveStatisticalResults:102] Total execution time for selecting traces is 0.0237469s
 INFO: [saveStatisticalResults:104] Total execution time for kernels is 0.349537s
 INFO: [run:16] m0 = 9500
 INFO: [activate:15] Activating GPU#0
 INFO: [selectTracesToBeUsedForMidpoint:113] Selecting traces for m0 = 9500
 INFO: [copyOnlySelectedTracesToDevice:118] Selected 708 traces
 INFO: [copyOnlySelectedTracesToDevice:152] Copy time is 0.00572693
 INFO: [selectTracesToBeUsedForMidpoint:181] Execution time for copying traces is 0.00630955s
 INFO: [saveStatisticalResults:102] Total execution time for selecting traces is 0.0225534s
 INFO: [saveStatisticalResults:104] Total execution time for kernels is 0.213889s
 INFO: [run:16] m0 = 9660
 INFO: [activate:15] Activating GPU#0
 INFO: [selectTracesToBeUsedForMidpoint:113] Selecting traces for m0 = 9660
 INFO: [copyOnlySelectedTracesToDevice:118] Selected 546 traces
 INFO: [copyOnlySelectedTracesToDevice:152] Copy time is 0.00495982
 INFO: [selectTracesToBeUsedForMidpoint:181] Execution time for copying traces is 0.00562391s
 INFO: [saveStatisticalResults:102] Total execution time for selecting traces is 0.0306293s
 INFO: [saveStatisticalResults:104] Total execution time for kernels is 0.142842s
 INFO: [run:16] m0 = 9820
 INFO: [activate:15] Activating GPU#0
 INFO: [selectTracesToBeUsedForMidpoint:113] Selecting traces for m0 = 9820
 INFO: [copyOnlySelectedTracesToDevice:118] Selected 368 traces
 INFO: [copyOnlySelectedTracesToDevice:152] Copy time is 0.0032897
 INFO: [selectTracesToBeUsedForMidpoint:181] Execution time for copying traces is 0.00385126s
 INFO: [saveStatisticalResults:102] Total execution time for selecting traces is 0.0464396s
 INFO: [saveStatisticalResults:104] Total execution time for kernels is 0.0638698s
 INFO: [run:16] m0 = 9860
 INFO: [activate:15] Activating GPU#0
 INFO: [selectTracesToBeUsedForMidpoint:113] Selecting traces for m0 = 9860
 INFO: [copyOnlySelectedTracesToDevice:118] Selected 322 traces
 INFO: [copyOnlySelectedTracesToDevice:152] Copy time is 0.00285332
 INFO: [selectTracesToBeUsedForMidpoint:181] Execution time for copying traces is 0.00332202s
 INFO: [saveStatisticalResults:102] Total execution time for selecting traces is 0.0459129s
 INFO: [saveStatisticalResults:104] Total execution time for kernels is 0.0490194s
