 INFO: Number of CDPs = 445
 INFO: Number of traces in the gather = 9200
 INFO: Number of samples per trace = 2502
 INFO: Computing semblance for m0 = 0
 INFO: No trace has been selected for m0 = 0. Skipping.
 INFO: Total execution time for kernels is 1.1526e-05s
 INFO: Computing semblance for m0 = 1080
 INFO: Total execution time for kernels is 0.129294s
 INFO: Computing semblance for m0 = 1100
 INFO: Total execution time for kernels is 0.0985327s
 INFO: Computing semblance for m0 = 1120
 INFO: Total execution time for kernels is 0.108097s
 INFO: Computing semblance for m0 = 1140
 INFO: Total execution time for kernels is 0.12996s
 INFO: Computing semblance for m0 = 1160
 INFO: Total execution time for kernels is 0.152779s
 INFO: Computing semblance for m0 = 1180
 INFO: Total execution time for kernels is 0.178613s
 INFO: Computing semblance for m0 = 1200
 INFO: Total execution time for kernels is 0.205996s
 INFO: Computing semblance for m0 = 1220
 INFO: Total execution time for kernels is 0.234761s
 INFO: Computing semblance for m0 = 1240
 INFO: Total execution time for kernels is 0.262277s
 INFO: Computing semblance for m0 = 1260
 INFO: Total execution time for kernels is 0.29281s
 INFO: Computing semblance for m0 = 1280
 INFO: Total execution time for kernels is 0.317128s
 INFO: Computing semblance for m0 = 1300
 INFO: Total execution time for kernels is 0.347876s
 INFO: Computing semblance for m0 = 1320
 INFO: Total execution time for kernels is 0.374664s
 INFO: Computing semblance for m0 = 1340
 INFO: Total execution time for kernels is 0.406458s
 INFO: Computing semblance for m0 = 1360
 INFO: Total execution time for kernels is 0.431017s
 INFO: Computing semblance for m0 = 1380
 INFO: Total execution time for kernels is 0.463656s
 INFO: Computing semblance for m0 = 1400
 INFO: Total execution time for kernels is 0.489646s
 INFO: Computing semblance for m0 = 1420
 INFO: Total execution time for kernels is 0.519921s
 INFO: Computing semblance for m0 = 1440
 INFO: Total execution time for kernels is 0.549313s
 INFO: Computing semblance for m0 = 1460
 INFO: Total execution time for kernels is 0.567635s
 INFO: Computing semblance for m0 = 1480
 INFO: Total execution time for kernels is 0.610892s
 INFO: Computing semblance for m0 = 1500
 INFO: Total execution time for kernels is 0.641274s
 INFO: Computing semblance for m0 = 1520
 INFO: Total execution time for kernels is 0.669804s
 INFO: Computing semblance for m0 = 1540
 INFO: Total execution time for kernels is 0.700322s
 INFO: Computing semblance for m0 = 1560
 INFO: Total execution time for kernels is 0.726222s
 INFO: Computing semblance for m0 = 1580
 INFO: Total execution time for kernels is 0.758138s
 INFO: Computing semblance for m0 = 1600
 INFO: Total execution time for kernels is 0.791359s
 INFO: Computing semblance for m0 = 1620
 INFO: Total execution time for kernels is 0.829516s
 INFO: Computing semblance for m0 = 1640
 INFO: Total execution time for kernels is 0.874654s
 INFO: Computing semblance for m0 = 1660
 INFO: Total execution time for kernels is 0.914799s
 INFO: Computing semblance for m0 = 1680
 INFO: Total execution time for kernels is 0.951905s
 INFO: Computing semblance for m0 = 1700
 INFO: Total execution time for kernels is 0.974329s
 INFO: Computing semblance for m0 = 1720
 INFO: Total execution time for kernels is 1.00248s
 INFO: Computing semblance for m0 = 1740
 INFO: Total execution time for kernels is 1.0324s
 INFO: Computing semblance for m0 = 1760
 INFO: Total execution time for kernels is 1.05799s
 INFO: Computing semblance for m0 = 1780
 INFO: Total execution time for kernels is 1.08807s
 INFO: Computing semblance for m0 = 1800
 INFO: Total execution time for kernels is 1.11452s
 INFO: Computing semblance for m0 = 1820
 INFO: Total execution time for kernels is 1.14406s
 INFO: Computing semblance for m0 = 1840
 INFO: Total execution time for kernels is 1.17099s
 INFO: Computing semblance for m0 = 1860
 INFO: Total execution time for kernels is 1.19407s
 INFO: Computing semblance for m0 = 1880
 INFO: Total execution time for kernels is 1.21662s
 INFO: Computing semblance for m0 = 1900
 INFO: Total execution time for kernels is 1.2384s
 INFO: Computing semblance for m0 = 1920
 INFO: Total execution time for kernels is 1.25525s
 INFO: Computing semblance for m0 = 1940
 INFO: Total execution time for kernels is 1.27576s
 INFO: Computing semblance for m0 = 1960
 INFO: Total execution time for kernels is 1.27995s
 INFO: Computing semblance for m0 = 1980
 INFO: Total execution time for kernels is 1.30332s
 INFO: Computing semblance for m0 = 2000
 INFO: Total execution time for kernels is 1.31204s
 INFO: Computing semblance for m0 = 2020
 INFO: Total execution time for kernels is 1.32241s
 INFO: Computing semblance for m0 = 2040
 INFO: Total execution time for kernels is 1.32807s
 INFO: Computing semblance for m0 = 2060
 INFO: Total execution time for kernels is 1.33612s
 INFO: Computing semblance for m0 = 2080
 INFO: Total execution time for kernels is 1.34045s
 INFO: Computing semblance for m0 = 2100
 INFO: Total execution time for kernels is 1.34154s
 INFO: Computing semblance for m0 = 2120
 INFO: Total execution time for kernels is 1.33903s
 INFO: Computing semblance for m0 = 2140
 INFO: Total execution time for kernels is 1.33865s
 INFO: Computing semblance for m0 = 2160
 INFO: Total execution time for kernels is 1.33669s
 INFO: Computing semblance for m0 = 2180
 INFO: Total execution time for kernels is 1.33789s
 INFO: Computing semblance for m0 = 2200
 INFO: Total execution time for kernels is 1.33531s
 INFO: Computing semblance for m0 = 2220
 INFO: Total execution time for kernels is 1.33597s
 INFO: Computing semblance for m0 = 2240
 INFO: Total execution time for kernels is 1.33389s
 INFO: Computing semblance for m0 = 2260
 INFO: Total execution time for kernels is 1.33427s
 INFO: Computing semblance for m0 = 2280
 INFO: Total execution time for kernels is 1.33374s
 INFO: Computing semblance for m0 = 2300
 INFO: Total execution time for kernels is 1.33416s
 INFO: Computing semblance for m0 = 2320
 INFO: Total execution time for kernels is 1.32995s
 INFO: Computing semblance for m0 = 2340
 INFO: Total execution time for kernels is 1.33065s
 INFO: Computing semblance for m0 = 2360
 INFO: Total execution time for kernels is 1.32923s
 INFO: Computing semblance for m0 = 2380
 INFO: Total execution time for kernels is 1.32856s
 INFO: Computing semblance for m0 = 2400
 INFO: Total execution time for kernels is 1.32716s
 INFO: Computing semblance for m0 = 2420
 INFO: Total execution time for kernels is 1.32919s
 INFO: Computing semblance for m0 = 2440
 INFO: Total execution time for kernels is 1.32429s
 INFO: Computing semblance for m0 = 2460
 INFO: Total execution time for kernels is 1.32738s
 INFO: Computing semblance for m0 = 2480
 INFO: Total execution time for kernels is 1.32709s
 INFO: Computing semblance for m0 = 2500
 INFO: Total execution time for kernels is 1.32799s
 INFO: Computing semblance for m0 = 2520
 INFO: Total execution time for kernels is 1.32808s
 INFO: Computing semblance for m0 = 2540
 INFO: Total execution time for kernels is 1.32737s
 INFO: Computing semblance for m0 = 2560
 INFO: Total execution time for kernels is 1.32771s
 INFO: Computing semblance for m0 = 2580
 INFO: Total execution time for kernels is 1.32585s
 INFO: Computing semblance for m0 = 2600
 INFO: Total execution time for kernels is 1.32681s
 INFO: Computing semblance for m0 = 2620
 INFO: Total execution time for kernels is 1.32957s
 INFO: Computing semblance for m0 = 2640
 INFO: Total execution time for kernels is 1.32601s
 INFO: Computing semblance for m0 = 2660
 INFO: Total execution time for kernels is 1.32672s
 INFO: Computing semblance for m0 = 2680
 INFO: Total execution time for kernels is 1.32622s
 INFO: Computing semblance for m0 = 2700
 INFO: Total execution time for kernels is 1.32588s
 INFO: Computing semblance for m0 = 2720
 INFO: Total execution time for kernels is 1.32633s
 INFO: Computing semblance for m0 = 2740
 INFO: Total execution time for kernels is 1.32575s
 INFO: Computing semblance for m0 = 2760
 INFO: Total execution time for kernels is 1.32482s
 INFO: Computing semblance for m0 = 2780
 INFO: Total execution time for kernels is 1.32391s
 INFO: Computing semblance for m0 = 2800
 INFO: Total execution time for kernels is 1.32444s
 INFO: Computing semblance for m0 = 2820
 INFO: Total execution time for kernels is 1.32493s
 INFO: Computing semblance for m0 = 2840
 INFO: Total execution time for kernels is 1.32452s
 INFO: Computing semblance for m0 = 2860
 INFO: Total execution time for kernels is 1.32568s
 INFO: Computing semblance for m0 = 2880
 INFO: Total execution time for kernels is 1.324s
 INFO: Computing semblance for m0 = 2900
 INFO: Total execution time for kernels is 1.32346s
 INFO: Computing semblance for m0 = 2920
 INFO: Total execution time for kernels is 1.32485s
 INFO: Computing semblance for m0 = 2940
 INFO: Total execution time for kernels is 1.32591s
 INFO: Computing semblance for m0 = 2960
 INFO: Total execution time for kernels is 1.32521s
 INFO: Computing semblance for m0 = 2980
 INFO: Total execution time for kernels is 1.32716s
 INFO: Computing semblance for m0 = 3000
 INFO: Total execution time for kernels is 1.32581s
 INFO: Computing semblance for m0 = 3020
 INFO: Total execution time for kernels is 1.32441s
 INFO: Computing semblance for m0 = 3040
 INFO: Total execution time for kernels is 1.32613s
 INFO: Computing semblance for m0 = 3060
 INFO: Total execution time for kernels is 1.32561s
 INFO: Computing semblance for m0 = 3080
 INFO: Total execution time for kernels is 1.3269s
 INFO: Computing semblance for m0 = 3100
 INFO: Total execution time for kernels is 1.32782s
 INFO: Computing semblance for m0 = 3120
 INFO: Total execution time for kernels is 1.32744s
 INFO: Computing semblance for m0 = 3140
 INFO: Total execution time for kernels is 1.33146s
 INFO: Computing semblance for m0 = 3160
 INFO: Total execution time for kernels is 1.32648s
 INFO: Computing semblance for m0 = 3180
 INFO: Total execution time for kernels is 1.32801s
 INFO: Computing semblance for m0 = 3200
 INFO: Total execution time for kernels is 1.32852s
 INFO: Computing semblance for m0 = 3220
 INFO: Total execution time for kernels is 1.32691s
 INFO: Computing semblance for m0 = 3240
 INFO: Total execution time for kernels is 1.33055s
 INFO: Computing semblance for m0 = 3260
 INFO: Total execution time for kernels is 1.32892s
 INFO: Computing semblance for m0 = 3280
 INFO: Total execution time for kernels is 1.32885s
 INFO: Computing semblance for m0 = 3300
 INFO: Total execution time for kernels is 1.33029s
 INFO: Computing semblance for m0 = 3320
 INFO: Total execution time for kernels is 1.3293s
 INFO: Computing semblance for m0 = 3340
 INFO: Total execution time for kernels is 1.33093s
 INFO: Computing semblance for m0 = 3360
 INFO: Total execution time for kernels is 1.32952s
 INFO: Computing semblance for m0 = 3380
 INFO: Total execution time for kernels is 1.32914s
 INFO: Computing semblance for m0 = 3400
 INFO: Total execution time for kernels is 1.32888s
 INFO: Computing semblance for m0 = 3420
 INFO: Total execution time for kernels is 1.33108s
 INFO: Computing semblance for m0 = 3440
 INFO: Total execution time for kernels is 1.33157s
 INFO: Computing semblance for m0 = 3460
 INFO: Total execution time for kernels is 1.33185s
 INFO: Computing semblance for m0 = 3480
 INFO: Total execution time for kernels is 1.33056s
 INFO: Computing semblance for m0 = 3500
 INFO: Total execution time for kernels is 1.3314s
 INFO: Computing semblance for m0 = 3520
 INFO: Total execution time for kernels is 1.33232s
 INFO: Computing semblance for m0 = 3540
 INFO: Total execution time for kernels is 1.33201s
 INFO: Computing semblance for m0 = 3560
 INFO: Total execution time for kernels is 1.33275s
 INFO: Computing semblance for m0 = 3580
 INFO: Total execution time for kernels is 1.33309s
 INFO: Computing semblance for m0 = 3600
 INFO: Total execution time for kernels is 1.33321s
 INFO: Computing semblance for m0 = 3620
 INFO: Total execution time for kernels is 1.33337s
 INFO: Computing semblance for m0 = 3640
 INFO: Total execution time for kernels is 1.33415s
 INFO: Computing semblance for m0 = 3660
 INFO: Total execution time for kernels is 1.33605s
 INFO: Computing semblance for m0 = 3680
 INFO: Total execution time for kernels is 1.33457s
 INFO: Computing semblance for m0 = 3700
 INFO: Total execution time for kernels is 1.33389s
 INFO: Computing semblance for m0 = 3720
 INFO: Total execution time for kernels is 1.33724s
 INFO: Computing semblance for m0 = 3740
 INFO: Total execution time for kernels is 1.33574s
 INFO: Computing semblance for m0 = 3760
 INFO: Total execution time for kernels is 1.33554s
 INFO: Computing semblance for m0 = 3780
 INFO: Total execution time for kernels is 1.33603s
 INFO: Computing semblance for m0 = 3800
 INFO: Total execution time for kernels is 1.33744s
 INFO: Computing semblance for m0 = 3820
 INFO: Total execution time for kernels is 1.33912s
 INFO: Computing semblance for m0 = 3840
 INFO: Total execution time for kernels is 1.3366s
 INFO: Computing semblance for m0 = 3860
 INFO: Total execution time for kernels is 1.33867s
 INFO: Computing semblance for m0 = 3880
 INFO: Total execution time for kernels is 1.33959s
 INFO: Computing semblance for m0 = 3900
 INFO: Total execution time for kernels is 1.33752s
 INFO: Computing semblance for m0 = 3920
 INFO: Total execution time for kernels is 1.33979s
 INFO: Computing semblance for m0 = 3940
 INFO: Total execution time for kernels is 1.33959s
 INFO: Computing semblance for m0 = 3960
 INFO: Total execution time for kernels is 1.34048s
 INFO: Computing semblance for m0 = 3980
 INFO: Total execution time for kernels is 1.34138s
 INFO: Computing semblance for m0 = 4000
 INFO: Total execution time for kernels is 1.33969s
 INFO: Computing semblance for m0 = 4020
 INFO: Total execution time for kernels is 1.34183s
 INFO: Computing semblance for m0 = 4040
 INFO: Total execution time for kernels is 1.34019s
 INFO: Computing semblance for m0 = 4060
 INFO: Total execution time for kernels is 1.34177s
 INFO: Computing semblance for m0 = 4080
 INFO: Total execution time for kernels is 1.34254s
 INFO: Computing semblance for m0 = 4100
 INFO: Total execution time for kernels is 1.34261s
 INFO: Computing semblance for m0 = 4120
 INFO: Total execution time for kernels is 1.34261s
 INFO: Computing semblance for m0 = 4140
 INFO: Total execution time for kernels is 1.34486s
 INFO: Computing semblance for m0 = 4160
 INFO: Total execution time for kernels is 1.34487s
 INFO: Computing semblance for m0 = 4180
 INFO: Total execution time for kernels is 1.34472s
 INFO: Computing semblance for m0 = 4200
 INFO: Total execution time for kernels is 1.34736s
 INFO: Computing semblance for m0 = 4220
 INFO: Total execution time for kernels is 1.34455s
 INFO: Computing semblance for m0 = 4240
 INFO: Total execution time for kernels is 1.34562s
 INFO: Computing semblance for m0 = 4260
 INFO: Total execution time for kernels is 1.34731s
 INFO: Computing semblance for m0 = 4280
 INFO: Total execution time for kernels is 1.34781s
 INFO: Computing semblance for m0 = 4300
 INFO: Total execution time for kernels is 1.34836s
 INFO: Computing semblance for m0 = 4320
 INFO: Total execution time for kernels is 1.34971s
 INFO: Computing semblance for m0 = 4340
 INFO: Total execution time for kernels is 1.34971s
 INFO: Computing semblance for m0 = 4360
 INFO: Total execution time for kernels is 1.34949s
 INFO: Computing semblance for m0 = 4380
 INFO: Total execution time for kernels is 1.352s
 INFO: Computing semblance for m0 = 4400
 INFO: Total execution time for kernels is 1.35088s
 INFO: Computing semblance for m0 = 4420
 INFO: Total execution time for kernels is 1.35378s
 INFO: Computing semblance for m0 = 4440
 INFO: Total execution time for kernels is 1.35414s
 INFO: Computing semblance for m0 = 4460
 INFO: Total execution time for kernels is 1.35398s
 INFO: Computing semblance for m0 = 4480
 INFO: Total execution time for kernels is 1.35739s
 INFO: Computing semblance for m0 = 4500
 INFO: Total execution time for kernels is 1.35629s
 INFO: Computing semblance for m0 = 4520
 INFO: Total execution time for kernels is 1.35663s
 INFO: Computing semblance for m0 = 4540
 INFO: Total execution time for kernels is 1.35739s
 INFO: Computing semblance for m0 = 4560
 INFO: Total execution time for kernels is 1.35724s
 INFO: Computing semblance for m0 = 4580
 INFO: Total execution time for kernels is 1.35979s
 INFO: Computing semblance for m0 = 4600
 INFO: Total execution time for kernels is 1.35917s
 INFO: Computing semblance for m0 = 4620
 INFO: Total execution time for kernels is 1.36159s
 INFO: Computing semblance for m0 = 4640
 INFO: Total execution time for kernels is 1.36237s
 INFO: Computing semblance for m0 = 4660
 INFO: Total execution time for kernels is 1.3622s
 INFO: Computing semblance for m0 = 4680
 INFO: Total execution time for kernels is 1.36284s
 INFO: Computing semblance for m0 = 4700
 INFO: Total execution time for kernels is 1.36513s
 INFO: Computing semblance for m0 = 4720
 INFO: Total execution time for kernels is 1.36565s
 INFO: Computing semblance for m0 = 4740
 INFO: Total execution time for kernels is 1.36594s
 INFO: Computing semblance for m0 = 4760
 INFO: Total execution time for kernels is 1.36583s
 INFO: Computing semblance for m0 = 4780
 INFO: Total execution time for kernels is 1.36572s
 INFO: Computing semblance for m0 = 4800
 INFO: Total execution time for kernels is 1.36725s
 INFO: Computing semblance for m0 = 4820
 INFO: Total execution time for kernels is 1.36756s
 INFO: Computing semblance for m0 = 4840
 INFO: Total execution time for kernels is 1.36969s
 INFO: Computing semblance for m0 = 4860
 INFO: Total execution time for kernels is 1.3695s
 INFO: Computing semblance for m0 = 4880
 INFO: Total execution time for kernels is 1.37s
 INFO: Computing semblance for m0 = 4900
 INFO: Total execution time for kernels is 1.37357s
 INFO: Computing semblance for m0 = 4920
 INFO: Total execution time for kernels is 1.37354s
 INFO: Computing semblance for m0 = 4940
 INFO: Total execution time for kernels is 1.36566s
 INFO: Computing semblance for m0 = 4960
 INFO: Total execution time for kernels is 1.37592s
 INFO: Computing semblance for m0 = 4980
 INFO: Total execution time for kernels is 1.37682s
 INFO: Computing semblance for m0 = 5000
 INFO: Total execution time for kernels is 1.37753s
 INFO: Computing semblance for m0 = 5020
 INFO: Total execution time for kernels is 1.37843s
 INFO: Computing semblance for m0 = 5040
 INFO: Total execution time for kernels is 1.38633s
 INFO: Computing semblance for m0 = 5060
 INFO: Total execution time for kernels is 1.38369s
 INFO: Computing semblance for m0 = 5080
 INFO: Total execution time for kernels is 1.38293s
 INFO: Computing semblance for m0 = 5100
 INFO: Total execution time for kernels is 1.38338s
 INFO: Computing semblance for m0 = 5120
 INFO: Total execution time for kernels is 1.38491s
 INFO: Computing semblance for m0 = 5140
 INFO: Total execution time for kernels is 1.3866s
 INFO: Computing semblance for m0 = 5160
 INFO: Total execution time for kernels is 1.38734s
 INFO: Computing semblance for m0 = 5180
 INFO: Total execution time for kernels is 1.38983s
 INFO: Computing semblance for m0 = 5200
 INFO: Total execution time for kernels is 1.39036s
 INFO: Computing semblance for m0 = 5220
 INFO: Total execution time for kernels is 1.39205s
 INFO: Computing semblance for m0 = 5240
 INFO: Total execution time for kernels is 1.39363s
 INFO: Computing semblance for m0 = 5260
 INFO: Total execution time for kernels is 1.39497s
 INFO: Computing semblance for m0 = 5280
 INFO: Total execution time for kernels is 1.39788s
 INFO: Computing semblance for m0 = 5300
 INFO: Total execution time for kernels is 1.39876s
 INFO: Computing semblance for m0 = 5320
 INFO: Total execution time for kernels is 1.40125s
 INFO: Computing semblance for m0 = 5340
 INFO: Total execution time for kernels is 1.40175s
 INFO: Computing semblance for m0 = 5360
 INFO: Total execution time for kernels is 1.40311s
 INFO: Computing semblance for m0 = 5380
 INFO: Total execution time for kernels is 1.38525s
 INFO: Computing semblance for m0 = 5400
 INFO: Total execution time for kernels is 1.38572s
 INFO: Computing semblance for m0 = 5420
 INFO: Total execution time for kernels is 1.38652s
 INFO: Computing semblance for m0 = 5440
 INFO: Total execution time for kernels is 1.388s
 INFO: Computing semblance for m0 = 5460
 INFO: Total execution time for kernels is 1.39019s
 INFO: Computing semblance for m0 = 5480
 INFO: Total execution time for kernels is 1.39198s
 INFO: Computing semblance for m0 = 5500
 INFO: Total execution time for kernels is 1.39426s
 INFO: Computing semblance for m0 = 5520
 INFO: Total execution time for kernels is 1.39821s
 INFO: Computing semblance for m0 = 5540
 INFO: Total execution time for kernels is 1.39738s
 INFO: Computing semblance for m0 = 5560
 INFO: Total execution time for kernels is 1.4028s
 INFO: Computing semblance for m0 = 5580
 INFO: Total execution time for kernels is 1.40428s
 INFO: Computing semblance for m0 = 5600
 INFO: Total execution time for kernels is 1.40587s
 INFO: Computing semblance for m0 = 5620
 INFO: Total execution time for kernels is 1.40918s
 INFO: Computing semblance for m0 = 5640
 INFO: Total execution time for kernels is 1.41004s
 INFO: Computing semblance for m0 = 5660
 INFO: Total execution time for kernels is 1.41165s
 INFO: Computing semblance for m0 = 5680
 INFO: Total execution time for kernels is 1.41717s
 INFO: Computing semblance for m0 = 5700
 INFO: Total execution time for kernels is 1.41612s
 INFO: Computing semblance for m0 = 5720
 INFO: Total execution time for kernels is 1.41641s
 INFO: Computing semblance for m0 = 5740
 INFO: Total execution time for kernels is 1.4183s
 INFO: Computing semblance for m0 = 5760
 INFO: Total execution time for kernels is 1.4197s
 INFO: Computing semblance for m0 = 5780
 INFO: Total execution time for kernels is 1.41736s
 INFO: Computing semblance for m0 = 5800
 INFO: Total execution time for kernels is 1.41763s
 INFO: Computing semblance for m0 = 5820
 INFO: Total execution time for kernels is 1.40594s
 INFO: Computing semblance for m0 = 5840
 INFO: Total execution time for kernels is 1.39972s
 INFO: Computing semblance for m0 = 5860
 INFO: Total execution time for kernels is 1.39233s
 INFO: Computing semblance for m0 = 5880
 INFO: Total execution time for kernels is 1.38574s
 INFO: Computing semblance for m0 = 5900
 INFO: Total execution time for kernels is 1.37691s
 INFO: Computing semblance for m0 = 5920
 INFO: Total execution time for kernels is 1.37268s
 INFO: Computing semblance for m0 = 5940
 INFO: Total execution time for kernels is 1.36877s
 INFO: Computing semblance for m0 = 5960
 INFO: Total execution time for kernels is 1.3646s
 INFO: Computing semblance for m0 = 5980
 INFO: Total execution time for kernels is 1.36863s
 INFO: Computing semblance for m0 = 6000
 INFO: Total execution time for kernels is 1.37511s
 INFO: Computing semblance for m0 = 6020
 INFO: Total execution time for kernels is 1.37163s
 INFO: Computing semblance for m0 = 6040
 INFO: Total execution time for kernels is 1.37001s
 INFO: Computing semblance for m0 = 6060
 INFO: Total execution time for kernels is 1.369s
 INFO: Computing semblance for m0 = 6080
 INFO: Total execution time for kernels is 1.36553s
 INFO: Computing semblance for m0 = 6100
 INFO: Total execution time for kernels is 1.36184s
 INFO: Computing semblance for m0 = 6120
 INFO: Total execution time for kernels is 1.35826s
 INFO: Computing semblance for m0 = 6140
 INFO: Total execution time for kernels is 1.35713s
 INFO: Computing semblance for m0 = 6160
 INFO: Total execution time for kernels is 1.35716s
 INFO: Computing semblance for m0 = 6180
 INFO: Total execution time for kernels is 1.35243s
 INFO: Computing semblance for m0 = 6200
 INFO: Total execution time for kernels is 1.35344s
 INFO: Computing semblance for m0 = 6220
 INFO: Total execution time for kernels is 1.34985s
 INFO: Computing semblance for m0 = 6240
 INFO: Total execution time for kernels is 1.34946s
 INFO: Computing semblance for m0 = 6260
 INFO: Total execution time for kernels is 1.34656s
 INFO: Computing semblance for m0 = 6280
 INFO: Total execution time for kernels is 1.34471s
 INFO: Computing semblance for m0 = 6300
 INFO: Total execution time for kernels is 1.34772s
 INFO: Computing semblance for m0 = 6320
 INFO: Total execution time for kernels is 1.3444s
 INFO: Computing semblance for m0 = 6340
 INFO: Total execution time for kernels is 1.34338s
 INFO: Computing semblance for m0 = 6360
 INFO: Total execution time for kernels is 1.34242s
 INFO: Computing semblance for m0 = 6380
 INFO: Total execution time for kernels is 1.33897s
 INFO: Computing semblance for m0 = 6400
 INFO: Total execution time for kernels is 1.3391s
 INFO: Computing semblance for m0 = 6420
 INFO: Total execution time for kernels is 1.33764s
 INFO: Computing semblance for m0 = 6440
 INFO: Total execution time for kernels is 1.33646s
 INFO: Computing semblance for m0 = 6460
 INFO: Total execution time for kernels is 1.33751s
 INFO: Computing semblance for m0 = 6480
 INFO: Total execution time for kernels is 1.3349s
 INFO: Computing semblance for m0 = 6500
 INFO: Total execution time for kernels is 1.3353s
 INFO: Computing semblance for m0 = 6520
 INFO: Total execution time for kernels is 1.33515s
 INFO: Computing semblance for m0 = 6540
 INFO: Total execution time for kernels is 1.33154s
 INFO: Computing semblance for m0 = 6560
 INFO: Total execution time for kernels is 1.33112s
 INFO: Computing semblance for m0 = 6580
 INFO: Total execution time for kernels is 1.33126s
 INFO: Computing semblance for m0 = 6600
 INFO: Total execution time for kernels is 1.32938s
 INFO: Computing semblance for m0 = 6620
 INFO: Total execution time for kernels is 1.32863s
 INFO: Computing semblance for m0 = 6640
 INFO: Total execution time for kernels is 1.32863s
 INFO: Computing semblance for m0 = 6660
 INFO: Total execution time for kernels is 1.32917s
 INFO: Computing semblance for m0 = 6680
 INFO: Total execution time for kernels is 1.3266s
 INFO: Computing semblance for m0 = 6700
 INFO: Total execution time for kernels is 1.32753s
 INFO: Computing semblance for m0 = 6720
 INFO: Total execution time for kernels is 1.32741s
 INFO: Computing semblance for m0 = 6740
 INFO: Total execution time for kernels is 1.32774s
 INFO: Computing semblance for m0 = 6760
 INFO: Total execution time for kernels is 1.32834s
 INFO: Computing semblance for m0 = 6780
 INFO: Total execution time for kernels is 1.32652s
 INFO: Computing semblance for m0 = 6800
 INFO: Total execution time for kernels is 1.32666s
 INFO: Computing semblance for m0 = 6820
 INFO: Total execution time for kernels is 1.32745s
 INFO: Computing semblance for m0 = 6840
 INFO: Total execution time for kernels is 1.32506s
 INFO: Computing semblance for m0 = 6860
 INFO: Total execution time for kernels is 1.3257s
 INFO: Computing semblance for m0 = 6880
 INFO: Total execution time for kernels is 1.32694s
 INFO: Computing semblance for m0 = 6900
 INFO: Total execution time for kernels is 1.32862s
 INFO: Computing semblance for m0 = 6920
 INFO: Total execution time for kernels is 1.32831s
 INFO: Computing semblance for m0 = 6940
 INFO: Total execution time for kernels is 1.3275s
 INFO: Computing semblance for m0 = 6960
 INFO: Total execution time for kernels is 1.32639s
 INFO: Computing semblance for m0 = 6980
 INFO: Total execution time for kernels is 1.32589s
 INFO: Computing semblance for m0 = 7000
 INFO: Total execution time for kernels is 1.32574s
 INFO: Computing semblance for m0 = 7020
 INFO: Total execution time for kernels is 1.32543s
 INFO: Computing semblance for m0 = 7040
 INFO: Total execution time for kernels is 1.3254s
 INFO: Computing semblance for m0 = 7060
 INFO: Total execution time for kernels is 1.32475s
 INFO: Computing semblance for m0 = 7080
 INFO: Total execution time for kernels is 1.32537s
 INFO: Computing semblance for m0 = 7100
 INFO: Total execution time for kernels is 1.32686s
 INFO: Computing semblance for m0 = 7120
 INFO: Total execution time for kernels is 1.32728s
 INFO: Computing semblance for m0 = 7140
 INFO: Total execution time for kernels is 1.32593s
 INFO: Computing semblance for m0 = 7160
 INFO: Total execution time for kernels is 1.32647s
 INFO: Computing semblance for m0 = 7180
 INFO: Total execution time for kernels is 1.32819s
 INFO: Computing semblance for m0 = 7200
 INFO: Total execution time for kernels is 1.32753s
 INFO: Computing semblance for m0 = 7220
 INFO: Total execution time for kernels is 1.32811s
 INFO: Computing semblance for m0 = 7240
 INFO: Total execution time for kernels is 1.32751s
 INFO: Computing semblance for m0 = 7260
 INFO: Total execution time for kernels is 1.32781s
 INFO: Computing semblance for m0 = 7280
 INFO: Total execution time for kernels is 1.32947s
 INFO: Computing semblance for m0 = 7300
 INFO: Total execution time for kernels is 1.32799s
 INFO: Computing semblance for m0 = 7320
 INFO: Total execution time for kernels is 1.32916s
 INFO: Computing semblance for m0 = 7340
 INFO: Total execution time for kernels is 1.32776s
 INFO: Computing semblance for m0 = 7360
 INFO: Total execution time for kernels is 1.32865s
 INFO: Computing semblance for m0 = 7380
 INFO: Total execution time for kernels is 1.32817s
 INFO: Computing semblance for m0 = 7400
 INFO: Total execution time for kernels is 1.32924s
 INFO: Computing semblance for m0 = 7420
 INFO: Total execution time for kernels is 1.33359s
 INFO: Computing semblance for m0 = 7440
 INFO: Total execution time for kernels is 1.32902s
 INFO: Computing semblance for m0 = 7460
 INFO: Total execution time for kernels is 1.3283s
 INFO: Computing semblance for m0 = 7480
 INFO: Total execution time for kernels is 1.32827s
 INFO: Computing semblance for m0 = 7500
 INFO: Total execution time for kernels is 1.32753s
 INFO: Computing semblance for m0 = 7520
 INFO: Total execution time for kernels is 1.33074s
 INFO: Computing semblance for m0 = 7540
 INFO: Total execution time for kernels is 1.32887s
 INFO: Computing semblance for m0 = 7560
 INFO: Total execution time for kernels is 1.33089s
 INFO: Computing semblance for m0 = 7580
 INFO: Total execution time for kernels is 1.32992s
 INFO: Computing semblance for m0 = 7600
 INFO: Total execution time for kernels is 1.33154s
 INFO: Computing semblance for m0 = 7620
 INFO: Total execution time for kernels is 1.33131s
 INFO: Computing semblance for m0 = 7640
 INFO: Total execution time for kernels is 1.33235s
 INFO: Computing semblance for m0 = 7660
 INFO: Total execution time for kernels is 1.33278s
 INFO: Computing semblance for m0 = 7680
 INFO: Total execution time for kernels is 1.33197s
 INFO: Computing semblance for m0 = 7700
 INFO: Total execution time for kernels is 1.33421s
 INFO: Computing semblance for m0 = 7720
 INFO: Total execution time for kernels is 1.33367s
 INFO: Computing semblance for m0 = 7740
 INFO: Total execution time for kernels is 1.33464s
 INFO: Computing semblance for m0 = 7760
 INFO: Total execution time for kernels is 1.33466s
 INFO: Computing semblance for m0 = 7780
 INFO: Total execution time for kernels is 1.33512s
 INFO: Computing semblance for m0 = 7800
 INFO: Total execution time for kernels is 1.33538s
 INFO: Computing semblance for m0 = 7820
 INFO: Total execution time for kernels is 1.33527s
 INFO: Computing semblance for m0 = 7840
 INFO: Total execution time for kernels is 1.33546s
 INFO: Computing semblance for m0 = 7860
 INFO: Total execution time for kernels is 1.33543s
 INFO: Computing semblance for m0 = 7880
 INFO: Total execution time for kernels is 1.336s
 INFO: Computing semblance for m0 = 7900
 INFO: Total execution time for kernels is 1.33822s
 INFO: Computing semblance for m0 = 7920
 INFO: Total execution time for kernels is 1.33688s
 INFO: Computing semblance for m0 = 7940
 INFO: Total execution time for kernels is 1.33718s
 INFO: Computing semblance for m0 = 7960
 INFO: Total execution time for kernels is 1.33774s
 INFO: Computing semblance for m0 = 7980
 INFO: Total execution time for kernels is 1.3398s
 INFO: Computing semblance for m0 = 8000
 INFO: Total execution time for kernels is 1.33779s
 INFO: Computing semblance for m0 = 8020
 INFO: Total execution time for kernels is 1.33859s
 INFO: Computing semblance for m0 = 8040
 INFO: Total execution time for kernels is 1.33872s
 INFO: Computing semblance for m0 = 8060
 INFO: Total execution time for kernels is 1.34074s
 INFO: Computing semblance for m0 = 8080
 INFO: Total execution time for kernels is 1.34076s
 INFO: Computing semblance for m0 = 8100
 INFO: Total execution time for kernels is 1.34041s
 INFO: Computing semblance for m0 = 8120
 INFO: Total execution time for kernels is 1.34246s
 INFO: Computing semblance for m0 = 8140
 INFO: Total execution time for kernels is 1.34286s
 INFO: Computing semblance for m0 = 8160
 INFO: Total execution time for kernels is 1.34214s
 INFO: Computing semblance for m0 = 8180
 INFO: Total execution time for kernels is 1.34509s
 INFO: Computing semblance for m0 = 8200
 INFO: Total execution time for kernels is 1.34417s
 INFO: Computing semblance for m0 = 8220
 INFO: Total execution time for kernels is 1.34464s
 INFO: Computing semblance for m0 = 8240
 INFO: Total execution time for kernels is 1.34482s
 INFO: Computing semblance for m0 = 8260
 INFO: Total execution time for kernels is 1.34428s
 INFO: Computing semblance for m0 = 8280
 INFO: Total execution time for kernels is 1.34446s
 INFO: Computing semblance for m0 = 8300
 INFO: Total execution time for kernels is 1.34633s
 INFO: Computing semblance for m0 = 8320
 INFO: Total execution time for kernels is 1.34725s
 INFO: Computing semblance for m0 = 8340
 INFO: Total execution time for kernels is 1.34673s
 INFO: Computing semblance for m0 = 8360
 INFO: Total execution time for kernels is 1.34864s
 INFO: Computing semblance for m0 = 8380
 INFO: Total execution time for kernels is 1.34821s
 INFO: Computing semblance for m0 = 8400
 INFO: Total execution time for kernels is 1.34843s
 INFO: Computing semblance for m0 = 8420
 INFO: Total execution time for kernels is 1.34912s
 INFO: Computing semblance for m0 = 8440
 INFO: Total execution time for kernels is 1.34898s
 INFO: Computing semblance for m0 = 8460
 INFO: Total execution time for kernels is 1.34913s
 INFO: Computing semblance for m0 = 8480
 INFO: Total execution time for kernels is 1.35185s
 INFO: Computing semblance for m0 = 8500
 INFO: Total execution time for kernels is 1.35209s
 INFO: Computing semblance for m0 = 8520
 INFO: Total execution time for kernels is 1.35487s
 INFO: Computing semblance for m0 = 8540
 INFO: Total execution time for kernels is 1.3552s
 INFO: Computing semblance for m0 = 8560
 INFO: Total execution time for kernels is 1.35361s
 INFO: Computing semblance for m0 = 8580
 INFO: Total execution time for kernels is 1.35678s
 INFO: Computing semblance for m0 = 8600
 INFO: Total execution time for kernels is 1.35783s
 INFO: Computing semblance for m0 = 8620
 INFO: Total execution time for kernels is 1.35711s
 INFO: Computing semblance for m0 = 8640
 INFO: Total execution time for kernels is 1.36043s
 INFO: Computing semblance for m0 = 8660
 INFO: Total execution time for kernels is 1.35849s
 INFO: Computing semblance for m0 = 8680
 INFO: Total execution time for kernels is 1.36003s
 INFO: Computing semblance for m0 = 8700
 INFO: Total execution time for kernels is 1.36033s
 INFO: Computing semblance for m0 = 8720
 INFO: Total execution time for kernels is 1.36264s
 INFO: Computing semblance for m0 = 8740
 INFO: Total execution time for kernels is 1.36526s
 INFO: Computing semblance for m0 = 8760
 INFO: Total execution time for kernels is 1.36352s
 INFO: Computing semblance for m0 = 8780
 INFO: Total execution time for kernels is 1.36371s
 INFO: Computing semblance for m0 = 8800
 INFO: Total execution time for kernels is 1.36446s
 INFO: Computing semblance for m0 = 8820
 INFO: Total execution time for kernels is 1.36472s
 INFO: Computing semblance for m0 = 8840
 INFO: Total execution time for kernels is 1.35935s
 INFO: Computing semblance for m0 = 8860
 INFO: Total execution time for kernels is 1.3676s
 INFO: Computing semblance for m0 = 8880
 INFO: Total execution time for kernels is 1.36817s
 INFO: Computing semblance for m0 = 8900
 INFO: Total execution time for kernels is 1.36956s
 INFO: Computing semblance for m0 = 8920
 INFO: Total execution time for kernels is 1.37078s
 INFO: Computing semblance for m0 = 8940
 INFO: Total execution time for kernels is 1.36802s
 INFO: Computing semblance for m0 = 8960
 INFO: Total execution time for kernels is 1.36368s
 INFO: Computing semblance for m0 = 8980
 INFO: Total execution time for kernels is 1.35845s
 INFO: Computing semblance for m0 = 9000
 INFO: Total execution time for kernels is 1.35041s
 INFO: Computing semblance for m0 = 9020
 INFO: Total execution time for kernels is 1.34003s
 INFO: Computing semblance for m0 = 9040
 INFO: Total execution time for kernels is 1.32952s
 INFO: Computing semblance for m0 = 9060
 INFO: Total execution time for kernels is 1.3146s
 INFO: Computing semblance for m0 = 9080
 INFO: Total execution time for kernels is 1.30141s
 INFO: Computing semblance for m0 = 9100
 INFO: Total execution time for kernels is 1.28171s
 INFO: Computing semblance for m0 = 9120
 INFO: Total execution time for kernels is 1.26454s
 INFO: Computing semblance for m0 = 9140
 INFO: Total execution time for kernels is 1.24031s
 INFO: Computing semblance for m0 = 9160
 INFO: Total execution time for kernels is 1.21877s
 INFO: Computing semblance for m0 = 9180
 INFO: Total execution time for kernels is 1.19189s
 INFO: Computing semblance for m0 = 9200
 INFO: Total execution time for kernels is 1.1653s
 INFO: Computing semblance for m0 = 9220
 INFO: Total execution time for kernels is 1.13507s
 INFO: Computing semblance for m0 = 9240
 INFO: Total execution time for kernels is 1.10857s
 INFO: Computing semblance for m0 = 9260
 INFO: Total execution time for kernels is 1.07894s
 INFO: Computing semblance for m0 = 9280
 INFO: Total execution time for kernels is 1.05108s
 INFO: Computing semblance for m0 = 9300
 INFO: Total execution time for kernels is 1.01706s
 INFO: Computing semblance for m0 = 9320
 INFO: Total execution time for kernels is 0.992676s
 INFO: Computing semblance for m0 = 9340
 INFO: Total execution time for kernels is 0.958651s
 INFO: Computing semblance for m0 = 9360
 INFO: Total execution time for kernels is 0.930897s
 INFO: Computing semblance for m0 = 9380
 INFO: Total execution time for kernels is 0.871286s
 INFO: Computing semblance for m0 = 9400
 INFO: Total execution time for kernels is 0.842163s
 INFO: Computing semblance for m0 = 9420
 INFO: Total execution time for kernels is 0.801759s
 INFO: Computing semblance for m0 = 9440
 INFO: Total execution time for kernels is 0.776187s
 INFO: Computing semblance for m0 = 9460
 INFO: Total execution time for kernels is 0.714084s
 INFO: Computing semblance for m0 = 9480
 INFO: Total execution time for kernels is 0.709666s
 INFO: Computing semblance for m0 = 9500
 INFO: Total execution time for kernels is 0.677796s
 INFO: Computing semblance for m0 = 9520
 INFO: Total execution time for kernels is 0.651129s
 INFO: Computing semblance for m0 = 9540
 INFO: Total execution time for kernels is 0.619064s
 INFO: Computing semblance for m0 = 9560
 INFO: Total execution time for kernels is 0.592863s
 INFO: Computing semblance for m0 = 9580
 INFO: Total execution time for kernels is 0.561075s
 INFO: Computing semblance for m0 = 9600
 INFO: Total execution time for kernels is 0.533467s
 INFO: Computing semblance for m0 = 9620
 INFO: Total execution time for kernels is 0.502105s
 INFO: Computing semblance for m0 = 9640
 INFO: Total execution time for kernels is 0.480185s
 INFO: Computing semblance for m0 = 9660
 INFO: Total execution time for kernels is 0.443223s
 INFO: Computing semblance for m0 = 9680
 INFO: Total execution time for kernels is 0.416441s
 INFO: Computing semblance for m0 = 9700
 INFO: Total execution time for kernels is 0.384028s
 INFO: Computing semblance for m0 = 9720
 INFO: Total execution time for kernels is 0.35716s
 INFO: Computing semblance for m0 = 9740
 INFO: Total execution time for kernels is 0.327106s
 INFO: Computing semblance for m0 = 9760
 INFO: Total execution time for kernels is 0.301723s
 INFO: Computing semblance for m0 = 9780
 INFO: Total execution time for kernels is 0.270694s
 INFO: Computing semblance for m0 = 9800
 INFO: Total execution time for kernels is 0.243272s
 INFO: Computing semblance for m0 = 9820
 INFO: Total execution time for kernels is 0.210859s
 INFO: Computing semblance for m0 = 9840
 INFO: Total execution time for kernels is 0.186681s
 INFO: Computing semblance for m0 = 9860
 INFO: Total execution time for kernels is 0.159303s
 INFO: Computing semblance for m0 = 9880
 INFO: Total execution time for kernels is 0.13304s
 INFO: Computing semblance for m0 = 9900
 INFO: Total execution time for kernels is 0.111932s
 INFO: Computing semblance for m0 = 9920
 INFO: Total execution time for kernels is 0.09043s
 INFO: Computing semblance for m0 = 9940
 INFO: Total execution time for kernels is 0.0681298s
 INFO: Average of efficiency is 1
 INFO: Average of interpolations_per_sec is 1.21629e+11
 INFO: Average of selected_traces is 309.888
 INFO: Average of total_selection_kernel_exec_time is 0.00416157
 INFO: Average of total_kernel_exec_time is 1.21165
 INFO: Results written to /home/ubuntu/nfs/out/0447d1c_g4dn.xlarge/zocrs/greedy/cuda/simple-synthetic_3/simple-synthetic_greedy_zocrs_20210101_0227/
 INFO: It took 595.901s to compute.
