2020-12-29 23:22:54,880 - Thread-1 - WARNING - Error loading the list of task managers from the file ./nodes.txt
2020-12-29 23:22:54,880 - Thread-1 - WARNING - Error loading the list of task managers from the file ./nodes.txt
2020-12-29 23:22:54,880 - NetworkListener - INFO - Listening to network at 0.0.0.0:7726...
2020-12-29 23:22:54,881 - MainThread - INFO - Running module...
2020-12-29 23:22:54,881 - MainThread - INFO - Starting job manager JobManager-4588 for job 1...
2020-12-29 23:22:55,682 - Thread-2 - INFO - Job manager running...
2020-12-29 23:22:55,683 - MainThread - INFO - Starting committer for job 1...
2020-12-29 23:22:55,683 - Thread-2 - WARNING - Error loading the list of task managers from the file ./nodes.txt
2020-12-29 23:22:55,683 - Thread-2 - WARNING - Error loading the list of task managers from the file ./nodes.txt
2020-12-29 23:22:55,708 - Thread-3 - INFO - Committer running...
2020-12-29 23:22:55,708 - Thread-3 - WARNING - Error loading the list of task managers from the file ./nodes.txt
2020-12-29 23:22:55,708 - Thread-3 - WARNING - Error loading the list of task managers from the file ./nodes.txt
2020-12-29 23:22:57,685 - Thread-2 - WARNING - Error loading the list of task managers from the file ./nodes.txt
2020-12-29 23:22:57,711 - Thread-3 - WARNING - Error loading the list of task managers from the file ./nodes.txt
2020-12-29 23:22:59,688 - Thread-2 - WARNING - Error loading the list of task managers from the file ./nodes.txt
2020-12-29 23:22:59,713 - Thread-3 - WARNING - Error loading the list of task managers from the file ./nodes.txt
2020-12-29 23:23:01,690 - Thread-2 - WARNING - Error loading the list of task managers from the file ./nodes.txt
2020-12-29 23:23:01,715 - Thread-3 - WARNING - Error loading the list of task managers from the file ./nodes.txt
2020-12-29 23:23:03,693 - Thread-2 - WARNING - Error loading the list of task managers from the file ./nodes.txt
2020-12-29 23:23:03,718 - Thread-3 - WARNING - Error loading the list of task managers from the file ./nodes.txt
2020-12-29 23:23:04,890 - Thread-1 - WARNING - Error loading the list of task managers from the file ./nodes.txt
2020-12-29 23:23:05,695 - Thread-2 - WARNING - Error loading the list of task managers from the file ./nodes.txt
2020-12-29 23:23:05,720 - Thread-3 - WARNING - Error loading the list of task managers from the file ./nodes.txt
2020-12-29 23:23:07,698 - Thread-2 - WARNING - Error loading the list of task managers from the file ./nodes.txt
2020-12-29 23:23:07,723 - Thread-3 - WARNING - Error loading the list of task managers from the file ./nodes.txt
2020-12-29 23:23:09,700 - Thread-2 - WARNING - Error loading the list of task managers from the file ./nodes.txt
2020-12-29 23:23:09,725 - Thread-3 - WARNING - Error loading the list of task managers from the file ./nodes.txt
2020-12-29 23:23:11,703 - Thread-2 - WARNING - Error loading the list of task managers from the file ./nodes.txt
2020-12-29 23:23:11,727 - Thread-3 - WARNING - Error loading the list of task managers from the file ./nodes.txt
2020-12-29 23:23:13,705 - Thread-2 - WARNING - Error loading the list of task managers from the file ./nodes.txt
2020-12-29 23:23:13,730 - Thread-3 - WARNING - Error loading the list of task managers from the file ./nodes.txt
2020-12-29 23:23:14,728 - Thread-1 - WARNING - Error loading the list of task managers from the file ./nodes.txt
2020-12-29 23:23:15,708 - Thread-2 - WARNING - Error loading the list of task managers from the file ./nodes.txt
2020-12-29 23:23:15,732 - Thread-3 - WARNING - Error loading the list of task managers from the file ./nodes.txt
2020-12-29 23:23:17,710 - Thread-2 - WARNING - Error loading the list of task managers from the file ./nodes.txt
2020-12-29 23:23:17,734 - Thread-3 - WARNING - Error loading the list of task managers from the file ./nodes.txt
2020-12-29 23:23:19,712 - Thread-2 - WARNING - Error loading the list of task managers from the file ./nodes.txt
2020-12-29 23:23:19,737 - Thread-3 - WARNING - Error loading the list of task managers from the file ./nodes.txt
2020-12-29 23:23:21,715 - Thread-2 - WARNING - Error loading the list of task managers from the file ./nodes.txt
2020-12-29 23:23:21,739 - Thread-3 - WARNING - Error loading the list of task managers from the file ./nodes.txt
2020-12-29 23:23:23,717 - Thread-2 - WARNING - Error loading the list of task managers from the file ./nodes.txt
2020-12-29 23:23:23,741 - Thread-3 - WARNING - Error loading the list of task managers from the file ./nodes.txt
2020-12-29 23:23:24,734 - Thread-1 - WARNING - Error loading the list of task managers from the file ./nodes.txt
2020-12-29 23:23:25,720 - Thread-2 - WARNING - Error loading the list of task managers from the file ./nodes.txt
2020-12-29 23:23:25,744 - Thread-3 - WARNING - Error loading the list of task managers from the file ./nodes.txt
2020-12-29 23:23:27,722 - Thread-2 - WARNING - Error loading the list of task managers from the file ./nodes.txt
2020-12-29 23:23:27,746 - Thread-3 - WARNING - Error loading the list of task managers from the file ./nodes.txt
2020-12-29 23:23:29,724 - Thread-2 - WARNING - Error loading the list of task managers from the file ./nodes.txt
2020-12-29 23:23:29,748 - Thread-3 - WARNING - Error loading the list of task managers from the file ./nodes.txt
2020-12-29 23:23:31,726 - Thread-2 - WARNING - Error loading the list of task managers from the file ./nodes.txt
2020-12-29 23:23:31,750 - Thread-3 - WARNING - Error loading the list of task managers from the file ./nodes.txt
2020-12-29 23:23:33,729 - Thread-2 - WARNING - Error loading the list of task managers from the file ./nodes.txt
2020-12-29 23:23:33,752 - Thread-3 - WARNING - Error loading the list of task managers from the file ./nodes.txt
2020-12-29 23:23:34,739 - Thread-1 - WARNING - Error loading the list of task managers from the file ./nodes.txt
2020-12-29 23:23:35,731 - Thread-2 - WARNING - Error loading the list of task managers from the file ./nodes.txt
2020-12-29 23:23:35,755 - Thread-3 - WARNING - Error loading the list of task managers from the file ./nodes.txt
2020-12-29 23:23:37,732 - Thread-2 - WARNING - Error loading the list of task managers from the file ./nodes.txt
2020-12-29 23:23:37,756 - Thread-3 - WARNING - Error loading the list of task managers from the file ./nodes.txt
2020-12-29 23:23:39,734 - Thread-2 - WARNING - Error loading the list of task managers from the file ./nodes.txt
2020-12-29 23:23:39,758 - Thread-3 - WARNING - Error loading the list of task managers from the file ./nodes.txt
2020-12-29 23:23:41,793 - Thread-2 - WARNING - Error loading the list of task managers from the file ./nodes.txt
2020-12-29 23:23:41,796 - Thread-3 - WARNING - Error loading the list of task managers from the file ./nodes.txt
2020-12-29 23:23:43,839 - Thread-2 - WARNING - Error loading the list of task managers from the file ./nodes.txt
2020-12-29 23:23:43,868 - Thread-3 - WARNING - Error loading the list of task managers from the file ./nodes.txt
2020-12-29 23:23:44,736 - Thread-1 - WARNING - Error loading the list of task managers from the file ./nodes.txt
2020-12-29 23:23:45,979 - Thread-2 - WARNING - Error loading the list of task managers from the file ./nodes.txt
2020-12-29 23:23:46,026 - Thread-3 - WARNING - Error loading the list of task managers from the file ./nodes.txt
2020-12-29 23:23:48,026 - Thread-2 - WARNING - Error loading the list of task managers from the file ./nodes.txt
2020-12-29 23:23:48,114 - Thread-3 - WARNING - Error loading the list of task managers from the file ./nodes.txt
2020-12-29 23:23:50,072 - Thread-2 - WARNING - Error loading the list of task managers from the file ./nodes.txt
2020-12-29 23:23:50,177 - Thread-3 - WARNING - Error loading the list of task managers from the file ./nodes.txt
2020-12-29 23:23:52,117 - Thread-2 - WARNING - Error loading the list of task managers from the file ./nodes.txt
2020-12-29 23:23:52,244 - Thread-3 - WARNING - Error loading the list of task managers from the file ./nodes.txt
2020-12-29 23:23:54,163 - Thread-2 - WARNING - Error loading the list of task managers from the file ./nodes.txt
2020-12-29 23:23:54,311 - Thread-3 - WARNING - Error loading the list of task managers from the file ./nodes.txt
2020-12-29 23:23:54,739 - Thread-1 - WARNING - Error loading the list of task managers from the file ./nodes.txt
2020-12-29 23:23:56,207 - Thread-2 - WARNING - Error loading the list of task managers from the file ./nodes.txt
2020-12-29 23:23:56,377 - Thread-3 - WARNING - Error loading the list of task managers from the file ./nodes.txt
2020-12-29 23:23:58,252 - Thread-2 - WARNING - Error loading the list of task managers from the file ./nodes.txt
2020-12-29 23:23:58,442 - Thread-3 - WARNING - Error loading the list of task managers from the file ./nodes.txt
2020-12-29 23:24:00,299 - Thread-2 - WARNING - Error loading the list of task managers from the file ./nodes.txt
2020-12-29 23:24:00,507 - Thread-3 - WARNING - Error loading the list of task managers from the file ./nodes.txt
2020-12-29 23:24:02,346 - Thread-2 - WARNING - Error loading the list of task managers from the file ./nodes.txt
2020-12-29 23:24:02,572 - Thread-3 - WARNING - Error loading the list of task managers from the file ./nodes.txt
2020-12-29 23:24:04,395 - Thread-2 - WARNING - Error loading the list of task managers from the file ./nodes.txt
2020-12-29 23:24:04,615 - Thread-1 - WARNING - Error loading the list of task managers from the file ./nodes.txt
2020-12-29 23:24:04,640 - Thread-3 - WARNING - Error loading the list of task managers from the file ./nodes.txt
2020-12-29 23:24:06,443 - Thread-2 - WARNING - Error loading the list of task managers from the file ./nodes.txt
2020-12-29 23:24:06,708 - Thread-3 - WARNING - Error loading the list of task managers from the file ./nodes.txt
2020-12-29 23:24:08,491 - Thread-2 - WARNING - Error loading the list of task managers from the file ./nodes.txt
2020-12-29 23:24:08,775 - Thread-3 - WARNING - Error loading the list of task managers from the file ./nodes.txt
2020-12-29 23:24:10,541 - Thread-2 - WARNING - Error loading the list of task managers from the file ./nodes.txt
2020-12-29 23:24:10,846 - Thread-3 - WARNING - Error loading the list of task managers from the file ./nodes.txt
2020-12-29 23:24:12,591 - Thread-2 - WARNING - Error loading the list of task managers from the file ./nodes.txt
2020-12-29 23:24:12,914 - Thread-3 - WARNING - Error loading the list of task managers from the file ./nodes.txt
2020-12-29 23:24:14,530 - Thread-1 - WARNING - Error loading the list of task managers from the file ./nodes.txt
2020-12-29 23:24:14,635 - Thread-2 - WARNING - Error loading the list of task managers from the file ./nodes.txt
2020-12-29 23:24:14,979 - Thread-3 - WARNING - Error loading the list of task managers from the file ./nodes.txt
2020-12-29 23:24:16,679 - Thread-2 - WARNING - Error loading the list of task managers from the file ./nodes.txt
2020-12-29 23:24:17,046 - Thread-3 - WARNING - Error loading the list of task managers from the file ./nodes.txt
2020-12-29 23:24:18,723 - Thread-2 - WARNING - Error loading the list of task managers from the file ./nodes.txt
2020-12-29 23:24:19,110 - Thread-3 - WARNING - Error loading the list of task managers from the file ./nodes.txt
2020-12-29 23:24:20,768 - Thread-2 - WARNING - Error loading the list of task managers from the file ./nodes.txt
2020-12-29 23:24:21,172 - Thread-3 - WARNING - Error loading the list of task managers from the file ./nodes.txt
2020-12-29 23:24:22,814 - Thread-2 - WARNING - Error loading the list of task managers from the file ./nodes.txt
2020-12-29 23:24:23,237 - Thread-3 - WARNING - Error loading the list of task managers from the file ./nodes.txt
2020-12-29 23:24:24,426 - Thread-1 - WARNING - Error loading the list of task managers from the file ./nodes.txt
2020-12-29 23:24:24,860 - Thread-2 - WARNING - Error loading the list of task managers from the file ./nodes.txt
2020-12-29 23:24:25,302 - Thread-3 - WARNING - Error loading the list of task managers from the file ./nodes.txt
2020-12-29 23:24:26,904 - Thread-2 - WARNING - Error loading the list of task managers from the file ./nodes.txt
2020-12-29 23:24:27,368 - Thread-3 - WARNING - Error loading the list of task managers from the file ./nodes.txt
2020-12-29 23:24:28,949 - Thread-2 - WARNING - Error loading the list of task managers from the file ./nodes.txt
2020-12-29 23:24:29,434 - Thread-3 - WARNING - Error loading the list of task managers from the file ./nodes.txt
2020-12-29 23:24:30,994 - Thread-2 - WARNING - Error loading the list of task managers from the file ./nodes.txt
2020-12-29 23:24:31,500 - Thread-3 - WARNING - Error loading the list of task managers from the file ./nodes.txt
2020-12-29 23:24:33,040 - Thread-2 - WARNING - Error loading the list of task managers from the file ./nodes.txt
2020-12-29 23:24:33,570 - Thread-3 - WARNING - Error loading the list of task managers from the file ./nodes.txt
2020-12-29 23:24:34,316 - Thread-1 - WARNING - Error loading the list of task managers from the file ./nodes.txt
2020-12-29 23:24:35,084 - Thread-2 - WARNING - Error loading the list of task managers from the file ./nodes.txt
2020-12-29 23:24:35,641 - Thread-3 - WARNING - Error loading the list of task managers from the file ./nodes.txt
2020-12-29 23:24:37,129 - Thread-2 - WARNING - Error loading the list of task managers from the file ./nodes.txt
2020-12-29 23:24:37,708 - Thread-3 - WARNING - Error loading the list of task managers from the file ./nodes.txt
2020-12-29 23:24:39,177 - Thread-2 - WARNING - Error loading the list of task managers from the file ./nodes.txt
2020-12-29 23:24:39,774 - Thread-3 - WARNING - Error loading the list of task managers from the file ./nodes.txt
2020-12-29 23:24:41,222 - Thread-2 - WARNING - Error loading the list of task managers from the file ./nodes.txt
2020-12-29 23:24:41,843 - Thread-3 - WARNING - Error loading the list of task managers from the file ./nodes.txt
2020-12-29 23:24:43,266 - Thread-2 - WARNING - Error loading the list of task managers from the file ./nodes.txt
2020-12-29 23:24:43,909 - Thread-3 - WARNING - Error loading the list of task managers from the file ./nodes.txt
2020-12-29 23:24:44,208 - Thread-1 - WARNING - Error loading the list of task managers from the file ./nodes.txt
2020-12-29 23:24:45,312 - Thread-2 - WARNING - Error loading the list of task managers from the file ./nodes.txt
2020-12-29 23:24:45,974 - Thread-3 - WARNING - Error loading the list of task managers from the file ./nodes.txt
2020-12-29 23:24:47,363 - Thread-2 - WARNING - Error loading the list of task managers from the file ./nodes.txt
2020-12-29 23:24:48,040 - Thread-3 - WARNING - Error loading the list of task managers from the file ./nodes.txt
2020-12-29 23:24:49,407 - Thread-2 - WARNING - Error loading the list of task managers from the file ./nodes.txt
2020-12-29 23:24:50,105 - Thread-3 - WARNING - Error loading the list of task managers from the file ./nodes.txt
2020-12-29 23:24:51,452 - Thread-2 - WARNING - Error loading the list of task managers from the file ./nodes.txt
2020-12-29 23:24:52,175 - Thread-3 - WARNING - Error loading the list of task managers from the file ./nodes.txt
2020-12-29 23:24:53,502 - Thread-2 - WARNING - Error loading the list of task managers from the file ./nodes.txt
2020-12-29 23:24:54,099 - Thread-1 - WARNING - Error loading the list of task managers from the file ./nodes.txt
2020-12-29 23:24:54,244 - Thread-3 - WARNING - Error loading the list of task managers from the file ./nodes.txt
2020-12-29 23:24:55,548 - Thread-2 - WARNING - Error loading the list of task managers from the file ./nodes.txt
2020-12-29 23:24:56,313 - Thread-3 - WARNING - Error loading the list of task managers from the file ./nodes.txt
2020-12-29 23:24:57,594 - Thread-2 - WARNING - Error loading the list of task managers from the file ./nodes.txt
2020-12-29 23:24:58,380 - Thread-3 - WARNING - Error loading the list of task managers from the file ./nodes.txt
2020-12-29 23:24:59,641 - Thread-2 - WARNING - Error loading the list of task managers from the file ./nodes.txt
2020-12-29 23:25:00,453 - Thread-3 - WARNING - Error loading the list of task managers from the file ./nodes.txt
2020-12-29 23:25:01,689 - Thread-2 - WARNING - Error loading the list of task managers from the file ./nodes.txt
2020-12-29 23:25:02,522 - Thread-3 - WARNING - Error loading the list of task managers from the file ./nodes.txt
2020-12-29 23:25:03,744 - Thread-2 - WARNING - Error loading the list of task managers from the file ./nodes.txt
2020-12-29 23:25:04,013 - Thread-1 - WARNING - Error loading the list of task managers from the file ./nodes.txt
2020-12-29 23:25:04,593 - Thread-3 - WARNING - Error loading the list of task managers from the file ./nodes.txt
2020-12-29 23:25:05,791 - Thread-2 - WARNING - Error loading the list of task managers from the file ./nodes.txt
2020-12-29 23:25:06,667 - Thread-3 - WARNING - Error loading the list of task managers from the file ./nodes.txt
2020-12-29 23:25:07,841 - Thread-2 - WARNING - Error loading the list of task managers from the file ./nodes.txt
2020-12-29 23:25:08,735 - Thread-3 - WARNING - Error loading the list of task managers from the file ./nodes.txt
2020-12-29 23:25:09,888 - Thread-2 - WARNING - Error loading the list of task managers from the file ./nodes.txt
2020-12-29 23:25:10,805 - Thread-3 - WARNING - Error loading the list of task managers from the file ./nodes.txt
2020-12-29 23:25:11,935 - Thread-2 - WARNING - Error loading the list of task managers from the file ./nodes.txt
2020-12-29 23:25:12,877 - Thread-3 - WARNING - Error loading the list of task managers from the file ./nodes.txt
2020-12-29 23:25:13,909 - Thread-1 - WARNING - Error loading the list of task managers from the file ./nodes.txt
2020-12-29 23:25:13,985 - Thread-2 - WARNING - Error loading the list of task managers from the file ./nodes.txt
2020-12-29 23:25:14,949 - Thread-3 - WARNING - Error loading the list of task managers from the file ./nodes.txt
2020-12-29 23:25:16,042 - Thread-2 - WARNING - Error loading the list of task managers from the file ./nodes.txt
2020-12-29 23:25:17,045 - Thread-3 - WARNING - Error loading the list of task managers from the file ./nodes.txt
2020-12-29 23:25:18,092 - Thread-2 - WARNING - Error loading the list of task managers from the file ./nodes.txt
2020-12-29 23:25:19,122 - Thread-3 - WARNING - Error loading the list of task managers from the file ./nodes.txt
2020-12-29 23:25:20,139 - Thread-2 - WARNING - Error loading the list of task managers from the file ./nodes.txt
2020-12-29 23:25:21,204 - Thread-3 - WARNING - Error loading the list of task managers from the file ./nodes.txt
2020-12-29 23:25:22,186 - Thread-2 - WARNING - Error loading the list of task managers from the file ./nodes.txt
2020-12-29 23:25:23,270 - Thread-3 - WARNING - Error loading the list of task managers from the file ./nodes.txt
2020-12-29 23:25:23,804 - Thread-1 - WARNING - Error loading the list of task managers from the file ./nodes.txt
2020-12-29 23:25:24,238 - Thread-2 - WARNING - Error loading the list of task managers from the file ./nodes.txt
2020-12-29 23:25:25,335 - Thread-3 - WARNING - Error loading the list of task managers from the file ./nodes.txt
2020-12-29 23:25:26,284 - Thread-2 - WARNING - Error loading the list of task managers from the file ./nodes.txt
2020-12-29 23:25:27,406 - Thread-3 - WARNING - Error loading the list of task managers from the file ./nodes.txt
2020-12-29 23:25:28,330 - Thread-2 - WARNING - Error loading the list of task managers from the file ./nodes.txt
2020-12-29 23:25:29,472 - Thread-3 - WARNING - Error loading the list of task managers from the file ./nodes.txt
2020-12-29 23:25:30,378 - Thread-2 - WARNING - Error loading the list of task managers from the file ./nodes.txt
2020-12-29 23:25:31,539 - Thread-3 - WARNING - Error loading the list of task managers from the file ./nodes.txt
2020-12-29 23:25:32,424 - Thread-2 - WARNING - Error loading the list of task managers from the file ./nodes.txt
2020-12-29 23:25:33,603 - Thread-3 - WARNING - Error loading the list of task managers from the file ./nodes.txt
2020-12-29 23:25:33,676 - Thread-1 - WARNING - Error loading the list of task managers from the file ./nodes.txt
2020-12-29 23:25:34,470 - Thread-2 - WARNING - Error loading the list of task managers from the file ./nodes.txt
2020-12-29 23:25:34,501 - Thread-2 - INFO - All tasks generated.
2020-12-29 23:25:35,669 - Thread-3 - WARNING - Error loading the list of task managers from the file ./nodes.txt
2020-12-29 23:25:35,710 - Thread-3 - INFO - All tasks committed.
2020-12-29 23:25:36,511 - Thread-2 - WARNING - Error loading the list of task managers from the file ./nodes.txt
2020-12-29 23:25:36,517 - MainThread - INFO - Committing Job...
2020-12-29 23:25:37,133 - MainThread - INFO - Killing task managers...
2020-12-29 23:25:37,134 - MainThread - WARNING - Error loading the list of task managers from the file ./nodes.txt
2020-12-29 23:25:43,565 - Thread-1 - WARNING - Error loading the list of task managers from the file ./nodes.txt
