 INFO: Number of CDPs = 445
 INFO: Number of traces in the gather = 9200
 INFO: Number of samples per trace = 2502
 INFO: Starting worker threads...
 INFO: Computing semblance for m0 = 0
 INFO: No trace has been selected for m0 = 0. Skipping.
 INFO: Total execution time for kernels is 2.1125e-05s
 INFO: Computing semblance for m0 = 1080
 INFO: Computing semblance for m0 = 1100
 INFO: Computing semblance for m0 = 1120
 INFO: Computing semblance for m0 = 1140
 INFO: Computing semblance for m0 = 1160
 INFO: Computing semblance for m0 = 1180
 INFO: Computing semblance for m0 = 1200
 INFO: Computing semblance for m0 = 1220
 INFO: Total execution time for kernels is 0.00587937s
 INFO: Computing semblance for m0 = 1240
 INFO: Total execution time for kernels is 0.00585905s
 INFO: Computing semblance for m0 = 1260
 INFO: Total execution time for kernels is 0.00770725s
 INFO: Computing semblance for m0 = 1280
 INFO: Total execution time for kernels is 0.0093553s
 INFO: Computing semblance for m0 = 1300
 INFO: Total execution time for kernels is 0.00950009s
 INFO: Computing semblance for m0 = 1320
 INFO: Total execution time for kernels is 0.00951246s
 INFO: Computing semblance for m0 = 1340
 INFO: Total execution time for kernels is 0.0112502s
 INFO: Computing semblance for m0 = 1360
 INFO: Total execution time for kernels is 0.014121s
 INFO: Computing semblance for m0 = 1380
 INFO: Total execution time for kernels is 0.0128038s
 INFO: Computing semblance for m0 = 1400
 INFO: Total execution time for kernels is 0.0129866s
 INFO: Computing semblance for m0 = 1420
 INFO: Total execution time for kernels is 0.0148291s
 INFO: Computing semblance for m0 = 1440
 INFO: Total execution time for kernels is 0.0162895s
 INFO: Computing semblance for m0 = 1460
 INFO: Total execution time for kernels is 0.016732s
 INFO: Computing semblance for m0 = 1480
 INFO: Total execution time for kernels is 0.0179093s
 INFO: Computing semblance for m0 = 1500
 INFO: Total execution time for kernels is 0.0184828s
 INFO: Computing semblance for m0 = 1520
 INFO: Total execution time for kernels is 0.0230938s
 INFO: Computing semblance for m0 = 1540
 INFO: Total execution time for kernels is 0.0198265s
 INFO: Computing semblance for m0 = 1560
 INFO: Total execution time for kernels is 0.0202481s
 INFO: Computing semblance for m0 = 1580
 INFO: Total execution time for kernels is 0.0220814s
 INFO: Computing semblance for m0 = 1600
 INFO: Total execution time for kernels is 0.0215769s
 INFO: Computing semblance for m0 = 1620
 INFO: Total execution time for kernels is 0.0239052s
 INFO: Computing semblance for m0 = 1640
 INFO: Total execution time for kernels is 0.0287197s
 INFO: Computing semblance for m0 = 1660
 INFO: Total execution time for kernels is 0.0257807s
 INFO: Computing semblance for m0 = 1680
 INFO: Total execution time for kernels is 0.0269568s
 INFO: Computing semblance for m0 = 1700
 INFO: Total execution time for kernels is 0.0320318s
 INFO: Computing semblance for m0 = 1720
 INFO: Total execution time for kernels is 0.0275047s
 INFO: Computing semblance for m0 = 1740
 INFO: Total execution time for kernels is 0.0294636s
 INFO: Computing semblance for m0 = 1760
 INFO: Total execution time for kernels is 0.0286895s
 INFO: Computing semblance for m0 = 1780
 INFO: Total execution time for kernels is 0.0313115s
 INFO: Computing semblance for m0 = 1800
 INFO: Total execution time for kernels is 0.0330756s
 INFO: Computing semblance for m0 = 1820
 INFO: Total execution time for kernels is 0.0372829s
 INFO: Computing semblance for m0 = 1840
 INFO: Total execution time for kernels is 0.0322182s
 INFO: Computing semblance for m0 = 1860
 INFO: Total execution time for kernels is 0.0348172s
 INFO: Computing semblance for m0 = 1880
 INFO: Total execution time for kernels is 0.0433665s
 INFO: Computing semblance for m0 = 1900
 INFO: Total execution time for kernels is 0.0367715s
 INFO: Computing semblance for m0 = 1920
 INFO: Total execution time for kernels is 0.0357417s
 INFO: Computing semblance for m0 = 1940
 INFO: Total execution time for kernels is 0.038695s
 INFO: Computing semblance for m0 = 1960
 INFO: Total execution time for kernels is 0.0385967s
 INFO: Computing semblance for m0 = 1980
 INFO: Total execution time for kernels is 0.0390437s
 INFO: Computing semblance for m0 = 2000
 INFO: Total execution time for kernels is 0.0481012s
 INFO: Computing semblance for m0 = 2020
 INFO: Total execution time for kernels is 0.0422075s
 INFO: Computing semblance for m0 = 2040
 INFO: Total execution time for kernels is 0.0440489s
 INFO: Computing semblance for m0 = 2060
 INFO: Total execution time for kernels is 0.0424981s
 INFO: Computing semblance for m0 = 2080
 INFO: Total execution time for kernels is 0.0525874s
 INFO: Computing semblance for m0 = 2100
 INFO: Total execution time for kernels is 0.0459294s
 INFO: Computing semblance for m0 = 2120
 INFO: Total execution time for kernels is 0.0458316s
 INFO: Computing semblance for m0 = 2140
 INFO: Total execution time for kernels is 0.0443003s
 INFO: Computing semblance for m0 = 2160
 INFO: Total execution time for kernels is 0.0534627s
 INFO: Computing semblance for m0 = 2180
 INFO: Total execution time for kernels is 0.0457321s
 INFO: Computing semblance for m0 = 2200
 INFO: Total execution time for kernels is 0.0442693s
 INFO: Computing semblance for m0 = 2220
 INFO: Total execution time for kernels is 0.0459606s
 INFO: Computing semblance for m0 = 2240
 INFO: Total execution time for kernels is 0.0521192s
 INFO: Computing semblance for m0 = 2260
 INFO: Total execution time for kernels is 0.0460999s
 INFO: Computing semblance for m0 = 2280
 INFO: Total execution time for kernels is 0.0459442s
 INFO: Computing semblance for m0 = 2300
 INFO: Total execution time for kernels is 0.0442389s
 INFO: Computing semblance for m0 = 2320
 INFO: Total execution time for kernels is 0.0457349s
 INFO: Computing semblance for m0 = 2340
 INFO: Total execution time for kernels is 0.0481851s
 INFO: Computing semblance for m0 = 2360
 INFO: Total execution time for kernels is 0.0441861s
 INFO: Computing semblance for m0 = 2380
 INFO: Total execution time for kernels is 0.0457805s
 INFO: Computing semblance for m0 = 2400
 INFO: Total execution time for kernels is 0.0457785s
 INFO: Computing semblance for m0 = 2420
 INFO: Total execution time for kernels is 0.0501009s
 INFO: Computing semblance for m0 = 2440
 INFO: Total execution time for kernels is 0.0456315s
 INFO: Computing semblance for m0 = 2460
 INFO: Total execution time for kernels is 0.0441582s
 INFO: Computing semblance for m0 = 2480
 INFO: Total execution time for kernels is 0.0457634s
 INFO: Computing semblance for m0 = 2500
 INFO: Total execution time for kernels is 0.0478492s
 INFO: Computing semblance for m0 = 2520
 INFO: Total execution time for kernels is 0.0442343s
 INFO: Computing semblance for m0 = 2540
 INFO: Total execution time for kernels is 0.0457006s
 INFO: Computing semblance for m0 = 2560
 INFO: Total execution time for kernels is 0.0457259s
 INFO: Computing semblance for m0 = 2580
 INFO: Total execution time for kernels is 0.0500988s
 INFO: Computing semblance for m0 = 2600
 INFO: Total execution time for kernels is 0.0457378s
 INFO: Computing semblance for m0 = 2620
 INFO: Total execution time for kernels is 0.0442622s
 INFO: Computing semblance for m0 = 2640
 INFO: Total execution time for kernels is 0.0457107s
 INFO: Computing semblance for m0 = 2660
 INFO: Total execution time for kernels is 0.0441534s
 INFO: Total execution time for kernels is 0.0474138s
 INFO: Computing semblance for m0 = 2680
 INFO: Computing semblance for m0 = 2700
 INFO: Total execution time for kernels is 0.0456506s
 INFO: Computing semblance for m0 = 2720
 INFO: Total execution time for kernels is 0.0456867s
 INFO: Computing semblance for m0 = 2740
 INFO: Total execution time for kernels is 0.0457185s
 INFO: Computing semblance for m0 = 2760
 INFO: Total execution time for kernels is 0.0479119s
 INFO: Computing semblance for m0 = 2780
 INFO: Total execution time for kernels is 0.0442489s
 INFO: Computing semblance for m0 = 2800
 INFO: Total execution time for kernels is 0.0456472s
 INFO: Computing semblance for m0 = 2820
 INFO: Total execution time for kernels is 0.0442082s
 INFO: Computing semblance for m0 = 2840
 INFO: Total execution time for kernels is 0.0452187s
 INFO: Computing semblance for m0 = 2860
 INFO: Total execution time for kernels is 0.045678s
 INFO: Computing semblance for m0 = 2880
 INFO: Total execution time for kernels is 0.0457081s
 INFO: Computing semblance for m0 = 2900
 INFO: Total execution time for kernels is 0.0456981s
 INFO: Computing semblance for m0 = 2920
 INFO: Total execution time for kernels is 0.0476628s
 INFO: Computing semblance for m0 = 2940
 INFO: Total execution time for kernels is 0.0442769s
 INFO: Computing semblance for m0 = 2960
 INFO: Total execution time for kernels is 0.0456462s
 INFO: Computing semblance for m0 = 2980
 INFO: Total execution time for kernels is 0.0442448s
 INFO: Computing semblance for m0 = 3000
 INFO: Total execution time for kernels is 0.0452612s
 INFO: Computing semblance for m0 = 3020
 INFO: Total execution time for kernels is 0.0456549s
 INFO: Computing semblance for m0 = 3040
 INFO: Total execution time for kernels is 0.0456808s
 INFO: Computing semblance for m0 = 3060
 INFO: Total execution time for kernels is 0.0457472s
 INFO: Computing semblance for m0 = 3080
 INFO: Total execution time for kernels is 0.0442002s
 INFO: Computing semblance for m0 = 3100
 INFO: Total execution time for kernels is 0.0476081s
 INFO: Computing semblance for m0 = 3120
 INFO: Total execution time for kernels is 0.0456268s
 INFO: Computing semblance for m0 = 3140
 INFO: Total execution time for kernels is 0.0441855s
 INFO: Computing semblance for m0 = 3160
 INFO: Total execution time for kernels is 0.0451225s
 INFO: Computing semblance for m0 = 3180
 INFO: Total execution time for kernels is 0.0457123s
 INFO: Computing semblance for m0 = 3200
 INFO: Total execution time for kernels is 0.0456132s
 INFO: Computing semblance for m0 = 3220
 INFO: Total execution time for kernels is 0.0457329s
 INFO: Computing semblance for m0 = 3240
 INFO: Total execution time for kernels is 0.0442541s
 INFO: Computing semblance for m0 = 3260
 INFO: Total execution time for kernels is 0.0472322s
 INFO: Computing semblance for m0 = 3280
 INFO: Total execution time for kernels is 0.0456254s
 INFO: Computing semblance for m0 = 3300
 INFO: Total execution time for kernels is 0.0442081s
 INFO: Computing semblance for m0 = 3320
 INFO: Total execution time for kernels is 0.0446447s
 INFO: Computing semblance for m0 = 3340
 INFO: Total execution time for kernels is 0.0456829s
 INFO: Computing semblance for m0 = 3360
 INFO: Total execution time for kernels is 0.0456643s
 INFO: Computing semblance for m0 = 3380
 INFO: Total execution time for kernels is 0.0457189s
 INFO: Computing semblance for m0 = 3400
 INFO: Total execution time for kernels is 0.0442094s
 INFO: Computing semblance for m0 = 3420
 INFO: Total execution time for kernels is 0.0471654s
 INFO: Computing semblance for m0 = 3440
 INFO: Total execution time for kernels is 0.0441552s
 INFO: Computing semblance for m0 = 3460
 INFO: Total execution time for kernels is 0.0456118s
 INFO: Computing semblance for m0 = 3480
 INFO: Total execution time for kernels is 0.0446789s
 INFO: Computing semblance for m0 = 3500
 INFO: Total execution time for kernels is 0.0457236s
 INFO: Computing semblance for m0 = 3520
 INFO: Total execution time for kernels is 0.045701s
 INFO: Computing semblance for m0 = 3540
 INFO: Total execution time for kernels is 0.0441139s
 INFO: Computing semblance for m0 = 3560
 INFO: Total execution time for kernels is 0.0456378s
 INFO: Computing semblance for m0 = 3580
 INFO: Total execution time for kernels is 0.0471739s
 INFO: Computing semblance for m0 = 3600
 INFO: Total execution time for kernels is 0.0441471s
 INFO: Computing semblance for m0 = 3620
 INFO: Total execution time for kernels is 0.0456723s
 INFO: Computing semblance for m0 = 3640
 INFO: Total execution time for kernels is 0.0446124s
 INFO: Computing semblance for m0 = 3660
 INFO: Total execution time for kernels is 0.0456452s
 INFO: Computing semblance for m0 = 3680
 INFO: Total execution time for kernels is 0.0456273s
 INFO: Computing semblance for m0 = 3700
 INFO: Total execution time for kernels is 0.0443175s
 INFO: Computing semblance for m0 = 3720
 INFO: Total execution time for kernels is 0.0457699s
 INFO: Computing semblance for m0 = 3740
 INFO: Total execution time for kernels is 0.0470653s
 INFO: Computing semblance for m0 = 3760
 INFO: Total execution time for kernels is 0.0441208s
 INFO: Computing semblance for m0 = 3780
 INFO: Total execution time for kernels is 0.0457711s
 INFO: Computing semblance for m0 = 3800
 INFO: Total execution time for kernels is 0.0442285s
 INFO: Computing semblance for m0 = 3820
 INFO: Total execution time for kernels is 0.0457253s
 INFO: Computing semblance for m0 = 3840
 INFO: Total execution time for kernels is 0.045754s
 INFO: Computing semblance for m0 = 3860
 INFO: Total execution time for kernels is 0.0442652s
 INFO: Computing semblance for m0 = 3880
 INFO: Total execution time for kernels is 0.0456601s
 INFO: Computing semblance for m0 = 3900
 INFO: Total execution time for kernels is 0.0470639s
 INFO: Computing semblance for m0 = 3920
 INFO: Total execution time for kernels is 0.0441279s
 INFO: Computing semblance for m0 = 3940
 INFO: Total execution time for kernels is 0.0443157s
 INFO: Computing semblance for m0 = 3960
 INFO: Total execution time for kernels is 0.0456297s
 INFO: Computing semblance for m0 = 3980
 INFO: Total execution time for kernels is 0.0456839s
 INFO: Computing semblance for m0 = 4000
 INFO: Total execution time for kernels is 0.0456937s
 INFO: Total execution time for kernels is 0.0442585s
 INFO: Computing semblance for m0 = 4020
 INFO: Computing semblance for m0 = 4040
 INFO: Total execution time for kernels is 0.0456806s
 INFO: Computing semblance for m0 = 4060
 INFO: Total execution time for kernels is 0.0469785s
 INFO: Computing semblance for m0 = 4080
 INFO: Total execution time for kernels is 0.0442612s
 INFO: Computing semblance for m0 = 4100
 INFO: Total execution time for kernels is 0.0443469s
 INFO: Computing semblance for m0 = 4120
 INFO: Total execution time for kernels is 0.0455901s
 INFO: Computing semblance for m0 = 4140
 INFO: Total execution time for kernels is 0.0457528s
 INFO: Computing semblance for m0 = 4160
 INFO: Total execution time for kernels is 0.0442813s
 INFO: Computing semblance for m0 = 4180
 INFO: Total execution time for kernels is 0.0455725s
 INFO: Computing semblance for m0 = 4200
 INFO: Total execution time for kernels is 0.0456978s
 INFO: Computing semblance for m0 = 4220
 INFO: Total execution time for kernels is 0.0442163s
 INFO: Computing semblance for m0 = 4240
 INFO: Total execution time for kernels is 0.0469058s
 INFO: Computing semblance for m0 = 4260
 INFO: Total execution time for kernels is 0.0442146s
 INFO: Computing semblance for m0 = 4280
 INFO: Total execution time for kernels is 0.0455997s
 INFO: Computing semblance for m0 = 4300
 INFO: Total execution time for kernels is 0.0456651s
 INFO: Computing semblance for m0 = 4320
 INFO: Total execution time for kernels is 0.0441482s
 INFO: Computing semblance for m0 = 4340
 INFO: Total execution time for kernels is 0.0456628s
 INFO: Computing semblance for m0 = 4360
 INFO: Total execution time for kernels is 0.0457168s
 INFO: Computing semblance for m0 = 4380
 INFO: Total execution time for kernels is 0.0441319s
 INFO: Computing semblance for m0 = 4400
 INFO: Total execution time for kernels is 0.0469076s
 INFO: Computing semblance for m0 = 4420
 INFO: Total execution time for kernels is 0.0442097s
 INFO: Computing semblance for m0 = 4440
 INFO: Total execution time for kernels is 0.0455737s
 INFO: Computing semblance for m0 = 4460
 INFO: Total execution time for kernels is 0.0456205s
 INFO: Computing semblance for m0 = 4480
 INFO: Total execution time for kernels is 0.044188s
 INFO: Computing semblance for m0 = 4500
 INFO: Total execution time for kernels is 0.0456838s
 INFO: Computing semblance for m0 = 4520
 INFO: Total execution time for kernels is 0.0456434s
 INFO: Computing semblance for m0 = 4540
 INFO: Total execution time for kernels is 0.0441211s
 INFO: Computing semblance for m0 = 4560
 INFO: Total execution time for kernels is 0.0441353s
 INFO: Computing semblance for m0 = 4580
 INFO: Total execution time for kernels is 0.0469433s
 INFO: Computing semblance for m0 = 4600
 INFO: Total execution time for kernels is 0.0456535s
 INFO: Computing semblance for m0 = 4620
 INFO: Total execution time for kernels is 0.0456548s
 INFO: Computing semblance for m0 = 4640
 INFO: Total execution time for kernels is 0.0442628s
 INFO: Computing semblance for m0 = 4660
 INFO: Total execution time for kernels is 0.0457411s
 INFO: Computing semblance for m0 = 4680
 INFO: Total execution time for kernels is 0.0457001s
 INFO: Computing semblance for m0 = 4700
 INFO: Total execution time for kernels is 0.0441752s
 INFO: Computing semblance for m0 = 4720
 INFO: Total execution time for kernels is 0.0440773s
 INFO: Computing semblance for m0 = 4740
 INFO: Total execution time for kernels is 0.0469048s
 INFO: Computing semblance for m0 = 4760
 INFO: Total execution time for kernels is 0.0457074s
 INFO: Computing semblance for m0 = 4780
 INFO: Total execution time for kernels is 0.0456954s
 INFO: Computing semblance for m0 = 4800
 INFO: Total execution time for kernels is 0.0442295s
 INFO: Computing semblance for m0 = 4820
 INFO: Total execution time for kernels is 0.0457057s
 INFO: Computing semblance for m0 = 4840
 INFO: Total execution time for kernels is 0.0457819s
 INFO: Computing semblance for m0 = 4860
 INFO: Total execution time for kernels is 0.0441825s
 INFO: Computing semblance for m0 = 4880
 INFO: Total execution time for kernels is 0.0441766s
 INFO: Computing semblance for m0 = 4900
 INFO: Total execution time for kernels is 0.0469252s
 INFO: Computing semblance for m0 = 4920
 INFO: Total execution time for kernels is 0.0456153s
 INFO: Computing semblance for m0 = 4940
 INFO: Total execution time for kernels is 0.045679s
 INFO: Computing semblance for m0 = 4960
 INFO: Total execution time for kernels is 0.0441746s
 INFO: Computing semblance for m0 = 4980
 INFO: Total execution time for kernels is 0.0457214s
 INFO: Computing semblance for m0 = 5000
 INFO: Total execution time for kernels is 0.045668s
 INFO: Computing semblance for m0 = 5020
 INFO: Total execution time for kernels is 0.0442843s
 INFO: Computing semblance for m0 = 5040
 INFO: Total execution time for kernels is 0.0441609s
 INFO: Computing semblance for m0 = 5060
 INFO: Total execution time for kernels is 0.0469133s
 INFO: Computing semblance for m0 = 5080
 INFO: Total execution time for kernels is 0.0455692s
 INFO: Computing semblance for m0 = 5100
 INFO: Total execution time for kernels is 0.045633s
 INFO: Computing semblance for m0 = 5120
 INFO: Total execution time for kernels is 0.0441697s
 INFO: Computing semblance for m0 = 5140
 INFO: Total execution time for kernels is 0.0456383s
 INFO: Computing semblance for m0 = 5160
 INFO: Total execution time for kernels is 0.0456382s
 INFO: Computing semblance for m0 = 5180
 INFO: Total execution time for kernels is 0.0442244s
 INFO: Computing semblance for m0 = 5200
 INFO: Total execution time for kernels is 0.0441523s
 INFO: Computing semblance for m0 = 5220
 INFO: Total execution time for kernels is 0.0469936s
 INFO: Computing semblance for m0 = 5240
 INFO: Total execution time for kernels is 0.045677s
 INFO: Computing semblance for m0 = 5260
 INFO: Total execution time for kernels is 0.0457048s
 INFO: Computing semblance for m0 = 5280
 INFO: Total execution time for kernels is 0.0442366s
 INFO: Computing semblance for m0 = 5300
 INFO: Total execution time for kernels is 0.0456826s
 INFO: Computing semblance for m0 = 5320
 INFO: Total execution time for kernels is 0.0456551s
 INFO: Computing semblance for m0 = 5340
 INFO: Total execution time for kernels is 0.0443057s
 INFO: Computing semblance for m0 = 5360
 INFO: Total execution time for kernels is 0.0441387s
 INFO: Computing semblance for m0 = 5380
 INFO: Total execution time for kernels is 0.045623s
 INFO: Computing semblance for m0 = 5400
 INFO: Total execution time for kernels is 0.0469928s
 INFO: Computing semblance for m0 = 5420
 INFO: Total execution time for kernels is 0.045669s
 INFO: Computing semblance for m0 = 5440
 INFO: Total execution time for kernels is 0.0441873s
 INFO: Computing semblance for m0 = 5460
 INFO: Total execution time for kernels is 0.0456921s
 INFO: Computing semblance for m0 = 5480
 INFO: Total execution time for kernels is 0.0457121s
 INFO: Computing semblance for m0 = 5500
 INFO: Total execution time for kernels is 0.0441875s
 INFO: Computing semblance for m0 = 5520
 INFO: Total execution time for kernels is 0.0441471s
 INFO: Computing semblance for m0 = 5540
 INFO: Total execution time for kernels is 0.0457928s
 INFO: Computing semblance for m0 = 5560
 INFO: Total execution time for kernels is 0.046983s
 INFO: Computing semblance for m0 = 5580
 INFO: Total execution time for kernels is 0.0441749s
 INFO: Computing semblance for m0 = 5600
 INFO: Total execution time for kernels is 0.0457222s
 INFO: Computing semblance for m0 = 5620
 INFO: Total execution time for kernels is 0.0457495s
 INFO: Computing semblance for m0 = 5640
 INFO: Total execution time for kernels is 0.0456652s
 INFO: Computing semblance for m0 = 5660
 INFO: Total execution time for kernels is 0.0442588s
 INFO: Computing semblance for m0 = 5680
 INFO: Total execution time for kernels is 0.0441839s
 INFO: Computing semblance for m0 = 5700
 INFO: Total execution time for kernels is 0.0456275s
 INFO: Computing semblance for m0 = 5720
 INFO: Total execution time for kernels is 0.0469088s
 INFO: Computing semblance for m0 = 5740
 INFO: Total execution time for kernels is 0.0441512s
 INFO: Computing semblance for m0 = 5760
 INFO: Total execution time for kernels is 0.045683s
 INFO: Computing semblance for m0 = 5780
 INFO: Total execution time for kernels is 0.0456203s
 INFO: Computing semblance for m0 = 5800
 INFO: Total execution time for kernels is 0.0457083s
 INFO: Computing semblance for m0 = 5820
 INFO: Total execution time for kernels is 0.044216s
 INFO: Computing semblance for m0 = 5840
 INFO: Total execution time for kernels is 0.0442424s
 INFO: Computing semblance for m0 = 5860
 INFO: Total execution time for kernels is 0.0456905s
 INFO: Computing semblance for m0 = 5880
 INFO: Total execution time for kernels is 0.0469239s
 INFO: Computing semblance for m0 = 5900
 INFO: Total execution time for kernels is 0.044282s
 INFO: Computing semblance for m0 = 5920
 INFO: Total execution time for kernels is 0.0456608s
 INFO: Computing semblance for m0 = 5940
 INFO: Total execution time for kernels is 0.0456849s
 INFO: Computing semblance for m0 = 5960
 INFO: Total execution time for kernels is 0.0441591s
 INFO: Computing semblance for m0 = 5980
 INFO: Total execution time for kernels is 0.0456632s
 INFO: Computing semblance for m0 = 6000
 INFO: Total execution time for kernels is 0.0441563s
 INFO: Computing semblance for m0 = 6020
 INFO: Total execution time for kernels is 0.0457737s
 INFO: Computing semblance for m0 = 6040
 INFO: Total execution time for kernels is 0.0470042s
 INFO: Computing semblance for m0 = 6060
 INFO: Total execution time for kernels is 0.0442345s
 INFO: Computing semblance for m0 = 6080
 INFO: Total execution time for kernels is 0.0456089s
 INFO: Computing semblance for m0 = 6100
 INFO: Total execution time for kernels is 0.0456912s
 INFO: Computing semblance for m0 = 6120
 INFO: Total execution time for kernels is 0.0441683s
 INFO: Computing semblance for m0 = 6140
 INFO: Total execution time for kernels is 0.0456514s
 INFO: Computing semblance for m0 = 6160
 INFO: Total execution time for kernels is 0.0440941s
 INFO: Computing semblance for m0 = 6180
 INFO: Total execution time for kernels is 0.0456945s
 INFO: Computing semblance for m0 = 6200
 INFO: Total execution time for kernels is 0.0468901s
 INFO: Computing semblance for m0 = 6220
 INFO: Total execution time for kernels is 0.0443008s
 INFO: Computing semblance for m0 = 6240
 INFO: Total execution time for kernels is 0.0456397s
 INFO: Computing semblance for m0 = 6260
 INFO: Total execution time for kernels is 0.0441504s
 INFO: Computing semblance for m0 = 6280
 INFO: Total execution time for kernels is 0.04563s
 INFO: Computing semblance for m0 = 6300
 INFO: Total execution time for kernels is 0.0457404s
 INFO: Computing semblance for m0 = 6320
 INFO: Total execution time for kernels is 0.0441281s
 INFO: Computing semblance for m0 = 6340
 INFO: Total execution time for kernels is 0.0457283s
 INFO: Computing semblance for m0 = 6360
 INFO: Total execution time for kernels is 0.0442244s
 INFO: Computing semblance for m0 = 6380
 INFO: Total execution time for kernels is 0.0469434s
 INFO: Computing semblance for m0 = 6400
 INFO: Total execution time for kernels is 0.0456723s
 INFO: Computing semblance for m0 = 6420
 INFO: Total execution time for kernels is 0.0441412s
 INFO: Computing semblance for m0 = 6440
 INFO: Total execution time for kernels is 0.045599s
 INFO: Computing semblance for m0 = 6460
 INFO: Total execution time for kernels is 0.0441704s
 INFO: Computing semblance for m0 = 6480
 INFO: Total execution time for kernels is 0.0457076s
 INFO: Computing semblance for m0 = 6500
 INFO: Total execution time for kernels is 0.0456775s
 INFO: Computing semblance for m0 = 6520
 INFO: Total execution time for kernels is 0.0441816s
 INFO: Computing semblance for m0 = 6540
 INFO: Total execution time for kernels is 0.0467989s
 INFO: Computing semblance for m0 = 6560
 INFO: Total execution time for kernels is 0.0456502s
 INFO: Computing semblance for m0 = 6580
 INFO: Total execution time for kernels is 0.0442014s
 INFO: Computing semblance for m0 = 6600
 INFO: Total execution time for kernels is 0.0457428s
 INFO: Computing semblance for m0 = 6620
 INFO: Total execution time for kernels is 0.0441467s
 INFO: Computing semblance for m0 = 6640
 INFO: Total execution time for kernels is 0.045687s
 INFO: Computing semblance for m0 = 6660
 INFO: Total execution time for kernels is 0.0456571s
 INFO: Computing semblance for m0 = 6680
 INFO: Total execution time for kernels is 0.044168s
 INFO: Computing semblance for m0 = 6700
 INFO: Total execution time for kernels is 0.046902s
 INFO: Computing semblance for m0 = 6720
 INFO: Total execution time for kernels is 0.0456013s
 INFO: Computing semblance for m0 = 6740
 INFO: Total execution time for kernels is 0.0441992s
 INFO: Computing semblance for m0 = 6760
 INFO: Total execution time for kernels is 0.0456339s
 INFO: Computing semblance for m0 = 6780
 INFO: Total execution time for kernels is 0.0442409s
 INFO: Computing semblance for m0 = 6800
 INFO: Total execution time for kernels is 0.0456948s
 INFO: Computing semblance for m0 = 6820
 INFO: Total execution time for kernels is 0.0457397s
 INFO: Computing semblance for m0 = 6840
 INFO: Total execution time for kernels is 0.0441651s
 INFO: Computing semblance for m0 = 6860
 INFO: Total execution time for kernels is 0.0468766s
 INFO: Computing semblance for m0 = 6880
 INFO: Total execution time for kernels is 0.0456552s
 INFO: Computing semblance for m0 = 6900
 INFO: Total execution time for kernels is 0.0441576s
 INFO: Computing semblance for m0 = 6920
 INFO: Total execution time for kernels is 0.0441954s
 INFO: Computing semblance for m0 = 6940
 INFO: Total execution time for kernels is 0.0456492s
 INFO: Computing semblance for m0 = 6960
 INFO: Total execution time for kernels is 0.0457025s
 INFO: Computing semblance for m0 = 6980
 INFO: Total execution time for kernels is 0.044197s
 INFO: Computing semblance for m0 = 7000
 INFO: Total execution time for kernels is 0.0456534s
 INFO: Computing semblance for m0 = 7020
 INFO: Total execution time for kernels is 0.0469048s
 INFO: Computing semblance for m0 = 7040
 INFO: Total execution time for kernels is 0.0456059s
 INFO: Computing semblance for m0 = 7060
 INFO: Total execution time for kernels is 0.0442161s
 INFO: Computing semblance for m0 = 7080
 INFO: Total execution time for kernels is 0.0442637s
 INFO: Computing semblance for m0 = 7100
 INFO: Total execution time for kernels is 0.04586s
 INFO: Computing semblance for m0 = 7120
 INFO: Total execution time for kernels is 0.0457118s
 INFO: Computing semblance for m0 = 7140
 INFO: Total execution time for kernels is 0.0442403s
 INFO: Computing semblance for m0 = 7160
 INFO: Total execution time for kernels is 0.045699s
 INFO: Computing semblance for m0 = 7180
 INFO: Total execution time for kernels is 0.0456646s
 INFO: Computing semblance for m0 = 7200
 INFO: Total execution time for kernels is 0.046895s
 INFO: Computing semblance for m0 = 7220
 INFO: Total execution time for kernels is 0.0442313s
 INFO: Computing semblance for m0 = 7240
 INFO: Total execution time for kernels is 0.0441528s
 INFO: Computing semblance for m0 = 7260
 INFO: Total execution time for kernels is 0.0456861s
 INFO: Computing semblance for m0 = 7280
 INFO: Total execution time for kernels is 0.0457273s
 INFO: Computing semblance for m0 = 7300
 INFO: Total execution time for kernels is 0.0441707s
 INFO: Computing semblance for m0 = 7320
 INFO: Total execution time for kernels is 0.0456832s
 INFO: Computing semblance for m0 = 7340
 INFO: Total execution time for kernels is 0.0456327s
 INFO: Computing semblance for m0 = 7360
 INFO: Total execution time for kernels is 0.0441918s
 INFO: Computing semblance for m0 = 7380
 INFO: Total execution time for kernels is 0.0469958s
 INFO: Computing semblance for m0 = 7400
 INFO: Total execution time for kernels is 0.0440706s
 INFO: Computing semblance for m0 = 7420
 INFO: Total execution time for kernels is 0.0456699s
 INFO: Computing semblance for m0 = 7440
 INFO: Total execution time for kernels is 0.0455976s
 INFO: Computing semblance for m0 = 7460
 INFO: Total execution time for kernels is 0.0442095s
 INFO: Computing semblance for m0 = 7480
 INFO: Total execution time for kernels is 0.0456923s
 INFO: Computing semblance for m0 = 7500
 INFO: Total execution time for kernels is 0.0456878s
 INFO: Computing semblance for m0 = 7520
 INFO: Total execution time for kernels is 0.0441477s
 INFO: Computing semblance for m0 = 7540
 INFO: Total execution time for kernels is 0.0470102s
 INFO: Computing semblance for m0 = 7560
 INFO: Total execution time for kernels is 0.0440587s
 INFO: Computing semblance for m0 = 7580
 INFO: Total execution time for kernels is 0.0456903s
 INFO: Computing semblance for m0 = 7600
 INFO: Total execution time for kernels is 0.0457288s
 INFO: Computing semblance for m0 = 7620
 INFO: Total execution time for kernels is 0.044296s
 INFO: Computing semblance for m0 = 7640
 INFO: Total execution time for kernels is 0.0457061s
 INFO: Computing semblance for m0 = 7660
 INFO: Total execution time for kernels is 0.04417s
 INFO: Computing semblance for m0 = 7680
 INFO: Total execution time for kernels is 0.045713s
 INFO: Computing semblance for m0 = 7700
 INFO: Total execution time for kernels is 0.0441163s
 INFO: Computing semblance for m0 = 7720
 INFO: Total execution time for kernels is 0.0469391s
 INFO: Computing semblance for m0 = 7740
 INFO: Total execution time for kernels is 0.0457206s
 INFO: Computing semblance for m0 = 7760
 INFO: Total execution time for kernels is 0.0457322s
 INFO: Computing semblance for m0 = 7780
 INFO: Total execution time for kernels is 0.0441791s
 INFO: Computing semblance for m0 = 7800
 INFO: Total execution time for kernels is 0.0457081s
 INFO: Computing semblance for m0 = 7820
 INFO: Total execution time for kernels is 0.0441735s
 INFO: Computing semblance for m0 = 7840
 INFO: Total execution time for kernels is 0.0457056s
 INFO: Computing semblance for m0 = 7860
 INFO: Total execution time for kernels is 0.0441985s
 INFO: Computing semblance for m0 = 7880
 INFO: Total execution time for kernels is 0.0468823s
 INFO: Computing semblance for m0 = 7900
 INFO: Total execution time for kernels is 0.0456755s
 INFO: Computing semblance for m0 = 7920
 INFO: Total execution time for kernels is 0.0456598s
 INFO: Computing semblance for m0 = 7940
 INFO: Total execution time for kernels is 0.044186s
 INFO: Computing semblance for m0 = 7960
 INFO: Total execution time for kernels is 0.045692s
 INFO: Computing semblance for m0 = 7980
 INFO: Total execution time for kernels is 0.0441826s
 INFO: Computing semblance for m0 = 8000
 INFO: Total execution time for kernels is 0.0455546s
 INFO: Computing semblance for m0 = 8020
 INFO: Total execution time for kernels is 0.0441839s
 INFO: Computing semblance for m0 = 8040
 INFO: Total execution time for kernels is 0.0469714s
 INFO: Computing semblance for m0 = 8060
 INFO: Total execution time for kernels is 0.0456986s
 INFO: Computing semblance for m0 = 8080
 INFO: Total execution time for kernels is 0.0456554s
 INFO: Computing semblance for m0 = 8100
 INFO: Total execution time for kernels is 0.0442859s
 INFO: Computing semblance for m0 = 8120
 INFO: Total execution time for kernels is 0.0457091s
 INFO: Computing semblance for m0 = 8140
 INFO: Total execution time for kernels is 0.0442558s
 INFO: Computing semblance for m0 = 8160
 INFO: Total execution time for kernels is 0.0442802s
 INFO: Computing semblance for m0 = 8180
 INFO: Total execution time for kernels is 0.0456728s
 INFO: Computing semblance for m0 = 8200
 INFO: Total execution time for kernels is 0.0469228s
 INFO: Computing semblance for m0 = 8220
 INFO: Total execution time for kernels is 0.0456661s
 INFO: Computing semblance for m0 = 8240
 INFO: Total execution time for kernels is 0.0456053s
 INFO: Computing semblance for m0 = 8260
 INFO: Total execution time for kernels is 0.044229s
 INFO: Computing semblance for m0 = 8280
 INFO: Total execution time for kernels is 0.0455762s
 INFO: Computing semblance for m0 = 8300
 INFO: Total execution time for kernels is 0.0442571s
 INFO: Computing semblance for m0 = 8320
 INFO: Total execution time for kernels is 0.0441719s
 INFO: Computing semblance for m0 = 8340
 INFO: Total execution time for kernels is 0.0455957s
 INFO: Computing semblance for m0 = 8360
 INFO: Total execution time for kernels is 0.0469426s
 INFO: Computing semblance for m0 = 8380
 INFO: Total execution time for kernels is 0.0456953s
 INFO: Computing semblance for m0 = 8400
 INFO: Total execution time for kernels is 0.0456861s
 INFO: Computing semblance for m0 = 8420
 INFO: Total execution time for kernels is 0.0441702s
 INFO: Computing semblance for m0 = 8440
 INFO: Total execution time for kernels is 0.0456322s
 INFO: Computing semblance for m0 = 8460
 INFO: Total execution time for kernels is 0.0441204s
 INFO: Computing semblance for m0 = 8480
 INFO: Total execution time for kernels is 0.044177s
 INFO: Computing semblance for m0 = 8500
 INFO: Total execution time for kernels is 0.0456694s
 INFO: Computing semblance for m0 = 8520
 INFO: Total execution time for kernels is 0.0468855s
 INFO: Computing semblance for m0 = 8540
 INFO: Total execution time for kernels is 0.0456788s
 INFO: Computing semblance for m0 = 8560
 INFO: Total execution time for kernels is 0.0457565s
 INFO: Computing semblance for m0 = 8580
 INFO: Total execution time for kernels is 0.0442296s
 INFO: Computing semblance for m0 = 8600
 INFO: Total execution time for kernels is 0.0457347s
 INFO: Computing semblance for m0 = 8620
 INFO: Total execution time for kernels is 0.0441553s
 INFO: Computing semblance for m0 = 8640
 INFO: Total execution time for kernels is 0.0442114s
 INFO: Computing semblance for m0 = 8660
 INFO: Total execution time for kernels is 0.045652s
 INFO: Computing semblance for m0 = 8680
 INFO: Total execution time for kernels is 0.0468734s
 INFO: Computing semblance for m0 = 8700
 INFO: Total execution time for kernels is 0.0457358s
 INFO: Computing semblance for m0 = 8720
 INFO: Total execution time for kernels is 0.0457356s
 INFO: Computing semblance for m0 = 8740
 INFO: Total execution time for kernels is 0.0442277s
 INFO: Computing semblance for m0 = 8760
 INFO: Total execution time for kernels is 0.0457171s
 INFO: Computing semblance for m0 = 8780
 INFO: Total execution time for kernels is 0.0442236s
 INFO: Computing semblance for m0 = 8800
 INFO: Total execution time for kernels is 0.0441552s
 INFO: Computing semblance for m0 = 8820
 INFO: Total execution time for kernels is 0.0457609s
 INFO: Computing semblance for m0 = 8840
 INFO: Total execution time for kernels is 0.045705s
 INFO: Computing semblance for m0 = 8860
 INFO: Total execution time for kernels is 0.0470217s
 INFO: Computing semblance for m0 = 8880
 INFO: Total execution time for kernels is 0.0457787s
 INFO: Computing semblance for m0 = 8900
 INFO: Total execution time for kernels is 0.0443063s
 INFO: Computing semblance for m0 = 8920
 INFO: Total execution time for kernels is 0.0442586s
 INFO: Computing semblance for m0 = 8940
 INFO: Total execution time for kernels is 0.0457378s
 INFO: Computing semblance for m0 = 8960
 INFO: Total execution time for kernels is 0.0441586s
 INFO: Computing semblance for m0 = 8980
 INFO: Total execution time for kernels is 0.0457261s
 INFO: Computing semblance for m0 = 9000
 INFO: Total execution time for kernels is 0.0457298s
 INFO: Computing semblance for m0 = 9020
 INFO: Total execution time for kernels is 0.0470732s
 INFO: Computing semblance for m0 = 9040
 INFO: Total execution time for kernels is 0.0458613s
 INFO: Computing semblance for m0 = 9060
 INFO: Total execution time for kernels is 0.0444084s
 INFO: Computing semblance for m0 = 9080
 INFO: Total execution time for kernels is 0.0443052s
 INFO: Computing semblance for m0 = 9100
 INFO: Total execution time for kernels is 0.0457374s
 INFO: Computing semblance for m0 = 9120
 INFO: Total execution time for kernels is 0.0442337s
 INFO: Computing semblance for m0 = 9140
 INFO: Total execution time for kernels is 0.0458124s
 INFO: Computing semblance for m0 = 9160
 INFO: Total execution time for kernels is 0.0457586s
 INFO: Computing semblance for m0 = 9180
 INFO: Total execution time for kernels is 0.045741s
 INFO: Computing semblance for m0 = 9200
 INFO: Total execution time for kernels is 0.0470234s
 INFO: Computing semblance for m0 = 9220
 INFO: Total execution time for kernels is 0.0424539s
 INFO: Computing semblance for m0 = 9240
 INFO: Total execution time for kernels is 0.0425271s
 INFO: Computing semblance for m0 = 9260
 INFO: Total execution time for kernels is 0.042154s
 INFO: Computing semblance for m0 = 9280
 INFO: Total execution time for kernels is 0.0407s
 INFO: Computing semblance for m0 = 9300
 INFO: Total execution time for kernels is 0.0402331s
 INFO: Computing semblance for m0 = 9320
 INFO: Total execution time for kernels is 0.0402236s
 INFO: Computing semblance for m0 = 9340
 INFO: Total execution time for kernels is 0.0384768s
 INFO: Computing semblance for m0 = 9360
 INFO: Total execution time for kernels is 0.0395821s
 INFO: Computing semblance for m0 = 9380
 INFO: Total execution time for kernels is 0.0354427s
 INFO: Computing semblance for m0 = 9400
 INFO: Total execution time for kernels is 0.0353657s
 INFO: Computing semblance for m0 = 9420
 INFO: Total execution time for kernels is 0.0335548s
 INFO: Computing semblance for m0 = 9440
 INFO: Total execution time for kernels is 0.0347746s
 INFO: Computing semblance for m0 = 9460
 INFO: Total execution time for kernels is 0.0329773s
 INFO: Computing semblance for m0 = 9480
 INFO: Total execution time for kernels is 0.0283233s
 INFO: Total execution time for kernels is 0.0312109s
 INFO: Computing semblance for m0 = 9500
 INFO: Computing semblance for m0 = 9520
 INFO: Total execution time for kernels is 0.0330732s
 INFO: Computing semblance for m0 = 9540
 INFO: Total execution time for kernels is 0.0321623s
 INFO: Computing semblance for m0 = 9560
 INFO: Total execution time for kernels is 0.0266647s
 INFO: Computing semblance for m0 = 9580
 INFO: Total execution time for kernels is 0.0282842s
 INFO: Computing semblance for m0 = 9600
 INFO: Total execution time for kernels is 0.0276485s
 INFO: Computing semblance for m0 = 9620
 INFO: Total execution time for kernels is 0.0258228s
 INFO: Computing semblance for m0 = 9640
 INFO: Total execution time for kernels is 0.0239605s
 INFO: Computing semblance for m0 = 9660
 INFO: Total execution time for kernels is 0.0248837s
 INFO: Computing semblance for m0 = 9680
 INFO: Total execution time for kernels is 0.0240091s
 INFO: Computing semblance for m0 = 9700
 INFO: Total execution time for kernels is 0.0229096s
 INFO: Computing semblance for m0 = 9720
 INFO: Total execution time for kernels is 0.0197939s
 INFO: Computing semblance for m0 = 9740
 INFO: Total execution time for kernels is 0.0203887s
 INFO: Total execution time for kernels is 0.0214401s
 INFO: Computing semblance for m0 = 9760
 INFO: Computing semblance for m0 = 9780
 INFO: Total execution time for kernels is 0.0185901s
 INFO: Computing semblance for m0 = 9800
 INFO: Total execution time for kernels is 0.0155764s
 INFO: Computing semblance for m0 = 9820
 INFO: Total execution time for kernels is 0.0164079s
 INFO: Computing semblance for m0 = 9840
 INFO: Total execution time for kernels is 0.0186769s
 INFO: Computing semblance for m0 = 9860
 INFO: Total execution time for kernels is 0.0169064s
 INFO: Computing semblance for m0 = 9880
 INFO: Total execution time for kernels is 0.0145987s
 INFO: Computing semblance for m0 = 9900
 INFO: Total execution time for kernels is 0.013023s
 INFO: Computing semblance for m0 = 9920
 INFO: Total execution time for kernels is 0.0132363s
 INFO: Computing semblance for m0 = 9940
 INFO: Total execution time for kernels is 0.0115738s
 INFO: Total execution time for kernels is 0.00790681s
 INFO: Total execution time for kernels is 0.00953008s
 INFO: Total execution time for kernels is 0.00968219s
 INFO: Total execution time for kernels is 0.0117796s
 INFO: Total execution time for kernels is 0.00594579s
 INFO: Total execution time for kernels is 0.00592571s
 INFO: Total execution time for kernels is 0.00786775s
 INFO: Average of efficiency is 1
 INFO: Average of interpolations_per_sec is 2.3812e+10
 INFO: Average of selected_traces is 20.6742
 INFO: Average of total_selection_kernel_exec_time is 0.000772347
 INFO: Average of total_kernel_exec_time is 0.0413221
 INFO: Driver init. duration is 0.281079 s
 INFO: Read gather duration is 0.109713 s
 INFO: Parse args. duration is 0.000200983 s
 INFO: Worker threads duration is 3.86784 s
 INFO: Dump results duration is 0.383628 s
 INFO: Results written to /home/ubuntu/nfs/out/d4e9b53e_master_p2.8xlarge/cmp/greedy/cuda/simple-synthetic_64_4/simple-synthetic_greedy_cmp_20210302_0125/
 INFO: It took 4.65544s to compute.
