 INFO: Number of CDPs = 445
 INFO: Number of traces in the gather = 9200
 INFO: Number of samples per trace = 2502
 INFO: Starting worker threads...
 INFO: Computing semblance for m0 = 0
 INFO: Total execution time for kernels is 0.00148708s
 INFO: Computing semblance for m0 = 1080
 INFO: Computing semblance for m0 = 1100
 INFO: Computing semblance for m0 = 1120
 INFO: Computing semblance for m0 = 1140
 INFO: Total execution time for kernels is 0.0232192s
 INFO: Computing semblance for m0 = 1160
 INFO: Total execution time for kernels is 0.0283961s
 INFO: Computing semblance for m0 = 1180
 INFO: Total execution time for kernels is 0.0336813s
 INFO: Computing semblance for m0 = 1200
 INFO: Total execution time for kernels is 0.0399495s
 INFO: Computing semblance for m0 = 1220
 INFO: Total execution time for kernels is 0.0461525s
 INFO: Computing semblance for m0 = 1240
 INFO: Total execution time for kernels is 0.0535698s
 INFO: Computing semblance for m0 = 1260
 INFO: Total execution time for kernels is 0.0611693s
 INFO: Computing semblance for m0 = 1280
 INFO: Total execution time for kernels is 0.062536s
 INFO: Computing semblance for m0 = 1300
 INFO: Total execution time for kernels is 0.0599108s
 INFO: Computing semblance for m0 = 1320
 INFO: Total execution time for kernels is 0.0744623s
 INFO: Computing semblance for m0 = 1340
 INFO: Total execution time for kernels is 0.0799202s
 INFO: Computing semblance for m0 = 1360
 INFO: Total execution time for kernels is 0.0915421s
 INFO: Computing semblance for m0 = 1380
 INFO: Total execution time for kernels is 0.0530431s
 INFO: Computing semblance for m0 = 1400
 INFO: Total execution time for kernels is 0.083415s
 INFO: Computing semblance for m0 = 1420
 INFO: Total execution time for kernels is 0.0713042s
 INFO: Computing semblance for m0 = 1440
 INFO: Total execution time for kernels is 0.0874093s
 INFO: Computing semblance for m0 = 1460
 INFO: Total execution time for kernels is 0.0614384s
 INFO: Computing semblance for m0 = 1480
 INFO: Total execution time for kernels is 0.0819231s
 INFO: Computing semblance for m0 = 1500
 INFO: Total execution time for kernels is 0.0661616s
 INFO: Computing semblance for m0 = 1520
 INFO: Total execution time for kernels is 0.0717913s
 INFO: Computing semblance for m0 = 1540
 INFO: Total execution time for kernels is 0.0768947s
 INFO: Computing semblance for m0 = 1560
 INFO: Total execution time for kernels is 0.0796718s
 INFO: Computing semblance for m0 = 1580
 INFO: Total execution time for kernels is 0.0820241s
 INFO: Computing semblance for m0 = 1600
 INFO: Total execution time for kernels is 0.0849363s
 INFO: Computing semblance for m0 = 1620
 INFO: Total execution time for kernels is 0.0904995s
 INFO: Computing semblance for m0 = 1640
 INFO: Total execution time for kernels is 0.0945751s
 INFO: Computing semblance for m0 = 1660
 INFO: Total execution time for kernels is 0.09595s
 INFO: Computing semblance for m0 = 1680
 INFO: Total execution time for kernels is 0.10166s
 INFO: Computing semblance for m0 = 1700
 INFO: Total execution time for kernels is 0.106094s
 INFO: Computing semblance for m0 = 1720
 INFO: Total execution time for kernels is 0.109546s
 INFO: Computing semblance for m0 = 1740
 INFO: Total execution time for kernels is 0.110489s
 INFO: Computing semblance for m0 = 1760
 INFO: Total execution time for kernels is 0.114998s
 INFO: Computing semblance for m0 = 1780
 INFO: Total execution time for kernels is 0.119455s
 INFO: Computing semblance for m0 = 1800
 INFO: Total execution time for kernels is 0.12424s
 INFO: Computing semblance for m0 = 1820
 INFO: Total execution time for kernels is 0.125806s
 INFO: Computing semblance for m0 = 1840
 INFO: Total execution time for kernels is 0.128853s
 INFO: Computing semblance for m0 = 1860
 INFO: Total execution time for kernels is 0.13376s
 INFO: Computing semblance for m0 = 1880
 INFO: Total execution time for kernels is 0.141544s
 INFO: Computing semblance for m0 = 1900
 INFO: Total execution time for kernels is 0.139911s
 INFO: Computing semblance for m0 = 1920
 INFO: Total execution time for kernels is 0.143864s
 INFO: Computing semblance for m0 = 1940
 INFO: Total execution time for kernels is 0.14687s
 INFO: Computing semblance for m0 = 1960
 INFO: Total execution time for kernels is 0.150736s
 INFO: Computing semblance for m0 = 1980
 INFO: Total execution time for kernels is 0.149987s
 INFO: Computing semblance for m0 = 2000
 INFO: Total execution time for kernels is 0.153008s
 INFO: Computing semblance for m0 = 2020
 INFO: Total execution time for kernels is 0.161006s
 INFO: Computing semblance for m0 = 2040
 INFO: Total execution time for kernels is 0.16406s
 INFO: Computing semblance for m0 = 2060
 INFO: Total execution time for kernels is 0.168s
 INFO: Computing semblance for m0 = 2080
 INFO: Total execution time for kernels is 0.162119s
 INFO: Computing semblance for m0 = 2100
 INFO: Total execution time for kernels is 0.164525s
 INFO: Computing semblance for m0 = 2120
 INFO: Total execution time for kernels is 0.166925s
 INFO: Computing semblance for m0 = 2140
 INFO: Total execution time for kernels is 0.164471s
 INFO: Computing semblance for m0 = 2160
 INFO: Total execution time for kernels is 0.163693s
 INFO: Computing semblance for m0 = 2180
 INFO: Total execution time for kernels is 0.165497s
 INFO: Computing semblance for m0 = 2200
 INFO: Total execution time for kernels is 0.167015s
 INFO: Computing semblance for m0 = 2220
 INFO: Total execution time for kernels is 0.163601s
 INFO: Computing semblance for m0 = 2240
 INFO: Total execution time for kernels is 0.162721s
 INFO: Computing semblance for m0 = 2260
 INFO: Total execution time for kernels is 0.16432s
 INFO: Computing semblance for m0 = 2280
 INFO: Total execution time for kernels is 0.166591s
 INFO: Computing semblance for m0 = 2300
 INFO: Total execution time for kernels is 0.162456s
 INFO: Computing semblance for m0 = 2320
 INFO: Total execution time for kernels is 0.163369s
 INFO: Computing semblance for m0 = 2340
 INFO: Total execution time for kernels is 0.16376s
 INFO: Computing semblance for m0 = 2360
 INFO: Total execution time for kernels is 0.165009s
 INFO: Computing semblance for m0 = 2380
 INFO: Total execution time for kernels is 0.161959s
 INFO: Computing semblance for m0 = 2400
 INFO: Total execution time for kernels is 0.162017s
 INFO: Computing semblance for m0 = 2420
 INFO: Total execution time for kernels is 0.167501s
 INFO: Computing semblance for m0 = 2440
 INFO: Total execution time for kernels is 0.167951s
 INFO: Computing semblance for m0 = 2460
 INFO: Total execution time for kernels is 0.166825s
 INFO: Computing semblance for m0 = 2480
 INFO: Total execution time for kernels is 0.163947s
 INFO: Computing semblance for m0 = 2500
 INFO: Total execution time for kernels is 0.169258s
 INFO: Computing semblance for m0 = 2520
 INFO: Total execution time for kernels is 0.170014s
 INFO: Computing semblance for m0 = 2540
 INFO: Total execution time for kernels is 0.166763s
 INFO: Computing semblance for m0 = 2560
 INFO: Total execution time for kernels is 0.163472s
 INFO: Computing semblance for m0 = 2580
 INFO: Total execution time for kernels is 0.167098s
 INFO: Computing semblance for m0 = 2600
 INFO: Total execution time for kernels is 0.16849s
 INFO: Computing semblance for m0 = 2620
 INFO: Total execution time for kernels is 0.166715s
 INFO: Computing semblance for m0 = 2640
 INFO: Total execution time for kernels is 0.165326s
 INFO: Computing semblance for m0 = 2660
 INFO: Total execution time for kernels is 0.169891s
 INFO: Computing semblance for m0 = 2680
 INFO: Total execution time for kernels is 0.167543s
 INFO: Computing semblance for m0 = 2700
 INFO: Total execution time for kernels is 0.165627s
 INFO: Computing semblance for m0 = 2720
 INFO: Total execution time for kernels is 0.164571s
 INFO: Computing semblance for m0 = 2740
 INFO: Total execution time for kernels is 0.166096s
 INFO: Computing semblance for m0 = 2760
 INFO: Total execution time for kernels is 0.167911s
 INFO: Computing semblance for m0 = 2780
 INFO: Total execution time for kernels is 0.161587s
 INFO: Computing semblance for m0 = 2800
 INFO: Total execution time for kernels is 0.163922s
 INFO: Computing semblance for m0 = 2820
 INFO: Total execution time for kernels is 0.166152s
 INFO: Computing semblance for m0 = 2840
 INFO: Total execution time for kernels is 0.167979s
 INFO: Computing semblance for m0 = 2860
 INFO: Total execution time for kernels is 0.163011s
 INFO: Computing semblance for m0 = 2880
 INFO: Total execution time for kernels is 0.162177s
 INFO: Computing semblance for m0 = 2900
 INFO: Total execution time for kernels is 0.168855s
 INFO: Computing semblance for m0 = 2920
 INFO: Total execution time for kernels is 0.167782s
 INFO: Computing semblance for m0 = 2940
 INFO: Total execution time for kernels is 0.167682s
 INFO: Computing semblance for m0 = 2960
 INFO: Total execution time for kernels is 0.163655s
 INFO: Computing semblance for m0 = 2980
 INFO: Total execution time for kernels is 0.166442s
 INFO: Computing semblance for m0 = 3000
 INFO: Total execution time for kernels is 0.168241s
 INFO: Computing semblance for m0 = 3020
 INFO: Total execution time for kernels is 0.166743s
 INFO: Computing semblance for m0 = 3040
 INFO: Total execution time for kernels is 0.161565s
 INFO: Computing semblance for m0 = 3060
 INFO: Total execution time for kernels is 0.166011s
 INFO: Computing semblance for m0 = 3080
 INFO: Total execution time for kernels is 0.163266s
 INFO: Computing semblance for m0 = 3100
 INFO: Total execution time for kernels is 0.168404s
 INFO: Computing semblance for m0 = 3120
 INFO: Total execution time for kernels is 0.162212s
 INFO: Computing semblance for m0 = 3140
 INFO: Total execution time for kernels is 0.167694s
 INFO: Computing semblance for m0 = 3160
 INFO: Total execution time for kernels is 0.166825s
 INFO: Computing semblance for m0 = 3180
 INFO: Total execution time for kernels is 0.166844s
 INFO: Computing semblance for m0 = 3200
 INFO: Total execution time for kernels is 0.162967s
 INFO: Computing semblance for m0 = 3220
 INFO: Total execution time for kernels is 0.16358s
 INFO: Computing semblance for m0 = 3240
 INFO: Total execution time for kernels is 0.161496s
 INFO: Computing semblance for m0 = 3260
 INFO: Total execution time for kernels is 0.166166s
 INFO: Computing semblance for m0 = 3280
 INFO: Total execution time for kernels is 0.162654s
 INFO: Computing semblance for m0 = 3300
 INFO: Total execution time for kernels is 0.165779s
 INFO: Computing semblance for m0 = 3320
 INFO: Total execution time for kernels is 0.16672s
 INFO: Computing semblance for m0 = 3340
 INFO: Total execution time for kernels is 0.168209s
 INFO: Computing semblance for m0 = 3360
 INFO: Total execution time for kernels is 0.162889s
 INFO: Computing semblance for m0 = 3380
 INFO: Total execution time for kernels is 0.168245s
 INFO: Computing semblance for m0 = 3400
 INFO: Total execution time for kernels is 0.164678s
 INFO: Computing semblance for m0 = 3420
 INFO: Total execution time for kernels is 0.165973s
 INFO: Computing semblance for m0 = 3440
 INFO: Total execution time for kernels is 0.163183s
 INFO: Computing semblance for m0 = 3460
 INFO: Total execution time for kernels is 0.166135s
 INFO: Computing semblance for m0 = 3480
 INFO: Total execution time for kernels is 0.164199s
 INFO: Computing semblance for m0 = 3500
 INFO: Total execution time for kernels is 0.167738s
 INFO: Computing semblance for m0 = 3520
 INFO: Total execution time for kernels is 0.164419s
 INFO: Computing semblance for m0 = 3540
 INFO: Total execution time for kernels is 0.165358s
 INFO: Computing semblance for m0 = 3560
 INFO: Total execution time for kernels is 0.16187s
 INFO: Computing semblance for m0 = 3580
 INFO: Total execution time for kernels is 0.16718s
 INFO: Computing semblance for m0 = 3600
 INFO: Total execution time for kernels is 0.16369s
 INFO: Computing semblance for m0 = 3620
 INFO: Total execution time for kernels is 0.164036s
 INFO: Computing semblance for m0 = 3640
 INFO: Total execution time for kernels is 0.162224s
 INFO: Computing semblance for m0 = 3660
 INFO: Total execution time for kernels is 0.162259s
 INFO: Computing semblance for m0 = 3680
 INFO: Total execution time for kernels is 0.16496s
 INFO: Computing semblance for m0 = 3700
 INFO: Total execution time for kernels is 0.165214s
 INFO: Computing semblance for m0 = 3720
 INFO: Total execution time for kernels is 0.162046s
 INFO: Computing semblance for m0 = 3740
 INFO: Total execution time for kernels is 0.16149s
 INFO: Computing semblance for m0 = 3760
 INFO: Total execution time for kernels is 0.167191s
 INFO: Computing semblance for m0 = 3780
 INFO: Total execution time for kernels is 0.165459s
 INFO: Computing semblance for m0 = 3800
 INFO: Total execution time for kernels is 0.164539s
 INFO: Computing semblance for m0 = 3820
 INFO: Total execution time for kernels is 0.163056s
 INFO: Computing semblance for m0 = 3840
 INFO: Total execution time for kernels is 0.169885s
 INFO: Computing semblance for m0 = 3860
 INFO: Total execution time for kernels is 0.166009s
 INFO: Computing semblance for m0 = 3880
 INFO: Total execution time for kernels is 0.165017s
 INFO: Computing semblance for m0 = 3900
 INFO: Total execution time for kernels is 0.162668s
 INFO: Computing semblance for m0 = 3920
 INFO: Total execution time for kernels is 0.165594s
 INFO: Computing semblance for m0 = 3940
 INFO: Total execution time for kernels is 0.16829s
 INFO: Computing semblance for m0 = 3960
 INFO: Total execution time for kernels is 0.16562s
 INFO: Computing semblance for m0 = 3980
 INFO: Total execution time for kernels is 0.164235s
 INFO: Computing semblance for m0 = 4000
 INFO: Total execution time for kernels is 0.167961s
 INFO: Computing semblance for m0 = 4020
 INFO: Total execution time for kernels is 0.164017s
 INFO: Computing semblance for m0 = 4040
 INFO: Total execution time for kernels is 0.163666s
 INFO: Computing semblance for m0 = 4060
 INFO: Total execution time for kernels is 0.162024s
 INFO: Computing semblance for m0 = 4080
 INFO: Total execution time for kernels is 0.168501s
 INFO: Computing semblance for m0 = 4100
 INFO: Total execution time for kernels is 0.166634s
 INFO: Computing semblance for m0 = 4120
 INFO: Total execution time for kernels is 0.164465s
 INFO: Computing semblance for m0 = 4140
 INFO: Total execution time for kernels is 0.16359s
 INFO: Computing semblance for m0 = 4160
 INFO: Total execution time for kernels is 0.164671s
 INFO: Computing semblance for m0 = 4180
 INFO: Total execution time for kernels is 0.165894s
 INFO: Computing semblance for m0 = 4200
 INFO: Total execution time for kernels is 0.162451s
 INFO: Computing semblance for m0 = 4220
 INFO: Total execution time for kernels is 0.162704s
 INFO: Computing semblance for m0 = 4240
 INFO: Total execution time for kernels is 0.167507s
 INFO: Computing semblance for m0 = 4260
 INFO: Total execution time for kernels is 0.165446s
 INFO: Computing semblance for m0 = 4280
 INFO: Total execution time for kernels is 0.167254s
 INFO: Computing semblance for m0 = 4300
 INFO: Total execution time for kernels is 0.16595s
 INFO: Computing semblance for m0 = 4320
 INFO: Total execution time for kernels is 0.171394s
 INFO: Computing semblance for m0 = 4340
 INFO: Total execution time for kernels is 0.168752s
 INFO: Computing semblance for m0 = 4360
 INFO: Total execution time for kernels is 0.165773s
 INFO: Computing semblance for m0 = 4380
 INFO: Total execution time for kernels is 0.164973s
 INFO: Computing semblance for m0 = 4400
 INFO: Total execution time for kernels is 0.168101s
 INFO: Computing semblance for m0 = 4420
 INFO: Total execution time for kernels is 0.168076s
 INFO: Computing semblance for m0 = 4440
 INFO: Total execution time for kernels is 0.165952s
 INFO: Computing semblance for m0 = 4460
 INFO: Total execution time for kernels is 0.165503s
 INFO: Computing semblance for m0 = 4480
 INFO: Total execution time for kernels is 0.168128s
 INFO: Computing semblance for m0 = 4500
 INFO: Total execution time for kernels is 0.167547s
 INFO: Computing semblance for m0 = 4520
 INFO: Total execution time for kernels is 0.164665s
 INFO: Computing semblance for m0 = 4540
 INFO: Total execution time for kernels is 0.163825s
 INFO: Computing semblance for m0 = 4560
 INFO: Total execution time for kernels is 0.169767s
 INFO: Computing semblance for m0 = 4580
 INFO: Total execution time for kernels is 0.165795s
 INFO: Computing semblance for m0 = 4600
 INFO: Total execution time for kernels is 0.163234s
 INFO: Computing semblance for m0 = 4620
 INFO: Total execution time for kernels is 0.164282s
 INFO: Computing semblance for m0 = 4640
 INFO: Total execution time for kernels is 0.168127s
 INFO: Computing semblance for m0 = 4660
 INFO: Total execution time for kernels is 0.167347s
 INFO: Computing semblance for m0 = 4680
 INFO: Total execution time for kernels is 0.16462s
 INFO: Computing semblance for m0 = 4700
 INFO: Total execution time for kernels is 0.162419s
 INFO: Computing semblance for m0 = 4720
 INFO: Total execution time for kernels is 0.167351s
 INFO: Computing semblance for m0 = 4740
 INFO: Total execution time for kernels is 0.164169s
 INFO: Computing semblance for m0 = 4760
 INFO: Total execution time for kernels is 0.165778s
 INFO: Computing semblance for m0 = 4780
 INFO: Total execution time for kernels is 0.164416s
 INFO: Computing semblance for m0 = 4800
 INFO: Total execution time for kernels is 0.168891s
 INFO: Computing semblance for m0 = 4820
 INFO: Total execution time for kernels is 0.168918s
 INFO: Computing semblance for m0 = 4840
 INFO: Total execution time for kernels is 0.165883s
 INFO: Computing semblance for m0 = 4860
 INFO: Total execution time for kernels is 0.16395s
 INFO: Computing semblance for m0 = 4880
 INFO: Total execution time for kernels is 0.168285s
 INFO: Computing semblance for m0 = 4900
 INFO: Total execution time for kernels is 0.165489s
 INFO: Computing semblance for m0 = 4920
 INFO: Total execution time for kernels is 0.164637s
 INFO: Computing semblance for m0 = 4940
 INFO: Total execution time for kernels is 0.165119s
 INFO: Computing semblance for m0 = 4960
 INFO: Total execution time for kernels is 0.169659s
 INFO: Computing semblance for m0 = 4980
 INFO: Total execution time for kernels is 0.168268s
 INFO: Computing semblance for m0 = 5000
 INFO: Total execution time for kernels is 0.165787s
 INFO: Computing semblance for m0 = 5020
 INFO: Total execution time for kernels is 0.164368s
 INFO: Computing semblance for m0 = 5040
 INFO: Total execution time for kernels is 0.167414s
 INFO: Computing semblance for m0 = 5060
 INFO: Total execution time for kernels is 0.168972s
 INFO: Computing semblance for m0 = 5080
 INFO: Total execution time for kernels is 0.164903s
 INFO: Computing semblance for m0 = 5100
 INFO: Total execution time for kernels is 0.164613s
 INFO: Computing semblance for m0 = 5120
 INFO: Total execution time for kernels is 0.169327s
 INFO: Computing semblance for m0 = 5140
 INFO: Total execution time for kernels is 0.168096s
 INFO: Computing semblance for m0 = 5160
 INFO: Total execution time for kernels is 0.166397s
 INFO: Computing semblance for m0 = 5180
 INFO: Total execution time for kernels is 0.165663s
 INFO: Computing semblance for m0 = 5200
 INFO: Total execution time for kernels is 0.169414s
 INFO: Computing semblance for m0 = 5220
 INFO: Total execution time for kernels is 0.167526s
 INFO: Computing semblance for m0 = 5240
 INFO: Total execution time for kernels is 0.164687s
 INFO: Computing semblance for m0 = 5260
 INFO: Total execution time for kernels is 0.166851s
 INFO: Computing semblance for m0 = 5280
 INFO: Total execution time for kernels is 0.168936s
 INFO: Computing semblance for m0 = 5300
 INFO: Total execution time for kernels is 0.167322s
 INFO: Computing semblance for m0 = 5320
 INFO: Total execution time for kernels is 0.164455s
 INFO: Computing semblance for m0 = 5340
 INFO: Total execution time for kernels is 0.165818s
 INFO: Computing semblance for m0 = 5360
 INFO: Total execution time for kernels is 0.169351s
 INFO: Computing semblance for m0 = 5380
 INFO: Total execution time for kernels is 0.168911s
 INFO: Computing semblance for m0 = 5400
 INFO: Total execution time for kernels is 0.165597s
 INFO: Computing semblance for m0 = 5420
 INFO: Total execution time for kernels is 0.166168s
 INFO: Computing semblance for m0 = 5440
 INFO: Total execution time for kernels is 0.168124s
 INFO: Computing semblance for m0 = 5460
 INFO: Total execution time for kernels is 0.166779s
 INFO: Computing semblance for m0 = 5480
 INFO: Total execution time for kernels is 0.163167s
 INFO: Computing semblance for m0 = 5500
 INFO: Total execution time for kernels is 0.164455s
 INFO: Computing semblance for m0 = 5520
 INFO: Total execution time for kernels is 0.168673s
 INFO: Computing semblance for m0 = 5540
 INFO: Total execution time for kernels is 0.167703s
 INFO: Computing semblance for m0 = 5560
 INFO: Total execution time for kernels is 0.164038s
 INFO: Computing semblance for m0 = 5580
 INFO: Total execution time for kernels is 0.164605s
 INFO: Computing semblance for m0 = 5600
 INFO: Total execution time for kernels is 0.169096s
 INFO: Computing semblance for m0 = 5620
 INFO: Total execution time for kernels is 0.168836s
 INFO: Computing semblance for m0 = 5640
 INFO: Total execution time for kernels is 0.165832s
 INFO: Computing semblance for m0 = 5660
 INFO: Total execution time for kernels is 0.164791s
 INFO: Computing semblance for m0 = 5680
 INFO: Total execution time for kernels is 0.169864s
 INFO: Computing semblance for m0 = 5700
 INFO: Total execution time for kernels is 0.165574s
 INFO: Computing semblance for m0 = 5720
 INFO: Total execution time for kernels is 0.16828s
 INFO: Computing semblance for m0 = 5740
 INFO: Total execution time for kernels is 0.16906s
 INFO: Computing semblance for m0 = 5760
 INFO: Total execution time for kernels is 0.168838s
 INFO: Computing semblance for m0 = 5780
 INFO: Total execution time for kernels is 0.165871s
 INFO: Computing semblance for m0 = 5800
 INFO: Total execution time for kernels is 0.168594s
 INFO: Computing semblance for m0 = 5820
 INFO: Total execution time for kernels is 0.166926s
 INFO: Computing semblance for m0 = 5840
 INFO: Total execution time for kernels is 0.171166s
 INFO: Computing semblance for m0 = 5860
 INFO: Total execution time for kernels is 0.166909s
 INFO: Computing semblance for m0 = 5880
 INFO: Total execution time for kernels is 0.17011s
 INFO: Computing semblance for m0 = 5900
 INFO: Total execution time for kernels is 0.166747s
 INFO: Computing semblance for m0 = 5920
 INFO: Total execution time for kernels is 0.170693s
 INFO: Computing semblance for m0 = 5940
 INFO: Total execution time for kernels is 0.16568s
 INFO: Computing semblance for m0 = 5960
 INFO: Total execution time for kernels is 0.166392s
 INFO: Computing semblance for m0 = 5980
 INFO: Total execution time for kernels is 0.17015s
 INFO: Computing semblance for m0 = 6000
 INFO: Total execution time for kernels is 0.170215s
 INFO: Computing semblance for m0 = 6020
 INFO: Total execution time for kernels is 0.166992s
 INFO: Computing semblance for m0 = 6040
 INFO: Total execution time for kernels is 0.166076s
 INFO: Computing semblance for m0 = 6060
 INFO: Total execution time for kernels is 0.166349s
 INFO: Computing semblance for m0 = 6080
 INFO: Total execution time for kernels is 0.169692s
 INFO: Computing semblance for m0 = 6100
 INFO: Total execution time for kernels is 0.163746s
 INFO: Computing semblance for m0 = 6120
 INFO: Total execution time for kernels is 0.164308s
 INFO: Computing semblance for m0 = 6140
 INFO: Total execution time for kernels is 0.166359s
 INFO: Computing semblance for m0 = 6160
 INFO: Total execution time for kernels is 0.166384s
 INFO: Computing semblance for m0 = 6180
 INFO: Total execution time for kernels is 0.16311s
 INFO: Computing semblance for m0 = 6200
 INFO: Total execution time for kernels is 0.164637s
 INFO: Computing semblance for m0 = 6220
 INFO: Total execution time for kernels is 0.167452s
 INFO: Computing semblance for m0 = 6240
 INFO: Total execution time for kernels is 0.167649s
 INFO: Computing semblance for m0 = 6260
 INFO: Total execution time for kernels is 0.16355s
 INFO: Computing semblance for m0 = 6280
 INFO: Total execution time for kernels is 0.165167s
 INFO: Computing semblance for m0 = 6300
 INFO: Total execution time for kernels is 0.166656s
 INFO: Computing semblance for m0 = 6320
 INFO: Total execution time for kernels is 0.169485s
 INFO: Computing semblance for m0 = 6340
 INFO: Total execution time for kernels is 0.164187s
 INFO: Computing semblance for m0 = 6360
 INFO: Total execution time for kernels is 0.165574s
 INFO: Computing semblance for m0 = 6380
 INFO: Total execution time for kernels is 0.167579s
 INFO: Computing semblance for m0 = 6400
 INFO: Total execution time for kernels is 0.167872s
 INFO: Computing semblance for m0 = 6420
 INFO: Total execution time for kernels is 0.163253s
 INFO: Computing semblance for m0 = 6440
 INFO: Total execution time for kernels is 0.166798s
 INFO: Computing semblance for m0 = 6460
 INFO: Total execution time for kernels is 0.169523s
 INFO: Computing semblance for m0 = 6480
 INFO: Total execution time for kernels is 0.168079s
 INFO: Computing semblance for m0 = 6500
 INFO: Total execution time for kernels is 0.164476s
 INFO: Computing semblance for m0 = 6520
 INFO: Total execution time for kernels is 0.16343s
 INFO: Computing semblance for m0 = 6540
 INFO: Total execution time for kernels is 0.167312s
 INFO: Computing semblance for m0 = 6560
 INFO: Total execution time for kernels is 0.169151s
 INFO: Computing semblance for m0 = 6580
 INFO: Total execution time for kernels is 0.163631s
 INFO: Computing semblance for m0 = 6600
 INFO: Total execution time for kernels is 0.167167s
 INFO: Computing semblance for m0 = 6620
 INFO: Total execution time for kernels is 0.167475s
 INFO: Computing semblance for m0 = 6640
 INFO: Total execution time for kernels is 0.170186s
 INFO: Computing semblance for m0 = 6660
 INFO: Total execution time for kernels is 0.165364s
 INFO: Computing semblance for m0 = 6680
 INFO: Total execution time for kernels is 0.165381s
 INFO: Computing semblance for m0 = 6700
 INFO: Total execution time for kernels is 0.168211s
 INFO: Computing semblance for m0 = 6720
 INFO: Total execution time for kernels is 0.163191s
 INFO: Computing semblance for m0 = 6740
 INFO: Total execution time for kernels is 0.16959s
 INFO: Computing semblance for m0 = 6760
 INFO: Total execution time for kernels is 0.165421s
 INFO: Computing semblance for m0 = 6780
 INFO: Total execution time for kernels is 0.1669s
 INFO: Computing semblance for m0 = 6800
 INFO: Total execution time for kernels is 0.163992s
 INFO: Computing semblance for m0 = 6820
 INFO: Total execution time for kernels is 0.16728s
 INFO: Computing semblance for m0 = 6840
 INFO: Total execution time for kernels is 0.165879s
 INFO: Computing semblance for m0 = 6860
 INFO: Total execution time for kernels is 0.165122s
 INFO: Computing semblance for m0 = 6880
 INFO: Total execution time for kernels is 0.163744s
 INFO: Computing semblance for m0 = 6900
 INFO: Total execution time for kernels is 0.168401s
 INFO: Computing semblance for m0 = 6920
 INFO: Total execution time for kernels is 0.164181s
 INFO: Computing semblance for m0 = 6940
 INFO: Total execution time for kernels is 0.167996s
 INFO: Computing semblance for m0 = 6960
 INFO: Total execution time for kernels is 0.164823s
 INFO: Computing semblance for m0 = 6980
 INFO: Total execution time for kernels is 0.169261s
 INFO: Computing semblance for m0 = 7000
 INFO: Total execution time for kernels is 0.167053s
 INFO: Computing semblance for m0 = 7020
 INFO: Total execution time for kernels is 0.167236s
 INFO: Computing semblance for m0 = 7040
 INFO: Total execution time for kernels is 0.165262s
 INFO: Computing semblance for m0 = 7060
 INFO: Total execution time for kernels is 0.168525s
 INFO: Computing semblance for m0 = 7080
 INFO: Total execution time for kernels is 0.166327s
 INFO: Computing semblance for m0 = 7100
 INFO: Total execution time for kernels is 0.169122s
 INFO: Computing semblance for m0 = 7120
 INFO: Total execution time for kernels is 0.165681s
 INFO: Computing semblance for m0 = 7140
 INFO: Total execution time for kernels is 0.169132s
 INFO: Computing semblance for m0 = 7160
 INFO: Total execution time for kernels is 0.167511s
 INFO: Computing semblance for m0 = 7180
 INFO: Total execution time for kernels is 0.16983s
 INFO: Computing semblance for m0 = 7200
 INFO: Total execution time for kernels is 0.167676s
 INFO: Computing semblance for m0 = 7220
 INFO: Total execution time for kernels is 0.170596s
 INFO: Computing semblance for m0 = 7240
 INFO: Total execution time for kernels is 0.166245s
 INFO: Computing semblance for m0 = 7260
 INFO: Total execution time for kernels is 0.168542s
 INFO: Computing semblance for m0 = 7280
 INFO: Total execution time for kernels is 0.165001s
 INFO: Computing semblance for m0 = 7300
 INFO: Total execution time for kernels is 0.169923s
 INFO: Computing semblance for m0 = 7320
 INFO: Total execution time for kernels is 0.166218s
 INFO: Computing semblance for m0 = 7340
 INFO: Total execution time for kernels is 0.167913s
 INFO: Computing semblance for m0 = 7360
 INFO: Total execution time for kernels is 0.16481s
 INFO: Computing semblance for m0 = 7380
 INFO: Total execution time for kernels is 0.16715s
 INFO: Computing semblance for m0 = 7400
 INFO: Total execution time for kernels is 0.170149s
 INFO: Computing semblance for m0 = 7420
 INFO: Total execution time for kernels is 0.167994s
 INFO: Computing semblance for m0 = 7440
 INFO: Total execution time for kernels is 0.165847s
 INFO: Computing semblance for m0 = 7460
 INFO: Total execution time for kernels is 0.166445s
 INFO: Computing semblance for m0 = 7480
 INFO: Total execution time for kernels is 0.169136s
 INFO: Computing semblance for m0 = 7500
 INFO: Total execution time for kernels is 0.168633s
 INFO: Computing semblance for m0 = 7520
 INFO: Total execution time for kernels is 0.165394s
 INFO: Computing semblance for m0 = 7540
 INFO: Total execution time for kernels is 0.165083s
 INFO: Computing semblance for m0 = 7560
 INFO: Total execution time for kernels is 0.168496s
 INFO: Computing semblance for m0 = 7580
 INFO: Total execution time for kernels is 0.169941s
 INFO: Computing semblance for m0 = 7600
 INFO: Total execution time for kernels is 0.166472s
 INFO: Computing semblance for m0 = 7620
 INFO: Total execution time for kernels is 0.166528s
 INFO: Computing semblance for m0 = 7640
 INFO: Total execution time for kernels is 0.169366s
 INFO: Computing semblance for m0 = 7660
 INFO: Total execution time for kernels is 0.168365s
 INFO: Computing semblance for m0 = 7680
 INFO: Total execution time for kernels is 0.164281s
 INFO: Computing semblance for m0 = 7700
 INFO: Total execution time for kernels is 0.164309s
 INFO: Computing semblance for m0 = 7720
 INFO: Total execution time for kernels is 0.169749s
 INFO: Computing semblance for m0 = 7740
 INFO: Total execution time for kernels is 0.166029s
 INFO: Computing semblance for m0 = 7760
 INFO: Total execution time for kernels is 0.165071s
 INFO: Computing semblance for m0 = 7780
 INFO: Total execution time for kernels is 0.164071s
 INFO: Computing semblance for m0 = 7800
 INFO: Total execution time for kernels is 0.169368s
 INFO: Computing semblance for m0 = 7820
 INFO: Total execution time for kernels is 0.167902s
 INFO: Computing semblance for m0 = 7840
 INFO: Total execution time for kernels is 0.16411s
 INFO: Computing semblance for m0 = 7860
 INFO: Total execution time for kernels is 0.166298s
 INFO: Computing semblance for m0 = 7880
 INFO: Total execution time for kernels is 0.167825s
 INFO: Computing semblance for m0 = 7900
 INFO: Total execution time for kernels is 0.168502s
 INFO: Computing semblance for m0 = 7920
 INFO: Total execution time for kernels is 0.165444s
 INFO: Computing semblance for m0 = 7940
 INFO: Total execution time for kernels is 0.166337s
 INFO: Computing semblance for m0 = 7960
 INFO: Total execution time for kernels is 0.169895s
 INFO: Computing semblance for m0 = 7980
 INFO: Total execution time for kernels is 0.166394s
 INFO: Computing semblance for m0 = 8000
 INFO: Total execution time for kernels is 0.164118s
 INFO: Computing semblance for m0 = 8020
 INFO: Total execution time for kernels is 0.165394s
 INFO: Computing semblance for m0 = 8040
 INFO: Total execution time for kernels is 0.168976s
 INFO: Computing semblance for m0 = 8060
 INFO: Total execution time for kernels is 0.167943s
 INFO: Computing semblance for m0 = 8080
 INFO: Total execution time for kernels is 0.164412s
 INFO: Computing semblance for m0 = 8100
 INFO: Total execution time for kernels is 0.16435s
 INFO: Computing semblance for m0 = 8120
 INFO: Total execution time for kernels is 0.168901s
 INFO: Computing semblance for m0 = 8140
 INFO: Total execution time for kernels is 0.170426s
 INFO: Computing semblance for m0 = 8160
 INFO: Total execution time for kernels is 0.1635s
 INFO: Computing semblance for m0 = 8180
 INFO: Total execution time for kernels is 0.16488s
 INFO: Computing semblance for m0 = 8200
 INFO: Total execution time for kernels is 0.166877s
 INFO: Computing semblance for m0 = 8220
 INFO: Total execution time for kernels is 0.165999s
 INFO: Computing semblance for m0 = 8240
 INFO: Total execution time for kernels is 0.163374s
 INFO: Computing semblance for m0 = 8260
 INFO: Total execution time for kernels is 0.164062s
 INFO: Computing semblance for m0 = 8280
 INFO: Total execution time for kernels is 0.166882s
 INFO: Computing semblance for m0 = 8300
 INFO: Total execution time for kernels is 0.166802s
 INFO: Computing semblance for m0 = 8320
 INFO: Total execution time for kernels is 0.161765s
 INFO: Computing semblance for m0 = 8340
 INFO: Total execution time for kernels is 0.165892s
 INFO: Computing semblance for m0 = 8360
 INFO: Total execution time for kernels is 0.166085s
 INFO: Computing semblance for m0 = 8380
 INFO: Total execution time for kernels is 0.167592s
 INFO: Computing semblance for m0 = 8400
 INFO: Total execution time for kernels is 0.162908s
 INFO: Computing semblance for m0 = 8420
 INFO: Total execution time for kernels is 0.161973s
 INFO: Computing semblance for m0 = 8440
 INFO: Total execution time for kernels is 0.166904s
 INFO: Computing semblance for m0 = 8460
 INFO: Total execution time for kernels is 0.165401s
 INFO: Computing semblance for m0 = 8480
 INFO: Total execution time for kernels is 0.162135s
 INFO: Computing semblance for m0 = 8500
 INFO: Total execution time for kernels is 0.165275s
 INFO: Computing semblance for m0 = 8520
 INFO: Total execution time for kernels is 0.169193s
 INFO: Computing semblance for m0 = 8540
 INFO: Total execution time for kernels is 0.165536s
 INFO: Computing semblance for m0 = 8560
 INFO: Total execution time for kernels is 0.162836s
 INFO: Computing semblance for m0 = 8580
 INFO: Total execution time for kernels is 0.162154s
 INFO: Computing semblance for m0 = 8600
 INFO: Total execution time for kernels is 0.168903s
 INFO: Computing semblance for m0 = 8620
 INFO: Total execution time for kernels is 0.166451s
 INFO: Computing semblance for m0 = 8640
 INFO: Total execution time for kernels is 0.167027s
 INFO: Computing semblance for m0 = 8660
 INFO: Total execution time for kernels is 0.164957s
 INFO: Computing semblance for m0 = 8680
 INFO: Total execution time for kernels is 0.165534s
 INFO: Computing semblance for m0 = 8700
 INFO: Total execution time for kernels is 0.165492s
 INFO: Computing semblance for m0 = 8720
 INFO: Total execution time for kernels is 0.163203s
 INFO: Computing semblance for m0 = 8740
 INFO: Total execution time for kernels is 0.165305s
 INFO: Computing semblance for m0 = 8760
 INFO: Total execution time for kernels is 0.167149s
 INFO: Computing semblance for m0 = 8780
 INFO: Total execution time for kernels is 0.167512s
 INFO: Computing semblance for m0 = 8800
 INFO: Total execution time for kernels is 0.16193s
 INFO: Computing semblance for m0 = 8820
 INFO: Total execution time for kernels is 0.163731s
 INFO: Computing semblance for m0 = 8840
 INFO: Total execution time for kernels is 0.167974s
 INFO: Computing semblance for m0 = 8860
 INFO: Total execution time for kernels is 0.165342s
 INFO: Computing semblance for m0 = 8880
 INFO: Total execution time for kernels is 0.164162s
 INFO: Computing semblance for m0 = 8900
 INFO: Total execution time for kernels is 0.166212s
 INFO: Computing semblance for m0 = 8920
 INFO: Total execution time for kernels is 0.164555s
 INFO: Computing semblance for m0 = 8940
 INFO: Total execution time for kernels is 0.166311s
 INFO: Computing semblance for m0 = 8960
 INFO: Total execution time for kernels is 0.162817s
 INFO: Computing semblance for m0 = 8980
 INFO: Total execution time for kernels is 0.164568s
 INFO: Computing semblance for m0 = 9000
 INFO: Total execution time for kernels is 0.168835s
 INFO: Computing semblance for m0 = 9020
 INFO: Total execution time for kernels is 0.167886s
 INFO: Computing semblance for m0 = 9040
 INFO: Total execution time for kernels is 0.163843s
 INFO: Computing semblance for m0 = 9060
 INFO: Total execution time for kernels is 0.162849s
 INFO: Computing semblance for m0 = 9080
 INFO: Total execution time for kernels is 0.165451s
 INFO: Computing semblance for m0 = 9100
 INFO: Total execution time for kernels is 0.161462s
 INFO: Computing semblance for m0 = 9120
 INFO: Total execution time for kernels is 0.156178s
 INFO: Computing semblance for m0 = 9140
 INFO: Total execution time for kernels is 0.155455s
 INFO: Computing semblance for m0 = 9160
 INFO: Total execution time for kernels is 0.154224s
 INFO: Computing semblance for m0 = 9180
 INFO: Total execution time for kernels is 0.152916s
 INFO: Computing semblance for m0 = 9200
 INFO: Total execution time for kernels is 0.144413s
 INFO: Computing semblance for m0 = 9220
 INFO: Total execution time for kernels is 0.144755s
 INFO: Computing semblance for m0 = 9240
 INFO: Total execution time for kernels is 0.141668s
 INFO: Computing semblance for m0 = 9260
 INFO: Total execution time for kernels is 0.139322s
 INFO: Computing semblance for m0 = 9280
 INFO: Total execution time for kernels is 0.13252s
 INFO: Computing semblance for m0 = 9300
 INFO: Total execution time for kernels is 0.128314s
 INFO: Computing semblance for m0 = 9320
 INFO: Total execution time for kernels is 0.126988s
 INFO: Computing semblance for m0 = 9340
 INFO: Total execution time for kernels is 0.123166s
 INFO: Computing semblance for m0 = 9360
 INFO: Total execution time for kernels is 0.116553s
 INFO: Computing semblance for m0 = 9380
 INFO: Total execution time for kernels is 0.11211s
 INFO: Computing semblance for m0 = 9400
 INFO: Total execution time for kernels is 0.104034s
 INFO: Computing semblance for m0 = 9420
 INFO: Total execution time for kernels is 0.109192s
 INFO: Computing semblance for m0 = 9440
 INFO: Total execution time for kernels is 0.100153s
 INFO: Computing semblance for m0 = 9460
 INFO: Total execution time for kernels is 0.0973647s
 INFO: Computing semblance for m0 = 9480
 INFO: Total execution time for kernels is 0.0950411s
 INFO: Computing semblance for m0 = 9500
 INFO: Total execution time for kernels is 0.0913255s
 INFO: Computing semblance for m0 = 9520
 INFO: Total execution time for kernels is 0.0849626s
 INFO: Computing semblance for m0 = 9540
 INFO: Total execution time for kernels is 0.0812017s
 INFO: Computing semblance for m0 = 9560
 INFO: Total execution time for kernels is 0.0712545s
 INFO: Computing semblance for m0 = 9580
 INFO: Total execution time for kernels is 0.0757035s
 INFO: Computing semblance for m0 = 9600
 INFO: Total execution time for kernels is 0.079754s
 INFO: Computing semblance for m0 = 9620
 INFO: Total execution time for kernels is 0.0685068s
 INFO: Computing semblance for m0 = 9640
 INFO: Total execution time for kernels is 0.0636571s
 INFO: Computing semblance for m0 = 9660
 INFO: Total execution time for kernels is 0.0564895s
 INFO: Computing semblance for m0 = 9680
 INFO: Total execution time for kernels is 0.0608272s
 INFO: Computing semblance for m0 = 9700
 INFO: Total execution time for kernels is 0.0536879s
 INFO: Computing semblance for m0 = 9720
 INFO: Total execution time for kernels is 0.0431725s
 INFO: Computing semblance for m0 = 9740
 INFO: Total execution time for kernels is 0.0468266s
 INFO: Computing semblance for m0 = 9760
 INFO: Total execution time for kernels is 0.0491963s
 INFO: Computing semblance for m0 = 9780
 INFO: Total execution time for kernels is 0.0396725s
 INFO: Computing semblance for m0 = 9800
 INFO: Total execution time for kernels is 0.0298188s
 INFO: Computing semblance for m0 = 9820
 INFO: Total execution time for kernels is 0.0329964s
 INFO: Computing semblance for m0 = 9840
 INFO: Total execution time for kernels is 0.0367942s
 INFO: Computing semblance for m0 = 9860
 INFO: Total execution time for kernels is 0.026549s
 INFO: Computing semblance for m0 = 9880
 INFO: Total execution time for kernels is 0.0147423s
 INFO: Computing semblance for m0 = 9900
 INFO: Total execution time for kernels is 0.0178643s
 INFO: Computing semblance for m0 = 9920
 INFO: Total execution time for kernels is 0.020535s
 INFO: Computing semblance for m0 = 9940
 INFO: Total execution time for kernels is 0.0230572s
 INFO: Total execution time for kernels is 0.00889696s
 INFO: Total execution time for kernels is 0.0107697s
 INFO: Total execution time for kernels is 0.0121366s
 INFO: Average of efficiency is 1
 INFO: Average of interpolations_per_sec is 1.00064e+11
 INFO: Average of selected_traces is 309.888
 INFO: Average of total_selection_kernel_exec_time is 0.00311227
 INFO: Average of total_kernel_exec_time is 0.149738
 INFO: Driver init. duration is 0.133659 s
 INFO: Read gather duration is 0.0903525 s
 INFO: Parse args. duration is 0.000180046 s
 INFO: Worker threads duration is 17.9616 s
 INFO: Dump results duration is 0.509258 s
 INFO: Results written to /home/ubuntu/nfs/out/d4e9b53e_master_g4dn.12xlarge_32/zocrs/de/cuda/simple-synthetic_32_3/simple-synthetic_de_zocrs_20210303_1147/
 INFO: It took 18.7034s to compute.
