 INFO: Number of CDPs = 445
 INFO: Number of traces in the gather = 9200
 INFO: Number of samples per trace = 2502
 INFO: Starting worker threads...
 INFO: Computing semblance for m0 = 0
 INFO: Total execution time for kernels is 0.000846966s
 INFO: Computing semblance for m0 = 1080
 INFO: Computing semblance for m0 = 1100
 INFO: Total execution time for kernels is 0.0091821s
 INFO: Computing semblance for m0 = 1120
 INFO: Total execution time for kernels is 0.0114506s
 INFO: Computing semblance for m0 = 1140
 INFO: Total execution time for kernels is 0.0131624s
 INFO: Computing semblance for m0 = 1160
 INFO: Computing semblance for m0 = 1180
 INFO: Computing semblance for m0 = 1200
 INFO: Total execution time for kernels is 0.0151883s
 INFO: Computing semblance for m0 = 1220
 INFO: Total execution time for kernels is 0.0173711s
 INFO: Computing semblance for m0 = 1240
 INFO: Total execution time for kernels is 0.020565s
 INFO: Computing semblance for m0 = 1260
 INFO: Total execution time for kernels is 0.0218539s
 INFO: Computing semblance for m0 = 1280
 INFO: Total execution time for kernels is 0.0245769s
 INFO: Computing semblance for m0 = 1300
 INFO: Total execution time for kernels is 0.0273185s
 INFO: Computing semblance for m0 = 1320
 INFO: Total execution time for kernels is 0.0306751s
 INFO: Computing semblance for m0 = 1340
 INFO: Total execution time for kernels is 0.0325477s
 INFO: Computing semblance for m0 = 1360
 INFO: Total execution time for kernels is 0.0345432s
 INFO: Computing semblance for m0 = 1380
 INFO: Total execution time for kernels is 0.0380076s
 INFO: Computing semblance for m0 = 1400
 INFO: Total execution time for kernels is 0.0404907s
 INFO: Computing semblance for m0 = 1420
 INFO: Total execution time for kernels is 0.0427507s
 INFO: Computing semblance for m0 = 1440
 INFO: Total execution time for kernels is 0.0462614s
 INFO: Computing semblance for m0 = 1460
 INFO: Total execution time for kernels is 0.0490246s
 INFO: Computing semblance for m0 = 1480
 INFO: Total execution time for kernels is 0.0528443s
 INFO: Computing semblance for m0 = 1500
 INFO: Total execution time for kernels is 0.0552079s
 INFO: Computing semblance for m0 = 1520
 INFO: Total execution time for kernels is 0.0577012s
 INFO: Computing semblance for m0 = 1540
 INFO: Total execution time for kernels is 0.0599773s
 INFO: Computing semblance for m0 = 1560
 INFO: Total execution time for kernels is 0.063491s
 INFO: Computing semblance for m0 = 1580
 INFO: Total execution time for kernels is 0.0649778s
 INFO: Computing semblance for m0 = 1600
 INFO: Total execution time for kernels is 0.0694502s
 INFO: Computing semblance for m0 = 1620
 INFO: Total execution time for kernels is 0.0727458s
 INFO: Computing semblance for m0 = 1640
 INFO: Total execution time for kernels is 0.07532s
 INFO: Computing semblance for m0 = 1660
 INFO: Total execution time for kernels is 0.0792302s
 INFO: Computing semblance for m0 = 1680
 INFO: Total execution time for kernels is 0.0817983s
 INFO: Computing semblance for m0 = 1700
 INFO: Total execution time for kernels is 0.0852913s
 INFO: Computing semblance for m0 = 1720
 INFO: Total execution time for kernels is 0.0919637s
 INFO: Computing semblance for m0 = 1740
 INFO: Total execution time for kernels is 0.0917728s
 INFO: Computing semblance for m0 = 1760
 INFO: Total execution time for kernels is 0.0952262s
 INFO: Computing semblance for m0 = 1780
 INFO: Total execution time for kernels is 0.100298s
 INFO: Computing semblance for m0 = 1800
 INFO: Total execution time for kernels is 0.104681s
 INFO: Computing semblance for m0 = 1820
 INFO: Total execution time for kernels is 0.104689s
 INFO: Computing semblance for m0 = 1840
 INFO: Total execution time for kernels is 0.112481s
 INFO: Computing semblance for m0 = 1860
 INFO: Total execution time for kernels is 0.116201s
 INFO: Computing semblance for m0 = 1880
 INFO: Total execution time for kernels is 0.119085s
 INFO: Computing semblance for m0 = 1900
 INFO: Total execution time for kernels is 0.119679s
 INFO: Computing semblance for m0 = 1920
 INFO: Total execution time for kernels is 0.124741s
 INFO: Computing semblance for m0 = 1940
 INFO: Total execution time for kernels is 0.127467s
 INFO: Computing semblance for m0 = 1960
 INFO: Total execution time for kernels is 0.129967s
 INFO: Computing semblance for m0 = 1980
 INFO: Total execution time for kernels is 0.130783s
 INFO: Computing semblance for m0 = 2000
 INFO: Total execution time for kernels is 0.133395s
 INFO: Computing semblance for m0 = 2020
 INFO: Total execution time for kernels is 0.13808s
 INFO: Computing semblance for m0 = 2040
 INFO: Total execution time for kernels is 0.141081s
 INFO: Computing semblance for m0 = 2060
 INFO: Total execution time for kernels is 0.139062s
 INFO: Computing semblance for m0 = 2080
 INFO: Total execution time for kernels is 0.142224s
 INFO: Computing semblance for m0 = 2100
 INFO: Total execution time for kernels is 0.144097s
 INFO: Computing semblance for m0 = 2120
 INFO: Total execution time for kernels is 0.14456s
 INFO: Computing semblance for m0 = 2140
 INFO: Total execution time for kernels is 0.143333s
 INFO: Computing semblance for m0 = 2160
 INFO: Total execution time for kernels is 0.144223s
 INFO: Computing semblance for m0 = 2180
 INFO: Total execution time for kernels is 0.143384s
 INFO: Computing semblance for m0 = 2200
 INFO: Total execution time for kernels is 0.146479s
 INFO: Computing semblance for m0 = 2220
 INFO: Total execution time for kernels is 0.14354s
 INFO: Computing semblance for m0 = 2240
 INFO: Total execution time for kernels is 0.143513s
 INFO: Computing semblance for m0 = 2260
 INFO: Total execution time for kernels is 0.144125s
 INFO: Computing semblance for m0 = 2280
 INFO: Total execution time for kernels is 0.145004s
 INFO: Computing semblance for m0 = 2300
 INFO: Total execution time for kernels is 0.141591s
 INFO: Computing semblance for m0 = 2320
 INFO: Total execution time for kernels is 0.143917s
 INFO: Computing semblance for m0 = 2340
 INFO: Total execution time for kernels is 0.144054s
 INFO: Computing semblance for m0 = 2360
 INFO: Total execution time for kernels is 0.144711s
 INFO: Computing semblance for m0 = 2380
 INFO: Total execution time for kernels is 0.140928s
 INFO: Computing semblance for m0 = 2400
 INFO: Total execution time for kernels is 0.143612s
 INFO: Computing semblance for m0 = 2420
 INFO: Total execution time for kernels is 0.147795s
 INFO: Computing semblance for m0 = 2440
 INFO: Total execution time for kernels is 0.146254s
 INFO: Computing semblance for m0 = 2460
 INFO: Total execution time for kernels is 0.144567s
 INFO: Computing semblance for m0 = 2480
 INFO: Total execution time for kernels is 0.14383s
 INFO: Computing semblance for m0 = 2500
 INFO: Total execution time for kernels is 0.144144s
 INFO: Computing semblance for m0 = 2520
 INFO: Total execution time for kernels is 0.14527s
 INFO: Computing semblance for m0 = 2540
 INFO: Total execution time for kernels is 0.144021s
 INFO: Computing semblance for m0 = 2560
 INFO: Total execution time for kernels is 0.142648s
 INFO: Computing semblance for m0 = 2580
 INFO: Total execution time for kernels is 0.145629s
 INFO: Computing semblance for m0 = 2600
 INFO: Total execution time for kernels is 0.146432s
 INFO: Computing semblance for m0 = 2620
 INFO: Total execution time for kernels is 0.143645s
 INFO: Computing semblance for m0 = 2640
 INFO: Total execution time for kernels is 0.147208s
 INFO: Computing semblance for m0 = 2660
 INFO: Total execution time for kernels is 0.145624s
 INFO: Computing semblance for m0 = 2680
 INFO: Total execution time for kernels is 0.148847s
 INFO: Computing semblance for m0 = 2700
 INFO: Total execution time for kernels is 0.144266s
 INFO: Computing semblance for m0 = 2720
 INFO: Total execution time for kernels is 0.144432s
 INFO: Computing semblance for m0 = 2740
 INFO: Total execution time for kernels is 0.146057s
 INFO: Computing semblance for m0 = 2760
 INFO: Total execution time for kernels is 0.145336s
 INFO: Computing semblance for m0 = 2780
 INFO: Total execution time for kernels is 0.142838s
 INFO: Computing semblance for m0 = 2800
 INFO: Total execution time for kernels is 0.145252s
 INFO: Computing semblance for m0 = 2820
 INFO: Total execution time for kernels is 0.14607s
 INFO: Computing semblance for m0 = 2840
 INFO: Total execution time for kernels is 0.140318s
 INFO: Computing semblance for m0 = 2860
 INFO: Total execution time for kernels is 0.146172s
 INFO: Computing semblance for m0 = 2880
 INFO: Total execution time for kernels is 0.145148s
 INFO: Computing semblance for m0 = 2900
 INFO: Total execution time for kernels is 0.145236s
 INFO: Computing semblance for m0 = 2920
 INFO: Total execution time for kernels is 0.143304s
 INFO: Computing semblance for m0 = 2940
 INFO: Total execution time for kernels is 0.146156s
 INFO: Computing semblance for m0 = 2960
 INFO: Total execution time for kernels is 0.143849s
 INFO: Computing semblance for m0 = 2980
 INFO: Total execution time for kernels is 0.145491s
 INFO: Computing semblance for m0 = 3000
 INFO: Total execution time for kernels is 0.143676s
 INFO: Computing semblance for m0 = 3020
 INFO: Total execution time for kernels is 0.146521s
 INFO: Computing semblance for m0 = 3040
 INFO: Total execution time for kernels is 0.1414s
 INFO: Computing semblance for m0 = 3060
 INFO: Total execution time for kernels is 0.144741s
 INFO: Computing semblance for m0 = 3080
 INFO: Total execution time for kernels is 0.139533s
 INFO: Computing semblance for m0 = 3100
 INFO: Total execution time for kernels is 0.145018s
 INFO: Computing semblance for m0 = 3120
 INFO: Total execution time for kernels is 0.14745s
 INFO: Computing semblance for m0 = 3140
 INFO: Total execution time for kernels is 0.145005s
 INFO: Computing semblance for m0 = 3160
 INFO: Total execution time for kernels is 0.145161s
 INFO: Computing semblance for m0 = 3180
 INFO: Total execution time for kernels is 0.147645s
 INFO: Computing semblance for m0 = 3200
 INFO: Total execution time for kernels is 0.143353s
 INFO: Computing semblance for m0 = 3220
 INFO: Total execution time for kernels is 0.145938s
 INFO: Computing semblance for m0 = 3240
 INFO: Total execution time for kernels is 0.143816s
 INFO: Computing semblance for m0 = 3260
 INFO: Total execution time for kernels is 0.147184s
 INFO: Computing semblance for m0 = 3280
 INFO: Total execution time for kernels is 0.144264s
 INFO: Computing semblance for m0 = 3300
 INFO: Total execution time for kernels is 0.143667s
 INFO: Computing semblance for m0 = 3320
 INFO: Total execution time for kernels is 0.14406s
 INFO: Computing semblance for m0 = 3340
 INFO: Total execution time for kernels is 0.147269s
 INFO: Computing semblance for m0 = 3360
 INFO: Total execution time for kernels is 0.145013s
 INFO: Computing semblance for m0 = 3380
 INFO: Total execution time for kernels is 0.147049s
 INFO: Computing semblance for m0 = 3400
 INFO: Total execution time for kernels is 0.142585s
 INFO: Computing semblance for m0 = 3420
 INFO: Total execution time for kernels is 0.143579s
 INFO: Computing semblance for m0 = 3440
 INFO: Total execution time for kernels is 0.143197s
 INFO: Computing semblance for m0 = 3460
 INFO: Total execution time for kernels is 0.142294s
 INFO: Computing semblance for m0 = 3480
 INFO: Total execution time for kernels is 0.141331s
 INFO: Computing semblance for m0 = 3500
 INFO: Total execution time for kernels is 0.142773s
 INFO: Computing semblance for m0 = 3520
 INFO: Total execution time for kernels is 0.143476s
 INFO: Computing semblance for m0 = 3540
 INFO: Total execution time for kernels is 0.143697s
 INFO: Computing semblance for m0 = 3560
 INFO: Total execution time for kernels is 0.140581s
 INFO: Computing semblance for m0 = 3580
 INFO: Total execution time for kernels is 0.143565s
 INFO: Computing semblance for m0 = 3600
 INFO: Total execution time for kernels is 0.142137s
 INFO: Computing semblance for m0 = 3620
 INFO: Total execution time for kernels is 0.142601s
 INFO: Computing semblance for m0 = 3640
 INFO: Total execution time for kernels is 0.141041s
 INFO: Computing semblance for m0 = 3660
 INFO: Total execution time for kernels is 0.147922s
 INFO: Computing semblance for m0 = 3680
 INFO: Total execution time for kernels is 0.141531s
 INFO: Computing semblance for m0 = 3700
 INFO: Total execution time for kernels is 0.141727s
 INFO: Computing semblance for m0 = 3720
 INFO: Total execution time for kernels is 0.140558s
 INFO: Computing semblance for m0 = 3740
 INFO: Total execution time for kernels is 0.144086s
 INFO: Computing semblance for m0 = 3760
 INFO: Total execution time for kernels is 0.142339s
 INFO: Computing semblance for m0 = 3780
 INFO: Total execution time for kernels is 0.143977s
 INFO: Computing semblance for m0 = 3800
 INFO: Total execution time for kernels is 0.144551s
 INFO: Computing semblance for m0 = 3820
 INFO: Total execution time for kernels is 0.147042s
 INFO: Computing semblance for m0 = 3840
 INFO: Total execution time for kernels is 0.144576s
 INFO: Computing semblance for m0 = 3860
 INFO: Total execution time for kernels is 0.143165s
 INFO: Computing semblance for m0 = 3880
 INFO: Total execution time for kernels is 0.143888s
 INFO: Computing semblance for m0 = 3900
 INFO: Total execution time for kernels is 0.142771s
 INFO: Computing semblance for m0 = 3920
 INFO: Total execution time for kernels is 0.146217s
 INFO: Computing semblance for m0 = 3940
 INFO: Total execution time for kernels is 0.145413s
 INFO: Computing semblance for m0 = 3960
 INFO: Total execution time for kernels is 0.141334s
 INFO: Computing semblance for m0 = 3980
 INFO: Total execution time for kernels is 0.145732s
 INFO: Computing semblance for m0 = 4000
 INFO: Total execution time for kernels is 0.143998s
 INFO: Computing semblance for m0 = 4020
 INFO: Total execution time for kernels is 0.145937s
 INFO: Computing semblance for m0 = 4040
 INFO: Total execution time for kernels is 0.1455s
 INFO: Computing semblance for m0 = 4060
 INFO: Total execution time for kernels is 0.147638s
 INFO: Computing semblance for m0 = 4080
 INFO: Total execution time for kernels is 0.145361s
 INFO: Computing semblance for m0 = 4100
 INFO: Total execution time for kernels is 0.144356s
 INFO: Computing semblance for m0 = 4120
 INFO: Total execution time for kernels is 0.144859s
 INFO: Computing semblance for m0 = 4140
 INFO: Total execution time for kernels is 0.147725s
 INFO: Computing semblance for m0 = 4160
 INFO: Total execution time for kernels is 0.146413s
 INFO: Computing semblance for m0 = 4180
 INFO: Total execution time for kernels is 0.145424s
 INFO: Computing semblance for m0 = 4200
 INFO: Total execution time for kernels is 0.142894s
 INFO: Computing semblance for m0 = 4220
 INFO: Total execution time for kernels is 0.143295s
 INFO: Computing semblance for m0 = 4240
 INFO: Total execution time for kernels is 0.145679s
 INFO: Computing semblance for m0 = 4260
 INFO: Total execution time for kernels is 0.145105s
 INFO: Computing semblance for m0 = 4280
 INFO: Total execution time for kernels is 0.143508s
 INFO: Computing semblance for m0 = 4300
 INFO: Total execution time for kernels is 0.147105s
 INFO: Computing semblance for m0 = 4320
 INFO: Total execution time for kernels is 0.142403s
 INFO: Computing semblance for m0 = 4340
 INFO: Total execution time for kernels is 0.145119s
 INFO: Computing semblance for m0 = 4360
 INFO: Total execution time for kernels is 0.143065s
 INFO: Computing semblance for m0 = 4380
 INFO: Total execution time for kernels is 0.148545s
 INFO: Computing semblance for m0 = 4400
 INFO: Total execution time for kernels is 0.146472s
 INFO: Computing semblance for m0 = 4420
 INFO: Total execution time for kernels is 0.14496s
 INFO: Computing semblance for m0 = 4440
 INFO: Total execution time for kernels is 0.144802s
 INFO: Computing semblance for m0 = 4460
 INFO: Total execution time for kernels is 0.145647s
 INFO: Computing semblance for m0 = 4480
 INFO: Total execution time for kernels is 0.144862s
 INFO: Computing semblance for m0 = 4500
 INFO: Total execution time for kernels is 0.14629s
 INFO: Computing semblance for m0 = 4520
 INFO: Total execution time for kernels is 0.141547s
 INFO: Computing semblance for m0 = 4540
 INFO: Total execution time for kernels is 0.14717s
 INFO: Computing semblance for m0 = 4560
 INFO: Total execution time for kernels is 0.142409s
 INFO: Computing semblance for m0 = 4580
 INFO: Total execution time for kernels is 0.143697s
 INFO: Computing semblance for m0 = 4600
 INFO: Total execution time for kernels is 0.143406s
 INFO: Computing semblance for m0 = 4620
 INFO: Total execution time for kernels is 0.148053s
 INFO: Computing semblance for m0 = 4640
 INFO: Total execution time for kernels is 0.144578s
 INFO: Computing semblance for m0 = 4660
 INFO: Total execution time for kernels is 0.1444s
 INFO: Computing semblance for m0 = 4680
 INFO: Total execution time for kernels is 0.141597s
 INFO: Computing semblance for m0 = 4700
 INFO: Total execution time for kernels is 0.144606s
 INFO: Computing semblance for m0 = 4720
 INFO: Total execution time for kernels is 0.145203s
 INFO: Computing semblance for m0 = 4740
 INFO: Total execution time for kernels is 0.143009s
 INFO: Computing semblance for m0 = 4760
 INFO: Total execution time for kernels is 0.142343s
 INFO: Computing semblance for m0 = 4780
 INFO: Total execution time for kernels is 0.144485s
 INFO: Computing semblance for m0 = 4800
 INFO: Total execution time for kernels is 0.142935s
 INFO: Computing semblance for m0 = 4820
 INFO: Total execution time for kernels is 0.144796s
 INFO: Computing semblance for m0 = 4840
 INFO: Total execution time for kernels is 0.142374s
 INFO: Computing semblance for m0 = 4860
 INFO: Total execution time for kernels is 0.144848s
 INFO: Computing semblance for m0 = 4880
 INFO: Total execution time for kernels is 0.142287s
 INFO: Computing semblance for m0 = 4900
 INFO: Total execution time for kernels is 0.145517s
 INFO: Computing semblance for m0 = 4920
 INFO: Total execution time for kernels is 0.142954s
 INFO: Computing semblance for m0 = 4940
 INFO: Total execution time for kernels is 0.148286s
 INFO: Computing semblance for m0 = 4960
 INFO: Total execution time for kernels is 0.145105s
 INFO: Computing semblance for m0 = 4980
 INFO: Total execution time for kernels is 0.1435s
 INFO: Computing semblance for m0 = 5000
 INFO: Total execution time for kernels is 0.142376s
 INFO: Computing semblance for m0 = 5020
 INFO: Total execution time for kernels is 0.147506s
 INFO: Computing semblance for m0 = 5040
 INFO: Total execution time for kernels is 0.146226s
 INFO: Computing semblance for m0 = 5060
 INFO: Total execution time for kernels is 0.146244s
 INFO: Computing semblance for m0 = 5080
 INFO: Total execution time for kernels is 0.144667s
 INFO: Computing semblance for m0 = 5100
 INFO: Total execution time for kernels is 0.145562s
 INFO: Computing semblance for m0 = 5120
 INFO: Total execution time for kernels is 0.145032s
 INFO: Computing semblance for m0 = 5140
 INFO: Total execution time for kernels is 0.145159s
 INFO: Computing semblance for m0 = 5160
 INFO: Total execution time for kernels is 0.144267s
 INFO: Computing semblance for m0 = 5180
 INFO: Total execution time for kernels is 0.144792s
 INFO: Computing semblance for m0 = 5200
 INFO: Total execution time for kernels is 0.143375s
 INFO: Computing semblance for m0 = 5220
 INFO: Total execution time for kernels is 0.143721s
 INFO: Computing semblance for m0 = 5240
 INFO: Total execution time for kernels is 0.146221s
 INFO: Computing semblance for m0 = 5260
 INFO: Total execution time for kernels is 0.145973s
 INFO: Computing semblance for m0 = 5280
 INFO: Total execution time for kernels is 0.145426s
 INFO: Computing semblance for m0 = 5300
 INFO: Total execution time for kernels is 0.141311s
 INFO: Computing semblance for m0 = 5320
 INFO: Total execution time for kernels is 0.142232s
 INFO: Computing semblance for m0 = 5340
 INFO: Total execution time for kernels is 0.145471s
 INFO: Computing semblance for m0 = 5360
 INFO: Total execution time for kernels is 0.144985s
 INFO: Computing semblance for m0 = 5380
 INFO: Total execution time for kernels is 0.145561s
 INFO: Computing semblance for m0 = 5400
 INFO: Total execution time for kernels is 0.141299s
 INFO: Computing semblance for m0 = 5420
 INFO: Total execution time for kernels is 0.142831s
 INFO: Computing semblance for m0 = 5440
 INFO: Total execution time for kernels is 0.145425s
 INFO: Computing semblance for m0 = 5460
 INFO: Total execution time for kernels is 0.141834s
 INFO: Computing semblance for m0 = 5480
 INFO: Total execution time for kernels is 0.143857s
 INFO: Computing semblance for m0 = 5500
 INFO: Total execution time for kernels is 0.14226s
 INFO: Computing semblance for m0 = 5520
 INFO: Total execution time for kernels is 0.143484s
 INFO: Computing semblance for m0 = 5540
 INFO: Total execution time for kernels is 0.14316s
 INFO: Computing semblance for m0 = 5560
 INFO: Total execution time for kernels is 0.143386s
 INFO: Computing semblance for m0 = 5580
 INFO: Total execution time for kernels is 0.143193s
 INFO: Computing semblance for m0 = 5600
 INFO: Total execution time for kernels is 0.146085s
 INFO: Computing semblance for m0 = 5620
 INFO: Total execution time for kernels is 0.14275s
 INFO: Computing semblance for m0 = 5640
 INFO: Total execution time for kernels is 0.145656s
 INFO: Computing semblance for m0 = 5660
 INFO: Total execution time for kernels is 0.144189s
 INFO: Computing semblance for m0 = 5680
 INFO: Total execution time for kernels is 0.148929s
 INFO: Computing semblance for m0 = 5700
 INFO: Total execution time for kernels is 0.143916s
 INFO: Computing semblance for m0 = 5720
 INFO: Total execution time for kernels is 0.148749s
 INFO: Computing semblance for m0 = 5740
 INFO: Total execution time for kernels is 0.145048s
 INFO: Computing semblance for m0 = 5760
 INFO: Total execution time for kernels is 0.147778s
 INFO: Computing semblance for m0 = 5780
 INFO: Total execution time for kernels is 0.143384s
 INFO: Computing semblance for m0 = 5800
 INFO: Total execution time for kernels is 0.147957s
 INFO: Computing semblance for m0 = 5820
 INFO: Total execution time for kernels is 0.146433s
 INFO: Computing semblance for m0 = 5840
 INFO: Total execution time for kernels is 0.147745s
 INFO: Computing semblance for m0 = 5860
 INFO: Total execution time for kernels is 0.141988s
 INFO: Computing semblance for m0 = 5880
 INFO: Total execution time for kernels is 0.146824s
 INFO: Computing semblance for m0 = 5900
 INFO: Total execution time for kernels is 0.147129s
 INFO: Computing semblance for m0 = 5920
 INFO: Total execution time for kernels is 0.147111s
 INFO: Computing semblance for m0 = 5940
 INFO: Total execution time for kernels is 0.145852s
 INFO: Computing semblance for m0 = 5960
 INFO: Total execution time for kernels is 0.147473s
 INFO: Computing semblance for m0 = 5980
 INFO: Total execution time for kernels is 0.14619s
 INFO: Computing semblance for m0 = 6000
 INFO: Total execution time for kernels is 0.14667s
 INFO: Computing semblance for m0 = 6020
 INFO: Total execution time for kernels is 0.143589s
 INFO: Computing semblance for m0 = 6040
 INFO: Total execution time for kernels is 0.146003s
 INFO: Computing semblance for m0 = 6060
 INFO: Total execution time for kernels is 0.143137s
 INFO: Computing semblance for m0 = 6080
 INFO: Total execution time for kernels is 0.145807s
 INFO: Computing semblance for m0 = 6100
 INFO: Total execution time for kernels is 0.139908s
 INFO: Computing semblance for m0 = 6120
 INFO: Total execution time for kernels is 0.145401s
 INFO: Computing semblance for m0 = 6140
 INFO: Total execution time for kernels is 0.142792s
 INFO: Computing semblance for m0 = 6160
 INFO: Total execution time for kernels is 0.145713s
 INFO: Computing semblance for m0 = 6180
 INFO: Total execution time for kernels is 0.142061s
 INFO: Computing semblance for m0 = 6200
 INFO: Total execution time for kernels is 0.143427s
 INFO: Computing semblance for m0 = 6220
 INFO: Total execution time for kernels is 0.143761s
 INFO: Computing semblance for m0 = 6240
 INFO: Total execution time for kernels is 0.145151s
 INFO: Computing semblance for m0 = 6260
 INFO: Total execution time for kernels is 0.142983s
 INFO: Computing semblance for m0 = 6280
 INFO: Total execution time for kernels is 0.146375s
 INFO: Computing semblance for m0 = 6300
 INFO: Total execution time for kernels is 0.145046s
 INFO: Computing semblance for m0 = 6320
 INFO: Total execution time for kernels is 0.143132s
 INFO: Computing semblance for m0 = 6340
 INFO: Total execution time for kernels is 0.141301s
 INFO: Computing semblance for m0 = 6360
 INFO: Total execution time for kernels is 0.147414s
 INFO: Computing semblance for m0 = 6380
 INFO: Total execution time for kernels is 0.143804s
 INFO: Computing semblance for m0 = 6400
 INFO: Total execution time for kernels is 0.144743s
 INFO: Computing semblance for m0 = 6420
 INFO: Total execution time for kernels is 0.143807s
 INFO: Computing semblance for m0 = 6440
 INFO: Total execution time for kernels is 0.143807s
 INFO: Computing semblance for m0 = 6460
 INFO: Total execution time for kernels is 0.144462s
 INFO: Computing semblance for m0 = 6480
 INFO: Total execution time for kernels is 0.147414s
 INFO: Computing semblance for m0 = 6500
 INFO: Total execution time for kernels is 0.143168s
 INFO: Computing semblance for m0 = 6520
 INFO: Total execution time for kernels is 0.144345s
 INFO: Computing semblance for m0 = 6540
 INFO: Total execution time for kernels is 0.143921s
 INFO: Computing semblance for m0 = 6560
 INFO: Total execution time for kernels is 0.148055s
 INFO: Computing semblance for m0 = 6580
 INFO: Total execution time for kernels is 0.144427s
 INFO: Computing semblance for m0 = 6600
 INFO: Total execution time for kernels is 0.146203s
 INFO: Computing semblance for m0 = 6620
 INFO: Total execution time for kernels is 0.141055s
 INFO: Computing semblance for m0 = 6640
 INFO: Total execution time for kernels is 0.144777s
 INFO: Computing semblance for m0 = 6660
 INFO: Total execution time for kernels is 0.142425s
 INFO: Computing semblance for m0 = 6680
 INFO: Total execution time for kernels is 0.145762s
 INFO: Computing semblance for m0 = 6700
 INFO: Total execution time for kernels is 0.14415s
 INFO: Computing semblance for m0 = 6720
 INFO: Total execution time for kernels is 0.144405s
 INFO: Computing semblance for m0 = 6740
 INFO: Total execution time for kernels is 0.142294s
 INFO: Computing semblance for m0 = 6760
 INFO: Total execution time for kernels is 0.144409s
 INFO: Computing semblance for m0 = 6780
 INFO: Total execution time for kernels is 0.144096s
 INFO: Computing semblance for m0 = 6800
 INFO: Total execution time for kernels is 0.14554s
 INFO: Computing semblance for m0 = 6820
 INFO: Total execution time for kernels is 0.143349s
 INFO: Computing semblance for m0 = 6840
 INFO: Total execution time for kernels is 0.144647s
 INFO: Computing semblance for m0 = 6860
 INFO: Total execution time for kernels is 0.142935s
 INFO: Computing semblance for m0 = 6880
 INFO: Total execution time for kernels is 0.143246s
 INFO: Computing semblance for m0 = 6900
 INFO: Total execution time for kernels is 0.147666s
 INFO: Computing semblance for m0 = 6920
 INFO: Total execution time for kernels is 0.146772s
 INFO: Computing semblance for m0 = 6940
 INFO: Total execution time for kernels is 0.142931s
 INFO: Computing semblance for m0 = 6960
 INFO: Total execution time for kernels is 0.143154s
 INFO: Computing semblance for m0 = 6980
 INFO: Total execution time for kernels is 0.142469s
 INFO: Computing semblance for m0 = 7000
 INFO: Total execution time for kernels is 0.14544s
 INFO: Computing semblance for m0 = 7020
 INFO: Total execution time for kernels is 0.1434s
 INFO: Computing semblance for m0 = 7040
 INFO: Total execution time for kernels is 0.142842s
 INFO: Computing semblance for m0 = 7060
 INFO: Total execution time for kernels is 0.144366s
 INFO: Computing semblance for m0 = 7080
 INFO: Total execution time for kernels is 0.143848s
 INFO: Computing semblance for m0 = 7100
 INFO: Total execution time for kernels is 0.145147s
 INFO: Computing semblance for m0 = 7120
 INFO: Total execution time for kernels is 0.143513s
 INFO: Computing semblance for m0 = 7140
 INFO: Total execution time for kernels is 0.147608s
 INFO: Computing semblance for m0 = 7160
 INFO: Total execution time for kernels is 0.143068s
 INFO: Computing semblance for m0 = 7180
 INFO: Total execution time for kernels is 0.145719s
 INFO: Computing semblance for m0 = 7200
 INFO: Total execution time for kernels is 0.14369s
 INFO: Computing semblance for m0 = 7220
 INFO: Total execution time for kernels is 0.149201s
 INFO: Computing semblance for m0 = 7240
 INFO: Total execution time for kernels is 0.147366s
 INFO: Computing semblance for m0 = 7260
 INFO: Total execution time for kernels is 0.145437s
 INFO: Computing semblance for m0 = 7280
 INFO: Total execution time for kernels is 0.143895s
 INFO: Computing semblance for m0 = 7300
 INFO: Total execution time for kernels is 0.145792s
 INFO: Computing semblance for m0 = 7320
 INFO: Total execution time for kernels is 0.14877s
 INFO: Computing semblance for m0 = 7340
 INFO: Total execution time for kernels is 0.144635s
 INFO: Computing semblance for m0 = 7360
 INFO: Total execution time for kernels is 0.142074s
 INFO: Computing semblance for m0 = 7380
 INFO: Total execution time for kernels is 0.146176s
 INFO: Computing semblance for m0 = 7400
 INFO: Total execution time for kernels is 0.142724s
 INFO: Computing semblance for m0 = 7420
 INFO: Total execution time for kernels is 0.144504s
 INFO: Computing semblance for m0 = 7440
 INFO: Total execution time for kernels is 0.142552s
 INFO: Computing semblance for m0 = 7460
 INFO: Total execution time for kernels is 0.145912s
 INFO: Computing semblance for m0 = 7480
 INFO: Total execution time for kernels is 0.146392s
 INFO: Computing semblance for m0 = 7500
 INFO: Total execution time for kernels is 0.146173s
 INFO: Computing semblance for m0 = 7520
 INFO: Total execution time for kernels is 0.144758s
 INFO: Computing semblance for m0 = 7540
 INFO: Total execution time for kernels is 0.147663s
 INFO: Computing semblance for m0 = 7560
 INFO: Total execution time for kernels is 0.145948s
 INFO: Computing semblance for m0 = 7580
 INFO: Total execution time for kernels is 0.143987s
 INFO: Computing semblance for m0 = 7600
 INFO: Total execution time for kernels is 0.144708s
 INFO: Computing semblance for m0 = 7620
 INFO: Total execution time for kernels is 0.145209s
 INFO: Computing semblance for m0 = 7640
 INFO: Total execution time for kernels is 0.146764s
 INFO: Computing semblance for m0 = 7660
 INFO: Total execution time for kernels is 0.143897s
 INFO: Computing semblance for m0 = 7680
 INFO: Total execution time for kernels is 0.142125s
 INFO: Computing semblance for m0 = 7700
 INFO: Total execution time for kernels is 0.146141s
 INFO: Computing semblance for m0 = 7720
 INFO: Total execution time for kernels is 0.144168s
 INFO: Computing semblance for m0 = 7740
 INFO: Total execution time for kernels is 0.144186s
 INFO: Computing semblance for m0 = 7760
 INFO: Total execution time for kernels is 0.141407s
 INFO: Computing semblance for m0 = 7780
 INFO: Total execution time for kernels is 0.144186s
 INFO: Computing semblance for m0 = 7800
 INFO: Total execution time for kernels is 0.14483s
 INFO: Computing semblance for m0 = 7820
 INFO: Total execution time for kernels is 0.142912s
 INFO: Computing semblance for m0 = 7840
 INFO: Total execution time for kernels is 0.140894s
 INFO: Computing semblance for m0 = 7860
 INFO: Total execution time for kernels is 0.145132s
 INFO: Computing semblance for m0 = 7880
 INFO: Total execution time for kernels is 0.143287s
 INFO: Computing semblance for m0 = 7900
 INFO: Total execution time for kernels is 0.141542s
 INFO: Computing semblance for m0 = 7920
 INFO: Total execution time for kernels is 0.141665s
 INFO: Computing semblance for m0 = 7940
 INFO: Total execution time for kernels is 0.146705s
 INFO: Computing semblance for m0 = 7960
 INFO: Total execution time for kernels is 0.143561s
 INFO: Computing semblance for m0 = 7980
 INFO: Total execution time for kernels is 0.14375s
 INFO: Computing semblance for m0 = 8000
 INFO: Total execution time for kernels is 0.141533s
 INFO: Computing semblance for m0 = 8020
 INFO: Total execution time for kernels is 0.145876s
 INFO: Computing semblance for m0 = 8040
 INFO: Total execution time for kernels is 0.144146s
 INFO: Computing semblance for m0 = 8060
 INFO: Total execution time for kernels is 0.144356s
 INFO: Computing semblance for m0 = 8080
 INFO: Total execution time for kernels is 0.14062s
 INFO: Computing semblance for m0 = 8100
 INFO: Total execution time for kernels is 0.144288s
 INFO: Computing semblance for m0 = 8120
 INFO: Total execution time for kernels is 0.141793s
 INFO: Computing semblance for m0 = 8140
 INFO: Total execution time for kernels is 0.141648s
 INFO: Computing semblance for m0 = 8160
 INFO: Total execution time for kernels is 0.141393s
 INFO: Computing semblance for m0 = 8180
 INFO: Total execution time for kernels is 0.141774s
 INFO: Computing semblance for m0 = 8200
 INFO: Total execution time for kernels is 0.142538s
 INFO: Computing semblance for m0 = 8220
 INFO: Total execution time for kernels is 0.139653s
 INFO: Computing semblance for m0 = 8240
 INFO: Total execution time for kernels is 0.141223s
 INFO: Computing semblance for m0 = 8260
 INFO: Total execution time for kernels is 0.143119s
 INFO: Computing semblance for m0 = 8280
 INFO: Total execution time for kernels is 0.143618s
 INFO: Computing semblance for m0 = 8300
 INFO: Total execution time for kernels is 0.144761s
 INFO: Computing semblance for m0 = 8320
 INFO: Total execution time for kernels is 0.139435s
 INFO: Computing semblance for m0 = 8340
 INFO: Total execution time for kernels is 0.144027s
 INFO: Computing semblance for m0 = 8360
 INFO: Total execution time for kernels is 0.141507s
 INFO: Computing semblance for m0 = 8380
 INFO: Total execution time for kernels is 0.142302s
 INFO: Computing semblance for m0 = 8400
 INFO: Total execution time for kernels is 0.142073s
 INFO: Computing semblance for m0 = 8420
 INFO: Total execution time for kernels is 0.140767s
 INFO: Computing semblance for m0 = 8440
 INFO: Total execution time for kernels is 0.141426s
 INFO: Computing semblance for m0 = 8460
 INFO: Total execution time for kernels is 0.141658s
 INFO: Computing semblance for m0 = 8480
 INFO: Total execution time for kernels is 0.14201s
 INFO: Computing semblance for m0 = 8500
 INFO: Total execution time for kernels is 0.142421s
 INFO: Computing semblance for m0 = 8520
 INFO: Total execution time for kernels is 0.13967s
 INFO: Computing semblance for m0 = 8540
 INFO: Total execution time for kernels is 0.140357s
 INFO: Computing semblance for m0 = 8560
 INFO: Total execution time for kernels is 0.142289s
 INFO: Computing semblance for m0 = 8580
 INFO: Total execution time for kernels is 0.143139s
 INFO: Computing semblance for m0 = 8600
 INFO: Total execution time for kernels is 0.141964s
 INFO: Computing semblance for m0 = 8620
 INFO: Total execution time for kernels is 0.143967s
 INFO: Computing semblance for m0 = 8640
 INFO: Total execution time for kernels is 0.140345s
 INFO: Computing semblance for m0 = 8660
 INFO: Total execution time for kernels is 0.144199s
 INFO: Computing semblance for m0 = 8680
 INFO: Total execution time for kernels is 0.142345s
 INFO: Computing semblance for m0 = 8700
 INFO: Total execution time for kernels is 0.139375s
 INFO: Computing semblance for m0 = 8720
 INFO: Total execution time for kernels is 0.137104s
 INFO: Computing semblance for m0 = 8740
 INFO: Total execution time for kernels is 0.140846s
 INFO: Computing semblance for m0 = 8760
 INFO: Total execution time for kernels is 0.141017s
 INFO: Computing semblance for m0 = 8780
 INFO: Total execution time for kernels is 0.14139s
 INFO: Computing semblance for m0 = 8800
 INFO: Total execution time for kernels is 0.139988s
 INFO: Computing semblance for m0 = 8820
 INFO: Total execution time for kernels is 0.143749s
 INFO: Computing semblance for m0 = 8840
 INFO: Total execution time for kernels is 0.14489s
 INFO: Computing semblance for m0 = 8860
 INFO: Total execution time for kernels is 0.142887s
 INFO: Computing semblance for m0 = 8880
 INFO: Total execution time for kernels is 0.142136s
 INFO: Computing semblance for m0 = 8900
 INFO: Total execution time for kernels is 0.14316s
 INFO: Computing semblance for m0 = 8920
 INFO: Total execution time for kernels is 0.143646s
 INFO: Computing semblance for m0 = 8940
 INFO: Total execution time for kernels is 0.139642s
 INFO: Computing semblance for m0 = 8960
 INFO: Total execution time for kernels is 0.144044s
 INFO: Computing semblance for m0 = 8980
 INFO: Total execution time for kernels is 0.142951s
 INFO: Computing semblance for m0 = 9000
 INFO: Total execution time for kernels is 0.142461s
 INFO: Computing semblance for m0 = 9020
 INFO: Total execution time for kernels is 0.138789s
 INFO: Computing semblance for m0 = 9040
 INFO: Total execution time for kernels is 0.141148s
 INFO: Computing semblance for m0 = 9060
 INFO: Total execution time for kernels is 0.14376s
 INFO: Computing semblance for m0 = 9080
 INFO: Total execution time for kernels is 0.1402s
 INFO: Computing semblance for m0 = 9100
 INFO: Total execution time for kernels is 0.134775s
 INFO: Computing semblance for m0 = 9120
 INFO: Total execution time for kernels is 0.137655s
 INFO: Computing semblance for m0 = 9140
 INFO: Total execution time for kernels is 0.136515s
 INFO: Computing semblance for m0 = 9160
 INFO: Total execution time for kernels is 0.134032s
 INFO: Computing semblance for m0 = 9180
 INFO: Total execution time for kernels is 0.130222s
 INFO: Computing semblance for m0 = 9200
 INFO: Total execution time for kernels is 0.126337s
 INFO: Computing semblance for m0 = 9220
 INFO: Total execution time for kernels is 0.126304s
 INFO: Computing semblance for m0 = 9240
 INFO: Total execution time for kernels is 0.122273s
 INFO: Computing semblance for m0 = 9260
 INFO: Total execution time for kernels is 0.113882s
 INFO: Computing semblance for m0 = 9280
 INFO: Total execution time for kernels is 0.116134s
 INFO: Computing semblance for m0 = 9300
 INFO: Total execution time for kernels is 0.115546s
 INFO: Computing semblance for m0 = 9320
 INFO: Total execution time for kernels is 0.107921s
 INFO: Computing semblance for m0 = 9340
 INFO: Total execution time for kernels is 0.100326s
 INFO: Computing semblance for m0 = 9360
 INFO: Total execution time for kernels is 0.10439s
 INFO: Computing semblance for m0 = 9380
 INFO: Total execution time for kernels is 0.0986964s
 INFO: Computing semblance for m0 = 9400
 INFO: Total execution time for kernels is 0.0946792s
 INFO: Computing semblance for m0 = 9420
 INFO: Total execution time for kernels is 0.0914104s
 INFO: Computing semblance for m0 = 9440
 INFO: Total execution time for kernels is 0.0877671s
 INFO: Computing semblance for m0 = 9460
 INFO: Total execution time for kernels is 0.0857893s
 INFO: Computing semblance for m0 = 9480
 INFO: Total execution time for kernels is 0.0812108s
 INFO: Computing semblance for m0 = 9500
 INFO: Total execution time for kernels is 0.0733449s
 INFO: Computing semblance for m0 = 9520
 INFO: Total execution time for kernels is 0.0768334s
 INFO: Computing semblance for m0 = 9540
 INFO: Total execution time for kernels is 0.0671924s
 INFO: Computing semblance for m0 = 9560
 INFO: Total execution time for kernels is 0.072345s
 INFO: Computing semblance for m0 = 9580
 INFO: Total execution time for kernels is 0.0599601s
 INFO: Computing semblance for m0 = 9600
 INFO: Total execution time for kernels is 0.0633599s
 INFO: Computing semblance for m0 = 9620
 INFO: Total execution time for kernels is 0.0480272s
 INFO: Computing semblance for m0 = 9640
 INFO: Total execution time for kernels is 0.0556679s
 INFO: Computing semblance for m0 = 9660
 INFO: Total execution time for kernels is 0.0581937s
 INFO: Computing semblance for m0 = 9680
 INFO: Total execution time for kernels is 0.0509219s
 INFO: Computing semblance for m0 = 9700
 INFO: Total execution time for kernels is 0.0364763s
 INFO: Computing semblance for m0 = 9720
 INFO: Total execution time for kernels is 0.0410754s
 INFO: Computing semblance for m0 = 9740
 INFO: Total execution time for kernels is 0.0433247s
 INFO: Computing semblance for m0 = 9760
 INFO: Total execution time for kernels is 0.0451729s
 INFO: Computing semblance for m0 = 9780
 INFO: Total execution time for kernels is 0.0256749s
 INFO: Computing semblance for m0 = 9800
 INFO: Total execution time for kernels is 0.0341299s
 INFO: Computing semblance for m0 = 9820
 INFO: Total execution time for kernels is 0.0292698s
 INFO: Computing semblance for m0 = 9840
 INFO: Total execution time for kernels is 0.0314135s
 INFO: Computing semblance for m0 = 9860
 INFO: Total execution time for kernels is 0.0149223s
 INFO: Computing semblance for m0 = 9880
 INFO: Total execution time for kernels is 0.0175422s
 INFO: Computing semblance for m0 = 9900
 INFO: Total execution time for kernels is 0.0195005s
 INFO: Computing semblance for m0 = 9920
 INFO: Total execution time for kernels is 0.0225133s
 INFO: Computing semblance for m0 = 9940
 INFO: Total execution time for kernels is 0.0074249s
 INFO: Total execution time for kernels is 0.0089908s
 INFO: Total execution time for kernels is 0.0129343s
 INFO: Total execution time for kernels is 0.0111129s
 INFO: Average of efficiency is 1
 INFO: Average of interpolations_per_sec is 1.17996e+11
 INFO: Average of selected_traces is 309.888
 INFO: Average of total_selection_kernel_exec_time is 0.00337151
 INFO: Average of total_kernel_exec_time is 0.128704
 INFO: Driver init. duration is 0.193662 s
 INFO: Read gather duration is 0.110713 s
 INFO: Parse args. duration is 0.000233622 s
 INFO: Worker threads duration is 15.9644 s
 INFO: Dump results duration is 0.511594 s
 INFO: Results written to /home/ubuntu/nfs/out/d4e9b53e_master_p3.8xlarge/zocrs/de/cuda/simple-synthetic_64_1/simple-synthetic_de_zocrs_20210302_0130/
 INFO: It took 16.7876s to compute.
