 INFO: Number of CDPs = 445
 INFO: Number of traces in the gather = 9200
 INFO: Number of samples per trace = 2502
 INFO: Starting worker threads...
 INFO: Computing semblance for m0 = 0
 INFO: No trace has been selected for m0 = 0. Skipping.
 INFO: Computing semblance for m0 = 1080
 INFO: Computing semblance for m0 = 1100
 INFO: Computing semblance for m0 = 1120
 INFO: Computing semblance for m0 = 1140
 INFO: Computing semblance for m0 = 1160
 INFO: Computing semblance for m0 = 1180
 INFO: Computing semblance for m0 = 1200
 INFO: Total execution time for kernels is 2.3252e-05s
 INFO: Computing semblance for m0 = 1220
 INFO: Total execution time for kernels is 0.511766s
 INFO: Computing semblance for m0 = 1240
 INFO: Total execution time for kernels is 0.638306s
 INFO: Computing semblance for m0 = 1260
 INFO: Total execution time for kernels is 0.719306s
 INFO: Computing semblance for m0 = 1280
 INFO: Total execution time for kernels is 0.842107s
 INFO: Computing semblance for m0 = 1300
 INFO: Total execution time for kernels is 0.923513s
 INFO: Computing semblance for m0 = 1320
 INFO: Total execution time for kernels is 1.05061s
 INFO: Computing semblance for m0 = 1340
 INFO: Total execution time for kernels is 1.19709s
 INFO: Computing semblance for m0 = 1360
 INFO: Total execution time for kernels is 1.3088s
 INFO: Computing semblance for m0 = 1380
 INFO: Total execution time for kernels is 1.31494s
 INFO: Computing semblance for m0 = 1400
 INFO: Total execution time for kernels is 1.4457s
 INFO: Computing semblance for m0 = 1420
 INFO: Total execution time for kernels is 1.61993s
 INFO: Computing semblance for m0 = 1440
 INFO: Total execution time for kernels is 1.68996s
 INFO: Computing semblance for m0 = 1460
 INFO: Total execution time for kernels is 1.85968s
 INFO: Computing semblance for m0 = 1480
 INFO: Total execution time for kernels is 2.03626s
 INFO: Computing semblance for m0 = 1500
 INFO: Total execution time for kernels is 2.08636s
 INFO: Computing semblance for m0 = 1520
 INFO: Total execution time for kernels is 2.22611s
 INFO: Computing semblance for m0 = 1540
 INFO: Total execution time for kernels is 2.39716s
 INFO: Computing semblance for m0 = 1560
 INFO: Total execution time for kernels is 2.50658s
 INFO: Computing semblance for m0 = 1580
 INFO: Total execution time for kernels is 2.76058s
 INFO: Computing semblance for m0 = 1600
 INFO: Total execution time for kernels is 2.77263s
 INFO: Computing semblance for m0 = 1620
 INFO: Total execution time for kernels is 2.98554s
 INFO: Computing semblance for m0 = 1640
 INFO: Total execution time for kernels is 3.16207s
 INFO: Computing semblance for m0 = 1660
 INFO: Total execution time for kernels is 3.17317s
 INFO: Computing semblance for m0 = 1680
 INFO: Total execution time for kernels is 3.31055s
 INFO: Computing semblance for m0 = 1700
 INFO: Total execution time for kernels is 3.52958s
 INFO: Computing semblance for m0 = 1720
 INFO: Total execution time for kernels is 3.5964s
 INFO: Computing semblance for m0 = 1740
 INFO: Total execution time for kernels is 3.91006s
 INFO: Computing semblance for m0 = 1760
 INFO: Total execution time for kernels is 3.8657s
 INFO: Computing semblance for m0 = 1780
 INFO: Total execution time for kernels is 4.11632s
 INFO: Computing semblance for m0 = 1800
 INFO: Total execution time for kernels is 4.29973s
 INFO: Computing semblance for m0 = 1820
 INFO: Total execution time for kernels is 4.26809s
 INFO: Computing semblance for m0 = 1840
 INFO: Total execution time for kernels is 4.40349s
 INFO: Computing semblance for m0 = 1860
 INFO: Total execution time for kernels is 4.65469s
 INFO: Computing semblance for m0 = 1880
 INFO: Total execution time for kernels is 4.69328s
 INFO: Computing semblance for m0 = 1900
 INFO: Total execution time for kernels is 5.09605s
 INFO: Computing semblance for m0 = 1920
 INFO: Total execution time for kernels is 4.96125s
 INFO: Computing semblance for m0 = 1940
 INFO: Total execution time for kernels is 5.23989s
 INFO: Computing semblance for m0 = 1960
 INFO: Total execution time for kernels is 5.45322s
 INFO: Computing semblance for m0 = 1980
 INFO: Total execution time for kernels is 5.36868s
 INFO: Computing semblance for m0 = 2000
 INFO: Total execution time for kernels is 5.48215s
 INFO: Computing semblance for m0 = 2020
 INFO: Total execution time for kernels is 5.73073s
 INFO: Computing semblance for m0 = 2040
 INFO: Total execution time for kernels is 5.71696s
 INFO: Computing semblance for m0 = 2060
 INFO: Total execution time for kernels is 5.89011s
 INFO: Computing semblance for m0 = 2080
 INFO: Total execution time for kernels is 6.16808s
 INFO: Computing semblance for m0 = 2100
 INFO: Total execution time for kernels is 6.15557s
 INFO: Computing semblance for m0 = 2120
 INFO: Total execution time for kernels is 6.10153s
 INFO: Computing semblance for m0 = 2140
 INFO: Total execution time for kernels is 6.32992s
 INFO: Computing semblance for m0 = 2160
 INFO: Total execution time for kernels is 6.14153s
 INFO: Computing semblance for m0 = 2180
 INFO: Total execution time for kernels is 6.348s
 INFO: Computing semblance for m0 = 2200
 INFO: Total execution time for kernels is 6.23532s
 INFO: Computing semblance for m0 = 2220
 INFO: Total execution time for kernels is 6.25042s
 INFO: Computing semblance for m0 = 2240
 INFO: Total execution time for kernels is 6.6825s
 INFO: Computing semblance for m0 = 2260
 INFO: Total execution time for kernels is 6.5336s
 INFO: Computing semblance for m0 = 2280
 INFO: Total execution time for kernels is 6.27969s
 INFO: Computing semblance for m0 = 2300
 INFO: Total execution time for kernels is 6.57798s
 INFO: Computing semblance for m0 = 2320
 INFO: Total execution time for kernels is 6.26004s
 INFO: Computing semblance for m0 = 2340
 INFO: Total execution time for kernels is 6.42443s
 INFO: Computing semblance for m0 = 2360
 INFO: Total execution time for kernels is 6.27727s
 INFO: Computing semblance for m0 = 2380
 INFO: Total execution time for kernels is 6.27373s
 INFO: Computing semblance for m0 = 2400
 INFO: Total execution time for kernels is 6.68482s
 INFO: Computing semblance for m0 = 2420
 INFO: Total execution time for kernels is 6.54957s
 INFO: Computing semblance for m0 = 2440
 INFO: Total execution time for kernels is 6.27968s
 INFO: Computing semblance for m0 = 2460
 INFO: Total execution time for kernels is 6.26199s
 INFO: Computing semblance for m0 = 2480
 INFO: Total execution time for kernels is 6.57636s
 INFO: Computing semblance for m0 = 2500
 INFO: Total execution time for kernels is 6.43059s
 INFO: Computing semblance for m0 = 2520
 INFO: Total execution time for kernels is 6.27652s
 INFO: Computing semblance for m0 = 2540
 INFO: Total execution time for kernels is 6.27824s
 INFO: Computing semblance for m0 = 2560
 INFO: Total execution time for kernels is 6.69301s
 INFO: Computing semblance for m0 = 2580
 INFO: Total execution time for kernels is 6.54973s
 INFO: Computing semblance for m0 = 2600
 INFO: Total execution time for kernels is 6.2822s
 INFO: Computing semblance for m0 = 2620
 INFO: Total execution time for kernels is 6.26728s
 INFO: Computing semblance for m0 = 2640
 INFO: Total execution time for kernels is 6.58114s
 INFO: Computing semblance for m0 = 2660
 INFO: Total execution time for kernels is 6.2764s
 INFO: Computing semblance for m0 = 2680
 INFO: Total execution time for kernels is 6.43546s
 INFO: Computing semblance for m0 = 2700
 INFO: Total execution time for kernels is 6.27589s
 INFO: Computing semblance for m0 = 2720
 INFO: Total execution time for kernels is 6.69203s
 INFO: Computing semblance for m0 = 2740
 INFO: Total execution time for kernels is 6.28301s
 INFO: Computing semblance for m0 = 2760
 INFO: Total execution time for kernels is 6.555s
 INFO: Computing semblance for m0 = 2780
 INFO: Total execution time for kernels is 6.27728s
 INFO: Computing semblance for m0 = 2800
 INFO: Total execution time for kernels is 6.56764s
 INFO: Computing semblance for m0 = 2820
 INFO: Total execution time for kernels is 6.27849s
 INFO: Computing semblance for m0 = 2840
 INFO: Total execution time for kernels is 6.42531s
 INFO: Computing semblance for m0 = 2860
 INFO: Total execution time for kernels is 6.28052s
 INFO: Computing semblance for m0 = 2880
 INFO: Total execution time for kernels is 6.28473s
 INFO: Computing semblance for m0 = 2900
 INFO: Total execution time for kernels is 6.69259s
 INFO: Computing semblance for m0 = 2920
 INFO: Total execution time for kernels is 6.55795s
 INFO: Computing semblance for m0 = 2940
 INFO: Total execution time for kernels is 6.27888s
 INFO: Computing semblance for m0 = 2960
 INFO: Total execution time for kernels is 6.58287s
 INFO: Computing semblance for m0 = 2980
 INFO: Total execution time for kernels is 6.27825s
 INFO: Computing semblance for m0 = 3000
 INFO: Total execution time for kernels is 6.42063s
 INFO: Computing semblance for m0 = 3020
 INFO: Total execution time for kernels is 6.28131s
 INFO: Computing semblance for m0 = 3040
 INFO: Total execution time for kernels is 6.28565s
 INFO: Computing semblance for m0 = 3060
 INFO: Total execution time for kernels is 6.70078s
 INFO: Computing semblance for m0 = 3080
 INFO: Total execution time for kernels is 6.27641s
 INFO: Computing semblance for m0 = 3100
 INFO: Total execution time for kernels is 6.55477s
 INFO: Computing semblance for m0 = 3120
 INFO: Total execution time for kernels is 6.57151s
 INFO: Computing semblance for m0 = 3140
 INFO: Total execution time for kernels is 6.27883s
 INFO: Computing semblance for m0 = 3160
 INFO: Total execution time for kernels is 6.42641s
 INFO: Computing semblance for m0 = 3180
 INFO: Total execution time for kernels is 6.28337s
 INFO: Computing semblance for m0 = 3200
 INFO: Total execution time for kernels is 6.28839s
 INFO: Computing semblance for m0 = 3220
 INFO: Total execution time for kernels is 6.26839s
 INFO: Computing semblance for m0 = 3240
 INFO: Total execution time for kernels is 6.70595s
 INFO: Computing semblance for m0 = 3260
 INFO: Total execution time for kernels is 6.55935s
 INFO: Computing semblance for m0 = 3280
 INFO: Total execution time for kernels is 6.5751s
 INFO: Computing semblance for m0 = 3300
 INFO: Total execution time for kernels is 6.27875s
 INFO: Computing semblance for m0 = 3320
 INFO: Total execution time for kernels is 6.44021s
 INFO: Computing semblance for m0 = 3340
 INFO: Total execution time for kernels is 6.284s
 INFO: Computing semblance for m0 = 3360
 INFO: Total execution time for kernels is 6.28775s
 INFO: Computing semblance for m0 = 3380
 INFO: Total execution time for kernels is 6.26957s
 INFO: Computing semblance for m0 = 3400
 INFO: Total execution time for kernels is 6.55633s
 INFO: Computing semblance for m0 = 3420
 INFO: Total execution time for kernels is 6.68828s
 INFO: Computing semblance for m0 = 3440
 INFO: Total execution time for kernels is 6.57207s
 INFO: Computing semblance for m0 = 3460
 INFO: Total execution time for kernels is 6.28317s
 INFO: Computing semblance for m0 = 3480
 INFO: Total execution time for kernels is 6.4229s
 INFO: Computing semblance for m0 = 3500
 INFO: Total execution time for kernels is 6.28479s
 INFO: Computing semblance for m0 = 3520
 INFO: Total execution time for kernels is 6.28854s
 INFO: Computing semblance for m0 = 3540
 INFO: Total execution time for kernels is 6.27494s
 INFO: Computing semblance for m0 = 3560
 INFO: Total execution time for kernels is 6.56157s
 INFO: Computing semblance for m0 = 3580
 INFO: Total execution time for kernels is 6.70156s
 INFO: Computing semblance for m0 = 3600
 INFO: Total execution time for kernels is 6.2804s
 INFO: Computing semblance for m0 = 3620
 INFO: Total execution time for kernels is 6.56867s
 INFO: Computing semblance for m0 = 3640
 INFO: Total execution time for kernels is 6.43667s
 INFO: Computing semblance for m0 = 3660
 INFO: Total execution time for kernels is 6.28389s
 INFO: Computing semblance for m0 = 3680
 INFO: Total execution time for kernels is 6.28884s
 INFO: Computing semblance for m0 = 3700
 INFO: Total execution time for kernels is 6.27077s
 INFO: Computing semblance for m0 = 3720
 INFO: Total execution time for kernels is 6.56261s
 INFO: Computing semblance for m0 = 3740
 INFO: Total execution time for kernels is 6.69905s
 INFO: Computing semblance for m0 = 3760
 INFO: Total execution time for kernels is 6.28006s
 INFO: Computing semblance for m0 = 3780
 INFO: Total execution time for kernels is 6.57395s
 INFO: Computing semblance for m0 = 3800
 INFO: Total execution time for kernels is 6.44178s
 INFO: Computing semblance for m0 = 3820
 INFO: Total execution time for kernels is 6.28616s
 INFO: Computing semblance for m0 = 3840
 INFO: Total execution time for kernels is 6.28886s
 INFO: Computing semblance for m0 = 3860
 INFO: Total execution time for kernels is 6.27149s
 INFO: Computing semblance for m0 = 3880
 INFO: Total execution time for kernels is 6.55359s
 INFO: Computing semblance for m0 = 3900
 INFO: Total execution time for kernels is 6.71233s
 INFO: Computing semblance for m0 = 3920
 INFO: Total execution time for kernels is 6.27988s
 INFO: Computing semblance for m0 = 3940
 INFO: Total execution time for kernels is 6.57237s
 INFO: Computing semblance for m0 = 3960
 INFO: Total execution time for kernels is 6.42812s
 INFO: Computing semblance for m0 = 3980
 INFO: Total execution time for kernels is 6.28619s
 INFO: Computing semblance for m0 = 4000
 INFO: Total execution time for kernels is 6.29017s
 INFO: Computing semblance for m0 = 4020
 INFO: Total execution time for kernels is 6.27301s
 INFO: Computing semblance for m0 = 4040
 INFO: Total execution time for kernels is 6.56094s
 INFO: Computing semblance for m0 = 4060
 INFO: Total execution time for kernels is 6.2804s
 INFO: Computing semblance for m0 = 4080
 INFO: Total execution time for kernels is 6.69994s
 INFO: Computing semblance for m0 = 4100
 INFO: Total execution time for kernels is 6.56857s
 INFO: Computing semblance for m0 = 4120
 INFO: Total execution time for kernels is 6.28768s
 INFO: Computing semblance for m0 = 4140
 INFO: Total execution time for kernels is 6.42602s
 INFO: Computing semblance for m0 = 4160
 INFO: Total execution time for kernels is 6.29287s
 INFO: Computing semblance for m0 = 4180
 INFO: Total execution time for kernels is 6.28128s
 INFO: Computing semblance for m0 = 4200
 INFO: Total execution time for kernels is 6.55992s
 INFO: Computing semblance for m0 = 4220
 INFO: Total execution time for kernels is 6.28045s
 INFO: Computing semblance for m0 = 4240
 INFO: Total execution time for kernels is 6.69714s
 INFO: Computing semblance for m0 = 4260
 INFO: Total execution time for kernels is 6.56815s
 INFO: Computing semblance for m0 = 4280
 INFO: Total execution time for kernels is 6.28844s
 INFO: Computing semblance for m0 = 4300
 INFO: Total execution time for kernels is 6.43048s
 INFO: Computing semblance for m0 = 4320
 INFO: Total execution time for kernels is 6.29073s
 INFO: Computing semblance for m0 = 4340
 INFO: Total execution time for kernels is 6.29786s
 INFO: Computing semblance for m0 = 4360
 INFO: Total execution time for kernels is 6.28178s
 INFO: Computing semblance for m0 = 4380
 INFO: Total execution time for kernels is 6.57774s
 INFO: Computing semblance for m0 = 4400
 INFO: Total execution time for kernels is 6.71479s
 INFO: Computing semblance for m0 = 4420
 INFO: Total execution time for kernels is 6.57583s
 INFO: Total execution time for kernels is 6.28904s
 INFO: Computing semblance for m0 = 4440
 INFO: Computing semblance for m0 = 4460
 INFO: Total execution time for kernels is 6.43996s
 INFO: Computing semblance for m0 = 4480
 INFO: Total execution time for kernels is 6.29116s
 INFO: Computing semblance for m0 = 4500
 INFO: Total execution time for kernels is 6.29132s
 INFO: Computing semblance for m0 = 4520
 INFO: Total execution time for kernels is 6.28044s
 INFO: Computing semblance for m0 = 4540
 INFO: Total execution time for kernels is 6.58279s
 INFO: Computing semblance for m0 = 4560
 INFO: Total execution time for kernels is 6.28879s
 INFO: Computing semblance for m0 = 4580
 INFO: Total execution time for kernels is 6.69968s
 INFO: Computing semblance for m0 = 4600
 INFO: Total execution time for kernels is 6.57414s
 INFO: Computing semblance for m0 = 4620
 INFO: Total execution time for kernels is 6.42906s
 INFO: Computing semblance for m0 = 4640
 INFO: Total execution time for kernels is 6.29077s
 INFO: Computing semblance for m0 = 4660
 INFO: Total execution time for kernels is 6.28686s
 INFO: Computing semblance for m0 = 4680
 INFO: Total execution time for kernels is 6.28158s
 INFO: Computing semblance for m0 = 4700
 INFO: Total execution time for kernels is 6.5811s
 INFO: Computing semblance for m0 = 4720
 INFO: Total execution time for kernels is 6.29428s
 INFO: Computing semblance for m0 = 4740
 INFO: Total execution time for kernels is 6.70343s
 INFO: Computing semblance for m0 = 4760
 INFO: Total execution time for kernels is 6.57807s
 INFO: Computing semblance for m0 = 4780
 INFO: Total execution time for kernels is 6.42901s
 INFO: Computing semblance for m0 = 4800
 INFO: Total execution time for kernels is 6.29133s
 INFO: Computing semblance for m0 = 4820
 INFO: Total execution time for kernels is 6.27937s
 INFO: Computing semblance for m0 = 4840
 INFO: Total execution time for kernels is 6.28078s
 INFO: Computing semblance for m0 = 4860
 INFO: Total execution time for kernels is 6.60125s
 INFO: Computing semblance for m0 = 4880
 INFO: Total execution time for kernels is 6.28997s
 INFO: Computing semblance for m0 = 4900
 INFO: Total execution time for kernels is 6.42586s
 INFO: Computing semblance for m0 = 4920
 INFO: Total execution time for kernels is 6.57878s
 INFO: Computing semblance for m0 = 4940
 INFO: Total execution time for kernels is 6.71662s
 INFO: Computing semblance for m0 = 4960
 INFO: Total execution time for kernels is 6.29161s
 INFO: Computing semblance for m0 = 4980
 INFO: Total execution time for kernels is 6.28636s
 INFO: Computing semblance for m0 = 5000
 INFO: Total execution time for kernels is 6.28487s
 INFO: Computing semblance for m0 = 5020
 INFO: Total execution time for kernels is 6.60334s
 INFO: Computing semblance for m0 = 5040
 INFO: Total execution time for kernels is 6.292s
 INFO: Computing semblance for m0 = 5060
 INFO: Total execution time for kernels is 6.42873s
 INFO: Computing semblance for m0 = 5080
 INFO: Total execution time for kernels is 6.57451s
 INFO: Computing semblance for m0 = 5100
 INFO: Total execution time for kernels is 6.70161s
 INFO: Computing semblance for m0 = 5120
 INFO: Total execution time for kernels is 6.29199s
 INFO: Computing semblance for m0 = 5140
 INFO: Total execution time for kernels is 6.28479s
 INFO: Computing semblance for m0 = 5160
 INFO: Total execution time for kernels is 6.28116s
 INFO: Computing semblance for m0 = 5180
 INFO: Total execution time for kernels is 6.2944s
 INFO: Computing semblance for m0 = 5200
 INFO: Total execution time for kernels is 6.60553s
 INFO: Computing semblance for m0 = 5220
 INFO: Total execution time for kernels is 6.44731s
 INFO: Computing semblance for m0 = 5240
 INFO: Total execution time for kernels is 6.57505s
 INFO: Computing semblance for m0 = 5260
 INFO: Total execution time for kernels is 6.70422s
 INFO: Computing semblance for m0 = 5280
 INFO: Total execution time for kernels is 6.29269s
 INFO: Computing semblance for m0 = 5300
 INFO: Total execution time for kernels is 6.28538s
 INFO: Computing semblance for m0 = 5320
 INFO: Total execution time for kernels is 6.28283s
 INFO: Computing semblance for m0 = 5340
 INFO: Total execution time for kernels is 6.29369s
 INFO: Computing semblance for m0 = 5360
 INFO: Total execution time for kernels is 6.60426s
 INFO: Computing semblance for m0 = 5380
 INFO: Total execution time for kernels is 6.44407s
 INFO: Computing semblance for m0 = 5400
 INFO: Total execution time for kernels is 6.57463s
 INFO: Computing semblance for m0 = 5420
 INFO: Total execution time for kernels is 6.71141s
 INFO: Computing semblance for m0 = 5440
 INFO: Total execution time for kernels is 6.29387s
 INFO: Computing semblance for m0 = 5460
 INFO: Total execution time for kernels is 6.28898s
 INFO: Computing semblance for m0 = 5480
 INFO: Total execution time for kernels is 6.2819s
 INFO: Computing semblance for m0 = 5500
 INFO: Total execution time for kernels is 6.29314s
 INFO: Computing semblance for m0 = 5520
 INFO: Total execution time for kernels is 6.59406s
 INFO: Computing semblance for m0 = 5540
 INFO: Total execution time for kernels is 6.43582s
 INFO: Computing semblance for m0 = 5560
 INFO: Total execution time for kernels is 6.57423s
 INFO: Computing semblance for m0 = 5580
 INFO: Total execution time for kernels is 6.29282s
 INFO: Computing semblance for m0 = 5600
 INFO: Total execution time for kernels is 6.70376s
 INFO: Computing semblance for m0 = 5620
 INFO: Total execution time for kernels is 6.28773s
 INFO: Computing semblance for m0 = 5640
 INFO: Total execution time for kernels is 6.28317s
 INFO: Computing semblance for m0 = 5660
 INFO: Total execution time for kernels is 6.29389s
 INFO: Computing semblance for m0 = 5680
 INFO: Total execution time for kernels is 6.61611s
 INFO: Computing semblance for m0 = 5700
 INFO: Total execution time for kernels is 6.43256s
 INFO: Computing semblance for m0 = 5720
 INFO: Total execution time for kernels is 6.57395s
 INFO: Computing semblance for m0 = 5740
 INFO: Total execution time for kernels is 6.29439s
 INFO: Computing semblance for m0 = 5760
 INFO: Total execution time for kernels is 6.29013s
 INFO: Computing semblance for m0 = 5780
 INFO: Total execution time for kernels is 6.70069s
 INFO: Computing semblance for m0 = 5800
 INFO: Total execution time for kernels is 6.28166s
 INFO: Computing semblance for m0 = 5820
 INFO: Total execution time for kernels is 6.29482s
 INFO: Computing semblance for m0 = 5840
 INFO: Total execution time for kernels is 6.61225s
 INFO: Computing semblance for m0 = 5860
 INFO: Total execution time for kernels is 6.4381s
 INFO: Computing semblance for m0 = 5880
 INFO: Total execution time for kernels is 6.29425s
 INFO: Computing semblance for m0 = 5900
 INFO: Total execution time for kernels is 6.57291s
 INFO: Computing semblance for m0 = 5920
 INFO: Total execution time for kernels is 6.29289s
 INFO: Computing semblance for m0 = 5940
 INFO: Total execution time for kernels is 6.70386s
 INFO: Computing semblance for m0 = 5960
 INFO: Total execution time for kernels is 6.28267s
 INFO: Computing semblance for m0 = 5980
 INFO: Total execution time for kernels is 6.29527s
 INFO: Computing semblance for m0 = 6000
 INFO: Total execution time for kernels is 6.44585s
 INFO: Computing semblance for m0 = 6020
 INFO: Total execution time for kernels is 6.60942s
 INFO: Computing semblance for m0 = 6040
 INFO: Total execution time for kernels is 6.29259s
 INFO: Computing semblance for m0 = 6060
 INFO: Total execution time for kernels is 6.28682s
 INFO: Computing semblance for m0 = 6080
 INFO: Total execution time for kernels is 6.57603s
 INFO: Computing semblance for m0 = 6100
 INFO: Total execution time for kernels is 6.7167s
 INFO: Computing semblance for m0 = 6120
 INFO: Total execution time for kernels is 6.28296s
 INFO: Computing semblance for m0 = 6140
 INFO: Total execution time for kernels is 6.29554s
 INFO: Computing semblance for m0 = 6160
 INFO: Total execution time for kernels is 6.43978s
 INFO: Computing semblance for m0 = 6180
 INFO: Total execution time for kernels is 6.60953s
 INFO: Computing semblance for m0 = 6200
 INFO: Total execution time for kernels is 6.29253s
 INFO: Computing semblance for m0 = 6220
 INFO: Total execution time for kernels is 6.28943s
 INFO: Computing semblance for m0 = 6240
 INFO: Total execution time for kernels is 6.58136s
 INFO: Computing semblance for m0 = 6260
 INFO: Total execution time for kernels is 6.70858s
 INFO: Computing semblance for m0 = 6280
 INFO: Total execution time for kernels is 6.28355s
 INFO: Computing semblance for m0 = 6300
 INFO: Total execution time for kernels is 6.29479s
 INFO: Computing semblance for m0 = 6320
 INFO: Total execution time for kernels is 6.44512s
 INFO: Computing semblance for m0 = 6340
 INFO: Total execution time for kernels is 6.2931s
 INFO: Computing semblance for m0 = 6360
 INFO: Total execution time for kernels is 6.60277s
 INFO: Computing semblance for m0 = 6380
 INFO: Total execution time for kernels is 6.27834s
 INFO: Computing semblance for m0 = 6400
 INFO: Total execution time for kernels is 6.57258s
 INFO: Computing semblance for m0 = 6420
 INFO: Total execution time for kernels is 6.70459s
 INFO: Computing semblance for m0 = 6440
 INFO: Total execution time for kernels is 6.28298s
 INFO: Computing semblance for m0 = 6460
 INFO: Total execution time for kernels is 6.2945s
 INFO: Computing semblance for m0 = 6480
 INFO: Total execution time for kernels is 6.4314s
 INFO: Computing semblance for m0 = 6500
 INFO: Total execution time for kernels is 6.29412s
 INFO: Computing semblance for m0 = 6520
 INFO: Total execution time for kernels is 6.27929s
 INFO: Computing semblance for m0 = 6540
 INFO: Total execution time for kernels is 6.59373s
 INFO: Computing semblance for m0 = 6560
 INFO: Total execution time for kernels is 6.57526s
 INFO: Computing semblance for m0 = 6580
 INFO: Total execution time for kernels is 6.28662s
 INFO: Computing semblance for m0 = 6600
 INFO: Total execution time for kernels is 6.69928s
 INFO: Computing semblance for m0 = 6620
 INFO: Total execution time for kernels is 6.29396s
 INFO: Computing semblance for m0 = 6640
 INFO: Total execution time for kernels is 6.29588s
 INFO: Computing semblance for m0 = 6660
 INFO: Total execution time for kernels is 6.44159s
 INFO: Computing semblance for m0 = 6680
 INFO: Total execution time for kernels is 6.27728s
 INFO: Computing semblance for m0 = 6700
 INFO: Total execution time for kernels is 6.57812s
 INFO: Computing semblance for m0 = 6720
 INFO: Total execution time for kernels is 6.58172s
 INFO: Computing semblance for m0 = 6740
 INFO: Total execution time for kernels is 6.28255s
 INFO: Computing semblance for m0 = 6760
 INFO: Total execution time for kernels is 6.70041s
 INFO: Computing semblance for m0 = 6780
 INFO: Total execution time for kernels is 6.29482s
 INFO: Computing semblance for m0 = 6800
 INFO: Total execution time for kernels is 6.29388s
 INFO: Computing semblance for m0 = 6820
 INFO: Total execution time for kernels is 6.43202s
 INFO: Computing semblance for m0 = 6840
 INFO: Total execution time for kernels is 6.27526s
 INFO: Computing semblance for m0 = 6860
 INFO: Total execution time for kernels is 6.57749s
 INFO: Computing semblance for m0 = 6880
 INFO: Total execution time for kernels is 6.57091s
 INFO: Computing semblance for m0 = 6900
 INFO: Total execution time for kernels is 6.28366s
 INFO: Computing semblance for m0 = 6920
 INFO: Total execution time for kernels is 6.70822s
 INFO: Computing semblance for m0 = 6940
 INFO: Total execution time for kernels is 6.29438s
 INFO: Computing semblance for m0 = 6960
 INFO: Total execution time for kernels is 6.29177s
 INFO: Computing semblance for m0 = 6980
 INFO: Total execution time for kernels is 6.44058s
 INFO: Computing semblance for m0 = 7000
 INFO: Total execution time for kernels is 6.27625s
 INFO: Computing semblance for m0 = 7020
 INFO: Total execution time for kernels is 6.58264s
 INFO: Computing semblance for m0 = 7040
 INFO: Total execution time for kernels is 6.5738s
 INFO: Computing semblance for m0 = 7060
 INFO: Total execution time for kernels is 6.28222s
 INFO: Computing semblance for m0 = 7080
 INFO: Total execution time for kernels is 6.71557s
 INFO: Computing semblance for m0 = 7100
 INFO: Total execution time for kernels is 6.29379s
 INFO: Computing semblance for m0 = 7120
 INFO: Total execution time for kernels is 6.29236s
 INFO: Computing semblance for m0 = 7140
 INFO: Total execution time for kernels is 6.27571s
 INFO: Computing semblance for m0 = 7160
 INFO: Total execution time for kernels is 6.43805s
 INFO: Computing semblance for m0 = 7180
 INFO: Total execution time for kernels is 6.5829s
 INFO: Computing semblance for m0 = 7200
 INFO: Total execution time for kernels is 6.28248s
 INFO: Computing semblance for m0 = 7220
 INFO: Total execution time for kernels is 6.57219s
 INFO: Computing semblance for m0 = 7240
 INFO: Total execution time for kernels is 6.29302s
 INFO: Computing semblance for m0 = 7260
 INFO: Total execution time for kernels is 6.7133s
 INFO: Computing semblance for m0 = 7280
 INFO: Total execution time for kernels is 6.29178s
 INFO: Computing semblance for m0 = 7300
 INFO: Total execution time for kernels is 6.27671s
 INFO: Computing semblance for m0 = 7320
 INFO: Total execution time for kernels is 6.42461s
 INFO: Computing semblance for m0 = 7340
 INFO: Total execution time for kernels is 6.59049s
 INFO: Computing semblance for m0 = 7360
 INFO: Total execution time for kernels is 6.28217s
 INFO: Computing semblance for m0 = 7380
 INFO: Total execution time for kernels is 6.57477s
 INFO: Computing semblance for m0 = 7400
 INFO: Total execution time for kernels is 6.29352s
 INFO: Computing semblance for m0 = 7420
 INFO: Total execution time for kernels is 6.70577s
 INFO: Computing semblance for m0 = 7440
 INFO: Total execution time for kernels is 6.29233s
 INFO: Computing semblance for m0 = 7460
 INFO: Total execution time for kernels is 6.27699s
 INFO: Computing semblance for m0 = 7480
 INFO: Total execution time for kernels is 6.42715s
 INFO: Computing semblance for m0 = 7500
 INFO: Total execution time for kernels is 6.58939s
 INFO: Computing semblance for m0 = 7520
 INFO: Total execution time for kernels is 6.282s
 INFO: Computing semblance for m0 = 7540
 INFO: Total execution time for kernels is 6.56865s
 INFO: Computing semblance for m0 = 7560
 INFO: Total execution time for kernels is 6.29388s
 INFO: Computing semblance for m0 = 7580
 INFO: Total execution time for kernels is 6.7012s
 INFO: Computing semblance for m0 = 7600
 INFO: Total execution time for kernels is 6.29225s
 INFO: Computing semblance for m0 = 7620
 INFO: Total execution time for kernels is 6.2773s
 INFO: Computing semblance for m0 = 7640
 INFO: Total execution time for kernels is 6.44066s
 INFO: Computing semblance for m0 = 7660
 INFO: Total execution time for kernels is 6.2821s
 INFO: Computing semblance for m0 = 7680
 INFO: Total execution time for kernels is 6.60348s
 INFO: Computing semblance for m0 = 7700
 INFO: Total execution time for kernels is 6.57135s
 INFO: Computing semblance for m0 = 7720
 INFO: Total execution time for kernels is 6.29431s
 INFO: Computing semblance for m0 = 7740
 INFO: Total execution time for kernels is 6.70288s
 INFO: Computing semblance for m0 = 7760
 INFO: Total execution time for kernels is 6.29294s
 INFO: Computing semblance for m0 = 7780
 INFO: Total execution time for kernels is 6.27701s
 INFO: Computing semblance for m0 = 7800
 INFO: Total execution time for kernels is 6.44225s
 INFO: Computing semblance for m0 = 7820
 INFO: Total execution time for kernels is 6.28359s
 INFO: Computing semblance for m0 = 7840
 INFO: Total execution time for kernels is 6.60623s
 INFO: Computing semblance for m0 = 7860
 INFO: Total execution time for kernels is 6.57575s
 INFO: Computing semblance for m0 = 7880
 INFO: Total execution time for kernels is 6.29448s
 INFO: Computing semblance for m0 = 7900
 INFO: Total execution time for kernels is 6.7167s
 INFO: Computing semblance for m0 = 7920
 INFO: Total execution time for kernels is 6.29346s
 INFO: Computing semblance for m0 = 7940
 INFO: Total execution time for kernels is 6.27713s
 INFO: Computing semblance for m0 = 7960
 INFO: Total execution time for kernels is 6.44941s
 INFO: Computing semblance for m0 = 7980
 INFO: Total execution time for kernels is 6.28365s
 INFO: Computing semblance for m0 = 8000
 INFO: Total execution time for kernels is 6.61173s
 INFO: Computing semblance for m0 = 8020
 INFO: Total execution time for kernels is 6.58634s
 INFO: Computing semblance for m0 = 8040
 INFO: Total execution time for kernels is 6.29367s
 INFO: Computing semblance for m0 = 8060
 INFO: Total execution time for kernels is 6.29321s
 INFO: Total execution time for kernels is 6.70285s
 INFO: Computing semblance for m0 = 8080
 INFO: Computing semblance for m0 = 8100
 INFO: Total execution time for kernels is 6.2885s
 INFO: Computing semblance for m0 = 8120
 INFO: Total execution time for kernels is 6.43953s
 INFO: Computing semblance for m0 = 8140
 INFO: Total execution time for kernels is 6.28409s
 INFO: Computing semblance for m0 = 8160
 INFO: Total execution time for kernels is 6.61849s
 INFO: Computing semblance for m0 = 8180
 INFO: Total execution time for kernels is 6.29378s
 INFO: Computing semblance for m0 = 8200
 INFO: Total execution time for kernels is 6.57665s
 INFO: Computing semblance for m0 = 8220
 INFO: Total execution time for kernels is 6.29311s
 INFO: Computing semblance for m0 = 8240
 INFO: Total execution time for kernels is 6.28711s
 INFO: Computing semblance for m0 = 8260
 INFO: Total execution time for kernels is 6.70369s
 INFO: Computing semblance for m0 = 8280
 INFO: Total execution time for kernels is 6.44292s
 INFO: Computing semblance for m0 = 8300
 INFO: Total execution time for kernels is 6.28401s
 INFO: Computing semblance for m0 = 8320
 INFO: Total execution time for kernels is 6.61873s
 INFO: Computing semblance for m0 = 8340
 INFO: Total execution time for kernels is 6.29601s
 INFO: Computing semblance for m0 = 8360
 INFO: Total execution time for kernels is 6.57078s
 INFO: Computing semblance for m0 = 8380
 INFO: Total execution time for kernels is 6.29497s
 INFO: Computing semblance for m0 = 8400
 INFO: Total execution time for kernels is 6.28619s
 INFO: Computing semblance for m0 = 8420
 INFO: Total execution time for kernels is 6.70342s
 INFO: Computing semblance for m0 = 8440
 INFO: Total execution time for kernels is 6.45433s
 INFO: Computing semblance for m0 = 8460
 INFO: Total execution time for kernels is 6.28476s
 INFO: Computing semblance for m0 = 8480
 INFO: Total execution time for kernels is 6.29551s
 INFO: Computing semblance for m0 = 8500
 INFO: Total execution time for kernels is 6.61382s
 INFO: Computing semblance for m0 = 8520
 INFO: Total execution time for kernels is 6.57193s
 INFO: Computing semblance for m0 = 8540
 INFO: Total execution time for kernels is 6.29747s
 INFO: Computing semblance for m0 = 8560
 INFO: Total execution time for kernels is 6.29399s
 INFO: Computing semblance for m0 = 8580
 INFO: Total execution time for kernels is 6.70408s
 INFO: Computing semblance for m0 = 8600
 INFO: Total execution time for kernels is 6.46554s
 INFO: Computing semblance for m0 = 8620
 INFO: Total execution time for kernels is 6.2836s
 INFO: Computing semblance for m0 = 8640
 INFO: Total execution time for kernels is 6.29592s
 INFO: Computing semblance for m0 = 8660
 INFO: Total execution time for kernels is 6.61987s
 INFO: Computing semblance for m0 = 8680
 INFO: Total execution time for kernels is 6.57711s
 INFO: Computing semblance for m0 = 8700
 INFO: Total execution time for kernels is 6.2951s
 INFO: Computing semblance for m0 = 8720
 INFO: Total execution time for kernels is 6.29132s
 INFO: Computing semblance for m0 = 8740
 INFO: Total execution time for kernels is 6.70703s
 INFO: Computing semblance for m0 = 8760
 INFO: Total execution time for kernels is 6.47664s
 INFO: Computing semblance for m0 = 8780
 INFO: Total execution time for kernels is 6.28407s
 INFO: Computing semblance for m0 = 8800
 INFO: Total execution time for kernels is 6.29595s
 INFO: Computing semblance for m0 = 8820
 INFO: Total execution time for kernels is 6.62294s
 INFO: Computing semblance for m0 = 8840
 INFO: Total execution time for kernels is 6.58056s
 INFO: Computing semblance for m0 = 8860
 INFO: Total execution time for kernels is 6.29487s
 INFO: Computing semblance for m0 = 8880
 INFO: Total execution time for kernels is 6.27937s
 INFO: Computing semblance for m0 = 8900
 INFO: Total execution time for kernels is 6.70596s
 INFO: Computing semblance for m0 = 8920
 INFO: Total execution time for kernels is 6.47385s
 INFO: Computing semblance for m0 = 8940
 INFO: Total execution time for kernels is 6.28602s
 INFO: Computing semblance for m0 = 8960
 INFO: Total execution time for kernels is 6.29692s
 INFO: Computing semblance for m0 = 8980
 INFO: Total execution time for kernels is 6.61651s
 INFO: Computing semblance for m0 = 9000
 INFO: Total execution time for kernels is 6.57635s
 INFO: Computing semblance for m0 = 9020
 INFO: Total execution time for kernels is 6.29592s
 INFO: Computing semblance for m0 = 9040
 INFO: Total execution time for kernels is 6.28994s
 INFO: Computing semblance for m0 = 9060
 INFO: Total execution time for kernels is 6.24684s
 INFO: Computing semblance for m0 = 9080
 INFO: Total execution time for kernels is 6.43574s
 INFO: Computing semblance for m0 = 9100
 INFO: Total execution time for kernels is 6.6995s
 INFO: Computing semblance for m0 = 9120
 INFO: Total execution time for kernels is 6.22209s
 INFO: Computing semblance for m0 = 9140
 INFO: Total execution time for kernels is 6.50642s
 INFO: Computing semblance for m0 = 9160
 INFO: Total execution time for kernels is 6.40241s
 INFO: Computing semblance for m0 = 9180
 INFO: Total execution time for kernels is 6.07445s
 INFO: Computing semblance for m0 = 9200
 INFO: Total execution time for kernels is 5.99131s
 INFO: Computing semblance for m0 = 9220
 INFO: Total execution time for kernels is 5.92042s
 INFO: Computing semblance for m0 = 9240
 INFO: Total execution time for kernels is 5.97964s
 INFO: Computing semblance for m0 = 9260
 INFO: Total execution time for kernels is 6.12892s
 INFO: Computing semblance for m0 = 9280
 INFO: Total execution time for kernels is 5.64842s
 INFO: Computing semblance for m0 = 9300
 INFO: Total execution time for kernels is 5.82001s
 INFO: Computing semblance for m0 = 9320
 INFO: Total execution time for kernels is 5.66074s
 INFO: Computing semblance for m0 = 9340
 INFO: Total execution time for kernels is 5.29006s
 INFO: Computing semblance for m0 = 9360
 INFO: Total execution time for kernels is 5.15297s
 INFO: Computing semblance for m0 = 9380
 INFO: Total execution time for kernels is 5.01126s
 INFO: Computing semblance for m0 = 9400
 INFO: Total execution time for kernels is 4.9809s
 INFO: Computing semblance for m0 = 9420
 INFO: Total execution time for kernels is 5.05698s
 INFO: Computing semblance for m0 = 9440
 INFO: Total execution time for kernels is 4.60388s
 INFO: Computing semblance for m0 = 9460
 INFO: Total execution time for kernels is 4.06695s
 INFO: Computing semblance for m0 = 9480
 INFO: Total execution time for kernels is 4.2059s
 INFO: Computing semblance for m0 = 9500
 INFO: Total execution time for kernels is 4.70742s
 INFO: Computing semblance for m0 = 9520
 INFO: Total execution time for kernels is 4.52497s
 INFO: Computing semblance for m0 = 9540
 INFO: Total execution time for kernels is 3.9263s
 INFO: Computing semblance for m0 = 9560
 INFO: Total execution time for kernels is 3.88321s
 INFO: Computing semblance for m0 = 9580
 INFO: Total execution time for kernels is 3.89513s
 INFO: Computing semblance for m0 = 9600
 INFO: Total execution time for kernels is 3.51553s
 INFO: Computing semblance for m0 = 9620
 INFO: Total execution time for kernels is 3.24259s
 INFO: Computing semblance for m0 = 9640
 INFO: Total execution time for kernels is 3.10176s
 INFO: Computing semblance for m0 = 9660
 INFO: Total execution time for kernels is 3.38859s
 INFO: Computing semblance for m0 = 9680
 INFO: Total execution time for kernels is 3.27235s
 INFO: Computing semblance for m0 = 9700
 INFO: Total execution time for kernels is 2.76599s
 INFO: Computing semblance for m0 = 9720
 INFO: Total execution time for kernels is 2.83865s
 INFO: Computing semblance for m0 = 9740
 INFO: Total execution time for kernels is 2.42274s
 INFO: Computing semblance for m0 = 9760
 INFO: Total execution time for kernels is 2.73137s
 INFO: Computing semblance for m0 = 9780
 INFO: Total execution time for kernels is 2.03007s
 INFO: Computing semblance for m0 = 9800
 INFO: Total execution time for kernels is 1.95716s
 INFO: Computing semblance for m0 = 9820
 INFO: Total execution time for kernels is 2.24247s
 INFO: Computing semblance for m0 = 9840
 INFO: Total execution time for kernels is 2.2962s
 INFO: Computing semblance for m0 = 9860
 INFO: Total execution time for kernels is 1.59751s
 INFO: Computing semblance for m0 = 9880
 INFO: Total execution time for kernels is 1.41152s
 INFO: Computing semblance for m0 = 9900
 INFO: Total execution time for kernels is 1.47346s
 INFO: Computing semblance for m0 = 9920
 INFO: Total execution time for kernels is 1.78756s
 INFO: Computing semblance for m0 = 9940
 INFO: Total execution time for kernels is 0.79815s
 INFO: Total execution time for kernels is 1.09602s
 INFO: Total execution time for kernels is 0.962472s
 INFO: Total execution time for kernels is 1.19737s
 INFO: Total execution time for kernels is 0.403529s
 INFO: Total execution time for kernels is 0.49337s
 INFO: Total execution time for kernels is 0.689454s
 INFO: Total execution time for kernels is 0.610624s
 INFO: Average of efficiency is 1
 INFO: Average of interpolations_per_sec is 2.53768e+10
 INFO: Average of selected_traces is 309.888
 INFO: Average of total_selection_kernel_exec_time is 0.00707719
 INFO: Average of total_kernel_exec_time is 5.77457
 INFO: Driver init. duration is 0.32761 s
 INFO: Read gather duration is 0.120913 s
 INFO: Parse args. duration is 0.000254983 s
 INFO: Worker threads duration is 330.44 s
 INFO: Dump results duration is 0.508392 s
 INFO: Thread/block is 32
 INFO: Results written to /home/ubuntu/nfs/out/55766d4e2_master_p2.8xlarge/zocrs/greedy/cuda/simple-synthetic_3/simple-synthetic_greedy_zocrs_20210307_1830/
 INFO: It took 331.407s to compute.
