 INFO: Number of CDPs = 445
 INFO: Number of traces in the gather = 9200
 INFO: Number of samples per trace = 2502
 INFO: Starting worker threads...
 INFO: Computing semblance for m0 = 0
 INFO: Computing semblance for m0 = 1080
 INFO: Computing semblance for m0 = 1100
 INFO: Computing semblance for m0 = 1120
 INFO: Total execution time for kernels is 0.00158137s
 INFO: Computing semblance for m0 = 1140
 INFO: Total execution time for kernels is 0.00239091s
 INFO: Computing semblance for m0 = 1160
 INFO: Total execution time for kernels is 0.00239705s
 INFO: Computing semblance for m0 = 1180
 INFO: Total execution time for kernels is 0.00309108s
 INFO: Computing semblance for m0 = 1200
 INFO: Total execution time for kernels is 0.00313546s
 INFO: Computing semblance for m0 = 1220
 INFO: Total execution time for kernels is 0.00398029s
 INFO: Computing semblance for m0 = 1240
 INFO: Total execution time for kernels is 0.00393497s
 INFO: Computing semblance for m0 = 1260
 INFO: Total execution time for kernels is 0.00478042s
 INFO: Computing semblance for m0 = 1280
 INFO: Total execution time for kernels is 0.004795s
 INFO: Computing semblance for m0 = 1300
 INFO: Total execution time for kernels is 0.00555181s
 INFO: Computing semblance for m0 = 1320
 INFO: Total execution time for kernels is 0.00557s
 INFO: Computing semblance for m0 = 1340
 INFO: Total execution time for kernels is 0.00636625s
 INFO: Computing semblance for m0 = 1360
 INFO: Total execution time for kernels is 0.00650352s
 INFO: Computing semblance for m0 = 1380
 INFO: Total execution time for kernels is 0.00729268s
 INFO: Computing semblance for m0 = 1400
 INFO: Total execution time for kernels is 0.00713105s
 INFO: Computing semblance for m0 = 1420
 INFO: Total execution time for kernels is 0.00782124s
 INFO: Computing semblance for m0 = 1440
 INFO: Total execution time for kernels is 0.00797821s
 INFO: Computing semblance for m0 = 1460
 INFO: Total execution time for kernels is 0.00860745s
 INFO: Computing semblance for m0 = 1480
 INFO: Total execution time for kernels is 0.00874514s
 INFO: Computing semblance for m0 = 1500
 INFO: Total execution time for kernels is 0.00954223s
 INFO: Computing semblance for m0 = 1520
 INFO: Total execution time for kernels is 0.00961877s
 INFO: Computing semblance for m0 = 1540
 INFO: Total execution time for kernels is 0.0102285s
 INFO: Computing semblance for m0 = 1560
 INFO: Total execution time for kernels is 0.0101104s
 INFO: Computing semblance for m0 = 1580
 INFO: Total execution time for kernels is 0.01104s
 INFO: Computing semblance for m0 = 1600
 INFO: Total execution time for kernels is 0.0109386s
 INFO: Computing semblance for m0 = 1620
 INFO: Total execution time for kernels is 0.0119639s
 INFO: Computing semblance for m0 = 1640
 INFO: Total execution time for kernels is 0.0117253s
 INFO: Computing semblance for m0 = 1660
 INFO: Total execution time for kernels is 0.0123486s
 INFO: Computing semblance for m0 = 1680
 INFO: Total execution time for kernels is 0.0127141s
 INFO: Computing semblance for m0 = 1700
 INFO: Total execution time for kernels is 0.0135337s
 INFO: Computing semblance for m0 = 1720
 INFO: Total execution time for kernels is 0.0127498s
 INFO: Computing semblance for m0 = 1740
 INFO: Total execution time for kernels is 0.0142354s
 INFO: Computing semblance for m0 = 1760
 INFO: Total execution time for kernels is 0.0141468s
 INFO: Computing semblance for m0 = 1780
 INFO: Total execution time for kernels is 0.0147181s
 INFO: Computing semblance for m0 = 1800
 INFO: Total execution time for kernels is 0.0139469s
 INFO: Computing semblance for m0 = 1820
 INFO: Total execution time for kernels is 0.0154189s
 INFO: Computing semblance for m0 = 1840
 INFO: Total execution time for kernels is 0.0156325s
 INFO: Computing semblance for m0 = 1860
 INFO: Total execution time for kernels is 0.0154531s
 INFO: Computing semblance for m0 = 1880
 INFO: Total execution time for kernels is 0.0160776s
 INFO: Computing semblance for m0 = 1900
 INFO: Total execution time for kernels is 0.0168153s
 INFO: Computing semblance for m0 = 1920
 INFO: Total execution time for kernels is 0.0165958s
 INFO: Computing semblance for m0 = 1940
 INFO: Total execution time for kernels is 0.0163854s
 INFO: Computing semblance for m0 = 1960
 INFO: Total execution time for kernels is 0.0173895s
 INFO: Computing semblance for m0 = 1980
 INFO: Total execution time for kernels is 0.0120571s
 INFO: Computing semblance for m0 = 2000
 INFO: Total execution time for kernels is 0.0179658s
 INFO: Computing semblance for m0 = 2020
 INFO: Total execution time for kernels is 0.0176566s
 INFO: Computing semblance for m0 = 2040
 INFO: Total execution time for kernels is 0.0104335s
 INFO: Computing semblance for m0 = 2060
 INFO: Total execution time for kernels is 0.0186059s
 INFO: Computing semblance for m0 = 2080
 INFO: Total execution time for kernels is 0.0102861s
 INFO: Computing semblance for m0 = 2100
 INFO: Total execution time for kernels is 0.0188301s
 INFO: Computing semblance for m0 = 2120
 INFO: Total execution time for kernels is 0.0180045s
 INFO: Computing semblance for m0 = 2140
 INFO: Total execution time for kernels is 0.0187974s
 INFO: Computing semblance for m0 = 2160
 INFO: Total execution time for kernels is 0.0104681s
 INFO: Computing semblance for m0 = 2180
 INFO: Total execution time for kernels is 0.00992516s
 INFO: Computing semblance for m0 = 2200
 INFO: Total execution time for kernels is 0.0187258s
 INFO: Computing semblance for m0 = 2220
 INFO: Total execution time for kernels is 0.0101496s
 INFO: Computing semblance for m0 = 2240
 INFO: Total execution time for kernels is 0.0180059s
 INFO: Computing semblance for m0 = 2260
 INFO: Total execution time for kernels is 0.00955348s
 INFO: Computing semblance for m0 = 2280
 INFO: Total execution time for kernels is 0.0102706s
 INFO: Computing semblance for m0 = 2300
 INFO: Total execution time for kernels is 0.0105191s
 INFO: Computing semblance for m0 = 2320
 INFO: Total execution time for kernels is 0.00956679s
 INFO: Computing semblance for m0 = 2340
 INFO: Total execution time for kernels is 0.00955735s
 INFO: Computing semblance for m0 = 2360
 INFO: Total execution time for kernels is 0.0177951s
 INFO: Computing semblance for m0 = 2380
 INFO: Total execution time for kernels is 0.0104403s
 INFO: Computing semblance for m0 = 2400
 INFO: Total execution time for kernels is 0.00914601s
 INFO: Computing semblance for m0 = 2420
 INFO: Total execution time for kernels is 0.00944665s
 INFO: Computing semblance for m0 = 2440
 INFO: Total execution time for kernels is 0.0102536s
 INFO: Computing semblance for m0 = 2460
 INFO: Total execution time for kernels is 0.0176353s
 INFO: Computing semblance for m0 = 2480
 INFO: Total execution time for kernels is 0.00898596s
 INFO: Computing semblance for m0 = 2500
 INFO: Total execution time for kernels is 0.00928928s
 INFO: Computing semblance for m0 = 2520
 INFO: Total execution time for kernels is 0.0101996s
 INFO: Computing semblance for m0 = 2540
 INFO: Total execution time for kernels is 0.00918146s
 INFO: Computing semblance for m0 = 2560
 INFO: Total execution time for kernels is 0.0093679s
 INFO: Computing semblance for m0 = 2580
 INFO: Total execution time for kernels is 0.0137064s
 INFO: Computing semblance for m0 = 2600
 INFO: Total execution time for kernels is 0.00999542s
 INFO: Computing semblance for m0 = 2620
 INFO: Total execution time for kernels is 0.00906948s
 INFO: Computing semblance for m0 = 2640
 INFO: Total execution time for kernels is 0.00923986s
 INFO: Computing semblance for m0 = 2660
 INFO: Total execution time for kernels is 0.0096408s
 INFO: Computing semblance for m0 = 2680
 INFO: Total execution time for kernels is 0.0101081s
 INFO: Computing semblance for m0 = 2700
 INFO: Total execution time for kernels is 0.00883263s
 INFO: Computing semblance for m0 = 2720
 INFO: Total execution time for kernels is 0.00908009s
 INFO: Computing semblance for m0 = 2740
 INFO: Total execution time for kernels is 0.00956202s
 INFO: Computing semblance for m0 = 2760
 INFO: Total execution time for kernels is 0.0103789s
 INFO: Computing semblance for m0 = 2780
 INFO: Total execution time for kernels is 0.0090413s
 INFO: Computing semblance for m0 = 2800
 INFO: Total execution time for kernels is 0.00911953s
 INFO: Computing semblance for m0 = 2820
 INFO: Total execution time for kernels is 0.00939664s
 INFO: Computing semblance for m0 = 2840
 INFO: Total execution time for kernels is 0.0102374s
 INFO: Computing semblance for m0 = 2860
 INFO: Total execution time for kernels is 0.00904675s
 INFO: Computing semblance for m0 = 2880
 INFO: Total execution time for kernels is 0.00912682s
 INFO: Computing semblance for m0 = 2900
 INFO: Total execution time for kernels is 0.00919644s
 INFO: Computing semblance for m0 = 2920
 INFO: Total execution time for kernels is 0.00905356s
 INFO: Computing semblance for m0 = 2940
 INFO: Total execution time for kernels is 0.0101782s
 INFO: Computing semblance for m0 = 2960
 INFO: Total execution time for kernels is 0.00911966s
 INFO: Computing semblance for m0 = 2980
 INFO: Total execution time for kernels is 0.00909594s
 INFO: Computing semblance for m0 = 3000
 INFO: Total execution time for kernels is 0.00920626s
 INFO: Computing semblance for m0 = 3020
 INFO: Total execution time for kernels is 0.0100326s
 INFO: Computing semblance for m0 = 3040
 INFO: Total execution time for kernels is 0.00935059s
 INFO: Computing semblance for m0 = 3060
 INFO: Total execution time for kernels is 0.00936171s
 INFO: Computing semblance for m0 = 3080
 INFO: Total execution time for kernels is 0.00911963s
 INFO: Computing semblance for m0 = 3100
 INFO: Total execution time for kernels is 0.00939s
 INFO: Computing semblance for m0 = 3120
 INFO: Total execution time for kernels is 0.00925243s
 INFO: Computing semblance for m0 = 3140
 INFO: Total execution time for kernels is 0.00930526s
 INFO: Computing semblance for m0 = 3160
 INFO: Total execution time for kernels is 0.00911591s
 INFO: Computing semblance for m0 = 3180
 INFO: Total execution time for kernels is 0.00948648s
 INFO: Computing semblance for m0 = 3200
 INFO: Total execution time for kernels is 0.00941921s
 INFO: Computing semblance for m0 = 3220
 INFO: Total execution time for kernels is 0.0092388s
 INFO: Computing semblance for m0 = 3240
 INFO: Total execution time for kernels is 0.00898304s
 INFO: Computing semblance for m0 = 3260
 INFO: Total execution time for kernels is 0.00935574s
 INFO: Computing semblance for m0 = 3280
 INFO: Total execution time for kernels is 0.00959094s
 INFO: Computing semblance for m0 = 3300
 INFO: Total execution time for kernels is 0.00917281s
 INFO: Computing semblance for m0 = 3320
 INFO: Total execution time for kernels is 0.00905626s
 INFO: Computing semblance for m0 = 3340
 INFO: Total execution time for kernels is 0.00926812s
 INFO: Computing semblance for m0 = 3360
 INFO: Total execution time for kernels is 0.00947217s
 INFO: Computing semblance for m0 = 3380
 INFO: Total execution time for kernels is 0.00911777s
 INFO: Computing semblance for m0 = 3400
 INFO: Total execution time for kernels is 0.00897416s
 INFO: Computing semblance for m0 = 3420
 INFO: Total execution time for kernels is 0.00902294s
 INFO: Computing semblance for m0 = 3440
 INFO: Total execution time for kernels is 0.00947769s
 INFO: Computing semblance for m0 = 3460
 INFO: Total execution time for kernels is 0.00914064s
 INFO: Computing semblance for m0 = 3480
 INFO: Total execution time for kernels is 0.00901624s
 INFO: Computing semblance for m0 = 3500
 INFO: Total execution time for kernels is 0.00906413s
 INFO: Computing semblance for m0 = 3520
 INFO: Total execution time for kernels is 0.00951427s
 INFO: Computing semblance for m0 = 3540
 INFO: Total execution time for kernels is 0.00922428s
 INFO: Computing semblance for m0 = 3560
 INFO: Total execution time for kernels is 0.00906712s
 INFO: Computing semblance for m0 = 3580
 INFO: Total execution time for kernels is 0.00920921s
 INFO: Computing semblance for m0 = 3600
 INFO: Total execution time for kernels is 0.00928071s
 INFO: Computing semblance for m0 = 3620
 INFO: Total execution time for kernels is 0.00914091s
 INFO: Computing semblance for m0 = 3640
 INFO: Total execution time for kernels is 0.00903422s
 INFO: Computing semblance for m0 = 3660
 INFO: Total execution time for kernels is 0.0090701s
 INFO: Computing semblance for m0 = 3680
 INFO: Total execution time for kernels is 0.00937462s
 INFO: Computing semblance for m0 = 3700
 INFO: Total execution time for kernels is 0.00906158s
 INFO: Computing semblance for m0 = 3720
 INFO: Total execution time for kernels is 0.00911447s
 INFO: Computing semblance for m0 = 3740
 INFO: Total execution time for kernels is 0.00913987s
 INFO: Computing semblance for m0 = 3760
 INFO: Total execution time for kernels is 0.00928467s
 INFO: Computing semblance for m0 = 3780
 INFO: Total execution time for kernels is 0.00908099s
 INFO: Computing semblance for m0 = 3800
 INFO: Total execution time for kernels is 0.00892055s
 INFO: Computing semblance for m0 = 3820
 INFO: Total execution time for kernels is 0.0091924s
 INFO: Computing semblance for m0 = 3840
 INFO: Total execution time for kernels is 0.00929044s
 INFO: Computing semblance for m0 = 3860
 INFO: Total execution time for kernels is 0.00908156s
 INFO: Computing semblance for m0 = 3880
 INFO: Total execution time for kernels is 0.00901574s
 INFO: Computing semblance for m0 = 3900
 INFO: Total execution time for kernels is 0.00918665s
 INFO: Computing semblance for m0 = 3920
 INFO: Total execution time for kernels is 0.00918057s
 INFO: Computing semblance for m0 = 3940
 INFO: Total execution time for kernels is 0.00921891s
 INFO: Computing semblance for m0 = 3960
 INFO: Total execution time for kernels is 0.00878549s
 INFO: Computing semblance for m0 = 3980
 INFO: Total execution time for kernels is 0.00911155s
 INFO: Computing semblance for m0 = 4000
 INFO: Total execution time for kernels is 0.00919891s
 INFO: Computing semblance for m0 = 4020
 INFO: Total execution time for kernels is 0.0092935s
 INFO: Computing semblance for m0 = 4040
 INFO: Total execution time for kernels is 0.00872011s
 INFO: Computing semblance for m0 = 4060
 INFO: Total execution time for kernels is 0.0089186s
 INFO: Computing semblance for m0 = 4080
 INFO: Total execution time for kernels is 0.00930434s
 INFO: Total execution time for kernels is 0.00917972s
 INFO: Computing semblance for m0 = 4100
 INFO: Computing semblance for m0 = 4120
 INFO: Total execution time for kernels is 0.00904368s
 INFO: Computing semblance for m0 = 4140
 INFO: Total execution time for kernels is 0.00899261s
 INFO: Computing semblance for m0 = 4160
 INFO: Total execution time for kernels is 0.00910701s
 INFO: Computing semblance for m0 = 4180
 INFO: Total execution time for kernels is 0.00922684s
 INFO: Computing semblance for m0 = 4200
 INFO: Total execution time for kernels is 0.0092854s
 INFO: Computing semblance for m0 = 4220
 INFO: Total execution time for kernels is 0.00894284s
 INFO: Computing semblance for m0 = 4240
 INFO: Total execution time for kernels is 0.00900132s
 INFO: Computing semblance for m0 = 4260
 INFO: Total execution time for kernels is 0.00930912s
 INFO: Computing semblance for m0 = 4280
 INFO: Total execution time for kernels is 0.00933916s
 INFO: Computing semblance for m0 = 4300
 INFO: Total execution time for kernels is 0.00910408s
 INFO: Computing semblance for m0 = 4320
 INFO: Total execution time for kernels is 0.00942522s
 INFO: Computing semblance for m0 = 4340
 INFO: Total execution time for kernels is 0.00920977s
 INFO: Computing semblance for m0 = 4360
 INFO: Total execution time for kernels is 0.00918237s
 INFO: Computing semblance for m0 = 4380
 INFO: Total execution time for kernels is 0.00929276s
 INFO: Computing semblance for m0 = 4400
 INFO: Total execution time for kernels is 0.00943385s
 INFO: Computing semblance for m0 = 4420
 INFO: Total execution time for kernels is 0.00939193s
 INFO: Computing semblance for m0 = 4440
 INFO: Total execution time for kernels is 0.00909223s
 INFO: Computing semblance for m0 = 4460
 INFO: Total execution time for kernels is 0.00937964s
 INFO: Computing semblance for m0 = 4480
 INFO: Total execution time for kernels is 0.00927281s
 INFO: Computing semblance for m0 = 4500
 INFO: Total execution time for kernels is 0.00943343s
 INFO: Computing semblance for m0 = 4520
 INFO: Total execution time for kernels is 0.00926283s
 INFO: Computing semblance for m0 = 4540
 INFO: Total execution time for kernels is 0.00915829s
 INFO: Computing semblance for m0 = 4560
 INFO: Total execution time for kernels is 0.00921696s
 INFO: Computing semblance for m0 = 4580
 INFO: Total execution time for kernels is 0.00950132s
 INFO: Computing semblance for m0 = 4600
 INFO: Total execution time for kernels is 0.00909813s
 INFO: Computing semblance for m0 = 4620
 INFO: Total execution time for kernels is 0.00936918s
 INFO: Computing semblance for m0 = 4640
 INFO: Total execution time for kernels is 0.00935905s
 INFO: Computing semblance for m0 = 4660
 INFO: Total execution time for kernels is 0.00955484s
 INFO: Computing semblance for m0 = 4680
 INFO: Total execution time for kernels is 0.00907261s
 INFO: Computing semblance for m0 = 4700
 INFO: Total execution time for kernels is 0.00924626s
 INFO: Computing semblance for m0 = 4720
 INFO: Total execution time for kernels is 0.00928746s
 INFO: Computing semblance for m0 = 4740
 INFO: Total execution time for kernels is 0.00959044s
 INFO: Computing semblance for m0 = 4760
 INFO: Total execution time for kernels is 0.00905886s
 INFO: Computing semblance for m0 = 4780
 INFO: Total execution time for kernels is 0.00931907s
 INFO: Computing semblance for m0 = 4800
 INFO: Total execution time for kernels is 0.0093684s
 INFO: Computing semblance for m0 = 4820
 INFO: Total execution time for kernels is 0.00951098s
 INFO: Computing semblance for m0 = 4840
 INFO: Total execution time for kernels is 0.00904835s
 INFO: Computing semblance for m0 = 4860
 INFO: Total execution time for kernels is 0.00919499s
 INFO: Computing semblance for m0 = 4880
 INFO: Total execution time for kernels is 0.00915752s
 INFO: Computing semblance for m0 = 4900
 INFO: Total execution time for kernels is 0.00927005s
 INFO: Computing semblance for m0 = 4920
 INFO: Total execution time for kernels is 0.00894224s
 INFO: Computing semblance for m0 = 4940
 INFO: Total execution time for kernels is 0.00906329s
 INFO: Computing semblance for m0 = 4960
 INFO: Total execution time for kernels is 0.00934715s
 INFO: Computing semblance for m0 = 4980
 INFO: Total execution time for kernels is 0.00933336s
 INFO: Computing semblance for m0 = 5000
 INFO: Total execution time for kernels is 0.00913542s
 INFO: Computing semblance for m0 = 5020
 INFO: Total execution time for kernels is 0.00924644s
 INFO: Computing semblance for m0 = 5040
 INFO: Total execution time for kernels is 0.00913883s
 INFO: Computing semblance for m0 = 5060
 INFO: Total execution time for kernels is 0.00940051s
 INFO: Computing semblance for m0 = 5080
 INFO: Total execution time for kernels is 0.00924832s
 INFO: Computing semblance for m0 = 5100
 INFO: Total execution time for kernels is 0.00914773s
 INFO: Computing semblance for m0 = 5120
 INFO: Total execution time for kernels is 0.00905412s
 INFO: Computing semblance for m0 = 5140
 INFO: Total execution time for kernels is 0.00912419s
 INFO: Computing semblance for m0 = 5160
 INFO: Total execution time for kernels is 0.00929799s
 INFO: Computing semblance for m0 = 5180
 INFO: Total execution time for kernels is 0.00927658s
 INFO: Computing semblance for m0 = 5200
 INFO: Total execution time for kernels is 0.00907854s
 INFO: Computing semblance for m0 = 5220
 INFO: Total execution time for kernels is 0.00934025s
 INFO: Computing semblance for m0 = 5240
 INFO: Total execution time for kernels is 0.00912523s
 INFO: Computing semblance for m0 = 5260
 INFO: Total execution time for kernels is 0.00919553s
 INFO: Computing semblance for m0 = 5280
 INFO: Total execution time for kernels is 0.00898944s
 INFO: Computing semblance for m0 = 5300
 INFO: Total execution time for kernels is 0.0089913s
 INFO: Computing semblance for m0 = 5320
 INFO: Total execution time for kernels is 0.00957515s
 INFO: Computing semblance for m0 = 5340
 INFO: Total execution time for kernels is 0.00911473s
 INFO: Computing semblance for m0 = 5360
 INFO: Total execution time for kernels is 0.0092741s
 INFO: Computing semblance for m0 = 5380
 INFO: Total execution time for kernels is 0.00931416s
 INFO: Computing semblance for m0 = 5400
 INFO: Total execution time for kernels is 0.00925345s
 INFO: Computing semblance for m0 = 5420
 INFO: Total execution time for kernels is 0.00905155s
 INFO: Computing semblance for m0 = 5440
 INFO: Total execution time for kernels is 0.00912182s
 INFO: Computing semblance for m0 = 5460
 INFO: Total execution time for kernels is 0.00933119s
 INFO: Computing semblance for m0 = 5480
 INFO: Total execution time for kernels is 0.009298s
 INFO: Computing semblance for m0 = 5500
 INFO: Total execution time for kernels is 0.00887319s
 INFO: Computing semblance for m0 = 5520
 INFO: Total execution time for kernels is 0.00938388s
 INFO: Computing semblance for m0 = 5540
 INFO: Total execution time for kernels is 0.00925855s
 INFO: Computing semblance for m0 = 5560
 INFO: Total execution time for kernels is 0.00913279s
 INFO: Computing semblance for m0 = 5580
 INFO: Total execution time for kernels is 0.00893136s
 INFO: Computing semblance for m0 = 5600
 INFO: Total execution time for kernels is 0.00926763s
 INFO: Computing semblance for m0 = 5620
 INFO: Total execution time for kernels is 0.00916994s
 INFO: Computing semblance for m0 = 5640
 INFO: Total execution time for kernels is 0.00930869s
 INFO: Computing semblance for m0 = 5660
 INFO: Total execution time for kernels is 0.00890298s
 INFO: Computing semblance for m0 = 5680
 INFO: Total execution time for kernels is 0.00937368s
 INFO: Computing semblance for m0 = 5700
 INFO: Total execution time for kernels is 0.00897976s
 INFO: Computing semblance for m0 = 5720
 INFO: Total execution time for kernels is 0.00911167s
 INFO: Computing semblance for m0 = 5740
 INFO: Total execution time for kernels is 0.00894972s
 INFO: Computing semblance for m0 = 5760
 INFO: Total execution time for kernels is 0.0093447s
 INFO: Computing semblance for m0 = 5780
 INFO: Total execution time for kernels is 0.00902189s
 INFO: Computing semblance for m0 = 5800
 INFO: Total execution time for kernels is 0.00920715s
 INFO: Computing semblance for m0 = 5820
 INFO: Total execution time for kernels is 0.00930356s
 INFO: Computing semblance for m0 = 5840
 INFO: Total execution time for kernels is 0.00921734s
 INFO: Computing semblance for m0 = 5860
 INFO: Total execution time for kernels is 0.00903324s
 INFO: Computing semblance for m0 = 5880
 INFO: Total execution time for kernels is 0.00928796s
 INFO: Computing semblance for m0 = 5900
 INFO: Total execution time for kernels is 0.00950044s
 INFO: Computing semblance for m0 = 5920
 INFO: Total execution time for kernels is 0.00919158s
 INFO: Computing semblance for m0 = 5940
 INFO: Total execution time for kernels is 0.00877527s
 INFO: Computing semblance for m0 = 5960
 INFO: Total execution time for kernels is 0.00907839s
 INFO: Computing semblance for m0 = 5980
 INFO: Total execution time for kernels is 0.00942202s
 INFO: Computing semblance for m0 = 6000
 INFO: Total execution time for kernels is 0.00899372s
 INFO: Computing semblance for m0 = 6020
 INFO: Total execution time for kernels is 0.00911631s
 INFO: Computing semblance for m0 = 6040
 INFO: Total execution time for kernels is 0.00920861s
 INFO: Computing semblance for m0 = 6060
 INFO: Total execution time for kernels is 0.00937681s
 INFO: Computing semblance for m0 = 6080
 INFO: Total execution time for kernels is 0.00918219s
 INFO: Computing semblance for m0 = 6100
 INFO: Total execution time for kernels is 0.00922003s
 INFO: Computing semblance for m0 = 6120
 INFO: Total execution time for kernels is 0.00917202s
 INFO: Computing semblance for m0 = 6140
 INFO: Total execution time for kernels is 0.00912248s
 INFO: Computing semblance for m0 = 6160
 INFO: Total execution time for kernels is 0.00942162s
 INFO: Computing semblance for m0 = 6180
 INFO: Total execution time for kernels is 0.00921298s
 INFO: Computing semblance for m0 = 6200
 INFO: Total execution time for kernels is 0.00916137s
 INFO: Computing semblance for m0 = 6220
 INFO: Total execution time for kernels is 0.00923859s
 INFO: Computing semblance for m0 = 6240
 INFO: Total execution time for kernels is 0.00930362s
 INFO: Computing semblance for m0 = 6260
 INFO: Total execution time for kernels is 0.00908319s
 INFO: Computing semblance for m0 = 6280
 INFO: Total execution time for kernels is 0.00915055s
 INFO: Computing semblance for m0 = 6300
 INFO: Total execution time for kernels is 0.00915246s
 INFO: Computing semblance for m0 = 6320
 INFO: Total execution time for kernels is 0.0091526s
 INFO: Computing semblance for m0 = 6340
 INFO: Total execution time for kernels is 0.00903681s
 INFO: Computing semblance for m0 = 6360
 INFO: Total execution time for kernels is 0.00934983s
 INFO: Computing semblance for m0 = 6380
 INFO: Total execution time for kernels is 0.00910598s
 INFO: Computing semblance for m0 = 6400
 INFO: Total execution time for kernels is 0.00916219s
 INFO: Computing semblance for m0 = 6420
 INFO: Total execution time for kernels is 0.00930156s
 INFO: Computing semblance for m0 = 6440
 INFO: Total execution time for kernels is 0.00918247s
 INFO: Computing semblance for m0 = 6460
 INFO: Total execution time for kernels is 0.00919186s
 INFO: Computing semblance for m0 = 6480
 INFO: Total execution time for kernels is 0.00918386s
 INFO: Computing semblance for m0 = 6500
 INFO: Total execution time for kernels is 0.0091304s
 INFO: Computing semblance for m0 = 6520
 INFO: Total execution time for kernels is 0.00931793s
 INFO: Computing semblance for m0 = 6540
 INFO: Total execution time for kernels is 0.00918764s
 INFO: Computing semblance for m0 = 6560
 INFO: Total execution time for kernels is 0.00921424s
 INFO: Computing semblance for m0 = 6580
 INFO: Total execution time for kernels is 0.00917449s
 INFO: Computing semblance for m0 = 6600
 INFO: Total execution time for kernels is 0.00929335s
 INFO: Computing semblance for m0 = 6620
 INFO: Total execution time for kernels is 0.00919692s
 INFO: Computing semblance for m0 = 6640
 INFO: Total execution time for kernels is 0.00901411s
 INFO: Computing semblance for m0 = 6660
 INFO: Total execution time for kernels is 0.0091201s
 INFO: Computing semblance for m0 = 6680
 INFO: Total execution time for kernels is 0.00938039s
 INFO: Computing semblance for m0 = 6700
 INFO: Total execution time for kernels is 0.00914557s
 INFO: Computing semblance for m0 = 6720
 INFO: Total execution time for kernels is 0.00917044s
 INFO: Computing semblance for m0 = 6740
 INFO: Total execution time for kernels is 0.00922708s
 INFO: Computing semblance for m0 = 6760
 INFO: Total execution time for kernels is 0.00903911s
 INFO: Computing semblance for m0 = 6780
 INFO: Total execution time for kernels is 0.00918757s
 INFO: Computing semblance for m0 = 6800
 INFO: Total execution time for kernels is 0.00909621s
 INFO: Computing semblance for m0 = 6820
 INFO: Total execution time for kernels is 0.0091115s
 INFO: Computing semblance for m0 = 6840
 INFO: Total execution time for kernels is 0.00898759s
 INFO: Computing semblance for m0 = 6860
 INFO: Total execution time for kernels is 0.00912412s
 INFO: Computing semblance for m0 = 6880
 INFO: Total execution time for kernels is 0.0091578s
 INFO: Computing semblance for m0 = 6900
 INFO: Total execution time for kernels is 0.00921935s
 INFO: Computing semblance for m0 = 6920
 INFO: Total execution time for kernels is 0.00940531s
 INFO: Computing semblance for m0 = 6940
 INFO: Total execution time for kernels is 0.0090374s
 INFO: Computing semblance for m0 = 6960
 INFO: Total execution time for kernels is 0.00923393s
 INFO: Computing semblance for m0 = 6980
 INFO: Total execution time for kernels is 0.00892634s
 INFO: Computing semblance for m0 = 7000
 INFO: Total execution time for kernels is 0.00954287s
 INFO: Computing semblance for m0 = 7020
 INFO: Total execution time for kernels is 0.00900092s
 INFO: Computing semblance for m0 = 7040
 INFO: Total execution time for kernels is 0.00910023s
 INFO: Computing semblance for m0 = 7060
 INFO: Total execution time for kernels is 0.00901127s
 INFO: Computing semblance for m0 = 7080
 INFO: Total execution time for kernels is 0.00939471s
 INFO: Computing semblance for m0 = 7100
 INFO: Total execution time for kernels is 0.00917336s
 INFO: Computing semblance for m0 = 7120
 INFO: Total execution time for kernels is 0.00928807s
 INFO: Computing semblance for m0 = 7140
 INFO: Total execution time for kernels is 0.00907912s
 INFO: Computing semblance for m0 = 7160
 INFO: Total execution time for kernels is 0.00926228s
 INFO: Computing semblance for m0 = 7180
 INFO: Total execution time for kernels is 0.00923016s
 INFO: Computing semblance for m0 = 7200
 INFO: Total execution time for kernels is 0.00917388s
 INFO: Computing semblance for m0 = 7220
 INFO: Total execution time for kernels is 0.00922971s
 INFO: Computing semblance for m0 = 7240
 INFO: Total execution time for kernels is 0.00940178s
 INFO: Computing semblance for m0 = 7260
 INFO: Total execution time for kernels is 0.00924083s
 INFO: Computing semblance for m0 = 7280
 INFO: Total execution time for kernels is 0.0091965s
 INFO: Computing semblance for m0 = 7300
 INFO: Total execution time for kernels is 0.00933985s
 INFO: Computing semblance for m0 = 7320
 INFO: Total execution time for kernels is 0.00933598s
 INFO: Computing semblance for m0 = 7340
 INFO: Total execution time for kernels is 0.00924817s
 INFO: Computing semblance for m0 = 7360
 INFO: Total execution time for kernels is 0.00898521s
 INFO: Computing semblance for m0 = 7380
 INFO: Total execution time for kernels is 0.00931512s
 INFO: Computing semblance for m0 = 7400
 INFO: Total execution time for kernels is 0.00923456s
 INFO: Computing semblance for m0 = 7420
 INFO: Total execution time for kernels is 0.00923791s
 INFO: Computing semblance for m0 = 7440
 INFO: Total execution time for kernels is 0.00904464s
 INFO: Computing semblance for m0 = 7460
 INFO: Total execution time for kernels is 0.00939241s
 INFO: Computing semblance for m0 = 7480
 INFO: Total execution time for kernels is 0.00932106s
 INFO: Computing semblance for m0 = 7500
 INFO: Total execution time for kernels is 0.0092338s
 INFO: Computing semblance for m0 = 7520
 INFO: Total execution time for kernels is 0.00912904s
 INFO: Computing semblance for m0 = 7540
 INFO: Total execution time for kernels is 0.00925179s
 INFO: Computing semblance for m0 = 7560
 INFO: Total execution time for kernels is 0.00926428s
 INFO: Computing semblance for m0 = 7580
 INFO: Total execution time for kernels is 0.00915765s
 INFO: Computing semblance for m0 = 7600
 INFO: Total execution time for kernels is 0.00913251s
 INFO: Computing semblance for m0 = 7620
 INFO: Total execution time for kernels is 0.00906764s
 INFO: Computing semblance for m0 = 7640
 INFO: Total execution time for kernels is 0.00935449s
 INFO: Computing semblance for m0 = 7660
 INFO: Total execution time for kernels is 0.00916396s
 INFO: Computing semblance for m0 = 7680
 INFO: Total execution time for kernels is 0.00925247s
 INFO: Computing semblance for m0 = 7700
 INFO: Total execution time for kernels is 0.00918687s
 INFO: Computing semblance for m0 = 7720
 INFO: Total execution time for kernels is 0.00936486s
 INFO: Computing semblance for m0 = 7740
 INFO: Total execution time for kernels is 0.00922024s
 INFO: Computing semblance for m0 = 7760
 INFO: Total execution time for kernels is 0.009105s
 INFO: Computing semblance for m0 = 7780
 INFO: Total execution time for kernels is 0.00922361s
 INFO: Computing semblance for m0 = 7800
 INFO: Total execution time for kernels is 0.00952203s
 INFO: Computing semblance for m0 = 7820
 INFO: Total execution time for kernels is 0.00913007s
 INFO: Computing semblance for m0 = 7840
 INFO: Total execution time for kernels is 0.00907586s
 INFO: Computing semblance for m0 = 7860
 INFO: Total execution time for kernels is 0.00915038s
 INFO: Computing semblance for m0 = 7880
 INFO: Total execution time for kernels is 0.0096365s
 INFO: Computing semblance for m0 = 7900
 INFO: Total execution time for kernels is 0.0090282s
 INFO: Computing semblance for m0 = 7920
 INFO: Total execution time for kernels is 0.00927547s
 INFO: Computing semblance for m0 = 7940
 INFO: Total execution time for kernels is 0.00928877s
 INFO: Computing semblance for m0 = 7960
 INFO: Total execution time for kernels is 0.00990675s
 INFO: Computing semblance for m0 = 7980
 INFO: Total execution time for kernels is 0.00922096s
 INFO: Computing semblance for m0 = 8000
 INFO: Total execution time for kernels is 0.00913889s
 INFO: Computing semblance for m0 = 8020
 INFO: Total execution time for kernels is 0.00932266s
 INFO: Computing semblance for m0 = 8040
 INFO: Total execution time for kernels is 0.0093458s
 INFO: Computing semblance for m0 = 8060
 INFO: Total execution time for kernels is 0.00982042s
 INFO: Computing semblance for m0 = 8080
 INFO: Total execution time for kernels is 0.00941517s
 INFO: Computing semblance for m0 = 8100
 INFO: Total execution time for kernels is 0.0096717s
 INFO: Computing semblance for m0 = 8120
 INFO: Total execution time for kernels is 0.00925014s
 INFO: Computing semblance for m0 = 8140
 INFO: Total execution time for kernels is 0.00998242s
 INFO: Computing semblance for m0 = 8160
 INFO: Total execution time for kernels is 0.00933789s
 INFO: Computing semblance for m0 = 8180
 INFO: Total execution time for kernels is 0.00976319s
 INFO: Computing semblance for m0 = 8200
 INFO: Total execution time for kernels is 0.00949437s
 INFO: Computing semblance for m0 = 8220
 INFO: Total execution time for kernels is 0.0100196s
 INFO: Computing semblance for m0 = 8240
 INFO: Total execution time for kernels is 0.00932624s
 INFO: Computing semblance for m0 = 8260
 INFO: Total execution time for kernels is 0.010092s
 INFO: Computing semblance for m0 = 8280
 INFO: Total execution time for kernels is 0.00946466s
 INFO: Computing semblance for m0 = 8300
 INFO: Total execution time for kernels is 0.00980449s
 INFO: Computing semblance for m0 = 8320
 INFO: Total execution time for kernels is 0.00906171s
 INFO: Computing semblance for m0 = 8340
 INFO: Total execution time for kernels is 0.00979902s
 INFO: Computing semblance for m0 = 8360
 INFO: Total execution time for kernels is 0.00938533s
 INFO: Computing semblance for m0 = 8380
 INFO: Total execution time for kernels is 0.00994103s
 INFO: Computing semblance for m0 = 8400
 INFO: Total execution time for kernels is 0.00913962s
 INFO: Computing semblance for m0 = 8420
 INFO: Total execution time for kernels is 0.00983751s
 INFO: Computing semblance for m0 = 8440
 INFO: Total execution time for kernels is 0.00941611s
 INFO: Computing semblance for m0 = 8460
 INFO: Total execution time for kernels is 0.00980124s
 INFO: Computing semblance for m0 = 8480
 INFO: Total execution time for kernels is 0.00907054s
 INFO: Computing semblance for m0 = 8500
 INFO: Total execution time for kernels is 0.00981108s
 INFO: Computing semblance for m0 = 8520
 INFO: Total execution time for kernels is 0.00951215s
 INFO: Computing semblance for m0 = 8540
 INFO: Total execution time for kernels is 0.00974716s
 INFO: Computing semblance for m0 = 8560
 INFO: Total execution time for kernels is 0.00929676s
 INFO: Computing semblance for m0 = 8580
 INFO: Total execution time for kernels is 0.00974523s
 INFO: Computing semblance for m0 = 8600
 INFO: Total execution time for kernels is 0.00955531s
 INFO: Computing semblance for m0 = 8620
 INFO: Total execution time for kernels is 0.00908253s
 INFO: Computing semblance for m0 = 8640
 INFO: Total execution time for kernels is 0.0094099s
 INFO: Computing semblance for m0 = 8660
 INFO: Total execution time for kernels is 0.00970915s
 INFO: Computing semblance for m0 = 8680
 INFO: Total execution time for kernels is 0.00930859s
 INFO: Computing semblance for m0 = 8700
 INFO: Total execution time for kernels is 0.00929618s
 INFO: Computing semblance for m0 = 8720
 INFO: Total execution time for kernels is 0.00954402s
 INFO: Computing semblance for m0 = 8740
 INFO: Total execution time for kernels is 0.00955932s
 INFO: Computing semblance for m0 = 8760
 INFO: Total execution time for kernels is 0.00932592s
 INFO: Computing semblance for m0 = 8780
 INFO: Total execution time for kernels is 0.00926189s
 INFO: Computing semblance for m0 = 8800
 INFO: Total execution time for kernels is 0.00955301s
 INFO: Computing semblance for m0 = 8820
 INFO: Total execution time for kernels is 0.00940074s
 INFO: Computing semblance for m0 = 8840
 INFO: Total execution time for kernels is 0.00944452s
 INFO: Computing semblance for m0 = 8860
 INFO: Total execution time for kernels is 0.00922709s
 INFO: Computing semblance for m0 = 8880
 INFO: Total execution time for kernels is 0.00933003s
 INFO: Computing semblance for m0 = 8900
 INFO: Total execution time for kernels is 0.00945253s
 INFO: Computing semblance for m0 = 8920
 INFO: Total execution time for kernels is 0.00930971s
 INFO: Computing semblance for m0 = 8940
 INFO: Total execution time for kernels is 0.0092453s
 INFO: Computing semblance for m0 = 8960
 INFO: Total execution time for kernels is 0.00917898s
 INFO: Computing semblance for m0 = 8980
 INFO: Total execution time for kernels is 0.00950236s
 INFO: Computing semblance for m0 = 9000
 INFO: Total execution time for kernels is 0.00941102s
 INFO: Computing semblance for m0 = 9020
 INFO: Total execution time for kernels is 0.00932049s
 INFO: Computing semblance for m0 = 9040
 INFO: Total execution time for kernels is 0.00926829s
 INFO: Computing semblance for m0 = 9060
 INFO: Total execution time for kernels is 0.00953244s
 INFO: Computing semblance for m0 = 9080
 INFO: Total execution time for kernels is 0.0094645s
 INFO: Computing semblance for m0 = 9100
 INFO: Total execution time for kernels is 0.00927369s
 INFO: Computing semblance for m0 = 9120
 INFO: Total execution time for kernels is 0.00927431s
 INFO: Computing semblance for m0 = 9140
 INFO: Total execution time for kernels is 0.00904866s
 INFO: Computing semblance for m0 = 9160
 INFO: Total execution time for kernels is 0.00903168s
 INFO: Computing semblance for m0 = 9180
 INFO: Total execution time for kernels is 0.00838977s
 INFO: Computing semblance for m0 = 9200
 INFO: Total execution time for kernels is 0.00842565s
 INFO: Computing semblance for m0 = 9220
 INFO: Total execution time for kernels is 0.00814258s
 INFO: Computing semblance for m0 = 9240
 INFO: Total execution time for kernels is 0.00807429s
 INFO: Computing semblance for m0 = 9260
 INFO: Total execution time for kernels is 0.0076019s
 INFO: Computing semblance for m0 = 9280
 INFO: Total execution time for kernels is 0.00764129s
 INFO: Computing semblance for m0 = 9300
 INFO: Total execution time for kernels is 0.00724344s
 INFO: Computing semblance for m0 = 9320
 INFO: Total execution time for kernels is 0.00723881s
 INFO: Computing semblance for m0 = 9340
 INFO: Total execution time for kernels is 0.00675299s
 INFO: Computing semblance for m0 = 9360
 INFO: Total execution time for kernels is 0.00694557s
 INFO: Computing semblance for m0 = 9380
 INFO: Total execution time for kernels is 0.00644104s
 INFO: Computing semblance for m0 = 9400
 INFO: Total execution time for kernels is 0.00591105s
 INFO: Computing semblance for m0 = 9420
 INFO: Total execution time for kernels is 0.00646154s
 INFO: Computing semblance for m0 = 9440
 INFO: Total execution time for kernels is 0.00615601s
 INFO: Computing semblance for m0 = 9460
 INFO: Total execution time for kernels is 0.0056897s
 INFO: Computing semblance for m0 = 9480
 INFO: Total execution time for kernels is 0.00531947s
 INFO: Computing semblance for m0 = 9500
 INFO: Total execution time for kernels is 0.00554509s
 INFO: Computing semblance for m0 = 9520
 INFO: Total execution time for kernels is 0.00538712s
 INFO: Computing semblance for m0 = 9540
 INFO: Total execution time for kernels is 0.00490725s
 INFO: Computing semblance for m0 = 9560
 INFO: Total execution time for kernels is 0.00446478s
 INFO: Computing semblance for m0 = 9580
 INFO: Total execution time for kernels is 0.00487126s
 INFO: Computing semblance for m0 = 9600
 INFO: Total execution time for kernels is 0.00459983s
 INFO: Computing semblance for m0 = 9620
 INFO: Total execution time for kernels is 0.00416263s
 INFO: Computing semblance for m0 = 9640
 INFO: Total execution time for kernels is 0.00411389s
 INFO: Computing semblance for m0 = 9660
 INFO: Total execution time for kernels is 0.003868s
 INFO: Computing semblance for m0 = 9680
 INFO: Total execution time for kernels is 0.00392924s
 INFO: Computing semblance for m0 = 9700
 INFO: Total execution time for kernels is 0.00355884s
 INFO: Computing semblance for m0 = 9720
 INFO: Total execution time for kernels is 0.00331877s
 INFO: Computing semblance for m0 = 9740
 INFO: Total execution time for kernels is 0.00352147s
 INFO: Computing semblance for m0 = 9760
 INFO: Total execution time for kernels is 0.00337438s
 INFO: Computing semblance for m0 = 9780
 INFO: Total execution time for kernels is 0.00305565s
 INFO: Computing semblance for m0 = 9800
 INFO: Total execution time for kernels is 0.00282586s
 INFO: Computing semblance for m0 = 9820
 INFO: Total execution time for kernels is 0.00303638s
 INFO: Computing semblance for m0 = 9840
 INFO: Total execution time for kernels is 0.00285951s
 INFO: Computing semblance for m0 = 9860
 INFO: Total execution time for kernels is 0.00260508s
 INFO: Computing semblance for m0 = 9880
 INFO: Total execution time for kernels is 0.00243867s
 INFO: Computing semblance for m0 = 9900
 INFO: Total execution time for kernels is 0.00260669s
 INFO: Computing semblance for m0 = 9920
 INFO: Total execution time for kernels is 0.00244813s
 INFO: Computing semblance for m0 = 9940
 INFO: Total execution time for kernels is 0.00227581s
 INFO: Total execution time for kernels is 0.00210655s
 INFO: Total execution time for kernels is 0.00226788s
 INFO: Total execution time for kernels is 0.00210119s
 INFO: Average of efficiency is 1
 INFO: Average of interpolations_per_sec is 1.10279e+11
 INFO: Average of selected_traces is 20.6742
 INFO: Average of total_selection_kernel_exec_time is 0.000286693
 INFO: Average of total_kernel_exec_time is 0.00914898
 INFO: Driver init. duration is 0.122452 s
 INFO: Read gather duration is 0.0924029 s
 INFO: Parse args. duration is 0.000186652 s
 INFO: Worker threads duration is 1.83843 s
 INFO: Dump results duration is 0.387283 s
 INFO: Results written to /home/ubuntu/nfs/out/d4e9b53e_master_g4dn.12xlarge_32/cmp/de/cuda/simple-synthetic_2/simple-synthetic_de_cmp_20210303_1141/
 INFO: It took 2.45017s to compute.
