 INFO: Number of CDPs = 445
 INFO: Number of traces in the gather = 9200
 INFO: Number of samples per trace = 2502
 INFO: Starting worker threads...
 INFO: Computing semblance for m0 = 0
 INFO: Total execution time for kernels is 0.000898073s
 INFO: Computing semblance for m0 = 1080
 INFO: Total execution time for kernels is 0.00143528s
 INFO: Computing semblance for m0 = 1100
 INFO: Total execution time for kernels is 0.00142718s
 INFO: Computing semblance for m0 = 1120
 INFO: Computing semblance for m0 = 1140
 INFO: Total execution time for kernels is 0.00177779s
 INFO: Computing semblance for m0 = 1160
 INFO: Total execution time for kernels is 0.00196112s
 INFO: Computing semblance for m0 = 1180
 INFO: Total execution time for kernels is 0.00211921s
 INFO: Computing semblance for m0 = 1200
 INFO: Total execution time for kernels is 0.00211935s
 INFO: Computing semblance for m0 = 1220
 INFO: Total execution time for kernels is 0.0024617s
 INFO: Computing semblance for m0 = 1240
 INFO: Total execution time for kernels is 0.00246465s
 INFO: Computing semblance for m0 = 1260
 INFO: Total execution time for kernels is 0.00275216s
 INFO: Computing semblance for m0 = 1280
 INFO: Total execution time for kernels is 0.00274107s
 INFO: Computing semblance for m0 = 1300
 INFO: Total execution time for kernels is 0.00305852s
 INFO: Computing semblance for m0 = 1320
 INFO: Total execution time for kernels is 0.00309464s
 INFO: Computing semblance for m0 = 1340
 INFO: Computing semblance for m0 = 1360
 INFO: Computing semblance for m0 = 1380
 INFO: Total execution time for kernels is 0.00331301s
 INFO: Computing semblance for m0 = 1400
 INFO: Total execution time for kernels is 0.00327562s
 INFO: Computing semblance for m0 = 1420
 INFO: Total execution time for kernels is 0.00383646s
 INFO: Computing semblance for m0 = 1440
 INFO: Total execution time for kernels is 0.00382109s
 INFO: Computing semblance for m0 = 1460
 INFO: Total execution time for kernels is 0.00384917s
 INFO: Computing semblance for m0 = 1480
 INFO: Total execution time for kernels is 0.00386422s
 INFO: Computing semblance for m0 = 1500
 INFO: Total execution time for kernels is 0.00416s
 INFO: Computing semblance for m0 = 1520
 INFO: Total execution time for kernels is 0.00419478s
 INFO: Computing semblance for m0 = 1540
 INFO: Total execution time for kernels is 0.00442664s
 INFO: Computing semblance for m0 = 1560
 INFO: Total execution time for kernels is 0.00444732s
 INFO: Computing semblance for m0 = 1580
 INFO: Total execution time for kernels is 0.00479876s
 INFO: Computing semblance for m0 = 1600
 INFO: Total execution time for kernels is 0.00474823s
 INFO: Computing semblance for m0 = 1620
 INFO: Total execution time for kernels is 0.0050195s
 INFO: Computing semblance for m0 = 1640
 INFO: Total execution time for kernels is 0.00506236s
 INFO: Computing semblance for m0 = 1660
 INFO: Total execution time for kernels is 0.00532687s
 INFO: Computing semblance for m0 = 1680
 INFO: Total execution time for kernels is 0.00539761s
 INFO: Computing semblance for m0 = 1700
 INFO: Total execution time for kernels is 0.00569007s
 INFO: Computing semblance for m0 = 1720
 INFO: Total execution time for kernels is 0.00574468s
 INFO: Computing semblance for m0 = 1740
 INFO: Total execution time for kernels is 0.00607241s
 INFO: Computing semblance for m0 = 1760
 INFO: Total execution time for kernels is 0.00600656s
 INFO: Computing semblance for m0 = 1780
 INFO: Total execution time for kernels is 0.00622799s
 INFO: Computing semblance for m0 = 1800
 INFO: Total execution time for kernels is 0.00637894s
 INFO: Computing semblance for m0 = 1820
 INFO: Total execution time for kernels is 0.00663765s
 INFO: Computing semblance for m0 = 1840
 INFO: Total execution time for kernels is 0.00665678s
 INFO: Computing semblance for m0 = 1860
 INFO: Total execution time for kernels is 0.00697329s
 INFO: Computing semblance for m0 = 1880
 INFO: Total execution time for kernels is 0.00705778s
 INFO: Computing semblance for m0 = 1900
 INFO: Total execution time for kernels is 0.0073582s
 INFO: Computing semblance for m0 = 1920
 INFO: Total execution time for kernels is 0.00738956s
 INFO: Computing semblance for m0 = 1940
 INFO: Total execution time for kernels is 0.00767835s
 INFO: Computing semblance for m0 = 1960
 INFO: Total execution time for kernels is 0.00782377s
 INFO: Computing semblance for m0 = 1980
 INFO: Total execution time for kernels is 0.008252s
 INFO: Computing semblance for m0 = 2000
 INFO: Total execution time for kernels is 0.00806406s
 INFO: Computing semblance for m0 = 2020
 INFO: Total execution time for kernels is 0.00846319s
 INFO: Computing semblance for m0 = 2040
 INFO: Total execution time for kernels is 0.0086455s
 INFO: Computing semblance for m0 = 2060
 INFO: Total execution time for kernels is 0.00866654s
 INFO: Computing semblance for m0 = 2080
 INFO: Total execution time for kernels is 0.00849426s
 INFO: Computing semblance for m0 = 2100
 INFO: Total execution time for kernels is 0.00850939s
 INFO: Computing semblance for m0 = 2120
 INFO: Total execution time for kernels is 0.00857911s
 INFO: Computing semblance for m0 = 2140
 INFO: Total execution time for kernels is 0.00859753s
 INFO: Computing semblance for m0 = 2160
 INFO: Total execution time for kernels is 0.00862788s
 INFO: Computing semblance for m0 = 2180
 INFO: Total execution time for kernels is 0.0084653s
 INFO: Computing semblance for m0 = 2200
 INFO: Total execution time for kernels is 0.00866791s
 INFO: Computing semblance for m0 = 2220
 INFO: Total execution time for kernels is 0.00859552s
 INFO: Computing semblance for m0 = 2240
 INFO: Total execution time for kernels is 0.00846711s
 INFO: Computing semblance for m0 = 2260
 INFO: Total execution time for kernels is 0.00850659s
 INFO: Computing semblance for m0 = 2280
 INFO: Total execution time for kernels is 0.00858769s
 INFO: Computing semblance for m0 = 2300
 INFO: Total execution time for kernels is 0.00857341s
 INFO: Computing semblance for m0 = 2320
 INFO: Total execution time for kernels is 0.00851818s
 INFO: Computing semblance for m0 = 2340
 INFO: Total execution time for kernels is 0.00853023s
 INFO: Computing semblance for m0 = 2360
 INFO: Total execution time for kernels is 0.00847312s
 INFO: Computing semblance for m0 = 2380
 INFO: Total execution time for kernels is 0.00856309s
 INFO: Computing semblance for m0 = 2400
 INFO: Total execution time for kernels is 0.0084615s
 INFO: Computing semblance for m0 = 2420
 INFO: Total execution time for kernels is 0.00844888s
 INFO: Computing semblance for m0 = 2440
 INFO: Total execution time for kernels is 0.00851603s
 INFO: Computing semblance for m0 = 2460
 INFO: Total execution time for kernels is 0.00850599s
 INFO: Computing semblance for m0 = 2480
 INFO: Total execution time for kernels is 0.0084941s
 INFO: Computing semblance for m0 = 2500
 INFO: Total execution time for kernels is 0.00838058s
 INFO: Computing semblance for m0 = 2520
 INFO: Total execution time for kernels is 0.00856237s
 INFO: Computing semblance for m0 = 2540
 INFO: Total execution time for kernels is 0.00845309s
 INFO: Computing semblance for m0 = 2560
 INFO: Total execution time for kernels is 0.00867784s
 INFO: Computing semblance for m0 = 2580
 INFO: Total execution time for kernels is 0.00844275s
 INFO: Computing semblance for m0 = 2600
 INFO: Total execution time for kernels is 0.00858477s
 INFO: Computing semblance for m0 = 2620
 INFO: Total execution time for kernels is 0.00853749s
 INFO: Computing semblance for m0 = 2640
 INFO: Total execution time for kernels is 0.00862553s
 INFO: Computing semblance for m0 = 2660
 INFO: Total execution time for kernels is 0.00841804s
 INFO: Computing semblance for m0 = 2680
 INFO: Total execution time for kernels is 0.0086615s
 INFO: Computing semblance for m0 = 2700
 INFO: Total execution time for kernels is 0.00825781s
 INFO: Computing semblance for m0 = 2720
 INFO: Total execution time for kernels is 0.0084488s
 INFO: Computing semblance for m0 = 2740
 INFO: Total execution time for kernels is 0.00838096s
 INFO: Computing semblance for m0 = 2760
 INFO: Total execution time for kernels is 0.00858148s
 INFO: Computing semblance for m0 = 2780
 INFO: Total execution time for kernels is 0.00838232s
 INFO: Computing semblance for m0 = 2800
 INFO: Total execution time for kernels is 0.00857682s
 INFO: Computing semblance for m0 = 2820
 INFO: Total execution time for kernels is 0.00831443s
 INFO: Computing semblance for m0 = 2840
 INFO: Total execution time for kernels is 0.00852522s
 INFO: Computing semblance for m0 = 2860
 INFO: Total execution time for kernels is 0.00836127s
 INFO: Computing semblance for m0 = 2880
 INFO: Total execution time for kernels is 0.00836302s
 INFO: Computing semblance for m0 = 2900
 INFO: Total execution time for kernels is 0.00821663s
 INFO: Computing semblance for m0 = 2920
 INFO: Total execution time for kernels is 0.00860335s
 INFO: Computing semblance for m0 = 2940
 INFO: Total execution time for kernels is 0.0083303s
 INFO: Computing semblance for m0 = 2960
 INFO: Total execution time for kernels is 0.00831798s
 INFO: Computing semblance for m0 = 2980
 INFO: Total execution time for kernels is 0.00832616s
 INFO: Computing semblance for m0 = 3000
 INFO: Total execution time for kernels is 0.00862344s
 INFO: Computing semblance for m0 = 3020
 INFO: Total execution time for kernels is 0.00838587s
 INFO: Computing semblance for m0 = 3040
 INFO: Total execution time for kernels is 0.00847081s
 INFO: Computing semblance for m0 = 3060
 INFO: Total execution time for kernels is 0.00843696s
 INFO: Computing semblance for m0 = 3080
 INFO: Total execution time for kernels is 0.00840311s
 INFO: Computing semblance for m0 = 3100
 INFO: Total execution time for kernels is 0.00834302s
 INFO: Computing semblance for m0 = 3120
 INFO: Total execution time for kernels is 0.00840452s
 INFO: Computing semblance for m0 = 3140
 INFO: Total execution time for kernels is 0.00838144s
 INFO: Computing semblance for m0 = 3160
 INFO: Total execution time for kernels is 0.00840151s
 INFO: Computing semblance for m0 = 3180
 INFO: Total execution time for kernels is 0.0083807s
 INFO: Computing semblance for m0 = 3200
 INFO: Total execution time for kernels is 0.00830231s
 INFO: Computing semblance for m0 = 3220
 INFO: Total execution time for kernels is 0.00842423s
 INFO: Computing semblance for m0 = 3240
 INFO: Total execution time for kernels is 0.00842503s
 INFO: Computing semblance for m0 = 3260
 INFO: Total execution time for kernels is 0.00839691s
 INFO: Computing semblance for m0 = 3280
 INFO: Total execution time for kernels is 0.00840743s
 INFO: Computing semblance for m0 = 3300
 INFO: Total execution time for kernels is 0.00838501s
 INFO: Computing semblance for m0 = 3320
 INFO: Total execution time for kernels is 0.00841723s
 INFO: Computing semblance for m0 = 3340
 INFO: Total execution time for kernels is 0.00840179s
 INFO: Computing semblance for m0 = 3360
 INFO: Total execution time for kernels is 0.00835664s
 INFO: Computing semblance for m0 = 3380
 INFO: Total execution time for kernels is 0.00827954s
 INFO: Computing semblance for m0 = 3400
 INFO: Total execution time for kernels is 0.00840877s
 INFO: Computing semblance for m0 = 3420
 INFO: Total execution time for kernels is 0.0082909s
 INFO: Computing semblance for m0 = 3440
 INFO: Total execution time for kernels is 0.00831428s
 INFO: Computing semblance for m0 = 3460
 INFO: Total execution time for kernels is 0.00830603s
 INFO: Computing semblance for m0 = 3480
 INFO: Total execution time for kernels is 0.00839919s
 INFO: Computing semblance for m0 = 3500
 INFO: Total execution time for kernels is 0.00833274s
 INFO: Computing semblance for m0 = 3520
 INFO: Total execution time for kernels is 0.00842718s
 INFO: Computing semblance for m0 = 3540
 INFO: Total execution time for kernels is 0.00828817s
 INFO: Computing semblance for m0 = 3560
 INFO: Total execution time for kernels is 0.00837997s
 INFO: Computing semblance for m0 = 3580
 INFO: Total execution time for kernels is 0.00832666s
 INFO: Computing semblance for m0 = 3600
 INFO: Total execution time for kernels is 0.00841183s
 INFO: Computing semblance for m0 = 3620
 INFO: Total execution time for kernels is 0.00829183s
 INFO: Computing semblance for m0 = 3640
 INFO: Total execution time for kernels is 0.00826871s
 INFO: Computing semblance for m0 = 3660
 INFO: Total execution time for kernels is 0.00833839s
 INFO: Computing semblance for m0 = 3680
 INFO: Total execution time for kernels is 0.00847743s
 INFO: Computing semblance for m0 = 3700
 INFO: Total execution time for kernels is 0.0081706s
 INFO: Computing semblance for m0 = 3720
 INFO: Total execution time for kernels is 0.00836075s
 INFO: Computing semblance for m0 = 3740
 INFO: Total execution time for kernels is 0.00835845s
 INFO: Computing semblance for m0 = 3760
 INFO: Total execution time for kernels is 0.00820121s
 INFO: Computing semblance for m0 = 3780
 INFO: Total execution time for kernels is 0.00838791s
 INFO: Computing semblance for m0 = 3800
 INFO: Total execution time for kernels is 0.00837805s
 INFO: Computing semblance for m0 = 3820
 INFO: Total execution time for kernels is 0.00834699s
 INFO: Computing semblance for m0 = 3840
 INFO: Total execution time for kernels is 0.00824549s
 INFO: Computing semblance for m0 = 3860
 INFO: Total execution time for kernels is 0.00825267s
 INFO: Computing semblance for m0 = 3880
 INFO: Total execution time for kernels is 0.00833664s
 INFO: Computing semblance for m0 = 3900
 INFO: Total execution time for kernels is 0.00830145s
 INFO: Computing semblance for m0 = 3920
 INFO: Total execution time for kernels is 0.00824311s
 INFO: Computing semblance for m0 = 3940
 INFO: Total execution time for kernels is 0.00839296s
 INFO: Computing semblance for m0 = 3960
 INFO: Total execution time for kernels is 0.00830698s
 INFO: Computing semblance for m0 = 3980
 INFO: Total execution time for kernels is 0.00828451s
 INFO: Computing semblance for m0 = 4000
 INFO: Total execution time for kernels is 0.00825356s
 INFO: Computing semblance for m0 = 4020
 INFO: Total execution time for kernels is 0.00849334s
 INFO: Computing semblance for m0 = 4040
 INFO: Total execution time for kernels is 0.00851127s
 INFO: Computing semblance for m0 = 4060
 INFO: Total execution time for kernels is 0.00831253s
 INFO: Computing semblance for m0 = 4080
 INFO: Total execution time for kernels is 0.00831534s
 INFO: Computing semblance for m0 = 4100
 INFO: Total execution time for kernels is 0.00835074s
 INFO: Computing semblance for m0 = 4120
 INFO: Total execution time for kernels is 0.00843833s
 INFO: Computing semblance for m0 = 4140
 INFO: Total execution time for kernels is 0.00835191s
 INFO: Computing semblance for m0 = 4160
 INFO: Total execution time for kernels is 0.00826449s
 INFO: Computing semblance for m0 = 4180
 INFO: Total execution time for kernels is 0.00831245s
 INFO: Computing semblance for m0 = 4200
 INFO: Total execution time for kernels is 0.00840883s
 INFO: Computing semblance for m0 = 4220
 INFO: Total execution time for kernels is 0.00825736s
 INFO: Computing semblance for m0 = 4240
 INFO: Total execution time for kernels is 0.00832152s
 INFO: Computing semblance for m0 = 4260
 INFO: Total execution time for kernels is 0.00823395s
 INFO: Computing semblance for m0 = 4280
 INFO: Total execution time for kernels is 0.00828687s
 INFO: Computing semblance for m0 = 4300
 INFO: Total execution time for kernels is 0.00826623s
 INFO: Computing semblance for m0 = 4320
 INFO: Total execution time for kernels is 0.00838929s
 INFO: Computing semblance for m0 = 4340
 INFO: Total execution time for kernels is 0.0081622s
 INFO: Computing semblance for m0 = 4360
 INFO: Total execution time for kernels is 0.00835755s
 INFO: Computing semblance for m0 = 4380
 INFO: Total execution time for kernels is 0.00837027s
 INFO: Computing semblance for m0 = 4400
 INFO: Total execution time for kernels is 0.00826327s
 INFO: Computing semblance for m0 = 4420
 INFO: Total execution time for kernels is 0.00833214s
 INFO: Computing semblance for m0 = 4440
 INFO: Total execution time for kernels is 0.00826879s
 INFO: Computing semblance for m0 = 4460
 INFO: Total execution time for kernels is 0.00837495s
 INFO: Computing semblance for m0 = 4480
 INFO: Total execution time for kernels is 0.00825791s
 INFO: Computing semblance for m0 = 4500
 INFO: Total execution time for kernels is 0.00831912s
 INFO: Computing semblance for m0 = 4520
 INFO: Total execution time for kernels is 0.0082323s
 INFO: Total execution time for kernels is 0.00839207s
 INFO: Computing semblance for m0 = 4540
 INFO: Computing semblance for m0 = 4560
 INFO: Total execution time for kernels is 0.00827114s
 INFO: Computing semblance for m0 = 4580
 INFO: Total execution time for kernels is 0.00814001s
 INFO: Computing semblance for m0 = 4600
 INFO: Total execution time for kernels is 0.00823143s
 INFO: Total execution time for kernels is 0.00833765s
 INFO: Computing semblance for m0 = 4620
 INFO: Computing semblance for m0 = 4640
 INFO: Total execution time for kernels is 0.00837456s
 INFO: Computing semblance for m0 = 4660
 INFO: Total execution time for kernels is 0.00825026s
 INFO: Computing semblance for m0 = 4680
 INFO: Total execution time for kernels is 0.00832281s
 INFO: Computing semblance for m0 = 4700
 INFO: Total execution time for kernels is 0.00832949s
 INFO: Computing semblance for m0 = 4720
 INFO: Total execution time for kernels is 0.00813327s
 INFO: Computing semblance for m0 = 4740
 INFO: Total execution time for kernels is 0.00825709s
 INFO: Computing semblance for m0 = 4760
 INFO: Total execution time for kernels is 0.00828792s
 INFO: Computing semblance for m0 = 4780
 INFO: Total execution time for kernels is 0.0083522s
 INFO: Computing semblance for m0 = 4800
 INFO: Total execution time for kernels is 0.0084023s
 INFO: Computing semblance for m0 = 4820
 INFO: Total execution time for kernels is 0.00832972s
 INFO: Computing semblance for m0 = 4840
 INFO: Total execution time for kernels is 0.00832186s
 INFO: Computing semblance for m0 = 4860
 INFO: Total execution time for kernels is 0.00827683s
 INFO: Computing semblance for m0 = 4880
 INFO: Total execution time for kernels is 0.00817135s
 INFO: Computing semblance for m0 = 4900
 INFO: Total execution time for kernels is 0.00831927s
 INFO: Computing semblance for m0 = 4920
 INFO: Total execution time for kernels is 0.00825177s
 INFO: Computing semblance for m0 = 4940
 INFO: Total execution time for kernels is 0.0082628s
 INFO: Computing semblance for m0 = 4960
 INFO: Total execution time for kernels is 0.00832338s
 INFO: Computing semblance for m0 = 4980
 INFO: Total execution time for kernels is 0.00819417s
 INFO: Computing semblance for m0 = 5000
 INFO: Total execution time for kernels is 0.00824345s
 INFO: Computing semblance for m0 = 5020
 INFO: Total execution time for kernels is 0.00829953s
 INFO: Computing semblance for m0 = 5040
 INFO: Total execution time for kernels is 0.00824444s
 INFO: Computing semblance for m0 = 5060
 INFO: Total execution time for kernels is 0.00836608s
 INFO: Computing semblance for m0 = 5080
 INFO: Total execution time for kernels is 0.0082543s
 INFO: Computing semblance for m0 = 5100
 INFO: Total execution time for kernels is 0.0082477s
 INFO: Computing semblance for m0 = 5120
 INFO: Total execution time for kernels is 0.00818855s
 INFO: Computing semblance for m0 = 5140
 INFO: Total execution time for kernels is 0.00819253s
 INFO: Computing semblance for m0 = 5160
 INFO: Total execution time for kernels is 0.00824416s
 INFO: Computing semblance for m0 = 5180
 INFO: Total execution time for kernels is 0.00832565s
 INFO: Computing semblance for m0 = 5200
 INFO: Total execution time for kernels is 0.00827924s
 INFO: Computing semblance for m0 = 5220
 INFO: Total execution time for kernels is 0.00818994s
 INFO: Computing semblance for m0 = 5240
 INFO: Total execution time for kernels is 0.00835327s
 INFO: Computing semblance for m0 = 5260
 INFO: Total execution time for kernels is 0.00839661s
 INFO: Computing semblance for m0 = 5280
 INFO: Total execution time for kernels is 0.0081959s
 INFO: Computing semblance for m0 = 5300
 INFO: Total execution time for kernels is 0.00833534s
 INFO: Computing semblance for m0 = 5320
 INFO: Total execution time for kernels is 0.00823649s
 INFO: Computing semblance for m0 = 5340
 INFO: Total execution time for kernels is 0.00834164s
 INFO: Computing semblance for m0 = 5360
 INFO: Total execution time for kernels is 0.0082901s
 INFO: Computing semblance for m0 = 5380
 INFO: Total execution time for kernels is 0.00829926s
 INFO: Computing semblance for m0 = 5400
 INFO: Total execution time for kernels is 0.00823124s
 INFO: Computing semblance for m0 = 5420
 INFO: Total execution time for kernels is 0.00836288s
 INFO: Computing semblance for m0 = 5440
 INFO: Total execution time for kernels is 0.00830713s
 INFO: Computing semblance for m0 = 5460
 INFO: Total execution time for kernels is 0.00819813s
 INFO: Computing semblance for m0 = 5480
 INFO: Total execution time for kernels is 0.00832455s
 INFO: Computing semblance for m0 = 5500
 INFO: Total execution time for kernels is 0.00827966s
 INFO: Computing semblance for m0 = 5520
 INFO: Total execution time for kernels is 0.00839762s
 INFO: Computing semblance for m0 = 5540
 INFO: Total execution time for kernels is 0.00822284s
 INFO: Computing semblance for m0 = 5560
 INFO: Total execution time for kernels is 0.00827235s
 INFO: Computing semblance for m0 = 5580
 INFO: Total execution time for kernels is 0.00829598s
 INFO: Computing semblance for m0 = 5600
 INFO: Total execution time for kernels is 0.0083282s
 INFO: Computing semblance for m0 = 5620
 INFO: Total execution time for kernels is 0.00817158s
 INFO: Computing semblance for m0 = 5640
 INFO: Total execution time for kernels is 0.00827584s
 INFO: Computing semblance for m0 = 5660
 INFO: Total execution time for kernels is 0.00829867s
 INFO: Computing semblance for m0 = 5680
 INFO: Total execution time for kernels is 0.00829106s
 INFO: Computing semblance for m0 = 5700
 INFO: Total execution time for kernels is 0.0081817s
 INFO: Computing semblance for m0 = 5720
 INFO: Total execution time for kernels is 0.00821s
 INFO: Computing semblance for m0 = 5740
 INFO: Total execution time for kernels is 0.00825086s
 INFO: Computing semblance for m0 = 5760
 INFO: Total execution time for kernels is 0.00835951s
 INFO: Computing semblance for m0 = 5780
 INFO: Total execution time for kernels is 0.00830991s
 INFO: Computing semblance for m0 = 5800
 INFO: Total execution time for kernels is 0.00834267s
 INFO: Computing semblance for m0 = 5820
 INFO: Total execution time for kernels is 0.00839124s
 INFO: Computing semblance for m0 = 5840
 INFO: Total execution time for kernels is 0.00820064s
 INFO: Computing semblance for m0 = 5860
 INFO: Total execution time for kernels is 0.00831631s
 INFO: Computing semblance for m0 = 5880
 INFO: Total execution time for kernels is 0.00834571s
 INFO: Computing semblance for m0 = 5900
 INFO: Total execution time for kernels is 0.00822329s
 INFO: Computing semblance for m0 = 5920
 INFO: Total execution time for kernels is 0.00823577s
 INFO: Computing semblance for m0 = 5940
 INFO: Total execution time for kernels is 0.00810013s
 INFO: Computing semblance for m0 = 5960
 INFO: Total execution time for kernels is 0.00823983s
 INFO: Computing semblance for m0 = 5980
 INFO: Total execution time for kernels is 0.00839644s
 INFO: Computing semblance for m0 = 6000
 INFO: Total execution time for kernels is 0.00835546s
 INFO: Computing semblance for m0 = 6020
 INFO: Total execution time for kernels is 0.00821375s
 INFO: Computing semblance for m0 = 6040
 INFO: Total execution time for kernels is 0.00834827s
 INFO: Computing semblance for m0 = 6060
 INFO: Total execution time for kernels is 0.00837027s
 INFO: Computing semblance for m0 = 6080
 INFO: Total execution time for kernels is 0.0082481s
 INFO: Computing semblance for m0 = 6100
 INFO: Total execution time for kernels is 0.00820427s
 INFO: Computing semblance for m0 = 6120
 INFO: Total execution time for kernels is 0.00828345s
 INFO: Computing semblance for m0 = 6140
 INFO: Total execution time for kernels is 0.00821729s
 INFO: Computing semblance for m0 = 6160
 INFO: Total execution time for kernels is 0.00835074s
 INFO: Computing semblance for m0 = 6180
 INFO: Total execution time for kernels is 0.00816727s
 INFO: Computing semblance for m0 = 6200
 INFO: Total execution time for kernels is 0.00820115s
 INFO: Computing semblance for m0 = 6220
 INFO: Total execution time for kernels is 0.00836489s
 INFO: Computing semblance for m0 = 6240
 INFO: Total execution time for kernels is 0.00828968s
 INFO: Computing semblance for m0 = 6260
 INFO: Total execution time for kernels is 0.00823674s
 INFO: Computing semblance for m0 = 6280
 INFO: Total execution time for kernels is 0.00825269s
 INFO: Computing semblance for m0 = 6300
 INFO: Total execution time for kernels is 0.00822132s
 INFO: Computing semblance for m0 = 6320
 INFO: Total execution time for kernels is 0.00831808s
 INFO: Computing semblance for m0 = 6340
 INFO: Total execution time for kernels is 0.0081989s
 INFO: Computing semblance for m0 = 6360
 INFO: Total execution time for kernels is 0.00838194s
 INFO: Computing semblance for m0 = 6380
 INFO: Total execution time for kernels is 0.00815428s
 INFO: Computing semblance for m0 = 6400
 INFO: Total execution time for kernels is 0.0082779s
 INFO: Computing semblance for m0 = 6420
 INFO: Total execution time for kernels is 0.0083576s
 INFO: Computing semblance for m0 = 6440
 INFO: Total execution time for kernels is 0.00825595s
 INFO: Computing semblance for m0 = 6460
 INFO: Total execution time for kernels is 0.00825277s
 INFO: Computing semblance for m0 = 6480
 INFO: Total execution time for kernels is 0.00828625s
 INFO: Computing semblance for m0 = 6500
 INFO: Total execution time for kernels is 0.00823964s
 INFO: Computing semblance for m0 = 6520
 INFO: Total execution time for kernels is 0.00821012s
 INFO: Computing semblance for m0 = 6540
 INFO: Total execution time for kernels is 0.00837941s
 INFO: Computing semblance for m0 = 6560
 INFO: Total execution time for kernels is 0.00827325s
 INFO: Computing semblance for m0 = 6580
 INFO: Total execution time for kernels is 0.00825609s
 INFO: Computing semblance for m0 = 6600
 INFO: Total execution time for kernels is 0.00835009s
 INFO: Computing semblance for m0 = 6620
 INFO: Total execution time for kernels is 0.0083388s
 INFO: Computing semblance for m0 = 6640
 INFO: Total execution time for kernels is 0.00830307s
 INFO: Computing semblance for m0 = 6660
 INFO: Total execution time for kernels is 0.00826415s
 INFO: Computing semblance for m0 = 6680
 INFO: Total execution time for kernels is 0.00830788s
 INFO: Computing semblance for m0 = 6700
 INFO: Total execution time for kernels is 0.00828781s
 INFO: Computing semblance for m0 = 6720
 INFO: Total execution time for kernels is 0.00812176s
 INFO: Computing semblance for m0 = 6740
 INFO: Total execution time for kernels is 0.00837887s
 INFO: Computing semblance for m0 = 6760
 INFO: Total execution time for kernels is 0.00831493s
 INFO: Computing semblance for m0 = 6780
 INFO: Total execution time for kernels is 0.00835752s
 INFO: Computing semblance for m0 = 6800
 INFO: Total execution time for kernels is 0.00819863s
 INFO: Computing semblance for m0 = 6820
 INFO: Total execution time for kernels is 0.00825502s
 INFO: Computing semblance for m0 = 6840
 INFO: Total execution time for kernels is 0.00818818s
 INFO: Computing semblance for m0 = 6860
 INFO: Total execution time for kernels is 0.00840367s
 INFO: Computing semblance for m0 = 6880
 INFO: Total execution time for kernels is 0.00820488s
 INFO: Computing semblance for m0 = 6900
 INFO: Total execution time for kernels is 0.00824234s
 INFO: Computing semblance for m0 = 6920
 INFO: Total execution time for kernels is 0.00827528s
 INFO: Computing semblance for m0 = 6940
 INFO: Total execution time for kernels is 0.00828545s
 INFO: Computing semblance for m0 = 6960
 INFO: Total execution time for kernels is 0.00837184s
 INFO: Computing semblance for m0 = 6980
 INFO: Total execution time for kernels is 0.00808324s
 INFO: Computing semblance for m0 = 7000
 INFO: Total execution time for kernels is 0.00835094s
 INFO: Computing semblance for m0 = 7020
 INFO: Total execution time for kernels is 0.0082899s
 INFO: Computing semblance for m0 = 7040
 INFO: Total execution time for kernels is 0.00829135s
 INFO: Computing semblance for m0 = 7060
 INFO: Total execution time for kernels is 0.00815657s
 INFO: Computing semblance for m0 = 7080
 INFO: Total execution time for kernels is 0.00821526s
 INFO: Computing semblance for m0 = 7100
 INFO: Total execution time for kernels is 0.00830064s
 INFO: Computing semblance for m0 = 7120
 INFO: Total execution time for kernels is 0.00822256s
 INFO: Computing semblance for m0 = 7140
 INFO: Total execution time for kernels is 0.00829279s
 INFO: Computing semblance for m0 = 7160
 INFO: Total execution time for kernels is 0.00822997s
 INFO: Computing semblance for m0 = 7180
 INFO: Total execution time for kernels is 0.00830119s
 INFO: Computing semblance for m0 = 7200
 INFO: Total execution time for kernels is 0.00826709s
 INFO: Computing semblance for m0 = 7220
 INFO: Total execution time for kernels is 0.00819333s
 INFO: Computing semblance for m0 = 7240
 INFO: Total execution time for kernels is 0.00836215s
 INFO: Computing semblance for m0 = 7260
 INFO: Total execution time for kernels is 0.00832079s
 INFO: Computing semblance for m0 = 7280
 INFO: Total execution time for kernels is 0.00828204s
 INFO: Computing semblance for m0 = 7300
 INFO: Total execution time for kernels is 0.00831074s
 INFO: Computing semblance for m0 = 7320
 INFO: Total execution time for kernels is 0.00824819s
 INFO: Computing semblance for m0 = 7340
 INFO: Total execution time for kernels is 0.00831328s
 INFO: Computing semblance for m0 = 7360
 INFO: Total execution time for kernels is 0.00827016s
 INFO: Computing semblance for m0 = 7380
 INFO: Total execution time for kernels is 0.00828242s
 INFO: Computing semblance for m0 = 7400
 INFO: Total execution time for kernels is 0.00823824s
 INFO: Computing semblance for m0 = 7420
 INFO: Total execution time for kernels is 0.00841603s
 INFO: Computing semblance for m0 = 7440
 INFO: Total execution time for kernels is 0.00832893s
 INFO: Computing semblance for m0 = 7460
 INFO: Total execution time for kernels is 0.00826004s
 INFO: Computing semblance for m0 = 7480
 INFO: Total execution time for kernels is 0.00838481s
 INFO: Computing semblance for m0 = 7500
 INFO: Total execution time for kernels is 0.00826934s
 INFO: Computing semblance for m0 = 7520
 INFO: Total execution time for kernels is 0.00825922s
 INFO: Computing semblance for m0 = 7540
 INFO: Total execution time for kernels is 0.00827429s
 INFO: Computing semblance for m0 = 7560
 INFO: Total execution time for kernels is 0.00821779s
 INFO: Computing semblance for m0 = 7580
 INFO: Total execution time for kernels is 0.00835711s
 INFO: Computing semblance for m0 = 7600
 INFO: Total execution time for kernels is 0.00832677s
 INFO: Computing semblance for m0 = 7620
 INFO: Total execution time for kernels is 0.00812386s
 INFO: Computing semblance for m0 = 7640
 INFO: Total execution time for kernels is 0.00826221s
 INFO: Computing semblance for m0 = 7660
 INFO: Total execution time for kernels is 0.00832974s
 INFO: Computing semblance for m0 = 7680
 INFO: Total execution time for kernels is 0.00824957s
 INFO: Computing semblance for m0 = 7700
 INFO: Total execution time for kernels is 0.00825058s
 INFO: Computing semblance for m0 = 7720
 INFO: Total execution time for kernels is 0.00827343s
 INFO: Total execution time for kernels is 0.0082736s
 INFO: Computing semblance for m0 = 7740
 INFO: Computing semblance for m0 = 7760
 INFO: Total execution time for kernels is 0.00827423s
 INFO: Computing semblance for m0 = 7780
 INFO: Total execution time for kernels is 0.00821655s
 INFO: Computing semblance for m0 = 7800
 INFO: Total execution time for kernels is 0.00826195s
 INFO: Computing semblance for m0 = 7820
 INFO: Total execution time for kernels is 0.0083092s
 INFO: Computing semblance for m0 = 7840
 INFO: Total execution time for kernels is 0.00834118s
 INFO: Computing semblance for m0 = 7860
 INFO: Total execution time for kernels is 0.00820247s
 INFO: Computing semblance for m0 = 7880
 INFO: Total execution time for kernels is 0.00832136s
 INFO: Computing semblance for m0 = 7900
 INFO: Total execution time for kernels is 0.00835261s
 INFO: Computing semblance for m0 = 7920
 INFO: Total execution time for kernels is 0.00841088s
 INFO: Computing semblance for m0 = 7940
 INFO: Total execution time for kernels is 0.00817114s
 INFO: Computing semblance for m0 = 7960
 INFO: Total execution time for kernels is 0.00823402s
 INFO: Computing semblance for m0 = 7980
 INFO: Total execution time for kernels is 0.0083116s
 INFO: Computing semblance for m0 = 8000
 INFO: Total execution time for kernels is 0.00818155s
 INFO: Computing semblance for m0 = 8020
 INFO: Total execution time for kernels is 0.00810493s
 INFO: Computing semblance for m0 = 8040
 INFO: Total execution time for kernels is 0.00826575s
 INFO: Computing semblance for m0 = 8060
 INFO: Total execution time for kernels is 0.00835756s
 INFO: Computing semblance for m0 = 8080
 INFO: Total execution time for kernels is 0.00826696s
 INFO: Computing semblance for m0 = 8100
 INFO: Total execution time for kernels is 0.00820226s
 INFO: Computing semblance for m0 = 8120
 INFO: Total execution time for kernels is 0.00814689s
 INFO: Computing semblance for m0 = 8140
 INFO: Total execution time for kernels is 0.00834181s
 INFO: Computing semblance for m0 = 8160
 INFO: Total execution time for kernels is 0.0082013s
 INFO: Computing semblance for m0 = 8180
 INFO: Total execution time for kernels is 0.00822848s
 INFO: Computing semblance for m0 = 8200
 INFO: Total execution time for kernels is 0.00822318s
 INFO: Total execution time for kernels is 0.00837799s
 INFO: Computing semblance for m0 = 8220
 INFO: Computing semblance for m0 = 8240
 INFO: Total execution time for kernels is 0.00822278s
 INFO: Computing semblance for m0 = 8260
 INFO: Total execution time for kernels is 0.00829613s
 INFO: Computing semblance for m0 = 8280
 INFO: Total execution time for kernels is 0.00817717s
 INFO: Computing semblance for m0 = 8300
 INFO: Total execution time for kernels is 0.00833524s
 INFO: Computing semblance for m0 = 8320
 INFO: Total execution time for kernels is 0.00827749s
 INFO: Computing semblance for m0 = 8340
 INFO: Total execution time for kernels is 0.0081178s
 INFO: Computing semblance for m0 = 8360
 INFO: Total execution time for kernels is 0.00828361s
 INFO: Computing semblance for m0 = 8380
 INFO: Total execution time for kernels is 0.00827516s
 INFO: Computing semblance for m0 = 8400
 INFO: Total execution time for kernels is 0.00827499s
 INFO: Computing semblance for m0 = 8420
 INFO: Total execution time for kernels is 0.00818562s
 INFO: Computing semblance for m0 = 8440
 INFO: Total execution time for kernels is 0.00818663s
 INFO: Computing semblance for m0 = 8460
 INFO: Total execution time for kernels is 0.00830589s
 INFO: Computing semblance for m0 = 8480
 INFO: Total execution time for kernels is 0.00821794s
 INFO: Computing semblance for m0 = 8500
 INFO: Total execution time for kernels is 0.00821915s
 INFO: Computing semblance for m0 = 8520
 INFO: Total execution time for kernels is 0.00824815s
 INFO: Computing semblance for m0 = 8540
 INFO: Total execution time for kernels is 0.00840827s
 INFO: Computing semblance for m0 = 8560
 INFO: Total execution time for kernels is 0.00835906s
 INFO: Computing semblance for m0 = 8580
 INFO: Total execution time for kernels is 0.00815574s
 INFO: Computing semblance for m0 = 8600
 INFO: Total execution time for kernels is 0.00840472s
 INFO: Computing semblance for m0 = 8620
 INFO: Total execution time for kernels is 0.00822661s
 INFO: Computing semblance for m0 = 8640
 INFO: Total execution time for kernels is 0.00825219s
 INFO: Computing semblance for m0 = 8660
 INFO: Total execution time for kernels is 0.00827225s
 INFO: Computing semblance for m0 = 8680
 INFO: Total execution time for kernels is 0.00816585s
 INFO: Computing semblance for m0 = 8700
 INFO: Total execution time for kernels is 0.00834687s
 INFO: Computing semblance for m0 = 8720
 INFO: Total execution time for kernels is 0.00826931s
 INFO: Computing semblance for m0 = 8740
 INFO: Total execution time for kernels is 0.00830091s
 INFO: Computing semblance for m0 = 8760
 INFO: Total execution time for kernels is 0.00834005s
 INFO: Computing semblance for m0 = 8780
 INFO: Total execution time for kernels is 0.00833105s
 INFO: Computing semblance for m0 = 8800
 INFO: Total execution time for kernels is 0.00834141s
 INFO: Computing semblance for m0 = 8820
 INFO: Total execution time for kernels is 0.00811632s
 INFO: Computing semblance for m0 = 8840
 INFO: Total execution time for kernels is 0.00838992s
 INFO: Computing semblance for m0 = 8860
 INFO: Total execution time for kernels is 0.00822342s
 INFO: Computing semblance for m0 = 8880
 INFO: Total execution time for kernels is 0.00819011s
 INFO: Computing semblance for m0 = 8900
 INFO: Total execution time for kernels is 0.00822981s
 INFO: Computing semblance for m0 = 8920
 INFO: Total execution time for kernels is 0.0081739s
 INFO: Computing semblance for m0 = 8940
 INFO: Total execution time for kernels is 0.00840942s
 INFO: Computing semblance for m0 = 8960
 INFO: Total execution time for kernels is 0.00820573s
 INFO: Computing semblance for m0 = 8980
 INFO: Total execution time for kernels is 0.00816794s
 INFO: Computing semblance for m0 = 9000
 INFO: Total execution time for kernels is 0.0082043s
 INFO: Computing semblance for m0 = 9020
 INFO: Total execution time for kernels is 0.00837573s
 INFO: Computing semblance for m0 = 9040
 INFO: Total execution time for kernels is 0.0083484s
 INFO: Total execution time for kernels is 0.00826664s
 INFO: Computing semblance for m0 = 9060
 INFO: Computing semblance for m0 = 9080
 INFO: Total execution time for kernels is 0.0082795s
 INFO: Computing semblance for m0 = 9100
 INFO: Total execution time for kernels is 0.00824364s
 INFO: Computing semblance for m0 = 9120
 INFO: Total execution time for kernels is 0.00797925s
 INFO: Computing semblance for m0 = 9140
 INFO: Total execution time for kernels is 0.00824956s
 INFO: Computing semblance for m0 = 9160
 INFO: Total execution time for kernels is 0.00807303s
 INFO: Computing semblance for m0 = 9180
 INFO: Total execution time for kernels is 0.00764554s
 INFO: Computing semblance for m0 = 9200
 INFO: Total execution time for kernels is 0.00746635s
 INFO: Computing semblance for m0 = 9220
 INFO: Total execution time for kernels is 0.00770654s
 INFO: Computing semblance for m0 = 9240
 INFO: Total execution time for kernels is 0.00707846s
 INFO: Computing semblance for m0 = 9260
 INFO: Total execution time for kernels is 0.00742603s
 INFO: Computing semblance for m0 = 9280
 INFO: Total execution time for kernels is 0.00670575s
 INFO: Computing semblance for m0 = 9300
 INFO: Total execution time for kernels is 0.00712569s
 INFO: Computing semblance for m0 = 9320
 INFO: Total execution time for kernels is 0.00649357s
 INFO: Computing semblance for m0 = 9340
 INFO: Total execution time for kernels is 0.00676084s
 INFO: Computing semblance for m0 = 9360
 INFO: Total execution time for kernels is 0.00612276s
 INFO: Computing semblance for m0 = 9380
 INFO: Total execution time for kernels is 0.00648154s
 INFO: Computing semblance for m0 = 9400
 INFO: Total execution time for kernels is 0.00587183s
 INFO: Computing semblance for m0 = 9420
 INFO: Total execution time for kernels is 0.00619957s
 INFO: Computing semblance for m0 = 9440
 INFO: Total execution time for kernels is 0.00554104s
 INFO: Computing semblance for m0 = 9460
 INFO: Total execution time for kernels is 0.00582249s
 INFO: Computing semblance for m0 = 9480
 INFO: Total execution time for kernels is 0.00490658s
 INFO: Total execution time for kernels is 0.00523492s
 INFO: Computing semblance for m0 = 9500
 INFO: Computing semblance for m0 = 9520
 INFO: Total execution time for kernels is 0.00523234s
 INFO: Computing semblance for m0 = 9540
 INFO: Total execution time for kernels is 0.00556432s
 INFO: Computing semblance for m0 = 9560
 INFO: Total execution time for kernels is 0.00430153s
 INFO: Computing semblance for m0 = 9580
 INFO: Total execution time for kernels is 0.00460372s
 INFO: Computing semblance for m0 = 9600
 INFO: Total execution time for kernels is 0.00457941s
 INFO: Computing semblance for m0 = 9620
 INFO: Total execution time for kernels is 0.00495603s
 INFO: Computing semblance for m0 = 9640
 INFO: Total execution time for kernels is 0.00363519s
 INFO: Computing semblance for m0 = 9660
 INFO: Total execution time for kernels is 0.00393265s
 INFO: Computing semblance for m0 = 9680
 INFO: Total execution time for kernels is 0.00393781s
 INFO: Computing semblance for m0 = 9700
 INFO: Total execution time for kernels is 0.00431418s
 INFO: Computing semblance for m0 = 9720
 INFO: Total execution time for kernels is 0.00300914s
 INFO: Computing semblance for m0 = 9740
 INFO: Total execution time for kernels is 0.00330776s
 INFO: Computing semblance for m0 = 9760
 INFO: Total execution time for kernels is 0.00332303s
 INFO: Computing semblance for m0 = 9780
 INFO: Total execution time for kernels is 0.00361891s
 INFO: Computing semblance for m0 = 9800
 INFO: Total execution time for kernels is 0.00238419s
 INFO: Computing semblance for m0 = 9820
 INFO: Total execution time for kernels is 0.002698s
 INFO: Computing semblance for m0 = 9840
 INFO: Total execution time for kernels is 0.00300681s
 INFO: Computing semblance for m0 = 9860
 INFO: Total execution time for kernels is 0.00270281s
 INFO: Computing semblance for m0 = 9880
 INFO: Total execution time for kernels is 0.00170213s
 INFO: Computing semblance for m0 = 9900
 INFO: Total execution time for kernels is 0.00203219s
 INFO: Total execution time for kernels is 0.00204497s
 INFO: Computing semblance for m0 = 9920
 INFO: Total execution time for kernels is 0.00235784s
 INFO: Computing semblance for m0 = 9940
 INFO: Total execution time for kernels is 0.00135401s
 INFO: Total execution time for kernels is 0.00135303s
 INFO: Total execution time for kernels is 0.00172065s
 INFO: Average of efficiency is 1
 INFO: Average of interpolations_per_sec is 1.2916e+11
 INFO: Average of selected_traces is 20.6742
 INFO: Average of total_selection_kernel_exec_time is 0.000405612
 INFO: Average of total_kernel_exec_time is 0.00759085
 INFO: Driver init. duration is 0.18274 s
 INFO: Read gather duration is 0.111867 s
 INFO: Parse args. duration is 0.000196519 s
 INFO: Worker threads duration is 2.02418 s
 INFO: Dump results duration is 0.339965 s
 INFO: Results written to /home/ubuntu/nfs/out/d4e9b53e_master_p3.8xlarge_32/cmp/de/cuda/simple-synthetic_1/simple-synthetic_de_cmp_20210303_1156/
 INFO: It took 2.66676s to compute.
