 INFO: Number of CDPs = 445
 INFO: Number of traces in the gather = 9200
 INFO: Number of samples per trace = 2502
 INFO: Starting worker threads...
 INFO: Computing semblance for m0 = 0
 INFO: Total execution time for kernels is 0.00159119s
 INFO: Computing semblance for m0 = 1080
 INFO: Computing semblance for m0 = 1100
 INFO: Computing semblance for m0 = 1120
 INFO: Total execution time for kernels is 0.00238327s
 INFO: Computing semblance for m0 = 1140
 INFO: Computing semblance for m0 = 1160
 INFO: Total execution time for kernels is 0.00237299s
 INFO: Computing semblance for m0 = 1180
 INFO: Total execution time for kernels is 0.00310535s
 INFO: Computing semblance for m0 = 1200
 INFO: Total execution time for kernels is 0.00313973s
 INFO: Computing semblance for m0 = 1220
 INFO: Total execution time for kernels is 0.00397967s
 INFO: Computing semblance for m0 = 1240
 INFO: Total execution time for kernels is 0.00395149s
 INFO: Computing semblance for m0 = 1260
 INFO: Total execution time for kernels is 0.00479538s
 INFO: Computing semblance for m0 = 1280
 INFO: Total execution time for kernels is 0.0047767s
 INFO: Computing semblance for m0 = 1300
 INFO: Total execution time for kernels is 0.00556474s
 INFO: Computing semblance for m0 = 1320
 INFO: Total execution time for kernels is 0.00558144s
 INFO: Computing semblance for m0 = 1340
 INFO: Total execution time for kernels is 0.00652523s
 INFO: Computing semblance for m0 = 1360
 INFO: Total execution time for kernels is 0.00635015s
 INFO: Computing semblance for m0 = 1380
 INFO: Total execution time for kernels is 0.00726144s
 INFO: Computing semblance for m0 = 1400
 INFO: Total execution time for kernels is 0.00711253s
 INFO: Computing semblance for m0 = 1420
 INFO: Total execution time for kernels is 0.00799746s
 INFO: Computing semblance for m0 = 1440
 INFO: Total execution time for kernels is 0.00786695s
 INFO: Computing semblance for m0 = 1460
 INFO: Total execution time for kernels is 0.00858961s
 INFO: Computing semblance for m0 = 1480
 INFO: Total execution time for kernels is 0.00872389s
 INFO: Computing semblance for m0 = 1500
 INFO: Total execution time for kernels is 0.00951865s
 INFO: Computing semblance for m0 = 1520
 INFO: Total execution time for kernels is 0.00961565s
 INFO: Computing semblance for m0 = 1540
 INFO: Total execution time for kernels is 0.0103047s
 INFO: Computing semblance for m0 = 1560
 INFO: Total execution time for kernels is 0.010153s
 INFO: Computing semblance for m0 = 1580
 INFO: Total execution time for kernels is 0.0111023s
 INFO: Computing semblance for m0 = 1600
 INFO: Total execution time for kernels is 0.0109068s
 INFO: Computing semblance for m0 = 1620
 INFO: Total execution time for kernels is 0.0118931s
 INFO: Computing semblance for m0 = 1640
 INFO: Total execution time for kernels is 0.0117132s
 INFO: Computing semblance for m0 = 1660
 INFO: Total execution time for kernels is 0.0126929s
 INFO: Computing semblance for m0 = 1680
 INFO: Total execution time for kernels is 0.0123547s
 INFO: Computing semblance for m0 = 1700
 INFO: Total execution time for kernels is 0.0135451s
 INFO: Computing semblance for m0 = 1720
 INFO: Total execution time for kernels is 0.0133348s
 INFO: Computing semblance for m0 = 1740
 INFO: Total execution time for kernels is 0.0141741s
 INFO: Computing semblance for m0 = 1760
 INFO: Total execution time for kernels is 0.0141878s
 INFO: Computing semblance for m0 = 1780
 INFO: Total execution time for kernels is 0.0147361s
 INFO: Computing semblance for m0 = 1800
 INFO: Total execution time for kernels is 0.0145774s
 INFO: Computing semblance for m0 = 1820
 INFO: Total execution time for kernels is 0.0154439s
 INFO: Computing semblance for m0 = 1840
 INFO: Total execution time for kernels is 0.0155685s
 INFO: Computing semblance for m0 = 1860
 INFO: Total execution time for kernels is 0.0146527s
 INFO: Computing semblance for m0 = 1880
 INFO: Total execution time for kernels is 0.0162318s
 INFO: Computing semblance for m0 = 1900
 INFO: Total execution time for kernels is 0.0168022s
 INFO: Computing semblance for m0 = 1920
 INFO: Total execution time for kernels is 0.0165391s
 INFO: Computing semblance for m0 = 1940
 INFO: Total execution time for kernels is 0.0110328s
 INFO: Computing semblance for m0 = 1960
 INFO: Total execution time for kernels is 0.0173346s
 INFO: Computing semblance for m0 = 1980
 INFO: Total execution time for kernels is 0.0118568s
 INFO: Computing semblance for m0 = 2000
 INFO: Total execution time for kernels is 0.0184526s
 INFO: Computing semblance for m0 = 2020
 INFO: Total execution time for kernels is 0.0179585s
 INFO: Computing semblance for m0 = 2040
 INFO: Total execution time for kernels is 0.0120381s
 INFO: Computing semblance for m0 = 2060
 INFO: Total execution time for kernels is 0.018561s
 INFO: Computing semblance for m0 = 2080
 INFO: Total execution time for kernels is 0.0143549s
 INFO: Computing semblance for m0 = 2100
 INFO: Total execution time for kernels is 0.0188229s
 INFO: Computing semblance for m0 = 2120
 INFO: Total execution time for kernels is 0.0118639s
 INFO: Computing semblance for m0 = 2140
 INFO: Total execution time for kernels is 0.00955297s
 INFO: Computing semblance for m0 = 2160
 INFO: Total execution time for kernels is 0.0188457s
 INFO: Computing semblance for m0 = 2180
 INFO: Total execution time for kernels is 0.0100088s
 INFO: Computing semblance for m0 = 2200
 INFO: Total execution time for kernels is 0.0120205s
 INFO: Computing semblance for m0 = 2220
 INFO: Total execution time for kernels is 0.00941719s
 INFO: Computing semblance for m0 = 2240
 INFO: Total execution time for kernels is 0.00963565s
 INFO: Computing semblance for m0 = 2260
 INFO: Total execution time for kernels is 0.0091602s
 INFO: Computing semblance for m0 = 2280
 INFO: Total execution time for kernels is 0.0121341s
 INFO: Computing semblance for m0 = 2300
 INFO: Total execution time for kernels is 0.0182209s
 INFO: Computing semblance for m0 = 2320
 INFO: Total execution time for kernels is 0.00926741s
 INFO: Computing semblance for m0 = 2340
 INFO: Total execution time for kernels is 0.00920854s
 INFO: Computing semblance for m0 = 2360
 INFO: Total execution time for kernels is 0.0119694s
 INFO: Computing semblance for m0 = 2380
 INFO: Total execution time for kernels is 0.00913699s
 INFO: Computing semblance for m0 = 2400
 INFO: Total execution time for kernels is 0.00907496s
 INFO: Computing semblance for m0 = 2420
 INFO: Total execution time for kernels is 0.0185659s
 INFO: Computing semblance for m0 = 2440
 INFO: Total execution time for kernels is 0.00902142s
 INFO: Computing semblance for m0 = 2460
 INFO: Total execution time for kernels is 0.0118178s
 INFO: Computing semblance for m0 = 2480
 INFO: Total execution time for kernels is 0.00895538s
 INFO: Computing semblance for m0 = 2500
 INFO: Total execution time for kernels is 0.0096687s
 INFO: Computing semblance for m0 = 2520
 INFO: Total execution time for kernels is 0.00920345s
 INFO: Computing semblance for m0 = 2540
 INFO: Total execution time for kernels is 0.0120108s
 INFO: Computing semblance for m0 = 2560
 INFO: Total execution time for kernels is 0.00916433s
 INFO: Computing semblance for m0 = 2580
 INFO: Total execution time for kernels is 0.00953971s
 INFO: Computing semblance for m0 = 2600
 INFO: Total execution time for kernels is 0.00910561s
 INFO: Computing semblance for m0 = 2620
 INFO: Total execution time for kernels is 0.00908392s
 INFO: Computing semblance for m0 = 2640
 INFO: Total execution time for kernels is 0.0119584s
 INFO: Computing semblance for m0 = 2660
 INFO: Total execution time for kernels is 0.00909262s
 INFO: Computing semblance for m0 = 2680
 INFO: Total execution time for kernels is 0.00942982s
 INFO: Computing semblance for m0 = 2700
 INFO: Total execution time for kernels is 0.00908857s
 INFO: Computing semblance for m0 = 2720
 INFO: Total execution time for kernels is 0.00921447s
 INFO: Computing semblance for m0 = 2740
 INFO: Total execution time for kernels is 0.0119409s
 INFO: Computing semblance for m0 = 2760
 INFO: Total execution time for kernels is 0.00955437s
 INFO: Computing semblance for m0 = 2780
 INFO: Total execution time for kernels is 0.00933302s
 INFO: Computing semblance for m0 = 2800
 INFO: Total execution time for kernels is 0.00910892s
 INFO: Computing semblance for m0 = 2820
 INFO: Total execution time for kernels is 0.0121354s
 INFO: Computing semblance for m0 = 2840
 INFO: Total execution time for kernels is 0.00930976s
 INFO: Computing semblance for m0 = 2860
 INFO: Total execution time for kernels is 0.00910457s
 INFO: Computing semblance for m0 = 2880
 INFO: Total execution time for kernels is 0.00911585s
 INFO: Computing semblance for m0 = 2900
 INFO: Total execution time for kernels is 0.00928464s
 INFO: Computing semblance for m0 = 2920
 INFO: Total execution time for kernels is 0.0106912s
 INFO: Computing semblance for m0 = 2940
 INFO: Total execution time for kernels is 0.00905715s
 INFO: Computing semblance for m0 = 2960
 INFO: Total execution time for kernels is 0.00898753s
 INFO: Computing semblance for m0 = 2980
 INFO: Total execution time for kernels is 0.00931392s
 INFO: Computing semblance for m0 = 3000
 INFO: Total execution time for kernels is 0.00916696s
 INFO: Computing semblance for m0 = 3020
 INFO: Total execution time for kernels is 0.00911304s
 INFO: Computing semblance for m0 = 3040
 INFO: Total execution time for kernels is 0.00935766s
 INFO: Computing semblance for m0 = 3060
 INFO: Total execution time for kernels is 0.00938223s
 INFO: Computing semblance for m0 = 3080
 INFO: Total execution time for kernels is 0.00898643s
 INFO: Computing semblance for m0 = 3100
 INFO: Total execution time for kernels is 0.00904328s
 INFO: Computing semblance for m0 = 3120
 INFO: Total execution time for kernels is 0.0092824s
 INFO: Computing semblance for m0 = 3140
 INFO: Total execution time for kernels is 0.00931073s
 INFO: Computing semblance for m0 = 3160
 INFO: Total execution time for kernels is 0.00890141s
 INFO: Computing semblance for m0 = 3180
 INFO: Total execution time for kernels is 0.00931778s
 INFO: Computing semblance for m0 = 3200
 INFO: Total execution time for kernels is 0.00924373s
 INFO: Computing semblance for m0 = 3220
 INFO: Total execution time for kernels is 0.00885094s
 INFO: Computing semblance for m0 = 3240
 INFO: Total execution time for kernels is 0.00939052s
 INFO: Computing semblance for m0 = 3260
 INFO: Total execution time for kernels is 0.00938593s
 INFO: Computing semblance for m0 = 3280
 INFO: Total execution time for kernels is 0.00936226s
 INFO: Computing semblance for m0 = 3300
 INFO: Total execution time for kernels is 0.00907502s
 INFO: Computing semblance for m0 = 3320
 INFO: Total execution time for kernels is 0.00921544s
 INFO: Computing semblance for m0 = 3340
 INFO: Total execution time for kernels is 0.00934183s
 INFO: Computing semblance for m0 = 3360
 INFO: Total execution time for kernels is 0.00911748s
 INFO: Computing semblance for m0 = 3380
 INFO: Total execution time for kernels is 0.00914582s
 INFO: Computing semblance for m0 = 3400
 INFO: Total execution time for kernels is 0.00900497s
 INFO: Computing semblance for m0 = 3420
 INFO: Total execution time for kernels is 0.00905099s
 INFO: Computing semblance for m0 = 3440
 INFO: Total execution time for kernels is 0.00905293s
 INFO: Computing semblance for m0 = 3460
 INFO: Total execution time for kernels is 0.00924919s
 INFO: Computing semblance for m0 = 3480
 INFO: Total execution time for kernels is 0.00896448s
 INFO: Computing semblance for m0 = 3500
 INFO: Total execution time for kernels is 0.00901093s
 INFO: Computing semblance for m0 = 3520
 INFO: Total execution time for kernels is 0.00911s
 INFO: Computing semblance for m0 = 3540
 INFO: Total execution time for kernels is 0.00928064s
 INFO: Computing semblance for m0 = 3560
 INFO: Total execution time for kernels is 0.00950558s
 INFO: Computing semblance for m0 = 3580
 INFO: Total execution time for kernels is 0.0091436s
 INFO: Computing semblance for m0 = 3600
 INFO: Total execution time for kernels is 0.00912895s
 INFO: Computing semblance for m0 = 3620
 INFO: Total execution time for kernels is 0.0092403s
 INFO: Computing semblance for m0 = 3640
 INFO: Total execution time for kernels is 0.00941536s
 INFO: Computing semblance for m0 = 3660
 INFO: Total execution time for kernels is 0.00899731s
 INFO: Computing semblance for m0 = 3680
 INFO: Total execution time for kernels is 0.00937318s
 INFO: Computing semblance for m0 = 3700
 INFO: Total execution time for kernels is 0.009122s
 INFO: Computing semblance for m0 = 3720
 INFO: Total execution time for kernels is 0.00948635s
 INFO: Computing semblance for m0 = 3740
 INFO: Total execution time for kernels is 0.00911598s
 INFO: Computing semblance for m0 = 3760
 INFO: Total execution time for kernels is 0.00931208s
 INFO: Computing semblance for m0 = 3780
 INFO: Total execution time for kernels is 0.009031s
 INFO: Computing semblance for m0 = 3800
 INFO: Total execution time for kernels is 0.00937886s
 INFO: Computing semblance for m0 = 3820
 INFO: Total execution time for kernels is 0.00925627s
 INFO: Computing semblance for m0 = 3840
 INFO: Total execution time for kernels is 0.00930089s
 INFO: Computing semblance for m0 = 3860
 INFO: Total execution time for kernels is 0.00906918s
 INFO: Computing semblance for m0 = 3880
 INFO: Total execution time for kernels is 0.00938368s
 INFO: Computing semblance for m0 = 3900
 INFO: Total execution time for kernels is 0.00932906s
 INFO: Computing semblance for m0 = 3920
 INFO: Total execution time for kernels is 0.00919503s
 INFO: Computing semblance for m0 = 3940
 INFO: Total execution time for kernels is 0.00925612s
 INFO: Computing semblance for m0 = 3960
 INFO: Total execution time for kernels is 0.00907411s
 INFO: Computing semblance for m0 = 3980
 INFO: Total execution time for kernels is 0.00927833s
 INFO: Computing semblance for m0 = 4000
 INFO: Total execution time for kernels is 0.00914274s
 INFO: Computing semblance for m0 = 4020
 INFO: Total execution time for kernels is 0.00935185s
 INFO: Computing semblance for m0 = 4040
 INFO: Total execution time for kernels is 0.00926482s
 INFO: Computing semblance for m0 = 4060
 INFO: Total execution time for kernels is 0.00919354s
 INFO: Computing semblance for m0 = 4080
 INFO: Total execution time for kernels is 0.0091343s
 INFO: Computing semblance for m0 = 4100
 INFO: Total execution time for kernels is 0.0092362s
 INFO: Computing semblance for m0 = 4120
 INFO: Total execution time for kernels is 0.00917613s
 INFO: Computing semblance for m0 = 4140
 INFO: Total execution time for kernels is 0.00920833s
 INFO: Computing semblance for m0 = 4160
 INFO: Total execution time for kernels is 0.00899181s
 INFO: Computing semblance for m0 = 4180
 INFO: Total execution time for kernels is 0.00922854s
 INFO: Computing semblance for m0 = 4200
 INFO: Total execution time for kernels is 0.0093222s
 INFO: Computing semblance for m0 = 4220
 INFO: Total execution time for kernels is 0.0091633s
 INFO: Computing semblance for m0 = 4240
 INFO: Total execution time for kernels is 0.00913588s
 INFO: Computing semblance for m0 = 4260
 INFO: Total execution time for kernels is 0.00919596s
 INFO: Computing semblance for m0 = 4280
 INFO: Total execution time for kernels is 0.00931752s
 INFO: Computing semblance for m0 = 4300
 INFO: Total execution time for kernels is 0.00906469s
 INFO: Computing semblance for m0 = 4320
 INFO: Total execution time for kernels is 0.00943476s
 INFO: Computing semblance for m0 = 4340
 INFO: Total execution time for kernels is 0.00909218s
 INFO: Computing semblance for m0 = 4360
 INFO: Total execution time for kernels is 0.00923163s
 INFO: Computing semblance for m0 = 4380
 INFO: Total execution time for kernels is 0.00919132s
 INFO: Computing semblance for m0 = 4400
 INFO: Total execution time for kernels is 0.00931653s
 INFO: Computing semblance for m0 = 4420
 INFO: Total execution time for kernels is 0.00926974s
 INFO: Computing semblance for m0 = 4440
 INFO: Total execution time for kernels is 0.00913449s
 INFO: Computing semblance for m0 = 4460
 INFO: Total execution time for kernels is 0.00926254s
 INFO: Computing semblance for m0 = 4480
 INFO: Total execution time for kernels is 0.00937284s
 INFO: Computing semblance for m0 = 4500
 INFO: Total execution time for kernels is 0.00914534s
 INFO: Computing semblance for m0 = 4520
 INFO: Total execution time for kernels is 0.0093907s
 INFO: Computing semblance for m0 = 4540
 INFO: Total execution time for kernels is 0.00906889s
 INFO: Computing semblance for m0 = 4560
 INFO: Total execution time for kernels is 0.00929886s
 INFO: Computing semblance for m0 = 4580
 INFO: Total execution time for kernels is 0.00883076s
 INFO: Computing semblance for m0 = 4600
 INFO: Total execution time for kernels is 0.00901527s
 INFO: Computing semblance for m0 = 4620
 INFO: Total execution time for kernels is 0.00927865s
 INFO: Computing semblance for m0 = 4640
 INFO: Total execution time for kernels is 0.00930266s
 INFO: Computing semblance for m0 = 4660
 INFO: Total execution time for kernels is 0.00895915s
 INFO: Computing semblance for m0 = 4680
 INFO: Total execution time for kernels is 0.00946981s
 INFO: Computing semblance for m0 = 4700
 INFO: Total execution time for kernels is 0.00907903s
 INFO: Computing semblance for m0 = 4720
 INFO: Total execution time for kernels is 0.00930665s
 INFO: Computing semblance for m0 = 4740
 INFO: Total execution time for kernels is 0.00894763s
 INFO: Computing semblance for m0 = 4760
 INFO: Total execution time for kernels is 0.00944636s
 INFO: Computing semblance for m0 = 4780
 INFO: Total execution time for kernels is 0.00907537s
 INFO: Computing semblance for m0 = 4800
 INFO: Total execution time for kernels is 0.0093625s
 INFO: Computing semblance for m0 = 4820
 INFO: Total execution time for kernels is 0.00900044s
 INFO: Computing semblance for m0 = 4840
 INFO: Total execution time for kernels is 0.00950795s
 INFO: Computing semblance for m0 = 4860
 INFO: Total execution time for kernels is 0.00908042s
 INFO: Computing semblance for m0 = 4880
 INFO: Total execution time for kernels is 0.00909653s
 INFO: Computing semblance for m0 = 4900
 INFO: Total execution time for kernels is 0.00932687s
 INFO: Computing semblance for m0 = 4920
 INFO: Total execution time for kernels is 0.00935896s
 INFO: Computing semblance for m0 = 4940
 INFO: Total execution time for kernels is 0.0090156s
 INFO: Computing semblance for m0 = 4960
 INFO: Total execution time for kernels is 0.00916449s
 INFO: Computing semblance for m0 = 4980
 INFO: Total execution time for kernels is 0.00937003s
 INFO: Computing semblance for m0 = 5000
 INFO: Total execution time for kernels is 0.00944271s
 INFO: Computing semblance for m0 = 5020
 INFO: Total execution time for kernels is 0.00920301s
 INFO: Computing semblance for m0 = 5040
 INFO: Total execution time for kernels is 0.00898699s
 INFO: Computing semblance for m0 = 5060
 INFO: Total execution time for kernels is 0.00930946s
 INFO: Computing semblance for m0 = 5080
 INFO: Total execution time for kernels is 0.00951393s
 INFO: Computing semblance for m0 = 5100
 INFO: Total execution time for kernels is 0.00920746s
 INFO: Computing semblance for m0 = 5120
 INFO: Total execution time for kernels is 0.00905305s
 INFO: Computing semblance for m0 = 5140
 INFO: Total execution time for kernels is 0.00903443s
 INFO: Computing semblance for m0 = 5160
 INFO: Total execution time for kernels is 0.00956006s
 INFO: Computing semblance for m0 = 5180
 INFO: Total execution time for kernels is 0.00937246s
 INFO: Computing semblance for m0 = 5200
 INFO: Total execution time for kernels is 0.00923736s
 INFO: Computing semblance for m0 = 5220
 INFO: Total execution time for kernels is 0.00913039s
 INFO: Computing semblance for m0 = 5240
 INFO: Total execution time for kernels is 0.00929956s
 INFO: Computing semblance for m0 = 5260
 INFO: Total execution time for kernels is 0.0094891s
 INFO: Computing semblance for m0 = 5280
 INFO: Total execution time for kernels is 0.00913836s
 INFO: Computing semblance for m0 = 5300
 INFO: Total execution time for kernels is 0.0092855s
 INFO: Computing semblance for m0 = 5320
 INFO: Total execution time for kernels is 0.00910073s
 INFO: Computing semblance for m0 = 5340
 INFO: Total execution time for kernels is 0.00946946s
 INFO: Computing semblance for m0 = 5360
 INFO: Total execution time for kernels is 0.00928928s
 INFO: Computing semblance for m0 = 5380
 INFO: Total execution time for kernels is 0.00929095s
 INFO: Computing semblance for m0 = 5400
 INFO: Total execution time for kernels is 0.00906282s
 INFO: Computing semblance for m0 = 5420
 INFO: Total execution time for kernels is 0.00938297s
 INFO: Computing semblance for m0 = 5440
 INFO: Total execution time for kernels is 0.00897465s
 INFO: Computing semblance for m0 = 5460
 INFO: Total execution time for kernels is 0.00925178s
 INFO: Computing semblance for m0 = 5480
 INFO: Total execution time for kernels is 0.00914372s
 INFO: Computing semblance for m0 = 5500
 INFO: Total execution time for kernels is 0.00925518s
 INFO: Computing semblance for m0 = 5520
 INFO: Total execution time for kernels is 0.0092231s
 INFO: Computing semblance for m0 = 5540
 INFO: Total execution time for kernels is 0.00932101s
 INFO: Computing semblance for m0 = 5560
 INFO: Total execution time for kernels is 0.00897513s
 INFO: Computing semblance for m0 = 5580
 INFO: Total execution time for kernels is 0.0093229s
 INFO: Computing semblance for m0 = 5600
 INFO: Total execution time for kernels is 0.00913787s
 INFO: Computing semblance for m0 = 5620
 INFO: Total execution time for kernels is 0.0092628s
 INFO: Computing semblance for m0 = 5640
 INFO: Total execution time for kernels is 0.00917227s
 INFO: Computing semblance for m0 = 5660
 INFO: Total execution time for kernels is 0.00929534s
 INFO: Computing semblance for m0 = 5680
 INFO: Total execution time for kernels is 0.00933812s
 INFO: Computing semblance for m0 = 5700
 INFO: Total execution time for kernels is 0.00909341s
 INFO: Computing semblance for m0 = 5720
 INFO: Total execution time for kernels is 0.00902698s
 INFO: Computing semblance for m0 = 5740
 INFO: Total execution time for kernels is 0.00933886s
 INFO: Computing semblance for m0 = 5760
 INFO: Total execution time for kernels is 0.00933209s
 INFO: Computing semblance for m0 = 5780
 INFO: Total execution time for kernels is 0.00928255s
 INFO: Computing semblance for m0 = 5800
 INFO: Total execution time for kernels is 0.00921368s
 INFO: Computing semblance for m0 = 5820
 INFO: Total execution time for kernels is 0.00937611s
 INFO: Computing semblance for m0 = 5840
 INFO: Total execution time for kernels is 0.00916372s
 INFO: Computing semblance for m0 = 5860
 INFO: Total execution time for kernels is 0.00929758s
 INFO: Computing semblance for m0 = 5880
 INFO: Total execution time for kernels is 0.00926697s
 INFO: Computing semblance for m0 = 5900
 INFO: Total execution time for kernels is 0.00948057s
 INFO: Computing semblance for m0 = 5920
 INFO: Total execution time for kernels is 0.00919342s
 INFO: Computing semblance for m0 = 5940
 INFO: Total execution time for kernels is 0.00897197s
 INFO: Computing semblance for m0 = 5960
 INFO: Total execution time for kernels is 0.00906554s
 INFO: Computing semblance for m0 = 5980
 INFO: Total execution time for kernels is 0.00957541s
 INFO: Computing semblance for m0 = 6000
 INFO: Total execution time for kernels is 0.00928121s
 INFO: Computing semblance for m0 = 6020
 INFO: Total execution time for kernels is 0.0092832s
 INFO: Computing semblance for m0 = 6040
 INFO: Total execution time for kernels is 0.0091765s
 INFO: Computing semblance for m0 = 6060
 INFO: Total execution time for kernels is 0.0096503s
 INFO: Computing semblance for m0 = 6080
 INFO: Total execution time for kernels is 0.00923034s
 INFO: Computing semblance for m0 = 6100
 INFO: Total execution time for kernels is 0.00932743s
 INFO: Computing semblance for m0 = 6120
 INFO: Total execution time for kernels is 0.00909335s
 INFO: Computing semblance for m0 = 6140
 INFO: Total execution time for kernels is 0.00947224s
 INFO: Computing semblance for m0 = 6160
 INFO: Total execution time for kernels is 0.00925905s
 INFO: Computing semblance for m0 = 6180
 INFO: Total execution time for kernels is 0.00911306s
 INFO: Computing semblance for m0 = 6200
 INFO: Total execution time for kernels is 0.00893234s
 INFO: Computing semblance for m0 = 6220
 INFO: Total execution time for kernels is 0.00930141s
 INFO: Computing semblance for m0 = 6240
 INFO: Total execution time for kernels is 0.00956344s
 INFO: Computing semblance for m0 = 6260
 INFO: Total execution time for kernels is 0.0091631s
 INFO: Computing semblance for m0 = 6280
 INFO: Total execution time for kernels is 0.00882097s
 INFO: Computing semblance for m0 = 6300
 INFO: Total execution time for kernels is 0.00931104s
 INFO: Computing semblance for m0 = 6320
 INFO: Total execution time for kernels is 0.00939109s
 INFO: Computing semblance for m0 = 6340
 INFO: Total execution time for kernels is 0.00909083s
 INFO: Computing semblance for m0 = 6360
 INFO: Total execution time for kernels is 0.00924004s
 INFO: Computing semblance for m0 = 6380
 INFO: Total execution time for kernels is 0.00922423s
 INFO: Computing semblance for m0 = 6400
 INFO: Total execution time for kernels is 0.00937848s
 INFO: Computing semblance for m0 = 6420
 INFO: Total execution time for kernels is 0.00938606s
 INFO: Computing semblance for m0 = 6440
 INFO: Total execution time for kernels is 0.00922727s
 INFO: Computing semblance for m0 = 6460
 INFO: Total execution time for kernels is 0.00931226s
 INFO: Computing semblance for m0 = 6480
 INFO: Total execution time for kernels is 0.00915996s
 INFO: Computing semblance for m0 = 6500
 INFO: Total execution time for kernels is 0.00913385s
 INFO: Computing semblance for m0 = 6520
 INFO: Total execution time for kernels is 0.00930677s
 INFO: Computing semblance for m0 = 6540
 INFO: Total execution time for kernels is 0.00931365s
 INFO: Computing semblance for m0 = 6560
 INFO: Total execution time for kernels is 0.00915537s
 INFO: Computing semblance for m0 = 6580
 INFO: Total execution time for kernels is 0.00907792s
 INFO: Computing semblance for m0 = 6600
 INFO: Total execution time for kernels is 0.00919376s
 INFO: Computing semblance for m0 = 6620
 INFO: Total execution time for kernels is 0.00925965s
 INFO: Computing semblance for m0 = 6640
 INFO: Total execution time for kernels is 0.0091924s
 INFO: Computing semblance for m0 = 6660
 INFO: Total execution time for kernels is 0.00914577s
 INFO: Computing semblance for m0 = 6680
 INFO: Total execution time for kernels is 0.0091414s
 INFO: Computing semblance for m0 = 6700
 INFO: Total execution time for kernels is 0.00913237s
 INFO: Computing semblance for m0 = 6720
 INFO: Total execution time for kernels is 0.00919428s
 INFO: Computing semblance for m0 = 6740
 INFO: Total execution time for kernels is 0.00928672s
 INFO: Computing semblance for m0 = 6760
 INFO: Total execution time for kernels is 0.00908354s
 INFO: Computing semblance for m0 = 6780
 INFO: Total execution time for kernels is 0.00913145s
 INFO: Computing semblance for m0 = 6800
 INFO: Total execution time for kernels is 0.0090747s
 INFO: Computing semblance for m0 = 6820
 INFO: Total execution time for kernels is 0.00916044s
 INFO: Computing semblance for m0 = 6840
 INFO: Total execution time for kernels is 0.00910666s
 INFO: Computing semblance for m0 = 6860
 INFO: Total execution time for kernels is 0.00907314s
 INFO: Computing semblance for m0 = 6880
 INFO: Total execution time for kernels is 0.00912827s
 INFO: Computing semblance for m0 = 6900
 INFO: Total execution time for kernels is 0.00916809s
 INFO: Computing semblance for m0 = 6920
 INFO: Total execution time for kernels is 0.00899308s
 INFO: Computing semblance for m0 = 6940
 INFO: Total execution time for kernels is 0.00903913s
 INFO: Computing semblance for m0 = 6960
 INFO: Total execution time for kernels is 0.00929599s
 INFO: Computing semblance for m0 = 6980
 INFO: Total execution time for kernels is 0.00882151s
 INFO: Computing semblance for m0 = 7000
 INFO: Total execution time for kernels is 0.00921834s
 INFO: Computing semblance for m0 = 7020
 INFO: Total execution time for kernels is 0.00917778s
 INFO: Computing semblance for m0 = 7040
 INFO: Total execution time for kernels is 0.00923065s
 INFO: Computing semblance for m0 = 7060
 INFO: Total execution time for kernels is 0.00908289s
 INFO: Computing semblance for m0 = 7080
 INFO: Total execution time for kernels is 0.00916351s
 INFO: Computing semblance for m0 = 7100
 INFO: Total execution time for kernels is 0.0090192s
 INFO: Computing semblance for m0 = 7120
 INFO: Total execution time for kernels is 0.00903165s
 INFO: Computing semblance for m0 = 7140
 INFO: Total execution time for kernels is 0.00914961s
 INFO: Computing semblance for m0 = 7160
 INFO: Total execution time for kernels is 0.00884302s
 INFO: Computing semblance for m0 = 7180
 INFO: Total execution time for kernels is 0.00917859s
 INFO: Computing semblance for m0 = 7200
 INFO: Total execution time for kernels is 0.00889484s
 INFO: Computing semblance for m0 = 7220
 INFO: Total execution time for kernels is 0.00929787s
 INFO: Computing semblance for m0 = 7240
 INFO: Total execution time for kernels is 0.00914271s
 INFO: Computing semblance for m0 = 7260
 INFO: Total execution time for kernels is 0.00932781s
 INFO: Computing semblance for m0 = 7280
 INFO: Total execution time for kernels is 0.0090349s
 INFO: Computing semblance for m0 = 7300
 INFO: Total execution time for kernels is 0.00925327s
 INFO: Computing semblance for m0 = 7320
 INFO: Total execution time for kernels is 0.00913318s
 INFO: Computing semblance for m0 = 7340
 INFO: Total execution time for kernels is 0.00935465s
 INFO: Computing semblance for m0 = 7360
 INFO: Total execution time for kernels is 0.00937696s
 INFO: Computing semblance for m0 = 7380
 INFO: Total execution time for kernels is 0.00915799s
 INFO: Computing semblance for m0 = 7400
 INFO: Total execution time for kernels is 0.00907321s
 INFO: Computing semblance for m0 = 7420
 INFO: Total execution time for kernels is 0.00923039s
 INFO: Computing semblance for m0 = 7440
 INFO: Total execution time for kernels is 0.0095012s
 INFO: Computing semblance for m0 = 7460
 INFO: Total execution time for kernels is 0.00924377s
 INFO: Computing semblance for m0 = 7480
 INFO: Total execution time for kernels is 0.00920161s
 INFO: Computing semblance for m0 = 7500
 INFO: Total execution time for kernels is 0.00914824s
 INFO: Computing semblance for m0 = 7520
 INFO: Total execution time for kernels is 0.00956807s
 INFO: Computing semblance for m0 = 7540
 INFO: Total execution time for kernels is 0.00905299s
 INFO: Computing semblance for m0 = 7560
 INFO: Total execution time for kernels is 0.00932187s
 INFO: Computing semblance for m0 = 7580
 INFO: Total execution time for kernels is 0.00906437s
 INFO: Computing semblance for m0 = 7600
 INFO: Total execution time for kernels is 0.00956306s
 INFO: Computing semblance for m0 = 7620
 INFO: Total execution time for kernels is 0.00889762s
 INFO: Computing semblance for m0 = 7640
 INFO: Total execution time for kernels is 0.00927163s
 INFO: Computing semblance for m0 = 7660
 INFO: Total execution time for kernels is 0.00912122s
 INFO: Computing semblance for m0 = 7680
 INFO: Total execution time for kernels is 0.00962134s
 INFO: Computing semblance for m0 = 7700
 INFO: Total execution time for kernels is 0.00901095s
 INFO: Computing semblance for m0 = 7720
 INFO: Total execution time for kernels is 0.00925623s
 INFO: Computing semblance for m0 = 7740
 INFO: Total execution time for kernels is 0.00920038s
 INFO: Computing semblance for m0 = 7760
 INFO: Total execution time for kernels is 0.00954385s
 INFO: Computing semblance for m0 = 7780
 INFO: Total execution time for kernels is 0.00891407s
 INFO: Computing semblance for m0 = 7800
 INFO: Total execution time for kernels is 0.00929706s
 INFO: Computing semblance for m0 = 7820
 INFO: Total execution time for kernels is 0.00943795s
 INFO: Computing semblance for m0 = 7840
 INFO: Total execution time for kernels is 0.00984627s
 INFO: Computing semblance for m0 = 7860
 INFO: Total execution time for kernels is 0.00888847s
 INFO: Computing semblance for m0 = 7880
 INFO: Total execution time for kernels is 0.00923702s
 INFO: Computing semblance for m0 = 7900
 INFO: Total execution time for kernels is 0.00951973s
 INFO: Computing semblance for m0 = 7920
 INFO: Total execution time for kernels is 0.0091091s
 INFO: Computing semblance for m0 = 7940
 INFO: Total execution time for kernels is 0.00988327s
 INFO: Computing semblance for m0 = 7960
 INFO: Total execution time for kernels is 0.00929491s
 INFO: Computing semblance for m0 = 7980
 INFO: Total execution time for kernels is 0.0097886s
 INFO: Computing semblance for m0 = 8000
 INFO: Total execution time for kernels is 0.00903302s
 INFO: Computing semblance for m0 = 8020
 INFO: Total execution time for kernels is 0.00946722s
 INFO: Computing semblance for m0 = 8040
 INFO: Total execution time for kernels is 0.00899125s
 INFO: Computing semblance for m0 = 8060
 INFO: Total execution time for kernels is 0.0100062s
 INFO: Computing semblance for m0 = 8080
 INFO: Total execution time for kernels is 0.0091639s
 INFO: Computing semblance for m0 = 8100
 INFO: Total execution time for kernels is 0.00961334s
 INFO: Computing semblance for m0 = 8120
 INFO: Total execution time for kernels is 0.00899095s
 INFO: Computing semblance for m0 = 8140
 INFO: Total execution time for kernels is 0.0101225s
 INFO: Computing semblance for m0 = 8160
 INFO: Total execution time for kernels is 0.00904565s
 INFO: Computing semblance for m0 = 8180
 INFO: Total execution time for kernels is 0.00948881s
 INFO: Computing semblance for m0 = 8200
 INFO: Total execution time for kernels is 0.00914368s
 INFO: Computing semblance for m0 = 8220
 INFO: Total execution time for kernels is 0.00908051s
 INFO: Computing semblance for m0 = 8240
 INFO: Total execution time for kernels is 0.00998488s
 INFO: Computing semblance for m0 = 8260
 INFO: Total execution time for kernels is 0.00965013s
 INFO: Computing semblance for m0 = 8280
 INFO: Total execution time for kernels is 0.00919217s
 INFO: Computing semblance for m0 = 8300
 INFO: Total execution time for kernels is 0.00927572s
 INFO: Computing semblance for m0 = 8320
 INFO: Total execution time for kernels is 0.00972057s
 INFO: Computing semblance for m0 = 8340
 INFO: Total execution time for kernels is 0.00939107s
 INFO: Computing semblance for m0 = 8360
 INFO: Total execution time for kernels is 0.00916723s
 INFO: Computing semblance for m0 = 8380
 INFO: Total execution time for kernels is 0.00957326s
 INFO: Computing semblance for m0 = 8400
 INFO: Total execution time for kernels is 0.00972924s
 INFO: Computing semblance for m0 = 8420
 INFO: Total execution time for kernels is 0.00964764s
 INFO: Computing semblance for m0 = 8440
 INFO: Total execution time for kernels is 0.00940242s
 INFO: Computing semblance for m0 = 8460
 INFO: Total execution time for kernels is 0.00971948s
 INFO: Computing semblance for m0 = 8480
 INFO: Total execution time for kernels is 0.00961483s
 INFO: Computing semblance for m0 = 8500
 INFO: Total execution time for kernels is 0.00946594s
 INFO: Computing semblance for m0 = 8520
 INFO: Total execution time for kernels is 0.00947025s
 INFO: Computing semblance for m0 = 8540
 INFO: Total execution time for kernels is 0.0101372s
 INFO: Computing semblance for m0 = 8560
 INFO: Total execution time for kernels is 0.00987463s
 INFO: Computing semblance for m0 = 8580
 INFO: Total execution time for kernels is 0.00945031s
 INFO: Computing semblance for m0 = 8600
 INFO: Total execution time for kernels is 0.00953271s
 INFO: Computing semblance for m0 = 8620
 INFO: Total execution time for kernels is 0.00979616s
 INFO: Computing semblance for m0 = 8640
 INFO: Total execution time for kernels is 0.00963928s
 INFO: Computing semblance for m0 = 8660
 INFO: Total execution time for kernels is 0.00959216s
 INFO: Computing semblance for m0 = 8680
 INFO: Total execution time for kernels is 0.0091399s
 INFO: Computing semblance for m0 = 8700
 INFO: Total execution time for kernels is 0.00995561s
 INFO: Computing semblance for m0 = 8720
 INFO: Total execution time for kernels is 0.00963769s
 INFO: Computing semblance for m0 = 8740
 INFO: Total execution time for kernels is 0.00911527s
 INFO: Computing semblance for m0 = 8760
 INFO: Total execution time for kernels is 0.00951967s
 INFO: Computing semblance for m0 = 8780
 INFO: Total execution time for kernels is 0.00902424s
 INFO: Computing semblance for m0 = 8800
 INFO: Total execution time for kernels is 0.00972367s
 INFO: Computing semblance for m0 = 8820
 INFO: Total execution time for kernels is 0.00965s
 INFO: Computing semblance for m0 = 8840
 INFO: Total execution time for kernels is 0.00950661s
 INFO: Computing semblance for m0 = 8860
 INFO: Total execution time for kernels is 0.00922337s
 INFO: Computing semblance for m0 = 8880
 INFO: Total execution time for kernels is 0.00961779s
 INFO: Total execution time for kernels is 0.0095704s
 INFO: Computing semblance for m0 = 8900
 INFO: Computing semblance for m0 = 8920
 INFO: Total execution time for kernels is 0.00933096s
 INFO: Computing semblance for m0 = 8940
 INFO: Total execution time for kernels is 0.00925933s
 INFO: Computing semblance for m0 = 8960
 INFO: Total execution time for kernels is 0.0094558s
 INFO: Computing semblance for m0 = 8980
 INFO: Total execution time for kernels is 0.00954098s
 INFO: Computing semblance for m0 = 9000
 INFO: Total execution time for kernels is 0.00946546s
 INFO: Computing semblance for m0 = 9020
 INFO: Total execution time for kernels is 0.00919741s
 INFO: Computing semblance for m0 = 9040
 INFO: Total execution time for kernels is 0.00935438s
 INFO: Computing semblance for m0 = 9060
 INFO: Total execution time for kernels is 0.0095141s
 INFO: Computing semblance for m0 = 9080
 INFO: Total execution time for kernels is 0.00973574s
 INFO: Computing semblance for m0 = 9100
 INFO: Total execution time for kernels is 0.00914025s
 INFO: Computing semblance for m0 = 9120
 INFO: Total execution time for kernels is 0.00926817s
 INFO: Computing semblance for m0 = 9140
 INFO: Total execution time for kernels is 0.00913484s
 INFO: Computing semblance for m0 = 9160
 INFO: Total execution time for kernels is 0.00916681s
 INFO: Computing semblance for m0 = 9180
 INFO: Total execution time for kernels is 0.00822826s
 INFO: Computing semblance for m0 = 9200
 INFO: Total execution time for kernels is 0.00840479s
 INFO: Computing semblance for m0 = 9220
 INFO: Total execution time for kernels is 0.00825752s
 INFO: Computing semblance for m0 = 9240
 INFO: Total execution time for kernels is 0.00819659s
 INFO: Computing semblance for m0 = 9260
 INFO: Total execution time for kernels is 0.00745636s
 INFO: Computing semblance for m0 = 9280
 INFO: Total execution time for kernels is 0.00753193s
 INFO: Computing semblance for m0 = 9300
 INFO: Total execution time for kernels is 0.00744184s
 INFO: Computing semblance for m0 = 9320
 INFO: Total execution time for kernels is 0.0072712s
 INFO: Computing semblance for m0 = 9340
 INFO: Total execution time for kernels is 0.00675869s
 INFO: Computing semblance for m0 = 9360
 INFO: Total execution time for kernels is 0.00645504s
 INFO: Computing semblance for m0 = 9380
 INFO: Total execution time for kernels is 0.00662273s
 INFO: Computing semblance for m0 = 9400
 INFO: Total execution time for kernels is 0.00679771s
 INFO: Computing semblance for m0 = 9420
 INFO: Total execution time for kernels is 0.005917s
 INFO: Computing semblance for m0 = 9440
 INFO: Total execution time for kernels is 0.00565834s
 INFO: Computing semblance for m0 = 9460
 INFO: Total execution time for kernels is 0.00583338s
 INFO: Computing semblance for m0 = 9480
 INFO: Total execution time for kernels is 0.00601259s
 INFO: Computing semblance for m0 = 9500
 INFO: Total execution time for kernels is 0.00520022s
 INFO: Computing semblance for m0 = 9520
 INFO: Total execution time for kernels is 0.00487808s
 INFO: Total execution time for kernels is 0.00495773s
 INFO: Computing semblance for m0 = 9540
 INFO: Computing semblance for m0 = 9560
 INFO: Total execution time for kernels is 0.00525468s
 INFO: Computing semblance for m0 = 9580
 INFO: Total execution time for kernels is 0.00447546s
 INFO: Computing semblance for m0 = 9600
 INFO: Total execution time for kernels is 0.00424067s
 INFO: Total execution time for kernels is 0.00421941s
 INFO: Computing semblance for m0 = 9620
 INFO: Computing semblance for m0 = 9640
 INFO: Total execution time for kernels is 0.00448524s
 INFO: Computing semblance for m0 = 9660
 INFO: Total execution time for kernels is 0.00384684s
 INFO: Computing semblance for m0 = 9680
 INFO: Total execution time for kernels is 0.0035795s
 INFO: Computing semblance for m0 = 9700
 INFO: Total execution time for kernels is 0.00355643s
 INFO: Computing semblance for m0 = 9720
 INFO: Total execution time for kernels is 0.00385287s
 INFO: Computing semblance for m0 = 9740
 INFO: Total execution time for kernels is 0.00330639s
 INFO: Computing semblance for m0 = 9760
 INFO: Total execution time for kernels is 0.0033039s
 INFO: Total execution time for kernels is 0.00305321s
 INFO: Computing semblance for m0 = 9780
 INFO: Computing semblance for m0 = 9800
 INFO: Total execution time for kernels is 0.00304513s
 INFO: Computing semblance for m0 = 9820
 INFO: Total execution time for kernels is 0.00283499s
 INFO: Computing semblance for m0 = 9840
 INFO: Total execution time for kernels is 0.00261421s
 INFO: Total execution time for kernels is 0.00264006s
 INFO: Computing semblance for m0 = 9860
 INFO: Computing semblance for m0 = 9880
 INFO: Total execution time for kernels is 0.00284431s
 INFO: Computing semblance for m0 = 9900
 INFO: Total execution time for kernels is 0.0024638s
 INFO: Computing semblance for m0 = 9920
 INFO: Total execution time for kernels is 0.00227352s
 INFO: Computing semblance for m0 = 9940
 INFO: Total execution time for kernels is 0.00228451s
 INFO: Total execution time for kernels is 0.00243626s
 INFO: Total execution time for kernels is 0.00210763s
 INFO: Total execution time for kernels is 0.00209712s
 INFO: Average of efficiency is 1
 INFO: Average of interpolations_per_sec is 1.10365e+11
 INFO: Average of selected_traces is 20.6742
 INFO: Average of total_selection_kernel_exec_time is 0.00031774
 INFO: Average of total_kernel_exec_time is 0.00912236
 INFO: Driver init. duration is 0.12439 s
 INFO: Read gather duration is 0.0947914 s
 INFO: Parse args. duration is 0.000177349 s
 INFO: Worker threads duration is 1.83466 s
 INFO: Dump results duration is 0.612094 s
 INFO: Results written to /home/ubuntu/nfs/out/d4e9b53e_master_g4dn.12xlarge_32/cmp/de/cuda/simple-synthetic_1/simple-synthetic_de_cmp_20210303_1140/
 INFO: It took 2.67829s to compute.
