 INFO: [readGatherFromFile:119] Number of CDPs = 445
 INFO: [readGatherFromFile:120] Number of traces in the gather = 9200
 INFO: [readGatherFromFile:121] Number of samples per trace = 2502
 INFO: [initialize:24] Initializing traveltime
 INFO: [initialize:28] Factory initialized
 INFO: [create_worker:27] Device count is 0
 INFO: [parseComputeAlgorithm:28] Generations = 32
 INFO: [parseComputeAlgorithm:32] Individuals per population = 32
 INFO: [run:16] m0 = 1120
 INFO: [activate:15] Activating GPU#0
 INFO: [activate:15] Activating GPU#0
 INFO: [activate:15] Activating GPU#0
 INFO: [selectTracesToBeUsedForMidpoint:113] Selecting traces for m0 = 1120
 INFO: [copyOnlySelectedTracesToDevice:118] Selected 406 traces
 INFO: [copyOnlySelectedTracesToDevice:152] Copy time is 0.0039277
 INFO: [selectTracesToBeUsedForMidpoint:181] Execution time for copying traces is 0.00423546s
 INFO: [saveStatisticalResults:102] Total execution time for selecting traces is 0.0469234s
 INFO: [saveStatisticalResults:104] Total execution time for kernels is 0.0977127s
 INFO: [run:16] m0 = 1200
 INFO: [activate:15] Activating GPU#0
 INFO: [selectTracesToBeUsedForMidpoint:113] Selecting traces for m0 = 1200
 INFO: [copyOnlySelectedTracesToDevice:118] Selected 465 traces
 INFO: [copyOnlySelectedTracesToDevice:152] Copy time is 0.00397357
 INFO: [selectTracesToBeUsedForMidpoint:181] Execution time for copying traces is 0.00437081s
 INFO: [saveStatisticalResults:102] Total execution time for selecting traces is 0.0279705s
 INFO: [saveStatisticalResults:104] Total execution time for kernels is 0.0962249s
 INFO: [run:16] m0 = 1280
 INFO: [activate:15] Activating GPU#0
 INFO: [selectTracesToBeUsedForMidpoint:113] Selecting traces for m0 = 1280
 INFO: [copyOnlySelectedTracesToDevice:118] Selected 528 traces
 INFO: [copyOnlySelectedTracesToDevice:152] Copy time is 0.00425309
 INFO: [selectTracesToBeUsedForMidpoint:181] Execution time for copying traces is 0.00471759s
 INFO: [saveStatisticalResults:102] Total execution time for selecting traces is 0.0210555s
 INFO: [saveStatisticalResults:104] Total execution time for kernels is 0.110369s
 INFO: [run:16] m0 = 1360
 INFO: [activate:15] Activating GPU#0
 INFO: [selectTracesToBeUsedForMidpoint:113] Selecting traces for m0 = 1360
 INFO: [copyOnlySelectedTracesToDevice:118] Selected 595 traces
 INFO: [copyOnlySelectedTracesToDevice:152] Copy time is 0.00538366
 INFO: [selectTracesToBeUsedForMidpoint:181] Execution time for copying traces is 0.00598395s
 INFO: [saveStatisticalResults:102] Total execution time for selecting traces is 0.0475232s
 INFO: [saveStatisticalResults:104] Total execution time for kernels is 0.161689s
 INFO: [run:16] m0 = 1440
 INFO: [activate:15] Activating GPU#0
 INFO: [selectTracesToBeUsedForMidpoint:113] Selecting traces for m0 = 1440
 INFO: [copyOnlySelectedTracesToDevice:118] Selected 666 traces
 INFO: [copyOnlySelectedTracesToDevice:152] Copy time is 0.00594579
 INFO: [selectTracesToBeUsedForMidpoint:181] Execution time for copying traces is 0.00654143s
 INFO: [saveStatisticalResults:102] Total execution time for selecting traces is 0.0492434s
 INFO: [saveStatisticalResults:104] Total execution time for kernels is 0.200214s
 INFO: [run:16] m0 = 1520
 INFO: [activate:15] Activating GPU#0
 INFO: [selectTracesToBeUsedForMidpoint:113] Selecting traces for m0 = 1520
 INFO: [copyOnlySelectedTracesToDevice:118] Selected 741 traces
 INFO: [copyOnlySelectedTracesToDevice:152] Copy time is 0.00664553
 INFO: [selectTracesToBeUsedForMidpoint:181] Execution time for copying traces is 0.00736231s
 INFO: [saveStatisticalResults:102] Total execution time for selecting traces is 0.0500652s
 INFO: [saveStatisticalResults:104] Total execution time for kernels is 0.259046s
 INFO: [run:16] m0 = 1600
 INFO: [activate:15] Activating GPU#0
 INFO: [selectTracesToBeUsedForMidpoint:113] Selecting traces for m0 = 1600
 INFO: [copyOnlySelectedTracesToDevice:118] Selected 820 traces
 INFO: [copyOnlySelectedTracesToDevice:152] Copy time is 0.0066402
 INFO: [selectTracesToBeUsedForMidpoint:181] Execution time for copying traces is 0.00718854s
 INFO: [saveStatisticalResults:102] Total execution time for selecting traces is 0.0235087s
 INFO: [saveStatisticalResults:104] Total execution time for kernels is 0.324374s
 INFO: [run:16] m0 = 1680
 INFO: [activate:15] Activating GPU#0
 INFO: [selectTracesToBeUsedForMidpoint:113] Selecting traces for m0 = 1680
 INFO: [copyOnlySelectedTracesToDevice:118] Selected 903 traces
 INFO: [copyOnlySelectedTracesToDevice:152] Copy time is 0.00728876
 INFO: [selectTracesToBeUsedForMidpoint:181] Execution time for copying traces is 0.00785287s
 INFO: [saveStatisticalResults:102] Total execution time for selecting traces is 0.0241531s
 INFO: [saveStatisticalResults:104] Total execution time for kernels is 0.38413s
 INFO: [run:16] m0 = 1760
 INFO: [activate:15] Activating GPU#0
 INFO: [selectTracesToBeUsedForMidpoint:113] Selecting traces for m0 = 1760
 INFO: [copyOnlySelectedTracesToDevice:118] Selected 990 traces
 INFO: [copyOnlySelectedTracesToDevice:152] Copy time is 0.00794784
 INFO: [selectTracesToBeUsedForMidpoint:181] Execution time for copying traces is 0.00856572s
 INFO: [saveStatisticalResults:102] Total execution time for selecting traces is 0.0248624s
 INFO: [saveStatisticalResults:104] Total execution time for kernels is 0.453863s
 INFO: [run:16] m0 = 1840
 INFO: [activate:15] Activating GPU#0
 INFO: [selectTracesToBeUsedForMidpoint:113] Selecting traces for m0 = 1840
 INFO: [copyOnlySelectedTracesToDevice:118] Selected 1081 traces
 INFO: [copyOnlySelectedTracesToDevice:152] Copy time is 0.00870191
 INFO: [selectTracesToBeUsedForMidpoint:181] Execution time for copying traces is 0.00932732s
 INFO: [saveStatisticalResults:102] Total execution time for selecting traces is 0.0256272s
 INFO: [saveStatisticalResults:104] Total execution time for kernels is 0.545482s
 INFO: [run:16] m0 = 1920
 INFO: [activate:15] Activating GPU#0
 INFO: [selectTracesToBeUsedForMidpoint:113] Selecting traces for m0 = 1920
 INFO: [copyOnlySelectedTracesToDevice:118] Selected 1173 traces
 INFO: [copyOnlySelectedTracesToDevice:152] Copy time is 0.00940754
 INFO: [selectTracesToBeUsedForMidpoint:181] Execution time for copying traces is 0.010106s
 INFO: [saveStatisticalResults:102] Total execution time for selecting traces is 0.0263874s
 INFO: [saveStatisticalResults:104] Total execution time for kernels is 0.621656s
 INFO: [run:16] m0 = 2000
 INFO: [activate:15] Activating GPU#0
 INFO: [selectTracesToBeUsedForMidpoint:113] Selecting traces for m0 = 2000
 INFO: [copyOnlySelectedTracesToDevice:118] Selected 1265 traces
 INFO: [copyOnlySelectedTracesToDevice:152] Copy time is 0.0102164
 INFO: [selectTracesToBeUsedForMidpoint:181] Execution time for copying traces is 0.0109092s
 INFO: [saveStatisticalResults:102] Total execution time for selecting traces is 0.0272056s
 INFO: [saveStatisticalResults:104] Total execution time for kernels is 0.670048s
 INFO: [run:16] m0 = 2080
 INFO: [activate:15] Activating GPU#0
 INFO: [selectTracesToBeUsedForMidpoint:113] Selecting traces for m0 = 2080
 INFO: [copyOnlySelectedTracesToDevice:118] Selected 1357 traces
 INFO: [copyOnlySelectedTracesToDevice:152] Copy time is 0.011007
 INFO: [selectTracesToBeUsedForMidpoint:181] Execution time for copying traces is 0.011773s
 INFO: [saveStatisticalResults:102] Total execution time for selecting traces is 0.0280637s
 INFO: [saveStatisticalResults:104] Total execution time for kernels is 0.692107s
 INFO: [run:16] m0 = 2160
 INFO: [activate:15] Activating GPU#0
 INFO: [selectTracesToBeUsedForMidpoint:113] Selecting traces for m0 = 2160
 INFO: [copyOnlySelectedTracesToDevice:118] Selected 1403 traces
 INFO: [copyOnlySelectedTracesToDevice:152] Copy time is 0.0113209
 INFO: [selectTracesToBeUsedForMidpoint:181] Execution time for copying traces is 0.0121037s
 INFO: [saveStatisticalResults:102] Total execution time for selecting traces is 0.0284437s
 INFO: [saveStatisticalResults:104] Total execution time for kernels is 0.689268s
 INFO: [run:16] m0 = 2240
 INFO: [activate:15] Activating GPU#0
 INFO: [selectTracesToBeUsedForMidpoint:113] Selecting traces for m0 = 2240
 INFO: [copyOnlySelectedTracesToDevice:118] Selected 1403 traces
 INFO: [copyOnlySelectedTracesToDevice:152] Copy time is 0.0113246
 INFO: [selectTracesToBeUsedForMidpoint:181] Execution time for copying traces is 0.0120903s
 INFO: [saveStatisticalResults:102] Total execution time for selecting traces is 0.0284317s
 INFO: [saveStatisticalResults:104] Total execution time for kernels is 0.68502s
 INFO: [run:16] m0 = 2320
 INFO: [activate:15] Activating GPU#0
 INFO: [selectTracesToBeUsedForMidpoint:113] Selecting traces for m0 = 2320
 INFO: [copyOnlySelectedTracesToDevice:118] Selected 1403 traces
 INFO: [copyOnlySelectedTracesToDevice:152] Copy time is 0.0112915
 INFO: [selectTracesToBeUsedForMidpoint:181] Execution time for copying traces is 0.012066s
 INFO: [saveStatisticalResults:102] Total execution time for selecting traces is 0.0283746s
 INFO: [saveStatisticalResults:104] Total execution time for kernels is 0.688405s
 INFO: [run:16] m0 = 2400
 INFO: [activate:15] Activating GPU#0
 INFO: [selectTracesToBeUsedForMidpoint:113] Selecting traces for m0 = 2400
 INFO: [copyOnlySelectedTracesToDevice:118] Selected 1403 traces
 INFO: [copyOnlySelectedTracesToDevice:152] Copy time is 0.0113574
 INFO: [selectTracesToBeUsedForMidpoint:181] Execution time for copying traces is 0.0121277s
 INFO: [saveStatisticalResults:102] Total execution time for selecting traces is 0.0284531s
 INFO: [saveStatisticalResults:104] Total execution time for kernels is 0.69139s
 INFO: [run:16] m0 = 2480
 INFO: [activate:15] Activating GPU#0
 INFO: [selectTracesToBeUsedForMidpoint:113] Selecting traces for m0 = 2480
 INFO: [copyOnlySelectedTracesToDevice:118] Selected 1403 traces
 INFO: [copyOnlySelectedTracesToDevice:152] Copy time is 0.0114558
 INFO: [selectTracesToBeUsedForMidpoint:181] Execution time for copying traces is 0.0122444s
 INFO: [saveStatisticalResults:102] Total execution time for selecting traces is 0.0285815s
 INFO: [saveStatisticalResults:104] Total execution time for kernels is 0.694318s
 INFO: [run:16] m0 = 2560
 INFO: [activate:15] Activating GPU#0
 INFO: [selectTracesToBeUsedForMidpoint:113] Selecting traces for m0 = 2560
 INFO: [copyOnlySelectedTracesToDevice:118] Selected 1403 traces
 INFO: [copyOnlySelectedTracesToDevice:152] Copy time is 0.0112865
 INFO: [selectTracesToBeUsedForMidpoint:181] Execution time for copying traces is 0.0120352s
 INFO: [saveStatisticalResults:102] Total execution time for selecting traces is 0.0283222s
 INFO: [saveStatisticalResults:104] Total execution time for kernels is 0.686001s
 INFO: [run:16] m0 = 2640
 INFO: [activate:15] Activating GPU#0
 INFO: [selectTracesToBeUsedForMidpoint:113] Selecting traces for m0 = 2640
 INFO: [copyOnlySelectedTracesToDevice:118] Selected 1403 traces
 INFO: [copyOnlySelectedTracesToDevice:152] Copy time is 0.0113818
 INFO: [selectTracesToBeUsedForMidpoint:181] Execution time for copying traces is 0.0121399s
 INFO: [saveStatisticalResults:102] Total execution time for selecting traces is 0.0284958s
 INFO: [saveStatisticalResults:104] Total execution time for kernels is 0.69528s
 INFO: [run:16] m0 = 2720
 INFO: [activate:15] Activating GPU#0
 INFO: [selectTracesToBeUsedForMidpoint:113] Selecting traces for m0 = 2720
 INFO: [copyOnlySelectedTracesToDevice:118] Selected 1403 traces
 INFO: [copyOnlySelectedTracesToDevice:152] Copy time is 0.0113036
 INFO: [selectTracesToBeUsedForMidpoint:181] Execution time for copying traces is 0.0120976s
 INFO: [saveStatisticalResults:102] Total execution time for selecting traces is 0.0284572s
 INFO: [saveStatisticalResults:104] Total execution time for kernels is 0.695327s
 INFO: [run:16] m0 = 2800
 INFO: [activate:15] Activating GPU#0
 INFO: [selectTracesToBeUsedForMidpoint:113] Selecting traces for m0 = 2800
 INFO: [copyOnlySelectedTracesToDevice:118] Selected 1403 traces
 INFO: [copyOnlySelectedTracesToDevice:152] Copy time is 0.0112634
 INFO: [selectTracesToBeUsedForMidpoint:181] Execution time for copying traces is 0.0120542s
 INFO: [saveStatisticalResults:102] Total execution time for selecting traces is 0.0283937s
 INFO: [saveStatisticalResults:104] Total execution time for kernels is 0.696459s
 INFO: [run:16] m0 = 2880
 INFO: [activate:15] Activating GPU#0
 INFO: [selectTracesToBeUsedForMidpoint:113] Selecting traces for m0 = 2880
 INFO: [copyOnlySelectedTracesToDevice:118] Selected 1403 traces
 INFO: [copyOnlySelectedTracesToDevice:152] Copy time is 0.0113214
 INFO: [selectTracesToBeUsedForMidpoint:181] Execution time for copying traces is 0.0121006s
 INFO: [saveStatisticalResults:102] Total execution time for selecting traces is 0.0284451s
 INFO: [saveStatisticalResults:104] Total execution time for kernels is 0.692709s
 INFO: [run:16] m0 = 2960
 INFO: [activate:15] Activating GPU#0
 INFO: [selectTracesToBeUsedForMidpoint:113] Selecting traces for m0 = 2960
 INFO: [copyOnlySelectedTracesToDevice:118] Selected 1403 traces
 INFO: [copyOnlySelectedTracesToDevice:152] Copy time is 0.0113451
 INFO: [selectTracesToBeUsedForMidpoint:181] Execution time for copying traces is 0.0121107s
 INFO: [saveStatisticalResults:102] Total execution time for selecting traces is 0.0284448s
 INFO: [saveStatisticalResults:104] Total execution time for kernels is 0.689297s
 INFO: [run:16] m0 = 3040
 INFO: [activate:15] Activating GPU#0
 INFO: [selectTracesToBeUsedForMidpoint:113] Selecting traces for m0 = 3040
 INFO: [copyOnlySelectedTracesToDevice:118] Selected 1403 traces
 INFO: [copyOnlySelectedTracesToDevice:152] Copy time is 0.0113585
 INFO: [selectTracesToBeUsedForMidpoint:181] Execution time for copying traces is 0.0121245s
 INFO: [saveStatisticalResults:102] Total execution time for selecting traces is 0.028448s
 INFO: [saveStatisticalResults:104] Total execution time for kernels is 0.687397s
 INFO: [run:16] m0 = 3120
 INFO: [activate:15] Activating GPU#0
 INFO: [selectTracesToBeUsedForMidpoint:113] Selecting traces for m0 = 3120
 INFO: [copyOnlySelectedTracesToDevice:118] Selected 1403 traces
 INFO: [copyOnlySelectedTracesToDevice:152] Copy time is 0.0112872
 INFO: [selectTracesToBeUsedForMidpoint:181] Execution time for copying traces is 0.0120479s
 INFO: [saveStatisticalResults:102] Total execution time for selecting traces is 0.028397s
 INFO: [saveStatisticalResults:104] Total execution time for kernels is 0.693467s
 INFO: [run:16] m0 = 3200
 INFO: [activate:15] Activating GPU#0
 INFO: [selectTracesToBeUsedForMidpoint:113] Selecting traces for m0 = 3200
 INFO: [copyOnlySelectedTracesToDevice:118] Selected 1403 traces
 INFO: [copyOnlySelectedTracesToDevice:152] Copy time is 0.0114341
 INFO: [selectTracesToBeUsedForMidpoint:181] Execution time for copying traces is 0.0121985s
 INFO: [saveStatisticalResults:102] Total execution time for selecting traces is 0.0285131s
 INFO: [saveStatisticalResults:104] Total execution time for kernels is 0.684248s
 INFO: [run:16] m0 = 3280
 INFO: [activate:15] Activating GPU#0
 INFO: [selectTracesToBeUsedForMidpoint:113] Selecting traces for m0 = 3280
 INFO: [copyOnlySelectedTracesToDevice:118] Selected 1403 traces
 INFO: [copyOnlySelectedTracesToDevice:152] Copy time is 0.0113733
 INFO: [selectTracesToBeUsedForMidpoint:181] Execution time for copying traces is 0.0121401s
 INFO: [saveStatisticalResults:102] Total execution time for selecting traces is 0.0284387s
 INFO: [saveStatisticalResults:104] Total execution time for kernels is 0.683824s
 INFO: [run:16] m0 = 3360
 INFO: [activate:15] Activating GPU#0
 INFO: [selectTracesToBeUsedForMidpoint:113] Selecting traces for m0 = 3360
 INFO: [copyOnlySelectedTracesToDevice:118] Selected 1403 traces
 INFO: [copyOnlySelectedTracesToDevice:152] Copy time is 0.0113256
 INFO: [selectTracesToBeUsedForMidpoint:181] Execution time for copying traces is 0.0120769s
 INFO: [saveStatisticalResults:102] Total execution time for selecting traces is 0.0283979s
 INFO: [saveStatisticalResults:104] Total execution time for kernels is 0.683278s
 INFO: [run:16] m0 = 3440
 INFO: [activate:15] Activating GPU#0
 INFO: [selectTracesToBeUsedForMidpoint:113] Selecting traces for m0 = 3440
 INFO: [copyOnlySelectedTracesToDevice:118] Selected 1403 traces
 INFO: [copyOnlySelectedTracesToDevice:152] Copy time is 0.0113758
 INFO: [selectTracesToBeUsedForMidpoint:181] Execution time for copying traces is 0.0121481s
 INFO: [saveStatisticalResults:102] Total execution time for selecting traces is 0.028453s
 INFO: [saveStatisticalResults:104] Total execution time for kernels is 0.696243s
 INFO: [run:16] m0 = 3520
 INFO: [activate:15] Activating GPU#0
 INFO: [selectTracesToBeUsedForMidpoint:113] Selecting traces for m0 = 3520
 INFO: [copyOnlySelectedTracesToDevice:118] Selected 1403 traces
 INFO: [copyOnlySelectedTracesToDevice:152] Copy time is 0.0113515
 INFO: [selectTracesToBeUsedForMidpoint:181] Execution time for copying traces is 0.0121007s
 INFO: [saveStatisticalResults:102] Total execution time for selecting traces is 0.0283924s
 INFO: [saveStatisticalResults:104] Total execution time for kernels is 0.691001s
 INFO: [run:16] m0 = 3600
 INFO: [activate:15] Activating GPU#0
 INFO: [selectTracesToBeUsedForMidpoint:113] Selecting traces for m0 = 3600
 INFO: [copyOnlySelectedTracesToDevice:118] Selected 1403 traces
 INFO: [copyOnlySelectedTracesToDevice:152] Copy time is 0.0114264
 INFO: [selectTracesToBeUsedForMidpoint:181] Execution time for copying traces is 0.0121978s
 INFO: [saveStatisticalResults:102] Total execution time for selecting traces is 0.0284921s
 INFO: [saveStatisticalResults:104] Total execution time for kernels is 0.691726s
 INFO: [run:16] m0 = 3680
 INFO: [activate:15] Activating GPU#0
 INFO: [selectTracesToBeUsedForMidpoint:113] Selecting traces for m0 = 3680
 INFO: [copyOnlySelectedTracesToDevice:118] Selected 1403 traces
 INFO: [copyOnlySelectedTracesToDevice:152] Copy time is 0.0114102
 INFO: [selectTracesToBeUsedForMidpoint:181] Execution time for copying traces is 0.0121897s
 INFO: [saveStatisticalResults:102] Total execution time for selecting traces is 0.0285021s
 INFO: [saveStatisticalResults:104] Total execution time for kernels is 0.689353s
 INFO: [run:16] m0 = 3760
 INFO: [activate:15] Activating GPU#0
 INFO: [selectTracesToBeUsedForMidpoint:113] Selecting traces for m0 = 3760
 INFO: [copyOnlySelectedTracesToDevice:118] Selected 1403 traces
 INFO: [copyOnlySelectedTracesToDevice:152] Copy time is 0.0112781
 INFO: [selectTracesToBeUsedForMidpoint:181] Execution time for copying traces is 0.0120598s
 INFO: [saveStatisticalResults:102] Total execution time for selecting traces is 0.028382s
 INFO: [saveStatisticalResults:104] Total execution time for kernels is 0.689672s
 INFO: [run:16] m0 = 3840
 INFO: [activate:15] Activating GPU#0
 INFO: [selectTracesToBeUsedForMidpoint:113] Selecting traces for m0 = 3840
 INFO: [copyOnlySelectedTracesToDevice:118] Selected 1403 traces
 INFO: [copyOnlySelectedTracesToDevice:152] Copy time is 0.0112569
 INFO: [selectTracesToBeUsedForMidpoint:181] Execution time for copying traces is 0.0120425s
 INFO: [saveStatisticalResults:102] Total execution time for selecting traces is 0.0283824s
 INFO: [saveStatisticalResults:104] Total execution time for kernels is 0.677454s
 INFO: [run:16] m0 = 3920
 INFO: [activate:15] Activating GPU#0
 INFO: [selectTracesToBeUsedForMidpoint:113] Selecting traces for m0 = 3920
 INFO: [copyOnlySelectedTracesToDevice:118] Selected 1403 traces
 INFO: [copyOnlySelectedTracesToDevice:152] Copy time is 0.011311
 INFO: [selectTracesToBeUsedForMidpoint:181] Execution time for copying traces is 0.0120846s
 INFO: [saveStatisticalResults:102] Total execution time for selecting traces is 0.0283648s
 INFO: [saveStatisticalResults:104] Total execution time for kernels is 0.684873s
 INFO: [run:16] m0 = 4000
 INFO: [activate:15] Activating GPU#0
 INFO: [selectTracesToBeUsedForMidpoint:113] Selecting traces for m0 = 4000
 INFO: [copyOnlySelectedTracesToDevice:118] Selected 1403 traces
 INFO: [copyOnlySelectedTracesToDevice:152] Copy time is 0.011275
 INFO: [selectTracesToBeUsedForMidpoint:181] Execution time for copying traces is 0.0120574s
 INFO: [saveStatisticalResults:102] Total execution time for selecting traces is 0.0283873s
 INFO: [saveStatisticalResults:104] Total execution time for kernels is 0.682431s
 INFO: [run:16] m0 = 4080
 INFO: [activate:15] Activating GPU#0
 INFO: [selectTracesToBeUsedForMidpoint:113] Selecting traces for m0 = 4080
 INFO: [copyOnlySelectedTracesToDevice:118] Selected 1403 traces
 INFO: [copyOnlySelectedTracesToDevice:152] Copy time is 0.011313
 INFO: [selectTracesToBeUsedForMidpoint:181] Execution time for copying traces is 0.012106s
 INFO: [saveStatisticalResults:102] Total execution time for selecting traces is 0.0284157s
 INFO: [saveStatisticalResults:104] Total execution time for kernels is 0.67672s
 INFO: [run:16] m0 = 4160
 INFO: [activate:15] Activating GPU#0
 INFO: [selectTracesToBeUsedForMidpoint:113] Selecting traces for m0 = 4160
 INFO: [copyOnlySelectedTracesToDevice:118] Selected 1403 traces
 INFO: [copyOnlySelectedTracesToDevice:152] Copy time is 0.0113992
 INFO: [selectTracesToBeUsedForMidpoint:181] Execution time for copying traces is 0.0121779s
 INFO: [saveStatisticalResults:102] Total execution time for selecting traces is 0.0284858s
 INFO: [saveStatisticalResults:104] Total execution time for kernels is 0.670376s
 INFO: [run:16] m0 = 4240
 INFO: [activate:15] Activating GPU#0
 INFO: [selectTracesToBeUsedForMidpoint:113] Selecting traces for m0 = 4240
 INFO: [copyOnlySelectedTracesToDevice:118] Selected 1403 traces
 INFO: [copyOnlySelectedTracesToDevice:152] Copy time is 0.0112282
 INFO: [selectTracesToBeUsedForMidpoint:181] Execution time for copying traces is 0.0120136s
 INFO: [saveStatisticalResults:102] Total execution time for selecting traces is 0.028356s
 INFO: [saveStatisticalResults:104] Total execution time for kernels is 0.684946s
 INFO: [run:16] m0 = 4320
 INFO: [activate:15] Activating GPU#0
 INFO: [selectTracesToBeUsedForMidpoint:113] Selecting traces for m0 = 4320
 INFO: [copyOnlySelectedTracesToDevice:118] Selected 1403 traces
 INFO: [copyOnlySelectedTracesToDevice:152] Copy time is 0.0114568
 INFO: [selectTracesToBeUsedForMidpoint:181] Execution time for copying traces is 0.0122546s
 INFO: [saveStatisticalResults:102] Total execution time for selecting traces is 0.0285629s
 INFO: [saveStatisticalResults:104] Total execution time for kernels is 0.693848s
 INFO: [run:16] m0 = 4400
 INFO: [activate:15] Activating GPU#0
 INFO: [selectTracesToBeUsedForMidpoint:113] Selecting traces for m0 = 4400
 INFO: [copyOnlySelectedTracesToDevice:118] Selected 1403 traces
 INFO: [copyOnlySelectedTracesToDevice:152] Copy time is 0.0113527
 INFO: [selectTracesToBeUsedForMidpoint:181] Execution time for copying traces is 0.0121331s
 INFO: [saveStatisticalResults:102] Total execution time for selecting traces is 0.0284601s
 INFO: [saveStatisticalResults:104] Total execution time for kernels is 0.695203s
 INFO: [run:16] m0 = 4480
 INFO: [activate:15] Activating GPU#0
 INFO: [selectTracesToBeUsedForMidpoint:113] Selecting traces for m0 = 4480
 INFO: [copyOnlySelectedTracesToDevice:118] Selected 1403 traces
 INFO: [copyOnlySelectedTracesToDevice:152] Copy time is 0.011349
 INFO: [selectTracesToBeUsedForMidpoint:181] Execution time for copying traces is 0.0121035s
 INFO: [saveStatisticalResults:102] Total execution time for selecting traces is 0.0284198s
 INFO: [saveStatisticalResults:104] Total execution time for kernels is 0.695576s
 INFO: [run:16] m0 = 4560
 INFO: [activate:15] Activating GPU#0
 INFO: [selectTracesToBeUsedForMidpoint:113] Selecting traces for m0 = 4560
 INFO: [copyOnlySelectedTracesToDevice:118] Selected 1403 traces
 INFO: [copyOnlySelectedTracesToDevice:152] Copy time is 0.0113098
 INFO: [selectTracesToBeUsedForMidpoint:181] Execution time for copying traces is 0.0120795s
 INFO: [saveStatisticalResults:102] Total execution time for selecting traces is 0.0283896s
 INFO: [saveStatisticalResults:104] Total execution time for kernels is 0.693848s
 INFO: [run:16] m0 = 4640
 INFO: [activate:15] Activating GPU#0
 INFO: [selectTracesToBeUsedForMidpoint:113] Selecting traces for m0 = 4640
 INFO: [copyOnlySelectedTracesToDevice:118] Selected 1403 traces
 INFO: [copyOnlySelectedTracesToDevice:152] Copy time is 0.0113168
 INFO: [selectTracesToBeUsedForMidpoint:181] Execution time for copying traces is 0.0121308s
 INFO: [saveStatisticalResults:102] Total execution time for selecting traces is 0.02846s
 INFO: [saveStatisticalResults:104] Total execution time for kernels is 0.68518s
 INFO: [run:16] m0 = 4720
 INFO: [activate:15] Activating GPU#0
 INFO: [selectTracesToBeUsedForMidpoint:113] Selecting traces for m0 = 4720
 INFO: [copyOnlySelectedTracesToDevice:118] Selected 1403 traces
 INFO: [copyOnlySelectedTracesToDevice:152] Copy time is 0.0113211
 INFO: [selectTracesToBeUsedForMidpoint:181] Execution time for copying traces is 0.0120951s
 INFO: [saveStatisticalResults:102] Total execution time for selecting traces is 0.0284244s
 INFO: [saveStatisticalResults:104] Total execution time for kernels is 0.689746s
 INFO: [run:16] m0 = 4800
 INFO: [activate:15] Activating GPU#0
 INFO: [selectTracesToBeUsedForMidpoint:113] Selecting traces for m0 = 4800
 INFO: [copyOnlySelectedTracesToDevice:118] Selected 1403 traces
 INFO: [copyOnlySelectedTracesToDevice:152] Copy time is 0.0113833
 INFO: [selectTracesToBeUsedForMidpoint:181] Execution time for copying traces is 0.0121732s
 INFO: [saveStatisticalResults:102] Total execution time for selecting traces is 0.0285284s
 INFO: [saveStatisticalResults:104] Total execution time for kernels is 0.693157s
 INFO: [run:16] m0 = 4880
 INFO: [activate:15] Activating GPU#0
 INFO: [selectTracesToBeUsedForMidpoint:113] Selecting traces for m0 = 4880
 INFO: [copyOnlySelectedTracesToDevice:118] Selected 1403 traces
 INFO: [copyOnlySelectedTracesToDevice:152] Copy time is 0.0112794
 INFO: [selectTracesToBeUsedForMidpoint:181] Execution time for copying traces is 0.0120883s
 INFO: [saveStatisticalResults:102] Total execution time for selecting traces is 0.0284253s
 INFO: [saveStatisticalResults:104] Total execution time for kernels is 0.69902s
 INFO: [run:16] m0 = 4960
 INFO: [activate:15] Activating GPU#0
 INFO: [selectTracesToBeUsedForMidpoint:113] Selecting traces for m0 = 4960
 INFO: [copyOnlySelectedTracesToDevice:118] Selected 1403 traces
 INFO: [copyOnlySelectedTracesToDevice:152] Copy time is 0.0112823
 INFO: [selectTracesToBeUsedForMidpoint:181] Execution time for copying traces is 0.0120559s
 INFO: [saveStatisticalResults:102] Total execution time for selecting traces is 0.028402s
 INFO: [saveStatisticalResults:104] Total execution time for kernels is 0.699048s
 INFO: [run:16] m0 = 5040
 INFO: [activate:15] Activating GPU#0
 INFO: [selectTracesToBeUsedForMidpoint:113] Selecting traces for m0 = 5040
 INFO: [copyOnlySelectedTracesToDevice:118] Selected 1403 traces
 INFO: [copyOnlySelectedTracesToDevice:152] Copy time is 0.0113825
 INFO: [selectTracesToBeUsedForMidpoint:181] Execution time for copying traces is 0.0121782s
 INFO: [saveStatisticalResults:102] Total execution time for selecting traces is 0.0296167s
 INFO: [saveStatisticalResults:104] Total execution time for kernels is 0.699026s
 INFO: [run:16] m0 = 5120
 INFO: [activate:15] Activating GPU#0
 INFO: [selectTracesToBeUsedForMidpoint:113] Selecting traces for m0 = 5120
 INFO: [copyOnlySelectedTracesToDevice:118] Selected 1403 traces
 INFO: [copyOnlySelectedTracesToDevice:152] Copy time is 0.0112997
 INFO: [selectTracesToBeUsedForMidpoint:181] Execution time for copying traces is 0.0120847s
 INFO: [saveStatisticalResults:102] Total execution time for selecting traces is 0.0284147s
 INFO: [saveStatisticalResults:104] Total execution time for kernels is 0.695889s
 INFO: [run:16] m0 = 5200
 INFO: [activate:15] Activating GPU#0
 INFO: [selectTracesToBeUsedForMidpoint:113] Selecting traces for m0 = 5200
 INFO: [copyOnlySelectedTracesToDevice:118] Selected 1403 traces
 INFO: [copyOnlySelectedTracesToDevice:152] Copy time is 0.0113169
 INFO: [selectTracesToBeUsedForMidpoint:181] Execution time for copying traces is 0.0120936s
 INFO: [saveStatisticalResults:102] Total execution time for selecting traces is 0.0284306s
 INFO: [saveStatisticalResults:104] Total execution time for kernels is 0.701892s
 INFO: [run:16] m0 = 5280
 INFO: [activate:15] Activating GPU#0
 INFO: [selectTracesToBeUsedForMidpoint:113] Selecting traces for m0 = 5280
 INFO: [copyOnlySelectedTracesToDevice:118] Selected 1403 traces
 INFO: [copyOnlySelectedTracesToDevice:152] Copy time is 0.0112595
 INFO: [selectTracesToBeUsedForMidpoint:181] Execution time for copying traces is 0.0120322s
 INFO: [saveStatisticalResults:102] Total execution time for selecting traces is 0.0283736s
 INFO: [saveStatisticalResults:104] Total execution time for kernels is 0.695775s
 INFO: [run:16] m0 = 5360
 INFO: [activate:15] Activating GPU#0
 INFO: [selectTracesToBeUsedForMidpoint:113] Selecting traces for m0 = 5360
 INFO: [copyOnlySelectedTracesToDevice:118] Selected 1403 traces
 INFO: [copyOnlySelectedTracesToDevice:152] Copy time is 0.0113684
 INFO: [selectTracesToBeUsedForMidpoint:181] Execution time for copying traces is 0.0121637s
 INFO: [saveStatisticalResults:102] Total execution time for selecting traces is 0.0284911s
 INFO: [saveStatisticalResults:104] Total execution time for kernels is 0.688303s
 INFO: [run:16] m0 = 5440
 INFO: [activate:15] Activating GPU#0
 INFO: [selectTracesToBeUsedForMidpoint:113] Selecting traces for m0 = 5440
 INFO: [copyOnlySelectedTracesToDevice:118] Selected 1403 traces
 INFO: [copyOnlySelectedTracesToDevice:152] Copy time is 0.0113588
 INFO: [selectTracesToBeUsedForMidpoint:181] Execution time for copying traces is 0.012135s
 INFO: [saveStatisticalResults:102] Total execution time for selecting traces is 0.0284778s
 INFO: [saveStatisticalResults:104] Total execution time for kernels is 0.686145s
 INFO: [run:16] m0 = 5520
 INFO: [activate:15] Activating GPU#0
 INFO: [selectTracesToBeUsedForMidpoint:113] Selecting traces for m0 = 5520
 INFO: [copyOnlySelectedTracesToDevice:118] Selected 1403 traces
 INFO: [copyOnlySelectedTracesToDevice:152] Copy time is 0.0113909
 INFO: [selectTracesToBeUsedForMidpoint:181] Execution time for copying traces is 0.0121637s
 INFO: [saveStatisticalResults:102] Total execution time for selecting traces is 0.0284879s
 INFO: [saveStatisticalResults:104] Total execution time for kernels is 0.686302s
 INFO: [run:16] m0 = 5600
 INFO: [activate:15] Activating GPU#0
 INFO: [selectTracesToBeUsedForMidpoint:113] Selecting traces for m0 = 5600
 INFO: [copyOnlySelectedTracesToDevice:118] Selected 1403 traces
 INFO: [copyOnlySelectedTracesToDevice:152] Copy time is 0.0113412
 INFO: [selectTracesToBeUsedForMidpoint:181] Execution time for copying traces is 0.012099s
 INFO: [saveStatisticalResults:102] Total execution time for selecting traces is 0.028435s
 INFO: [saveStatisticalResults:104] Total execution time for kernels is 0.68747s
 INFO: [run:16] m0 = 5680
 INFO: [activate:15] Activating GPU#0
 INFO: [selectTracesToBeUsedForMidpoint:113] Selecting traces for m0 = 5680
 INFO: [copyOnlySelectedTracesToDevice:118] Selected 1403 traces
 INFO: [copyOnlySelectedTracesToDevice:152] Copy time is 0.0112079
 INFO: [selectTracesToBeUsedForMidpoint:181] Execution time for copying traces is 0.0119818s
 INFO: [saveStatisticalResults:102] Total execution time for selecting traces is 0.02832s
 INFO: [saveStatisticalResults:104] Total execution time for kernels is 0.693515s
 INFO: [run:16] m0 = 5760
 INFO: [activate:15] Activating GPU#0
 INFO: [selectTracesToBeUsedForMidpoint:113] Selecting traces for m0 = 5760
 INFO: [copyOnlySelectedTracesToDevice:118] Selected 1403 traces
 INFO: [copyOnlySelectedTracesToDevice:152] Copy time is 0.0112511
 INFO: [selectTracesToBeUsedForMidpoint:181] Execution time for copying traces is 0.0120345s
 INFO: [saveStatisticalResults:102] Total execution time for selecting traces is 0.0283532s
 INFO: [saveStatisticalResults:104] Total execution time for kernels is 0.702592s
 INFO: [run:16] m0 = 5840
 INFO: [activate:15] Activating GPU#0
 INFO: [selectTracesToBeUsedForMidpoint:113] Selecting traces for m0 = 5840
 INFO: [copyOnlySelectedTracesToDevice:118] Selected 1403 traces
 INFO: [copyOnlySelectedTracesToDevice:152] Copy time is 0.0114003
 INFO: [selectTracesToBeUsedForMidpoint:181] Execution time for copying traces is 0.012184s
 INFO: [saveStatisticalResults:102] Total execution time for selecting traces is 0.0285456s
 INFO: [saveStatisticalResults:104] Total execution time for kernels is 0.699899s
 INFO: [run:16] m0 = 5920
 INFO: [activate:15] Activating GPU#0
 INFO: [selectTracesToBeUsedForMidpoint:113] Selecting traces for m0 = 5920
 INFO: [copyOnlySelectedTracesToDevice:118] Selected 1403 traces
 INFO: [copyOnlySelectedTracesToDevice:152] Copy time is 0.0112368
 INFO: [selectTracesToBeUsedForMidpoint:181] Execution time for copying traces is 0.0120064s
 INFO: [saveStatisticalResults:102] Total execution time for selecting traces is 0.0283259s
 INFO: [saveStatisticalResults:104] Total execution time for kernels is 0.693337s
 INFO: [run:16] m0 = 6000
 INFO: [activate:15] Activating GPU#0
 INFO: [selectTracesToBeUsedForMidpoint:113] Selecting traces for m0 = 6000
 INFO: [copyOnlySelectedTracesToDevice:118] Selected 1403 traces
 INFO: [copyOnlySelectedTracesToDevice:152] Copy time is 0.0112406
 INFO: [selectTracesToBeUsedForMidpoint:181] Execution time for copying traces is 0.0120377s
 INFO: [saveStatisticalResults:102] Total execution time for selecting traces is 0.0283628s
 INFO: [saveStatisticalResults:104] Total execution time for kernels is 0.683243s
 INFO: [run:16] m0 = 6080
 INFO: [activate:15] Activating GPU#0
 INFO: [selectTracesToBeUsedForMidpoint:113] Selecting traces for m0 = 6080
 INFO: [copyOnlySelectedTracesToDevice:118] Selected 1403 traces
 INFO: [copyOnlySelectedTracesToDevice:152] Copy time is 0.0113266
 INFO: [selectTracesToBeUsedForMidpoint:181] Execution time for copying traces is 0.0121046s
 INFO: [saveStatisticalResults:102] Total execution time for selecting traces is 0.0284421s
 INFO: [saveStatisticalResults:104] Total execution time for kernels is 0.68848s
 INFO: [run:16] m0 = 6160
 INFO: [activate:15] Activating GPU#0
 INFO: [selectTracesToBeUsedForMidpoint:113] Selecting traces for m0 = 6160
 INFO: [copyOnlySelectedTracesToDevice:118] Selected 1403 traces
 INFO: [copyOnlySelectedTracesToDevice:152] Copy time is 0.0113364
 INFO: [selectTracesToBeUsedForMidpoint:181] Execution time for copying traces is 0.0120969s
 INFO: [saveStatisticalResults:102] Total execution time for selecting traces is 0.0284165s
 INFO: [saveStatisticalResults:104] Total execution time for kernels is 0.683228s
 INFO: [run:16] m0 = 6240
 INFO: [activate:15] Activating GPU#0
 INFO: [selectTracesToBeUsedForMidpoint:113] Selecting traces for m0 = 6240
 INFO: [copyOnlySelectedTracesToDevice:118] Selected 1403 traces
 INFO: [copyOnlySelectedTracesToDevice:152] Copy time is 0.011267
 INFO: [selectTracesToBeUsedForMidpoint:181] Execution time for copying traces is 0.0120322s
 INFO: [saveStatisticalResults:102] Total execution time for selecting traces is 0.0283532s
 INFO: [saveStatisticalResults:104] Total execution time for kernels is 0.695036s
 INFO: [run:16] m0 = 6320
 INFO: [activate:15] Activating GPU#0
 INFO: [selectTracesToBeUsedForMidpoint:113] Selecting traces for m0 = 6320
 INFO: [copyOnlySelectedTracesToDevice:118] Selected 1403 traces
 INFO: [copyOnlySelectedTracesToDevice:152] Copy time is 0.0113246
 INFO: [selectTracesToBeUsedForMidpoint:181] Execution time for copying traces is 0.0121082s
 INFO: [saveStatisticalResults:102] Total execution time for selecting traces is 0.0284493s
 INFO: [saveStatisticalResults:104] Total execution time for kernels is 0.695591s
 INFO: [run:16] m0 = 6400
 INFO: [activate:15] Activating GPU#0
 INFO: [selectTracesToBeUsedForMidpoint:113] Selecting traces for m0 = 6400
 INFO: [copyOnlySelectedTracesToDevice:118] Selected 1403 traces
 INFO: [copyOnlySelectedTracesToDevice:152] Copy time is 0.0114703
 INFO: [selectTracesToBeUsedForMidpoint:181] Execution time for copying traces is 0.0122281s
 INFO: [saveStatisticalResults:102] Total execution time for selecting traces is 0.0285482s
 INFO: [saveStatisticalResults:104] Total execution time for kernels is 0.687821s
 INFO: [run:16] m0 = 6480
 INFO: [activate:15] Activating GPU#0
 INFO: [selectTracesToBeUsedForMidpoint:113] Selecting traces for m0 = 6480
 INFO: [copyOnlySelectedTracesToDevice:118] Selected 1403 traces
 INFO: [copyOnlySelectedTracesToDevice:152] Copy time is 0.0112875
 INFO: [selectTracesToBeUsedForMidpoint:181] Execution time for copying traces is 0.0120597s
 INFO: [saveStatisticalResults:102] Total execution time for selecting traces is 0.0284008s
 INFO: [saveStatisticalResults:104] Total execution time for kernels is 0.696242s
 INFO: [run:16] m0 = 6560
 INFO: [activate:15] Activating GPU#0
 INFO: [selectTracesToBeUsedForMidpoint:113] Selecting traces for m0 = 6560
 INFO: [copyOnlySelectedTracesToDevice:118] Selected 1403 traces
 INFO: [copyOnlySelectedTracesToDevice:152] Copy time is 0.0112987
 INFO: [selectTracesToBeUsedForMidpoint:181] Execution time for copying traces is 0.0120548s
 INFO: [saveStatisticalResults:102] Total execution time for selecting traces is 0.0284087s
 INFO: [saveStatisticalResults:104] Total execution time for kernels is 0.69656s
 INFO: [run:16] m0 = 6640
 INFO: [activate:15] Activating GPU#0
 INFO: [selectTracesToBeUsedForMidpoint:113] Selecting traces for m0 = 6640
 INFO: [copyOnlySelectedTracesToDevice:118] Selected 1403 traces
 INFO: [copyOnlySelectedTracesToDevice:152] Copy time is 0.0112935
 INFO: [selectTracesToBeUsedForMidpoint:181] Execution time for copying traces is 0.0120648s
 INFO: [saveStatisticalResults:102] Total execution time for selecting traces is 0.0283962s
 INFO: [saveStatisticalResults:104] Total execution time for kernels is 0.691369s
 INFO: [run:16] m0 = 6720
 INFO: [activate:15] Activating GPU#0
 INFO: [selectTracesToBeUsedForMidpoint:113] Selecting traces for m0 = 6720
 INFO: [copyOnlySelectedTracesToDevice:118] Selected 1403 traces
 INFO: [copyOnlySelectedTracesToDevice:152] Copy time is 0.0111986
 INFO: [selectTracesToBeUsedForMidpoint:181] Execution time for copying traces is 0.0119729s
 INFO: [saveStatisticalResults:102] Total execution time for selecting traces is 0.0283094s
 INFO: [saveStatisticalResults:104] Total execution time for kernels is 0.686219s
 INFO: [run:16] m0 = 6800
 INFO: [activate:15] Activating GPU#0
 INFO: [selectTracesToBeUsedForMidpoint:113] Selecting traces for m0 = 6800
 INFO: [copyOnlySelectedTracesToDevice:118] Selected 1403 traces
 INFO: [copyOnlySelectedTracesToDevice:152] Copy time is 0.0112995
 INFO: [selectTracesToBeUsedForMidpoint:181] Execution time for copying traces is 0.0120591s
 INFO: [saveStatisticalResults:102] Total execution time for selecting traces is 0.0283955s
 INFO: [saveStatisticalResults:104] Total execution time for kernels is 0.685151s
 INFO: [run:16] m0 = 6880
 INFO: [activate:15] Activating GPU#0
 INFO: [selectTracesToBeUsedForMidpoint:113] Selecting traces for m0 = 6880
 INFO: [copyOnlySelectedTracesToDevice:118] Selected 1403 traces
 INFO: [copyOnlySelectedTracesToDevice:152] Copy time is 0.0112544
 INFO: [selectTracesToBeUsedForMidpoint:181] Execution time for copying traces is 0.012032s
 INFO: [saveStatisticalResults:102] Total execution time for selecting traces is 0.0284763s
 INFO: [saveStatisticalResults:104] Total execution time for kernels is 0.688556s
 INFO: [run:16] m0 = 6960
 INFO: [activate:15] Activating GPU#0
 INFO: [selectTracesToBeUsedForMidpoint:113] Selecting traces for m0 = 6960
 INFO: [copyOnlySelectedTracesToDevice:118] Selected 1403 traces
 INFO: [copyOnlySelectedTracesToDevice:152] Copy time is 0.011415
 INFO: [selectTracesToBeUsedForMidpoint:181] Execution time for copying traces is 0.0122043s
 INFO: [saveStatisticalResults:102] Total execution time for selecting traces is 0.0285223s
 INFO: [saveStatisticalResults:104] Total execution time for kernels is 0.691891s
 INFO: [run:16] m0 = 7040
 INFO: [activate:15] Activating GPU#0
 INFO: [selectTracesToBeUsedForMidpoint:113] Selecting traces for m0 = 7040
 INFO: [copyOnlySelectedTracesToDevice:118] Selected 1403 traces
 INFO: [copyOnlySelectedTracesToDevice:152] Copy time is 0.0114057
 INFO: [selectTracesToBeUsedForMidpoint:181] Execution time for copying traces is 0.0121886s
 INFO: [saveStatisticalResults:102] Total execution time for selecting traces is 0.0284801s
 INFO: [saveStatisticalResults:104] Total execution time for kernels is 0.689962s
 INFO: [run:16] m0 = 7120
 INFO: [activate:15] Activating GPU#0
 INFO: [selectTracesToBeUsedForMidpoint:113] Selecting traces for m0 = 7120
 INFO: [copyOnlySelectedTracesToDevice:118] Selected 1403 traces
 INFO: [copyOnlySelectedTracesToDevice:152] Copy time is 0.011277
 INFO: [selectTracesToBeUsedForMidpoint:181] Execution time for copying traces is 0.0120639s
 INFO: [saveStatisticalResults:102] Total execution time for selecting traces is 0.0283839s
 INFO: [saveStatisticalResults:104] Total execution time for kernels is 0.687895s
 INFO: [run:16] m0 = 7200
 INFO: [activate:15] Activating GPU#0
 INFO: [selectTracesToBeUsedForMidpoint:113] Selecting traces for m0 = 7200
 INFO: [copyOnlySelectedTracesToDevice:118] Selected 1403 traces
 INFO: [copyOnlySelectedTracesToDevice:152] Copy time is 0.0113244
 INFO: [selectTracesToBeUsedForMidpoint:181] Execution time for copying traces is 0.0121215s
 INFO: [saveStatisticalResults:102] Total execution time for selecting traces is 0.0293445s
 INFO: [saveStatisticalResults:104] Total execution time for kernels is 0.689488s
 INFO: [run:16] m0 = 7280
 INFO: [activate:15] Activating GPU#0
 INFO: [selectTracesToBeUsedForMidpoint:113] Selecting traces for m0 = 7280
 INFO: [copyOnlySelectedTracesToDevice:118] Selected 1403 traces
 INFO: [copyOnlySelectedTracesToDevice:152] Copy time is 0.011242
 INFO: [selectTracesToBeUsedForMidpoint:181] Execution time for copying traces is 0.0120123s
 INFO: [saveStatisticalResults:102] Total execution time for selecting traces is 0.0283111s
 INFO: [saveStatisticalResults:104] Total execution time for kernels is 0.693389s
 INFO: [run:16] m0 = 7360
 INFO: [activate:15] Activating GPU#0
 INFO: [selectTracesToBeUsedForMidpoint:113] Selecting traces for m0 = 7360
 INFO: [copyOnlySelectedTracesToDevice:118] Selected 1403 traces
 INFO: [copyOnlySelectedTracesToDevice:152] Copy time is 0.0113205
 INFO: [selectTracesToBeUsedForMidpoint:181] Execution time for copying traces is 0.0121179s
 INFO: [saveStatisticalResults:102] Total execution time for selecting traces is 0.0284424s
 INFO: [saveStatisticalResults:104] Total execution time for kernels is 0.682483s
 INFO: [run:16] m0 = 7440
 INFO: [activate:15] Activating GPU#0
 INFO: [selectTracesToBeUsedForMidpoint:113] Selecting traces for m0 = 7440
 INFO: [copyOnlySelectedTracesToDevice:118] Selected 1403 traces
 INFO: [copyOnlySelectedTracesToDevice:152] Copy time is 0.0113023
 INFO: [selectTracesToBeUsedForMidpoint:181] Execution time for copying traces is 0.0120806s
 INFO: [saveStatisticalResults:102] Total execution time for selecting traces is 0.0283994s
 INFO: [saveStatisticalResults:104] Total execution time for kernels is 0.69474s
 INFO: [run:16] m0 = 7520
 INFO: [activate:15] Activating GPU#0
 INFO: [selectTracesToBeUsedForMidpoint:113] Selecting traces for m0 = 7520
 INFO: [copyOnlySelectedTracesToDevice:118] Selected 1403 traces
 INFO: [copyOnlySelectedTracesToDevice:152] Copy time is 0.0113312
 INFO: [selectTracesToBeUsedForMidpoint:181] Execution time for copying traces is 0.0121025s
 INFO: [saveStatisticalResults:102] Total execution time for selecting traces is 0.0284259s
 INFO: [saveStatisticalResults:104] Total execution time for kernels is 0.688542s
 INFO: [run:16] m0 = 7600
 INFO: [activate:15] Activating GPU#0
 INFO: [selectTracesToBeUsedForMidpoint:113] Selecting traces for m0 = 7600
 INFO: [copyOnlySelectedTracesToDevice:118] Selected 1403 traces
 INFO: [copyOnlySelectedTracesToDevice:152] Copy time is 0.0112566
 INFO: [selectTracesToBeUsedForMidpoint:181] Execution time for copying traces is 0.01203s
 INFO: [saveStatisticalResults:102] Total execution time for selecting traces is 0.0283345s
 INFO: [saveStatisticalResults:104] Total execution time for kernels is 0.696715s
 INFO: [run:16] m0 = 7680
 INFO: [activate:15] Activating GPU#0
 INFO: [selectTracesToBeUsedForMidpoint:113] Selecting traces for m0 = 7680
 INFO: [copyOnlySelectedTracesToDevice:118] Selected 1403 traces
 INFO: [copyOnlySelectedTracesToDevice:152] Copy time is 0.0112162
 INFO: [selectTracesToBeUsedForMidpoint:181] Execution time for copying traces is 0.011999s
 INFO: [saveStatisticalResults:102] Total execution time for selecting traces is 0.0283286s
 INFO: [saveStatisticalResults:104] Total execution time for kernels is 0.683919s
 INFO: [run:16] m0 = 7760
 INFO: [activate:15] Activating GPU#0
 INFO: [selectTracesToBeUsedForMidpoint:113] Selecting traces for m0 = 7760
 INFO: [copyOnlySelectedTracesToDevice:118] Selected 1403 traces
 INFO: [copyOnlySelectedTracesToDevice:152] Copy time is 0.0112854
 INFO: [selectTracesToBeUsedForMidpoint:181] Execution time for copying traces is 0.0120715s
 INFO: [saveStatisticalResults:102] Total execution time for selecting traces is 0.028391s
 INFO: [saveStatisticalResults:104] Total execution time for kernels is 0.691049s
 INFO: [run:16] m0 = 7840
 INFO: [activate:15] Activating GPU#0
 INFO: [selectTracesToBeUsedForMidpoint:113] Selecting traces for m0 = 7840
 INFO: [copyOnlySelectedTracesToDevice:118] Selected 1403 traces
 INFO: [copyOnlySelectedTracesToDevice:152] Copy time is 0.0112677
 INFO: [selectTracesToBeUsedForMidpoint:181] Execution time for copying traces is 0.0120333s
 INFO: [saveStatisticalResults:102] Total execution time for selecting traces is 0.0283497s
 INFO: [saveStatisticalResults:104] Total execution time for kernels is 0.683082s
 INFO: [run:16] m0 = 7920
 INFO: [activate:15] Activating GPU#0
 INFO: [selectTracesToBeUsedForMidpoint:113] Selecting traces for m0 = 7920
 INFO: [copyOnlySelectedTracesToDevice:118] Selected 1403 traces
 INFO: [copyOnlySelectedTracesToDevice:152] Copy time is 0.0112679
 INFO: [selectTracesToBeUsedForMidpoint:181] Execution time for copying traces is 0.0120232s
 INFO: [saveStatisticalResults:102] Total execution time for selecting traces is 0.0283369s
 INFO: [saveStatisticalResults:104] Total execution time for kernels is 0.686784s
 INFO: [run:16] m0 = 8000
 INFO: [activate:15] Activating GPU#0
 INFO: [selectTracesToBeUsedForMidpoint:113] Selecting traces for m0 = 8000
 INFO: [copyOnlySelectedTracesToDevice:118] Selected 1403 traces
 INFO: [copyOnlySelectedTracesToDevice:152] Copy time is 0.011267
 INFO: [selectTracesToBeUsedForMidpoint:181] Execution time for copying traces is 0.01205s
 INFO: [saveStatisticalResults:102] Total execution time for selecting traces is 0.0283628s
 INFO: [saveStatisticalResults:104] Total execution time for kernels is 0.682965s
 INFO: [run:16] m0 = 8080
 INFO: [activate:15] Activating GPU#0
 INFO: [selectTracesToBeUsedForMidpoint:113] Selecting traces for m0 = 8080
 INFO: [copyOnlySelectedTracesToDevice:118] Selected 1400 traces
 INFO: [copyOnlySelectedTracesToDevice:152] Copy time is 0.0112484
 INFO: [selectTracesToBeUsedForMidpoint:181] Execution time for copying traces is 0.012004s
 INFO: [saveStatisticalResults:102] Total execution time for selecting traces is 0.028308s
 INFO: [saveStatisticalResults:104] Total execution time for kernels is 0.688739s
 INFO: [run:16] m0 = 8160
 INFO: [activate:15] Activating GPU#0
 INFO: [selectTracesToBeUsedForMidpoint:113] Selecting traces for m0 = 8160
 INFO: [copyOnlySelectedTracesToDevice:118] Selected 1393 traces
 INFO: [copyOnlySelectedTracesToDevice:152] Copy time is 0.011184
 INFO: [selectTracesToBeUsedForMidpoint:181] Execution time for copying traces is 0.0119474s
 INFO: [saveStatisticalResults:102] Total execution time for selecting traces is 0.0282591s
 INFO: [saveStatisticalResults:104] Total execution time for kernels is 0.684367s
 INFO: [run:16] m0 = 8240
 INFO: [activate:15] Activating GPU#0
 INFO: [selectTracesToBeUsedForMidpoint:113] Selecting traces for m0 = 8240
 INFO: [copyOnlySelectedTracesToDevice:118] Selected 1382 traces
 INFO: [copyOnlySelectedTracesToDevice:152] Copy time is 0.0111806
 INFO: [selectTracesToBeUsedForMidpoint:181] Execution time for copying traces is 0.0119424s
 INFO: [saveStatisticalResults:102] Total execution time for selecting traces is 0.0282456s
 INFO: [saveStatisticalResults:104] Total execution time for kernels is 0.679995s
 INFO: [run:16] m0 = 8320
 INFO: [activate:15] Activating GPU#0
 INFO: [selectTracesToBeUsedForMidpoint:113] Selecting traces for m0 = 8320
 INFO: [copyOnlySelectedTracesToDevice:118] Selected 1367 traces
 INFO: [copyOnlySelectedTracesToDevice:152] Copy time is 0.0110368
 INFO: [selectTracesToBeUsedForMidpoint:181] Execution time for copying traces is 0.0118237s
 INFO: [saveStatisticalResults:102] Total execution time for selecting traces is 0.0280981s
 INFO: [saveStatisticalResults:104] Total execution time for kernels is 0.685249s
 INFO: [run:16] m0 = 8400
 INFO: [activate:15] Activating GPU#0
 INFO: [selectTracesToBeUsedForMidpoint:113] Selecting traces for m0 = 8400
 INFO: [copyOnlySelectedTracesToDevice:118] Selected 1348 traces
 INFO: [copyOnlySelectedTracesToDevice:152] Copy time is 0.0108851
 INFO: [selectTracesToBeUsedForMidpoint:181] Execution time for copying traces is 0.0116682s
 INFO: [saveStatisticalResults:102] Total execution time for selecting traces is 0.0279871s
 INFO: [saveStatisticalResults:104] Total execution time for kernels is 0.683238s
 INFO: [run:16] m0 = 8480
 INFO: [activate:15] Activating GPU#0
 INFO: [selectTracesToBeUsedForMidpoint:113] Selecting traces for m0 = 8480
 INFO: [copyOnlySelectedTracesToDevice:118] Selected 1325 traces
 INFO: [copyOnlySelectedTracesToDevice:152] Copy time is 0.0106331
 INFO: [selectTracesToBeUsedForMidpoint:181] Execution time for copying traces is 0.011375s
 INFO: [saveStatisticalResults:102] Total execution time for selecting traces is 0.0276958s
 INFO: [saveStatisticalResults:104] Total execution time for kernels is 0.675944s
 INFO: [run:16] m0 = 8560
 INFO: [activate:15] Activating GPU#0
 INFO: [selectTracesToBeUsedForMidpoint:113] Selecting traces for m0 = 8560
 INFO: [copyOnlySelectedTracesToDevice:118] Selected 1298 traces
 INFO: [copyOnlySelectedTracesToDevice:152] Copy time is 0.0104954
 INFO: [selectTracesToBeUsedForMidpoint:181] Execution time for copying traces is 0.0112424s
 INFO: [saveStatisticalResults:102] Total execution time for selecting traces is 0.027558s
 INFO: [saveStatisticalResults:104] Total execution time for kernels is 0.671512s
 INFO: [run:16] m0 = 8640
 INFO: [activate:15] Activating GPU#0
 INFO: [selectTracesToBeUsedForMidpoint:113] Selecting traces for m0 = 8640
 INFO: [copyOnlySelectedTracesToDevice:118] Selected 1267 traces
 INFO: [copyOnlySelectedTracesToDevice:152] Copy time is 0.0101329
 INFO: [selectTracesToBeUsedForMidpoint:181] Execution time for copying traces is 0.010902s
 INFO: [saveStatisticalResults:102] Total execution time for selecting traces is 0.0272053s
 INFO: [saveStatisticalResults:104] Total execution time for kernels is 0.657415s
 INFO: [run:16] m0 = 8720
 INFO: [activate:15] Activating GPU#0
 INFO: [selectTracesToBeUsedForMidpoint:113] Selecting traces for m0 = 8720
 INFO: [copyOnlySelectedTracesToDevice:118] Selected 1232 traces
 INFO: [copyOnlySelectedTracesToDevice:152] Copy time is 0.00984263
 INFO: [selectTracesToBeUsedForMidpoint:181] Execution time for copying traces is 0.010594s
 INFO: [saveStatisticalResults:102] Total execution time for selecting traces is 0.0269085s
 INFO: [saveStatisticalResults:104] Total execution time for kernels is 0.643363s
 INFO: [run:16] m0 = 8800
 INFO: [activate:15] Activating GPU#0
 INFO: [selectTracesToBeUsedForMidpoint:113] Selecting traces for m0 = 8800
 INFO: [copyOnlySelectedTracesToDevice:118] Selected 1193 traces
 INFO: [copyOnlySelectedTracesToDevice:152] Copy time is 0.00957445
 INFO: [selectTracesToBeUsedForMidpoint:181] Execution time for copying traces is 0.0102741s
 INFO: [saveStatisticalResults:102] Total execution time for selecting traces is 0.026578s
 INFO: [saveStatisticalResults:104] Total execution time for kernels is 0.623045s
 INFO: [run:16] m0 = 8880
 INFO: [activate:15] Activating GPU#0
 INFO: [selectTracesToBeUsedForMidpoint:113] Selecting traces for m0 = 8880
 INFO: [copyOnlySelectedTracesToDevice:118] Selected 1150 traces
 INFO: [copyOnlySelectedTracesToDevice:152] Copy time is 0.00922805
 INFO: [selectTracesToBeUsedForMidpoint:181] Execution time for copying traces is 0.00991003s
 INFO: [saveStatisticalResults:102] Total execution time for selecting traces is 0.0262131s
 INFO: [saveStatisticalResults:104] Total execution time for kernels is 0.610316s
 INFO: [run:16] m0 = 8960
 INFO: [activate:15] Activating GPU#0
 INFO: [selectTracesToBeUsedForMidpoint:113] Selecting traces for m0 = 8960
 INFO: [copyOnlySelectedTracesToDevice:118] Selected 1103 traces
 INFO: [copyOnlySelectedTracesToDevice:152] Copy time is 0.00887461
 INFO: [selectTracesToBeUsedForMidpoint:181] Execution time for copying traces is 0.00956199s
 INFO: [saveStatisticalResults:102] Total execution time for selecting traces is 0.025881s
 INFO: [saveStatisticalResults:104] Total execution time for kernels is 0.581183s
 INFO: [run:16] m0 = 9040
 INFO: [activate:15] Activating GPU#0
 INFO: [selectTracesToBeUsedForMidpoint:113] Selecting traces for m0 = 9040
 INFO: [copyOnlySelectedTracesToDevice:118] Selected 1052 traces
 INFO: [copyOnlySelectedTracesToDevice:152] Copy time is 0.00848731
 INFO: [selectTracesToBeUsedForMidpoint:181] Execution time for copying traces is 0.00915126s
 INFO: [saveStatisticalResults:102] Total execution time for selecting traces is 0.0254618s
 INFO: [saveStatisticalResults:104] Total execution time for kernels is 0.538548s
 INFO: [run:16] m0 = 9120
 INFO: [activate:15] Activating GPU#0
 INFO: [selectTracesToBeUsedForMidpoint:113] Selecting traces for m0 = 9120
 INFO: [copyOnlySelectedTracesToDevice:118] Selected 997 traces
 INFO: [copyOnlySelectedTracesToDevice:152] Copy time is 0.00800453
 INFO: [selectTracesToBeUsedForMidpoint:181] Execution time for copying traces is 0.00867018s
 INFO: [saveStatisticalResults:102] Total execution time for selecting traces is 0.0249849s
 INFO: [saveStatisticalResults:104] Total execution time for kernels is 0.499805s
 INFO: [run:16] m0 = 9200
 INFO: [activate:15] Activating GPU#0
 INFO: [selectTracesToBeUsedForMidpoint:113] Selecting traces for m0 = 9200
 INFO: [copyOnlySelectedTracesToDevice:118] Selected 938 traces
 INFO: [copyOnlySelectedTracesToDevice:152] Copy time is 0.00759978
 INFO: [selectTracesToBeUsedForMidpoint:181] Execution time for copying traces is 0.00822253s
 INFO: [saveStatisticalResults:102] Total execution time for selecting traces is 0.0253407s
 INFO: [saveStatisticalResults:104] Total execution time for kernels is 0.44442s
 INFO: [run:16] m0 = 9280
 INFO: [activate:15] Activating GPU#0
 INFO: [selectTracesToBeUsedForMidpoint:113] Selecting traces for m0 = 9280
 INFO: [copyOnlySelectedTracesToDevice:118] Selected 875 traces
 INFO: [copyOnlySelectedTracesToDevice:152] Copy time is 0.00701828
 INFO: [selectTracesToBeUsedForMidpoint:181] Execution time for copying traces is 0.00762632s
 INFO: [saveStatisticalResults:102] Total execution time for selecting traces is 0.0239333s
 INFO: [saveStatisticalResults:104] Total execution time for kernels is 0.396563s
 INFO: [run:16] m0 = 9360
 INFO: [activate:15] Activating GPU#0
 INFO: [selectTracesToBeUsedForMidpoint:113] Selecting traces for m0 = 9360
 INFO: [copyOnlySelectedTracesToDevice:118] Selected 808 traces
 INFO: [copyOnlySelectedTracesToDevice:152] Copy time is 0.00646649
 INFO: [selectTracesToBeUsedForMidpoint:181] Execution time for copying traces is 0.00707775s
 INFO: [saveStatisticalResults:102] Total execution time for selecting traces is 0.023404s
 INFO: [saveStatisticalResults:104] Total execution time for kernels is 0.330137s
 INFO: [run:16] m0 = 9440
 INFO: [activate:15] Activating GPU#0
 INFO: [selectTracesToBeUsedForMidpoint:113] Selecting traces for m0 = 9440
 INFO: [copyOnlySelectedTracesToDevice:118] Selected 737 traces
 INFO: [copyOnlySelectedTracesToDevice:152] Copy time is 0.00595849
 INFO: [selectTracesToBeUsedForMidpoint:181] Execution time for copying traces is 0.00649607s
 INFO: [saveStatisticalResults:102] Total execution time for selecting traces is 0.0228199s
 INFO: [saveStatisticalResults:104] Total execution time for kernels is 0.267666s
 INFO: [run:16] m0 = 9520
 INFO: [activate:15] Activating GPU#0
 INFO: [selectTracesToBeUsedForMidpoint:113] Selecting traces for m0 = 9520
 INFO: [copyOnlySelectedTracesToDevice:118] Selected 662 traces
 INFO: [copyOnlySelectedTracesToDevice:152] Copy time is 0.00536172
 INFO: [selectTracesToBeUsedForMidpoint:181] Execution time for copying traces is 0.00592039s
 INFO: [saveStatisticalResults:102] Total execution time for selecting traces is 0.0233716s
 INFO: [saveStatisticalResults:104] Total execution time for kernels is 0.201752s
 INFO: [run:16] m0 = 9600
 INFO: [activate:15] Activating GPU#0
 INFO: [selectTracesToBeUsedForMidpoint:113] Selecting traces for m0 = 9600
 INFO: [copyOnlySelectedTracesToDevice:118] Selected 583 traces
 INFO: [copyOnlySelectedTracesToDevice:152] Copy time is 0.00524737
 INFO: [selectTracesToBeUsedForMidpoint:181] Execution time for copying traces is 0.00591497s
 INFO: [saveStatisticalResults:102] Total execution time for selecting traces is 0.0485043s
 INFO: [saveStatisticalResults:104] Total execution time for kernels is 0.176457s
 INFO: [run:16] m0 = 9680
 INFO: [activate:15] Activating GPU#0
 INFO: [selectTracesToBeUsedForMidpoint:113] Selecting traces for m0 = 9680
 INFO: [copyOnlySelectedTracesToDevice:118] Selected 500 traces
 INFO: [copyOnlySelectedTracesToDevice:152] Copy time is 0.0044765
 INFO: [selectTracesToBeUsedForMidpoint:181] Execution time for copying traces is 0.00505957s
 INFO: [saveStatisticalResults:102] Total execution time for selecting traces is 0.0476515s
 INFO: [saveStatisticalResults:104] Total execution time for kernels is 0.129693s
 INFO: [run:16] m0 = 9760
 INFO: [activate:15] Activating GPU#0
 INFO: [selectTracesToBeUsedForMidpoint:113] Selecting traces for m0 = 9760
 INFO: [copyOnlySelectedTracesToDevice:118] Selected 413 traces
 INFO: [copyOnlySelectedTracesToDevice:152] Copy time is 0.00368197
 INFO: [selectTracesToBeUsedForMidpoint:181] Execution time for copying traces is 0.00425426s
 INFO: [saveStatisticalResults:102] Total execution time for selecting traces is 0.0468313s
 INFO: [saveStatisticalResults:104] Total execution time for kernels is 0.0890639s
 INFO: [run:16] m0 = 9840
 INFO: [activate:15] Activating GPU#0
 INFO: [selectTracesToBeUsedForMidpoint:113] Selecting traces for m0 = 9840
 INFO: [copyOnlySelectedTracesToDevice:118] Selected 322 traces
 INFO: [copyOnlySelectedTracesToDevice:152] Copy time is 0.00287184
 INFO: [selectTracesToBeUsedForMidpoint:181] Execution time for copying traces is 0.00335144s
 INFO: [saveStatisticalResults:102] Total execution time for selecting traces is 0.0459377s
 INFO: [saveStatisticalResults:104] Total execution time for kernels is 0.0550567s
 INFO: [run:16] m0 = 9920
 INFO: [activate:15] Activating GPU#0
 INFO: [selectTracesToBeUsedForMidpoint:113] Selecting traces for m0 = 9920
 INFO: [copyOnlySelectedTracesToDevice:118] Selected 230 traces
 INFO: [copyOnlySelectedTracesToDevice:152] Copy time is 0.00204374
 INFO: [selectTracesToBeUsedForMidpoint:181] Execution time for copying traces is 0.00250074s
 INFO: [saveStatisticalResults:102] Total execution time for selecting traces is 0.045088s
 INFO: [saveStatisticalResults:104] Total execution time for kernels is 0.0347996s
