 INFO: Number of CDPs = 445
 INFO: Number of traces in the gather = 9200
 INFO: Number of samples per trace = 2502
 INFO: Computing semblance for m0 = 0
 INFO: No trace has been selected for m0 = 0. Skipping.
 INFO: Total execution time for kernels is 1.8116e-05s
 INFO: Computing semblance for m0 = 1080
 INFO: Total execution time for kernels is 0.00101778s
 INFO: Computing semblance for m0 = 1100
 INFO: Total execution time for kernels is 0.00101578s
 INFO: Computing semblance for m0 = 1120
 INFO: Total execution time for kernels is 0.00130863s
 INFO: Computing semblance for m0 = 1140
 INFO: Total execution time for kernels is 0.00130934s
 INFO: Computing semblance for m0 = 1160
 INFO: Total execution time for kernels is 0.00154478s
 INFO: Computing semblance for m0 = 1180
 INFO: Total execution time for kernels is 0.00154967s
 INFO: Computing semblance for m0 = 1200
 INFO: Total execution time for kernels is 0.00176955s
 INFO: Computing semblance for m0 = 1220
 INFO: Total execution time for kernels is 0.00177704s
 INFO: Computing semblance for m0 = 1240
 INFO: Total execution time for kernels is 0.0019749s
 INFO: Computing semblance for m0 = 1260
 INFO: Total execution time for kernels is 0.00199057s
 INFO: Computing semblance for m0 = 1280
 INFO: Total execution time for kernels is 0.00219573s
 INFO: Computing semblance for m0 = 1300
 INFO: Total execution time for kernels is 0.0021934s
 INFO: Computing semblance for m0 = 1320
 INFO: Total execution time for kernels is 0.00237792s
 INFO: Computing semblance for m0 = 1340
 INFO: Total execution time for kernels is 0.00238175s
 INFO: Computing semblance for m0 = 1360
 INFO: Total execution time for kernels is 0.002578s
 INFO: Computing semblance for m0 = 1380
 INFO: Total execution time for kernels is 0.00257596s
 INFO: Computing semblance for m0 = 1400
 INFO: Total execution time for kernels is 0.00278568s
 INFO: Computing semblance for m0 = 1420
 INFO: Total execution time for kernels is 0.00279347s
 INFO: Computing semblance for m0 = 1440
 INFO: Total execution time for kernels is 0.00299688s
 INFO: Computing semblance for m0 = 1460
 INFO: Total execution time for kernels is 0.00297971s
 INFO: Computing semblance for m0 = 1480
 INFO: Total execution time for kernels is 0.00318241s
 INFO: Computing semblance for m0 = 1500
 INFO: Total execution time for kernels is 0.0031765s
 INFO: Computing semblance for m0 = 1520
 INFO: Total execution time for kernels is 0.0033859s
 INFO: Computing semblance for m0 = 1540
 INFO: Total execution time for kernels is 0.00337284s
 INFO: Computing semblance for m0 = 1560
 INFO: Total execution time for kernels is 0.00357678s
 INFO: Computing semblance for m0 = 1580
 INFO: Total execution time for kernels is 0.00358031s
 INFO: Computing semblance for m0 = 1600
 INFO: Total execution time for kernels is 0.00378133s
 INFO: Computing semblance for m0 = 1620
 INFO: Total execution time for kernels is 0.0037592s
 INFO: Computing semblance for m0 = 1640
 INFO: Total execution time for kernels is 0.00394268s
 INFO: Computing semblance for m0 = 1660
 INFO: Total execution time for kernels is 0.00392054s
 INFO: Computing semblance for m0 = 1680
 INFO: Total execution time for kernels is 0.00414846s
 INFO: Computing semblance for m0 = 1700
 INFO: Total execution time for kernels is 0.00410735s
 INFO: Computing semblance for m0 = 1720
 INFO: Total execution time for kernels is 0.0043154s
 INFO: Computing semblance for m0 = 1740
 INFO: Total execution time for kernels is 0.00429668s
 INFO: Computing semblance for m0 = 1760
 INFO: Total execution time for kernels is 0.00448005s
 INFO: Computing semblance for m0 = 1780
 INFO: Total execution time for kernels is 0.00447425s
 INFO: Computing semblance for m0 = 1800
 INFO: Total execution time for kernels is 0.00465249s
 INFO: Computing semblance for m0 = 1820
 INFO: Total execution time for kernels is 0.00465158s
 INFO: Computing semblance for m0 = 1840
 INFO: Total execution time for kernels is 0.00484994s
 INFO: Computing semblance for m0 = 1860
 INFO: Total execution time for kernels is 0.00484079s
 INFO: Computing semblance for m0 = 1880
 INFO: Total execution time for kernels is 0.00503756s
 INFO: Computing semblance for m0 = 1900
 INFO: Total execution time for kernels is 0.00502018s
 INFO: Computing semblance for m0 = 1920
 INFO: Total execution time for kernels is 0.00516941s
 INFO: Computing semblance for m0 = 1940
 INFO: Total execution time for kernels is 0.00512342s
 INFO: Computing semblance for m0 = 1960
 INFO: Total execution time for kernels is 0.00533668s
 INFO: Computing semblance for m0 = 1980
 INFO: Total execution time for kernels is 0.00530428s
 INFO: Computing semblance for m0 = 2000
 INFO: Total execution time for kernels is 0.00530865s
 INFO: Computing semblance for m0 = 2020
 INFO: Total execution time for kernels is 0.00533082s
 INFO: Computing semblance for m0 = 2040
 INFO: Total execution time for kernels is 0.00533328s
 INFO: Computing semblance for m0 = 2060
 INFO: Total execution time for kernels is 0.0053226s
 INFO: Computing semblance for m0 = 2080
 INFO: Total execution time for kernels is 0.00533645s
 INFO: Computing semblance for m0 = 2100
 INFO: Total execution time for kernels is 0.0053077s
 INFO: Computing semblance for m0 = 2120
 INFO: Total execution time for kernels is 0.00532603s
 INFO: Computing semblance for m0 = 2140
 INFO: Total execution time for kernels is 0.00530391s
 INFO: Computing semblance for m0 = 2160
 INFO: Total execution time for kernels is 0.00531006s
 INFO: Computing semblance for m0 = 2180
 INFO: Total execution time for kernels is 0.00528971s
 INFO: Computing semblance for m0 = 2200
 INFO: Total execution time for kernels is 0.00532954s
 INFO: Computing semblance for m0 = 2220
 INFO: Total execution time for kernels is 0.00530067s
 INFO: Computing semblance for m0 = 2240
 INFO: Total execution time for kernels is 0.00533669s
 INFO: Computing semblance for m0 = 2260
 INFO: Total execution time for kernels is 0.00529823s
 INFO: Computing semblance for m0 = 2280
 INFO: Total execution time for kernels is 0.00530862s
 INFO: Computing semblance for m0 = 2300
 INFO: Total execution time for kernels is 0.00529169s
 INFO: Computing semblance for m0 = 2320
 INFO: Total execution time for kernels is 0.00531008s
 INFO: Computing semblance for m0 = 2340
 INFO: Total execution time for kernels is 0.00530095s
 INFO: Computing semblance for m0 = 2360
 INFO: Total execution time for kernels is 0.00532754s
 INFO: Computing semblance for m0 = 2380
 INFO: Total execution time for kernels is 0.00531299s
 INFO: Computing semblance for m0 = 2400
 INFO: Total execution time for kernels is 0.00532264s
 INFO: Computing semblance for m0 = 2420
 INFO: Total execution time for kernels is 0.00529523s
 INFO: Computing semblance for m0 = 2440
 INFO: Total execution time for kernels is 0.00533421s
 INFO: Computing semblance for m0 = 2460
 INFO: Total execution time for kernels is 0.00528393s
 INFO: Computing semblance for m0 = 2480
 INFO: Total execution time for kernels is 0.00534205s
 INFO: Computing semblance for m0 = 2500
 INFO: Total execution time for kernels is 0.00531557s
 INFO: Computing semblance for m0 = 2520
 INFO: Total execution time for kernels is 0.00532552s
 INFO: Computing semblance for m0 = 2540
 INFO: Total execution time for kernels is 0.00530598s
 INFO: Computing semblance for m0 = 2560
 INFO: Total execution time for kernels is 0.0053223s
 INFO: Computing semblance for m0 = 2580
 INFO: Total execution time for kernels is 0.00531055s
 INFO: Computing semblance for m0 = 2600
 INFO: Total execution time for kernels is 0.00532722s
 INFO: Computing semblance for m0 = 2620
 INFO: Total execution time for kernels is 0.00530144s
 INFO: Computing semblance for m0 = 2640
 INFO: Total execution time for kernels is 0.0053181s
 INFO: Computing semblance for m0 = 2660
 INFO: Total execution time for kernels is 0.00531075s
 INFO: Computing semblance for m0 = 2680
 INFO: Total execution time for kernels is 0.00530585s
 INFO: Computing semblance for m0 = 2700
 INFO: Total execution time for kernels is 0.00529619s
 INFO: Computing semblance for m0 = 2720
 INFO: Total execution time for kernels is 0.00530725s
 INFO: Computing semblance for m0 = 2740
 INFO: Total execution time for kernels is 0.00531655s
 INFO: Computing semblance for m0 = 2760
 INFO: Total execution time for kernels is 0.00531622s
 INFO: Computing semblance for m0 = 2780
 INFO: Total execution time for kernels is 0.00531231s
 INFO: Computing semblance for m0 = 2800
 INFO: Total execution time for kernels is 0.00531907s
 INFO: Computing semblance for m0 = 2820
 INFO: Total execution time for kernels is 0.00528918s
 INFO: Computing semblance for m0 = 2840
 INFO: Total execution time for kernels is 0.00532779s
 INFO: Computing semblance for m0 = 2860
 INFO: Total execution time for kernels is 0.00529419s
 INFO: Computing semblance for m0 = 2880
 INFO: Total execution time for kernels is 0.00532328s
 INFO: Computing semblance for m0 = 2900
 INFO: Total execution time for kernels is 0.0052921s
 INFO: Computing semblance for m0 = 2920
 INFO: Total execution time for kernels is 0.00533184s
 INFO: Computing semblance for m0 = 2940
 INFO: Total execution time for kernels is 0.00530297s
 INFO: Computing semblance for m0 = 2960
 INFO: Total execution time for kernels is 0.00531864s
 INFO: Computing semblance for m0 = 2980
 INFO: Total execution time for kernels is 0.00527579s
 INFO: Computing semblance for m0 = 3000
 INFO: Total execution time for kernels is 0.00532157s
 INFO: Computing semblance for m0 = 3020
 INFO: Total execution time for kernels is 0.00533805s
 INFO: Computing semblance for m0 = 3040
 INFO: Total execution time for kernels is 0.00529896s
 INFO: Computing semblance for m0 = 3060
 INFO: Total execution time for kernels is 0.00533172s
 INFO: Computing semblance for m0 = 3080
 INFO: Total execution time for kernels is 0.00532312s
 INFO: Computing semblance for m0 = 3100
 INFO: Total execution time for kernels is 0.00529962s
 INFO: Computing semblance for m0 = 3120
 INFO: Total execution time for kernels is 0.00530579s
 INFO: Computing semblance for m0 = 3140
 INFO: Total execution time for kernels is 0.00527478s
 INFO: Computing semblance for m0 = 3160
 INFO: Total execution time for kernels is 0.00535373s
 INFO: Computing semblance for m0 = 3180
 INFO: Total execution time for kernels is 0.00528855s
 INFO: Computing semblance for m0 = 3200
 INFO: Total execution time for kernels is 0.00530332s
 INFO: Computing semblance for m0 = 3220
 INFO: Total execution time for kernels is 0.00529841s
 INFO: Computing semblance for m0 = 3240
 INFO: Total execution time for kernels is 0.00529516s
 INFO: Computing semblance for m0 = 3260
 INFO: Total execution time for kernels is 0.00528927s
 INFO: Computing semblance for m0 = 3280
 INFO: Total execution time for kernels is 0.00531428s
 INFO: Computing semblance for m0 = 3300
 INFO: Total execution time for kernels is 0.00531911s
 INFO: Computing semblance for m0 = 3320
 INFO: Total execution time for kernels is 0.00533778s
 INFO: Computing semblance for m0 = 3340
 INFO: Total execution time for kernels is 0.00528816s
 INFO: Computing semblance for m0 = 3360
 INFO: Total execution time for kernels is 0.00531924s
 INFO: Computing semblance for m0 = 3380
 INFO: Total execution time for kernels is 0.00529261s
 INFO: Computing semblance for m0 = 3400
 INFO: Total execution time for kernels is 0.00532998s
 INFO: Computing semblance for m0 = 3420
 INFO: Total execution time for kernels is 0.00527325s
 INFO: Computing semblance for m0 = 3440
 INFO: Total execution time for kernels is 0.00532783s
 INFO: Computing semblance for m0 = 3460
 INFO: Total execution time for kernels is 0.00529447s
 INFO: Computing semblance for m0 = 3480
 INFO: Total execution time for kernels is 0.00534244s
 INFO: Computing semblance for m0 = 3500
 INFO: Total execution time for kernels is 0.0052773s
 INFO: Computing semblance for m0 = 3520
 INFO: Total execution time for kernels is 0.00531402s
 INFO: Computing semblance for m0 = 3540
 INFO: Total execution time for kernels is 0.00530388s
 INFO: Computing semblance for m0 = 3560
 INFO: Total execution time for kernels is 0.00532198s
 INFO: Computing semblance for m0 = 3580
 INFO: Total execution time for kernels is 0.00529467s
 INFO: Computing semblance for m0 = 3600
 INFO: Total execution time for kernels is 0.00531417s
 INFO: Computing semblance for m0 = 3620
 INFO: Total execution time for kernels is 0.0052907s
 INFO: Computing semblance for m0 = 3640
 INFO: Total execution time for kernels is 0.0053205s
 INFO: Computing semblance for m0 = 3660
 INFO: Total execution time for kernels is 0.00529483s
 INFO: Computing semblance for m0 = 3680
 INFO: Total execution time for kernels is 0.00533653s
 INFO: Computing semblance for m0 = 3700
 INFO: Total execution time for kernels is 0.00529546s
 INFO: Computing semblance for m0 = 3720
 INFO: Total execution time for kernels is 0.00530187s
 INFO: Computing semblance for m0 = 3740
 INFO: Total execution time for kernels is 0.00528297s
 INFO: Computing semblance for m0 = 3760
 INFO: Total execution time for kernels is 0.00532832s
 INFO: Computing semblance for m0 = 3780
 INFO: Total execution time for kernels is 0.0053036s
 INFO: Computing semblance for m0 = 3800
 INFO: Total execution time for kernels is 0.00533081s
 INFO: Computing semblance for m0 = 3820
 INFO: Total execution time for kernels is 0.00528437s
 INFO: Computing semblance for m0 = 3840
 INFO: Total execution time for kernels is 0.00533286s
 INFO: Computing semblance for m0 = 3860
 INFO: Total execution time for kernels is 0.00529424s
 INFO: Computing semblance for m0 = 3880
 INFO: Total execution time for kernels is 0.00530482s
 INFO: Computing semblance for m0 = 3900
 INFO: Total execution time for kernels is 0.00529446s
 INFO: Computing semblance for m0 = 3920
 INFO: Total execution time for kernels is 0.00532646s
 INFO: Computing semblance for m0 = 3940
 INFO: Total execution time for kernels is 0.00528834s
 INFO: Computing semblance for m0 = 3960
 INFO: Total execution time for kernels is 0.00532903s
 INFO: Computing semblance for m0 = 3980
 INFO: Total execution time for kernels is 0.00528848s
 INFO: Computing semblance for m0 = 4000
 INFO: Total execution time for kernels is 0.00530161s
 INFO: Computing semblance for m0 = 4020
 INFO: Total execution time for kernels is 0.00528603s
 INFO: Computing semblance for m0 = 4040
 INFO: Total execution time for kernels is 0.0053241s
 INFO: Computing semblance for m0 = 4060
 INFO: Total execution time for kernels is 0.00530972s
 INFO: Computing semblance for m0 = 4080
 INFO: Total execution time for kernels is 0.00529453s
 INFO: Computing semblance for m0 = 4100
 INFO: Total execution time for kernels is 0.00528564s
 INFO: Computing semblance for m0 = 4120
 INFO: Total execution time for kernels is 0.00531916s
 INFO: Computing semblance for m0 = 4140
 INFO: Total execution time for kernels is 0.00529849s
 INFO: Computing semblance for m0 = 4160
 INFO: Total execution time for kernels is 0.00530044s
 INFO: Computing semblance for m0 = 4180
 INFO: Total execution time for kernels is 0.00528823s
 INFO: Computing semblance for m0 = 4200
 INFO: Total execution time for kernels is 0.00531719s
 INFO: Computing semblance for m0 = 4220
 INFO: Total execution time for kernels is 0.00529185s
 INFO: Computing semblance for m0 = 4240
 INFO: Total execution time for kernels is 0.00529753s
 INFO: Computing semblance for m0 = 4260
 INFO: Total execution time for kernels is 0.00528623s
 INFO: Computing semblance for m0 = 4280
 INFO: Total execution time for kernels is 0.00531163s
 INFO: Computing semblance for m0 = 4300
 INFO: Total execution time for kernels is 0.00528268s
 INFO: Computing semblance for m0 = 4320
 INFO: Total execution time for kernels is 0.00531109s
 INFO: Computing semblance for m0 = 4340
 INFO: Total execution time for kernels is 0.00528984s
 INFO: Computing semblance for m0 = 4360
 INFO: Total execution time for kernels is 0.00531793s
 INFO: Computing semblance for m0 = 4380
 INFO: Total execution time for kernels is 0.00528425s
 INFO: Computing semblance for m0 = 4400
 INFO: Total execution time for kernels is 0.00531602s
 INFO: Computing semblance for m0 = 4420
 INFO: Total execution time for kernels is 0.00528399s
 INFO: Computing semblance for m0 = 4440
 INFO: Total execution time for kernels is 0.00530292s
 INFO: Computing semblance for m0 = 4460
 INFO: Total execution time for kernels is 0.00528251s
 INFO: Computing semblance for m0 = 4480
 INFO: Total execution time for kernels is 0.00531945s
 INFO: Computing semblance for m0 = 4500
 INFO: Total execution time for kernels is 0.00528407s
 INFO: Computing semblance for m0 = 4520
 INFO: Total execution time for kernels is 0.00529622s
 INFO: Computing semblance for m0 = 4540
 INFO: Total execution time for kernels is 0.00527101s
 INFO: Computing semblance for m0 = 4560
 INFO: Total execution time for kernels is 0.00531611s
 INFO: Computing semblance for m0 = 4580
 INFO: Total execution time for kernels is 0.00529011s
 INFO: Computing semblance for m0 = 4600
 INFO: Total execution time for kernels is 0.00529936s
 INFO: Computing semblance for m0 = 4620
 INFO: Total execution time for kernels is 0.00529689s
 INFO: Computing semblance for m0 = 4640
 INFO: Total execution time for kernels is 0.00529127s
 INFO: Computing semblance for m0 = 4660
 INFO: Total execution time for kernels is 0.00527582s
 INFO: Computing semblance for m0 = 4680
 INFO: Total execution time for kernels is 0.00532086s
 INFO: Computing semblance for m0 = 4700
 INFO: Total execution time for kernels is 0.00525857s
 INFO: Computing semblance for m0 = 4720
 INFO: Total execution time for kernels is 0.0053215s
 INFO: Computing semblance for m0 = 4740
 INFO: Total execution time for kernels is 0.00527766s
 INFO: Computing semblance for m0 = 4760
 INFO: Total execution time for kernels is 0.00532079s
 INFO: Computing semblance for m0 = 4780
 INFO: Total execution time for kernels is 0.00528998s
 INFO: Computing semblance for m0 = 4800
 INFO: Total execution time for kernels is 0.005319s
 INFO: Computing semblance for m0 = 4820
 INFO: Total execution time for kernels is 0.00529773s
 INFO: Computing semblance for m0 = 4840
 INFO: Total execution time for kernels is 0.00532209s
 INFO: Computing semblance for m0 = 4860
 INFO: Total execution time for kernels is 0.00530689s
 INFO: Computing semblance for m0 = 4880
 INFO: Total execution time for kernels is 0.00530217s
 INFO: Computing semblance for m0 = 4900
 INFO: Total execution time for kernels is 0.0052791s
 INFO: Computing semblance for m0 = 4920
 INFO: Total execution time for kernels is 0.0053176s
 INFO: Computing semblance for m0 = 4940
 INFO: Total execution time for kernels is 0.0052926s
 INFO: Computing semblance for m0 = 4960
 INFO: Total execution time for kernels is 0.0053046s
 INFO: Computing semblance for m0 = 4980
 INFO: Total execution time for kernels is 0.00527915s
 INFO: Computing semblance for m0 = 5000
 INFO: Total execution time for kernels is 0.00531852s
 INFO: Computing semblance for m0 = 5020
 INFO: Total execution time for kernels is 0.00529272s
 INFO: Computing semblance for m0 = 5040
 INFO: Total execution time for kernels is 0.00529607s
 INFO: Computing semblance for m0 = 5060
 INFO: Total execution time for kernels is 0.00527903s
 INFO: Computing semblance for m0 = 5080
 INFO: Total execution time for kernels is 0.00530321s
 INFO: Computing semblance for m0 = 5100
 INFO: Total execution time for kernels is 0.00529766s
 INFO: Computing semblance for m0 = 5120
 INFO: Total execution time for kernels is 0.00529445s
 INFO: Computing semblance for m0 = 5140
 INFO: Total execution time for kernels is 0.0052871s
 INFO: Computing semblance for m0 = 5160
 INFO: Total execution time for kernels is 0.00533638s
 INFO: Computing semblance for m0 = 5180
 INFO: Total execution time for kernels is 0.00529685s
 INFO: Computing semblance for m0 = 5200
 INFO: Total execution time for kernels is 0.00532383s
 INFO: Computing semblance for m0 = 5220
 INFO: Total execution time for kernels is 0.00530232s
 INFO: Computing semblance for m0 = 5240
 INFO: Total execution time for kernels is 0.00530092s
 INFO: Computing semblance for m0 = 5260
 INFO: Total execution time for kernels is 0.005275s
 INFO: Computing semblance for m0 = 5280
 INFO: Total execution time for kernels is 0.00531373s
 INFO: Computing semblance for m0 = 5300
 INFO: Total execution time for kernels is 0.00528106s
 INFO: Computing semblance for m0 = 5320
 INFO: Total execution time for kernels is 0.00529766s
 INFO: Computing semblance for m0 = 5340
 INFO: Total execution time for kernels is 0.00528462s
 INFO: Computing semblance for m0 = 5360
 INFO: Total execution time for kernels is 0.00531821s
 INFO: Computing semblance for m0 = 5380
 INFO: Total execution time for kernels is 0.00528582s
 INFO: Computing semblance for m0 = 5400
 INFO: Total execution time for kernels is 0.00531024s
 INFO: Computing semblance for m0 = 5420
 INFO: Total execution time for kernels is 0.00529218s
 INFO: Computing semblance for m0 = 5440
 INFO: Total execution time for kernels is 0.00530789s
 INFO: Computing semblance for m0 = 5460
 INFO: Total execution time for kernels is 0.00526522s
 INFO: Computing semblance for m0 = 5480
 INFO: Total execution time for kernels is 0.00533409s
 INFO: Computing semblance for m0 = 5500
 INFO: Total execution time for kernels is 0.00527357s
 INFO: Computing semblance for m0 = 5520
 INFO: Total execution time for kernels is 0.00530348s
 INFO: Computing semblance for m0 = 5540
 INFO: Total execution time for kernels is 0.00528177s
 INFO: Computing semblance for m0 = 5560
 INFO: Total execution time for kernels is 0.00531628s
 INFO: Computing semblance for m0 = 5580
 INFO: Total execution time for kernels is 0.00528676s
 INFO: Computing semblance for m0 = 5600
 INFO: Total execution time for kernels is 0.00529703s
 INFO: Computing semblance for m0 = 5620
 INFO: Total execution time for kernels is 0.00528081s
 INFO: Computing semblance for m0 = 5640
 INFO: Total execution time for kernels is 0.00530892s
 INFO: Computing semblance for m0 = 5660
 INFO: Total execution time for kernels is 0.00528848s
 INFO: Computing semblance for m0 = 5680
 INFO: Total execution time for kernels is 0.00530076s
 INFO: Computing semblance for m0 = 5700
 INFO: Total execution time for kernels is 0.00526462s
 INFO: Computing semblance for m0 = 5720
 INFO: Total execution time for kernels is 0.00529755s
 INFO: Computing semblance for m0 = 5740
 INFO: Total execution time for kernels is 0.00526907s
 INFO: Computing semblance for m0 = 5760
 INFO: Total execution time for kernels is 0.00532032s
 INFO: Computing semblance for m0 = 5780
 INFO: Total execution time for kernels is 0.00526565s
 INFO: Computing semblance for m0 = 5800
 INFO: Total execution time for kernels is 0.00532052s
 INFO: Computing semblance for m0 = 5820
 INFO: Total execution time for kernels is 0.00528402s
 INFO: Computing semblance for m0 = 5840
 INFO: Total execution time for kernels is 0.0053015s
 INFO: Computing semblance for m0 = 5860
 INFO: Total execution time for kernels is 0.00527957s
 INFO: Computing semblance for m0 = 5880
 INFO: Total execution time for kernels is 0.00530948s
 INFO: Computing semblance for m0 = 5900
 INFO: Total execution time for kernels is 0.0052753s
 INFO: Computing semblance for m0 = 5920
 INFO: Total execution time for kernels is 0.00532791s
 INFO: Computing semblance for m0 = 5940
 INFO: Total execution time for kernels is 0.00525933s
 INFO: Computing semblance for m0 = 5960
 INFO: Total execution time for kernels is 0.0053159s
 INFO: Computing semblance for m0 = 5980
 INFO: Total execution time for kernels is 0.00530138s
 INFO: Computing semblance for m0 = 6000
 INFO: Total execution time for kernels is 0.0053213s
 INFO: Computing semblance for m0 = 6020
 INFO: Total execution time for kernels is 0.00528333s
 INFO: Computing semblance for m0 = 6040
 INFO: Total execution time for kernels is 0.00530837s
 INFO: Computing semblance for m0 = 6060
 INFO: Total execution time for kernels is 0.0052971s
 INFO: Computing semblance for m0 = 6080
 INFO: Total execution time for kernels is 0.00528061s
 INFO: Computing semblance for m0 = 6100
 INFO: Total execution time for kernels is 0.00527444s
 INFO: Computing semblance for m0 = 6120
 INFO: Total execution time for kernels is 0.00534551s
 INFO: Computing semblance for m0 = 6140
 INFO: Total execution time for kernels is 0.00529533s
 INFO: Computing semblance for m0 = 6160
 INFO: Total execution time for kernels is 0.0053221s
 INFO: Computing semblance for m0 = 6180
 INFO: Total execution time for kernels is 0.00528933s
 INFO: Computing semblance for m0 = 6200
 INFO: Total execution time for kernels is 0.0053164s
 INFO: Computing semblance for m0 = 6220
 INFO: Total execution time for kernels is 0.00530196s
 INFO: Computing semblance for m0 = 6240
 INFO: Total execution time for kernels is 0.00532006s
 INFO: Computing semblance for m0 = 6260
 INFO: Total execution time for kernels is 0.00529623s
 INFO: Computing semblance for m0 = 6280
 INFO: Total execution time for kernels is 0.00531119s
 INFO: Computing semblance for m0 = 6300
 INFO: Total execution time for kernels is 0.00527257s
 INFO: Computing semblance for m0 = 6320
 INFO: Total execution time for kernels is 0.00530686s
 INFO: Computing semblance for m0 = 6340
 INFO: Total execution time for kernels is 0.00530653s
 INFO: Computing semblance for m0 = 6360
 INFO: Total execution time for kernels is 0.00533621s
 INFO: Computing semblance for m0 = 6380
 INFO: Total execution time for kernels is 0.00529034s
 INFO: Computing semblance for m0 = 6400
 INFO: Total execution time for kernels is 0.00533026s
 INFO: Computing semblance for m0 = 6420
 INFO: Total execution time for kernels is 0.00529956s
 INFO: Computing semblance for m0 = 6440
 INFO: Total execution time for kernels is 0.00529198s
 INFO: Computing semblance for m0 = 6460
 INFO: Total execution time for kernels is 0.00529825s
 INFO: Computing semblance for m0 = 6480
 INFO: Total execution time for kernels is 0.00529686s
 INFO: Computing semblance for m0 = 6500
 INFO: Total execution time for kernels is 0.0053056s
 INFO: Computing semblance for m0 = 6520
 INFO: Total execution time for kernels is 0.00532062s
 INFO: Computing semblance for m0 = 6540
 INFO: Total execution time for kernels is 0.00527166s
 INFO: Computing semblance for m0 = 6560
 INFO: Total execution time for kernels is 0.00531885s
 INFO: Computing semblance for m0 = 6580
 INFO: Total execution time for kernels is 0.00526194s
 INFO: Computing semblance for m0 = 6600
 INFO: Total execution time for kernels is 0.00528924s
 INFO: Computing semblance for m0 = 6620
 INFO: Total execution time for kernels is 0.00528534s
 INFO: Computing semblance for m0 = 6640
 INFO: Total execution time for kernels is 0.00534378s
 INFO: Computing semblance for m0 = 6660
 INFO: Total execution time for kernels is 0.00532003s
 INFO: Computing semblance for m0 = 6680
 INFO: Total execution time for kernels is 0.00533017s
 INFO: Computing semblance for m0 = 6700
 INFO: Total execution time for kernels is 0.00530042s
 INFO: Computing semblance for m0 = 6720
 INFO: Total execution time for kernels is 0.00532046s
 INFO: Computing semblance for m0 = 6740
 INFO: Total execution time for kernels is 0.00530273s
 INFO: Computing semblance for m0 = 6760
 INFO: Total execution time for kernels is 0.0053308s
 INFO: Computing semblance for m0 = 6780
 INFO: Total execution time for kernels is 0.00529747s
 INFO: Computing semblance for m0 = 6800
 INFO: Total execution time for kernels is 0.00530127s
 INFO: Computing semblance for m0 = 6820
 INFO: Total execution time for kernels is 0.00529709s
 INFO: Computing semblance for m0 = 6840
 INFO: Total execution time for kernels is 0.00530822s
 INFO: Computing semblance for m0 = 6860
 INFO: Total execution time for kernels is 0.0052781s
 INFO: Computing semblance for m0 = 6880
 INFO: Total execution time for kernels is 0.00532786s
 INFO: Computing semblance for m0 = 6900
 INFO: Total execution time for kernels is 0.0053013s
 INFO: Computing semblance for m0 = 6920
 INFO: Total execution time for kernels is 0.00531066s
 INFO: Computing semblance for m0 = 6940
 INFO: Total execution time for kernels is 0.0052742s
 INFO: Computing semblance for m0 = 6960
 INFO: Total execution time for kernels is 0.00528241s
 INFO: Computing semblance for m0 = 6980
 INFO: Total execution time for kernels is 0.00531657s
 INFO: Computing semblance for m0 = 7000
 INFO: Total execution time for kernels is 0.00534916s
 INFO: Computing semblance for m0 = 7020
 INFO: Total execution time for kernels is 0.00527962s
 INFO: Computing semblance for m0 = 7040
 INFO: Total execution time for kernels is 0.00531192s
 INFO: Computing semblance for m0 = 7060
 INFO: Total execution time for kernels is 0.00527282s
 INFO: Computing semblance for m0 = 7080
 INFO: Total execution time for kernels is 0.00532804s
 INFO: Computing semblance for m0 = 7100
 INFO: Total execution time for kernels is 0.00529647s
 INFO: Computing semblance for m0 = 7120
 INFO: Total execution time for kernels is 0.00530568s
 INFO: Computing semblance for m0 = 7140
 INFO: Total execution time for kernels is 0.00529498s
 INFO: Computing semblance for m0 = 7160
 INFO: Total execution time for kernels is 0.0052941s
 INFO: Computing semblance for m0 = 7180
 INFO: Total execution time for kernels is 0.00530438s
 INFO: Computing semblance for m0 = 7200
 INFO: Total execution time for kernels is 0.0053285s
 INFO: Computing semblance for m0 = 7220
 INFO: Total execution time for kernels is 0.00528953s
 INFO: Computing semblance for m0 = 7240
 INFO: Total execution time for kernels is 0.00534324s
 INFO: Computing semblance for m0 = 7260
 INFO: Total execution time for kernels is 0.00527356s
 INFO: Computing semblance for m0 = 7280
 INFO: Total execution time for kernels is 0.00532082s
 INFO: Computing semblance for m0 = 7300
 INFO: Total execution time for kernels is 0.00529889s
 INFO: Computing semblance for m0 = 7320
 INFO: Total execution time for kernels is 0.00532911s
 INFO: Computing semblance for m0 = 7340
 INFO: Total execution time for kernels is 0.00527118s
 INFO: Computing semblance for m0 = 7360
 INFO: Total execution time for kernels is 0.00530263s
 INFO: Computing semblance for m0 = 7380
 INFO: Total execution time for kernels is 0.00530524s
 INFO: Computing semblance for m0 = 7400
 INFO: Total execution time for kernels is 0.00532663s
 INFO: Computing semblance for m0 = 7420
 INFO: Total execution time for kernels is 0.00527739s
 INFO: Computing semblance for m0 = 7440
 INFO: Total execution time for kernels is 0.00532902s
 INFO: Computing semblance for m0 = 7460
 INFO: Total execution time for kernels is 0.00529699s
 INFO: Computing semblance for m0 = 7480
 INFO: Total execution time for kernels is 0.0053424s
 INFO: Computing semblance for m0 = 7500
 INFO: Total execution time for kernels is 0.00529233s
 INFO: Computing semblance for m0 = 7520
 INFO: Total execution time for kernels is 0.00532104s
 INFO: Computing semblance for m0 = 7540
 INFO: Total execution time for kernels is 0.00530107s
 INFO: Computing semblance for m0 = 7560
 INFO: Total execution time for kernels is 0.00530892s
 INFO: Computing semblance for m0 = 7580
 INFO: Total execution time for kernels is 0.00531402s
 INFO: Computing semblance for m0 = 7600
 INFO: Total execution time for kernels is 0.00532814s
 INFO: Computing semblance for m0 = 7620
 INFO: Total execution time for kernels is 0.00531148s
 INFO: Computing semblance for m0 = 7640
 INFO: Total execution time for kernels is 0.00532164s
 INFO: Computing semblance for m0 = 7660
 INFO: Total execution time for kernels is 0.0052617s
 INFO: Computing semblance for m0 = 7680
 INFO: Total execution time for kernels is 0.00530919s
 INFO: Computing semblance for m0 = 7700
 INFO: Total execution time for kernels is 0.00532612s
 INFO: Computing semblance for m0 = 7720
 INFO: Total execution time for kernels is 0.00532644s
 INFO: Computing semblance for m0 = 7740
 INFO: Total execution time for kernels is 0.00529415s
 INFO: Computing semblance for m0 = 7760
 INFO: Total execution time for kernels is 0.00534046s
 INFO: Computing semblance for m0 = 7780
 INFO: Total execution time for kernels is 0.00529283s
 INFO: Computing semblance for m0 = 7800
 INFO: Total execution time for kernels is 0.00534706s
 INFO: Computing semblance for m0 = 7820
 INFO: Total execution time for kernels is 0.00529849s
 INFO: Computing semblance for m0 = 7840
 INFO: Total execution time for kernels is 0.00533801s
 INFO: Computing semblance for m0 = 7860
 INFO: Total execution time for kernels is 0.00527977s
 INFO: Computing semblance for m0 = 7880
 INFO: Total execution time for kernels is 0.00531691s
 INFO: Computing semblance for m0 = 7900
 INFO: Total execution time for kernels is 0.0053025s
 INFO: Computing semblance for m0 = 7920
 INFO: Total execution time for kernels is 0.00532127s
 INFO: Computing semblance for m0 = 7940
 INFO: Total execution time for kernels is 0.00531179s
 INFO: Computing semblance for m0 = 7960
 INFO: Total execution time for kernels is 0.00531772s
 INFO: Computing semblance for m0 = 7980
 INFO: Total execution time for kernels is 0.00529728s
 INFO: Computing semblance for m0 = 8000
 INFO: Total execution time for kernels is 0.00533603s
 INFO: Computing semblance for m0 = 8020
 INFO: Total execution time for kernels is 0.00530358s
 INFO: Computing semblance for m0 = 8040
 INFO: Total execution time for kernels is 0.00534403s
 INFO: Computing semblance for m0 = 8060
 INFO: Total execution time for kernels is 0.00528664s
 INFO: Computing semblance for m0 = 8080
 INFO: Total execution time for kernels is 0.00535065s
 INFO: Computing semblance for m0 = 8100
 INFO: Total execution time for kernels is 0.00527164s
 INFO: Computing semblance for m0 = 8120
 INFO: Total execution time for kernels is 0.00532227s
 INFO: Computing semblance for m0 = 8140
 INFO: Total execution time for kernels is 0.00529924s
 INFO: Computing semblance for m0 = 8160
 INFO: Total execution time for kernels is 0.00533592s
 INFO: Computing semblance for m0 = 8180
 INFO: Total execution time for kernels is 0.00529997s
 INFO: Computing semblance for m0 = 8200
 INFO: Total execution time for kernels is 0.00532413s
 INFO: Computing semblance for m0 = 8220
 INFO: Total execution time for kernels is 0.00527895s
 INFO: Computing semblance for m0 = 8240
 INFO: Total execution time for kernels is 0.00532173s
 INFO: Computing semblance for m0 = 8260
 INFO: Total execution time for kernels is 0.00530415s
 INFO: Computing semblance for m0 = 8280
 INFO: Total execution time for kernels is 0.00533951s
 INFO: Computing semblance for m0 = 8300
 INFO: Total execution time for kernels is 0.00530862s
 INFO: Computing semblance for m0 = 8320
 INFO: Total execution time for kernels is 0.00532039s
 INFO: Computing semblance for m0 = 8340
 INFO: Total execution time for kernels is 0.00528456s
 INFO: Computing semblance for m0 = 8360
 INFO: Total execution time for kernels is 0.00533314s
 INFO: Computing semblance for m0 = 8380
 INFO: Total execution time for kernels is 0.00530166s
 INFO: Computing semblance for m0 = 8400
 INFO: Total execution time for kernels is 0.00531972s
 INFO: Computing semblance for m0 = 8420
 INFO: Total execution time for kernels is 0.0053101s
 INFO: Computing semblance for m0 = 8440
 INFO: Total execution time for kernels is 0.00535677s
 INFO: Computing semblance for m0 = 8460
 INFO: Total execution time for kernels is 0.00531488s
 INFO: Computing semblance for m0 = 8480
 INFO: Total execution time for kernels is 0.0053307s
 INFO: Computing semblance for m0 = 8500
 INFO: Total execution time for kernels is 0.00530422s
 INFO: Computing semblance for m0 = 8520
 INFO: Total execution time for kernels is 0.00532104s
 INFO: Computing semblance for m0 = 8540
 INFO: Total execution time for kernels is 0.00532288s
 INFO: Computing semblance for m0 = 8560
 INFO: Total execution time for kernels is 0.00535357s
 INFO: Computing semblance for m0 = 8580
 INFO: Total execution time for kernels is 0.00528579s
 INFO: Computing semblance for m0 = 8600
 INFO: Total execution time for kernels is 0.00531869s
 INFO: Computing semblance for m0 = 8620
 INFO: Total execution time for kernels is 0.0052983s
 INFO: Computing semblance for m0 = 8640
 INFO: Total execution time for kernels is 0.00534163s
 INFO: Computing semblance for m0 = 8660
 INFO: Total execution time for kernels is 0.00531384s
 INFO: Computing semblance for m0 = 8680
 INFO: Total execution time for kernels is 0.00531387s
 INFO: Computing semblance for m0 = 8700
 INFO: Total execution time for kernels is 0.00528989s
 INFO: Computing semblance for m0 = 8720
 INFO: Total execution time for kernels is 0.00532633s
 INFO: Computing semblance for m0 = 8740
 INFO: Total execution time for kernels is 0.00530166s
 INFO: Computing semblance for m0 = 8760
 INFO: Total execution time for kernels is 0.00531249s
 INFO: Computing semblance for m0 = 8780
 INFO: Total execution time for kernels is 0.00527309s
 INFO: Computing semblance for m0 = 8800
 INFO: Total execution time for kernels is 0.00532841s
 INFO: Computing semblance for m0 = 8820
 INFO: Total execution time for kernels is 0.00531444s
 INFO: Computing semblance for m0 = 8840
 INFO: Total execution time for kernels is 0.00532791s
 INFO: Computing semblance for m0 = 8860
 INFO: Total execution time for kernels is 0.00532148s
 INFO: Computing semblance for m0 = 8880
 INFO: Total execution time for kernels is 0.00533244s
 INFO: Computing semblance for m0 = 8900
 INFO: Total execution time for kernels is 0.0052961s
 INFO: Computing semblance for m0 = 8920
 INFO: Total execution time for kernels is 0.00532833s
 INFO: Computing semblance for m0 = 8940
 INFO: Total execution time for kernels is 0.00528801s
 INFO: Computing semblance for m0 = 8960
 INFO: Total execution time for kernels is 0.00531233s
 INFO: Computing semblance for m0 = 8980
 INFO: Total execution time for kernels is 0.00532227s
 INFO: Computing semblance for m0 = 9000
 INFO: Total execution time for kernels is 0.00533256s
 INFO: Computing semblance for m0 = 9020
 INFO: Total execution time for kernels is 0.00530979s
 INFO: Computing semblance for m0 = 9040
 INFO: Total execution time for kernels is 0.00532686s
 INFO: Computing semblance for m0 = 9060
 INFO: Total execution time for kernels is 0.0052881s
 INFO: Computing semblance for m0 = 9080
 INFO: Total execution time for kernels is 0.00508902s
 INFO: Computing semblance for m0 = 9100
 INFO: Total execution time for kernels is 0.0050592s
 INFO: Computing semblance for m0 = 9120
 INFO: Total execution time for kernels is 0.00487635s
 INFO: Computing semblance for m0 = 9140
 INFO: Total execution time for kernels is 0.00485316s
 INFO: Computing semblance for m0 = 9160
 INFO: Total execution time for kernels is 0.00459192s
 INFO: Computing semblance for m0 = 9180
 INFO: Total execution time for kernels is 0.00461417s
 INFO: Computing semblance for m0 = 9200
 INFO: Total execution time for kernels is 0.00441855s
 INFO: Computing semblance for m0 = 9220
 INFO: Total execution time for kernels is 0.00437472s
 INFO: Computing semblance for m0 = 9240
 INFO: Total execution time for kernels is 0.00420111s
 INFO: Computing semblance for m0 = 9260
 INFO: Total execution time for kernels is 0.00417522s
 INFO: Computing semblance for m0 = 9280
 INFO: Total execution time for kernels is 0.00396264s
 INFO: Computing semblance for m0 = 9300
 INFO: Total execution time for kernels is 0.00394629s
 INFO: Computing semblance for m0 = 9320
 INFO: Total execution time for kernels is 0.00375276s
 INFO: Computing semblance for m0 = 9340
 INFO: Total execution time for kernels is 0.00373981s
 INFO: Computing semblance for m0 = 9360
 INFO: Total execution time for kernels is 0.0035557s
 INFO: Computing semblance for m0 = 9380
 INFO: Total execution time for kernels is 0.0035568s
 INFO: Computing semblance for m0 = 9400
 INFO: Total execution time for kernels is 0.00336544s
 INFO: Computing semblance for m0 = 9420
 INFO: Total execution time for kernels is 0.0033551s
 INFO: Computing semblance for m0 = 9440
 INFO: Total execution time for kernels is 0.00318553s
 INFO: Computing semblance for m0 = 9460
 INFO: Total execution time for kernels is 0.00320042s
 INFO: Computing semblance for m0 = 9480
 INFO: Total execution time for kernels is 0.00299057s
 INFO: Computing semblance for m0 = 9500
 INFO: Total execution time for kernels is 0.00298s
 INFO: Computing semblance for m0 = 9520
 INFO: Total execution time for kernels is 0.00281736s
 INFO: Computing semblance for m0 = 9540
 INFO: Total execution time for kernels is 0.00282087s
 INFO: Computing semblance for m0 = 9560
 INFO: Total execution time for kernels is 0.00264652s
 INFO: Computing semblance for m0 = 9580
 INFO: Total execution time for kernels is 0.00263381s
 INFO: Computing semblance for m0 = 9600
 INFO: Total execution time for kernels is 0.00246981s
 INFO: Computing semblance for m0 = 9620
 INFO: Total execution time for kernels is 0.00246159s
 INFO: Computing semblance for m0 = 9640
 INFO: Total execution time for kernels is 0.00230496s
 INFO: Computing semblance for m0 = 9660
 INFO: Total execution time for kernels is 0.00231061s
 INFO: Computing semblance for m0 = 9680
 INFO: Total execution time for kernels is 0.00213998s
 INFO: Computing semblance for m0 = 9700
 INFO: Total execution time for kernels is 0.0021463s
 INFO: Computing semblance for m0 = 9720
 INFO: Total execution time for kernels is 0.00199112s
 INFO: Computing semblance for m0 = 9740
 INFO: Total execution time for kernels is 0.0019842s
 INFO: Computing semblance for m0 = 9760
 INFO: Total execution time for kernels is 0.00183341s
 INFO: Computing semblance for m0 = 9780
 INFO: Total execution time for kernels is 0.00185164s
 INFO: Computing semblance for m0 = 9800
 INFO: Total execution time for kernels is 0.00169201s
 INFO: Computing semblance for m0 = 9820
 INFO: Total execution time for kernels is 0.00167906s
 INFO: Computing semblance for m0 = 9840
 INFO: Total execution time for kernels is 0.00150575s
 INFO: Computing semblance for m0 = 9860
 INFO: Total execution time for kernels is 0.0015074s
 INFO: Computing semblance for m0 = 9880
 INFO: Total execution time for kernels is 0.0012954s
 INFO: Computing semblance for m0 = 9900
 INFO: Total execution time for kernels is 0.00131244s
 INFO: Computing semblance for m0 = 9920
 INFO: Total execution time for kernels is 0.000985089s
 INFO: Computing semblance for m0 = 9940
 INFO: Total execution time for kernels is 0.00098775s
 INFO: Average of efficiency is 1
 INFO: Average of interpolations_per_sec is 2.01315e+11
 INFO: Average of selected_traces is 20.6742
 INFO: Average of total_selection_kernel_exec_time is 0.000338759
 INFO: Average of total_kernel_exec_time is 0.00485909
 INFO: Results written to /home/ubuntu/nfs/out/0447d1c_p3.2xlarge/cmp/greedy/cuda/simple-synthetic_2/simple-synthetic_greedy_cmp_20201231_2120/
 INFO: It took 6.72273s to compute.
