 INFO: Number of CDPs = 445
 INFO: Number of traces in the gather = 9200
 INFO: Number of samples per trace = 2502
 INFO: Computing semblance for m0 = 0
 INFO: No trace has been selected for m0 = 0. Skipping.
 INFO: Total execution time for kernels is 1.8395e-05s
 INFO: Computing semblance for m0 = 1080
 INFO: Total execution time for kernels is 0.00101477s
 INFO: Computing semblance for m0 = 1100
 INFO: Total execution time for kernels is 0.0010112s
 INFO: Computing semblance for m0 = 1120
 INFO: Total execution time for kernels is 0.00130971s
 INFO: Computing semblance for m0 = 1140
 INFO: Total execution time for kernels is 0.00131074s
 INFO: Computing semblance for m0 = 1160
 INFO: Total execution time for kernels is 0.00154625s
 INFO: Computing semblance for m0 = 1180
 INFO: Total execution time for kernels is 0.0015486s
 INFO: Computing semblance for m0 = 1200
 INFO: Total execution time for kernels is 0.00177266s
 INFO: Computing semblance for m0 = 1220
 INFO: Total execution time for kernels is 0.00176773s
 INFO: Computing semblance for m0 = 1240
 INFO: Total execution time for kernels is 0.00197163s
 INFO: Computing semblance for m0 = 1260
 INFO: Total execution time for kernels is 0.00198736s
 INFO: Computing semblance for m0 = 1280
 INFO: Total execution time for kernels is 0.00218846s
 INFO: Computing semblance for m0 = 1300
 INFO: Total execution time for kernels is 0.00218777s
 INFO: Computing semblance for m0 = 1320
 INFO: Total execution time for kernels is 0.0023889s
 INFO: Computing semblance for m0 = 1340
 INFO: Total execution time for kernels is 0.00237075s
 INFO: Computing semblance for m0 = 1360
 INFO: Total execution time for kernels is 0.00258439s
 INFO: Computing semblance for m0 = 1380
 INFO: Total execution time for kernels is 0.00257659s
 INFO: Computing semblance for m0 = 1400
 INFO: Total execution time for kernels is 0.0027878s
 INFO: Computing semblance for m0 = 1420
 INFO: Total execution time for kernels is 0.00278775s
 INFO: Computing semblance for m0 = 1440
 INFO: Total execution time for kernels is 0.00299788s
 INFO: Computing semblance for m0 = 1460
 INFO: Total execution time for kernels is 0.00297702s
 INFO: Computing semblance for m0 = 1480
 INFO: Total execution time for kernels is 0.00318811s
 INFO: Computing semblance for m0 = 1500
 INFO: Total execution time for kernels is 0.00315689s
 INFO: Computing semblance for m0 = 1520
 INFO: Total execution time for kernels is 0.00337124s
 INFO: Computing semblance for m0 = 1540
 INFO: Total execution time for kernels is 0.00335926s
 INFO: Computing semblance for m0 = 1560
 INFO: Total execution time for kernels is 0.00357951s
 INFO: Computing semblance for m0 = 1580
 INFO: Total execution time for kernels is 0.0035682s
 INFO: Computing semblance for m0 = 1600
 INFO: Total execution time for kernels is 0.00376728s
 INFO: Computing semblance for m0 = 1620
 INFO: Total execution time for kernels is 0.00374617s
 INFO: Computing semblance for m0 = 1640
 INFO: Total execution time for kernels is 0.00396534s
 INFO: Computing semblance for m0 = 1660
 INFO: Total execution time for kernels is 0.00393682s
 INFO: Computing semblance for m0 = 1680
 INFO: Total execution time for kernels is 0.0041292s
 INFO: Computing semblance for m0 = 1700
 INFO: Total execution time for kernels is 0.00411351s
 INFO: Computing semblance for m0 = 1720
 INFO: Total execution time for kernels is 0.00431803s
 INFO: Computing semblance for m0 = 1740
 INFO: Total execution time for kernels is 0.00429657s
 INFO: Computing semblance for m0 = 1760
 INFO: Total execution time for kernels is 0.00450477s
 INFO: Computing semblance for m0 = 1780
 INFO: Total execution time for kernels is 0.00447484s
 INFO: Computing semblance for m0 = 1800
 INFO: Total execution time for kernels is 0.00469079s
 INFO: Computing semblance for m0 = 1820
 INFO: Total execution time for kernels is 0.00467186s
 INFO: Computing semblance for m0 = 1840
 INFO: Total execution time for kernels is 0.00487278s
 INFO: Computing semblance for m0 = 1860
 INFO: Total execution time for kernels is 0.00483006s
 INFO: Computing semblance for m0 = 1880
 INFO: Total execution time for kernels is 0.00504899s
 INFO: Computing semblance for m0 = 1900
 INFO: Total execution time for kernels is 0.00505168s
 INFO: Computing semblance for m0 = 1920
 INFO: Total execution time for kernels is 0.00515117s
 INFO: Computing semblance for m0 = 1940
 INFO: Total execution time for kernels is 0.00509545s
 INFO: Computing semblance for m0 = 1960
 INFO: Total execution time for kernels is 0.00530518s
 INFO: Computing semblance for m0 = 1980
 INFO: Total execution time for kernels is 0.00529423s
 INFO: Computing semblance for m0 = 2000
 INFO: Total execution time for kernels is 0.00530389s
 INFO: Computing semblance for m0 = 2020
 INFO: Total execution time for kernels is 0.00529423s
 INFO: Computing semblance for m0 = 2040
 INFO: Total execution time for kernels is 0.00529039s
 INFO: Computing semblance for m0 = 2060
 INFO: Total execution time for kernels is 0.00532118s
 INFO: Computing semblance for m0 = 2080
 INFO: Total execution time for kernels is 0.00531879s
 INFO: Computing semblance for m0 = 2100
 INFO: Total execution time for kernels is 0.00530568s
 INFO: Computing semblance for m0 = 2120
 INFO: Total execution time for kernels is 0.00530638s
 INFO: Computing semblance for m0 = 2140
 INFO: Total execution time for kernels is 0.00528587s
 INFO: Computing semblance for m0 = 2160
 INFO: Total execution time for kernels is 0.00530411s
 INFO: Computing semblance for m0 = 2180
 INFO: Total execution time for kernels is 0.00529965s
 INFO: Computing semblance for m0 = 2200
 INFO: Total execution time for kernels is 0.00530333s
 INFO: Computing semblance for m0 = 2220
 INFO: Total execution time for kernels is 0.00529663s
 INFO: Computing semblance for m0 = 2240
 INFO: Total execution time for kernels is 0.00531308s
 INFO: Computing semblance for m0 = 2260
 INFO: Total execution time for kernels is 0.00528576s
 INFO: Computing semblance for m0 = 2280
 INFO: Total execution time for kernels is 0.00530598s
 INFO: Computing semblance for m0 = 2300
 INFO: Total execution time for kernels is 0.00528664s
 INFO: Computing semblance for m0 = 2320
 INFO: Total execution time for kernels is 0.00532145s
 INFO: Computing semblance for m0 = 2340
 INFO: Total execution time for kernels is 0.00529612s
 INFO: Computing semblance for m0 = 2360
 INFO: Total execution time for kernels is 0.00531765s
 INFO: Computing semblance for m0 = 2380
 INFO: Total execution time for kernels is 0.00530896s
 INFO: Computing semblance for m0 = 2400
 INFO: Total execution time for kernels is 0.00532007s
 INFO: Computing semblance for m0 = 2420
 INFO: Total execution time for kernels is 0.00528395s
 INFO: Computing semblance for m0 = 2440
 INFO: Total execution time for kernels is 0.00532821s
 INFO: Computing semblance for m0 = 2460
 INFO: Total execution time for kernels is 0.00529238s
 INFO: Computing semblance for m0 = 2480
 INFO: Total execution time for kernels is 0.00533138s
 INFO: Computing semblance for m0 = 2500
 INFO: Total execution time for kernels is 0.00529118s
 INFO: Computing semblance for m0 = 2520
 INFO: Total execution time for kernels is 0.00532114s
 INFO: Computing semblance for m0 = 2540
 INFO: Total execution time for kernels is 0.00528102s
 INFO: Computing semblance for m0 = 2560
 INFO: Total execution time for kernels is 0.00529732s
 INFO: Computing semblance for m0 = 2580
 INFO: Total execution time for kernels is 0.00529592s
 INFO: Computing semblance for m0 = 2600
 INFO: Total execution time for kernels is 0.00531598s
 INFO: Computing semblance for m0 = 2620
 INFO: Total execution time for kernels is 0.00531873s
 INFO: Computing semblance for m0 = 2640
 INFO: Total execution time for kernels is 0.00530752s
 INFO: Computing semblance for m0 = 2660
 INFO: Total execution time for kernels is 0.00529625s
 INFO: Computing semblance for m0 = 2680
 INFO: Total execution time for kernels is 0.00529067s
 INFO: Computing semblance for m0 = 2700
 INFO: Total execution time for kernels is 0.00528971s
 INFO: Computing semblance for m0 = 2720
 INFO: Total execution time for kernels is 0.00530758s
 INFO: Computing semblance for m0 = 2740
 INFO: Total execution time for kernels is 0.00528722s
 INFO: Computing semblance for m0 = 2760
 INFO: Total execution time for kernels is 0.00529911s
 INFO: Computing semblance for m0 = 2780
 INFO: Total execution time for kernels is 0.00528166s
 INFO: Computing semblance for m0 = 2800
 INFO: Total execution time for kernels is 0.00531177s
 INFO: Computing semblance for m0 = 2820
 INFO: Total execution time for kernels is 0.00528563s
 INFO: Computing semblance for m0 = 2840
 INFO: Total execution time for kernels is 0.00529874s
 INFO: Computing semblance for m0 = 2860
 INFO: Total execution time for kernels is 0.00527112s
 INFO: Computing semblance for m0 = 2880
 INFO: Total execution time for kernels is 0.00529494s
 INFO: Computing semblance for m0 = 2900
 INFO: Total execution time for kernels is 0.0053075s
 INFO: Computing semblance for m0 = 2920
 INFO: Total execution time for kernels is 0.00530193s
 INFO: Computing semblance for m0 = 2940
 INFO: Total execution time for kernels is 0.00528665s
 INFO: Computing semblance for m0 = 2960
 INFO: Total execution time for kernels is 0.00531627s
 INFO: Computing semblance for m0 = 2980
 INFO: Total execution time for kernels is 0.00528226s
 INFO: Computing semblance for m0 = 3000
 INFO: Total execution time for kernels is 0.0053047s
 INFO: Computing semblance for m0 = 3020
 INFO: Total execution time for kernels is 0.00529997s
 INFO: Computing semblance for m0 = 3040
 INFO: Total execution time for kernels is 0.00527498s
 INFO: Computing semblance for m0 = 3060
 INFO: Total execution time for kernels is 0.00528002s
 INFO: Computing semblance for m0 = 3080
 INFO: Total execution time for kernels is 0.00531837s
 INFO: Computing semblance for m0 = 3100
 INFO: Total execution time for kernels is 0.00529787s
 INFO: Computing semblance for m0 = 3120
 INFO: Total execution time for kernels is 0.00528935s
 INFO: Computing semblance for m0 = 3140
 INFO: Total execution time for kernels is 0.0052853s
 INFO: Computing semblance for m0 = 3160
 INFO: Total execution time for kernels is 0.00531172s
 INFO: Computing semblance for m0 = 3180
 INFO: Total execution time for kernels is 0.00527799s
 INFO: Computing semblance for m0 = 3200
 INFO: Total execution time for kernels is 0.0052969s
 INFO: Computing semblance for m0 = 3220
 INFO: Total execution time for kernels is 0.00529393s
 INFO: Computing semblance for m0 = 3240
 INFO: Total execution time for kernels is 0.00529102s
 INFO: Computing semblance for m0 = 3260
 INFO: Total execution time for kernels is 0.00528008s
 INFO: Computing semblance for m0 = 3280
 INFO: Total execution time for kernels is 0.00530602s
 INFO: Computing semblance for m0 = 3300
 INFO: Total execution time for kernels is 0.00530158s
 INFO: Computing semblance for m0 = 3320
 INFO: Total execution time for kernels is 0.00530004s
 INFO: Computing semblance for m0 = 3340
 INFO: Total execution time for kernels is 0.00531459s
 INFO: Computing semblance for m0 = 3360
 INFO: Total execution time for kernels is 0.00530537s
 INFO: Computing semblance for m0 = 3380
 INFO: Total execution time for kernels is 0.00529004s
 INFO: Computing semblance for m0 = 3400
 INFO: Total execution time for kernels is 0.00531097s
 INFO: Computing semblance for m0 = 3420
 INFO: Total execution time for kernels is 0.00527958s
 INFO: Computing semblance for m0 = 3440
 INFO: Total execution time for kernels is 0.00531047s
 INFO: Computing semblance for m0 = 3460
 INFO: Total execution time for kernels is 0.0052757s
 INFO: Computing semblance for m0 = 3480
 INFO: Total execution time for kernels is 0.00530159s
 INFO: Computing semblance for m0 = 3500
 INFO: Total execution time for kernels is 0.00529503s
 INFO: Computing semblance for m0 = 3520
 INFO: Total execution time for kernels is 0.00530899s
 INFO: Computing semblance for m0 = 3540
 INFO: Total execution time for kernels is 0.00528293s
 INFO: Computing semblance for m0 = 3560
 INFO: Total execution time for kernels is 0.00532601s
 INFO: Computing semblance for m0 = 3580
 INFO: Total execution time for kernels is 0.0052865s
 INFO: Computing semblance for m0 = 3600
 INFO: Total execution time for kernels is 0.00530987s
 INFO: Computing semblance for m0 = 3620
 INFO: Total execution time for kernels is 0.00527044s
 INFO: Computing semblance for m0 = 3640
 INFO: Total execution time for kernels is 0.00530372s
 INFO: Computing semblance for m0 = 3660
 INFO: Total execution time for kernels is 0.00527867s
 INFO: Computing semblance for m0 = 3680
 INFO: Total execution time for kernels is 0.00530596s
 INFO: Computing semblance for m0 = 3700
 INFO: Total execution time for kernels is 0.00532173s
 INFO: Computing semblance for m0 = 3720
 INFO: Total execution time for kernels is 0.00533263s
 INFO: Computing semblance for m0 = 3740
 INFO: Total execution time for kernels is 0.00527722s
 INFO: Computing semblance for m0 = 3760
 INFO: Total execution time for kernels is 0.00530025s
 INFO: Computing semblance for m0 = 3780
 INFO: Total execution time for kernels is 0.00530102s
 INFO: Computing semblance for m0 = 3800
 INFO: Total execution time for kernels is 0.00529813s
 INFO: Computing semblance for m0 = 3820
 INFO: Total execution time for kernels is 0.00526599s
 INFO: Computing semblance for m0 = 3840
 INFO: Total execution time for kernels is 0.00529816s
 INFO: Computing semblance for m0 = 3860
 INFO: Total execution time for kernels is 0.00528736s
 INFO: Computing semblance for m0 = 3880
 INFO: Total execution time for kernels is 0.00530806s
 INFO: Computing semblance for m0 = 3900
 INFO: Total execution time for kernels is 0.00528072s
 INFO: Computing semblance for m0 = 3920
 INFO: Total execution time for kernels is 0.00530863s
 INFO: Computing semblance for m0 = 3940
 INFO: Total execution time for kernels is 0.00528751s
 INFO: Computing semblance for m0 = 3960
 INFO: Total execution time for kernels is 0.00530353s
 INFO: Computing semblance for m0 = 3980
 INFO: Total execution time for kernels is 0.00528801s
 INFO: Computing semblance for m0 = 4000
 INFO: Total execution time for kernels is 0.00530416s
 INFO: Computing semblance for m0 = 4020
 INFO: Total execution time for kernels is 0.00527828s
 INFO: Computing semblance for m0 = 4040
 INFO: Total execution time for kernels is 0.00531688s
 INFO: Computing semblance for m0 = 4060
 INFO: Total execution time for kernels is 0.00527089s
 INFO: Computing semblance for m0 = 4080
 INFO: Total execution time for kernels is 0.00530401s
 INFO: Computing semblance for m0 = 4100
 INFO: Total execution time for kernels is 0.00527839s
 INFO: Computing semblance for m0 = 4120
 INFO: Total execution time for kernels is 0.00530139s
 INFO: Computing semblance for m0 = 4140
 INFO: Total execution time for kernels is 0.00526625s
 INFO: Computing semblance for m0 = 4160
 INFO: Total execution time for kernels is 0.00529509s
 INFO: Computing semblance for m0 = 4180
 INFO: Total execution time for kernels is 0.00527774s
 INFO: Computing semblance for m0 = 4200
 INFO: Total execution time for kernels is 0.00530865s
 INFO: Computing semblance for m0 = 4220
 INFO: Total execution time for kernels is 0.00525585s
 INFO: Computing semblance for m0 = 4240
 INFO: Total execution time for kernels is 0.00531063s
 INFO: Computing semblance for m0 = 4260
 INFO: Total execution time for kernels is 0.00526943s
 INFO: Computing semblance for m0 = 4280
 INFO: Total execution time for kernels is 0.00529968s
 INFO: Computing semblance for m0 = 4300
 INFO: Total execution time for kernels is 0.00526905s
 INFO: Computing semblance for m0 = 4320
 INFO: Total execution time for kernels is 0.00532352s
 INFO: Computing semblance for m0 = 4340
 INFO: Total execution time for kernels is 0.00530644s
 INFO: Computing semblance for m0 = 4360
 INFO: Total execution time for kernels is 0.00528261s
 INFO: Computing semblance for m0 = 4380
 INFO: Total execution time for kernels is 0.00527764s
 INFO: Computing semblance for m0 = 4400
 INFO: Total execution time for kernels is 0.00531478s
 INFO: Computing semblance for m0 = 4420
 INFO: Total execution time for kernels is 0.00529315s
 INFO: Computing semblance for m0 = 4440
 INFO: Total execution time for kernels is 0.00529535s
 INFO: Computing semblance for m0 = 4460
 INFO: Total execution time for kernels is 0.00527592s
 INFO: Computing semblance for m0 = 4480
 INFO: Total execution time for kernels is 0.00529749s
 INFO: Computing semblance for m0 = 4500
 INFO: Total execution time for kernels is 0.00527069s
 INFO: Computing semblance for m0 = 4520
 INFO: Total execution time for kernels is 0.0053063s
 INFO: Computing semblance for m0 = 4540
 INFO: Total execution time for kernels is 0.00526935s
 INFO: Computing semblance for m0 = 4560
 INFO: Total execution time for kernels is 0.00531499s
 INFO: Computing semblance for m0 = 4580
 INFO: Total execution time for kernels is 0.0052553s
 INFO: Computing semblance for m0 = 4600
 INFO: Total execution time for kernels is 0.00528688s
 INFO: Computing semblance for m0 = 4620
 INFO: Total execution time for kernels is 0.00528418s
 INFO: Computing semblance for m0 = 4640
 INFO: Total execution time for kernels is 0.0052932s
 INFO: Computing semblance for m0 = 4660
 INFO: Total execution time for kernels is 0.00527657s
 INFO: Computing semblance for m0 = 4680
 INFO: Total execution time for kernels is 0.0052886s
 INFO: Computing semblance for m0 = 4700
 INFO: Total execution time for kernels is 0.00528424s
 INFO: Computing semblance for m0 = 4720
 INFO: Total execution time for kernels is 0.00531591s
 INFO: Computing semblance for m0 = 4740
 INFO: Total execution time for kernels is 0.00525346s
 INFO: Computing semblance for m0 = 4760
 INFO: Total execution time for kernels is 0.00529955s
 INFO: Computing semblance for m0 = 4780
 INFO: Total execution time for kernels is 0.00529243s
 INFO: Computing semblance for m0 = 4800
 INFO: Total execution time for kernels is 0.00531833s
 INFO: Computing semblance for m0 = 4820
 INFO: Total execution time for kernels is 0.00529303s
 INFO: Computing semblance for m0 = 4840
 INFO: Total execution time for kernels is 0.00529229s
 INFO: Computing semblance for m0 = 4860
 INFO: Total execution time for kernels is 0.00528957s
 INFO: Computing semblance for m0 = 4880
 INFO: Total execution time for kernels is 0.00531043s
 INFO: Computing semblance for m0 = 4900
 INFO: Total execution time for kernels is 0.00526796s
 INFO: Computing semblance for m0 = 4920
 INFO: Total execution time for kernels is 0.00530325s
 INFO: Computing semblance for m0 = 4940
 INFO: Total execution time for kernels is 0.00525853s
 INFO: Computing semblance for m0 = 4960
 INFO: Total execution time for kernels is 0.00529691s
 INFO: Computing semblance for m0 = 4980
 INFO: Total execution time for kernels is 0.00527752s
 INFO: Computing semblance for m0 = 5000
 INFO: Total execution time for kernels is 0.00529145s
 INFO: Computing semblance for m0 = 5020
 INFO: Total execution time for kernels is 0.00527263s
 INFO: Computing semblance for m0 = 5040
 INFO: Total execution time for kernels is 0.00529301s
 INFO: Computing semblance for m0 = 5060
 INFO: Total execution time for kernels is 0.00527014s
 INFO: Computing semblance for m0 = 5080
 INFO: Total execution time for kernels is 0.00528583s
 INFO: Computing semblance for m0 = 5100
 INFO: Total execution time for kernels is 0.00527579s
 INFO: Computing semblance for m0 = 5120
 INFO: Total execution time for kernels is 0.00529842s
 INFO: Computing semblance for m0 = 5140
 INFO: Total execution time for kernels is 0.00528951s
 INFO: Computing semblance for m0 = 5160
 INFO: Total execution time for kernels is 0.00530562s
 INFO: Computing semblance for m0 = 5180
 INFO: Total execution time for kernels is 0.00525523s
 INFO: Computing semblance for m0 = 5200
 INFO: Total execution time for kernels is 0.00530859s
 INFO: Computing semblance for m0 = 5220
 INFO: Total execution time for kernels is 0.0052781s
 INFO: Computing semblance for m0 = 5240
 INFO: Total execution time for kernels is 0.00530136s
 INFO: Computing semblance for m0 = 5260
 INFO: Total execution time for kernels is 0.00531379s
 INFO: Computing semblance for m0 = 5280
 INFO: Total execution time for kernels is 0.00529679s
 INFO: Computing semblance for m0 = 5300
 INFO: Total execution time for kernels is 0.00529728s
 INFO: Computing semblance for m0 = 5320
 INFO: Total execution time for kernels is 0.00531005s
 INFO: Computing semblance for m0 = 5340
 INFO: Total execution time for kernels is 0.00530609s
 INFO: Computing semblance for m0 = 5360
 INFO: Total execution time for kernels is 0.00531819s
 INFO: Computing semblance for m0 = 5380
 INFO: Total execution time for kernels is 0.00527599s
 INFO: Computing semblance for m0 = 5400
 INFO: Total execution time for kernels is 0.00529153s
 INFO: Computing semblance for m0 = 5420
 INFO: Total execution time for kernels is 0.00525789s
 INFO: Computing semblance for m0 = 5440
 INFO: Total execution time for kernels is 0.00528522s
 INFO: Computing semblance for m0 = 5460
 INFO: Total execution time for kernels is 0.00527405s
 INFO: Computing semblance for m0 = 5480
 INFO: Total execution time for kernels is 0.00529658s
 INFO: Computing semblance for m0 = 5500
 INFO: Total execution time for kernels is 0.0052932s
 INFO: Computing semblance for m0 = 5520
 INFO: Total execution time for kernels is 0.00531311s
 INFO: Computing semblance for m0 = 5540
 INFO: Total execution time for kernels is 0.00528067s
 INFO: Computing semblance for m0 = 5560
 INFO: Total execution time for kernels is 0.00530101s
 INFO: Computing semblance for m0 = 5580
 INFO: Total execution time for kernels is 0.00527496s
 INFO: Computing semblance for m0 = 5600
 INFO: Total execution time for kernels is 0.00530792s
 INFO: Computing semblance for m0 = 5620
 INFO: Total execution time for kernels is 0.00529585s
 INFO: Computing semblance for m0 = 5640
 INFO: Total execution time for kernels is 0.00533077s
 INFO: Computing semblance for m0 = 5660
 INFO: Total execution time for kernels is 0.0052669s
 INFO: Computing semblance for m0 = 5680
 INFO: Total execution time for kernels is 0.00529212s
 INFO: Computing semblance for m0 = 5700
 INFO: Total execution time for kernels is 0.00527918s
 INFO: Computing semblance for m0 = 5720
 INFO: Total execution time for kernels is 0.00530939s
 INFO: Computing semblance for m0 = 5740
 INFO: Total execution time for kernels is 0.0053042s
 INFO: Computing semblance for m0 = 5760
 INFO: Total execution time for kernels is 0.0053005s
 INFO: Computing semblance for m0 = 5780
 INFO: Total execution time for kernels is 0.00528341s
 INFO: Computing semblance for m0 = 5800
 INFO: Total execution time for kernels is 0.00527903s
 INFO: Computing semblance for m0 = 5820
 INFO: Total execution time for kernels is 0.0052847s
 INFO: Computing semblance for m0 = 5840
 INFO: Total execution time for kernels is 0.00527773s
 INFO: Computing semblance for m0 = 5860
 INFO: Total execution time for kernels is 0.0052745s
 INFO: Computing semblance for m0 = 5880
 INFO: Total execution time for kernels is 0.00529393s
 INFO: Computing semblance for m0 = 5900
 INFO: Total execution time for kernels is 0.00531322s
 INFO: Computing semblance for m0 = 5920
 INFO: Total execution time for kernels is 0.00531393s
 INFO: Computing semblance for m0 = 5940
 INFO: Total execution time for kernels is 0.00526056s
 INFO: Computing semblance for m0 = 5960
 INFO: Total execution time for kernels is 0.00532486s
 INFO: Computing semblance for m0 = 5980
 INFO: Total execution time for kernels is 0.00529259s
 INFO: Computing semblance for m0 = 6000
 INFO: Total execution time for kernels is 0.00531399s
 INFO: Computing semblance for m0 = 6020
 INFO: Total execution time for kernels is 0.00528341s
 INFO: Computing semblance for m0 = 6040
 INFO: Total execution time for kernels is 0.00528924s
 INFO: Computing semblance for m0 = 6060
 INFO: Total execution time for kernels is 0.00528673s
 INFO: Computing semblance for m0 = 6080
 INFO: Total execution time for kernels is 0.00530816s
 INFO: Computing semblance for m0 = 6100
 INFO: Total execution time for kernels is 0.00525982s
 INFO: Computing semblance for m0 = 6120
 INFO: Total execution time for kernels is 0.00530213s
 INFO: Computing semblance for m0 = 6140
 INFO: Total execution time for kernels is 0.00530262s
 INFO: Computing semblance for m0 = 6160
 INFO: Total execution time for kernels is 0.00529858s
 INFO: Computing semblance for m0 = 6180
 INFO: Total execution time for kernels is 0.00529456s
 INFO: Computing semblance for m0 = 6200
 INFO: Total execution time for kernels is 0.00530838s
 INFO: Computing semblance for m0 = 6220
 INFO: Total execution time for kernels is 0.00528889s
 INFO: Computing semblance for m0 = 6240
 INFO: Total execution time for kernels is 0.00530559s
 INFO: Computing semblance for m0 = 6260
 INFO: Total execution time for kernels is 0.00526143s
 INFO: Computing semblance for m0 = 6280
 INFO: Total execution time for kernels is 0.00531591s
 INFO: Computing semblance for m0 = 6300
 INFO: Total execution time for kernels is 0.00526522s
 INFO: Computing semblance for m0 = 6320
 INFO: Total execution time for kernels is 0.00530445s
 INFO: Computing semblance for m0 = 6340
 INFO: Total execution time for kernels is 0.00526929s
 INFO: Computing semblance for m0 = 6360
 INFO: Total execution time for kernels is 0.00530594s
 INFO: Computing semblance for m0 = 6380
 INFO: Total execution time for kernels is 0.00528817s
 INFO: Computing semblance for m0 = 6400
 INFO: Total execution time for kernels is 0.00528505s
 INFO: Computing semblance for m0 = 6420
 INFO: Total execution time for kernels is 0.00529169s
 INFO: Computing semblance for m0 = 6440
 INFO: Total execution time for kernels is 0.00529205s
 INFO: Computing semblance for m0 = 6460
 INFO: Total execution time for kernels is 0.00529081s
 INFO: Computing semblance for m0 = 6480
 INFO: Total execution time for kernels is 0.00529825s
 INFO: Computing semblance for m0 = 6500
 INFO: Total execution time for kernels is 0.00532182s
 INFO: Computing semblance for m0 = 6520
 INFO: Total execution time for kernels is 0.0052897s
 INFO: Computing semblance for m0 = 6540
 INFO: Total execution time for kernels is 0.00528427s
 INFO: Computing semblance for m0 = 6560
 INFO: Total execution time for kernels is 0.00528689s
 INFO: Computing semblance for m0 = 6580
 INFO: Total execution time for kernels is 0.00528748s
 INFO: Computing semblance for m0 = 6600
 INFO: Total execution time for kernels is 0.00530441s
 INFO: Computing semblance for m0 = 6620
 INFO: Total execution time for kernels is 0.00528557s
 INFO: Computing semblance for m0 = 6640
 INFO: Total execution time for kernels is 0.0053112s
 INFO: Computing semblance for m0 = 6660
 INFO: Total execution time for kernels is 0.00528017s
 INFO: Computing semblance for m0 = 6680
 INFO: Total execution time for kernels is 0.00530235s
 INFO: Computing semblance for m0 = 6700
 INFO: Total execution time for kernels is 0.00525961s
 INFO: Computing semblance for m0 = 6720
 INFO: Total execution time for kernels is 0.00531446s
 INFO: Computing semblance for m0 = 6740
 INFO: Total execution time for kernels is 0.00527142s
 INFO: Computing semblance for m0 = 6760
 INFO: Total execution time for kernels is 0.00529513s
 INFO: Computing semblance for m0 = 6780
 INFO: Total execution time for kernels is 0.00528747s
 INFO: Computing semblance for m0 = 6800
 INFO: Total execution time for kernels is 0.00531317s
 INFO: Computing semblance for m0 = 6820
 INFO: Total execution time for kernels is 0.00527026s
 INFO: Computing semblance for m0 = 6840
 INFO: Total execution time for kernels is 0.00531382s
 INFO: Computing semblance for m0 = 6860
 INFO: Total execution time for kernels is 0.00528776s
 INFO: Computing semblance for m0 = 6880
 INFO: Total execution time for kernels is 0.00532002s
 INFO: Computing semblance for m0 = 6900
 INFO: Total execution time for kernels is 0.00527135s
 INFO: Computing semblance for m0 = 6920
 INFO: Total execution time for kernels is 0.00530826s
 INFO: Computing semblance for m0 = 6940
 INFO: Total execution time for kernels is 0.00530181s
 INFO: Computing semblance for m0 = 6960
 INFO: Total execution time for kernels is 0.00531664s
 INFO: Computing semblance for m0 = 6980
 INFO: Total execution time for kernels is 0.00530989s
 INFO: Computing semblance for m0 = 7000
 INFO: Total execution time for kernels is 0.00530813s
 INFO: Computing semblance for m0 = 7020
 INFO: Total execution time for kernels is 0.0052789s
 INFO: Computing semblance for m0 = 7040
 INFO: Total execution time for kernels is 0.00528984s
 INFO: Computing semblance for m0 = 7060
 INFO: Total execution time for kernels is 0.00528456s
 INFO: Computing semblance for m0 = 7080
 INFO: Total execution time for kernels is 0.00529215s
 INFO: Computing semblance for m0 = 7100
 INFO: Total execution time for kernels is 0.00527996s
 INFO: Computing semblance for m0 = 7120
 INFO: Total execution time for kernels is 0.00529467s
 INFO: Computing semblance for m0 = 7140
 INFO: Total execution time for kernels is 0.00529089s
 INFO: Computing semblance for m0 = 7160
 INFO: Total execution time for kernels is 0.00529184s
 INFO: Computing semblance for m0 = 7180
 INFO: Total execution time for kernels is 0.00529s
 INFO: Computing semblance for m0 = 7200
 INFO: Total execution time for kernels is 0.00533441s
 INFO: Computing semblance for m0 = 7220
 INFO: Total execution time for kernels is 0.00526481s
 INFO: Computing semblance for m0 = 7240
 INFO: Total execution time for kernels is 0.00529562s
 INFO: Computing semblance for m0 = 7260
 INFO: Total execution time for kernels is 0.00524796s
 INFO: Computing semblance for m0 = 7280
 INFO: Total execution time for kernels is 0.00532247s
 INFO: Computing semblance for m0 = 7300
 INFO: Total execution time for kernels is 0.00527313s
 INFO: Computing semblance for m0 = 7320
 INFO: Total execution time for kernels is 0.00528701s
 INFO: Computing semblance for m0 = 7340
 INFO: Total execution time for kernels is 0.00525929s
 INFO: Computing semblance for m0 = 7360
 INFO: Total execution time for kernels is 0.0053142s
 INFO: Computing semblance for m0 = 7380
 INFO: Total execution time for kernels is 0.00526528s
 INFO: Computing semblance for m0 = 7400
 INFO: Total execution time for kernels is 0.00529857s
 INFO: Computing semblance for m0 = 7420
 INFO: Total execution time for kernels is 0.0052747s
 INFO: Computing semblance for m0 = 7440
 INFO: Total execution time for kernels is 0.00530777s
 INFO: Computing semblance for m0 = 7460
 INFO: Total execution time for kernels is 0.00528551s
 INFO: Computing semblance for m0 = 7480
 INFO: Total execution time for kernels is 0.00530753s
 INFO: Computing semblance for m0 = 7500
 INFO: Total execution time for kernels is 0.00529237s
 INFO: Computing semblance for m0 = 7520
 INFO: Total execution time for kernels is 0.00531763s
 INFO: Computing semblance for m0 = 7540
 INFO: Total execution time for kernels is 0.00526425s
 INFO: Computing semblance for m0 = 7560
 INFO: Total execution time for kernels is 0.00529454s
 INFO: Computing semblance for m0 = 7580
 INFO: Total execution time for kernels is 0.00527211s
 INFO: Computing semblance for m0 = 7600
 INFO: Total execution time for kernels is 0.00530472s
 INFO: Computing semblance for m0 = 7620
 INFO: Total execution time for kernels is 0.00526878s
 INFO: Computing semblance for m0 = 7640
 INFO: Total execution time for kernels is 0.0053239s
 INFO: Computing semblance for m0 = 7660
 INFO: Total execution time for kernels is 0.0052831s
 INFO: Computing semblance for m0 = 7680
 INFO: Total execution time for kernels is 0.0053062s
 INFO: Computing semblance for m0 = 7700
 INFO: Total execution time for kernels is 0.00529104s
 INFO: Computing semblance for m0 = 7720
 INFO: Total execution time for kernels is 0.00531801s
 INFO: Computing semblance for m0 = 7740
 INFO: Total execution time for kernels is 0.00528176s
 INFO: Computing semblance for m0 = 7760
 INFO: Total execution time for kernels is 0.00532249s
 INFO: Computing semblance for m0 = 7780
 INFO: Total execution time for kernels is 0.00529968s
 INFO: Computing semblance for m0 = 7800
 INFO: Total execution time for kernels is 0.00530925s
 INFO: Computing semblance for m0 = 7820
 INFO: Total execution time for kernels is 0.00525728s
 INFO: Computing semblance for m0 = 7840
 INFO: Total execution time for kernels is 0.00531004s
 INFO: Computing semblance for m0 = 7860
 INFO: Total execution time for kernels is 0.00528755s
 INFO: Computing semblance for m0 = 7880
 INFO: Total execution time for kernels is 0.00531128s
 INFO: Computing semblance for m0 = 7900
 INFO: Total execution time for kernels is 0.00527285s
 INFO: Computing semblance for m0 = 7920
 INFO: Total execution time for kernels is 0.00531646s
 INFO: Computing semblance for m0 = 7940
 INFO: Total execution time for kernels is 0.00530619s
 INFO: Computing semblance for m0 = 7960
 INFO: Total execution time for kernels is 0.00533453s
 INFO: Computing semblance for m0 = 7980
 INFO: Total execution time for kernels is 0.00529695s
 INFO: Computing semblance for m0 = 8000
 INFO: Total execution time for kernels is 0.00531945s
 INFO: Computing semblance for m0 = 8020
 INFO: Total execution time for kernels is 0.00531231s
 INFO: Computing semblance for m0 = 8040
 INFO: Total execution time for kernels is 0.0053333s
 INFO: Computing semblance for m0 = 8060
 INFO: Total execution time for kernels is 0.00528861s
 INFO: Computing semblance for m0 = 8080
 INFO: Total execution time for kernels is 0.00530307s
 INFO: Computing semblance for m0 = 8100
 INFO: Total execution time for kernels is 0.00529968s
 INFO: Computing semblance for m0 = 8120
 INFO: Total execution time for kernels is 0.00531899s
 INFO: Computing semblance for m0 = 8140
 INFO: Total execution time for kernels is 0.00528401s
 INFO: Computing semblance for m0 = 8160
 INFO: Total execution time for kernels is 0.00534031s
 INFO: Computing semblance for m0 = 8180
 INFO: Total execution time for kernels is 0.00529832s
 INFO: Computing semblance for m0 = 8200
 INFO: Total execution time for kernels is 0.00528614s
 INFO: Computing semblance for m0 = 8220
 INFO: Total execution time for kernels is 0.00528453s
 INFO: Computing semblance for m0 = 8240
 INFO: Total execution time for kernels is 0.00531616s
 INFO: Computing semblance for m0 = 8260
 INFO: Total execution time for kernels is 0.00531386s
 INFO: Computing semblance for m0 = 8280
 INFO: Total execution time for kernels is 0.00533517s
 INFO: Computing semblance for m0 = 8300
 INFO: Total execution time for kernels is 0.00527518s
 INFO: Computing semblance for m0 = 8320
 INFO: Total execution time for kernels is 0.00530023s
 INFO: Computing semblance for m0 = 8340
 INFO: Total execution time for kernels is 0.00527437s
 INFO: Computing semblance for m0 = 8360
 INFO: Total execution time for kernels is 0.00531848s
 INFO: Computing semblance for m0 = 8380
 INFO: Total execution time for kernels is 0.00528543s
 INFO: Computing semblance for m0 = 8400
 INFO: Total execution time for kernels is 0.00531394s
 INFO: Computing semblance for m0 = 8420
 INFO: Total execution time for kernels is 0.00529412s
 INFO: Computing semblance for m0 = 8440
 INFO: Total execution time for kernels is 0.00531673s
 INFO: Computing semblance for m0 = 8460
 INFO: Total execution time for kernels is 0.00527212s
 INFO: Computing semblance for m0 = 8480
 INFO: Total execution time for kernels is 0.00531356s
 INFO: Computing semblance for m0 = 8500
 INFO: Total execution time for kernels is 0.00529041s
 INFO: Computing semblance for m0 = 8520
 INFO: Total execution time for kernels is 0.00532189s
 INFO: Computing semblance for m0 = 8540
 INFO: Total execution time for kernels is 0.0053059s
 INFO: Computing semblance for m0 = 8560
 INFO: Total execution time for kernels is 0.00531564s
 INFO: Computing semblance for m0 = 8580
 INFO: Total execution time for kernels is 0.00529837s
 INFO: Computing semblance for m0 = 8600
 INFO: Total execution time for kernels is 0.00531688s
 INFO: Computing semblance for m0 = 8620
 INFO: Total execution time for kernels is 0.0052841s
 INFO: Computing semblance for m0 = 8640
 INFO: Total execution time for kernels is 0.0053068s
 INFO: Computing semblance for m0 = 8660
 INFO: Total execution time for kernels is 0.00528912s
 INFO: Computing semblance for m0 = 8680
 INFO: Total execution time for kernels is 0.00530982s
 INFO: Computing semblance for m0 = 8700
 INFO: Total execution time for kernels is 0.00531914s
 INFO: Computing semblance for m0 = 8720
 INFO: Total execution time for kernels is 0.00530995s
 INFO: Computing semblance for m0 = 8740
 INFO: Total execution time for kernels is 0.00529324s
 INFO: Computing semblance for m0 = 8760
 INFO: Total execution time for kernels is 0.005309s
 INFO: Computing semblance for m0 = 8780
 INFO: Total execution time for kernels is 0.00528307s
 INFO: Computing semblance for m0 = 8800
 INFO: Total execution time for kernels is 0.00531766s
 INFO: Computing semblance for m0 = 8820
 INFO: Total execution time for kernels is 0.00527892s
 INFO: Computing semblance for m0 = 8840
 INFO: Total execution time for kernels is 0.00532802s
 INFO: Computing semblance for m0 = 8860
 INFO: Total execution time for kernels is 0.00529258s
 INFO: Computing semblance for m0 = 8880
 INFO: Total execution time for kernels is 0.00529858s
 INFO: Computing semblance for m0 = 8900
 INFO: Total execution time for kernels is 0.0052862s
 INFO: Computing semblance for m0 = 8920
 INFO: Total execution time for kernels is 0.00531303s
 INFO: Computing semblance for m0 = 8940
 INFO: Total execution time for kernels is 0.00530159s
 INFO: Computing semblance for m0 = 8960
 INFO: Total execution time for kernels is 0.00531374s
 INFO: Computing semblance for m0 = 8980
 INFO: Total execution time for kernels is 0.00525145s
 INFO: Computing semblance for m0 = 9000
 INFO: Total execution time for kernels is 0.00532352s
 INFO: Computing semblance for m0 = 9020
 INFO: Total execution time for kernels is 0.00529196s
 INFO: Computing semblance for m0 = 9040
 INFO: Total execution time for kernels is 0.00530644s
 INFO: Computing semblance for m0 = 9060
 INFO: Total execution time for kernels is 0.00528733s
 INFO: Computing semblance for m0 = 9080
 INFO: Total execution time for kernels is 0.00508268s
 INFO: Computing semblance for m0 = 9100
 INFO: Total execution time for kernels is 0.00506385s
 INFO: Computing semblance for m0 = 9120
 INFO: Total execution time for kernels is 0.00486961s
 INFO: Computing semblance for m0 = 9140
 INFO: Total execution time for kernels is 0.0048405s
 INFO: Computing semblance for m0 = 9160
 INFO: Total execution time for kernels is 0.0046178s
 INFO: Computing semblance for m0 = 9180
 INFO: Total execution time for kernels is 0.00458307s
 INFO: Computing semblance for m0 = 9200
 INFO: Total execution time for kernels is 0.00438214s
 INFO: Computing semblance for m0 = 9220
 INFO: Total execution time for kernels is 0.00437615s
 INFO: Computing semblance for m0 = 9240
 INFO: Total execution time for kernels is 0.0041866s
 INFO: Computing semblance for m0 = 9260
 INFO: Total execution time for kernels is 0.00415915s
 INFO: Computing semblance for m0 = 9280
 INFO: Total execution time for kernels is 0.00396096s
 INFO: Computing semblance for m0 = 9300
 INFO: Total execution time for kernels is 0.00394089s
 INFO: Computing semblance for m0 = 9320
 INFO: Total execution time for kernels is 0.00376083s
 INFO: Computing semblance for m0 = 9340
 INFO: Total execution time for kernels is 0.00374356s
 INFO: Computing semblance for m0 = 9360
 INFO: Total execution time for kernels is 0.0035594s
 INFO: Computing semblance for m0 = 9380
 INFO: Total execution time for kernels is 0.00353647s
 INFO: Computing semblance for m0 = 9400
 INFO: Total execution time for kernels is 0.00334239s
 INFO: Computing semblance for m0 = 9420
 INFO: Total execution time for kernels is 0.00333898s
 INFO: Computing semblance for m0 = 9440
 INFO: Total execution time for kernels is 0.00316887s
 INFO: Computing semblance for m0 = 9460
 INFO: Total execution time for kernels is 0.00316897s
 INFO: Computing semblance for m0 = 9480
 INFO: Total execution time for kernels is 0.00299498s
 INFO: Computing semblance for m0 = 9500
 INFO: Total execution time for kernels is 0.00296234s
 INFO: Computing semblance for m0 = 9520
 INFO: Total execution time for kernels is 0.00280481s
 INFO: Computing semblance for m0 = 9540
 INFO: Total execution time for kernels is 0.00278261s
 INFO: Computing semblance for m0 = 9560
 INFO: Total execution time for kernels is 0.0026376s
 INFO: Computing semblance for m0 = 9580
 INFO: Total execution time for kernels is 0.00263576s
 INFO: Computing semblance for m0 = 9600
 INFO: Total execution time for kernels is 0.00245881s
 INFO: Computing semblance for m0 = 9620
 INFO: Total execution time for kernels is 0.00246451s
 INFO: Computing semblance for m0 = 9640
 INFO: Total execution time for kernels is 0.00229831s
 INFO: Computing semblance for m0 = 9660
 INFO: Total execution time for kernels is 0.00230264s
 INFO: Computing semblance for m0 = 9680
 INFO: Total execution time for kernels is 0.00213759s
 INFO: Computing semblance for m0 = 9700
 INFO: Total execution time for kernels is 0.00214418s
 INFO: Computing semblance for m0 = 9720
 INFO: Total execution time for kernels is 0.00199209s
 INFO: Computing semblance for m0 = 9740
 INFO: Total execution time for kernels is 0.00199186s
 INFO: Computing semblance for m0 = 9760
 INFO: Total execution time for kernels is 0.00182636s
 INFO: Computing semblance for m0 = 9780
 INFO: Total execution time for kernels is 0.00185936s
 INFO: Computing semblance for m0 = 9800
 INFO: Total execution time for kernels is 0.00168819s
 INFO: Computing semblance for m0 = 9820
 INFO: Total execution time for kernels is 0.00168464s
 INFO: Computing semblance for m0 = 9840
 INFO: Total execution time for kernels is 0.00149952s
 INFO: Computing semblance for m0 = 9860
 INFO: Total execution time for kernels is 0.00150477s
 INFO: Computing semblance for m0 = 9880
 INFO: Total execution time for kernels is 0.00129962s
 INFO: Computing semblance for m0 = 9900
 INFO: Total execution time for kernels is 0.00130987s
 INFO: Computing semblance for m0 = 9920
 INFO: Total execution time for kernels is 0.000989664s
 INFO: Computing semblance for m0 = 9940
 INFO: Total execution time for kernels is 0.000983493s
 INFO: Average of efficiency is 1
 INFO: Average of interpolations_per_sec is 2.01695e+11
 INFO: Average of selected_traces is 20.6742
 INFO: Average of total_selection_kernel_exec_time is 0.000336679
 INFO: Average of total_kernel_exec_time is 0.00484992
 INFO: Results written to /home/ubuntu/nfs/out/0447d1c_p3.2xlarge/cmp/greedy/cuda/simple-synthetic_3/simple-synthetic_greedy_cmp_20201231_2122/
 INFO: It took 6.6656s to compute.
