 INFO: Number of CDPs = 445
 INFO: Number of traces in the gather = 9200
 INFO: Number of samples per trace = 2502
 INFO: Starting worker threads...
 INFO: Computing semblance for m0 = 0
 INFO: Computing semblance for m0 = 1080
 INFO: Total execution time for kernels is 0.00323633s
 INFO: Computing semblance for m0 = 1100
 INFO: Total execution time for kernels is 0.00745421s
 INFO: Computing semblance for m0 = 1120
 INFO: Total execution time for kernels is 0.00736249s
 INFO: Computing semblance for m0 = 1140
 INFO: Computing semblance for m0 = 1160
 INFO: Total execution time for kernels is 0.0105888s
 INFO: Computing semblance for m0 = 1180
 INFO: Computing semblance for m0 = 1200
 INFO: Computing semblance for m0 = 1220
 INFO: Computing semblance for m0 = 1240
 INFO: Computing semblance for m0 = 1260
 INFO: Total execution time for kernels is 0.0109764s
 INFO: Computing semblance for m0 = 1280
 INFO: Total execution time for kernels is 0.00989934s
 INFO: Computing semblance for m0 = 1300
 INFO: Computing semblance for m0 = 1320
 INFO: Total execution time for kernels is 0.0141563s
 INFO: Computing semblance for m0 = 1340
 INFO: Total execution time for kernels is 0.0184172s
 INFO: Computing semblance for m0 = 1360
 INFO: Total execution time for kernels is 0.0182407s
 INFO: Computing semblance for m0 = 1380
 INFO: Total execution time for kernels is 0.0163122s
 INFO: Computing semblance for m0 = 1400
 INFO: Total execution time for kernels is 0.021407s
 INFO: Computing semblance for m0 = 1420
 INFO: Total execution time for kernels is 0.0216605s
 INFO: Computing semblance for m0 = 1440
 INFO: Total execution time for kernels is 0.0258192s
 INFO: Computing semblance for m0 = 1460
 INFO: Total execution time for kernels is 0.0288585s
 INFO: Computing semblance for m0 = 1480
 INFO: Total execution time for kernels is 0.0274987s
 INFO: Computing semblance for m0 = 1500
 INFO: Total execution time for kernels is 0.0217523s
 INFO: Computing semblance for m0 = 1520
 INFO: Total execution time for kernels is 0.0317074s
 INFO: Computing semblance for m0 = 1540
 INFO: Total execution time for kernels is 0.0304448s
 INFO: Computing semblance for m0 = 1560
 INFO: Total execution time for kernels is 0.0341399s
 INFO: Computing semblance for m0 = 1580
 INFO: Total execution time for kernels is 0.0375605s
 INFO: Computing semblance for m0 = 1600
 INFO: Total execution time for kernels is 0.0377678s
 INFO: Computing semblance for m0 = 1620
 INFO: Total execution time for kernels is 0.0286882s
 INFO: Computing semblance for m0 = 1640
 INFO: Total execution time for kernels is 0.0402224s
 INFO: Computing semblance for m0 = 1660
 INFO: Total execution time for kernels is 0.0362727s
 INFO: Computing semblance for m0 = 1680
 INFO: Total execution time for kernels is 0.0407908s
 INFO: Computing semblance for m0 = 1700
 INFO: Total execution time for kernels is 0.0480848s
 INFO: Computing semblance for m0 = 1720
 INFO: Total execution time for kernels is 0.0459898s
 INFO: Computing semblance for m0 = 1740
 INFO: Total execution time for kernels is 0.0357436s
 INFO: Computing semblance for m0 = 1760
 INFO: Total execution time for kernels is 0.0513308s
 INFO: Computing semblance for m0 = 1780
 INFO: Total execution time for kernels is 0.0481555s
 INFO: Computing semblance for m0 = 1800
 INFO: Total execution time for kernels is 0.0498511s
 INFO: Computing semblance for m0 = 1820
 INFO: Total execution time for kernels is 0.0524873s
 INFO: Computing semblance for m0 = 1840
 INFO: Total execution time for kernels is 0.0497126s
 INFO: Computing semblance for m0 = 1860
 INFO: Total execution time for kernels is 0.0397285s
 INFO: Computing semblance for m0 = 1880
 INFO: Total execution time for kernels is 0.0590416s
 INFO: Computing semblance for m0 = 1900
 INFO: Total execution time for kernels is 0.0553955s
 INFO: Computing semblance for m0 = 1920
 INFO: Total execution time for kernels is 0.0578008s
 INFO: Computing semblance for m0 = 1940
 INFO: Total execution time for kernels is 0.0612344s
 INFO: Computing semblance for m0 = 1960
 INFO: Total execution time for kernels is 0.0560941s
 INFO: Computing semblance for m0 = 1980
 INFO: Total execution time for kernels is 0.0588955s
 INFO: Computing semblance for m0 = 2000
 INFO: Total execution time for kernels is 0.0566199s
 INFO: Computing semblance for m0 = 2020
 INFO: Total execution time for kernels is 0.0433237s
 INFO: Computing semblance for m0 = 2040
 INFO: Total execution time for kernels is 0.0650898s
 INFO: Computing semblance for m0 = 2060
 INFO: Total execution time for kernels is 0.0641703s
 INFO: Computing semblance for m0 = 2080
 INFO: Total execution time for kernels is 0.0614041s
 INFO: Computing semblance for m0 = 2100
 INFO: Total execution time for kernels is 0.057757s
 INFO: Computing semblance for m0 = 2120
 INFO: Total execution time for kernels is 0.0627575s
 INFO: Computing semblance for m0 = 2140
 INFO: Total execution time for kernels is 0.0473364s
 INFO: Computing semblance for m0 = 2160
 INFO: Total execution time for kernels is 0.0642294s
 INFO: Computing semblance for m0 = 2180
 INFO: Total execution time for kernels is 0.0595981s
 INFO: Computing semblance for m0 = 2200
 INFO: Total execution time for kernels is 0.0627537s
 INFO: Computing semblance for m0 = 2220
 INFO: Total execution time for kernels is 0.064841s
 INFO: Computing semblance for m0 = 2240
 INFO: Total execution time for kernels is 0.0482572s
 INFO: Computing semblance for m0 = 2260
 INFO: Total execution time for kernels is 0.0636836s
 INFO: Computing semblance for m0 = 2280
 INFO: Total execution time for kernels is 0.0571918s
 INFO: Computing semblance for m0 = 2300
 INFO: Total execution time for kernels is 0.0641812s
 INFO: Computing semblance for m0 = 2320
 INFO: Total execution time for kernels is 0.057966s
 INFO: Computing semblance for m0 = 2340
 INFO: Total execution time for kernels is 0.0588268s
 INFO: Computing semblance for m0 = 2360
 INFO: Total execution time for kernels is 0.0472712s
 INFO: Computing semblance for m0 = 2380
 INFO: Total execution time for kernels is 0.059211s
 INFO: Computing semblance for m0 = 2400
 INFO: Total execution time for kernels is 0.0665374s
 INFO: Computing semblance for m0 = 2420
 INFO: Total execution time for kernels is 0.0563539s
 INFO: Computing semblance for m0 = 2440
 INFO: Total execution time for kernels is 0.060141s
 INFO: Computing semblance for m0 = 2460
 INFO: Total execution time for kernels is 0.0590717s
 INFO: Computing semblance for m0 = 2480
 INFO: Total execution time for kernels is 0.0573556s
 INFO: Computing semblance for m0 = 2500
 INFO: Total execution time for kernels is 0.0570109s
 INFO: Computing semblance for m0 = 2520
 INFO: Total execution time for kernels is 0.0477135s
 INFO: Computing semblance for m0 = 2540
 INFO: Total execution time for kernels is 0.0574847s
 INFO: Computing semblance for m0 = 2560
 INFO: Total execution time for kernels is 0.0515224s
 INFO: Computing semblance for m0 = 2580
 INFO: Total execution time for kernels is 0.0572848s
 INFO: Computing semblance for m0 = 2600
 INFO: Total execution time for kernels is 0.0583785s
 INFO: Computing semblance for m0 = 2620
 INFO: Total execution time for kernels is 0.0589019s
 INFO: Computing semblance for m0 = 2640
 INFO: Total execution time for kernels is 0.0525223s
 INFO: Computing semblance for m0 = 2660
 INFO: Total execution time for kernels is 0.0596283s
 INFO: Computing semblance for m0 = 2680
 INFO: Total execution time for kernels is 0.0471607s
 INFO: Computing semblance for m0 = 2700
 INFO: Total execution time for kernels is 0.0512376s
 INFO: Computing semblance for m0 = 2720
 INFO: Total execution time for kernels is 0.0557815s
 INFO: Computing semblance for m0 = 2740
 INFO: Total execution time for kernels is 0.0584927s
 INFO: Computing semblance for m0 = 2760
 INFO: Total execution time for kernels is 0.0536679s
 INFO: Computing semblance for m0 = 2780
 INFO: Total execution time for kernels is 0.0508079s
 INFO: Computing semblance for m0 = 2800
 INFO: Total execution time for kernels is 0.0546788s
 INFO: Computing semblance for m0 = 2820
 INFO: Total execution time for kernels is 0.0539657s
 INFO: Computing semblance for m0 = 2840
 INFO: Total execution time for kernels is 0.0502035s
 INFO: Computing semblance for m0 = 2860
 INFO: Total execution time for kernels is 0.052521s
 INFO: Computing semblance for m0 = 2880
 INFO: Total execution time for kernels is 0.0523874s
 INFO: Computing semblance for m0 = 2900
 INFO: Total execution time for kernels is 0.0530636s
 INFO: Computing semblance for m0 = 2920
 INFO: Total execution time for kernels is 0.0580358s
 INFO: Computing semblance for m0 = 2940
 INFO: Total execution time for kernels is 0.0511181s
 INFO: Computing semblance for m0 = 2960
 INFO: Total execution time for kernels is 0.0530994s
 INFO: Computing semblance for m0 = 2980
 INFO: Total execution time for kernels is 0.0520828s
 INFO: Computing semblance for m0 = 3000
 INFO: Total execution time for kernels is 0.048594s
 INFO: Computing semblance for m0 = 3020
 INFO: Total execution time for kernels is 0.048041s
 INFO: Computing semblance for m0 = 3040
 INFO: Total execution time for kernels is 0.0510421s
 INFO: Computing semblance for m0 = 3060
 INFO: Total execution time for kernels is 0.0530708s
 INFO: Computing semblance for m0 = 3080
 INFO: Total execution time for kernels is 0.0484701s
 INFO: Computing semblance for m0 = 3100
 INFO: Total execution time for kernels is 0.0545588s
 INFO: Computing semblance for m0 = 3120
 INFO: Total execution time for kernels is 0.0533039s
 INFO: Computing semblance for m0 = 3140
 INFO: Total execution time for kernels is 0.0493768s
 INFO: Computing semblance for m0 = 3160
 INFO: Total execution time for kernels is 0.0535148s
 INFO: Computing semblance for m0 = 3180
 INFO: Total execution time for kernels is 0.0483794s
 INFO: Computing semblance for m0 = 3200
 INFO: Total execution time for kernels is 0.0504057s
 INFO: Computing semblance for m0 = 3220
 INFO: Total execution time for kernels is 0.0487515s
 INFO: Computing semblance for m0 = 3240
 INFO: Total execution time for kernels is 0.0498388s
 INFO: Computing semblance for m0 = 3260
 INFO: Total execution time for kernels is 0.0543509s
 INFO: Computing semblance for m0 = 3280
 INFO: Total execution time for kernels is 0.0507022s
 INFO: Computing semblance for m0 = 3300
 INFO: Total execution time for kernels is 0.0485521s
 INFO: Computing semblance for m0 = 3320
 INFO: Total execution time for kernels is 0.0500684s
 INFO: Computing semblance for m0 = 3340
 INFO: Total execution time for kernels is 0.0488449s
 INFO: Computing semblance for m0 = 3360
 INFO: Total execution time for kernels is 0.0485217s
 INFO: Computing semblance for m0 = 3380
 INFO: Total execution time for kernels is 0.0484132s
 INFO: Computing semblance for m0 = 3400
 INFO: Total execution time for kernels is 0.0490519s
 INFO: Computing semblance for m0 = 3420
 INFO: Total execution time for kernels is 0.0477224s
 INFO: Computing semblance for m0 = 3440
 INFO: Total execution time for kernels is 0.0512744s
 INFO: Computing semblance for m0 = 3460
 INFO: Total execution time for kernels is 0.0474386s
 INFO: Computing semblance for m0 = 3480
 INFO: Total execution time for kernels is 0.0498161s
 INFO: Computing semblance for m0 = 3500
 INFO: Total execution time for kernels is 0.0461879s
 INFO: Computing semblance for m0 = 3520
 INFO: Total execution time for kernels is 0.0474919s
 INFO: Computing semblance for m0 = 3540
 INFO: Total execution time for kernels is 0.0466237s
 INFO: Computing semblance for m0 = 3560
 INFO: Total execution time for kernels is 0.0494858s
 INFO: Computing semblance for m0 = 3580
 INFO: Total execution time for kernels is 0.0471845s
 INFO: Computing semblance for m0 = 3600
 INFO: Total execution time for kernels is 0.0484389s
 INFO: Computing semblance for m0 = 3620
 INFO: Total execution time for kernels is 0.0492793s
 INFO: Computing semblance for m0 = 3640
 INFO: Total execution time for kernels is 0.0491866s
 INFO: Computing semblance for m0 = 3660
 INFO: Total execution time for kernels is 0.047685s
 INFO: Computing semblance for m0 = 3680
 INFO: Total execution time for kernels is 0.0472386s
 INFO: Computing semblance for m0 = 3700
 INFO: Total execution time for kernels is 0.0481196s
 INFO: Computing semblance for m0 = 3720
 INFO: Total execution time for kernels is 0.0464248s
 INFO: Computing semblance for m0 = 3740
 INFO: Total execution time for kernels is 0.0470213s
 INFO: Computing semblance for m0 = 3760
 INFO: Total execution time for kernels is 0.0495726s
 INFO: Computing semblance for m0 = 3780
 INFO: Total execution time for kernels is 0.0481595s
 INFO: Computing semblance for m0 = 3800
 INFO: Total execution time for kernels is 0.0488917s
 INFO: Computing semblance for m0 = 3820
 INFO: Total execution time for kernels is 0.047247s
 INFO: Computing semblance for m0 = 3840
 INFO: Total execution time for kernels is 0.0468001s
 INFO: Computing semblance for m0 = 3860
 INFO: Total execution time for kernels is 0.045771s
 INFO: Computing semblance for m0 = 3880
 INFO: Total execution time for kernels is 0.0485671s
 INFO: Computing semblance for m0 = 3900
 INFO: Total execution time for kernels is 0.0472377s
 INFO: Computing semblance for m0 = 3920
 INFO: Total execution time for kernels is 0.0478315s
 INFO: Computing semblance for m0 = 3940
 INFO: Total execution time for kernels is 0.0477334s
 INFO: Computing semblance for m0 = 3960
 INFO: Total execution time for kernels is 0.0486594s
 INFO: Computing semblance for m0 = 3980
 INFO: Total execution time for kernels is 0.047681s
 INFO: Computing semblance for m0 = 4000
 INFO: Total execution time for kernels is 0.0458549s
 INFO: Computing semblance for m0 = 4020
 INFO: Total execution time for kernels is 0.0478703s
 INFO: Computing semblance for m0 = 4040
 INFO: Total execution time for kernels is 0.046484s
 INFO: Computing semblance for m0 = 4060
 INFO: Total execution time for kernels is 0.0467138s
 INFO: Computing semblance for m0 = 4080
 INFO: Total execution time for kernels is 0.0465289s
 INFO: Computing semblance for m0 = 4100
 INFO: Total execution time for kernels is 0.0497536s
 INFO: Computing semblance for m0 = 4120
 INFO: Total execution time for kernels is 0.0488128s
 INFO: Computing semblance for m0 = 4140
 INFO: Total execution time for kernels is 0.0470239s
 INFO: Computing semblance for m0 = 4160
 INFO: Total execution time for kernels is 0.0469408s
 INFO: Computing semblance for m0 = 4180
 INFO: Total execution time for kernels is 0.0475915s
 INFO: Computing semblance for m0 = 4200
 INFO: Total execution time for kernels is 0.0468487s
 INFO: Computing semblance for m0 = 4220
 INFO: Total execution time for kernels is 0.0490485s
 INFO: Computing semblance for m0 = 4240
 INFO: Total execution time for kernels is 0.0462901s
 INFO: Computing semblance for m0 = 4260
 INFO: Total execution time for kernels is 0.048681s
 INFO: Computing semblance for m0 = 4280
 INFO: Total execution time for kernels is 0.0493648s
 INFO: Computing semblance for m0 = 4300
 INFO: Total execution time for kernels is 0.0477406s
 INFO: Computing semblance for m0 = 4320
 INFO: Total execution time for kernels is 0.0463617s
 INFO: Computing semblance for m0 = 4340
 INFO: Total execution time for kernels is 0.0471484s
 INFO: Computing semblance for m0 = 4360
 INFO: Total execution time for kernels is 0.048985s
 INFO: Computing semblance for m0 = 4380
 INFO: Total execution time for kernels is 0.0478684s
 INFO: Computing semblance for m0 = 4400
 INFO: Total execution time for kernels is 0.0482295s
 INFO: Computing semblance for m0 = 4420
 INFO: Total execution time for kernels is 0.0477122s
 INFO: Computing semblance for m0 = 4440
 INFO: Total execution time for kernels is 0.0482446s
 INFO: Computing semblance for m0 = 4460
 INFO: Total execution time for kernels is 0.0479048s
 INFO: Computing semblance for m0 = 4480
 INFO: Total execution time for kernels is 0.0467872s
 INFO: Computing semblance for m0 = 4500
 INFO: Total execution time for kernels is 0.0480166s
 INFO: Computing semblance for m0 = 4520
 INFO: Total execution time for kernels is 0.0475011s
 INFO: Computing semblance for m0 = 4540
 INFO: Total execution time for kernels is 0.0457572s
 INFO: Computing semblance for m0 = 4560
 INFO: Total execution time for kernels is 0.0502744s
 INFO: Computing semblance for m0 = 4580
 INFO: Total execution time for kernels is 0.0495772s
 INFO: Computing semblance for m0 = 4600
 INFO: Total execution time for kernels is 0.0505625s
 INFO: Computing semblance for m0 = 4620
 INFO: Total execution time for kernels is 0.0468681s
 INFO: Computing semblance for m0 = 4640
 INFO: Total execution time for kernels is 0.0471983s
 INFO: Computing semblance for m0 = 4660
 INFO: Total execution time for kernels is 0.0469606s
 INFO: Computing semblance for m0 = 4680
 INFO: Total execution time for kernels is 0.0486651s
 INFO: Computing semblance for m0 = 4700
 INFO: Total execution time for kernels is 0.0490625s
 INFO: Computing semblance for m0 = 4720
 INFO: Total execution time for kernels is 0.0490995s
 INFO: Computing semblance for m0 = 4740
 INFO: Total execution time for kernels is 0.048762s
 INFO: Computing semblance for m0 = 4760
 INFO: Total execution time for kernels is 0.0487828s
 INFO: Computing semblance for m0 = 4780
 INFO: Total execution time for kernels is 0.0480709s
 INFO: Computing semblance for m0 = 4800
 INFO: Total execution time for kernels is 0.0481828s
 INFO: Computing semblance for m0 = 4820
 INFO: Total execution time for kernels is 0.0476712s
 INFO: Computing semblance for m0 = 4840
 INFO: Total execution time for kernels is 0.0484366s
 INFO: Computing semblance for m0 = 4860
 INFO: Total execution time for kernels is 0.0484554s
 INFO: Computing semblance for m0 = 4880
 INFO: Total execution time for kernels is 0.0493291s
 INFO: Computing semblance for m0 = 4900
 INFO: Total execution time for kernels is 0.0492332s
 INFO: Computing semblance for m0 = 4920
 INFO: Total execution time for kernels is 0.0483229s
 INFO: Computing semblance for m0 = 4940
 INFO: Total execution time for kernels is 0.0476151s
 INFO: Computing semblance for m0 = 4960
 INFO: Total execution time for kernels is 0.0468408s
 INFO: Computing semblance for m0 = 4980
 INFO: Total execution time for kernels is 0.0471353s
 INFO: Computing semblance for m0 = 5000
 INFO: Total execution time for kernels is 0.0469809s
 INFO: Computing semblance for m0 = 5020
 INFO: Total execution time for kernels is 0.0467328s
 INFO: Computing semblance for m0 = 5040
 INFO: Total execution time for kernels is 0.0494756s
 INFO: Computing semblance for m0 = 5060
 INFO: Total execution time for kernels is 0.0491762s
 INFO: Computing semblance for m0 = 5080
 INFO: Total execution time for kernels is 0.0483595s
 INFO: Computing semblance for m0 = 5100
 INFO: Total execution time for kernels is 0.0479517s
 INFO: Computing semblance for m0 = 5120
 INFO: Total execution time for kernels is 0.0469762s
 INFO: Computing semblance for m0 = 5140
 INFO: Total execution time for kernels is 0.0482143s
 INFO: Computing semblance for m0 = 5160
 INFO: Total execution time for kernels is 0.0485048s
 INFO: Computing semblance for m0 = 5180
 INFO: Total execution time for kernels is 0.0468833s
 INFO: Computing semblance for m0 = 5200
 INFO: Total execution time for kernels is 0.0476591s
 INFO: Computing semblance for m0 = 5220
 INFO: Total execution time for kernels is 0.048034s
 INFO: Computing semblance for m0 = 5240
 INFO: Total execution time for kernels is 0.0493482s
 INFO: Computing semblance for m0 = 5260
 INFO: Total execution time for kernels is 0.0477667s
 INFO: Computing semblance for m0 = 5280
 INFO: Total execution time for kernels is 0.047002s
 INFO: Computing semblance for m0 = 5300
 INFO: Total execution time for kernels is 0.046444s
 INFO: Computing semblance for m0 = 5320
 INFO: Total execution time for kernels is 0.0480635s
 INFO: Computing semblance for m0 = 5340
 INFO: Total execution time for kernels is 0.0477089s
 INFO: Computing semblance for m0 = 5360
 INFO: Total execution time for kernels is 0.0470587s
 INFO: Computing semblance for m0 = 5380
 INFO: Total execution time for kernels is 0.050103s
 INFO: Computing semblance for m0 = 5400
 INFO: Total execution time for kernels is 0.0480798s
 INFO: Computing semblance for m0 = 5420
 INFO: Total execution time for kernels is 0.0466277s
 INFO: Computing semblance for m0 = 5440
 INFO: Total execution time for kernels is 0.0474146s
 INFO: Computing semblance for m0 = 5460
 INFO: Total execution time for kernels is 0.0483085s
 INFO: Computing semblance for m0 = 5480
 INFO: Total execution time for kernels is 0.0486008s
 INFO: Computing semblance for m0 = 5500
 INFO: Total execution time for kernels is 0.0471859s
 INFO: Computing semblance for m0 = 5520
 INFO: Total execution time for kernels is 0.0465721s
 INFO: Computing semblance for m0 = 5540
 INFO: Total execution time for kernels is 0.0494642s
 INFO: Computing semblance for m0 = 5560
 INFO: Total execution time for kernels is 0.0465087s
 INFO: Computing semblance for m0 = 5580
 INFO: Total execution time for kernels is 0.0490793s
 INFO: Computing semblance for m0 = 5600
 INFO: Total execution time for kernels is 0.048389s
 INFO: Computing semblance for m0 = 5620
 INFO: Total execution time for kernels is 0.0487905s
 INFO: Computing semblance for m0 = 5640
 INFO: Total execution time for kernels is 0.0474906s
 INFO: Computing semblance for m0 = 5660
 INFO: Total execution time for kernels is 0.0478911s
 INFO: Computing semblance for m0 = 5680
 INFO: Total execution time for kernels is 0.0481228s
 INFO: Computing semblance for m0 = 5700
 INFO: Total execution time for kernels is 0.04799s
 INFO: Computing semblance for m0 = 5720
 INFO: Total execution time for kernels is 0.050103s
 INFO: Computing semblance for m0 = 5740
 INFO: Total execution time for kernels is 0.0489995s
 INFO: Computing semblance for m0 = 5760
 INFO: Total execution time for kernels is 0.0483936s
 INFO: Computing semblance for m0 = 5780
 INFO: Total execution time for kernels is 0.0462112s
 INFO: Computing semblance for m0 = 5800
 INFO: Total execution time for kernels is 0.0479085s
 INFO: Computing semblance for m0 = 5820
 INFO: Total execution time for kernels is 0.0481349s
 INFO: Computing semblance for m0 = 5840
 INFO: Total execution time for kernels is 0.0485397s
 INFO: Computing semblance for m0 = 5860
 INFO: Total execution time for kernels is 0.0480869s
 INFO: Computing semblance for m0 = 5880
 INFO: Total execution time for kernels is 0.0498707s
 INFO: Computing semblance for m0 = 5900
 INFO: Total execution time for kernels is 0.0506768s
 INFO: Computing semblance for m0 = 5920
 INFO: Total execution time for kernels is 0.0461277s
 INFO: Computing semblance for m0 = 5940
 INFO: Total execution time for kernels is 0.0481059s
 INFO: Computing semblance for m0 = 5960
 INFO: Total execution time for kernels is 0.0505883s
 INFO: Computing semblance for m0 = 5980
 INFO: Total execution time for kernels is 0.0488951s
 INFO: Computing semblance for m0 = 6000
 INFO: Total execution time for kernels is 0.047281s
 INFO: Computing semblance for m0 = 6020
 INFO: Total execution time for kernels is 0.0460404s
 INFO: Computing semblance for m0 = 6040
 INFO: Total execution time for kernels is 0.0484903s
 INFO: Computing semblance for m0 = 6060
 INFO: Total execution time for kernels is 0.0468255s
 INFO: Computing semblance for m0 = 6080
 INFO: Total execution time for kernels is 0.0491792s
 INFO: Computing semblance for m0 = 6100
 INFO: Total execution time for kernels is 0.0480001s
 INFO: Computing semblance for m0 = 6120
 INFO: Total execution time for kernels is 0.0495143s
 INFO: Computing semblance for m0 = 6140
 INFO: Total execution time for kernels is 0.0484293s
 INFO: Computing semblance for m0 = 6160
 INFO: Total execution time for kernels is 0.047404s
 INFO: Computing semblance for m0 = 6180
 INFO: Total execution time for kernels is 0.0481681s
 INFO: Computing semblance for m0 = 6200
 INFO: Total execution time for kernels is 0.0473144s
 INFO: Computing semblance for m0 = 6220
 INFO: Total execution time for kernels is 0.0486393s
 INFO: Computing semblance for m0 = 6240
 INFO: Total execution time for kernels is 0.0483073s
 INFO: Computing semblance for m0 = 6260
 INFO: Total execution time for kernels is 0.046632s
 INFO: Computing semblance for m0 = 6280
 INFO: Total execution time for kernels is 0.0481302s
 INFO: Computing semblance for m0 = 6300
 INFO: Total execution time for kernels is 0.0474161s
 INFO: Computing semblance for m0 = 6320
 INFO: Total execution time for kernels is 0.0482417s
 INFO: Computing semblance for m0 = 6340
 INFO: Total execution time for kernels is 0.0466474s
 INFO: Computing semblance for m0 = 6360
 INFO: Total execution time for kernels is 0.0463004s
 INFO: Computing semblance for m0 = 6380
 INFO: Total execution time for kernels is 0.0488589s
 INFO: Computing semblance for m0 = 6400
 INFO: Total execution time for kernels is 0.047442s
 INFO: Computing semblance for m0 = 6420
 INFO: Total execution time for kernels is 0.0467466s
 INFO: Computing semblance for m0 = 6440
 INFO: Total execution time for kernels is 0.0469755s
 INFO: Computing semblance for m0 = 6460
 INFO: Total execution time for kernels is 0.049645s
 INFO: Computing semblance for m0 = 6480
 INFO: Total execution time for kernels is 0.0469658s
 INFO: Computing semblance for m0 = 6500
 INFO: Total execution time for kernels is 0.0493689s
 INFO: Computing semblance for m0 = 6520
 INFO: Total execution time for kernels is 0.0472018s
 INFO: Computing semblance for m0 = 6540
 INFO: Total execution time for kernels is 0.0477367s
 INFO: Computing semblance for m0 = 6560
 INFO: Total execution time for kernels is 0.0493605s
 INFO: Computing semblance for m0 = 6580
 INFO: Total execution time for kernels is 0.0474648s
 INFO: Computing semblance for m0 = 6600
 INFO: Total execution time for kernels is 0.0475176s
 INFO: Computing semblance for m0 = 6620
 INFO: Total execution time for kernels is 0.0493141s
 INFO: Computing semblance for m0 = 6640
 INFO: Total execution time for kernels is 0.0470623s
 INFO: Computing semblance for m0 = 6660
 INFO: Total execution time for kernels is 0.0478789s
 INFO: Computing semblance for m0 = 6680
 INFO: Total execution time for kernels is 0.0475419s
 INFO: Computing semblance for m0 = 6700
 INFO: Total execution time for kernels is 0.0487401s
 INFO: Computing semblance for m0 = 6720
 INFO: Total execution time for kernels is 0.0479687s
 INFO: Computing semblance for m0 = 6740
 INFO: Total execution time for kernels is 0.0478694s
 INFO: Computing semblance for m0 = 6760
 INFO: Total execution time for kernels is 0.0477189s
 INFO: Computing semblance for m0 = 6780
 INFO: Total execution time for kernels is 0.0479174s
 INFO: Computing semblance for m0 = 6800
 INFO: Total execution time for kernels is 0.0489545s
 INFO: Computing semblance for m0 = 6820
 INFO: Total execution time for kernels is 0.0482149s
 INFO: Computing semblance for m0 = 6840
 INFO: Total execution time for kernels is 0.0473051s
 INFO: Computing semblance for m0 = 6860
 INFO: Total execution time for kernels is 0.0471322s
 INFO: Computing semblance for m0 = 6880
 INFO: Total execution time for kernels is 0.0486646s
 INFO: Computing semblance for m0 = 6900
 INFO: Total execution time for kernels is 0.0470518s
 INFO: Computing semblance for m0 = 6920
 INFO: Total execution time for kernels is 0.0471947s
 INFO: Computing semblance for m0 = 6940
 INFO: Total execution time for kernels is 0.0471378s
 INFO: Computing semblance for m0 = 6960
 INFO: Total execution time for kernels is 0.0482225s
 INFO: Computing semblance for m0 = 6980
 INFO: Total execution time for kernels is 0.0464216s
 INFO: Computing semblance for m0 = 7000
 INFO: Total execution time for kernels is 0.0477726s
 INFO: Computing semblance for m0 = 7020
 INFO: Total execution time for kernels is 0.0487061s
 INFO: Computing semblance for m0 = 7040
 INFO: Total execution time for kernels is 0.0488461s
 INFO: Computing semblance for m0 = 7060
 INFO: Total execution time for kernels is 0.0453616s
 INFO: Computing semblance for m0 = 7080
 INFO: Total execution time for kernels is 0.0471035s
 INFO: Computing semblance for m0 = 7100
 INFO: Total execution time for kernels is 0.0481318s
 INFO: Computing semblance for m0 = 7120
 INFO: Total execution time for kernels is 0.0492092s
 INFO: Computing semblance for m0 = 7140
 INFO: Total execution time for kernels is 0.0459566s
 INFO: Computing semblance for m0 = 7160
 INFO: Total execution time for kernels is 0.0472594s
 INFO: Computing semblance for m0 = 7180
 INFO: Total execution time for kernels is 0.0486777s
 INFO: Computing semblance for m0 = 7200
 INFO: Total execution time for kernels is 0.0485929s
 INFO: Computing semblance for m0 = 7220
 INFO: Total execution time for kernels is 0.0470514s
 INFO: Computing semblance for m0 = 7240
 INFO: Total execution time for kernels is 0.0447536s
 INFO: Computing semblance for m0 = 7260
 INFO: Total execution time for kernels is 0.0472741s
 INFO: Computing semblance for m0 = 7280
 INFO: Total execution time for kernels is 0.0481521s
 INFO: Computing semblance for m0 = 7300
 INFO: Total execution time for kernels is 0.0485819s
 INFO: Computing semblance for m0 = 7320
 INFO: Total execution time for kernels is 0.0474436s
 INFO: Computing semblance for m0 = 7340
 INFO: Total execution time for kernels is 0.0487927s
 INFO: Computing semblance for m0 = 7360
 INFO: Total execution time for kernels is 0.0497595s
 INFO: Computing semblance for m0 = 7380
 INFO: Total execution time for kernels is 0.0479558s
 INFO: Computing semblance for m0 = 7400
 INFO: Total execution time for kernels is 0.0474248s
 INFO: Computing semblance for m0 = 7420
 INFO: Total execution time for kernels is 0.0472094s
 INFO: Computing semblance for m0 = 7440
 INFO: Total execution time for kernels is 0.049264s
 INFO: Computing semblance for m0 = 7460
 INFO: Total execution time for kernels is 0.0470239s
 INFO: Computing semblance for m0 = 7480
 INFO: Total execution time for kernels is 0.0473634s
 INFO: Computing semblance for m0 = 7500
 INFO: Total execution time for kernels is 0.0483895s
 INFO: Computing semblance for m0 = 7520
 INFO: Total execution time for kernels is 0.0491045s
 INFO: Computing semblance for m0 = 7540
 INFO: Total execution time for kernels is 0.0479203s
 INFO: Computing semblance for m0 = 7560
 INFO: Total execution time for kernels is 0.0478756s
 INFO: Computing semblance for m0 = 7580
 INFO: Total execution time for kernels is 0.0486334s
 INFO: Computing semblance for m0 = 7600
 INFO: Total execution time for kernels is 0.0485691s
 INFO: Computing semblance for m0 = 7620
 INFO: Total execution time for kernels is 0.0472444s
 INFO: Computing semblance for m0 = 7640
 INFO: Total execution time for kernels is 0.0474658s
 INFO: Computing semblance for m0 = 7660
 INFO: Total execution time for kernels is 0.0491214s
 INFO: Computing semblance for m0 = 7680
 INFO: Total execution time for kernels is 0.0488403s
 INFO: Computing semblance for m0 = 7700
 INFO: Total execution time for kernels is 0.0461351s
 INFO: Computing semblance for m0 = 7720
 INFO: Total execution time for kernels is 0.0459916s
 INFO: Computing semblance for m0 = 7740
 INFO: Total execution time for kernels is 0.0484782s
 INFO: Computing semblance for m0 = 7760
 INFO: Total execution time for kernels is 0.0481686s
 INFO: Computing semblance for m0 = 7780
 INFO: Total execution time for kernels is 0.0451264s
 INFO: Computing semblance for m0 = 7800
 INFO: Total execution time for kernels is 0.0474613s
 INFO: Computing semblance for m0 = 7820
 INFO: Total execution time for kernels is 0.0465904s
 INFO: Computing semblance for m0 = 7840
 INFO: Total execution time for kernels is 0.0476071s
 INFO: Computing semblance for m0 = 7860
 INFO: Total execution time for kernels is 0.04997s
 INFO: Computing semblance for m0 = 7880
 INFO: Total execution time for kernels is 0.0454461s
 INFO: Computing semblance for m0 = 7900
 INFO: Total execution time for kernels is 0.0487621s
 INFO: Computing semblance for m0 = 7920
 INFO: Total execution time for kernels is 0.048182s
 INFO: Computing semblance for m0 = 7940
 INFO: Total execution time for kernels is 0.0461966s
 INFO: Computing semblance for m0 = 7960
 INFO: Total execution time for kernels is 0.0463126s
 INFO: Computing semblance for m0 = 7980
 INFO: Total execution time for kernels is 0.047263s
 INFO: Computing semblance for m0 = 8000
 INFO: Total execution time for kernels is 0.0488208s
 INFO: Computing semblance for m0 = 8020
 INFO: Total execution time for kernels is 0.0488654s
 INFO: Computing semblance for m0 = 8040
 INFO: Total execution time for kernels is 0.0473259s
 INFO: Computing semblance for m0 = 8060
 INFO: Total execution time for kernels is 0.0469573s
 INFO: Computing semblance for m0 = 8080
 INFO: Total execution time for kernels is 0.0481243s
 INFO: Computing semblance for m0 = 8100
 INFO: Total execution time for kernels is 0.0456203s
 INFO: Computing semblance for m0 = 8120
 INFO: Total execution time for kernels is 0.046204s
 INFO: Computing semblance for m0 = 8140
 INFO: Total execution time for kernels is 0.0473613s
 INFO: Computing semblance for m0 = 8160
 INFO: Total execution time for kernels is 0.0478899s
 INFO: Computing semblance for m0 = 8180
 INFO: Total execution time for kernels is 0.0494084s
 INFO: Computing semblance for m0 = 8200
 INFO: Total execution time for kernels is 0.0463135s
 INFO: Computing semblance for m0 = 8220
 INFO: Total execution time for kernels is 0.0472525s
 INFO: Computing semblance for m0 = 8240
 INFO: Total execution time for kernels is 0.048842s
 INFO: Computing semblance for m0 = 8260
 INFO: Total execution time for kernels is 0.0469869s
 INFO: Computing semblance for m0 = 8280
 INFO: Total execution time for kernels is 0.0475513s
 INFO: Computing semblance for m0 = 8300
 INFO: Total execution time for kernels is 0.0468567s
 INFO: Computing semblance for m0 = 8320
 INFO: Total execution time for kernels is 0.0471712s
 INFO: Computing semblance for m0 = 8340
 INFO: Total execution time for kernels is 0.0503331s
 INFO: Computing semblance for m0 = 8360
 INFO: Total execution time for kernels is 0.0470613s
 INFO: Computing semblance for m0 = 8380
 INFO: Total execution time for kernels is 0.0465591s
 INFO: Total execution time for kernels is 0.0479403s
 INFO: Computing semblance for m0 = 8400
 INFO: Computing semblance for m0 = 8420
 INFO: Total execution time for kernels is 0.0450362s
 INFO: Computing semblance for m0 = 8440
 INFO: Total execution time for kernels is 0.0459604s
 INFO: Computing semblance for m0 = 8460
 INFO: Total execution time for kernels is 0.0477577s
 INFO: Computing semblance for m0 = 8480
 INFO: Total execution time for kernels is 0.0469391s
 INFO: Computing semblance for m0 = 8500
 INFO: Total execution time for kernels is 0.0466474s
 INFO: Computing semblance for m0 = 8520
 INFO: Total execution time for kernels is 0.048697s
 INFO: Computing semblance for m0 = 8540
 INFO: Total execution time for kernels is 0.0469749s
 INFO: Computing semblance for m0 = 8560
 INFO: Total execution time for kernels is 0.0467881s
 INFO: Computing semblance for m0 = 8580
 INFO: Total execution time for kernels is 0.0486181s
 INFO: Computing semblance for m0 = 8600
 INFO: Total execution time for kernels is 0.0476398s
 INFO: Computing semblance for m0 = 8620
 INFO: Total execution time for kernels is 0.0473593s
 INFO: Computing semblance for m0 = 8640
 INFO: Total execution time for kernels is 0.0492864s
 INFO: Computing semblance for m0 = 8660
 INFO: Total execution time for kernels is 0.0469817s
 INFO: Computing semblance for m0 = 8680
 INFO: Total execution time for kernels is 0.0493671s
 INFO: Computing semblance for m0 = 8700
 INFO: Total execution time for kernels is 0.0456521s
 INFO: Computing semblance for m0 = 8720
 INFO: Total execution time for kernels is 0.0475465s
 INFO: Computing semblance for m0 = 8740
 INFO: Total execution time for kernels is 0.04925s
 INFO: Computing semblance for m0 = 8760
 INFO: Total execution time for kernels is 0.0465571s
 INFO: Computing semblance for m0 = 8780
 INFO: Total execution time for kernels is 0.047118s
 INFO: Computing semblance for m0 = 8800
 INFO: Total execution time for kernels is 0.0479194s
 INFO: Computing semblance for m0 = 8820
 INFO: Total execution time for kernels is 0.047281s
 INFO: Computing semblance for m0 = 8840
 INFO: Total execution time for kernels is 0.0483319s
 INFO: Computing semblance for m0 = 8860
 INFO: Total execution time for kernels is 0.0470118s
 INFO: Computing semblance for m0 = 8880
 INFO: Total execution time for kernels is 0.0488889s
 INFO: Computing semblance for m0 = 8900
 INFO: Total execution time for kernels is 0.0485434s
 INFO: Computing semblance for m0 = 8920
 INFO: Total execution time for kernels is 0.0475592s
 INFO: Computing semblance for m0 = 8940
 INFO: Total execution time for kernels is 0.0468991s
 INFO: Computing semblance for m0 = 8960
 INFO: Total execution time for kernels is 0.0465875s
 INFO: Computing semblance for m0 = 8980
 INFO: Total execution time for kernels is 0.0471752s
 INFO: Computing semblance for m0 = 9000
 INFO: Total execution time for kernels is 0.0469355s
 INFO: Computing semblance for m0 = 9020
 INFO: Total execution time for kernels is 0.0470624s
 INFO: Computing semblance for m0 = 9040
 INFO: Total execution time for kernels is 0.0479449s
 INFO: Computing semblance for m0 = 9060
 INFO: Total execution time for kernels is 0.0472195s
 INFO: Computing semblance for m0 = 9080
 INFO: Total execution time for kernels is 0.0491682s
 INFO: Computing semblance for m0 = 9100
 INFO: Total execution time for kernels is 0.0470671s
 INFO: Computing semblance for m0 = 9120
 INFO: Total execution time for kernels is 0.0480059s
 INFO: Computing semblance for m0 = 9140
 INFO: Total execution time for kernels is 0.0481735s
 INFO: Computing semblance for m0 = 9160
 INFO: Total execution time for kernels is 0.0490928s
 INFO: Computing semblance for m0 = 9180
 INFO: Total execution time for kernels is 0.0475598s
 INFO: Computing semblance for m0 = 9200
 INFO: Total execution time for kernels is 0.0457615s
 INFO: Computing semblance for m0 = 9220
 INFO: Total execution time for kernels is 0.0485901s
 INFO: Computing semblance for m0 = 9240
 INFO: Total execution time for kernels is 0.0457491s
 INFO: Computing semblance for m0 = 9260
 INFO: Total execution time for kernels is 0.0416895s
 INFO: Computing semblance for m0 = 9280
 INFO: Total execution time for kernels is 0.0419373s
 INFO: Computing semblance for m0 = 9300
 INFO: Total execution time for kernels is 0.0397445s
 INFO: Computing semblance for m0 = 9320
 INFO: Total execution time for kernels is 0.0407926s
 INFO: Computing semblance for m0 = 9340
 INFO: Total execution time for kernels is 0.0370037s
 INFO: Computing semblance for m0 = 9360
 INFO: Total execution time for kernels is 0.0363609s
 INFO: Computing semblance for m0 = 9380
 INFO: Total execution time for kernels is 0.0368945s
 INFO: Computing semblance for m0 = 9400
 INFO: Total execution time for kernels is 0.0353017s
 INFO: Computing semblance for m0 = 9420
 INFO: Total execution time for kernels is 0.0320343s
 INFO: Computing semblance for m0 = 9440
 INFO: Total execution time for kernels is 0.0331682s
 INFO: Computing semblance for m0 = 9460
 INFO: Total execution time for kernels is 0.0305429s
 INFO: Computing semblance for m0 = 9480
 INFO: Total execution time for kernels is 0.031008s
 INFO: Computing semblance for m0 = 9500
 INFO: Total execution time for kernels is 0.0280072s
 INFO: Computing semblance for m0 = 9520
 INFO: Total execution time for kernels is 0.02679s
 INFO: Computing semblance for m0 = 9540
 INFO: Total execution time for kernels is 0.0266224s
 INFO: Computing semblance for m0 = 9560
 INFO: Total execution time for kernels is 0.0287629s
 INFO: Computing semblance for m0 = 9580
 INFO: Total execution time for kernels is 0.0240151s
 INFO:  INFO: Computing semblance for m0 = 9600
Total execution time for kernels is 0.0241342s
 INFO: Computing semblance for m0 = 9620
 INFO: Total execution time for kernels is 0.0225564s
 INFO: Computing semblance for m0 = 9640
 INFO: Total execution time for kernels is 0.0230036s
 INFO: Computing semblance for m0 = 9660
 INFO: Total execution time for kernels is 0.0207024s
 INFO: Computing semblance for m0 = 9680
 INFO: Total execution time for kernels is 0.0191223s
 INFO: Computing semblance for m0 = 9700
 INFO: Total execution time for kernels is 0.0201902s
 INFO: Computing semblance for m0 = 9720
 INFO: Total execution time for kernels is 0.0192511s
 INFO: Computing semblance for m0 = 9740
 INFO: Total execution time for kernels is 0.0170646s
 INFO: Computing semblance for m0 = 9760
 INFO: Total execution time for kernels is 0.0175186s
 INFO: Computing semblance for m0 = 9780
 INFO: Total execution time for kernels is 0.0158692s
 INFO: Computing semblance for m0 = 9800
 INFO: Total execution time for kernels is 0.0159785s
 INFO: Computing semblance for m0 = 9820
 INFO: Total execution time for kernels is 0.0142714s
 INFO: Computing semblance for m0 = 9840
 INFO: Total execution time for kernels is 0.0127026s
 INFO: Computing semblance for m0 = 9860
 INFO: Total execution time for kernels is 0.0142308s
 INFO: Computing semblance for m0 = 9880
 INFO: Total execution time for kernels is 0.0128412s
 INFO: Computing semblance for m0 = 9900
 INFO: Total execution time for kernels is 0.0111089s
 INFO: Computing semblance for m0 = 9920
 INFO: Total execution time for kernels is 0.00979243s
 INFO: Computing semblance for m0 = 9940
 INFO: Total execution time for kernels is 0.0112093s
 INFO: Total execution time for kernels is 0.00824941s
 INFO: Total execution time for kernels is 0.00980458s
 INFO: Total execution time for kernels is 0.00673094s
 INFO: Total execution time for kernels is 0.00676501s
 INFO: Total execution time for kernels is 0.00815412s
 INFO: Total execution time for kernels is 0.00521157s
 INFO: Total execution time for kernels is 0.00527436s
 INFO: Average of efficiency is 1
 INFO: Average of interpolations_per_sec is 2.20325e+10
 INFO: Average of selected_traces is 20.6742
 INFO: Average of total_selection_kernel_exec_time is 0.000684701
 INFO: Average of total_kernel_exec_time is 0.0451831
 INFO: Driver init. duration is 0.308422 s
 INFO: Read gather duration is 0.108198 s
 INFO: Parse args. duration is 0.000204975 s
 INFO: Worker threads duration is 4.10637 s
 INFO: Dump results duration is 0.380993 s
 INFO: Results written to /home/ubuntu/nfs/out/d4e9b53e_master_p2.8xlarge/cmp/de/cuda/simple-synthetic_4/simple-synthetic_de_cmp_20210302_0126/
 INFO: It took 4.91289s to compute.
