 INFO: Number of CDPs = 445
 INFO: Number of traces in the gather = 9200
 INFO: Number of samples per trace = 2502
 INFO: Computing semblance for m0 = 0
 INFO: No trace has been selected for m0 = 0. Skipping.
 INFO: Total execution time for kernels is 1.8835e-05s
 INFO: Computing semblance for m0 = 1080
 INFO: Total execution time for kernels is 0.411429s
 INFO: Computing semblance for m0 = 1100
 INFO: Total execution time for kernels is 0.482064s
 INFO: Computing semblance for m0 = 1120
 INFO: Total execution time for kernels is 0.571458s
 INFO: Computing semblance for m0 = 1140
 INFO: Total execution time for kernels is 0.677391s
 INFO: Computing semblance for m0 = 1160
 INFO: Total execution time for kernels is 0.782959s
 INFO: Computing semblance for m0 = 1180
 INFO: Total execution time for kernels is 0.909034s
 INFO: Computing semblance for m0 = 1200
 INFO: Total execution time for kernels is 1.0341s
 INFO: Computing semblance for m0 = 1220
 INFO: Total execution time for kernels is 1.17919s
 INFO: Computing semblance for m0 = 1240
 INFO: Total execution time for kernels is 1.30675s
 INFO: Computing semblance for m0 = 1260
 INFO: Total execution time for kernels is 1.45086s
 INFO: Computing semblance for m0 = 1280
 INFO: Total execution time for kernels is 1.57799s
 INFO: Computing semblance for m0 = 1300
 INFO: Total execution time for kernels is 1.72272s
 INFO: Computing semblance for m0 = 1320
 INFO: Total execution time for kernels is 1.84953s
 INFO: Computing semblance for m0 = 1340
 INFO: Total execution time for kernels is 1.99672s
 INFO: Computing semblance for m0 = 1360
 INFO: Total execution time for kernels is 2.09998s
 INFO: Computing semblance for m0 = 1380
 INFO: Total execution time for kernels is 2.2479s
 INFO: Computing semblance for m0 = 1400
 INFO: Total execution time for kernels is 2.37591s
 INFO: Computing semblance for m0 = 1420
 INFO: Total execution time for kernels is 2.52417s
 INFO: Computing semblance for m0 = 1440
 INFO: Total execution time for kernels is 2.66821s
 INFO: Computing semblance for m0 = 1460
 INFO: Total execution time for kernels is 2.82203s
 INFO: Computing semblance for m0 = 1480
 INFO: Total execution time for kernels is 2.93239s
 INFO: Computing semblance for m0 = 1500
 INFO: Total execution time for kernels is 3.10437s
 INFO: Computing semblance for m0 = 1520
 INFO: Total execution time for kernels is 3.20863s
 INFO: Computing semblance for m0 = 1540
 INFO: Total execution time for kernels is 3.36709s
 INFO: Computing semblance for m0 = 1560
 INFO: Total execution time for kernels is 3.50746s
 INFO: Computing semblance for m0 = 1580
 INFO: Total execution time for kernels is 3.66266s
 INFO: Computing semblance for m0 = 1600
 INFO: Total execution time for kernels is 3.78595s
 INFO: Computing semblance for m0 = 1620
 INFO: Total execution time for kernels is 3.93658s
 INFO: Computing semblance for m0 = 1640
 INFO: Total execution time for kernels is 4.0637s
 INFO: Computing semblance for m0 = 1660
 INFO: Total execution time for kernels is 4.21689s
 INFO: Computing semblance for m0 = 1680
 INFO: Total execution time for kernels is 4.3538s
 INFO: Computing semblance for m0 = 1700
 INFO: Total execution time for kernels is 4.49953s
 INFO: Computing semblance for m0 = 1720
 INFO: Total execution time for kernels is 4.63078s
 INFO: Computing semblance for m0 = 1740
 INFO: Total execution time for kernels is 4.78792s
 INFO: Computing semblance for m0 = 1760
 INFO: Total execution time for kernels is 4.91279s
 INFO: Computing semblance for m0 = 1780
 INFO: Total execution time for kernels is 5.06879s
 INFO: Computing semblance for m0 = 1800
 INFO: Total execution time for kernels is 5.19855s
 INFO: Computing semblance for m0 = 1820
 INFO: Total execution time for kernels is 5.35562s
 INFO: Computing semblance for m0 = 1840
 INFO: Total execution time for kernels is 5.48601s
 INFO: Computing semblance for m0 = 1860
 INFO: Total execution time for kernels is 5.61715s
 INFO: Computing semblance for m0 = 1880
 INFO: Total execution time for kernels is 5.72778s
 INFO: Computing semblance for m0 = 1900
 INFO: Total execution time for kernels is 5.84645s
 INFO: Computing semblance for m0 = 1920
 INFO: Total execution time for kernels is 5.94209s
 INFO: Computing semblance for m0 = 1940
 INFO: Total execution time for kernels is 6.03252s
 INFO: Computing semblance for m0 = 1960
 INFO: Total execution time for kernels is 6.10836s
 INFO: Computing semblance for m0 = 1980
 INFO: Total execution time for kernels is 6.1865s
 INFO: Computing semblance for m0 = 2000
 INFO: Total execution time for kernels is 6.24237s
 INFO: Computing semblance for m0 = 2020
 INFO: Total execution time for kernels is 6.30593s
 INFO: Computing semblance for m0 = 2040
 INFO: Total execution time for kernels is 6.33969s
 INFO: Computing semblance for m0 = 2060
 INFO: Total execution time for kernels is 6.39018s
 INFO: Computing semblance for m0 = 2080
 INFO: Total execution time for kernels is 6.40168s
 INFO: Computing semblance for m0 = 2100
 INFO: Total execution time for kernels is 6.42373s
 INFO: Computing semblance for m0 = 2120
 INFO: Total execution time for kernels is 6.42745s
 INFO: Computing semblance for m0 = 2140
 INFO: Total execution time for kernels is 6.41834s
 INFO: Computing semblance for m0 = 2160
 INFO: Total execution time for kernels is 6.42952s
 INFO: Computing semblance for m0 = 2180
 INFO: Total execution time for kernels is 6.41923s
 INFO: Computing semblance for m0 = 2200
 INFO: Total execution time for kernels is 6.42664s
 INFO: Computing semblance for m0 = 2220
 INFO: Total execution time for kernels is 6.41863s
 INFO: Computing semblance for m0 = 2240
 INFO: Total execution time for kernels is 6.42432s
 INFO: Computing semblance for m0 = 2260
 INFO: Total execution time for kernels is 6.42338s
 INFO: Computing semblance for m0 = 2280
 INFO: Total execution time for kernels is 6.42382s
 INFO: Computing semblance for m0 = 2300
 INFO: Total execution time for kernels is 6.42242s
 INFO: Computing semblance for m0 = 2320
 INFO: Total execution time for kernels is 6.42836s
 INFO: Computing semblance for m0 = 2340
 INFO: Total execution time for kernels is 6.42559s
 INFO: Computing semblance for m0 = 2360
 INFO: Total execution time for kernels is 6.42898s
 INFO: Computing semblance for m0 = 2380
 INFO: Total execution time for kernels is 6.42104s
 INFO: Computing semblance for m0 = 2400
 INFO: Total execution time for kernels is 6.42912s
 INFO: Computing semblance for m0 = 2420
 INFO: Total execution time for kernels is 6.4221s
 INFO: Computing semblance for m0 = 2440
 INFO: Total execution time for kernels is 6.42598s
 INFO: Computing semblance for m0 = 2460
 INFO: Total execution time for kernels is 6.42077s
 INFO: Computing semblance for m0 = 2480
 INFO: Total execution time for kernels is 6.42756s
 INFO: Computing semblance for m0 = 2500
 INFO: Total execution time for kernels is 6.41856s
 INFO: Computing semblance for m0 = 2520
 INFO: Total execution time for kernels is 6.43223s
 INFO: Computing semblance for m0 = 2540
 INFO: Total execution time for kernels is 6.41684s
 INFO: Computing semblance for m0 = 2560
 INFO: Total execution time for kernels is 6.42239s
 INFO: Computing semblance for m0 = 2580
 INFO: Total execution time for kernels is 6.42123s
 INFO: Computing semblance for m0 = 2600
 INFO: Total execution time for kernels is 6.42532s
 INFO: Computing semblance for m0 = 2620
 INFO: Total execution time for kernels is 6.41941s
 INFO: Computing semblance for m0 = 2640
 INFO: Total execution time for kernels is 6.42034s
 INFO: Computing semblance for m0 = 2660
 INFO: Total execution time for kernels is 6.42458s
 INFO: Computing semblance for m0 = 2680
 INFO: Total execution time for kernels is 6.4251s
 INFO: Computing semblance for m0 = 2700
 INFO: Total execution time for kernels is 6.41827s
 INFO: Computing semblance for m0 = 2720
 INFO: Total execution time for kernels is 6.42682s
 INFO: Computing semblance for m0 = 2740
 INFO: Total execution time for kernels is 6.41888s
 INFO: Computing semblance for m0 = 2760
 INFO: Total execution time for kernels is 6.42614s
 INFO: Computing semblance for m0 = 2780
 INFO: Total execution time for kernels is 6.42073s
 INFO: Computing semblance for m0 = 2800
 INFO: Total execution time for kernels is 6.42804s
 INFO: Computing semblance for m0 = 2820
 INFO: Total execution time for kernels is 6.41657s
 INFO: Computing semblance for m0 = 2840
 INFO: Total execution time for kernels is 6.42478s
 INFO: Computing semblance for m0 = 2860
 INFO: Total execution time for kernels is 6.41656s
 INFO: Computing semblance for m0 = 2880
 INFO: Total execution time for kernels is 6.42391s
 INFO: Computing semblance for m0 = 2900
 INFO: Total execution time for kernels is 6.4201s
 INFO: Computing semblance for m0 = 2920
 INFO: Total execution time for kernels is 6.42569s
 INFO: Computing semblance for m0 = 2940
 INFO: Total execution time for kernels is 6.41697s
 INFO: Computing semblance for m0 = 2960
 INFO: Total execution time for kernels is 6.4275s
 INFO: Computing semblance for m0 = 2980
 INFO: Total execution time for kernels is 6.4201s
 INFO: Computing semblance for m0 = 3000
 INFO: Total execution time for kernels is 6.4234s
 INFO: Computing semblance for m0 = 3020
 INFO: Total execution time for kernels is 6.41725s
 INFO: Computing semblance for m0 = 3040
 INFO: Total execution time for kernels is 6.42766s
 INFO: Computing semblance for m0 = 3060
 INFO: Total execution time for kernels is 6.42213s
 INFO: Computing semblance for m0 = 3080
 INFO: Total execution time for kernels is 6.42402s
 INFO: Computing semblance for m0 = 3100
 INFO: Total execution time for kernels is 6.42066s
 INFO: Computing semblance for m0 = 3120
 INFO: Total execution time for kernels is 6.42889s
 INFO: Computing semblance for m0 = 3140
 INFO: Total execution time for kernels is 6.42421s
 INFO: Computing semblance for m0 = 3160
 INFO: Total execution time for kernels is 6.42253s
 INFO: Computing semblance for m0 = 3180
 INFO: Total execution time for kernels is 6.41944s
 INFO: Computing semblance for m0 = 3200
 INFO: Total execution time for kernels is 6.42483s
 INFO: Computing semblance for m0 = 3220
 INFO: Total execution time for kernels is 6.41951s
 INFO: Computing semblance for m0 = 3240
 INFO: Total execution time for kernels is 6.42802s
 INFO: Computing semblance for m0 = 3260
 INFO: Total execution time for kernels is 6.41916s
 INFO: Computing semblance for m0 = 3280
 INFO: Total execution time for kernels is 6.42858s
 INFO: Computing semblance for m0 = 3300
 INFO: Total execution time for kernels is 6.42031s
 INFO: Computing semblance for m0 = 3320
 INFO: Total execution time for kernels is 6.42616s
 INFO: Computing semblance for m0 = 3340
 INFO: Total execution time for kernels is 6.4208s
 INFO: Computing semblance for m0 = 3360
 INFO: Total execution time for kernels is 6.42536s
 INFO: Computing semblance for m0 = 3380
 INFO: Total execution time for kernels is 6.42046s
 INFO: Computing semblance for m0 = 3400
 INFO: Total execution time for kernels is 6.42525s
 INFO: Computing semblance for m0 = 3420
 INFO: Total execution time for kernels is 6.41655s
 INFO: Computing semblance for m0 = 3440
 INFO: Total execution time for kernels is 6.42727s
 INFO: Computing semblance for m0 = 3460
 INFO: Total execution time for kernels is 6.41836s
 INFO: Computing semblance for m0 = 3480
 INFO: Total execution time for kernels is 6.42607s
 INFO: Computing semblance for m0 = 3500
 INFO: Total execution time for kernels is 6.41871s
 INFO: Computing semblance for m0 = 3520
 INFO: Total execution time for kernels is 6.42573s
 INFO: Computing semblance for m0 = 3540
 INFO: Total execution time for kernels is 6.41773s
 INFO: Computing semblance for m0 = 3560
 INFO: Total execution time for kernels is 6.42439s
 INFO: Computing semblance for m0 = 3580
 INFO: Total execution time for kernels is 6.4197s
 INFO: Computing semblance for m0 = 3600
 INFO: Total execution time for kernels is 6.42024s
 INFO: Computing semblance for m0 = 3620
 INFO: Total execution time for kernels is 6.41831s
 INFO: Computing semblance for m0 = 3640
 INFO: Total execution time for kernels is 6.42239s
 INFO: Computing semblance for m0 = 3660
 INFO: Total execution time for kernels is 6.41964s
 INFO: Computing semblance for m0 = 3680
 INFO: Total execution time for kernels is 6.4253s
 INFO: Computing semblance for m0 = 3700
 INFO: Total execution time for kernels is 6.41982s
 INFO: Computing semblance for m0 = 3720
 INFO: Total execution time for kernels is 6.42512s
 INFO: Computing semblance for m0 = 3740
 INFO: Total execution time for kernels is 6.41698s
 INFO: Computing semblance for m0 = 3760
 INFO: Total execution time for kernels is 6.4254s
 INFO: Computing semblance for m0 = 3780
 INFO: Total execution time for kernels is 6.41878s
 INFO: Computing semblance for m0 = 3800
 INFO: Total execution time for kernels is 6.42695s
 INFO: Computing semblance for m0 = 3820
 INFO: Total execution time for kernels is 6.42027s
 INFO: Computing semblance for m0 = 3840
 INFO: Total execution time for kernels is 6.4244s
 INFO: Computing semblance for m0 = 3860
 INFO: Total execution time for kernels is 6.42432s
 INFO: Computing semblance for m0 = 3880
 INFO: Total execution time for kernels is 6.427s
 INFO: Computing semblance for m0 = 3900
 INFO: Total execution time for kernels is 6.41985s
 INFO: Computing semblance for m0 = 3920
 INFO: Total execution time for kernels is 6.42486s
 INFO: Computing semblance for m0 = 3940
 INFO: Total execution time for kernels is 6.42302s
 INFO: Computing semblance for m0 = 3960
 INFO: Total execution time for kernels is 6.42944s
 INFO: Computing semblance for m0 = 3980
 INFO: Total execution time for kernels is 6.41889s
 INFO: Computing semblance for m0 = 4000
 INFO: Total execution time for kernels is 6.42983s
 INFO: Computing semblance for m0 = 4020
 INFO: Total execution time for kernels is 6.42074s
 INFO: Computing semblance for m0 = 4040
 INFO: Total execution time for kernels is 6.43061s
 INFO: Computing semblance for m0 = 4060
 INFO: Total execution time for kernels is 6.42207s
 INFO: Computing semblance for m0 = 4080
 INFO: Total execution time for kernels is 6.42451s
 INFO: Computing semblance for m0 = 4100
 INFO: Total execution time for kernels is 6.4201s
 INFO: Computing semblance for m0 = 4120
 INFO: Total execution time for kernels is 6.42357s
 INFO: Computing semblance for m0 = 4140
 INFO: Total execution time for kernels is 6.42625s
 INFO: Computing semblance for m0 = 4160
 INFO: Total execution time for kernels is 6.42749s
 INFO: Computing semblance for m0 = 4180
 INFO: Total execution time for kernels is 6.41946s
 INFO: Computing semblance for m0 = 4200
 INFO: Total execution time for kernels is 6.42722s
 INFO: Computing semblance for m0 = 4220
 INFO: Total execution time for kernels is 6.41921s
 INFO: Computing semblance for m0 = 4240
 INFO: Total execution time for kernels is 6.42697s
 INFO: Computing semblance for m0 = 4260
 INFO: Total execution time for kernels is 6.41855s
 INFO: Computing semblance for m0 = 4280
 INFO: Total execution time for kernels is 6.42337s
 INFO: Computing semblance for m0 = 4300
 INFO: Total execution time for kernels is 6.42491s
 INFO: Computing semblance for m0 = 4320
 INFO: Total execution time for kernels is 6.43048s
 INFO: Computing semblance for m0 = 4340
 INFO: Total execution time for kernels is 6.4158s
 INFO: Computing semblance for m0 = 4360
 INFO: Total execution time for kernels is 6.42463s
 INFO: Computing semblance for m0 = 4380
 INFO: Total execution time for kernels is 6.41902s
 INFO: Computing semblance for m0 = 4400
 INFO: Total execution time for kernels is 6.42173s
 INFO: Computing semblance for m0 = 4420
 INFO: Total execution time for kernels is 6.41846s
 INFO: Computing semblance for m0 = 4440
 INFO: Total execution time for kernels is 6.42522s
 INFO: Computing semblance for m0 = 4460
 INFO: Total execution time for kernels is 6.42314s
 INFO: Computing semblance for m0 = 4480
 INFO: Total execution time for kernels is 6.4242s
 INFO: Computing semblance for m0 = 4500
 INFO: Total execution time for kernels is 6.41878s
 INFO: Computing semblance for m0 = 4520
 INFO: Total execution time for kernels is 6.42948s
 INFO: Computing semblance for m0 = 4540
 INFO: Total execution time for kernels is 6.41588s
 INFO: Computing semblance for m0 = 4560
 INFO: Total execution time for kernels is 6.42336s
 INFO: Computing semblance for m0 = 4580
 INFO: Total execution time for kernels is 6.42151s
 INFO: Computing semblance for m0 = 4600
 INFO: Total execution time for kernels is 6.42082s
 INFO: Computing semblance for m0 = 4620
 INFO: Total execution time for kernels is 6.42088s
 INFO: Computing semblance for m0 = 4640
 INFO: Total execution time for kernels is 6.42619s
 INFO: Computing semblance for m0 = 4660
 INFO: Total execution time for kernels is 6.41596s
 INFO: Computing semblance for m0 = 4680
 INFO: Total execution time for kernels is 6.42288s
 INFO: Computing semblance for m0 = 4700
 INFO: Total execution time for kernels is 6.41604s
 INFO: Computing semblance for m0 = 4720
 INFO: Total execution time for kernels is 6.42685s
 INFO: Computing semblance for m0 = 4740
 INFO: Total execution time for kernels is 6.42078s
 INFO: Computing semblance for m0 = 4760
 INFO: Total execution time for kernels is 6.42628s
 INFO: Computing semblance for m0 = 4780
 INFO: Total execution time for kernels is 6.42307s
 INFO: Computing semblance for m0 = 4800
 INFO: Total execution time for kernels is 6.42415s
 INFO: Computing semblance for m0 = 4820
 INFO: Total execution time for kernels is 6.41913s
 INFO: Computing semblance for m0 = 4840
 INFO: Total execution time for kernels is 6.42833s
 INFO: Computing semblance for m0 = 4860
 INFO: Total execution time for kernels is 6.42412s
 INFO: Computing semblance for m0 = 4880
 INFO: Total execution time for kernels is 6.42788s
 INFO: Computing semblance for m0 = 4900
 INFO: Total execution time for kernels is 6.41678s
 INFO: Computing semblance for m0 = 4920
 INFO: Total execution time for kernels is 6.4309s
 INFO: Computing semblance for m0 = 4940
 INFO: Total execution time for kernels is 6.41918s
 INFO: Computing semblance for m0 = 4960
 INFO: Total execution time for kernels is 6.42806s
 INFO: Computing semblance for m0 = 4980
 INFO: Total execution time for kernels is 6.41943s
 INFO: Computing semblance for m0 = 5000
 INFO: Total execution time for kernels is 6.42206s
 INFO: Computing semblance for m0 = 5020
 INFO: Total execution time for kernels is 6.41612s
 INFO: Computing semblance for m0 = 5040
 INFO: Total execution time for kernels is 6.42689s
 INFO: Computing semblance for m0 = 5060
 INFO: Total execution time for kernels is 6.41514s
 INFO: Computing semblance for m0 = 5080
 INFO: Total execution time for kernels is 6.42127s
 INFO: Computing semblance for m0 = 5100
 INFO: Total execution time for kernels is 6.41498s
 INFO: Computing semblance for m0 = 5120
 INFO: Total execution time for kernels is 6.42764s
 INFO: Computing semblance for m0 = 5140
 INFO: Total execution time for kernels is 6.41477s
 INFO: Computing semblance for m0 = 5160
 INFO: Total execution time for kernels is 6.42168s
 INFO: Computing semblance for m0 = 5180
 INFO: Total execution time for kernels is 6.41454s
 INFO: Computing semblance for m0 = 5200
 INFO: Total execution time for kernels is 6.4211s
 INFO: Computing semblance for m0 = 5220
 INFO: Total execution time for kernels is 6.41041s
 INFO: Computing semblance for m0 = 5240
 INFO: Total execution time for kernels is 6.41447s
 INFO: Computing semblance for m0 = 5260
 INFO: Total execution time for kernels is 6.41367s
 INFO: Computing semblance for m0 = 5280
 INFO: Total execution time for kernels is 6.41736s
 INFO: Computing semblance for m0 = 5300
 INFO: Total execution time for kernels is 6.41387s
 INFO: Computing semblance for m0 = 5320
 INFO: Total execution time for kernels is 6.40916s
 INFO: Computing semblance for m0 = 5340
 INFO: Total execution time for kernels is 6.40927s
 INFO: Computing semblance for m0 = 5360
 INFO: Total execution time for kernels is 6.40852s
 INFO: Computing semblance for m0 = 5380
 INFO: Total execution time for kernels is 6.40927s
 INFO: Computing semblance for m0 = 5400
 INFO: Total execution time for kernels is 6.41248s
 INFO: Computing semblance for m0 = 5420
 INFO: Total execution time for kernels is 6.40765s
 INFO: Computing semblance for m0 = 5440
 INFO: Total execution time for kernels is 6.40779s
 INFO: Computing semblance for m0 = 5460
 INFO: Total execution time for kernels is 6.40809s
 INFO: Computing semblance for m0 = 5480
 INFO: Total execution time for kernels is 6.41279s
 INFO: Computing semblance for m0 = 5500
 INFO: Total execution time for kernels is 6.41281s
 INFO: Computing semblance for m0 = 5520
 INFO: Total execution time for kernels is 6.41903s
 INFO: Computing semblance for m0 = 5540
 INFO: Total execution time for kernels is 6.41611s
 INFO: Computing semblance for m0 = 5560
 INFO: Total execution time for kernels is 6.41791s
 INFO: Computing semblance for m0 = 5580
 INFO: Total execution time for kernels is 6.41636s
 INFO: Computing semblance for m0 = 5600
 INFO: Total execution time for kernels is 6.41884s
 INFO: Computing semblance for m0 = 5620
 INFO: Total execution time for kernels is 6.41518s
 INFO: Computing semblance for m0 = 5640
 INFO: Total execution time for kernels is 6.41853s
 INFO: Computing semblance for m0 = 5660
 INFO: Total execution time for kernels is 6.41123s
 INFO: Computing semblance for m0 = 5680
 INFO: Total execution time for kernels is 6.41523s
 INFO: Computing semblance for m0 = 5700
 INFO: Total execution time for kernels is 6.41445s
 INFO: Computing semblance for m0 = 5720
 INFO: Total execution time for kernels is 6.41732s
 INFO: Computing semblance for m0 = 5740
 INFO: Total execution time for kernels is 6.41355s
 INFO: Computing semblance for m0 = 5760
 INFO: Total execution time for kernels is 6.42418s
 INFO: Computing semblance for m0 = 5780
 INFO: Total execution time for kernels is 6.4135s
 INFO: Computing semblance for m0 = 5800
 INFO: Total execution time for kernels is 6.41541s
 INFO: Computing semblance for m0 = 5820
 INFO: Total execution time for kernels is 6.41243s
 INFO: Computing semblance for m0 = 5840
 INFO: Total execution time for kernels is 6.41442s
 INFO: Computing semblance for m0 = 5860
 INFO: Total execution time for kernels is 6.41229s
 INFO: Computing semblance for m0 = 5880
 INFO: Total execution time for kernels is 6.41993s
 INFO: Computing semblance for m0 = 5900
 INFO: Total execution time for kernels is 6.41451s
 INFO: Computing semblance for m0 = 5920
 INFO: Total execution time for kernels is 6.41648s
 INFO: Computing semblance for m0 = 5940
 INFO: Total execution time for kernels is 6.41779s
 INFO: Computing semblance for m0 = 5960
 INFO: Total execution time for kernels is 6.4209s
 INFO: Computing semblance for m0 = 5980
 INFO: Total execution time for kernels is 6.41655s
 INFO: Computing semblance for m0 = 6000
 INFO: Total execution time for kernels is 6.41982s
 INFO: Computing semblance for m0 = 6020
 INFO: Total execution time for kernels is 6.41698s
 INFO: Computing semblance for m0 = 6040
 INFO: Total execution time for kernels is 6.42293s
 INFO: Computing semblance for m0 = 6060
 INFO: Total execution time for kernels is 6.41812s
 INFO: Computing semblance for m0 = 6080
 INFO: Total execution time for kernels is 6.42522s
 INFO: Computing semblance for m0 = 6100
 INFO: Total execution time for kernels is 6.41367s
 INFO: Computing semblance for m0 = 6120
 INFO: Total execution time for kernels is 6.42164s
 INFO: Computing semblance for m0 = 6140
 INFO: Total execution time for kernels is 6.41664s
 INFO: Computing semblance for m0 = 6160
 INFO: Total execution time for kernels is 6.42399s
 INFO: Computing semblance for m0 = 6180
 INFO: Total execution time for kernels is 6.4158s
 INFO: Computing semblance for m0 = 6200
 INFO: Total execution time for kernels is 6.41468s
 INFO: Computing semblance for m0 = 6220
 INFO: Total execution time for kernels is 6.40312s
 INFO: Computing semblance for m0 = 6240
 INFO: Total execution time for kernels is 6.4107s
 INFO: Computing semblance for m0 = 6260
 INFO: Total execution time for kernels is 6.40289s
 INFO: Computing semblance for m0 = 6280
 INFO: Total execution time for kernels is 6.40933s
 INFO: Computing semblance for m0 = 6300
 INFO: Total execution time for kernels is 6.40203s
 INFO: Computing semblance for m0 = 6320
 INFO: Total execution time for kernels is 6.40627s
 INFO: Computing semblance for m0 = 6340
 INFO: Total execution time for kernels is 6.40055s
 INFO: Computing semblance for m0 = 6360
 INFO: Total execution time for kernels is 6.40845s
 INFO: Computing semblance for m0 = 6380
 INFO: Total execution time for kernels is 6.40577s
 INFO: Computing semblance for m0 = 6400
 INFO: Total execution time for kernels is 6.4066s
 INFO: Computing semblance for m0 = 6420
 INFO: Total execution time for kernels is 6.4106s
 INFO: Computing semblance for m0 = 6440
 INFO: Total execution time for kernels is 6.41754s
 INFO: Computing semblance for m0 = 6460
 INFO: Total execution time for kernels is 6.41781s
 INFO: Computing semblance for m0 = 6480
 INFO: Total execution time for kernels is 6.42021s
 INFO: Computing semblance for m0 = 6500
 INFO: Total execution time for kernels is 6.40973s
 INFO: Computing semblance for m0 = 6520
 INFO: Total execution time for kernels is 6.4198s
 INFO: Computing semblance for m0 = 6540
 INFO: Total execution time for kernels is 6.41644s
 INFO: Computing semblance for m0 = 6560
 INFO: Total execution time for kernels is 6.4183s
 INFO: Computing semblance for m0 = 6580
 INFO: Total execution time for kernels is 6.41325s
 INFO: Computing semblance for m0 = 6600
 INFO: Total execution time for kernels is 6.41764s
 INFO: Computing semblance for m0 = 6620
 INFO: Total execution time for kernels is 6.41151s
 INFO: Computing semblance for m0 = 6640
 INFO: Total execution time for kernels is 6.41279s
 INFO: Computing semblance for m0 = 6660
 INFO: Total execution time for kernels is 6.41007s
 INFO: Computing semblance for m0 = 6680
 INFO: Total execution time for kernels is 6.40893s
 INFO: Computing semblance for m0 = 6700
 INFO: Total execution time for kernels is 6.40674s
 INFO: Computing semblance for m0 = 6720
 INFO: Total execution time for kernels is 6.41054s
 INFO: Computing semblance for m0 = 6740
 INFO: Total execution time for kernels is 6.41421s
 INFO: Computing semblance for m0 = 6760
 INFO: Total execution time for kernels is 6.41791s
 INFO: Computing semblance for m0 = 6780
 INFO: Total execution time for kernels is 6.41087s
 INFO: Computing semblance for m0 = 6800
 INFO: Total execution time for kernels is 6.42028s
 INFO: Computing semblance for m0 = 6820
 INFO: Total execution time for kernels is 6.41631s
 INFO: Computing semblance for m0 = 6840
 INFO: Total execution time for kernels is 6.41793s
 INFO: Computing semblance for m0 = 6860
 INFO: Total execution time for kernels is 6.41255s
 INFO: Computing semblance for m0 = 6880
 INFO: Total execution time for kernels is 6.41964s
 INFO: Computing semblance for m0 = 6900
 INFO: Total execution time for kernels is 6.41284s
 INFO: Computing semblance for m0 = 6920
 INFO: Total execution time for kernels is 6.42058s
 INFO: Computing semblance for m0 = 6940
 INFO: Total execution time for kernels is 6.41251s
 INFO: Computing semblance for m0 = 6960
 INFO: Total execution time for kernels is 6.4224s
 INFO: Computing semblance for m0 = 6980
 INFO: Total execution time for kernels is 6.41424s
 INFO: Computing semblance for m0 = 7000
 INFO: Total execution time for kernels is 6.42024s
 INFO: Computing semblance for m0 = 7020
 INFO: Total execution time for kernels is 6.4139s
 INFO: Computing semblance for m0 = 7040
 INFO: Total execution time for kernels is 6.42143s
 INFO: Computing semblance for m0 = 7060
 INFO: Total execution time for kernels is 6.41716s
 INFO: Computing semblance for m0 = 7080
 INFO: Total execution time for kernels is 6.42391s
 INFO: Computing semblance for m0 = 7100
 INFO: Total execution time for kernels is 6.41974s
 INFO: Computing semblance for m0 = 7120
 INFO: Total execution time for kernels is 6.42254s
 INFO: Computing semblance for m0 = 7140
 INFO: Total execution time for kernels is 6.42022s
 INFO: Computing semblance for m0 = 7160
 INFO: Total execution time for kernels is 6.42321s
 INFO: Computing semblance for m0 = 7180
 INFO: Total execution time for kernels is 6.42136s
 INFO: Computing semblance for m0 = 7200
 INFO: Total execution time for kernels is 6.42657s
 INFO: Computing semblance for m0 = 7220
 INFO: Total execution time for kernels is 6.42194s
 INFO: Computing semblance for m0 = 7240
 INFO: Total execution time for kernels is 6.42864s
 INFO: Computing semblance for m0 = 7260
 INFO: Total execution time for kernels is 6.42279s
 INFO: Computing semblance for m0 = 7280
 INFO: Total execution time for kernels is 6.42796s
 INFO: Computing semblance for m0 = 7300
 INFO: Total execution time for kernels is 6.41641s
 INFO: Computing semblance for m0 = 7320
 INFO: Total execution time for kernels is 6.42783s
 INFO: Computing semblance for m0 = 7340
 INFO: Total execution time for kernels is 6.42099s
 INFO: Computing semblance for m0 = 7360
 INFO: Total execution time for kernels is 6.42769s
 INFO: Computing semblance for m0 = 7380
 INFO: Total execution time for kernels is 6.41949s
 INFO: Computing semblance for m0 = 7400
 INFO: Total execution time for kernels is 6.42679s
 INFO: Computing semblance for m0 = 7420
 INFO: Total execution time for kernels is 6.42165s
 INFO: Computing semblance for m0 = 7440
 INFO: Total execution time for kernels is 6.42678s
 INFO: Computing semblance for m0 = 7460
 INFO: Total execution time for kernels is 6.42526s
 INFO: Computing semblance for m0 = 7480
 INFO: Total execution time for kernels is 6.42814s
 INFO: Computing semblance for m0 = 7500
 INFO: Total execution time for kernels is 6.4218s
 INFO: Computing semblance for m0 = 7520
 INFO: Total execution time for kernels is 6.42771s
 INFO: Computing semblance for m0 = 7540
 INFO: Total execution time for kernels is 6.42795s
 INFO: Computing semblance for m0 = 7560
 INFO: Total execution time for kernels is 6.42915s
 INFO: Computing semblance for m0 = 7580
 INFO: Total execution time for kernels is 6.42548s
 INFO: Computing semblance for m0 = 7600
 INFO: Total execution time for kernels is 6.42371s
 INFO: Computing semblance for m0 = 7620
 INFO: Total execution time for kernels is 6.42254s
 INFO: Computing semblance for m0 = 7640
 INFO: Total execution time for kernels is 6.42567s
 INFO: Computing semblance for m0 = 7660
 INFO: Total execution time for kernels is 6.41561s
 INFO: Computing semblance for m0 = 7680
 INFO: Total execution time for kernels is 6.41969s
 INFO: Computing semblance for m0 = 7700
 INFO: Total execution time for kernels is 6.42291s
 INFO: Computing semblance for m0 = 7720
 INFO: Total execution time for kernels is 6.42312s
 INFO: Computing semblance for m0 = 7740
 INFO: Total execution time for kernels is 6.41908s
 INFO: Computing semblance for m0 = 7760
 INFO: Total execution time for kernels is 6.42033s
 INFO: Computing semblance for m0 = 7780
 INFO: Total execution time for kernels is 6.41746s
 INFO: Computing semblance for m0 = 7800
 INFO: Total execution time for kernels is 6.42283s
 INFO: Computing semblance for m0 = 7820
 INFO: Total execution time for kernels is 6.41595s
 INFO: Computing semblance for m0 = 7840
 INFO: Total execution time for kernels is 6.42121s
 INFO: Computing semblance for m0 = 7860
 INFO: Total execution time for kernels is 6.42239s
 INFO: Computing semblance for m0 = 7880
 INFO: Total execution time for kernels is 6.42706s
 INFO: Computing semblance for m0 = 7900
 INFO: Total execution time for kernels is 6.42005s
 INFO: Computing semblance for m0 = 7920
 INFO: Total execution time for kernels is 6.42842s
 INFO: Computing semblance for m0 = 7940
 INFO: Total execution time for kernels is 6.41817s
 INFO: Computing semblance for m0 = 7960
 INFO: Total execution time for kernels is 6.42913s
 INFO: Computing semblance for m0 = 7980
 INFO: Total execution time for kernels is 6.42396s
 INFO: Computing semblance for m0 = 8000
 INFO: Total execution time for kernels is 6.42855s
 INFO: Computing semblance for m0 = 8020
 INFO: Total execution time for kernels is 6.41889s
 INFO: Computing semblance for m0 = 8040
 INFO: Total execution time for kernels is 6.42432s
 INFO: Computing semblance for m0 = 8060
 INFO: Total execution time for kernels is 6.42521s
 INFO: Computing semblance for m0 = 8080
 INFO: Total execution time for kernels is 6.42439s
 INFO: Computing semblance for m0 = 8100
 INFO: Total execution time for kernels is 6.42147s
 INFO: Computing semblance for m0 = 8120
 INFO: Total execution time for kernels is 6.42942s
 INFO: Computing semblance for m0 = 8140
 INFO: Total execution time for kernels is 6.41935s
 INFO: Computing semblance for m0 = 8160
 INFO: Total execution time for kernels is 6.42986s
 INFO: Computing semblance for m0 = 8180
 INFO: Total execution time for kernels is 6.41665s
 INFO: Computing semblance for m0 = 8200
 INFO: Total execution time for kernels is 6.42993s
 INFO: Computing semblance for m0 = 8220
 INFO: Total execution time for kernels is 6.4217s
 INFO: Computing semblance for m0 = 8240
 INFO: Total execution time for kernels is 6.4274s
 INFO: Computing semblance for m0 = 8260
 INFO: Total execution time for kernels is 6.41774s
 INFO: Computing semblance for m0 = 8280
 INFO: Total execution time for kernels is 6.42485s
 INFO: Computing semblance for m0 = 8300
 INFO: Total execution time for kernels is 6.41689s
 INFO: Computing semblance for m0 = 8320
 INFO: Total execution time for kernels is 6.4064s
 INFO: Computing semblance for m0 = 8340
 INFO: Total execution time for kernels is 6.40451s
 INFO: Computing semblance for m0 = 8360
 INFO: Total execution time for kernels is 6.40775s
 INFO: Computing semblance for m0 = 8380
 INFO: Total execution time for kernels is 6.40265s
 INFO: Computing semblance for m0 = 8400
 INFO: Total execution time for kernels is 6.40771s
 INFO: Computing semblance for m0 = 8420
 INFO: Total execution time for kernels is 6.4076s
 INFO: Computing semblance for m0 = 8440
 INFO: Total execution time for kernels is 6.40984s
 INFO: Computing semblance for m0 = 8460
 INFO: Total execution time for kernels is 6.40521s
 INFO: Computing semblance for m0 = 8480
 INFO: Total execution time for kernels is 6.40897s
 INFO: Computing semblance for m0 = 8500
 INFO: Total execution time for kernels is 6.39868s
 INFO: Computing semblance for m0 = 8520
 INFO: Total execution time for kernels is 6.40985s
 INFO: Computing semblance for m0 = 8540
 INFO: Total execution time for kernels is 6.40317s
 INFO: Computing semblance for m0 = 8560
 INFO: Total execution time for kernels is 6.40792s
 INFO: Computing semblance for m0 = 8580
 INFO: Total execution time for kernels is 6.4086s
 INFO: Computing semblance for m0 = 8600
 INFO: Total execution time for kernels is 6.42298s
 INFO: Computing semblance for m0 = 8620
 INFO: Total execution time for kernels is 6.41616s
 INFO: Computing semblance for m0 = 8640
 INFO: Total execution time for kernels is 6.42475s
 INFO: Computing semblance for m0 = 8660
 INFO: Total execution time for kernels is 6.41916s
 INFO: Computing semblance for m0 = 8680
 INFO: Total execution time for kernels is 6.42317s
 INFO: Computing semblance for m0 = 8700
 INFO: Total execution time for kernels is 6.41089s
 INFO: Computing semblance for m0 = 8720
 INFO: Total execution time for kernels is 6.42488s
 INFO: Computing semblance for m0 = 8740
 INFO: Total execution time for kernels is 6.42008s
 INFO: Computing semblance for m0 = 8760
 INFO: Total execution time for kernels is 6.42222s
 INFO: Computing semblance for m0 = 8780
 INFO: Total execution time for kernels is 6.41767s
 INFO: Computing semblance for m0 = 8800
 INFO: Total execution time for kernels is 6.42566s
 INFO: Computing semblance for m0 = 8820
 INFO: Total execution time for kernels is 6.41937s
 INFO: Computing semblance for m0 = 8840
 INFO: Total execution time for kernels is 6.42458s
 INFO: Computing semblance for m0 = 8860
 INFO: Total execution time for kernels is 6.41392s
 INFO: Computing semblance for m0 = 8880
 INFO: Total execution time for kernels is 6.4228s
 INFO: Computing semblance for m0 = 8900
 INFO: Total execution time for kernels is 6.41859s
 INFO: Computing semblance for m0 = 8920
 INFO: Total execution time for kernels is 6.4231s
 INFO: Computing semblance for m0 = 8940
 INFO: Total execution time for kernels is 6.39173s
 INFO: Computing semblance for m0 = 8960
 INFO: Total execution time for kernels is 6.3836s
 INFO: Computing semblance for m0 = 8980
 INFO: Total execution time for kernels is 6.335s
 INFO: Computing semblance for m0 = 9000
 INFO: Total execution time for kernels is 6.29832s
 INFO: Computing semblance for m0 = 9020
 INFO: Total execution time for kernels is 6.24145s
 INFO: Computing semblance for m0 = 9040
 INFO: Total execution time for kernels is 6.17934s
 INFO: Computing semblance for m0 = 9060
 INFO: Total execution time for kernels is 6.10289s
 INFO: Computing semblance for m0 = 9080
 INFO: Total execution time for kernels is 6.03454s
 INFO: Computing semblance for m0 = 9100
 INFO: Total execution time for kernels is 5.93716s
 INFO: Computing semblance for m0 = 9120
 INFO: Total execution time for kernels is 5.84701s
 INFO: Computing semblance for m0 = 9140
 INFO: Total execution time for kernels is 5.73511s
 INFO: Computing semblance for m0 = 9160
 INFO: Total execution time for kernels is 5.6272s
 INFO: Computing semblance for m0 = 9180
 INFO: Total execution time for kernels is 5.48807s
 INFO: Computing semblance for m0 = 9200
 INFO: Total execution time for kernels is 5.36184s
 INFO: Computing semblance for m0 = 9220
 INFO: Total execution time for kernels is 5.20961s
 INFO: Computing semblance for m0 = 9240
 INFO: Total execution time for kernels is 5.07768s
 INFO: Computing semblance for m0 = 9260
 INFO: Total execution time for kernels is 4.92931s
 INFO: Computing semblance for m0 = 9280
 INFO: Total execution time for kernels is 4.79988s
 INFO: Computing semblance for m0 = 9300
 INFO: Total execution time for kernels is 4.64418s
 INFO: Computing semblance for m0 = 9320
 INFO: Total execution time for kernels is 4.51094s
 INFO: Computing semblance for m0 = 9340
 INFO: Total execution time for kernels is 4.35761s
 INFO: Computing semblance for m0 = 9360
 INFO: Total execution time for kernels is 4.22789s
 INFO: Computing semblance for m0 = 9380
 INFO: Total execution time for kernels is 4.07404s
 INFO: Computing semblance for m0 = 9400
 INFO: Total execution time for kernels is 3.94536s
 INFO: Computing semblance for m0 = 9420
 INFO: Total execution time for kernels is 3.79361s
 INFO: Computing semblance for m0 = 9440
 INFO: Total execution time for kernels is 3.66547s
 INFO: Computing semblance for m0 = 9460
 INFO: Total execution time for kernels is 3.51254s
 INFO: Computing semblance for m0 = 9480
 INFO: Total execution time for kernels is 3.38011s
 INFO: Computing semblance for m0 = 9500
 INFO: Total execution time for kernels is 3.23316s
 INFO: Computing semblance for m0 = 9520
 INFO: Total execution time for kernels is 3.10344s
 INFO: Computing semblance for m0 = 9540
 INFO: Total execution time for kernels is 2.95494s
 INFO: Computing semblance for m0 = 9560
 INFO: Total execution time for kernels is 2.82477s
 INFO: Computing semblance for m0 = 9580
 INFO: Total execution time for kernels is 2.67228s
 INFO: Computing semblance for m0 = 9600
 INFO: Total execution time for kernels is 2.54646s
 INFO: Computing semblance for m0 = 9620
 INFO: Total execution time for kernels is 2.3974s
 INFO: Computing semblance for m0 = 9640
 INFO: Total execution time for kernels is 2.26932s
 INFO: Computing semblance for m0 = 9660
 INFO: Total execution time for kernels is 2.12131s
 INFO: Computing semblance for m0 = 9680
 INFO: Total execution time for kernels is 1.99775s
 INFO: Computing semblance for m0 = 9700
 INFO: Total execution time for kernels is 1.8658s
 INFO: Computing semblance for m0 = 9720
 INFO: Total execution time for kernels is 1.72021s
 INFO: Computing semblance for m0 = 9740
 INFO: Total execution time for kernels is 1.58437s
 INFO: Computing semblance for m0 = 9760
 INFO: Total execution time for kernels is 1.44924s
 INFO: Computing semblance for m0 = 9780
 INFO: Total execution time for kernels is 1.30408s
 INFO: Computing semblance for m0 = 9800
 INFO: Total execution time for kernels is 1.17679s
 INFO: Computing semblance for m0 = 9820
 INFO: Total execution time for kernels is 1.03359s
 INFO: Computing semblance for m0 = 9840
 INFO: Total execution time for kernels is 0.908345s
 INFO: Computing semblance for m0 = 9860
 INFO: Total execution time for kernels is 0.784413s
 INFO: Computing semblance for m0 = 9880
 INFO: Total execution time for kernels is 0.679563s
 INFO: Computing semblance for m0 = 9900
 INFO: Total execution time for kernels is 0.57265s
 INFO: Computing semblance for m0 = 9920
 INFO: Total execution time for kernels is 0.483731s
 INFO: Computing semblance for m0 = 9940
 INFO: Total execution time for kernels is 0.399109s
 INFO: Average of efficiency is 1
 INFO: Average of interpolations_per_sec is 2.55201e+10
 INFO: Average of selected_traces is 309.888
 INFO: Average of total_selection_kernel_exec_time is 0.00648287
 INFO: Average of total_kernel_exec_time is 5.76102
 INFO: Results written to /home/ubuntu/nfs/out/dcea037_master_p2.xlarge/zocrs/greedy/cuda/simple-synthetic_2/simple-synthetic_greedy_zocrs_20210216_2144/
 INFO: It took 2623.69s to compute.
