2020-12-30 17:14:09,544 - Thread-1 - WARNING - Error loading the list of task managers from the file ./nodes.txt
2020-12-30 17:14:09,544 - Thread-1 - WARNING - Error loading the list of task managers from the file ./nodes.txt
2020-12-30 17:14:09,544 - NetworkListener - INFO - Listening to network at 0.0.0.0:7726...
2020-12-30 17:14:09,544 - MainThread - INFO - Running module...
2020-12-30 17:14:09,545 - MainThread - INFO - Starting job manager JobManager-4572 for job 1...
2020-12-30 17:14:10,337 - Thread-2 - INFO - Job manager running...
2020-12-30 17:14:10,337 - MainThread - INFO - Starting committer for job 1...
2020-12-30 17:14:10,338 - Thread-2 - WARNING - Error loading the list of task managers from the file ./nodes.txt
2020-12-30 17:14:10,338 - Thread-2 - WARNING - Error loading the list of task managers from the file ./nodes.txt
2020-12-30 17:14:10,365 - Thread-3 - INFO - Committer running...
2020-12-30 17:14:10,365 - Thread-3 - WARNING - Error loading the list of task managers from the file ./nodes.txt
2020-12-30 17:14:10,365 - Thread-3 - WARNING - Error loading the list of task managers from the file ./nodes.txt
2020-12-30 17:14:12,340 - Thread-2 - WARNING - Error loading the list of task managers from the file ./nodes.txt
2020-12-30 17:14:12,367 - Thread-3 - WARNING - Error loading the list of task managers from the file ./nodes.txt
2020-12-30 17:14:14,343 - Thread-2 - WARNING - Error loading the list of task managers from the file ./nodes.txt
2020-12-30 17:14:14,370 - Thread-3 - WARNING - Error loading the list of task managers from the file ./nodes.txt
2020-12-30 17:14:16,345 - Thread-2 - WARNING - Error loading the list of task managers from the file ./nodes.txt
2020-12-30 17:14:16,372 - Thread-3 - WARNING - Error loading the list of task managers from the file ./nodes.txt
2020-12-30 17:14:18,348 - Thread-2 - WARNING - Error loading the list of task managers from the file ./nodes.txt
2020-12-30 17:14:18,374 - Thread-3 - WARNING - Error loading the list of task managers from the file ./nodes.txt
2020-12-30 17:14:19,554 - Thread-1 - WARNING - Error loading the list of task managers from the file ./nodes.txt
2020-12-30 17:14:20,350 - Thread-2 - WARNING - Error loading the list of task managers from the file ./nodes.txt
2020-12-30 17:14:20,377 - Thread-3 - WARNING - Error loading the list of task managers from the file ./nodes.txt
2020-12-30 17:14:22,352 - Thread-2 - WARNING - Error loading the list of task managers from the file ./nodes.txt
2020-12-30 17:14:22,377 - Thread-3 - WARNING - Error loading the list of task managers from the file ./nodes.txt
2020-12-30 17:14:24,355 - Thread-2 - WARNING - Error loading the list of task managers from the file ./nodes.txt
2020-12-30 17:14:24,380 - Thread-3 - WARNING - Error loading the list of task managers from the file ./nodes.txt
2020-12-30 17:14:26,357 - Thread-2 - WARNING - Error loading the list of task managers from the file ./nodes.txt
2020-12-30 17:14:26,381 - Thread-3 - WARNING - Error loading the list of task managers from the file ./nodes.txt
2020-12-30 17:14:28,360 - Thread-2 - WARNING - Error loading the list of task managers from the file ./nodes.txt
2020-12-30 17:14:28,384 - Thread-3 - WARNING - Error loading the list of task managers from the file ./nodes.txt
2020-12-30 17:14:29,383 - Thread-1 - WARNING - Error loading the list of task managers from the file ./nodes.txt
2020-12-30 17:14:30,362 - Thread-2 - WARNING - Error loading the list of task managers from the file ./nodes.txt
2020-12-30 17:14:30,386 - Thread-3 - WARNING - Error loading the list of task managers from the file ./nodes.txt
2020-12-30 17:14:32,365 - Thread-2 - WARNING - Error loading the list of task managers from the file ./nodes.txt
2020-12-30 17:14:32,389 - Thread-3 - WARNING - Error loading the list of task managers from the file ./nodes.txt
2020-12-30 17:14:34,367 - Thread-2 - WARNING - Error loading the list of task managers from the file ./nodes.txt
2020-12-30 17:14:34,419 - Thread-3 - WARNING - Error loading the list of task managers from the file ./nodes.txt
2020-12-30 17:14:36,370 - Thread-2 - WARNING - Error loading the list of task managers from the file ./nodes.txt
2020-12-30 17:14:36,421 - Thread-3 - WARNING - Error loading the list of task managers from the file ./nodes.txt
2020-12-30 17:14:38,372 - Thread-2 - WARNING - Error loading the list of task managers from the file ./nodes.txt
2020-12-30 17:14:38,424 - Thread-3 - WARNING - Error loading the list of task managers from the file ./nodes.txt
2020-12-30 17:14:39,390 - Thread-1 - WARNING - Error loading the list of task managers from the file ./nodes.txt
2020-12-30 17:14:40,374 - Thread-2 - WARNING - Error loading the list of task managers from the file ./nodes.txt
2020-12-30 17:14:40,426 - Thread-3 - WARNING - Error loading the list of task managers from the file ./nodes.txt
2020-12-30 17:14:42,377 - Thread-2 - WARNING - Error loading the list of task managers from the file ./nodes.txt
2020-12-30 17:14:42,429 - Thread-3 - WARNING - Error loading the list of task managers from the file ./nodes.txt
2020-12-30 17:14:44,379 - Thread-2 - WARNING - Error loading the list of task managers from the file ./nodes.txt
2020-12-30 17:14:44,431 - Thread-3 - WARNING - Error loading the list of task managers from the file ./nodes.txt
2020-12-30 17:14:46,389 - Thread-2 - WARNING - Error loading the list of task managers from the file ./nodes.txt
2020-12-30 17:14:46,436 - Thread-3 - WARNING - Error loading the list of task managers from the file ./nodes.txt
2020-12-30 17:14:48,397 - Thread-2 - WARNING - Error loading the list of task managers from the file ./nodes.txt
2020-12-30 17:14:48,442 - Thread-3 - WARNING - Error loading the list of task managers from the file ./nodes.txt
2020-12-30 17:14:49,395 - Thread-1 - WARNING - Error loading the list of task managers from the file ./nodes.txt
2020-12-30 17:14:50,404 - Thread-2 - WARNING - Error loading the list of task managers from the file ./nodes.txt
2020-12-30 17:14:50,460 - Thread-3 - WARNING - Error loading the list of task managers from the file ./nodes.txt
2020-12-30 17:14:52,412 - Thread-2 - WARNING - Error loading the list of task managers from the file ./nodes.txt
2020-12-30 17:14:52,473 - Thread-3 - WARNING - Error loading the list of task managers from the file ./nodes.txt
2020-12-30 17:14:54,420 - Thread-2 - WARNING - Error loading the list of task managers from the file ./nodes.txt
2020-12-30 17:14:54,485 - Thread-3 - WARNING - Error loading the list of task managers from the file ./nodes.txt
2020-12-30 17:14:56,427 - Thread-2 - WARNING - Error loading the list of task managers from the file ./nodes.txt
2020-12-30 17:14:56,497 - Thread-3 - WARNING - Error loading the list of task managers from the file ./nodes.txt
2020-12-30 17:14:58,434 - Thread-2 - WARNING - Error loading the list of task managers from the file ./nodes.txt
2020-12-30 17:14:58,509 - Thread-3 - WARNING - Error loading the list of task managers from the file ./nodes.txt
2020-12-30 17:14:59,386 - Thread-1 - WARNING - Error loading the list of task managers from the file ./nodes.txt
2020-12-30 17:15:00,441 - Thread-2 - WARNING - Error loading the list of task managers from the file ./nodes.txt
2020-12-30 17:15:00,523 - Thread-3 - WARNING - Error loading the list of task managers from the file ./nodes.txt
2020-12-30 17:15:02,449 - Thread-2 - WARNING - Error loading the list of task managers from the file ./nodes.txt
2020-12-30 17:15:02,535 - Thread-3 - WARNING - Error loading the list of task managers from the file ./nodes.txt
2020-12-30 17:15:04,456 - Thread-2 - WARNING - Error loading the list of task managers from the file ./nodes.txt
2020-12-30 17:15:04,549 - Thread-3 - WARNING - Error loading the list of task managers from the file ./nodes.txt
2020-12-30 17:15:06,464 - Thread-2 - WARNING - Error loading the list of task managers from the file ./nodes.txt
2020-12-30 17:15:06,561 - Thread-3 - WARNING - Error loading the list of task managers from the file ./nodes.txt
2020-12-30 17:15:08,472 - Thread-2 - WARNING - Error loading the list of task managers from the file ./nodes.txt
2020-12-30 17:15:08,575 - Thread-3 - WARNING - Error loading the list of task managers from the file ./nodes.txt
2020-12-30 17:15:09,354 - Thread-1 - WARNING - Error loading the list of task managers from the file ./nodes.txt
2020-12-30 17:15:10,480 - Thread-2 - WARNING - Error loading the list of task managers from the file ./nodes.txt
2020-12-30 17:15:10,588 - Thread-3 - WARNING - Error loading the list of task managers from the file ./nodes.txt
2020-12-30 17:15:12,488 - Thread-2 - WARNING - Error loading the list of task managers from the file ./nodes.txt
2020-12-30 17:15:12,601 - Thread-3 - WARNING - Error loading the list of task managers from the file ./nodes.txt
2020-12-30 17:15:14,496 - Thread-2 - WARNING - Error loading the list of task managers from the file ./nodes.txt
2020-12-30 17:15:14,614 - Thread-3 - WARNING - Error loading the list of task managers from the file ./nodes.txt
2020-12-30 17:15:16,504 - Thread-2 - WARNING - Error loading the list of task managers from the file ./nodes.txt
2020-12-30 17:15:16,626 - Thread-3 - WARNING - Error loading the list of task managers from the file ./nodes.txt
2020-12-30 17:15:18,511 - Thread-2 - WARNING - Error loading the list of task managers from the file ./nodes.txt
2020-12-30 17:15:18,638 - Thread-3 - WARNING - Error loading the list of task managers from the file ./nodes.txt
2020-12-30 17:15:19,326 - Thread-1 - WARNING - Error loading the list of task managers from the file ./nodes.txt
2020-12-30 17:15:20,518 - Thread-2 - WARNING - Error loading the list of task managers from the file ./nodes.txt
2020-12-30 17:15:20,651 - Thread-3 - WARNING - Error loading the list of task managers from the file ./nodes.txt
2020-12-30 17:15:22,526 - Thread-2 - WARNING - Error loading the list of task managers from the file ./nodes.txt
2020-12-30 17:15:22,664 - Thread-3 - WARNING - Error loading the list of task managers from the file ./nodes.txt
2020-12-30 17:15:24,533 - Thread-2 - WARNING - Error loading the list of task managers from the file ./nodes.txt
2020-12-30 17:15:24,677 - Thread-3 - WARNING - Error loading the list of task managers from the file ./nodes.txt
2020-12-30 17:15:26,540 - Thread-2 - WARNING - Error loading the list of task managers from the file ./nodes.txt
2020-12-30 17:15:26,689 - Thread-3 - WARNING - Error loading the list of task managers from the file ./nodes.txt
2020-12-30 17:15:28,548 - Thread-2 - WARNING - Error loading the list of task managers from the file ./nodes.txt
2020-12-30 17:15:28,702 - Thread-3 - WARNING - Error loading the list of task managers from the file ./nodes.txt
2020-12-30 17:15:29,298 - Thread-1 - WARNING - Error loading the list of task managers from the file ./nodes.txt
2020-12-30 17:15:30,555 - Thread-2 - WARNING - Error loading the list of task managers from the file ./nodes.txt
2020-12-30 17:15:30,714 - Thread-3 - WARNING - Error loading the list of task managers from the file ./nodes.txt
2020-12-30 17:15:32,562 - Thread-2 - WARNING - Error loading the list of task managers from the file ./nodes.txt
2020-12-30 17:15:32,726 - Thread-3 - WARNING - Error loading the list of task managers from the file ./nodes.txt
2020-12-30 17:15:34,570 - Thread-2 - WARNING - Error loading the list of task managers from the file ./nodes.txt
2020-12-30 17:15:34,739 - Thread-3 - WARNING - Error loading the list of task managers from the file ./nodes.txt
2020-12-30 17:15:36,577 - Thread-2 - WARNING - Error loading the list of task managers from the file ./nodes.txt
2020-12-30 17:15:36,751 - Thread-3 - WARNING - Error loading the list of task managers from the file ./nodes.txt
2020-12-30 17:15:38,585 - Thread-2 - WARNING - Error loading the list of task managers from the file ./nodes.txt
2020-12-30 17:15:38,764 - Thread-3 - WARNING - Error loading the list of task managers from the file ./nodes.txt
2020-12-30 17:15:39,271 - Thread-1 - WARNING - Error loading the list of task managers from the file ./nodes.txt
2020-12-30 17:15:40,592 - Thread-2 - WARNING - Error loading the list of task managers from the file ./nodes.txt
2020-12-30 17:15:40,780 - Thread-3 - WARNING - Error loading the list of task managers from the file ./nodes.txt
2020-12-30 17:15:42,600 - Thread-2 - WARNING - Error loading the list of task managers from the file ./nodes.txt
2020-12-30 17:15:42,793 - Thread-3 - WARNING - Error loading the list of task managers from the file ./nodes.txt
2020-12-30 17:15:44,607 - Thread-2 - WARNING - Error loading the list of task managers from the file ./nodes.txt
2020-12-30 17:15:44,806 - Thread-3 - WARNING - Error loading the list of task managers from the file ./nodes.txt
2020-12-30 17:15:46,615 - Thread-2 - WARNING - Error loading the list of task managers from the file ./nodes.txt
2020-12-30 17:15:46,818 - Thread-3 - WARNING - Error loading the list of task managers from the file ./nodes.txt
2020-12-30 17:15:48,623 - Thread-2 - WARNING - Error loading the list of task managers from the file ./nodes.txt
2020-12-30 17:15:48,831 - Thread-3 - WARNING - Error loading the list of task managers from the file ./nodes.txt
2020-12-30 17:15:49,243 - Thread-1 - WARNING - Error loading the list of task managers from the file ./nodes.txt
2020-12-30 17:15:50,630 - Thread-2 - WARNING - Error loading the list of task managers from the file ./nodes.txt
2020-12-30 17:15:50,843 - Thread-3 - WARNING - Error loading the list of task managers from the file ./nodes.txt
2020-12-30 17:15:52,638 - Thread-2 - WARNING - Error loading the list of task managers from the file ./nodes.txt
2020-12-30 17:15:52,857 - Thread-3 - WARNING - Error loading the list of task managers from the file ./nodes.txt
2020-12-30 17:15:54,646 - Thread-2 - WARNING - Error loading the list of task managers from the file ./nodes.txt
2020-12-30 17:15:54,869 - Thread-3 - WARNING - Error loading the list of task managers from the file ./nodes.txt
2020-12-30 17:15:56,653 - Thread-2 - WARNING - Error loading the list of task managers from the file ./nodes.txt
2020-12-30 17:15:56,883 - Thread-3 - WARNING - Error loading the list of task managers from the file ./nodes.txt
2020-12-30 17:15:58,661 - Thread-2 - WARNING - Error loading the list of task managers from the file ./nodes.txt
2020-12-30 17:15:58,895 - Thread-3 - WARNING - Error loading the list of task managers from the file ./nodes.txt
2020-12-30 17:15:59,215 - Thread-1 - WARNING - Error loading the list of task managers from the file ./nodes.txt
2020-12-30 17:16:00,668 - Thread-2 - WARNING - Error loading the list of task managers from the file ./nodes.txt
2020-12-30 17:16:00,908 - Thread-3 - WARNING - Error loading the list of task managers from the file ./nodes.txt
2020-12-30 17:16:02,676 - Thread-2 - WARNING - Error loading the list of task managers from the file ./nodes.txt
2020-12-30 17:16:02,920 - Thread-3 - WARNING - Error loading the list of task managers from the file ./nodes.txt
2020-12-30 17:16:04,684 - Thread-2 - WARNING - Error loading the list of task managers from the file ./nodes.txt
2020-12-30 17:16:04,934 - Thread-3 - WARNING - Error loading the list of task managers from the file ./nodes.txt
2020-12-30 17:16:06,692 - Thread-2 - WARNING - Error loading the list of task managers from the file ./nodes.txt
2020-12-30 17:16:06,947 - Thread-3 - WARNING - Error loading the list of task managers from the file ./nodes.txt
2020-12-30 17:16:08,700 - Thread-2 - WARNING - Error loading the list of task managers from the file ./nodes.txt
2020-12-30 17:16:08,960 - Thread-3 - WARNING - Error loading the list of task managers from the file ./nodes.txt
2020-12-30 17:16:09,188 - Thread-1 - WARNING - Error loading the list of task managers from the file ./nodes.txt
2020-12-30 17:16:10,708 - Thread-2 - WARNING - Error loading the list of task managers from the file ./nodes.txt
2020-12-30 17:16:10,975 - Thread-3 - WARNING - Error loading the list of task managers from the file ./nodes.txt
2020-12-30 17:16:12,717 - Thread-2 - WARNING - Error loading the list of task managers from the file ./nodes.txt
2020-12-30 17:16:12,988 - Thread-3 - WARNING - Error loading the list of task managers from the file ./nodes.txt
2020-12-30 17:16:14,725 - Thread-2 - WARNING - Error loading the list of task managers from the file ./nodes.txt
2020-12-30 17:16:15,003 - Thread-3 - WARNING - Error loading the list of task managers from the file ./nodes.txt
2020-12-30 17:16:16,732 - Thread-2 - WARNING - Error loading the list of task managers from the file ./nodes.txt
2020-12-30 17:16:17,016 - Thread-3 - WARNING - Error loading the list of task managers from the file ./nodes.txt
2020-12-30 17:16:18,740 - Thread-2 - WARNING - Error loading the list of task managers from the file ./nodes.txt
2020-12-30 17:16:19,029 - Thread-3 - WARNING - Error loading the list of task managers from the file ./nodes.txt
2020-12-30 17:16:19,160 - Thread-1 - WARNING - Error loading the list of task managers from the file ./nodes.txt
2020-12-30 17:16:20,748 - Thread-2 - WARNING - Error loading the list of task managers from the file ./nodes.txt
2020-12-30 17:16:21,042 - Thread-3 - WARNING - Error loading the list of task managers from the file ./nodes.txt
2020-12-30 17:16:22,755 - Thread-2 - WARNING - Error loading the list of task managers from the file ./nodes.txt
2020-12-30 17:16:23,055 - Thread-3 - WARNING - Error loading the list of task managers from the file ./nodes.txt
2020-12-30 17:16:24,762 - Thread-2 - WARNING - Error loading the list of task managers from the file ./nodes.txt
2020-12-30 17:16:25,067 - Thread-3 - WARNING - Error loading the list of task managers from the file ./nodes.txt
2020-12-30 17:16:26,769 - Thread-2 - WARNING - Error loading the list of task managers from the file ./nodes.txt
2020-12-30 17:16:27,080 - Thread-3 - WARNING - Error loading the list of task managers from the file ./nodes.txt
2020-12-30 17:16:28,777 - Thread-2 - WARNING - Error loading the list of task managers from the file ./nodes.txt
2020-12-30 17:16:29,092 - Thread-3 - WARNING - Error loading the list of task managers from the file ./nodes.txt
2020-12-30 17:16:29,130 - Thread-1 - WARNING - Error loading the list of task managers from the file ./nodes.txt
2020-12-30 17:16:30,785 - Thread-2 - WARNING - Error loading the list of task managers from the file ./nodes.txt
2020-12-30 17:16:31,105 - Thread-3 - WARNING - Error loading the list of task managers from the file ./nodes.txt
2020-12-30 17:16:32,792 - Thread-2 - WARNING - Error loading the list of task managers from the file ./nodes.txt
2020-12-30 17:16:33,125 - Thread-3 - WARNING - Error loading the list of task managers from the file ./nodes.txt
2020-12-30 17:16:34,799 - Thread-2 - WARNING - Error loading the list of task managers from the file ./nodes.txt
2020-12-30 17:16:35,137 - Thread-3 - WARNING - Error loading the list of task managers from the file ./nodes.txt
2020-12-30 17:16:36,807 - Thread-2 - WARNING - Error loading the list of task managers from the file ./nodes.txt
2020-12-30 17:16:37,150 - Thread-3 - WARNING - Error loading the list of task managers from the file ./nodes.txt
2020-12-30 17:16:38,814 - Thread-2 - WARNING - Error loading the list of task managers from the file ./nodes.txt
2020-12-30 17:16:39,102 - Thread-1 - WARNING - Error loading the list of task managers from the file ./nodes.txt
2020-12-30 17:16:39,162 - Thread-3 - WARNING - Error loading the list of task managers from the file ./nodes.txt
2020-12-30 17:16:40,821 - Thread-2 - WARNING - Error loading the list of task managers from the file ./nodes.txt
2020-12-30 17:16:41,174 - Thread-3 - WARNING - Error loading the list of task managers from the file ./nodes.txt
2020-12-30 17:16:42,829 - Thread-2 - WARNING - Error loading the list of task managers from the file ./nodes.txt
2020-12-30 17:16:43,187 - Thread-3 - WARNING - Error loading the list of task managers from the file ./nodes.txt
2020-12-30 17:16:44,836 - Thread-2 - WARNING - Error loading the list of task managers from the file ./nodes.txt
2020-12-30 17:16:45,199 - Thread-3 - WARNING - Error loading the list of task managers from the file ./nodes.txt
2020-12-30 17:16:46,843 - Thread-2 - WARNING - Error loading the list of task managers from the file ./nodes.txt
2020-12-30 17:16:47,211 - Thread-3 - WARNING - Error loading the list of task managers from the file ./nodes.txt
2020-12-30 17:16:48,851 - Thread-2 - WARNING - Error loading the list of task managers from the file ./nodes.txt
2020-12-30 17:16:49,076 - Thread-1 - WARNING - Error loading the list of task managers from the file ./nodes.txt
2020-12-30 17:16:49,224 - Thread-3 - WARNING - Error loading the list of task managers from the file ./nodes.txt
2020-12-30 17:16:50,858 - Thread-2 - WARNING - Error loading the list of task managers from the file ./nodes.txt
2020-12-30 17:16:51,236 - Thread-3 - WARNING - Error loading the list of task managers from the file ./nodes.txt
2020-12-30 17:16:52,865 - Thread-2 - WARNING - Error loading the list of task managers from the file ./nodes.txt
2020-12-30 17:16:53,249 - Thread-3 - WARNING - Error loading the list of task managers from the file ./nodes.txt
2020-12-30 17:16:54,872 - Thread-2 - WARNING - Error loading the list of task managers from the file ./nodes.txt
2020-12-30 17:16:55,261 - Thread-3 - WARNING - Error loading the list of task managers from the file ./nodes.txt
2020-12-30 17:16:56,880 - Thread-2 - WARNING - Error loading the list of task managers from the file ./nodes.txt
2020-12-30 17:16:57,273 - Thread-3 - WARNING - Error loading the list of task managers from the file ./nodes.txt
2020-12-30 17:16:58,887 - Thread-2 - WARNING - Error loading the list of task managers from the file ./nodes.txt
2020-12-30 17:16:59,048 - Thread-1 - WARNING - Error loading the list of task managers from the file ./nodes.txt
2020-12-30 17:16:59,285 - Thread-3 - WARNING - Error loading the list of task managers from the file ./nodes.txt
2020-12-30 17:17:00,894 - Thread-2 - WARNING - Error loading the list of task managers from the file ./nodes.txt
2020-12-30 17:17:01,297 - Thread-3 - WARNING - Error loading the list of task managers from the file ./nodes.txt
2020-12-30 17:17:02,901 - Thread-2 - WARNING - Error loading the list of task managers from the file ./nodes.txt
2020-12-30 17:17:03,309 - Thread-3 - WARNING - Error loading the list of task managers from the file ./nodes.txt
2020-12-30 17:17:04,909 - Thread-2 - WARNING - Error loading the list of task managers from the file ./nodes.txt
2020-12-30 17:17:05,322 - Thread-3 - WARNING - Error loading the list of task managers from the file ./nodes.txt
2020-12-30 17:17:06,917 - Thread-2 - WARNING - Error loading the list of task managers from the file ./nodes.txt
2020-12-30 17:17:07,335 - Thread-3 - WARNING - Error loading the list of task managers from the file ./nodes.txt
2020-12-30 17:17:08,926 - Thread-2 - WARNING - Error loading the list of task managers from the file ./nodes.txt
2020-12-30 17:17:09,021 - Thread-1 - WARNING - Error loading the list of task managers from the file ./nodes.txt
2020-12-30 17:17:09,348 - Thread-3 - WARNING - Error loading the list of task managers from the file ./nodes.txt
2020-12-30 17:17:10,934 - Thread-2 - WARNING - Error loading the list of task managers from the file ./nodes.txt
2020-12-30 17:17:11,361 - Thread-3 - WARNING - Error loading the list of task managers from the file ./nodes.txt
2020-12-30 17:17:12,942 - Thread-2 - WARNING - Error loading the list of task managers from the file ./nodes.txt
2020-12-30 17:17:13,373 - Thread-3 - WARNING - Error loading the list of task managers from the file ./nodes.txt
2020-12-30 17:17:14,949 - Thread-2 - WARNING - Error loading the list of task managers from the file ./nodes.txt
2020-12-30 17:17:15,386 - Thread-3 - WARNING - Error loading the list of task managers from the file ./nodes.txt
2020-12-30 17:17:16,956 - Thread-2 - WARNING - Error loading the list of task managers from the file ./nodes.txt
2020-12-30 17:17:17,398 - Thread-3 - WARNING - Error loading the list of task managers from the file ./nodes.txt
2020-12-30 17:17:18,964 - Thread-2 - WARNING - Error loading the list of task managers from the file ./nodes.txt
2020-12-30 17:17:18,990 - Thread-1 - WARNING - Error loading the list of task managers from the file ./nodes.txt
2020-12-30 17:17:19,411 - Thread-3 - WARNING - Error loading the list of task managers from the file ./nodes.txt
2020-12-30 17:17:20,971 - Thread-2 - WARNING - Error loading the list of task managers from the file ./nodes.txt
2020-12-30 17:17:21,423 - Thread-3 - WARNING - Error loading the list of task managers from the file ./nodes.txt
2020-12-30 17:17:22,978 - Thread-2 - WARNING - Error loading the list of task managers from the file ./nodes.txt
2020-12-30 17:17:23,435 - Thread-3 - WARNING - Error loading the list of task managers from the file ./nodes.txt
2020-12-30 17:17:24,986 - Thread-2 - WARNING - Error loading the list of task managers from the file ./nodes.txt
2020-12-30 17:17:25,447 - Thread-3 - WARNING - Error loading the list of task managers from the file ./nodes.txt
2020-12-30 17:17:26,993 - Thread-2 - WARNING - Error loading the list of task managers from the file ./nodes.txt
2020-12-30 17:17:27,460 - Thread-3 - WARNING - Error loading the list of task managers from the file ./nodes.txt
2020-12-30 17:17:28,963 - Thread-1 - WARNING - Error loading the list of task managers from the file ./nodes.txt
2020-12-30 17:17:29,000 - Thread-2 - WARNING - Error loading the list of task managers from the file ./nodes.txt
2020-12-30 17:17:29,472 - Thread-3 - WARNING - Error loading the list of task managers from the file ./nodes.txt
2020-12-30 17:17:31,008 - Thread-2 - WARNING - Error loading the list of task managers from the file ./nodes.txt
2020-12-30 17:17:31,485 - Thread-3 - WARNING - Error loading the list of task managers from the file ./nodes.txt
2020-12-30 17:17:33,015 - Thread-2 - WARNING - Error loading the list of task managers from the file ./nodes.txt
2020-12-30 17:17:33,497 - Thread-3 - WARNING - Error loading the list of task managers from the file ./nodes.txt
2020-12-30 17:17:35,022 - Thread-2 - WARNING - Error loading the list of task managers from the file ./nodes.txt
2020-12-30 17:17:35,510 - Thread-3 - WARNING - Error loading the list of task managers from the file ./nodes.txt
2020-12-30 17:17:37,030 - Thread-2 - WARNING - Error loading the list of task managers from the file ./nodes.txt
2020-12-30 17:17:37,522 - Thread-3 - WARNING - Error loading the list of task managers from the file ./nodes.txt
2020-12-30 17:17:38,937 - Thread-1 - WARNING - Error loading the list of task managers from the file ./nodes.txt
2020-12-30 17:17:39,037 - Thread-2 - WARNING - Error loading the list of task managers from the file ./nodes.txt
2020-12-30 17:17:39,535 - Thread-3 - WARNING - Error loading the list of task managers from the file ./nodes.txt
2020-12-30 17:17:41,045 - Thread-2 - WARNING - Error loading the list of task managers from the file ./nodes.txt
2020-12-30 17:17:41,548 - Thread-3 - WARNING - Error loading the list of task managers from the file ./nodes.txt
2020-12-30 17:17:43,053 - Thread-2 - WARNING - Error loading the list of task managers from the file ./nodes.txt
2020-12-30 17:17:43,560 - Thread-3 - WARNING - Error loading the list of task managers from the file ./nodes.txt
2020-12-30 17:17:45,060 - Thread-2 - WARNING - Error loading the list of task managers from the file ./nodes.txt
2020-12-30 17:17:45,574 - Thread-3 - WARNING - Error loading the list of task managers from the file ./nodes.txt
2020-12-30 17:17:47,068 - Thread-2 - WARNING - Error loading the list of task managers from the file ./nodes.txt
2020-12-30 17:17:47,589 - Thread-3 - WARNING - Error loading the list of task managers from the file ./nodes.txt
2020-12-30 17:17:48,910 - Thread-1 - WARNING - Error loading the list of task managers from the file ./nodes.txt
2020-12-30 17:17:49,076 - Thread-2 - WARNING - Error loading the list of task managers from the file ./nodes.txt
2020-12-30 17:17:49,601 - Thread-3 - WARNING - Error loading the list of task managers from the file ./nodes.txt
2020-12-30 17:17:51,083 - Thread-2 - WARNING - Error loading the list of task managers from the file ./nodes.txt
2020-12-30 17:17:51,614 - Thread-3 - WARNING - Error loading the list of task managers from the file ./nodes.txt
2020-12-30 17:17:53,091 - Thread-2 - WARNING - Error loading the list of task managers from the file ./nodes.txt
2020-12-30 17:17:53,627 - Thread-3 - WARNING - Error loading the list of task managers from the file ./nodes.txt
2020-12-30 17:17:55,098 - Thread-2 - WARNING - Error loading the list of task managers from the file ./nodes.txt
2020-12-30 17:17:55,640 - Thread-3 - WARNING - Error loading the list of task managers from the file ./nodes.txt
2020-12-30 17:17:57,106 - Thread-2 - WARNING - Error loading the list of task managers from the file ./nodes.txt
2020-12-30 17:17:57,653 - Thread-3 - WARNING - Error loading the list of task managers from the file ./nodes.txt
2020-12-30 17:17:58,882 - Thread-1 - WARNING - Error loading the list of task managers from the file ./nodes.txt
2020-12-30 17:17:59,113 - Thread-2 - WARNING - Error loading the list of task managers from the file ./nodes.txt
2020-12-30 17:17:59,665 - Thread-3 - WARNING - Error loading the list of task managers from the file ./nodes.txt
2020-12-30 17:18:01,121 - Thread-2 - WARNING - Error loading the list of task managers from the file ./nodes.txt
2020-12-30 17:18:01,677 - Thread-3 - WARNING - Error loading the list of task managers from the file ./nodes.txt
2020-12-30 17:18:03,128 - Thread-2 - WARNING - Error loading the list of task managers from the file ./nodes.txt
2020-12-30 17:18:03,690 - Thread-3 - WARNING - Error loading the list of task managers from the file ./nodes.txt
2020-12-30 17:18:05,136 - Thread-2 - WARNING - Error loading the list of task managers from the file ./nodes.txt
2020-12-30 17:18:05,702 - Thread-3 - WARNING - Error loading the list of task managers from the file ./nodes.txt
2020-12-30 17:18:07,144 - Thread-2 - WARNING - Error loading the list of task managers from the file ./nodes.txt
2020-12-30 17:18:07,715 - Thread-3 - WARNING - Error loading the list of task managers from the file ./nodes.txt
2020-12-30 17:18:08,855 - Thread-1 - WARNING - Error loading the list of task managers from the file ./nodes.txt
2020-12-30 17:18:09,152 - Thread-2 - WARNING - Error loading the list of task managers from the file ./nodes.txt
2020-12-30 17:18:09,728 - Thread-3 - WARNING - Error loading the list of task managers from the file ./nodes.txt
2020-12-30 17:18:11,159 - Thread-2 - WARNING - Error loading the list of task managers from the file ./nodes.txt
2020-12-30 17:18:11,740 - Thread-3 - WARNING - Error loading the list of task managers from the file ./nodes.txt
2020-12-30 17:18:13,167 - Thread-2 - WARNING - Error loading the list of task managers from the file ./nodes.txt
2020-12-30 17:18:13,753 - Thread-3 - WARNING - Error loading the list of task managers from the file ./nodes.txt
2020-12-30 17:18:15,174 - Thread-2 - WARNING - Error loading the list of task managers from the file ./nodes.txt
2020-12-30 17:18:15,765 - Thread-3 - WARNING - Error loading the list of task managers from the file ./nodes.txt
2020-12-30 17:18:17,181 - Thread-2 - WARNING - Error loading the list of task managers from the file ./nodes.txt
2020-12-30 17:18:17,778 - Thread-3 - WARNING - Error loading the list of task managers from the file ./nodes.txt
2020-12-30 17:18:18,828 - Thread-1 - WARNING - Error loading the list of task managers from the file ./nodes.txt
2020-12-30 17:18:19,188 - Thread-2 - WARNING - Error loading the list of task managers from the file ./nodes.txt
2020-12-30 17:18:19,790 - Thread-3 - WARNING - Error loading the list of task managers from the file ./nodes.txt
2020-12-30 17:18:21,196 - Thread-2 - WARNING - Error loading the list of task managers from the file ./nodes.txt
2020-12-30 17:18:21,804 - Thread-3 - WARNING - Error loading the list of task managers from the file ./nodes.txt
2020-12-30 17:18:23,203 - Thread-2 - WARNING - Error loading the list of task managers from the file ./nodes.txt
2020-12-30 17:18:23,816 - Thread-3 - WARNING - Error loading the list of task managers from the file ./nodes.txt
2020-12-30 17:18:25,211 - Thread-2 - WARNING - Error loading the list of task managers from the file ./nodes.txt
2020-12-30 17:18:25,829 - Thread-3 - WARNING - Error loading the list of task managers from the file ./nodes.txt
2020-12-30 17:18:27,218 - Thread-2 - WARNING - Error loading the list of task managers from the file ./nodes.txt
2020-12-30 17:18:27,841 - Thread-3 - WARNING - Error loading the list of task managers from the file ./nodes.txt
2020-12-30 17:18:28,801 - Thread-1 - WARNING - Error loading the list of task managers from the file ./nodes.txt
2020-12-30 17:18:29,226 - Thread-2 - WARNING - Error loading the list of task managers from the file ./nodes.txt
2020-12-30 17:18:29,853 - Thread-3 - WARNING - Error loading the list of task managers from the file ./nodes.txt
2020-12-30 17:18:31,233 - Thread-2 - WARNING - Error loading the list of task managers from the file ./nodes.txt
2020-12-30 17:18:31,865 - Thread-3 - WARNING - Error loading the list of task managers from the file ./nodes.txt
2020-12-30 17:18:33,241 - Thread-2 - WARNING - Error loading the list of task managers from the file ./nodes.txt
2020-12-30 17:18:33,878 - Thread-3 - WARNING - Error loading the list of task managers from the file ./nodes.txt
2020-12-30 17:18:35,248 - Thread-2 - WARNING - Error loading the list of task managers from the file ./nodes.txt
2020-12-30 17:18:35,891 - Thread-3 - WARNING - Error loading the list of task managers from the file ./nodes.txt
2020-12-30 17:18:37,255 - Thread-2 - WARNING - Error loading the list of task managers from the file ./nodes.txt
2020-12-30 17:18:37,904 - Thread-3 - WARNING - Error loading the list of task managers from the file ./nodes.txt
2020-12-30 17:18:38,774 - Thread-1 - WARNING - Error loading the list of task managers from the file ./nodes.txt
2020-12-30 17:18:39,263 - Thread-2 - WARNING - Error loading the list of task managers from the file ./nodes.txt
2020-12-30 17:18:39,916 - Thread-3 - WARNING - Error loading the list of task managers from the file ./nodes.txt
2020-12-30 17:18:41,270 - Thread-2 - WARNING - Error loading the list of task managers from the file ./nodes.txt
2020-12-30 17:18:41,929 - Thread-3 - WARNING - Error loading the list of task managers from the file ./nodes.txt
2020-12-30 17:18:43,278 - Thread-2 - WARNING - Error loading the list of task managers from the file ./nodes.txt
2020-12-30 17:18:43,942 - Thread-3 - WARNING - Error loading the list of task managers from the file ./nodes.txt
2020-12-30 17:18:45,285 - Thread-2 - WARNING - Error loading the list of task managers from the file ./nodes.txt
2020-12-30 17:18:45,954 - Thread-3 - WARNING - Error loading the list of task managers from the file ./nodes.txt
2020-12-30 17:18:47,292 - Thread-2 - WARNING - Error loading the list of task managers from the file ./nodes.txt
2020-12-30 17:18:47,967 - Thread-3 - WARNING - Error loading the list of task managers from the file ./nodes.txt
2020-12-30 17:18:48,747 - Thread-1 - WARNING - Error loading the list of task managers from the file ./nodes.txt
2020-12-30 17:18:49,300 - Thread-2 - WARNING - Error loading the list of task managers from the file ./nodes.txt
2020-12-30 17:18:49,980 - Thread-3 - WARNING - Error loading the list of task managers from the file ./nodes.txt
2020-12-30 17:18:51,308 - Thread-2 - WARNING - Error loading the list of task managers from the file ./nodes.txt
2020-12-30 17:18:51,992 - Thread-3 - WARNING - Error loading the list of task managers from the file ./nodes.txt
2020-12-30 17:18:53,315 - Thread-2 - WARNING - Error loading the list of task managers from the file ./nodes.txt
2020-12-30 17:18:54,005 - Thread-3 - WARNING - Error loading the list of task managers from the file ./nodes.txt
2020-12-30 17:18:55,323 - Thread-2 - WARNING - Error loading the list of task managers from the file ./nodes.txt
2020-12-30 17:18:56,018 - Thread-3 - WARNING - Error loading the list of task managers from the file ./nodes.txt
2020-12-30 17:18:57,330 - Thread-2 - WARNING - Error loading the list of task managers from the file ./nodes.txt
2020-12-30 17:18:58,030 - Thread-3 - WARNING - Error loading the list of task managers from the file ./nodes.txt
2020-12-30 17:18:58,720 - Thread-1 - WARNING - Error loading the list of task managers from the file ./nodes.txt
2020-12-30 17:18:59,337 - Thread-2 - WARNING - Error loading the list of task managers from the file ./nodes.txt
2020-12-30 17:19:00,043 - Thread-3 - WARNING - Error loading the list of task managers from the file ./nodes.txt
2020-12-30 17:19:01,345 - Thread-2 - WARNING - Error loading the list of task managers from the file ./nodes.txt
2020-12-30 17:19:02,056 - Thread-3 - WARNING - Error loading the list of task managers from the file ./nodes.txt
2020-12-30 17:19:03,352 - Thread-2 - WARNING - Error loading the list of task managers from the file ./nodes.txt
2020-12-30 17:19:04,069 - Thread-3 - WARNING - Error loading the list of task managers from the file ./nodes.txt
2020-12-30 17:19:05,360 - Thread-2 - WARNING - Error loading the list of task managers from the file ./nodes.txt
2020-12-30 17:19:06,083 - Thread-3 - WARNING - Error loading the list of task managers from the file ./nodes.txt
2020-12-30 17:19:07,368 - Thread-2 - WARNING - Error loading the list of task managers from the file ./nodes.txt
2020-12-30 17:19:08,096 - Thread-3 - WARNING - Error loading the list of task managers from the file ./nodes.txt
2020-12-30 17:19:08,692 - Thread-1 - WARNING - Error loading the list of task managers from the file ./nodes.txt
2020-12-30 17:19:09,377 - Thread-2 - WARNING - Error loading the list of task managers from the file ./nodes.txt
2020-12-30 17:19:10,112 - Thread-3 - WARNING - Error loading the list of task managers from the file ./nodes.txt
2020-12-30 17:19:11,385 - Thread-2 - WARNING - Error loading the list of task managers from the file ./nodes.txt
2020-12-30 17:19:12,126 - Thread-3 - WARNING - Error loading the list of task managers from the file ./nodes.txt
2020-12-30 17:19:13,393 - Thread-2 - WARNING - Error loading the list of task managers from the file ./nodes.txt
2020-12-30 17:19:14,139 - Thread-3 - WARNING - Error loading the list of task managers from the file ./nodes.txt
2020-12-30 17:19:15,401 - Thread-2 - WARNING - Error loading the list of task managers from the file ./nodes.txt
2020-12-30 17:19:16,152 - Thread-3 - WARNING - Error loading the list of task managers from the file ./nodes.txt
2020-12-30 17:19:17,409 - Thread-2 - WARNING - Error loading the list of task managers from the file ./nodes.txt
2020-12-30 17:19:18,165 - Thread-3 - WARNING - Error loading the list of task managers from the file ./nodes.txt
2020-12-30 17:19:18,664 - Thread-1 - WARNING - Error loading the list of task managers from the file ./nodes.txt
2020-12-30 17:19:19,417 - Thread-2 - WARNING - Error loading the list of task managers from the file ./nodes.txt
2020-12-30 17:19:20,178 - Thread-3 - WARNING - Error loading the list of task managers from the file ./nodes.txt
2020-12-30 17:19:21,425 - Thread-2 - WARNING - Error loading the list of task managers from the file ./nodes.txt
2020-12-30 17:19:22,191 - Thread-3 - WARNING - Error loading the list of task managers from the file ./nodes.txt
2020-12-30 17:19:23,434 - Thread-2 - WARNING - Error loading the list of task managers from the file ./nodes.txt
2020-12-30 17:19:24,203 - Thread-3 - WARNING - Error loading the list of task managers from the file ./nodes.txt
2020-12-30 17:19:25,441 - Thread-2 - WARNING - Error loading the list of task managers from the file ./nodes.txt
2020-12-30 17:19:26,217 - Thread-3 - WARNING - Error loading the list of task managers from the file ./nodes.txt
2020-12-30 17:19:27,449 - Thread-2 - WARNING - Error loading the list of task managers from the file ./nodes.txt
2020-12-30 17:19:28,230 - Thread-3 - WARNING - Error loading the list of task managers from the file ./nodes.txt
2020-12-30 17:19:28,636 - Thread-1 - WARNING - Error loading the list of task managers from the file ./nodes.txt
2020-12-30 17:19:29,456 - Thread-2 - WARNING - Error loading the list of task managers from the file ./nodes.txt
2020-12-30 17:19:30,242 - Thread-3 - WARNING - Error loading the list of task managers from the file ./nodes.txt
2020-12-30 17:19:31,463 - Thread-2 - WARNING - Error loading the list of task managers from the file ./nodes.txt
2020-12-30 17:19:32,255 - Thread-3 - WARNING - Error loading the list of task managers from the file ./nodes.txt
2020-12-30 17:19:33,470 - Thread-2 - WARNING - Error loading the list of task managers from the file ./nodes.txt
2020-12-30 17:19:34,268 - Thread-3 - WARNING - Error loading the list of task managers from the file ./nodes.txt
2020-12-30 17:19:35,478 - Thread-2 - WARNING - Error loading the list of task managers from the file ./nodes.txt
2020-12-30 17:19:36,280 - Thread-3 - WARNING - Error loading the list of task managers from the file ./nodes.txt
2020-12-30 17:19:37,486 - Thread-2 - WARNING - Error loading the list of task managers from the file ./nodes.txt
2020-12-30 17:19:38,293 - Thread-3 - WARNING - Error loading the list of task managers from the file ./nodes.txt
2020-12-30 17:19:38,611 - Thread-1 - WARNING - Error loading the list of task managers from the file ./nodes.txt
2020-12-30 17:19:39,493 - Thread-2 - WARNING - Error loading the list of task managers from the file ./nodes.txt
2020-12-30 17:19:40,306 - Thread-3 - WARNING - Error loading the list of task managers from the file ./nodes.txt
2020-12-30 17:19:41,501 - Thread-2 - WARNING - Error loading the list of task managers from the file ./nodes.txt
2020-12-30 17:19:42,319 - Thread-3 - WARNING - Error loading the list of task managers from the file ./nodes.txt
2020-12-30 17:19:43,509 - Thread-2 - WARNING - Error loading the list of task managers from the file ./nodes.txt
2020-12-30 17:19:44,332 - Thread-3 - WARNING - Error loading the list of task managers from the file ./nodes.txt
2020-12-30 17:19:45,524 - Thread-2 - WARNING - Error loading the list of task managers from the file ./nodes.txt
2020-12-30 17:19:46,344 - Thread-3 - WARNING - Error loading the list of task managers from the file ./nodes.txt
2020-12-30 17:19:47,532 - Thread-2 - WARNING - Error loading the list of task managers from the file ./nodes.txt
2020-12-30 17:19:48,357 - Thread-3 - WARNING - Error loading the list of task managers from the file ./nodes.txt
2020-12-30 17:19:48,584 - Thread-1 - WARNING - Error loading the list of task managers from the file ./nodes.txt
2020-12-30 17:19:49,539 - Thread-2 - WARNING - Error loading the list of task managers from the file ./nodes.txt
2020-12-30 17:19:50,369 - Thread-3 - WARNING - Error loading the list of task managers from the file ./nodes.txt
2020-12-30 17:19:51,547 - Thread-2 - WARNING - Error loading the list of task managers from the file ./nodes.txt
2020-12-30 17:19:52,382 - Thread-3 - WARNING - Error loading the list of task managers from the file ./nodes.txt
2020-12-30 17:19:53,555 - Thread-2 - WARNING - Error loading the list of task managers from the file ./nodes.txt
2020-12-30 17:19:54,394 - Thread-3 - WARNING - Error loading the list of task managers from the file ./nodes.txt
2020-12-30 17:19:55,562 - Thread-2 - WARNING - Error loading the list of task managers from the file ./nodes.txt
2020-12-30 17:19:56,407 - Thread-3 - WARNING - Error loading the list of task managers from the file ./nodes.txt
2020-12-30 17:19:57,569 - Thread-2 - WARNING - Error loading the list of task managers from the file ./nodes.txt
2020-12-30 17:19:58,419 - Thread-3 - WARNING - Error loading the list of task managers from the file ./nodes.txt
2020-12-30 17:19:58,556 - Thread-1 - WARNING - Error loading the list of task managers from the file ./nodes.txt
2020-12-30 17:19:59,576 - Thread-2 - WARNING - Error loading the list of task managers from the file ./nodes.txt
2020-12-30 17:20:00,432 - Thread-3 - WARNING - Error loading the list of task managers from the file ./nodes.txt
2020-12-30 17:20:01,584 - Thread-2 - WARNING - Error loading the list of task managers from the file ./nodes.txt
2020-12-30 17:20:02,444 - Thread-3 - WARNING - Error loading the list of task managers from the file ./nodes.txt
2020-12-30 17:20:03,591 - Thread-2 - WARNING - Error loading the list of task managers from the file ./nodes.txt
2020-12-30 17:20:04,459 - Thread-3 - WARNING - Error loading the list of task managers from the file ./nodes.txt
2020-12-30 17:20:05,599 - Thread-2 - WARNING - Error loading the list of task managers from the file ./nodes.txt
2020-12-30 17:20:06,471 - Thread-3 - WARNING - Error loading the list of task managers from the file ./nodes.txt
2020-12-30 17:20:07,607 - Thread-2 - WARNING - Error loading the list of task managers from the file ./nodes.txt
2020-12-30 17:20:08,484 - Thread-3 - WARNING - Error loading the list of task managers from the file ./nodes.txt
2020-12-30 17:20:08,529 - Thread-1 - WARNING - Error loading the list of task managers from the file ./nodes.txt
2020-12-30 17:20:09,614 - Thread-2 - WARNING - Error loading the list of task managers from the file ./nodes.txt
2020-12-30 17:20:10,498 - Thread-3 - WARNING - Error loading the list of task managers from the file ./nodes.txt
2020-12-30 17:20:11,622 - Thread-2 - WARNING - Error loading the list of task managers from the file ./nodes.txt
2020-12-30 17:20:12,511 - Thread-3 - WARNING - Error loading the list of task managers from the file ./nodes.txt
2020-12-30 17:20:13,630 - Thread-2 - WARNING - Error loading the list of task managers from the file ./nodes.txt
2020-12-30 17:20:14,524 - Thread-3 - WARNING - Error loading the list of task managers from the file ./nodes.txt
2020-12-30 17:20:15,637 - Thread-2 - WARNING - Error loading the list of task managers from the file ./nodes.txt
2020-12-30 17:20:16,536 - Thread-3 - WARNING - Error loading the list of task managers from the file ./nodes.txt
2020-12-30 17:20:17,644 - Thread-2 - WARNING - Error loading the list of task managers from the file ./nodes.txt
2020-12-30 17:20:18,502 - Thread-1 - WARNING - Error loading the list of task managers from the file ./nodes.txt
2020-12-30 17:20:18,548 - Thread-3 - WARNING - Error loading the list of task managers from the file ./nodes.txt
2020-12-30 17:20:19,652 - Thread-2 - WARNING - Error loading the list of task managers from the file ./nodes.txt
2020-12-30 17:20:20,561 - Thread-3 - WARNING - Error loading the list of task managers from the file ./nodes.txt
2020-12-30 17:20:21,660 - Thread-2 - WARNING - Error loading the list of task managers from the file ./nodes.txt
2020-12-30 17:20:22,573 - Thread-3 - WARNING - Error loading the list of task managers from the file ./nodes.txt
2020-12-30 17:20:23,668 - Thread-2 - WARNING - Error loading the list of task managers from the file ./nodes.txt
2020-12-30 17:20:24,586 - Thread-3 - WARNING - Error loading the list of task managers from the file ./nodes.txt
2020-12-30 17:20:25,676 - Thread-2 - WARNING - Error loading the list of task managers from the file ./nodes.txt
2020-12-30 17:20:26,599 - Thread-3 - WARNING - Error loading the list of task managers from the file ./nodes.txt
2020-12-30 17:20:27,683 - Thread-2 - WARNING - Error loading the list of task managers from the file ./nodes.txt
2020-12-30 17:20:28,481 - Thread-1 - WARNING - Error loading the list of task managers from the file ./nodes.txt
2020-12-30 17:20:28,612 - Thread-3 - WARNING - Error loading the list of task managers from the file ./nodes.txt
2020-12-30 17:20:29,691 - Thread-2 - WARNING - Error loading the list of task managers from the file ./nodes.txt
2020-12-30 17:20:30,624 - Thread-3 - WARNING - Error loading the list of task managers from the file ./nodes.txt
2020-12-30 17:20:31,698 - Thread-2 - WARNING - Error loading the list of task managers from the file ./nodes.txt
2020-12-30 17:20:32,637 - Thread-3 - WARNING - Error loading the list of task managers from the file ./nodes.txt
2020-12-30 17:20:33,706 - Thread-2 - WARNING - Error loading the list of task managers from the file ./nodes.txt
2020-12-30 17:20:34,650 - Thread-3 - WARNING - Error loading the list of task managers from the file ./nodes.txt
2020-12-30 17:20:35,713 - Thread-2 - WARNING - Error loading the list of task managers from the file ./nodes.txt
2020-12-30 17:20:36,663 - Thread-3 - WARNING - Error loading the list of task managers from the file ./nodes.txt
2020-12-30 17:20:37,721 - Thread-2 - WARNING - Error loading the list of task managers from the file ./nodes.txt
2020-12-30 17:20:38,453 - Thread-1 - WARNING - Error loading the list of task managers from the file ./nodes.txt
2020-12-30 17:20:38,675 - Thread-3 - WARNING - Error loading the list of task managers from the file ./nodes.txt
2020-12-30 17:20:39,728 - Thread-2 - WARNING - Error loading the list of task managers from the file ./nodes.txt
2020-12-30 17:20:40,688 - Thread-3 - WARNING - Error loading the list of task managers from the file ./nodes.txt
2020-12-30 17:20:41,735 - Thread-2 - WARNING - Error loading the list of task managers from the file ./nodes.txt
2020-12-30 17:20:42,700 - Thread-3 - WARNING - Error loading the list of task managers from the file ./nodes.txt
2020-12-30 17:20:43,743 - Thread-2 - WARNING - Error loading the list of task managers from the file ./nodes.txt
2020-12-30 17:20:44,713 - Thread-3 - WARNING - Error loading the list of task managers from the file ./nodes.txt
2020-12-30 17:20:45,750 - Thread-2 - WARNING - Error loading the list of task managers from the file ./nodes.txt
2020-12-30 17:20:46,725 - Thread-3 - WARNING - Error loading the list of task managers from the file ./nodes.txt
2020-12-30 17:20:47,757 - Thread-2 - WARNING - Error loading the list of task managers from the file ./nodes.txt
2020-12-30 17:20:48,426 - Thread-1 - WARNING - Error loading the list of task managers from the file ./nodes.txt
2020-12-30 17:20:48,738 - Thread-3 - WARNING - Error loading the list of task managers from the file ./nodes.txt
2020-12-30 17:20:49,765 - Thread-2 - WARNING - Error loading the list of task managers from the file ./nodes.txt
2020-12-30 17:20:50,750 - Thread-3 - WARNING - Error loading the list of task managers from the file ./nodes.txt
2020-12-30 17:20:51,772 - Thread-2 - WARNING - Error loading the list of task managers from the file ./nodes.txt
2020-12-30 17:20:52,762 - Thread-3 - WARNING - Error loading the list of task managers from the file ./nodes.txt
2020-12-30 17:20:53,779 - Thread-2 - WARNING - Error loading the list of task managers from the file ./nodes.txt
2020-12-30 17:20:54,775 - Thread-3 - WARNING - Error loading the list of task managers from the file ./nodes.txt
2020-12-30 17:20:55,785 - Thread-2 - WARNING - Error loading the list of task managers from the file ./nodes.txt
2020-12-30 17:20:56,787 - Thread-3 - WARNING - Error loading the list of task managers from the file ./nodes.txt
2020-12-30 17:20:57,793 - Thread-2 - WARNING - Error loading the list of task managers from the file ./nodes.txt
2020-12-30 17:20:58,398 - Thread-1 - WARNING - Error loading the list of task managers from the file ./nodes.txt
2020-12-30 17:20:58,800 - Thread-3 - WARNING - Error loading the list of task managers from the file ./nodes.txt
2020-12-30 17:20:59,800 - Thread-2 - WARNING - Error loading the list of task managers from the file ./nodes.txt
2020-12-30 17:21:00,812 - Thread-3 - WARNING - Error loading the list of task managers from the file ./nodes.txt
2020-12-30 17:21:01,810 - Thread-2 - WARNING - Error loading the list of task managers from the file ./nodes.txt
2020-12-30 17:21:02,825 - Thread-3 - WARNING - Error loading the list of task managers from the file ./nodes.txt
2020-12-30 17:21:03,818 - Thread-2 - WARNING - Error loading the list of task managers from the file ./nodes.txt
2020-12-30 17:21:04,838 - Thread-3 - WARNING - Error loading the list of task managers from the file ./nodes.txt
2020-12-30 17:21:05,826 - Thread-2 - WARNING - Error loading the list of task managers from the file ./nodes.txt
2020-12-30 17:21:06,851 - Thread-3 - WARNING - Error loading the list of task managers from the file ./nodes.txt
2020-12-30 17:21:07,834 - Thread-2 - WARNING - Error loading the list of task managers from the file ./nodes.txt
2020-12-30 17:21:08,362 - Thread-1 - WARNING - Error loading the list of task managers from the file ./nodes.txt
2020-12-30 17:21:08,864 - Thread-3 - WARNING - Error loading the list of task managers from the file ./nodes.txt
2020-12-30 17:21:09,841 - Thread-2 - WARNING - Error loading the list of task managers from the file ./nodes.txt
2020-12-30 17:21:10,877 - Thread-3 - WARNING - Error loading the list of task managers from the file ./nodes.txt
2020-12-30 17:21:11,849 - Thread-2 - WARNING - Error loading the list of task managers from the file ./nodes.txt
2020-12-30 17:21:12,889 - Thread-3 - WARNING - Error loading the list of task managers from the file ./nodes.txt
2020-12-30 17:21:13,857 - Thread-2 - WARNING - Error loading the list of task managers from the file ./nodes.txt
2020-12-30 17:21:14,901 - Thread-3 - WARNING - Error loading the list of task managers from the file ./nodes.txt
2020-12-30 17:21:15,865 - Thread-2 - WARNING - Error loading the list of task managers from the file ./nodes.txt
2020-12-30 17:21:16,914 - Thread-3 - WARNING - Error loading the list of task managers from the file ./nodes.txt
2020-12-30 17:21:17,872 - Thread-2 - WARNING - Error loading the list of task managers from the file ./nodes.txt
2020-12-30 17:21:18,334 - Thread-1 - WARNING - Error loading the list of task managers from the file ./nodes.txt
2020-12-30 17:21:18,927 - Thread-3 - WARNING - Error loading the list of task managers from the file ./nodes.txt
2020-12-30 17:21:19,879 - Thread-2 - WARNING - Error loading the list of task managers from the file ./nodes.txt
2020-12-30 17:21:20,939 - Thread-3 - WARNING - Error loading the list of task managers from the file ./nodes.txt
2020-12-30 17:21:21,887 - Thread-2 - WARNING - Error loading the list of task managers from the file ./nodes.txt
2020-12-30 17:21:22,952 - Thread-3 - WARNING - Error loading the list of task managers from the file ./nodes.txt
2020-12-30 17:21:23,895 - Thread-2 - WARNING - Error loading the list of task managers from the file ./nodes.txt
2020-12-30 17:21:24,965 - Thread-3 - WARNING - Error loading the list of task managers from the file ./nodes.txt
2020-12-30 17:21:25,902 - Thread-2 - WARNING - Error loading the list of task managers from the file ./nodes.txt
2020-12-30 17:21:26,978 - Thread-3 - WARNING - Error loading the list of task managers from the file ./nodes.txt
2020-12-30 17:21:27,910 - Thread-2 - WARNING - Error loading the list of task managers from the file ./nodes.txt
2020-12-30 17:21:28,307 - Thread-1 - WARNING - Error loading the list of task managers from the file ./nodes.txt
2020-12-30 17:21:28,991 - Thread-3 - WARNING - Error loading the list of task managers from the file ./nodes.txt
2020-12-30 17:21:29,920 - Thread-2 - WARNING - Error loading the list of task managers from the file ./nodes.txt
2020-12-30 17:21:31,004 - Thread-3 - WARNING - Error loading the list of task managers from the file ./nodes.txt
2020-12-30 17:21:31,927 - Thread-2 - WARNING - Error loading the list of task managers from the file ./nodes.txt
2020-12-30 17:21:33,017 - Thread-3 - WARNING - Error loading the list of task managers from the file ./nodes.txt
2020-12-30 17:21:33,934 - Thread-2 - WARNING - Error loading the list of task managers from the file ./nodes.txt
2020-12-30 17:21:35,029 - Thread-3 - WARNING - Error loading the list of task managers from the file ./nodes.txt
2020-12-30 17:21:35,942 - Thread-2 - WARNING - Error loading the list of task managers from the file ./nodes.txt
2020-12-30 17:21:37,123 - Thread-3 - WARNING - Error loading the list of task managers from the file ./nodes.txt
2020-12-30 17:21:37,950 - Thread-2 - WARNING - Error loading the list of task managers from the file ./nodes.txt
2020-12-30 17:21:38,279 - Thread-1 - WARNING - Error loading the list of task managers from the file ./nodes.txt
2020-12-30 17:21:39,136 - Thread-3 - WARNING - Error loading the list of task managers from the file ./nodes.txt
2020-12-30 17:21:39,957 - Thread-2 - WARNING - Error loading the list of task managers from the file ./nodes.txt
2020-12-30 17:21:41,148 - Thread-3 - WARNING - Error loading the list of task managers from the file ./nodes.txt
2020-12-30 17:21:41,965 - Thread-2 - WARNING - Error loading the list of task managers from the file ./nodes.txt
2020-12-30 17:21:43,161 - Thread-3 - WARNING - Error loading the list of task managers from the file ./nodes.txt
2020-12-30 17:21:43,973 - Thread-2 - WARNING - Error loading the list of task managers from the file ./nodes.txt
2020-12-30 17:21:45,174 - Thread-3 - WARNING - Error loading the list of task managers from the file ./nodes.txt
2020-12-30 17:21:45,981 - Thread-2 - WARNING - Error loading the list of task managers from the file ./nodes.txt
2020-12-30 17:21:47,186 - Thread-3 - WARNING - Error loading the list of task managers from the file ./nodes.txt
2020-12-30 17:21:47,988 - Thread-2 - WARNING - Error loading the list of task managers from the file ./nodes.txt
2020-12-30 17:21:48,250 - Thread-1 - WARNING - Error loading the list of task managers from the file ./nodes.txt
2020-12-30 17:21:49,199 - Thread-3 - WARNING - Error loading the list of task managers from the file ./nodes.txt
2020-12-30 17:21:49,995 - Thread-2 - WARNING - Error loading the list of task managers from the file ./nodes.txt
2020-12-30 17:21:51,211 - Thread-3 - WARNING - Error loading the list of task managers from the file ./nodes.txt
2020-12-30 17:21:52,003 - Thread-2 - WARNING - Error loading the list of task managers from the file ./nodes.txt
2020-12-30 17:21:53,224 - Thread-3 - WARNING - Error loading the list of task managers from the file ./nodes.txt
2020-12-30 17:21:54,010 - Thread-2 - WARNING - Error loading the list of task managers from the file ./nodes.txt
2020-12-30 17:21:55,237 - Thread-3 - WARNING - Error loading the list of task managers from the file ./nodes.txt
2020-12-30 17:21:56,017 - Thread-2 - WARNING - Error loading the list of task managers from the file ./nodes.txt
2020-12-30 17:21:57,249 - Thread-3 - WARNING - Error loading the list of task managers from the file ./nodes.txt
2020-12-30 17:21:58,025 - Thread-2 - WARNING - Error loading the list of task managers from the file ./nodes.txt
2020-12-30 17:21:58,222 - Thread-1 - WARNING - Error loading the list of task managers from the file ./nodes.txt
2020-12-30 17:21:59,262 - Thread-3 - WARNING - Error loading the list of task managers from the file ./nodes.txt
2020-12-30 17:22:00,033 - Thread-2 - WARNING - Error loading the list of task managers from the file ./nodes.txt
2020-12-30 17:22:01,275 - Thread-3 - WARNING - Error loading the list of task managers from the file ./nodes.txt
2020-12-30 17:22:02,042 - Thread-2 - WARNING - Error loading the list of task managers from the file ./nodes.txt
2020-12-30 17:22:03,288 - Thread-3 - WARNING - Error loading the list of task managers from the file ./nodes.txt
2020-12-30 17:22:04,050 - Thread-2 - WARNING - Error loading the list of task managers from the file ./nodes.txt
2020-12-30 17:22:05,301 - Thread-3 - WARNING - Error loading the list of task managers from the file ./nodes.txt
2020-12-30 17:22:06,058 - Thread-2 - WARNING - Error loading the list of task managers from the file ./nodes.txt
2020-12-30 17:22:07,314 - Thread-3 - WARNING - Error loading the list of task managers from the file ./nodes.txt
2020-12-30 17:22:08,065 - Thread-2 - WARNING - Error loading the list of task managers from the file ./nodes.txt
2020-12-30 17:22:08,195 - Thread-1 - WARNING - Error loading the list of task managers from the file ./nodes.txt
2020-12-30 17:22:09,327 - Thread-3 - WARNING - Error loading the list of task managers from the file ./nodes.txt
2020-12-30 17:22:10,074 - Thread-2 - WARNING - Error loading the list of task managers from the file ./nodes.txt
2020-12-30 17:22:10,078 - Thread-2 - INFO - All tasks generated.
2020-12-30 17:22:11,341 - Thread-3 - WARNING - Error loading the list of task managers from the file ./nodes.txt
2020-12-30 17:22:11,346 - Thread-3 - INFO - All tasks committed.
2020-12-30 17:22:12,080 - Thread-2 - WARNING - Error loading the list of task managers from the file ./nodes.txt
2020-12-30 17:22:12,083 - MainThread - INFO - Committing Job...
2020-12-30 17:22:12,692 - MainThread - INFO - Killing task managers...
2020-12-30 17:22:12,693 - MainThread - WARNING - Error loading the list of task managers from the file ./nodes.txt
2020-12-30 17:22:18,166 - Thread-1 - WARNING - Error loading the list of task managers from the file ./nodes.txt
