 INFO: Number of CDPs = 445
 INFO: Number of traces in the gather = 9200
 INFO: Number of samples per trace = 2502
 INFO: Computing semblance for m0 = 0
 INFO: No trace has been selected for m0 = 0. Skipping.
 INFO: Total execution time for kernels is 2.0708e-05s
 INFO: Computing semblance for m0 = 1080
 INFO: Total execution time for kernels is 0.00585183s
 INFO: Computing semblance for m0 = 1100
 INFO: Total execution time for kernels is 0.00584255s
 INFO: Computing semblance for m0 = 1120
 INFO: Total execution time for kernels is 0.00834705s
 INFO: Computing semblance for m0 = 1140
 INFO: Total execution time for kernels is 0.0083326s
 INFO: Computing semblance for m0 = 1160
 INFO: Total execution time for kernels is 0.0108438s
 INFO: Computing semblance for m0 = 1180
 INFO: Total execution time for kernels is 0.0108276s
 INFO: Computing semblance for m0 = 1200
 INFO: Total execution time for kernels is 0.0133061s
 INFO: Computing semblance for m0 = 1220
 INFO: Total execution time for kernels is 0.0132873s
 INFO: Computing semblance for m0 = 1240
 INFO: Total execution time for kernels is 0.0157994s
 INFO: Computing semblance for m0 = 1260
 INFO: Total execution time for kernels is 0.0157807s
 INFO: Computing semblance for m0 = 1280
 INFO: Total execution time for kernels is 0.0182397s
 INFO: Computing semblance for m0 = 1300
 INFO: Total execution time for kernels is 0.0166167s
 INFO: Computing semblance for m0 = 1320
 INFO: Total execution time for kernels is 0.0186269s
 INFO: Computing semblance for m0 = 1340
 INFO: Total execution time for kernels is 0.0185882s
 INFO: Computing semblance for m0 = 1360
 INFO: Total execution time for kernels is 0.0208264s
 INFO: Computing semblance for m0 = 1380
 INFO: Total execution time for kernels is 0.0207763s
 INFO: Computing semblance for m0 = 1400
 INFO: Total execution time for kernels is 0.0230094s
 INFO: Computing semblance for m0 = 1420
 INFO: Total execution time for kernels is 0.0215983s
 INFO: Computing semblance for m0 = 1440
 INFO: Total execution time for kernels is 0.0226921s
 INFO: Computing semblance for m0 = 1460
 INFO: Total execution time for kernels is 0.02264s
 INFO: Computing semblance for m0 = 1480
 INFO: Total execution time for kernels is 0.0246407s
 INFO: Computing semblance for m0 = 1500
 INFO: Total execution time for kernels is 0.0245801s
 INFO: Computing semblance for m0 = 1520
 INFO: Total execution time for kernels is 0.0265544s
 INFO: Computing semblance for m0 = 1540
 INFO: Total execution time for kernels is 0.0242489s
 INFO: Computing semblance for m0 = 1560
 INFO: Total execution time for kernels is 0.0260316s
 INFO: Computing semblance for m0 = 1580
 INFO: Total execution time for kernels is 0.0259816s
 INFO: Computing semblance for m0 = 1600
 INFO: Total execution time for kernels is 0.0277671s
 INFO: Computing semblance for m0 = 1620
 INFO: Total execution time for kernels is 0.0276756s
 INFO: Computing semblance for m0 = 1640
 INFO: Total execution time for kernels is 0.028629s
 INFO: Computing semblance for m0 = 1660
 INFO: Total execution time for kernels is 0.028546s
 INFO: Computing semblance for m0 = 1680
 INFO: Total execution time for kernels is 0.0302873s
 INFO: Computing semblance for m0 = 1700
 INFO: Total execution time for kernels is 0.0302095s
 INFO: Computing semblance for m0 = 1720
 INFO: Total execution time for kernels is 0.0319466s
 INFO: Computing semblance for m0 = 1740
 INFO: Total execution time for kernels is 0.0318742s
 INFO: Computing semblance for m0 = 1760
 INFO: Total execution time for kernels is 0.0335842s
 INFO: Computing semblance for m0 = 1780
 INFO: Total execution time for kernels is 0.033499s
 INFO: Computing semblance for m0 = 1800
 INFO: Total execution time for kernels is 0.0352278s
 INFO: Computing semblance for m0 = 1820
 INFO: Total execution time for kernels is 0.0351392s
 INFO: Computing semblance for m0 = 1840
 INFO: Total execution time for kernels is 0.0368505s
 INFO: Computing semblance for m0 = 1860
 INFO: Total execution time for kernels is 0.0367743s
 INFO: Computing semblance for m0 = 1880
 INFO: Total execution time for kernels is 0.0385078s
 INFO: Computing semblance for m0 = 1900
 INFO: Total execution time for kernels is 0.0384149s
 INFO: Computing semblance for m0 = 1920
 INFO: Total execution time for kernels is 0.0401268s
 INFO: Computing semblance for m0 = 1940
 INFO: Total execution time for kernels is 0.0400072s
 INFO: Computing semblance for m0 = 1960
 INFO: Total execution time for kernels is 0.041721s
 INFO: Computing semblance for m0 = 1980
 INFO: Total execution time for kernels is 0.0416301s
 INFO: Computing semblance for m0 = 2000
 INFO: Total execution time for kernels is 0.0417207s
 INFO: Computing semblance for m0 = 2020
 INFO: Total execution time for kernels is 0.0416703s
 INFO: Computing semblance for m0 = 2040
 INFO: Total execution time for kernels is 0.0417501s
 INFO: Computing semblance for m0 = 2060
 INFO: Total execution time for kernels is 0.0416348s
 INFO: Computing semblance for m0 = 2080
 INFO: Total execution time for kernels is 0.0417324s
 INFO: Computing semblance for m0 = 2100
 INFO: Total execution time for kernels is 0.0416175s
 INFO: Computing semblance for m0 = 2120
 INFO: Total execution time for kernels is 0.0417121s
 INFO: Computing semblance for m0 = 2140
 INFO: Total execution time for kernels is 0.0416096s
 INFO: Computing semblance for m0 = 2160
 INFO: Total execution time for kernels is 0.0417184s
 INFO: Computing semblance for m0 = 2180
 INFO: Total execution time for kernels is 0.0416217s
 INFO: Computing semblance for m0 = 2200
 INFO: Total execution time for kernels is 0.0417174s
 INFO: Computing semblance for m0 = 2220
 INFO: Total execution time for kernels is 0.0416156s
 INFO: Computing semblance for m0 = 2240
 INFO: Total execution time for kernels is 0.0417198s
 INFO: Computing semblance for m0 = 2260
 INFO: Total execution time for kernels is 0.0416258s
 INFO: Computing semblance for m0 = 2280
 INFO: Total execution time for kernels is 0.0417234s
 INFO: Computing semblance for m0 = 2300
 INFO: Total execution time for kernels is 0.0416318s
 INFO: Computing semblance for m0 = 2320
 INFO: Total execution time for kernels is 0.0417311s
 INFO: Computing semblance for m0 = 2340
 INFO: Total execution time for kernels is 0.0416325s
 INFO: Computing semblance for m0 = 2360
 INFO: Total execution time for kernels is 0.0417274s
 INFO: Computing semblance for m0 = 2380
 INFO: Total execution time for kernels is 0.0416361s
 INFO: Computing semblance for m0 = 2400
 INFO: Total execution time for kernels is 0.0417351s
 INFO: Computing semblance for m0 = 2420
 INFO: Total execution time for kernels is 0.0416346s
 INFO: Computing semblance for m0 = 2440
 INFO: Total execution time for kernels is 0.0417178s
 INFO: Computing semblance for m0 = 2460
 INFO: Total execution time for kernels is 0.0416313s
 INFO: Computing semblance for m0 = 2480
 INFO: Total execution time for kernels is 0.0417231s
 INFO: Computing semblance for m0 = 2500
 INFO: Total execution time for kernels is 0.0416371s
 INFO: Computing semblance for m0 = 2520
 INFO: Total execution time for kernels is 0.0417317s
 INFO: Computing semblance for m0 = 2540
 INFO: Total execution time for kernels is 0.0416401s
 INFO: Computing semblance for m0 = 2560
 INFO: Total execution time for kernels is 0.0417258s
 INFO: Computing semblance for m0 = 2580
 INFO: Total execution time for kernels is 0.0416299s
 INFO: Computing semblance for m0 = 2600
 INFO: Total execution time for kernels is 0.0417352s
 INFO: Computing semblance for m0 = 2620
 INFO: Total execution time for kernels is 0.0416337s
 INFO: Computing semblance for m0 = 2640
 INFO: Total execution time for kernels is 0.0417326s
 INFO: Computing semblance for m0 = 2660
 INFO: Total execution time for kernels is 0.0416224s
 INFO: Computing semblance for m0 = 2680
 INFO: Total execution time for kernels is 0.0417295s
 INFO: Computing semblance for m0 = 2700
 INFO: Total execution time for kernels is 0.0416354s
 INFO: Computing semblance for m0 = 2720
 INFO: Total execution time for kernels is 0.041737s
 INFO: Computing semblance for m0 = 2740
 INFO: Total execution time for kernels is 0.041638s
 INFO: Computing semblance for m0 = 2760
 INFO: Total execution time for kernels is 0.04173s
 INFO: Computing semblance for m0 = 2780
 INFO: Total execution time for kernels is 0.0416361s
 INFO: Computing semblance for m0 = 2800
 INFO: Total execution time for kernels is 0.0417339s
 INFO: Computing semblance for m0 = 2820
 INFO: Total execution time for kernels is 0.0416412s
 INFO: Computing semblance for m0 = 2840
 INFO: Total execution time for kernels is 0.0417649s
 INFO: Computing semblance for m0 = 2860
 INFO: Total execution time for kernels is 0.0416376s
 INFO: Computing semblance for m0 = 2880
 INFO: Total execution time for kernels is 0.0417514s
 INFO: Computing semblance for m0 = 2900
 INFO: Total execution time for kernels is 0.0416366s
 INFO: Computing semblance for m0 = 2920
 INFO: Total execution time for kernels is 0.0417308s
 INFO: Computing semblance for m0 = 2940
 INFO: Total execution time for kernels is 0.041635s
 INFO: Computing semblance for m0 = 2960
 INFO: Total execution time for kernels is 0.0417318s
 INFO: Computing semblance for m0 = 2980
 INFO: Total execution time for kernels is 0.0416359s
 INFO: Computing semblance for m0 = 3000
 INFO: Total execution time for kernels is 0.0417293s
 INFO: Computing semblance for m0 = 3020
 INFO: Total execution time for kernels is 0.0416344s
 INFO: Computing semblance for m0 = 3040
 INFO: Total execution time for kernels is 0.0417279s
 INFO: Computing semblance for m0 = 3060
 INFO: Total execution time for kernels is 0.0416434s
 INFO: Computing semblance for m0 = 3080
 INFO: Total execution time for kernels is 0.0417364s
 INFO: Computing semblance for m0 = 3100
 INFO: Total execution time for kernels is 0.0416429s
 INFO: Computing semblance for m0 = 3120
 INFO: Total execution time for kernels is 0.0417438s
 INFO: Computing semblance for m0 = 3140
 INFO: Total execution time for kernels is 0.0416414s
 INFO: Computing semblance for m0 = 3160
 INFO: Total execution time for kernels is 0.0417397s
 INFO: Computing semblance for m0 = 3180
 INFO: Total execution time for kernels is 0.0416385s
 INFO: Computing semblance for m0 = 3200
 INFO: Total execution time for kernels is 0.0417331s
 INFO: Computing semblance for m0 = 3220
 INFO: Total execution time for kernels is 0.0416387s
 INFO: Computing semblance for m0 = 3240
 INFO: Total execution time for kernels is 0.0417685s
 INFO: Computing semblance for m0 = 3260
 INFO: Total execution time for kernels is 0.0416384s
 INFO: Computing semblance for m0 = 3280
 INFO: Total execution time for kernels is 0.0417376s
 INFO: Computing semblance for m0 = 3300
 INFO: Total execution time for kernels is 0.0416335s
 INFO: Computing semblance for m0 = 3320
 INFO: Total execution time for kernels is 0.0417268s
 INFO: Computing semblance for m0 = 3340
 INFO: Total execution time for kernels is 0.0416519s
 INFO: Computing semblance for m0 = 3360
 INFO: Total execution time for kernels is 0.0417348s
 INFO: Computing semblance for m0 = 3380
 INFO: Total execution time for kernels is 0.0416326s
 INFO: Computing semblance for m0 = 3400
 INFO: Total execution time for kernels is 0.0417351s
 INFO: Computing semblance for m0 = 3420
 INFO: Total execution time for kernels is 0.0416431s
 INFO: Computing semblance for m0 = 3440
 INFO: Total execution time for kernels is 0.0417424s
 INFO: Computing semblance for m0 = 3460
 INFO: Total execution time for kernels is 0.0416523s
 INFO: Computing semblance for m0 = 3480
 INFO: Total execution time for kernels is 0.041735s
 INFO: Computing semblance for m0 = 3500
 INFO: Total execution time for kernels is 0.0416404s
 INFO: Computing semblance for m0 = 3520
 INFO: Total execution time for kernels is 0.0417396s
 INFO: Computing semblance for m0 = 3540
 INFO: Total execution time for kernels is 0.0416404s
 INFO: Computing semblance for m0 = 3560
 INFO: Total execution time for kernels is 0.0417352s
 INFO: Computing semblance for m0 = 3580
 INFO: Total execution time for kernels is 0.0416309s
 INFO: Computing semblance for m0 = 3600
 INFO: Total execution time for kernels is 0.0417421s
 INFO: Computing semblance for m0 = 3620
 INFO: Total execution time for kernels is 0.0416412s
 INFO: Computing semblance for m0 = 3640
 INFO: Total execution time for kernels is 0.0417456s
 INFO: Computing semblance for m0 = 3660
 INFO: Total execution time for kernels is 0.0416474s
 INFO: Computing semblance for m0 = 3680
 INFO: Total execution time for kernels is 0.0417495s
 INFO: Computing semblance for m0 = 3700
 INFO: Total execution time for kernels is 0.0416519s
 INFO: Computing semblance for m0 = 3720
 INFO: Total execution time for kernels is 0.0417485s
 INFO: Computing semblance for m0 = 3740
 INFO: Total execution time for kernels is 0.0416517s
 INFO: Computing semblance for m0 = 3760
 INFO: Total execution time for kernels is 0.0417399s
 INFO: Computing semblance for m0 = 3780
 INFO: Total execution time for kernels is 0.0416492s
 INFO: Computing semblance for m0 = 3800
 INFO: Total execution time for kernels is 0.0417432s
 INFO: Computing semblance for m0 = 3820
 INFO: Total execution time for kernels is 0.0416475s
 INFO: Computing semblance for m0 = 3840
 INFO: Total execution time for kernels is 0.0417429s
 INFO: Computing semblance for m0 = 3860
 INFO: Total execution time for kernels is 0.0416599s
 INFO: Computing semblance for m0 = 3880
 INFO: Total execution time for kernels is 0.0417476s
 INFO: Computing semblance for m0 = 3900
 INFO: Total execution time for kernels is 0.0416525s
 INFO: Computing semblance for m0 = 3920
 INFO: Total execution time for kernels is 0.0417479s
 INFO: Computing semblance for m0 = 3940
 INFO: Total execution time for kernels is 0.0416513s
 INFO: Computing semblance for m0 = 3960
 INFO: Total execution time for kernels is 0.0417563s
 INFO: Computing semblance for m0 = 3980
 INFO: Total execution time for kernels is 0.0416479s
 INFO: Computing semblance for m0 = 4000
 INFO: Total execution time for kernels is 0.0417414s
 INFO: Computing semblance for m0 = 4020
 INFO: Total execution time for kernels is 0.0416433s
 INFO: Computing semblance for m0 = 4040
 INFO: Total execution time for kernels is 0.041744s
 INFO: Computing semblance for m0 = 4060
 INFO: Total execution time for kernels is 0.0416732s
 INFO: Computing semblance for m0 = 4080
 INFO: Total execution time for kernels is 0.0417469s
 INFO: Computing semblance for m0 = 4100
 INFO: Total execution time for kernels is 0.0416492s
 INFO: Computing semblance for m0 = 4120
 INFO: Total execution time for kernels is 0.0417454s
 INFO: Computing semblance for m0 = 4140
 INFO: Total execution time for kernels is 0.0416461s
 INFO: Computing semblance for m0 = 4160
 INFO: Total execution time for kernels is 0.0417532s
 INFO: Computing semblance for m0 = 4180
 INFO: Total execution time for kernels is 0.0416497s
 INFO: Computing semblance for m0 = 4200
 INFO: Total execution time for kernels is 0.0417466s
 INFO: Computing semblance for m0 = 4220
 INFO: Total execution time for kernels is 0.0416463s
 INFO: Computing semblance for m0 = 4240
 INFO: Total execution time for kernels is 0.0417507s
 INFO: Computing semblance for m0 = 4260
 INFO: Total execution time for kernels is 0.0416446s
 INFO: Computing semblance for m0 = 4280
 INFO: Total execution time for kernels is 0.0417445s
 INFO: Computing semblance for m0 = 4300
 INFO: Total execution time for kernels is 0.0416569s
 INFO: Computing semblance for m0 = 4320
 INFO: Total execution time for kernels is 0.0417504s
 INFO: Computing semblance for m0 = 4340
 INFO: Total execution time for kernels is 0.0416581s
 INFO: Computing semblance for m0 = 4360
 INFO: Total execution time for kernels is 0.0417457s
 INFO: Computing semblance for m0 = 4380
 INFO: Total execution time for kernels is 0.0416435s
 INFO: Computing semblance for m0 = 4400
 INFO: Total execution time for kernels is 0.0417449s
 INFO: Computing semblance for m0 = 4420
 INFO: Total execution time for kernels is 0.0416478s
 INFO: Computing semblance for m0 = 4440
 INFO: Total execution time for kernels is 0.0417358s
 INFO: Computing semblance for m0 = 4460
 INFO: Total execution time for kernels is 0.0416994s
 INFO: Computing semblance for m0 = 4480
 INFO: Total execution time for kernels is 0.0417443s
 INFO: Computing semblance for m0 = 4500
 INFO: Total execution time for kernels is 0.0416422s
 INFO: Computing semblance for m0 = 4520
 INFO: Total execution time for kernels is 0.0417552s
 INFO: Computing semblance for m0 = 4540
 INFO: Total execution time for kernels is 0.0416547s
 INFO: Computing semblance for m0 = 4560
 INFO: Total execution time for kernels is 0.0417491s
 INFO: Computing semblance for m0 = 4580
 INFO: Total execution time for kernels is 0.0416526s
 INFO: Computing semblance for m0 = 4600
 INFO: Total execution time for kernels is 0.0417434s
 INFO: Computing semblance for m0 = 4620
 INFO: Total execution time for kernels is 0.0416445s
 INFO: Computing semblance for m0 = 4640
 INFO: Total execution time for kernels is 0.0417409s
 INFO: Computing semblance for m0 = 4660
 INFO: Total execution time for kernels is 0.0416478s
 INFO: Computing semblance for m0 = 4680
 INFO: Total execution time for kernels is 0.0417451s
 INFO: Computing semblance for m0 = 4700
 INFO: Total execution time for kernels is 0.041644s
 INFO: Computing semblance for m0 = 4720
 INFO: Total execution time for kernels is 0.0417472s
 INFO: Computing semblance for m0 = 4740
 INFO: Total execution time for kernels is 0.041642s
 INFO: Computing semblance for m0 = 4760
 INFO: Total execution time for kernels is 0.0417398s
 INFO: Computing semblance for m0 = 4780
 INFO: Total execution time for kernels is 0.0416414s
 INFO: Computing semblance for m0 = 4800
 INFO: Total execution time for kernels is 0.0417491s
 INFO: Computing semblance for m0 = 4820
 INFO: Total execution time for kernels is 0.0416488s
 INFO: Computing semblance for m0 = 4840
 INFO: Total execution time for kernels is 0.0417356s
 INFO: Computing semblance for m0 = 4860
 INFO: Total execution time for kernels is 0.0416429s
 INFO: Computing semblance for m0 = 4880
 INFO: Total execution time for kernels is 0.0417516s
 INFO: Computing semblance for m0 = 4900
 INFO: Total execution time for kernels is 0.0416455s
 INFO: Computing semblance for m0 = 4920
 INFO: Total execution time for kernels is 0.041747s
 INFO: Computing semblance for m0 = 4940
 INFO: Total execution time for kernels is 0.0416468s
 INFO: Computing semblance for m0 = 4960
 INFO: Total execution time for kernels is 0.0417587s
 INFO: Computing semblance for m0 = 4980
 INFO: Total execution time for kernels is 0.0416559s
 INFO: Computing semblance for m0 = 5000
 INFO: Total execution time for kernels is 0.0417431s
 INFO: Computing semblance for m0 = 5020
 INFO: Total execution time for kernels is 0.041645s
 INFO: Computing semblance for m0 = 5040
 INFO: Total execution time for kernels is 0.0417522s
 INFO: Computing semblance for m0 = 5060
 INFO: Total execution time for kernels is 0.0416553s
 INFO: Computing semblance for m0 = 5080
 INFO: Total execution time for kernels is 0.0417456s
 INFO: Computing semblance for m0 = 5100
 INFO: Total execution time for kernels is 0.0416423s
 INFO: Computing semblance for m0 = 5120
 INFO: Total execution time for kernels is 0.0417455s
 INFO: Computing semblance for m0 = 5140
 INFO: Total execution time for kernels is 0.0416451s
 INFO: Computing semblance for m0 = 5160
 INFO: Total execution time for kernels is 0.0417492s
 INFO: Computing semblance for m0 = 5180
 INFO: Total execution time for kernels is 0.0416585s
 INFO: Computing semblance for m0 = 5200
 INFO: Total execution time for kernels is 0.0417604s
 INFO: Computing semblance for m0 = 5220
 INFO: Total execution time for kernels is 0.0416435s
 INFO: Computing semblance for m0 = 5240
 INFO: Total execution time for kernels is 0.0417513s
 INFO: Computing semblance for m0 = 5260
 INFO: Total execution time for kernels is 0.0416445s
 INFO: Computing semblance for m0 = 5280
 INFO: Total execution time for kernels is 0.0417796s
 INFO: Computing semblance for m0 = 5300
 INFO: Total execution time for kernels is 0.0416486s
 INFO: Computing semblance for m0 = 5320
 INFO: Total execution time for kernels is 0.0417506s
 INFO: Computing semblance for m0 = 5340
 INFO: Total execution time for kernels is 0.0416569s
 INFO: Computing semblance for m0 = 5360
 INFO: Total execution time for kernels is 0.0417519s
 INFO: Computing semblance for m0 = 5380
 INFO: Total execution time for kernels is 0.0416493s
 INFO: Computing semblance for m0 = 5400
 INFO: Total execution time for kernels is 0.041755s
 INFO: Computing semblance for m0 = 5420
 INFO: Total execution time for kernels is 0.0416472s
 INFO: Computing semblance for m0 = 5440
 INFO: Total execution time for kernels is 0.0417569s
 INFO: Computing semblance for m0 = 5460
 INFO: Total execution time for kernels is 0.0416514s
 INFO: Computing semblance for m0 = 5480
 INFO: Total execution time for kernels is 0.0417573s
 INFO: Computing semblance for m0 = 5500
 INFO: Total execution time for kernels is 0.0416459s
 INFO: Computing semblance for m0 = 5520
 INFO: Total execution time for kernels is 0.041757s
 INFO: Computing semblance for m0 = 5540
 INFO: Total execution time for kernels is 0.0416523s
 INFO: Computing semblance for m0 = 5560
 INFO: Total execution time for kernels is 0.0417534s
 INFO: Computing semblance for m0 = 5580
 INFO: Total execution time for kernels is 0.0416524s
 INFO: Computing semblance for m0 = 5600
 INFO: Total execution time for kernels is 0.0417519s
 INFO: Computing semblance for m0 = 5620
 INFO: Total execution time for kernels is 0.0416518s
 INFO: Computing semblance for m0 = 5640
 INFO: Total execution time for kernels is 0.041746s
 INFO: Computing semblance for m0 = 5660
 INFO: Total execution time for kernels is 0.0416479s
 INFO: Computing semblance for m0 = 5680
 INFO: Total execution time for kernels is 0.0417832s
 INFO: Computing semblance for m0 = 5700
 INFO: Total execution time for kernels is 0.0416443s
 INFO: Computing semblance for m0 = 5720
 INFO: Total execution time for kernels is 0.041743s
 INFO: Computing semblance for m0 = 5740
 INFO: Total execution time for kernels is 0.0416593s
 INFO: Computing semblance for m0 = 5760
 INFO: Total execution time for kernels is 0.0417453s
 INFO: Computing semblance for m0 = 5780
 INFO: Total execution time for kernels is 0.0416505s
 INFO: Computing semblance for m0 = 5800
 INFO: Total execution time for kernels is 0.0417519s
 INFO: Computing semblance for m0 = 5820
 INFO: Total execution time for kernels is 0.0416452s
 INFO: Computing semblance for m0 = 5840
 INFO: Total execution time for kernels is 0.041759s
 INFO: Computing semblance for m0 = 5860
 INFO: Total execution time for kernels is 0.0416494s
 INFO: Computing semblance for m0 = 5880
 INFO: Total execution time for kernels is 0.0417447s
 INFO: Computing semblance for m0 = 5900
 INFO: Total execution time for kernels is 0.041651s
 INFO: Computing semblance for m0 = 5920
 INFO: Total execution time for kernels is 0.0417505s
 INFO: Computing semblance for m0 = 5940
 INFO: Total execution time for kernels is 0.0416578s
 INFO: Computing semblance for m0 = 5960
 INFO: Total execution time for kernels is 0.0417508s
 INFO: Computing semblance for m0 = 5980
 INFO: Total execution time for kernels is 0.0416583s
 INFO: Computing semblance for m0 = 6000
 INFO: Total execution time for kernels is 0.0417473s
 INFO: Computing semblance for m0 = 6020
 INFO: Total execution time for kernels is 0.0416582s
 INFO: Computing semblance for m0 = 6040
 INFO: Total execution time for kernels is 0.0417498s
 INFO: Computing semblance for m0 = 6060
 INFO: Total execution time for kernels is 0.041652s
 INFO: Computing semblance for m0 = 6080
 INFO: Total execution time for kernels is 0.0417574s
 INFO: Computing semblance for m0 = 6100
 INFO: Total execution time for kernels is 0.0416859s
 INFO: Computing semblance for m0 = 6120
 INFO: Total execution time for kernels is 0.041749s
 INFO: Computing semblance for m0 = 6140
 INFO: Total execution time for kernels is 0.0416496s
 INFO: Computing semblance for m0 = 6160
 INFO: Total execution time for kernels is 0.0417525s
 INFO: Computing semblance for m0 = 6180
 INFO: Total execution time for kernels is 0.0416533s
 INFO: Computing semblance for m0 = 6200
 INFO: Total execution time for kernels is 0.0417533s
 INFO: Computing semblance for m0 = 6220
 INFO: Total execution time for kernels is 0.0416641s
 INFO: Computing semblance for m0 = 6240
 INFO: Total execution time for kernels is 0.041755s
 INFO: Computing semblance for m0 = 6260
 INFO: Total execution time for kernels is 0.0416578s
 INFO: Computing semblance for m0 = 6280
 INFO: Total execution time for kernels is 0.0417585s
 INFO: Computing semblance for m0 = 6300
 INFO: Total execution time for kernels is 0.0416607s
 INFO: Computing semblance for m0 = 6320
 INFO: Total execution time for kernels is 0.0417506s
 INFO: Computing semblance for m0 = 6340
 INFO: Total execution time for kernels is 0.0416555s
 INFO: Computing semblance for m0 = 6360
 INFO: Total execution time for kernels is 0.0417542s
 INFO: Computing semblance for m0 = 6380
 INFO: Total execution time for kernels is 0.0416508s
 INFO: Computing semblance for m0 = 6400
 INFO: Total execution time for kernels is 0.0417528s
 INFO: Computing semblance for m0 = 6420
 INFO: Total execution time for kernels is 0.0416594s
 INFO: Computing semblance for m0 = 6440
 INFO: Total execution time for kernels is 0.0417487s
 INFO: Computing semblance for m0 = 6460
 INFO: Total execution time for kernels is 0.041664s
 INFO: Computing semblance for m0 = 6480
 INFO: Total execution time for kernels is 0.0417583s
 INFO: Computing semblance for m0 = 6500
 INFO: Total execution time for kernels is 0.0416867s
 INFO: Computing semblance for m0 = 6520
 INFO: Total execution time for kernels is 0.0417552s
 INFO: Computing semblance for m0 = 6540
 INFO: Total execution time for kernels is 0.0416576s
 INFO: Computing semblance for m0 = 6560
 INFO: Total execution time for kernels is 0.0417542s
 INFO: Computing semblance for m0 = 6580
 INFO: Total execution time for kernels is 0.0416557s
 INFO: Computing semblance for m0 = 6600
 INFO: Total execution time for kernels is 0.0417482s
 INFO: Computing semblance for m0 = 6620
 INFO: Total execution time for kernels is 0.0416527s
 INFO: Computing semblance for m0 = 6640
 INFO: Total execution time for kernels is 0.041755s
 INFO: Computing semblance for m0 = 6660
 INFO: Total execution time for kernels is 0.0416571s
 INFO: Computing semblance for m0 = 6680
 INFO: Total execution time for kernels is 0.0417517s
 INFO: Computing semblance for m0 = 6700
 INFO: Total execution time for kernels is 0.0416573s
 INFO: Computing semblance for m0 = 6720
 INFO: Total execution time for kernels is 0.0417577s
 INFO: Computing semblance for m0 = 6740
 INFO: Total execution time for kernels is 0.0416636s
 INFO: Computing semblance for m0 = 6760
 INFO: Total execution time for kernels is 0.0417493s
 INFO: Computing semblance for m0 = 6780
 INFO: Total execution time for kernels is 0.0416551s
 INFO: Computing semblance for m0 = 6800
 INFO: Total execution time for kernels is 0.0417562s
 INFO: Computing semblance for m0 = 6820
 INFO: Total execution time for kernels is 0.0416632s
 INFO: Computing semblance for m0 = 6840
 INFO: Total execution time for kernels is 0.0417472s
 INFO: Computing semblance for m0 = 6860
 INFO: Total execution time for kernels is 0.0416544s
 INFO: Computing semblance for m0 = 6880
 INFO: Total execution time for kernels is 0.0417441s
 INFO: Computing semblance for m0 = 6900
 INFO: Total execution time for kernels is 0.0416851s
 INFO: Computing semblance for m0 = 6920
 INFO: Total execution time for kernels is 0.0417556s
 INFO: Computing semblance for m0 = 6940
 INFO: Total execution time for kernels is 0.0416521s
 INFO: Computing semblance for m0 = 6960
 INFO: Total execution time for kernels is 0.0417515s
 INFO: Computing semblance for m0 = 6980
 INFO: Total execution time for kernels is 0.0416581s
 INFO: Computing semblance for m0 = 7000
 INFO: Total execution time for kernels is 0.0417608s
 INFO: Computing semblance for m0 = 7020
 INFO: Total execution time for kernels is 0.0416587s
 INFO: Computing semblance for m0 = 7040
 INFO: Total execution time for kernels is 0.0417657s
 INFO: Computing semblance for m0 = 7060
 INFO: Total execution time for kernels is 0.041666s
 INFO: Computing semblance for m0 = 7080
 INFO: Total execution time for kernels is 0.0417555s
 INFO: Computing semblance for m0 = 7100
 INFO: Total execution time for kernels is 0.0416565s
 INFO: Computing semblance for m0 = 7120
 INFO: Total execution time for kernels is 0.0417506s
 INFO: Computing semblance for m0 = 7140
 INFO: Total execution time for kernels is 0.0416587s
 INFO: Computing semblance for m0 = 7160
 INFO: Total execution time for kernels is 0.0417485s
 INFO: Computing semblance for m0 = 7180
 INFO: Total execution time for kernels is 0.0416581s
 INFO: Computing semblance for m0 = 7200
 INFO: Total execution time for kernels is 0.0417568s
 INFO: Computing semblance for m0 = 7220
 INFO: Total execution time for kernels is 0.0416639s
 INFO: Computing semblance for m0 = 7240
 INFO: Total execution time for kernels is 0.0417564s
 INFO: Computing semblance for m0 = 7260
 INFO: Total execution time for kernels is 0.0416634s
 INFO: Computing semblance for m0 = 7280
 INFO: Total execution time for kernels is 0.0417582s
 INFO: Computing semblance for m0 = 7300
 INFO: Total execution time for kernels is 0.0416669s
 INFO: Computing semblance for m0 = 7320
 INFO: Total execution time for kernels is 0.0417635s
 INFO: Computing semblance for m0 = 7340
 INFO: Total execution time for kernels is 0.0416543s
 INFO: Computing semblance for m0 = 7360
 INFO: Total execution time for kernels is 0.0417627s
 INFO: Computing semblance for m0 = 7380
 INFO: Total execution time for kernels is 0.0416521s
 INFO: Computing semblance for m0 = 7400
 INFO: Total execution time for kernels is 0.0417613s
 INFO: Computing semblance for m0 = 7420
 INFO: Total execution time for kernels is 0.0416506s
 INFO: Computing semblance for m0 = 7440
 INFO: Total execution time for kernels is 0.0417548s
 INFO: Computing semblance for m0 = 7460
 INFO: Total execution time for kernels is 0.0416538s
 INFO: Computing semblance for m0 = 7480
 INFO: Total execution time for kernels is 0.0417509s
 INFO: Computing semblance for m0 = 7500
 INFO: Total execution time for kernels is 0.0416528s
 INFO: Computing semblance for m0 = 7520
 INFO: Total execution time for kernels is 0.0417566s
 INFO: Computing semblance for m0 = 7540
 INFO: Total execution time for kernels is 0.0416645s
 INFO: Computing semblance for m0 = 7560
 INFO: Total execution time for kernels is 0.0417588s
 INFO: Computing semblance for m0 = 7580
 INFO: Total execution time for kernels is 0.0416616s
 INFO: Computing semblance for m0 = 7600
 INFO: Total execution time for kernels is 0.0417499s
 INFO: Computing semblance for m0 = 7620
 INFO: Total execution time for kernels is 0.0416538s
 INFO: Computing semblance for m0 = 7640
 INFO: Total execution time for kernels is 0.0417459s
 INFO: Computing semblance for m0 = 7660
 INFO: Total execution time for kernels is 0.0416576s
 INFO: Computing semblance for m0 = 7680
 INFO: Total execution time for kernels is 0.0417593s
 INFO: Computing semblance for m0 = 7700
 INFO: Total execution time for kernels is 0.041673s
 INFO: Computing semblance for m0 = 7720
 INFO: Total execution time for kernels is 0.0417867s
 INFO: Computing semblance for m0 = 7740
 INFO: Total execution time for kernels is 0.0416526s
 INFO: Computing semblance for m0 = 7760
 INFO: Total execution time for kernels is 0.0417524s
 INFO: Computing semblance for m0 = 7780
 INFO: Total execution time for kernels is 0.0416589s
 INFO: Computing semblance for m0 = 7800
 INFO: Total execution time for kernels is 0.0417576s
 INFO: Computing semblance for m0 = 7820
 INFO: Total execution time for kernels is 0.0416556s
 INFO: Computing semblance for m0 = 7840
 INFO: Total execution time for kernels is 0.0417579s
 INFO: Computing semblance for m0 = 7860
 INFO: Total execution time for kernels is 0.0416535s
 INFO: Computing semblance for m0 = 7880
 INFO: Total execution time for kernels is 0.0417568s
 INFO: Computing semblance for m0 = 7900
 INFO: Total execution time for kernels is 0.041659s
 INFO: Computing semblance for m0 = 7920
 INFO: Total execution time for kernels is 0.0417559s
 INFO: Computing semblance for m0 = 7940
 INFO: Total execution time for kernels is 0.0416487s
 INFO: Computing semblance for m0 = 7960
 INFO: Total execution time for kernels is 0.0417576s
 INFO: Computing semblance for m0 = 7980
 INFO: Total execution time for kernels is 0.0416524s
 INFO: Computing semblance for m0 = 8000
 INFO: Total execution time for kernels is 0.0417517s
 INFO: Computing semblance for m0 = 8020
 INFO: Total execution time for kernels is 0.0416573s
 INFO: Computing semblance for m0 = 8040
 INFO: Total execution time for kernels is 0.0417573s
 INFO: Computing semblance for m0 = 8060
 INFO: Total execution time for kernels is 0.0416529s
 INFO: Computing semblance for m0 = 8080
 INFO: Total execution time for kernels is 0.0417508s
 INFO: Computing semblance for m0 = 8100
 INFO: Total execution time for kernels is 0.0416537s
 INFO: Computing semblance for m0 = 8120
 INFO: Total execution time for kernels is 0.0417769s
 INFO: Computing semblance for m0 = 8140
 INFO: Total execution time for kernels is 0.0416619s
 INFO: Computing semblance for m0 = 8160
 INFO: Total execution time for kernels is 0.0417549s
 INFO: Computing semblance for m0 = 8180
 INFO: Total execution time for kernels is 0.0416469s
 INFO: Computing semblance for m0 = 8200
 INFO: Total execution time for kernels is 0.0417562s
 INFO: Computing semblance for m0 = 8220
 INFO: Total execution time for kernels is 0.0416615s
 INFO: Computing semblance for m0 = 8240
 INFO: Total execution time for kernels is 0.0417576s
 INFO: Computing semblance for m0 = 8260
 INFO: Total execution time for kernels is 0.0416534s
 INFO: Computing semblance for m0 = 8280
 INFO: Total execution time for kernels is 0.041757s
 INFO: Computing semblance for m0 = 8300
 INFO: Total execution time for kernels is 0.0416589s
 INFO: Computing semblance for m0 = 8320
 INFO: Total execution time for kernels is 0.0417682s
 INFO: Computing semblance for m0 = 8340
 INFO: Total execution time for kernels is 0.0416555s
 INFO: Computing semblance for m0 = 8360
 INFO: Total execution time for kernels is 0.0417571s
 INFO: Computing semblance for m0 = 8380
 INFO: Total execution time for kernels is 0.0416566s
 INFO: Computing semblance for m0 = 8400
 INFO: Total execution time for kernels is 0.0417661s
 INFO: Computing semblance for m0 = 8420
 INFO: Total execution time for kernels is 0.0416712s
 INFO: Computing semblance for m0 = 8440
 INFO: Total execution time for kernels is 0.0417647s
 INFO: Computing semblance for m0 = 8460
 INFO: Total execution time for kernels is 0.041658s
 INFO: Computing semblance for m0 = 8480
 INFO: Total execution time for kernels is 0.0417593s
 INFO: Computing semblance for m0 = 8500
 INFO: Total execution time for kernels is 0.041654s
 INFO: Computing semblance for m0 = 8520
 INFO: Total execution time for kernels is 0.0417556s
 INFO: Computing semblance for m0 = 8540
 INFO: Total execution time for kernels is 0.0416543s
 INFO: Computing semblance for m0 = 8560
 INFO: Total execution time for kernels is 0.0417549s
 INFO: Computing semblance for m0 = 8580
 INFO: Total execution time for kernels is 0.0416626s
 INFO: Computing semblance for m0 = 8600
 INFO: Total execution time for kernels is 0.0417823s
 INFO: Computing semblance for m0 = 8620
 INFO: Total execution time for kernels is 0.0417017s
 INFO: Computing semblance for m0 = 8640
 INFO: Total execution time for kernels is 0.0418283s
 INFO: Computing semblance for m0 = 8660
 INFO: Total execution time for kernels is 0.0417429s
 INFO: Computing semblance for m0 = 8680
 INFO: Total execution time for kernels is 0.041832s
 INFO: Computing semblance for m0 = 8700
 INFO: Total execution time for kernels is 0.041714s
 INFO: Computing semblance for m0 = 8720
 INFO: Total execution time for kernels is 0.0418011s
 INFO: Computing semblance for m0 = 8740
 INFO: Total execution time for kernels is 0.0417203s
 INFO: Computing semblance for m0 = 8760
 INFO: Total execution time for kernels is 0.0418526s
 INFO: Computing semblance for m0 = 8780
 INFO: Total execution time for kernels is 0.0417704s
 INFO: Computing semblance for m0 = 8800
 INFO: Total execution time for kernels is 0.0418483s
 INFO: Computing semblance for m0 = 8820
 INFO: Total execution time for kernels is 0.0417254s
 INFO: Computing semblance for m0 = 8840
 INFO: Total execution time for kernels is 0.0418086s
 INFO: Computing semblance for m0 = 8860
 INFO: Total execution time for kernels is 0.0417314s
 INFO: Computing semblance for m0 = 8880
 INFO: Total execution time for kernels is 0.0418602s
 INFO: Computing semblance for m0 = 8900
 INFO: Total execution time for kernels is 0.0417736s
 INFO: Computing semblance for m0 = 8920
 INFO: Total execution time for kernels is 0.0418685s
 INFO: Computing semblance for m0 = 8940
 INFO: Total execution time for kernels is 0.0417406s
 INFO: Computing semblance for m0 = 8960
 INFO: Total execution time for kernels is 0.0417954s
 INFO: Computing semblance for m0 = 8980
 INFO: Total execution time for kernels is 0.0417144s
 INFO: Computing semblance for m0 = 9000
 INFO: Total execution time for kernels is 0.0418412s
 INFO: Computing semblance for m0 = 9020
 INFO: Total execution time for kernels is 0.0417448s
 INFO: Computing semblance for m0 = 9040
 INFO: Total execution time for kernels is 0.0418342s
 INFO: Computing semblance for m0 = 9060
 INFO: Total execution time for kernels is 0.04171s
 INFO: Computing semblance for m0 = 9080
 INFO: Total execution time for kernels is 0.0399862s
 INFO: Computing semblance for m0 = 9100
 INFO: Total execution time for kernels is 0.0399155s
 INFO: Computing semblance for m0 = 9120
 INFO: Total execution time for kernels is 0.0382522s
 INFO: Computing semblance for m0 = 9140
 INFO: Total execution time for kernels is 0.0381688s
 INFO: Computing semblance for m0 = 9160
 INFO: Total execution time for kernels is 0.0364371s
 INFO: Computing semblance for m0 = 9180
 INFO: Total execution time for kernels is 0.0363263s
 INFO: Computing semblance for m0 = 9200
 INFO: Total execution time for kernels is 0.0346699s
 INFO: Computing semblance for m0 = 9220
 INFO: Total execution time for kernels is 0.0346271s
 INFO: Computing semblance for m0 = 9240
 INFO: Total execution time for kernels is 0.0329606s
 INFO: Computing semblance for m0 = 9260
 INFO: Total execution time for kernels is 0.0328709s
 INFO: Computing semblance for m0 = 9280
 INFO: Total execution time for kernels is 0.0311592s
 INFO: Computing semblance for m0 = 9300
 INFO: Total execution time for kernels is 0.0310656s
 INFO: Computing semblance for m0 = 9320
 INFO: Total execution time for kernels is 0.0294103s
 INFO: Computing semblance for m0 = 9340
 INFO: Total execution time for kernels is 0.0293945s
 INFO: Computing semblance for m0 = 9360
 INFO: Total execution time for kernels is 0.0277191s
 INFO: Computing semblance for m0 = 9380
 INFO: Total execution time for kernels is 0.0276454s
 INFO: Computing semblance for m0 = 9400
 INFO: Total execution time for kernels is 0.0259631s
 INFO: Computing semblance for m0 = 9420
 INFO: Total execution time for kernels is 0.0258697s
 INFO: Computing semblance for m0 = 9440
 INFO: Total execution time for kernels is 0.0242456s
 INFO: Computing semblance for m0 = 9460
 INFO: Total execution time for kernels is 0.0242372s
 INFO: Computing semblance for m0 = 9480
 INFO: Total execution time for kernels is 0.0225776s
 INFO: Computing semblance for m0 = 9500
 INFO: Total execution time for kernels is 0.0224963s
 INFO: Computing semblance for m0 = 9520
 INFO: Total execution time for kernels is 0.0207816s
 INFO: Computing semblance for m0 = 9540
 INFO: Total execution time for kernels is 0.0207794s
 INFO: Computing semblance for m0 = 9560
 INFO: Total execution time for kernels is 0.0191672s
 INFO: Computing semblance for m0 = 9580
 INFO: Total execution time for kernels is 0.0191362s
 INFO: Computing semblance for m0 = 9600
 INFO: Total execution time for kernels is 0.0174721s
 INFO: Computing semblance for m0 = 9620
 INFO: Total execution time for kernels is 0.0173877s
 INFO: Computing semblance for m0 = 9640
 INFO: Total execution time for kernels is 0.0157142s
 INFO: Computing semblance for m0 = 9660
 INFO: Total execution time for kernels is 0.0157712s
 INFO: Computing semblance for m0 = 9680
 INFO: Total execution time for kernels is 0.014169s
 INFO: Computing semblance for m0 = 9700
 INFO: Total execution time for kernels is 0.01415s
 INFO: Computing semblance for m0 = 9720
 INFO: Total execution time for kernels is 0.0124369s
 INFO: Computing semblance for m0 = 9740
 INFO: Total execution time for kernels is 0.0123722s
 INFO: Computing semblance for m0 = 9760
 INFO: Total execution time for kernels is 0.0107612s
 INFO: Computing semblance for m0 = 9780
 INFO: Total execution time for kernels is 0.0108667s
 INFO: Computing semblance for m0 = 9800
 INFO: Total execution time for kernels is 0.00920881s
 INFO: Computing semblance for m0 = 9820
 INFO: Total execution time for kernels is 0.0090959s
 INFO: Computing semblance for m0 = 9840
 INFO: Total execution time for kernels is 0.00748743s
 INFO: Computing semblance for m0 = 9860
 INFO: Total execution time for kernels is 0.00749764s
 INFO: Computing semblance for m0 = 9880
 INFO: Total execution time for kernels is 0.00588639s
 INFO: Computing semblance for m0 = 9900
 INFO: Total execution time for kernels is 0.00589794s
 INFO: Computing semblance for m0 = 9920
 INFO: Total execution time for kernels is 0.00441178s
 INFO: Computing semblance for m0 = 9940
 INFO: Total execution time for kernels is 0.00441446s
 INFO: Average of efficiency is 1
 INFO: Average of interpolations_per_sec is 2.5938e+10
 INFO: Average of selected_traces is 20.6742
 INFO: Average of total_selection_kernel_exec_time is 0.000593078
 INFO: Average of total_kernel_exec_time is 0.037925
 INFO: Results written to /home/ubuntu/nfs/out/0447d1c_p2.xlarge/cmp/greedy/cuda/simple-synthetic_3/simple-synthetic_greedy_cmp_20201231_2130/
 INFO: It took 23.4512s to compute.
