 INFO: Number of CDPs = 445
 INFO: Number of traces in the gather = 9200
 INFO: Number of samples per trace = 2502
 INFO: Computing semblance for m0 = 0
 INFO: No trace has been selected for m0 = 0. Skipping.
 INFO: Total execution time for kernels is 1.7485e-05s
 INFO: Computing semblance for m0 = 1080
 INFO: Total execution time for kernels is 0.0510931s
 INFO: Computing semblance for m0 = 1100
 INFO: Total execution time for kernels is 0.0618891s
 INFO: Computing semblance for m0 = 1120
 INFO: Total execution time for kernels is 0.0725862s
 INFO: Computing semblance for m0 = 1140
 INFO: Total execution time for kernels is 0.0850556s
 INFO: Computing semblance for m0 = 1160
 INFO: Total execution time for kernels is 0.0986031s
 INFO: Computing semblance for m0 = 1180
 INFO: Total execution time for kernels is 0.114899s
 INFO: Computing semblance for m0 = 1200
 INFO: Total execution time for kernels is 0.131142s
 INFO: Computing semblance for m0 = 1220
 INFO: Total execution time for kernels is 0.14978s
 INFO: Computing semblance for m0 = 1240
 INFO: Total execution time for kernels is 0.166832s
 INFO: Computing semblance for m0 = 1260
 INFO: Total execution time for kernels is 0.186014s
 INFO: Computing semblance for m0 = 1280
 INFO: Total execution time for kernels is 0.202558s
 INFO: Computing semblance for m0 = 1300
 INFO: Total execution time for kernels is 0.221792s
 INFO: Computing semblance for m0 = 1320
 INFO: Total execution time for kernels is 0.238687s
 INFO: Computing semblance for m0 = 1340
 INFO: Total execution time for kernels is 0.259109s
 INFO: Computing semblance for m0 = 1360
 INFO: Total execution time for kernels is 0.276278s
 INFO: Computing semblance for m0 = 1380
 INFO: Total execution time for kernels is 0.295646s
 INFO: Computing semblance for m0 = 1400
 INFO: Total execution time for kernels is 0.313525s
 INFO: Computing semblance for m0 = 1420
 INFO: Total execution time for kernels is 0.333335s
 INFO: Computing semblance for m0 = 1440
 INFO: Total execution time for kernels is 0.350769s
 INFO: Computing semblance for m0 = 1460
 INFO: Total execution time for kernels is 0.371754s
 INFO: Computing semblance for m0 = 1480
 INFO: Total execution time for kernels is 0.388838s
 INFO: Computing semblance for m0 = 1500
 INFO: Total execution time for kernels is 0.408616s
 INFO: Computing semblance for m0 = 1520
 INFO: Total execution time for kernels is 0.427361s
 INFO: Computing semblance for m0 = 1540
 INFO: Total execution time for kernels is 0.44693s
 INFO: Computing semblance for m0 = 1560
 INFO: Total execution time for kernels is 0.464203s
 INFO: Computing semblance for m0 = 1580
 INFO: Total execution time for kernels is 0.484142s
 INFO: Computing semblance for m0 = 1600
 INFO: Total execution time for kernels is 0.500762s
 INFO: Computing semblance for m0 = 1620
 INFO: Total execution time for kernels is 0.523375s
 INFO: Computing semblance for m0 = 1640
 INFO: Total execution time for kernels is 0.539324s
 INFO: Computing semblance for m0 = 1660
 INFO: Total execution time for kernels is 0.559886s
 INFO: Computing semblance for m0 = 1680
 INFO: Total execution time for kernels is 0.577494s
 INFO: Computing semblance for m0 = 1700
 INFO: Total execution time for kernels is 0.597711s
 INFO: Computing semblance for m0 = 1720
 INFO: Total execution time for kernels is 0.614903s
 INFO: Computing semblance for m0 = 1740
 INFO: Total execution time for kernels is 0.63522s
 INFO: Computing semblance for m0 = 1760
 INFO: Total execution time for kernels is 0.65189s
 INFO: Computing semblance for m0 = 1780
 INFO: Total execution time for kernels is 0.670774s
 INFO: Computing semblance for m0 = 1800
 INFO: Total execution time for kernels is 0.691123s
 INFO: Computing semblance for m0 = 1820
 INFO: Total execution time for kernels is 0.710136s
 INFO: Computing semblance for m0 = 1840
 INFO: Total execution time for kernels is 0.729039s
 INFO: Computing semblance for m0 = 1860
 INFO: Total execution time for kernels is 0.745277s
 INFO: Computing semblance for m0 = 1880
 INFO: Total execution time for kernels is 0.759838s
 INFO: Computing semblance for m0 = 1900
 INFO: Total execution time for kernels is 0.775555s
 INFO: Computing semblance for m0 = 1920
 INFO: Total execution time for kernels is 0.787294s
 INFO: Computing semblance for m0 = 1940
 INFO: Total execution time for kernels is 0.800756s
 INFO: Computing semblance for m0 = 1960
 INFO: Total execution time for kernels is 0.809495s
 INFO: Computing semblance for m0 = 1980
 INFO: Total execution time for kernels is 0.818793s
 INFO: Computing semblance for m0 = 2000
 INFO: Total execution time for kernels is 0.826608s
 INFO: Computing semblance for m0 = 2020
 INFO: Total execution time for kernels is 0.835159s
 INFO: Computing semblance for m0 = 2040
 INFO: Total execution time for kernels is 0.839344s
 INFO: Computing semblance for m0 = 2060
 INFO: Total execution time for kernels is 0.845748s
 INFO: Computing semblance for m0 = 2080
 INFO: Total execution time for kernels is 0.848291s
 INFO: Computing semblance for m0 = 2100
 INFO: Total execution time for kernels is 0.852375s
 INFO: Computing semblance for m0 = 2120
 INFO: Total execution time for kernels is 0.849771s
 INFO: Computing semblance for m0 = 2140
 INFO: Total execution time for kernels is 0.852169s
 INFO: Computing semblance for m0 = 2160
 INFO: Total execution time for kernels is 0.849441s
 INFO: Computing semblance for m0 = 2180
 INFO: Total execution time for kernels is 0.851901s
 INFO: Computing semblance for m0 = 2200
 INFO: Total execution time for kernels is 0.850377s
 INFO: Computing semblance for m0 = 2220
 INFO: Total execution time for kernels is 0.85092s
 INFO: Computing semblance for m0 = 2240
 INFO: Total execution time for kernels is 0.850516s
 INFO: Computing semblance for m0 = 2260
 INFO: Total execution time for kernels is 0.852934s
 INFO: Computing semblance for m0 = 2280
 INFO: Total execution time for kernels is 0.850569s
 INFO: Computing semblance for m0 = 2300
 INFO: Total execution time for kernels is 0.852447s
 INFO: Computing semblance for m0 = 2320
 INFO: Total execution time for kernels is 0.849946s
 INFO: Computing semblance for m0 = 2340
 INFO: Total execution time for kernels is 0.850715s
 INFO: Computing semblance for m0 = 2360
 INFO: Total execution time for kernels is 0.850641s
 INFO: Computing semblance for m0 = 2380
 INFO: Total execution time for kernels is 0.85283s
 INFO: Computing semblance for m0 = 2400
 INFO: Total execution time for kernels is 0.851079s
 INFO: Computing semblance for m0 = 2420
 INFO: Total execution time for kernels is 0.851223s
 INFO: Computing semblance for m0 = 2440
 INFO: Total execution time for kernels is 0.851254s
 INFO: Computing semblance for m0 = 2460
 INFO: Total execution time for kernels is 0.85117s
 INFO: Computing semblance for m0 = 2480
 INFO: Total execution time for kernels is 0.850992s
 INFO: Computing semblance for m0 = 2500
 INFO: Total execution time for kernels is 0.85116s
 INFO: Computing semblance for m0 = 2520
 INFO: Total execution time for kernels is 0.850558s
 INFO: Computing semblance for m0 = 2540
 INFO: Total execution time for kernels is 0.852154s
 INFO: Computing semblance for m0 = 2560
 INFO: Total execution time for kernels is 0.851138s
 INFO: Computing semblance for m0 = 2580
 INFO: Total execution time for kernels is 0.851039s
 INFO: Computing semblance for m0 = 2600
 INFO: Total execution time for kernels is 0.850473s
 INFO: Computing semblance for m0 = 2620
 INFO: Total execution time for kernels is 0.851227s
 INFO: Computing semblance for m0 = 2640
 INFO: Total execution time for kernels is 0.851122s
 INFO: Computing semblance for m0 = 2660
 INFO: Total execution time for kernels is 0.851866s
 INFO: Computing semblance for m0 = 2680
 INFO: Total execution time for kernels is 0.85025s
 INFO: Computing semblance for m0 = 2700
 INFO: Total execution time for kernels is 0.851962s
 INFO: Computing semblance for m0 = 2720
 INFO: Total execution time for kernels is 0.850641s
 INFO: Computing semblance for m0 = 2740
 INFO: Total execution time for kernels is 0.851241s
 INFO: Computing semblance for m0 = 2760
 INFO: Total execution time for kernels is 0.8505s
 INFO: Computing semblance for m0 = 2780
 INFO: Total execution time for kernels is 0.851935s
 INFO: Computing semblance for m0 = 2800
 INFO: Total execution time for kernels is 0.850504s
 INFO: Computing semblance for m0 = 2820
 INFO: Total execution time for kernels is 0.852475s
 INFO: Computing semblance for m0 = 2840
 INFO: Total execution time for kernels is 0.850854s
 INFO: Computing semblance for m0 = 2860
 INFO: Total execution time for kernels is 0.85261s
 INFO: Computing semblance for m0 = 2880
 INFO: Total execution time for kernels is 0.850367s
 INFO: Computing semblance for m0 = 2900
 INFO: Total execution time for kernels is 0.851616s
 INFO: Computing semblance for m0 = 2920
 INFO: Total execution time for kernels is 0.851454s
 INFO: Computing semblance for m0 = 2940
 INFO: Total execution time for kernels is 0.851483s
 INFO: Computing semblance for m0 = 2960
 INFO: Total execution time for kernels is 0.850587s
 INFO: Computing semblance for m0 = 2980
 INFO: Total execution time for kernels is 0.851363s
 INFO: Computing semblance for m0 = 3000
 INFO: Total execution time for kernels is 0.84947s
 INFO: Computing semblance for m0 = 3020
 INFO: Total execution time for kernels is 0.852206s
 INFO: Computing semblance for m0 = 3040
 INFO: Total execution time for kernels is 0.84966s
 INFO: Computing semblance for m0 = 3060
 INFO: Total execution time for kernels is 0.852801s
 INFO: Computing semblance for m0 = 3080
 INFO: Total execution time for kernels is 0.851129s
 INFO: Computing semblance for m0 = 3100
 INFO: Total execution time for kernels is 0.851021s
 INFO: Computing semblance for m0 = 3120
 INFO: Total execution time for kernels is 0.851027s
 INFO: Computing semblance for m0 = 3140
 INFO: Total execution time for kernels is 0.852346s
 INFO: Computing semblance for m0 = 3160
 INFO: Total execution time for kernels is 0.851036s
 INFO: Computing semblance for m0 = 3180
 INFO: Total execution time for kernels is 0.852213s
 INFO: Computing semblance for m0 = 3200
 INFO: Total execution time for kernels is 0.849779s
 INFO: Computing semblance for m0 = 3220
 INFO: Total execution time for kernels is 0.852205s
 INFO: Computing semblance for m0 = 3240
 INFO: Total execution time for kernels is 0.850914s
 INFO: Computing semblance for m0 = 3260
 INFO: Total execution time for kernels is 0.852292s
 INFO: Computing semblance for m0 = 3280
 INFO: Total execution time for kernels is 0.850792s
 INFO: Computing semblance for m0 = 3300
 INFO: Total execution time for kernels is 0.851644s
 INFO: Computing semblance for m0 = 3320
 INFO: Total execution time for kernels is 0.851198s
 INFO: Computing semblance for m0 = 3340
 INFO: Total execution time for kernels is 0.852203s
 INFO: Computing semblance for m0 = 3360
 INFO: Total execution time for kernels is 0.850751s
 INFO: Computing semblance for m0 = 3380
 INFO: Total execution time for kernels is 0.852429s
 INFO: Computing semblance for m0 = 3400
 INFO: Total execution time for kernels is 0.850398s
 INFO: Computing semblance for m0 = 3420
 INFO: Total execution time for kernels is 0.851498s
 INFO: Computing semblance for m0 = 3440
 INFO: Total execution time for kernels is 0.851857s
 INFO: Computing semblance for m0 = 3460
 INFO: Total execution time for kernels is 0.851617s
 INFO: Computing semblance for m0 = 3480
 INFO: Total execution time for kernels is 0.851225s
 INFO: Computing semblance for m0 = 3500
 INFO: Total execution time for kernels is 0.853117s
 INFO: Computing semblance for m0 = 3520
 INFO: Total execution time for kernels is 0.849861s
 INFO: Computing semblance for m0 = 3540
 INFO: Total execution time for kernels is 0.851662s
 INFO: Computing semblance for m0 = 3560
 INFO: Total execution time for kernels is 0.850905s
 INFO: Computing semblance for m0 = 3580
 INFO: Total execution time for kernels is 0.85157s
 INFO: Computing semblance for m0 = 3600
 INFO: Total execution time for kernels is 0.849518s
 INFO: Computing semblance for m0 = 3620
 INFO: Total execution time for kernels is 0.851902s
 INFO: Computing semblance for m0 = 3640
 INFO: Total execution time for kernels is 0.851094s
 INFO: Computing semblance for m0 = 3660
 INFO: Total execution time for kernels is 0.851895s
 INFO: Computing semblance for m0 = 3680
 INFO: Total execution time for kernels is 0.851229s
 INFO: Computing semblance for m0 = 3700
 INFO: Total execution time for kernels is 0.852534s
 INFO: Computing semblance for m0 = 3720
 INFO: Total execution time for kernels is 0.850659s
 INFO: Computing semblance for m0 = 3740
 INFO: Total execution time for kernels is 0.852664s
 INFO: Computing semblance for m0 = 3760
 INFO: Total execution time for kernels is 0.851074s
 INFO: Computing semblance for m0 = 3780
 INFO: Total execution time for kernels is 0.851272s
 INFO: Computing semblance for m0 = 3800
 INFO: Total execution time for kernels is 0.849644s
 INFO: Computing semblance for m0 = 3820
 INFO: Total execution time for kernels is 0.852528s
 INFO: Computing semblance for m0 = 3840
 INFO: Total execution time for kernels is 0.850871s
 INFO: Computing semblance for m0 = 3860
 INFO: Total execution time for kernels is 0.852611s
 INFO: Computing semblance for m0 = 3880
 INFO: Total execution time for kernels is 0.85063s
 INFO: Computing semblance for m0 = 3900
 INFO: Total execution time for kernels is 0.85172s
 INFO: Computing semblance for m0 = 3920
 INFO: Total execution time for kernels is 0.850349s
 INFO: Computing semblance for m0 = 3940
 INFO: Total execution time for kernels is 0.851884s
 INFO: Computing semblance for m0 = 3960
 INFO: Total execution time for kernels is 0.850741s
 INFO: Computing semblance for m0 = 3980
 INFO: Total execution time for kernels is 0.851125s
 INFO: Computing semblance for m0 = 4000
 INFO: Total execution time for kernels is 0.85071s
 INFO: Computing semblance for m0 = 4020
 INFO: Total execution time for kernels is 0.851719s
 INFO: Computing semblance for m0 = 4040
 INFO: Total execution time for kernels is 0.851109s
 INFO: Computing semblance for m0 = 4060
 INFO: Total execution time for kernels is 0.8511s
 INFO: Computing semblance for m0 = 4080
 INFO: Total execution time for kernels is 0.850112s
 INFO: Computing semblance for m0 = 4100
 INFO: Total execution time for kernels is 0.851971s
 INFO: Computing semblance for m0 = 4120
 INFO: Total execution time for kernels is 0.849908s
 INFO: Computing semblance for m0 = 4140
 INFO: Total execution time for kernels is 0.85235s
 INFO: Computing semblance for m0 = 4160
 INFO: Total execution time for kernels is 0.850963s
 INFO: Computing semblance for m0 = 4180
 INFO: Total execution time for kernels is 0.851932s
 INFO: Computing semblance for m0 = 4200
 INFO: Total execution time for kernels is 0.850597s
 INFO: Computing semblance for m0 = 4220
 INFO: Total execution time for kernels is 0.851899s
 INFO: Computing semblance for m0 = 4240
 INFO: Total execution time for kernels is 0.850918s
 INFO: Computing semblance for m0 = 4260
 INFO: Total execution time for kernels is 0.850866s
 INFO: Computing semblance for m0 = 4280
 INFO: Total execution time for kernels is 0.84968s
 INFO: Computing semblance for m0 = 4300
 INFO: Total execution time for kernels is 0.851452s
 INFO: Computing semblance for m0 = 4320
 INFO: Total execution time for kernels is 0.851593s
 INFO: Computing semblance for m0 = 4340
 INFO: Total execution time for kernels is 0.851926s
 INFO: Computing semblance for m0 = 4360
 INFO: Total execution time for kernels is 0.851635s
 INFO: Computing semblance for m0 = 4380
 INFO: Total execution time for kernels is 0.851051s
 INFO: Computing semblance for m0 = 4400
 INFO: Total execution time for kernels is 0.850726s
 INFO: Computing semblance for m0 = 4420
 INFO: Total execution time for kernels is 0.851383s
 INFO: Computing semblance for m0 = 4440
 INFO: Total execution time for kernels is 0.850806s
 INFO: Computing semblance for m0 = 4460
 INFO: Total execution time for kernels is 0.850666s
 INFO: Computing semblance for m0 = 4480
 INFO: Total execution time for kernels is 0.849696s
 INFO: Computing semblance for m0 = 4500
 INFO: Total execution time for kernels is 0.851345s
 INFO: Computing semblance for m0 = 4520
 INFO: Total execution time for kernels is 0.851372s
 INFO: Computing semblance for m0 = 4540
 INFO: Total execution time for kernels is 0.851352s
 INFO: Computing semblance for m0 = 4560
 INFO: Total execution time for kernels is 0.851555s
 INFO: Computing semblance for m0 = 4580
 INFO: Total execution time for kernels is 0.851704s
 INFO: Computing semblance for m0 = 4600
 INFO: Total execution time for kernels is 0.850977s
 INFO: Computing semblance for m0 = 4620
 INFO: Total execution time for kernels is 0.851428s
 INFO: Computing semblance for m0 = 4640
 INFO: Total execution time for kernels is 0.851348s
 INFO: Computing semblance for m0 = 4660
 INFO: Total execution time for kernels is 0.850987s
 INFO: Computing semblance for m0 = 4680
 INFO: Total execution time for kernels is 0.850521s
 INFO: Computing semblance for m0 = 4700
 INFO: Total execution time for kernels is 0.851125s
 INFO: Computing semblance for m0 = 4720
 INFO: Total execution time for kernels is 0.850237s
 INFO: Computing semblance for m0 = 4740
 INFO: Total execution time for kernels is 0.851823s
 INFO: Computing semblance for m0 = 4760
 INFO: Total execution time for kernels is 0.851152s
 INFO: Computing semblance for m0 = 4780
 INFO: Total execution time for kernels is 0.850522s
 INFO: Computing semblance for m0 = 4800
 INFO: Total execution time for kernels is 0.850222s
 INFO: Computing semblance for m0 = 4820
 INFO: Total execution time for kernels is 0.850986s
 INFO: Computing semblance for m0 = 4840
 INFO: Total execution time for kernels is 0.850477s
 INFO: Computing semblance for m0 = 4860
 INFO: Total execution time for kernels is 0.851575s
 INFO: Computing semblance for m0 = 4880
 INFO: Total execution time for kernels is 0.851469s
 INFO: Computing semblance for m0 = 4900
 INFO: Total execution time for kernels is 0.852521s
 INFO: Computing semblance for m0 = 4920
 INFO: Total execution time for kernels is 0.849546s
 INFO: Computing semblance for m0 = 4940
 INFO: Total execution time for kernels is 0.852273s
 INFO: Computing semblance for m0 = 4960
 INFO: Total execution time for kernels is 0.84977s
 INFO: Computing semblance for m0 = 4980
 INFO: Total execution time for kernels is 0.852818s
 INFO: Computing semblance for m0 = 5000
 INFO: Total execution time for kernels is 0.851264s
 INFO: Computing semblance for m0 = 5020
 INFO: Total execution time for kernels is 0.852477s
 INFO: Computing semblance for m0 = 5040
 INFO: Total execution time for kernels is 0.850119s
 INFO: Computing semblance for m0 = 5060
 INFO: Total execution time for kernels is 0.851776s
 INFO: Computing semblance for m0 = 5080
 INFO: Total execution time for kernels is 0.851307s
 INFO: Computing semblance for m0 = 5100
 INFO: Total execution time for kernels is 0.852218s
 INFO: Computing semblance for m0 = 5120
 INFO: Total execution time for kernels is 0.850672s
 INFO: Computing semblance for m0 = 5140
 INFO: Total execution time for kernels is 0.851773s
 INFO: Computing semblance for m0 = 5160
 INFO: Total execution time for kernels is 0.851422s
 INFO: Computing semblance for m0 = 5180
 INFO: Total execution time for kernels is 0.852439s
 INFO: Computing semblance for m0 = 5200
 INFO: Total execution time for kernels is 0.84985s
 INFO: Computing semblance for m0 = 5220
 INFO: Total execution time for kernels is 0.850915s
 INFO: Computing semblance for m0 = 5240
 INFO: Total execution time for kernels is 0.85045s
 INFO: Computing semblance for m0 = 5260
 INFO: Total execution time for kernels is 0.851957s
 INFO: Computing semblance for m0 = 5280
 INFO: Total execution time for kernels is 0.849819s
 INFO: Computing semblance for m0 = 5300
 INFO: Total execution time for kernels is 0.851563s
 INFO: Computing semblance for m0 = 5320
 INFO: Total execution time for kernels is 0.85026s
 INFO: Computing semblance for m0 = 5340
 INFO: Total execution time for kernels is 0.850685s
 INFO: Computing semblance for m0 = 5360
 INFO: Total execution time for kernels is 0.851349s
 INFO: Computing semblance for m0 = 5380
 INFO: Total execution time for kernels is 0.851402s
 INFO: Computing semblance for m0 = 5400
 INFO: Total execution time for kernels is 0.85012s
 INFO: Computing semblance for m0 = 5420
 INFO: Total execution time for kernels is 0.852707s
 INFO: Computing semblance for m0 = 5440
 INFO: Total execution time for kernels is 0.850086s
 INFO: Computing semblance for m0 = 5460
 INFO: Total execution time for kernels is 0.850897s
 INFO: Computing semblance for m0 = 5480
 INFO: Total execution time for kernels is 0.849738s
 INFO: Computing semblance for m0 = 5500
 INFO: Total execution time for kernels is 0.852448s
 INFO: Computing semblance for m0 = 5520
 INFO: Total execution time for kernels is 0.850269s
 INFO: Computing semblance for m0 = 5540
 INFO: Total execution time for kernels is 0.851582s
 INFO: Computing semblance for m0 = 5560
 INFO: Total execution time for kernels is 0.85095s
 INFO: Computing semblance for m0 = 5580
 INFO: Total execution time for kernels is 0.853342s
 INFO: Computing semblance for m0 = 5600
 INFO: Total execution time for kernels is 0.850229s
 INFO: Computing semblance for m0 = 5620
 INFO: Total execution time for kernels is 0.851115s
 INFO: Computing semblance for m0 = 5640
 INFO: Total execution time for kernels is 0.849445s
 INFO: Computing semblance for m0 = 5660
 INFO: Total execution time for kernels is 0.851289s
 INFO: Computing semblance for m0 = 5680
 INFO: Total execution time for kernels is 0.851482s
 INFO: Computing semblance for m0 = 5700
 INFO: Total execution time for kernels is 0.850732s
 INFO: Computing semblance for m0 = 5720
 INFO: Total execution time for kernels is 0.851639s
 INFO: Computing semblance for m0 = 5740
 INFO: Total execution time for kernels is 0.851567s
 INFO: Computing semblance for m0 = 5760
 INFO: Total execution time for kernels is 0.850124s
 INFO: Computing semblance for m0 = 5780
 INFO: Total execution time for kernels is 0.851949s
 INFO: Computing semblance for m0 = 5800
 INFO: Total execution time for kernels is 0.849628s
 INFO: Computing semblance for m0 = 5820
 INFO: Total execution time for kernels is 0.851397s
 INFO: Computing semblance for m0 = 5840
 INFO: Total execution time for kernels is 0.850554s
 INFO: Computing semblance for m0 = 5860
 INFO: Total execution time for kernels is 0.852262s
 INFO: Computing semblance for m0 = 5880
 INFO: Total execution time for kernels is 0.85023s
 INFO: Computing semblance for m0 = 5900
 INFO: Total execution time for kernels is 0.851387s
 INFO: Computing semblance for m0 = 5920
 INFO: Total execution time for kernels is 0.850571s
 INFO: Computing semblance for m0 = 5940
 INFO: Total execution time for kernels is 0.852148s
 INFO: Computing semblance for m0 = 5960
 INFO: Total execution time for kernels is 0.850856s
 INFO: Computing semblance for m0 = 5980
 INFO: Total execution time for kernels is 0.852217s
 INFO: Computing semblance for m0 = 6000
 INFO: Total execution time for kernels is 0.85052s
 INFO: Computing semblance for m0 = 6020
 INFO: Total execution time for kernels is 0.851125s
 INFO: Computing semblance for m0 = 6040
 INFO: Total execution time for kernels is 0.850764s
 INFO: Computing semblance for m0 = 6060
 INFO: Total execution time for kernels is 0.852139s
 INFO: Computing semblance for m0 = 6080
 INFO: Total execution time for kernels is 0.850758s
 INFO: Computing semblance for m0 = 6100
 INFO: Total execution time for kernels is 0.851814s
 INFO: Computing semblance for m0 = 6120
 INFO: Total execution time for kernels is 0.850367s
 INFO: Computing semblance for m0 = 6140
 INFO: Total execution time for kernels is 0.851851s
 INFO: Computing semblance for m0 = 6160
 INFO: Total execution time for kernels is 0.85013s
 INFO: Computing semblance for m0 = 6180
 INFO: Total execution time for kernels is 0.851828s
 INFO: Computing semblance for m0 = 6200
 INFO: Total execution time for kernels is 0.849894s
 INFO: Computing semblance for m0 = 6220
 INFO: Total execution time for kernels is 0.852106s
 INFO: Computing semblance for m0 = 6240
 INFO: Total execution time for kernels is 0.850044s
 INFO: Computing semblance for m0 = 6260
 INFO: Total execution time for kernels is 0.85217s
 INFO: Computing semblance for m0 = 6280
 INFO: Total execution time for kernels is 0.851793s
 INFO: Computing semblance for m0 = 6300
 INFO: Total execution time for kernels is 0.851427s
 INFO: Computing semblance for m0 = 6320
 INFO: Total execution time for kernels is 0.850343s
 INFO: Computing semblance for m0 = 6340
 INFO: Total execution time for kernels is 0.852372s
 INFO: Computing semblance for m0 = 6360
 INFO: Total execution time for kernels is 0.850529s
 INFO: Computing semblance for m0 = 6380
 INFO: Total execution time for kernels is 0.85223s
 INFO: Computing semblance for m0 = 6400
 INFO: Total execution time for kernels is 0.850726s
 INFO: Computing semblance for m0 = 6420
 INFO: Total execution time for kernels is 0.850663s
 INFO: Computing semblance for m0 = 6440
 INFO: Total execution time for kernels is 0.850462s
 INFO: Computing semblance for m0 = 6460
 INFO: Total execution time for kernels is 0.850775s
 INFO: Computing semblance for m0 = 6480
 INFO: Total execution time for kernels is 0.85037s
 INFO: Computing semblance for m0 = 6500
 INFO: Total execution time for kernels is 0.851157s
 INFO: Computing semblance for m0 = 6520
 INFO: Total execution time for kernels is 0.850223s
 INFO: Computing semblance for m0 = 6540
 INFO: Total execution time for kernels is 0.852243s
 INFO: Computing semblance for m0 = 6560
 INFO: Total execution time for kernels is 0.850608s
 INFO: Computing semblance for m0 = 6580
 INFO: Total execution time for kernels is 0.851315s
 INFO: Computing semblance for m0 = 6600
 INFO: Total execution time for kernels is 0.85085s
 INFO: Computing semblance for m0 = 6620
 INFO: Total execution time for kernels is 0.85202s
 INFO: Computing semblance for m0 = 6640
 INFO: Total execution time for kernels is 0.850076s
 INFO: Computing semblance for m0 = 6660
 INFO: Total execution time for kernels is 0.851141s
 INFO: Computing semblance for m0 = 6680
 INFO: Total execution time for kernels is 0.850147s
 INFO: Computing semblance for m0 = 6700
 INFO: Total execution time for kernels is 0.850698s
 INFO: Computing semblance for m0 = 6720
 INFO: Total execution time for kernels is 0.850187s
 INFO: Computing semblance for m0 = 6740
 INFO: Total execution time for kernels is 0.85149s
 INFO: Computing semblance for m0 = 6760
 INFO: Total execution time for kernels is 0.850426s
 INFO: Computing semblance for m0 = 6780
 INFO: Total execution time for kernels is 0.850835s
 INFO: Computing semblance for m0 = 6800
 INFO: Total execution time for kernels is 0.850154s
 INFO: Computing semblance for m0 = 6820
 INFO: Total execution time for kernels is 0.852388s
 INFO: Computing semblance for m0 = 6840
 INFO: Total execution time for kernels is 0.850444s
 INFO: Computing semblance for m0 = 6860
 INFO: Total execution time for kernels is 0.852015s
 INFO: Computing semblance for m0 = 6880
 INFO: Total execution time for kernels is 0.850715s
 INFO: Computing semblance for m0 = 6900
 INFO: Total execution time for kernels is 0.852058s
 INFO: Computing semblance for m0 = 6920
 INFO: Total execution time for kernels is 0.850912s
 INFO: Computing semblance for m0 = 6940
 INFO: Total execution time for kernels is 0.85169s
 INFO: Computing semblance for m0 = 6960
 INFO: Total execution time for kernels is 0.85171s
 INFO: Computing semblance for m0 = 6980
 INFO: Total execution time for kernels is 0.851368s
 INFO: Computing semblance for m0 = 7000
 INFO: Total execution time for kernels is 0.850121s
 INFO: Computing semblance for m0 = 7020
 INFO: Total execution time for kernels is 0.851157s
 INFO: Computing semblance for m0 = 7040
 INFO: Total execution time for kernels is 0.850582s
 INFO: Computing semblance for m0 = 7060
 INFO: Total execution time for kernels is 0.851295s
 INFO: Computing semblance for m0 = 7080
 INFO: Total execution time for kernels is 0.850238s
 INFO: Computing semblance for m0 = 7100
 INFO: Total execution time for kernels is 0.851381s
 INFO: Computing semblance for m0 = 7120
 INFO: Total execution time for kernels is 0.8518s
 INFO: Computing semblance for m0 = 7140
 INFO: Total execution time for kernels is 0.851963s
 INFO: Computing semblance for m0 = 7160
 INFO: Total execution time for kernels is 0.85161s
 INFO: Computing semblance for m0 = 7180
 INFO: Total execution time for kernels is 0.850821s
 INFO: Computing semblance for m0 = 7200
 INFO: Total execution time for kernels is 0.850735s
 INFO: Computing semblance for m0 = 7220
 INFO: Total execution time for kernels is 0.852284s
 INFO: Computing semblance for m0 = 7240
 INFO: Total execution time for kernels is 0.851382s
 INFO: Computing semblance for m0 = 7260
 INFO: Total execution time for kernels is 0.851282s
 INFO: Computing semblance for m0 = 7280
 INFO: Total execution time for kernels is 0.850207s
 INFO: Computing semblance for m0 = 7300
 INFO: Total execution time for kernels is 0.852232s
 INFO: Computing semblance for m0 = 7320
 INFO: Total execution time for kernels is 0.850839s
 INFO: Computing semblance for m0 = 7340
 INFO: Total execution time for kernels is 0.852529s
 INFO: Computing semblance for m0 = 7360
 INFO: Total execution time for kernels is 0.851922s
 INFO: Computing semblance for m0 = 7380
 INFO: Total execution time for kernels is 0.851496s
 INFO: Computing semblance for m0 = 7400
 INFO: Total execution time for kernels is 0.85018s
 INFO: Computing semblance for m0 = 7420
 INFO: Total execution time for kernels is 0.852534s
 INFO: Computing semblance for m0 = 7440
 INFO: Total execution time for kernels is 0.850475s
 INFO: Computing semblance for m0 = 7460
 INFO: Total execution time for kernels is 0.853087s
 INFO: Computing semblance for m0 = 7480
 INFO: Total execution time for kernels is 0.850484s
 INFO: Computing semblance for m0 = 7500
 INFO: Total execution time for kernels is 0.851092s
 INFO: Computing semblance for m0 = 7520
 INFO: Total execution time for kernels is 0.851484s
 INFO: Computing semblance for m0 = 7540
 INFO: Total execution time for kernels is 0.851889s
 INFO: Computing semblance for m0 = 7560
 INFO: Total execution time for kernels is 0.850904s
 INFO: Computing semblance for m0 = 7580
 INFO: Total execution time for kernels is 0.851473s
 INFO: Computing semblance for m0 = 7600
 INFO: Total execution time for kernels is 0.850133s
 INFO: Computing semblance for m0 = 7620
 INFO: Total execution time for kernels is 0.851902s
 INFO: Computing semblance for m0 = 7640
 INFO: Total execution time for kernels is 0.850151s
 INFO: Computing semblance for m0 = 7660
 INFO: Total execution time for kernels is 0.85144s
 INFO: Computing semblance for m0 = 7680
 INFO: Total execution time for kernels is 0.849926s
 INFO: Computing semblance for m0 = 7700
 INFO: Total execution time for kernels is 0.851276s
 INFO: Computing semblance for m0 = 7720
 INFO: Total execution time for kernels is 0.851215s
 INFO: Computing semblance for m0 = 7740
 INFO: Total execution time for kernels is 0.850765s
 INFO: Computing semblance for m0 = 7760
 INFO: Total execution time for kernels is 0.850809s
 INFO: Computing semblance for m0 = 7780
 INFO: Total execution time for kernels is 0.85205s
 INFO: Computing semblance for m0 = 7800
 INFO: Total execution time for kernels is 0.850482s
 INFO: Computing semblance for m0 = 7820
 INFO: Total execution time for kernels is 0.851769s
 INFO: Computing semblance for m0 = 7840
 INFO: Total execution time for kernels is 0.84978s
 INFO: Computing semblance for m0 = 7860
 INFO: Total execution time for kernels is 0.851179s
 INFO: Computing semblance for m0 = 7880
 INFO: Total execution time for kernels is 0.849918s
 INFO: Computing semblance for m0 = 7900
 INFO: Total execution time for kernels is 0.851815s
 INFO: Computing semblance for m0 = 7920
 INFO: Total execution time for kernels is 0.851356s
 INFO: Computing semblance for m0 = 7940
 INFO: Total execution time for kernels is 0.851767s
 INFO: Computing semblance for m0 = 7960
 INFO: Total execution time for kernels is 0.850371s
 INFO: Computing semblance for m0 = 7980
 INFO: Total execution time for kernels is 0.852168s
 INFO: Computing semblance for m0 = 8000
 INFO: Total execution time for kernels is 0.850511s
 INFO: Computing semblance for m0 = 8020
 INFO: Total execution time for kernels is 0.852721s
 INFO: Computing semblance for m0 = 8040
 INFO: Total execution time for kernels is 0.850446s
 INFO: Computing semblance for m0 = 8060
 INFO: Total execution time for kernels is 0.851864s
 INFO: Computing semblance for m0 = 8080
 INFO: Total execution time for kernels is 0.849805s
 INFO: Computing semblance for m0 = 8100
 INFO: Total execution time for kernels is 0.852311s
 INFO: Computing semblance for m0 = 8120
 INFO: Total execution time for kernels is 0.850961s
 INFO: Computing semblance for m0 = 8140
 INFO: Total execution time for kernels is 0.852071s
 INFO: Computing semblance for m0 = 8160
 INFO: Total execution time for kernels is 0.850305s
 INFO: Computing semblance for m0 = 8180
 INFO: Total execution time for kernels is 0.851301s
 INFO: Computing semblance for m0 = 8200
 INFO: Total execution time for kernels is 0.849977s
 INFO: Computing semblance for m0 = 8220
 INFO: Total execution time for kernels is 0.851813s
 INFO: Computing semblance for m0 = 8240
 INFO: Total execution time for kernels is 0.851487s
 INFO: Computing semblance for m0 = 8260
 INFO: Total execution time for kernels is 0.852127s
 INFO: Computing semblance for m0 = 8280
 INFO: Total execution time for kernels is 0.849993s
 INFO: Computing semblance for m0 = 8300
 INFO: Total execution time for kernels is 0.851239s
 INFO: Computing semblance for m0 = 8320
 INFO: Total execution time for kernels is 0.8498s
 INFO: Computing semblance for m0 = 8340
 INFO: Total execution time for kernels is 0.852286s
 INFO: Computing semblance for m0 = 8360
 INFO: Total execution time for kernels is 0.850317s
 INFO: Computing semblance for m0 = 8380
 INFO: Total execution time for kernels is 0.85127s
 INFO: Computing semblance for m0 = 8400
 INFO: Total execution time for kernels is 0.851348s
 INFO: Computing semblance for m0 = 8420
 INFO: Total execution time for kernels is 0.8517s
 INFO: Computing semblance for m0 = 8440
 INFO: Total execution time for kernels is 0.850914s
 INFO: Computing semblance for m0 = 8460
 INFO: Total execution time for kernels is 0.851622s
 INFO: Computing semblance for m0 = 8480
 INFO: Total execution time for kernels is 0.850402s
 INFO: Computing semblance for m0 = 8500
 INFO: Total execution time for kernels is 0.852211s
 INFO: Computing semblance for m0 = 8520
 INFO: Total execution time for kernels is 0.850883s
 INFO: Computing semblance for m0 = 8540
 INFO: Total execution time for kernels is 0.852333s
 INFO: Computing semblance for m0 = 8560
 INFO: Total execution time for kernels is 0.851226s
 INFO: Computing semblance for m0 = 8580
 INFO: Total execution time for kernels is 0.852415s
 INFO: Computing semblance for m0 = 8600
 INFO: Total execution time for kernels is 0.850901s
 INFO: Computing semblance for m0 = 8620
 INFO: Total execution time for kernels is 0.852988s
 INFO: Computing semblance for m0 = 8640
 INFO: Total execution time for kernels is 0.851204s
 INFO: Computing semblance for m0 = 8660
 INFO: Total execution time for kernels is 0.851814s
 INFO: Computing semblance for m0 = 8680
 INFO: Total execution time for kernels is 0.850698s
 INFO: Computing semblance for m0 = 8700
 INFO: Total execution time for kernels is 0.852016s
 INFO: Computing semblance for m0 = 8720
 INFO: Total execution time for kernels is 0.850706s
 INFO: Computing semblance for m0 = 8740
 INFO: Total execution time for kernels is 0.853504s
 INFO: Computing semblance for m0 = 8760
 INFO: Total execution time for kernels is 0.850688s
 INFO: Computing semblance for m0 = 8780
 INFO: Total execution time for kernels is 0.852802s
 INFO: Computing semblance for m0 = 8800
 INFO: Total execution time for kernels is 0.850419s
 INFO: Computing semblance for m0 = 8820
 INFO: Total execution time for kernels is 0.852969s
 INFO: Computing semblance for m0 = 8840
 INFO: Total execution time for kernels is 0.851166s
 INFO: Computing semblance for m0 = 8860
 INFO: Total execution time for kernels is 0.852454s
 INFO: Computing semblance for m0 = 8880
 INFO: Total execution time for kernels is 0.850526s
 INFO: Computing semblance for m0 = 8900
 INFO: Total execution time for kernels is 0.852341s
 INFO: Computing semblance for m0 = 8920
 INFO: Total execution time for kernels is 0.851274s
 INFO: Computing semblance for m0 = 8940
 INFO: Total execution time for kernels is 0.848625s
 INFO: Computing semblance for m0 = 8960
 INFO: Total execution time for kernels is 0.845689s
 INFO: Computing semblance for m0 = 8980
 INFO: Total execution time for kernels is 0.839787s
 INFO: Computing semblance for m0 = 9000
 INFO: Total execution time for kernels is 0.833542s
 INFO: Computing semblance for m0 = 9020
 INFO: Total execution time for kernels is 0.826021s
 INFO: Computing semblance for m0 = 9040
 INFO: Total execution time for kernels is 0.816313s
 INFO: Computing semblance for m0 = 9060
 INFO: Total execution time for kernels is 0.807141s
 INFO: Computing semblance for m0 = 9080
 INFO: Total execution time for kernels is 0.793523s
 INFO: Computing semblance for m0 = 9100
 INFO: Total execution time for kernels is 0.782868s
 INFO: Computing semblance for m0 = 9120
 INFO: Total execution time for kernels is 0.766651s
 INFO: Computing semblance for m0 = 9140
 INFO: Total execution time for kernels is 0.750955s
 INFO: Computing semblance for m0 = 9160
 INFO: Total execution time for kernels is 0.734517s
 INFO: Computing semblance for m0 = 9180
 INFO: Total execution time for kernels is 0.715767s
 INFO: Computing semblance for m0 = 9200
 INFO: Total execution time for kernels is 0.696576s
 INFO: Computing semblance for m0 = 9220
 INFO: Total execution time for kernels is 0.673984s
 INFO: Computing semblance for m0 = 9240
 INFO: Total execution time for kernels is 0.655214s
 INFO: Computing semblance for m0 = 9260
 INFO: Total execution time for kernels is 0.633419s
 INFO: Computing semblance for m0 = 9280
 INFO: Total execution time for kernels is 0.614127s
 INFO: Computing semblance for m0 = 9300
 INFO: Total execution time for kernels is 0.593856s
 INFO: Computing semblance for m0 = 9320
 INFO: Total execution time for kernels is 0.574499s
 INFO: Computing semblance for m0 = 9340
 INFO: Total execution time for kernels is 0.552987s
 INFO: Computing semblance for m0 = 9360
 INFO: Total execution time for kernels is 0.535515s
 INFO: Computing semblance for m0 = 9380
 INFO: Total execution time for kernels is 0.515193s
 INFO: Computing semblance for m0 = 9400
 INFO: Total execution time for kernels is 0.496182s
 INFO: Computing semblance for m0 = 9420
 INFO: Total execution time for kernels is 0.476258s
 INFO: Computing semblance for m0 = 9440
 INFO: Total execution time for kernels is 0.458295s
 INFO: Computing semblance for m0 = 9460
 INFO: Total execution time for kernels is 0.43683s
 INFO: Computing semblance for m0 = 9480
 INFO: Total execution time for kernels is 0.419173s
 INFO: Computing semblance for m0 = 9500
 INFO: Total execution time for kernels is 0.39847s
 INFO: Computing semblance for m0 = 9520
 INFO: Total execution time for kernels is 0.381094s
 INFO: Computing semblance for m0 = 9540
 INFO: Total execution time for kernels is 0.36123s
 INFO: Computing semblance for m0 = 9560
 INFO: Total execution time for kernels is 0.34427s
 INFO: Computing semblance for m0 = 9580
 INFO: Total execution time for kernels is 0.32388s
 INFO: Computing semblance for m0 = 9600
 INFO: Total execution time for kernels is 0.306427s
 INFO: Computing semblance for m0 = 9620
 INFO: Total execution time for kernels is 0.286408s
 INFO: Computing semblance for m0 = 9640
 INFO: Total execution time for kernels is 0.269536s
 INFO: Computing semblance for m0 = 9660
 INFO: Total execution time for kernels is 0.249329s
 INFO: Computing semblance for m0 = 9680
 INFO: Total execution time for kernels is 0.232601s
 INFO: Computing semblance for m0 = 9700
 INFO: Total execution time for kernels is 0.213652s
 INFO: Computing semblance for m0 = 9720
 INFO: Total execution time for kernels is 0.197805s
 INFO: Computing semblance for m0 = 9740
 INFO: Total execution time for kernels is 0.180276s
 INFO: Computing semblance for m0 = 9760
 INFO: Total execution time for kernels is 0.164893s
 INFO: Computing semblance for m0 = 9780
 INFO: Total execution time for kernels is 0.146972s
 INFO: Computing semblance for m0 = 9800
 INFO: Total execution time for kernels is 0.130991s
 INFO: Computing semblance for m0 = 9820
 INFO: Total execution time for kernels is 0.113731s
 INFO: Computing semblance for m0 = 9840
 INFO: Total execution time for kernels is 0.0993635s
 INFO: Computing semblance for m0 = 9860
 INFO: Total execution time for kernels is 0.0846966s
 INFO: Computing semblance for m0 = 9880
 INFO: Total execution time for kernels is 0.0731351s
 INFO: Computing semblance for m0 = 9900
 INFO: Total execution time for kernels is 0.060894s
 INFO: Computing semblance for m0 = 9920
 INFO: Total execution time for kernels is 0.0521199s
 INFO: Computing semblance for m0 = 9940
 INFO: Total execution time for kernels is 0.0428006s
 INFO: Average of efficiency is 1
 INFO: Average of interpolations_per_sec is 1.94627e+11
 INFO: Average of selected_traces is 309.888
 INFO: Average of total_selection_kernel_exec_time is 0.00368722
 INFO: Average of total_kernel_exec_time is 0.761385
 INFO: Results written to /home/ubuntu/nfs/out/0447d1c_p3.2xlarge/zocrs/greedy/cuda/simple-synthetic_2/simple-synthetic_greedy_zocrs_20210101_0217/
 INFO: It took 395.575s to compute.
