 INFO: Number of CDPs = 445
 INFO: Number of traces in the gather = 9200
 INFO: Number of samples per trace = 2502
 INFO: Starting worker threads...
 INFO: Computing semblance for m0 = 0
 INFO: Computing semblance for m0 = 1080
 INFO: Total execution time for kernels is 0.00393604s
 INFO: Computing semblance for m0 = 1100
 INFO: Total execution time for kernels is 0.287562s
 INFO: Computing semblance for m0 = 1120
 INFO: Total execution time for kernels is 0.32123s
 INFO: Computing semblance for m0 = 1140
 INFO: Computing semblance for m0 = 1160
 INFO: Total execution time for kernels is 0.246379s
 INFO: Computing semblance for m0 = 1180
 INFO: Total execution time for kernels is 0.288961s
 INFO: Computing semblance for m0 = 1200
 INFO: Computing semblance for m0 = 1220
 INFO: Total execution time for kernels is 0.372097s
 INFO: Computing semblance for m0 = 1240
 INFO: Computing semblance for m0 = 1260
 INFO: Total execution time for kernels is 0.274029s
 INFO: Computing semblance for m0 = 1280
 INFO: Total execution time for kernels is 0.288456s
 INFO: Computing semblance for m0 = 1300
 INFO: Total execution time for kernels is 0.391315s
 INFO: Computing semblance for m0 = 1320
 INFO: Computing semblance for m0 = 1340
 INFO: Computing semblance for m0 = 1360
 INFO: Computing semblance for m0 = 1380
 INFO: Computing semblance for m0 = 1400
 INFO: Computing semblance for m0 = 1420
 INFO: Computing semblance for m0 = 1440
 INFO: Computing semblance for m0 = 1460
 INFO: Computing semblance for m0 = 1480
 INFO: Computing semblance for m0 = 1500
 INFO: Computing semblance for m0 = 1520
 INFO: Computing semblance for m0 = 1540
 INFO: Total execution time for kernels is 0.328415s
 INFO: Computing semblance for m0 = 1560
 INFO: Total execution time for kernels is 0.329748s
 INFO: Computing semblance for m0 = 1580
 INFO: Total execution time for kernels is 0.348914s
 INFO: Computing semblance for m0 = 1600
 INFO: Total execution time for kernels is 0.3831s
 INFO: Computing semblance for m0 = 1620
 INFO: Total execution time for kernels is 0.439902s
 INFO: Computing semblance for m0 = 1640
 INFO: Total execution time for kernels is 0.49251s
 INFO: Computing semblance for m0 = 1660
 INFO: Total execution time for kernels is 0.528298s
 INFO: Computing semblance for m0 = 1680
 INFO: Total execution time for kernels is 0.547075s
 INFO: Computing semblance for m0 = 1700
 INFO: Total execution time for kernels is 0.558121s
 INFO: Computing semblance for m0 = 1720
 INFO: Total execution time for kernels is 0.59411s
 INFO: Computing semblance for m0 = 1740
 INFO: Total execution time for kernels is 0.610788s
 INFO: Computing semblance for m0 = 1760
 INFO: Total execution time for kernels is 0.627652s
 INFO: Computing semblance for m0 = 1780
 INFO: Total execution time for kernels is 0.657513s
 INFO: Computing semblance for m0 = 1800
 INFO: Total execution time for kernels is 0.736386s
 INFO: Computing semblance for m0 = 1820
 INFO: Total execution time for kernels is 0.750399s
 INFO: Computing semblance for m0 = 1840
 INFO: Total execution time for kernels is 0.819428s
 INFO: Computing semblance for m0 = 1860
 INFO: Total execution time for kernels is 0.74652s
 INFO: Computing semblance for m0 = 1880
 INFO: Total execution time for kernels is 0.750528s
 INFO: Computing semblance for m0 = 1900
 INFO: Total execution time for kernels is 0.821608s
 INFO: Computing semblance for m0 = 1920
 INFO: Total execution time for kernels is 0.828141s
 INFO: Computing semblance for m0 = 1940
 INFO: Total execution time for kernels is 0.876534s
 INFO: Computing semblance for m0 = 1960
 INFO: Total execution time for kernels is 0.900369s
 INFO: Computing semblance for m0 = 1980
 INFO: Total execution time for kernels is 0.985345s
 INFO: Computing semblance for m0 = 2000
 INFO: Total execution time for kernels is 1.00053s
 INFO: Computing semblance for m0 = 2020
 INFO: Total execution time for kernels is 1.01259s
 INFO: Computing semblance for m0 = 2040
 INFO: Total execution time for kernels is 1.03922s
 INFO: Computing semblance for m0 = 2060
 INFO: Total execution time for kernels is 1.11398s
 INFO: Computing semblance for m0 = 2080
 INFO: Total execution time for kernels is 1.18336s
 INFO: Computing semblance for m0 = 2100
 INFO: Total execution time for kernels is 1.20188s
 INFO: Computing semblance for m0 = 2120
 INFO: Total execution time for kernels is 1.24162s
 INFO: Computing semblance for m0 = 2140
 INFO: Total execution time for kernels is 1.25013s
 INFO: Computing semblance for m0 = 2160
 INFO: Total execution time for kernels is 1.32618s
 INFO: Computing semblance for m0 = 2180
 INFO: Total execution time for kernels is 1.32289s
 INFO: Computing semblance for m0 = 2200
 INFO: Total execution time for kernels is 1.36475s
 INFO: Computing semblance for m0 = 2220
 INFO: Total execution time for kernels is 1.41561s
 INFO: Computing semblance for m0 = 2240
 INFO: Total execution time for kernels is 1.39623s
 INFO: Computing semblance for m0 = 2260
 INFO: Total execution time for kernels is 1.40699s
 INFO: Computing semblance for m0 = 2280
 INFO: Total execution time for kernels is 1.43413s
 INFO: Computing semblance for m0 = 2300
 INFO: Total execution time for kernels is 1.46796s
 INFO: Computing semblance for m0 = 2320
 INFO: Total execution time for kernels is 1.52849s
 INFO: Computing semblance for m0 = 2340
 INFO: Total execution time for kernels is 1.50517s
 INFO: Computing semblance for m0 = 2360
 INFO: Total execution time for kernels is 1.45159s
 INFO: Computing semblance for m0 = 2380
 INFO: Total execution time for kernels is 1.53154s
 INFO: Computing semblance for m0 = 2400
 INFO: Total execution time for kernels is 1.56924s
 INFO: Computing semblance for m0 = 2420
 INFO: Total execution time for kernels is 1.54717s
 INFO: Computing semblance for m0 = 2440
 INFO: Total execution time for kernels is 1.49785s
 INFO: Computing semblance for m0 = 2460
 INFO: Total execution time for kernels is 1.51983s
 INFO: Computing semblance for m0 = 2480
 INFO: Total execution time for kernels is 1.55467s
 INFO: Computing semblance for m0 = 2500
 INFO: Total execution time for kernels is 1.46894s
 INFO: Computing semblance for m0 = 2520
 INFO: Total execution time for kernels is 1.56397s
 INFO: Computing semblance for m0 = 2540
 INFO: Total execution time for kernels is 1.54585s
 INFO: Computing semblance for m0 = 2560
 INFO: Total execution time for kernels is 1.5054s
 INFO: Computing semblance for m0 = 2580
 INFO: Total execution time for kernels is 1.48743s
 INFO: Computing semblance for m0 = 2600
 INFO: Total execution time for kernels is 1.4945s
 INFO: Computing semblance for m0 = 2620
 INFO: Total execution time for kernels is 1.49153s
 INFO: Computing semblance for m0 = 2640
 INFO: Total execution time for kernels is 1.47585s
 INFO: Computing semblance for m0 = 2660
 INFO: Total execution time for kernels is 1.55147s
 INFO: Computing semblance for m0 = 2680
 INFO: Total execution time for kernels is 1.60306s
 INFO: Computing semblance for m0 = 2700
 INFO: Total execution time for kernels is 1.54751s
 INFO: Computing semblance for m0 = 2720
 INFO: Total execution time for kernels is 1.55216s
 INFO: Computing semblance for m0 = 2740
 INFO: Total execution time for kernels is 1.58524s
 INFO: Computing semblance for m0 = 2760
 INFO: Total execution time for kernels is 1.50876s
 INFO: Computing semblance for m0 = 2780
 INFO: Total execution time for kernels is 1.53057s
 INFO: Computing semblance for m0 = 2800
 INFO: Total execution time for kernels is 1.47761s
 INFO: Computing semblance for m0 = 2820
 INFO: Total execution time for kernels is 1.5703s
 INFO: Computing semblance for m0 = 2840
 INFO: Total execution time for kernels is 1.5774s
 INFO: Computing semblance for m0 = 2860
 INFO: Total execution time for kernels is 1.50681s
 INFO: Computing semblance for m0 = 2880
 INFO: Total execution time for kernels is 1.55214s
 INFO: Computing semblance for m0 = 2900
 INFO: Total execution time for kernels is 1.49908s
 INFO: Computing semblance for m0 = 2920
 INFO: Total execution time for kernels is 1.51657s
 INFO: Computing semblance for m0 = 2940
 INFO: Total execution time for kernels is 1.5068s
 INFO: Computing semblance for m0 = 2960
 INFO: Total execution time for kernels is 1.48366s
 INFO: Computing semblance for m0 = 2980
 INFO: Total execution time for kernels is 1.55939s
 INFO: Computing semblance for m0 = 3000
 INFO: Total execution time for kernels is 1.59586s
 INFO: Computing semblance for m0 = 3020
 INFO: Total execution time for kernels is 1.56311s
 INFO: Computing semblance for m0 = 3040
 INFO: Total execution time for kernels is 1.51874s
 INFO: Computing semblance for m0 = 3060
 INFO: Total execution time for kernels is 1.56323s
 INFO: Computing semblance for m0 = 3080
 INFO: Total execution time for kernels is 1.53931s
 INFO: Computing semblance for m0 = 3100
 INFO: Total execution time for kernels is 1.5943s
 INFO: Computing semblance for m0 = 3120
 INFO: Total execution time for kernels is 1.48563s
 INFO: Computing semblance for m0 = 3140
 INFO: Total execution time for kernels is 1.57698s
 INFO: Computing semblance for m0 = 3160
 INFO: Total execution time for kernels is 1.50866s
 INFO: Computing semblance for m0 = 3180
 INFO: Total execution time for kernels is 1.58872s
 INFO: Computing semblance for m0 = 3200
 INFO: Total execution time for kernels is 1.56639s
 INFO: Computing semblance for m0 = 3220
 INFO: Total execution time for kernels is 1.49735s
 INFO: Computing semblance for m0 = 3240
 INFO: Total execution time for kernels is 1.5043s
 INFO: Computing semblance for m0 = 3260
 INFO: Total execution time for kernels is 1.47489s
 INFO: Computing semblance for m0 = 3280
 INFO: Total execution time for kernels is 1.4958s
 INFO: Computing semblance for m0 = 3300
 INFO: Total execution time for kernels is 1.55031s
 INFO: Computing semblance for m0 = 3320
 INFO: Total execution time for kernels is 1.59527s
 INFO: Computing semblance for m0 = 3340
 INFO: Total execution time for kernels is 1.55847s
 INFO: Computing semblance for m0 = 3360
 INFO: Total execution time for kernels is 1.51398s
 INFO: Computing semblance for m0 = 3380
 INFO: Total execution time for kernels is 1.55764s
 INFO: Computing semblance for m0 = 3400
 INFO: Total execution time for kernels is 1.53638s
 INFO: Computing semblance for m0 = 3420
 INFO: Total execution time for kernels is 1.58363s
 INFO: Computing semblance for m0 = 3440
 INFO: Total execution time for kernels is 1.47864s
 INFO: Computing semblance for m0 = 3460
 INFO: Total execution time for kernels is 1.56779s
 INFO: Computing semblance for m0 = 3480
 INFO: Total execution time for kernels is 1.50094s
 INFO: Computing semblance for m0 = 3500
 INFO: Total execution time for kernels is 1.56706s
 INFO: Computing semblance for m0 = 3520
 INFO: Total execution time for kernels is 1.49119s
 INFO: Computing semblance for m0 = 3540
 INFO: Total execution time for kernels is 1.55238s
 INFO: Computing semblance for m0 = 3560
 INFO: Total execution time for kernels is 1.4967s
 INFO: Computing semblance for m0 = 3580
 INFO: Total execution time for kernels is 1.46502s
 INFO: Computing semblance for m0 = 3600
 INFO: Total execution time for kernels is 1.4938s
 INFO: Computing semblance for m0 = 3620
 INFO: Total execution time for kernels is 1.53455s
 INFO: Computing semblance for m0 = 3640
 INFO: Total execution time for kernels is 1.58526s
 INFO: Computing semblance for m0 = 3660
 INFO: Total execution time for kernels is 1.55323s
 INFO: Computing semblance for m0 = 3680
 INFO: Total execution time for kernels is 1.51172s
 INFO: Computing semblance for m0 = 3700
 INFO: Total execution time for kernels is 1.55188s
 INFO: Computing semblance for m0 = 3720
 INFO: Total execution time for kernels is 1.53699s
 INFO: Computing semblance for m0 = 3740
 INFO: Total execution time for kernels is 1.47366s
 INFO: Computing semblance for m0 = 3760
 INFO: Total execution time for kernels is 1.5867s
 INFO: Computing semblance for m0 = 3780
 INFO: Total execution time for kernels is 1.56227s
 INFO: Computing semblance for m0 = 3800
 INFO: Total execution time for kernels is 1.49991s
 INFO: Computing semblance for m0 = 3820
 INFO: Total execution time for kernels is 1.48169s
 INFO: Computing semblance for m0 = 3840
 INFO: Total execution time for kernels is 1.56478s
 INFO: Computing semblance for m0 = 3860
 INFO: Total execution time for kernels is 1.54913s
 INFO: Computing semblance for m0 = 3880
 INFO: Total execution time for kernels is 1.45218s
 INFO: Computing semblance for m0 = 3900
 INFO: Total execution time for kernels is 1.48278s
 INFO: Computing semblance for m0 = 3920
 INFO: Total execution time for kernels is 1.48494s
 INFO: Computing semblance for m0 = 3940
 INFO: Total execution time for kernels is 1.52772s
 INFO: Computing semblance for m0 = 3960
 INFO: Total execution time for kernels is 1.53196s
 INFO: Computing semblance for m0 = 3980
 INFO: Total execution time for kernels is 1.58891s
 INFO: Computing semblance for m0 = 4000
 INFO: Total execution time for kernels is 1.49264s
 INFO: Computing semblance for m0 = 4020
 INFO: Total execution time for kernels is 1.53758s
 INFO: Computing semblance for m0 = 4040
 INFO: Total execution time for kernels is 1.4677s
 INFO: Computing semblance for m0 = 4060
 INFO: Total execution time for kernels is 1.52681s
 INFO: Computing semblance for m0 = 4080
 INFO: Total execution time for kernels is 1.56625s
 INFO: Computing semblance for m0 = 4100
 INFO: Total execution time for kernels is 1.49192s
 INFO: Computing semblance for m0 = 4120
 INFO: Total execution time for kernels is 1.55185s
 INFO: Computing semblance for m0 = 4140
 INFO: Total execution time for kernels is 1.47652s
 INFO: Computing semblance for m0 = 4160
 INFO: Total execution time for kernels is 1.54258s
 INFO: Computing semblance for m0 = 4180
 INFO: Total execution time for kernels is 1.57012s
 INFO: Computing semblance for m0 = 4200
 INFO: Total execution time for kernels is 1.46456s
 INFO: Computing semblance for m0 = 4220
 INFO: Total execution time for kernels is 1.48533s
 INFO: Computing semblance for m0 = 4240
 INFO: Total execution time for kernels is 1.48683s
 INFO: Computing semblance for m0 = 4260
 INFO: Total execution time for kernels is 1.53505s
 INFO: Computing semblance for m0 = 4280
 INFO: Total execution time for kernels is 1.49619s
 INFO: Computing semblance for m0 = 4300
 INFO: Total execution time for kernels is 1.54161s
 INFO: Computing semblance for m0 = 4320
 INFO: Total execution time for kernels is 1.58401s
 INFO: Computing semblance for m0 = 4340
 INFO: Total execution time for kernels is 1.46866s
 INFO: Computing semblance for m0 = 4360
 INFO: Total execution time for kernels is 1.53227s
 INFO: Computing semblance for m0 = 4380
 INFO: Total execution time for kernels is 1.5271s
 INFO: Computing semblance for m0 = 4400
 INFO: Total execution time for kernels is 1.56995s
 INFO: Computing semblance for m0 = 4420
 INFO: Total execution time for kernels is 1.49492s
 INFO: Computing semblance for m0 = 4440
 INFO: Total execution time for kernels is 1.48139s
 INFO: Computing semblance for m0 = 4460
 INFO: Total execution time for kernels is 1.56591s
 INFO: Computing semblance for m0 = 4480
 INFO: Total execution time for kernels is 1.54681s
 INFO: Computing semblance for m0 = 4500
 INFO: Total execution time for kernels is 1.5624s
 INFO: Computing semblance for m0 = 4520
 INFO: Total execution time for kernels is 1.46855s
 INFO: Computing semblance for m0 = 4540
 INFO: Total execution time for kernels is 1.50075s
 INFO: Computing semblance for m0 = 4560
 INFO: Total execution time for kernels is 1.50634s
 INFO: Computing semblance for m0 = 4580
 INFO: Total execution time for kernels is 1.54302s
 INFO: Computing semblance for m0 = 4600
 INFO: Total execution time for kernels is 1.51032s
 INFO: Computing semblance for m0 = 4620
 INFO: Total execution time for kernels is 1.55398s
 INFO: Computing semblance for m0 = 4640
 INFO: Total execution time for kernels is 1.46831s
 INFO: Computing semblance for m0 = 4660
 INFO: Total execution time for kernels is 1.59091s
 INFO: Computing semblance for m0 = 4680
 INFO: Total execution time for kernels is 1.53388s
 INFO: Computing semblance for m0 = 4700
 INFO: Total execution time for kernels is 1.55699s
 INFO: Computing semblance for m0 = 4720
 INFO: Total execution time for kernels is 1.5799s
 INFO: Computing semblance for m0 = 4740
 INFO: Total execution time for kernels is 1.49907s
 INFO: Computing semblance for m0 = 4760
 INFO: Total execution time for kernels is 1.49345s
 INFO: Computing semblance for m0 = 4780
 INFO: Total execution time for kernels is 1.57005s
 INFO: Computing semblance for m0 = 4800
 INFO: Total execution time for kernels is 1.46033s
 INFO: Computing semblance for m0 = 4820
 INFO: Total execution time for kernels is 1.55671s
 INFO: Computing semblance for m0 = 4840
 INFO: Total execution time for kernels is 1.56859s
 INFO: Computing semblance for m0 = 4860
 INFO: Total execution time for kernels is 1.49507s
 INFO: Computing semblance for m0 = 4880
 INFO: Total execution time for kernels is 1.49452s
 INFO: Computing semblance for m0 = 4900
 INFO: Total execution time for kernels is 1.54154s
 INFO: Computing semblance for m0 = 4920
 INFO: Total execution time for kernels is 1.50144s
 INFO: Computing semblance for m0 = 4940
 INFO: Total execution time for kernels is 1.46234s
 INFO: Computing semblance for m0 = 4960
 INFO: Total execution time for kernels is 1.53146s
 INFO: Computing semblance for m0 = 4980
 INFO: Total execution time for kernels is 1.58184s
 INFO: Computing semblance for m0 = 5000
 INFO: Total execution time for kernels is 1.52443s
 INFO: Computing semblance for m0 = 5020
 INFO: Total execution time for kernels is 1.54106s
 INFO: Computing semblance for m0 = 5040
 INFO: Total execution time for kernels is 1.50592s
 INFO: Computing semblance for m0 = 5060
 INFO: Total execution time for kernels is 1.57569s
 INFO: Computing semblance for m0 = 5080
 INFO: Total execution time for kernels is 1.49592s
 INFO: Computing semblance for m0 = 5100
 INFO: Total execution time for kernels is 1.56488s
 INFO: Computing semblance for m0 = 5120
 INFO: Total execution time for kernels is 1.4747s
 INFO: Computing semblance for m0 = 5140
 INFO: Total execution time for kernels is 1.56584s
 INFO: Computing semblance for m0 = 5160
 INFO: Total execution time for kernels is 1.51364s
 INFO: Computing semblance for m0 = 5180
 INFO: Total execution time for kernels is 1.582s
 INFO: Computing semblance for m0 = 5200
 INFO: Total execution time for kernels is 1.51872s
 INFO: Computing semblance for m0 = 5220
 INFO: Total execution time for kernels is 1.56322s
 INFO: Computing semblance for m0 = 5240
 INFO: Total execution time for kernels is 1.53692s
 INFO: Computing semblance for m0 = 5260
 INFO: Total execution time for kernels is 1.48475s
 INFO: Computing semblance for m0 = 5280
 INFO: Total execution time for kernels is 1.57472s
 INFO: Computing semblance for m0 = 5300
 INFO: Total execution time for kernels is 1.55449s
 INFO: Computing semblance for m0 = 5320
 INFO: Total execution time for kernels is 1.57238s
 INFO: Computing semblance for m0 = 5340
 INFO: Total execution time for kernels is 1.6055s
 INFO: Computing semblance for m0 = 5360
 INFO: Total execution time for kernels is 1.5164s
 INFO: Computing semblance for m0 = 5380
 INFO: Total execution time for kernels is 1.49873s
 INFO: Computing semblance for m0 = 5400
 INFO: Total execution time for kernels is 1.59107s
 INFO: Computing semblance for m0 = 5420
 INFO: Total execution time for kernels is 1.4851s
 INFO: Computing semblance for m0 = 5440
 INFO: Total execution time for kernels is 1.57097s
 INFO: Computing semblance for m0 = 5460
 INFO: Total execution time for kernels is 1.51672s
 INFO: Computing semblance for m0 = 5480
 INFO: Total execution time for kernels is 1.5706s
 INFO: Computing semblance for m0 = 5500
 INFO: Total execution time for kernels is 1.52782s
 INFO: Computing semblance for m0 = 5520
 INFO: Total execution time for kernels is 1.59032s
 INFO: Computing semblance for m0 = 5540
 INFO: Total execution time for kernels is 1.56245s
 INFO: Computing semblance for m0 = 5560
 INFO: Total execution time for kernels is 1.48481s
 INFO: Computing semblance for m0 = 5580
 INFO: Total execution time for kernels is 1.53466s
 INFO: Computing semblance for m0 = 5600
 INFO: Total execution time for kernels is 1.57014s
 INFO: Computing semblance for m0 = 5620
 INFO: Total execution time for kernels is 1.55429s
 INFO: Computing semblance for m0 = 5640
 INFO: Total execution time for kernels is 1.5658s
 INFO: Computing semblance for m0 = 5660
 INFO: Total execution time for kernels is 1.60215s
 INFO: Computing semblance for m0 = 5680
 INFO: Total execution time for kernels is 1.50697s
 INFO: Computing semblance for m0 = 5700
 INFO: Total execution time for kernels is 1.50069s
 INFO: Computing semblance for m0 = 5720
 INFO: Total execution time for kernels is 1.59818s
 INFO: Computing semblance for m0 = 5740
 INFO: Total execution time for kernels is 1.46983s
 INFO: Computing semblance for m0 = 5760
 INFO: Total execution time for kernels is 1.57204s
 INFO: Computing semblance for m0 = 5780
 INFO: Total execution time for kernels is 1.49962s
 INFO: Computing semblance for m0 = 5800
 INFO: Total execution time for kernels is 1.56167s
 INFO: Computing semblance for m0 = 5820
 INFO: Total execution time for kernels is 1.49935s
 INFO: Computing semblance for m0 = 5840
 INFO: Total execution time for kernels is 1.57729s
 INFO: Computing semblance for m0 = 5860
 INFO: Total execution time for kernels is 1.47384s
 INFO: Computing semblance for m0 = 5880
 INFO: Total execution time for kernels is 1.55389s
 INFO: Computing semblance for m0 = 5900
 INFO: Total execution time for kernels is 1.52473s
 INFO: Computing semblance for m0 = 5920
 INFO: Total execution time for kernels is 1.56095s
 INFO: Computing semblance for m0 = 5940
 INFO: Total execution time for kernels is 1.54512s
 INFO: Computing semblance for m0 = 5960
 INFO: Total execution time for kernels is 1.56278s
 INFO: Computing semblance for m0 = 5980
 INFO: Total execution time for kernels is 1.52522s
 INFO: Computing semblance for m0 = 6000
 INFO: Total execution time for kernels is 1.61403s
 INFO: Computing semblance for m0 = 6020
 INFO: Total execution time for kernels is 1.50371s
 INFO: Computing semblance for m0 = 6040
 INFO: Total execution time for kernels is 1.48839s
 INFO: Computing semblance for m0 = 6060
 INFO: Total execution time for kernels is 1.59874s
 INFO: Computing semblance for m0 = 6080
 INFO: Total execution time for kernels is 1.51998s
 INFO: Computing semblance for m0 = 6100
 INFO: Total execution time for kernels is 1.58965s
 INFO: Computing semblance for m0 = 6120
 INFO: Total execution time for kernels is 1.51328s
 INFO: Computing semblance for m0 = 6140
 INFO: Total execution time for kernels is 1.57875s
 INFO: Computing semblance for m0 = 6160
 INFO: Total execution time for kernels is 1.58838s
 INFO: Computing semblance for m0 = 6180
 INFO: Total execution time for kernels is 1.4819s
 INFO: Computing semblance for m0 = 6200
 INFO: Total execution time for kernels is 1.52691s
 INFO: Computing semblance for m0 = 6220
 INFO: Total execution time for kernels is 1.57422s
 INFO: Computing semblance for m0 = 6240
 INFO: Total execution time for kernels is 1.57163s
 INFO: Computing semblance for m0 = 6260
 INFO: Total execution time for kernels is 1.54244s
 INFO: Computing semblance for m0 = 6280
 INFO: Total execution time for kernels is 1.55196s
 INFO: Computing semblance for m0 = 6300
 INFO: Total execution time for kernels is 1.5085s
 INFO: Computing semblance for m0 = 6320
 INFO: Total execution time for kernels is 1.49155s
 INFO: Computing semblance for m0 = 6340
 INFO: Total execution time for kernels is 1.61117s
 INFO: Computing semblance for m0 = 6360
 INFO: Total execution time for kernels is 1.48637s
 INFO: Computing semblance for m0 = 6380
 INFO: Total execution time for kernels is 1.57905s
 INFO: Computing semblance for m0 = 6400
 INFO: Total execution time for kernels is 1.50564s
 INFO: Computing semblance for m0 = 6420
 INFO: Total execution time for kernels is 1.56408s
 INFO: Computing semblance for m0 = 6440
 INFO: Total execution time for kernels is 1.50655s
 INFO: Computing semblance for m0 = 6460
 INFO: Total execution time for kernels is 1.55229s
 INFO: Computing semblance for m0 = 6480
 INFO: Total execution time for kernels is 1.57904s
 INFO: Computing semblance for m0 = 6500
 INFO: Total execution time for kernels is 1.48017s
 INFO: Computing semblance for m0 = 6520
 INFO: Total execution time for kernels is 1.53017s
 INFO: Computing semblance for m0 = 6540
 INFO: Total execution time for kernels is 1.5598s
 INFO: Computing semblance for m0 = 6560
 INFO: Total execution time for kernels is 1.56597s
 INFO: Computing semblance for m0 = 6580
 INFO: Total execution time for kernels is 1.54996s
 INFO: Computing semblance for m0 = 6600
 INFO: Total execution time for kernels is 1.5187s
 INFO: Computing semblance for m0 = 6620
 INFO: Total execution time for kernels is 1.50528s
 INFO: Computing semblance for m0 = 6640
 INFO: Total execution time for kernels is 1.57291s
 INFO: Computing semblance for m0 = 6660
 INFO: Total execution time for kernels is 1.48564s
 INFO: Computing semblance for m0 = 6680
 INFO: Total execution time for kernels is 1.61856s
 INFO: Computing semblance for m0 = 6700
 INFO: Total execution time for kernels is 1.5983s
 INFO: Computing semblance for m0 = 6720
 INFO: Total execution time for kernels is 1.52075s
 INFO: Computing semblance for m0 = 6740
 INFO: Total execution time for kernels is 1.52627s
 INFO: Computing semblance for m0 = 6760
 INFO: Total execution time for kernels is 1.58084s
 INFO: Computing semblance for m0 = 6780
 INFO: Total execution time for kernels is 1.57595s
 INFO: Computing semblance for m0 = 6800
 INFO: Total execution time for kernels is 1.60796s
 INFO: Computing semblance for m0 = 6820
 INFO: Total execution time for kernels is 1.4917s
 INFO: Computing semblance for m0 = 6840
 INFO: Total execution time for kernels is 1.5377s
 INFO: Computing semblance for m0 = 6860
 INFO: Total execution time for kernels is 1.5687s
 INFO: Computing semblance for m0 = 6880
 INFO: Total execution time for kernels is 1.57336s
 INFO: Total execution time for kernels is 1.55655s
 INFO: Computing semblance for m0 = 6900
 INFO: Computing semblance for m0 = 6920
 INFO: Total execution time for kernels is 1.52354s
 INFO: Computing semblance for m0 = 6940
 INFO: Total execution time for kernels is 1.50746s
 INFO: Computing semblance for m0 = 6960
 INFO: Total execution time for kernels is 1.57779s
 INFO: Computing semblance for m0 = 6980
 INFO: Total execution time for kernels is 1.48953s
 INFO: Computing semblance for m0 = 7000
 INFO: Total execution time for kernels is 1.62411s
 INFO: Computing semblance for m0 = 7020
 INFO: Total execution time for kernels is 1.52279s
 INFO: Computing semblance for m0 = 7040
 INFO: Total execution time for kernels is 1.59301s
 INFO: Computing semblance for m0 = 7060
 INFO: Total execution time for kernels is 1.52212s
 INFO: Computing semblance for m0 = 7080
 INFO: Total execution time for kernels is 1.58402s
 INFO: Computing semblance for m0 = 7100
 INFO: Total execution time for kernels is 1.56441s
 INFO: Computing semblance for m0 = 7120
 INFO: Total execution time for kernels is 1.48348s
 INFO: Computing semblance for m0 = 7140
 INFO: Total execution time for kernels is 1.58896s
 INFO: Computing semblance for m0 = 7160
 INFO: Total execution time for kernels is 1.54107s
 INFO: Computing semblance for m0 = 7180
 INFO: Total execution time for kernels is 1.57586s
 INFO: Computing semblance for m0 = 7200
 INFO: Total execution time for kernels is 1.55185s
 INFO: Computing semblance for m0 = 7220
 INFO: Total execution time for kernels is 1.51527s
 INFO: Computing semblance for m0 = 7240
 INFO: Total execution time for kernels is 1.52695s
 INFO: Computing semblance for m0 = 7260
 INFO: Total execution time for kernels is 1.58133s
 INFO: Computing semblance for m0 = 7280
 INFO: Total execution time for kernels is 1.50425s
 INFO: Computing semblance for m0 = 7300
 INFO: Total execution time for kernels is 1.58505s
 INFO: Computing semblance for m0 = 7320
 INFO: Total execution time for kernels is 1.62347s
 INFO: Computing semblance for m0 = 7340
 INFO: Total execution time for kernels is 1.52994s
 INFO: Computing semblance for m0 = 7360
 INFO: Total execution time for kernels is 1.53034s
 INFO: Computing semblance for m0 = 7380
 INFO: Total execution time for kernels is 1.6093s
 INFO: Computing semblance for m0 = 7400
 INFO: Total execution time for kernels is 1.59436s
 INFO: Computing semblance for m0 = 7420
 INFO: Total execution time for kernels is 1.58586s
 INFO: Computing semblance for m0 = 7440
 INFO: Total execution time for kernels is 1.49834s
 INFO: Computing semblance for m0 = 7460
 INFO: Total execution time for kernels is 1.60535s
 INFO: Computing semblance for m0 = 7480
 INFO: Total execution time for kernels is 1.55072s
 INFO: Computing semblance for m0 = 7500
 INFO: Total execution time for kernels is 1.58708s
 INFO: Computing semblance for m0 = 7520
 INFO: Total execution time for kernels is 1.52518s
 INFO: Computing semblance for m0 = 7540
 INFO: Total execution time for kernels is 1.54094s
 INFO: Computing semblance for m0 = 7560
 INFO: Total execution time for kernels is 1.57673s
 INFO: Computing semblance for m0 = 7580
 INFO: Total execution time for kernels is 1.58575s
 INFO: Computing semblance for m0 = 7600
 INFO: Total execution time for kernels is 1.5056s
 INFO: Computing semblance for m0 = 7620
 INFO: Total execution time for kernels is 1.58285s
 INFO: Computing semblance for m0 = 7640
 INFO: Total execution time for kernels is 1.52475s
 INFO: Computing semblance for m0 = 7660
 INFO: Total execution time for kernels is 1.62719s
 INFO: Computing semblance for m0 = 7680
 INFO: Total execution time for kernels is 1.529s
 INFO: Computing semblance for m0 = 7700
 INFO: Total execution time for kernels is 1.6086s
 INFO: Computing semblance for m0 = 7720
 INFO: Total execution time for kernels is 1.60735s
 INFO: Computing semblance for m0 = 7740
 INFO: Total execution time for kernels is 1.5117s
 INFO: Computing semblance for m0 = 7760
 INFO: Total execution time for kernels is 1.59487s
 INFO: Computing semblance for m0 = 7780
 INFO: Total execution time for kernels is 1.60548s
 INFO: Computing semblance for m0 = 7800
 INFO: Total execution time for kernels is 1.55915s
 INFO: Computing semblance for m0 = 7820
 INFO: Total execution time for kernels is 1.59127s
 INFO: Computing semblance for m0 = 7840
 INFO: Total execution time for kernels is 1.52914s
 INFO: Computing semblance for m0 = 7860
 INFO: Total execution time for kernels is 1.52809s
 INFO: Computing semblance for m0 = 7880
 INFO: Total execution time for kernels is 1.56644s
 INFO: Computing semblance for m0 = 7900
 INFO: Total execution time for kernels is 1.50479s
 INFO: Computing semblance for m0 = 7920
 INFO: Total execution time for kernels is 1.57746s
 INFO: Computing semblance for m0 = 7940
 INFO: Total execution time for kernels is 1.58501s
 INFO: Computing semblance for m0 = 7960
 INFO: Total execution time for kernels is 1.53342s
 INFO: Computing semblance for m0 = 7980
 INFO: Total execution time for kernels is 1.52981s
 INFO: Computing semblance for m0 = 8000
 INFO: Total execution time for kernels is 1.61911s
 INFO: Computing semblance for m0 = 8020
 INFO: Total execution time for kernels is 1.59941s
 INFO: Computing semblance for m0 = 8040
 INFO: Total execution time for kernels is 1.49363s
 INFO: Computing semblance for m0 = 8060
 INFO: Total execution time for kernels is 1.58444s
 INFO: Computing semblance for m0 = 8080
 INFO: Total execution time for kernels is 1.57874s
 INFO: Computing semblance for m0 = 8100
 INFO: Total execution time for kernels is 1.59658s
 INFO: Computing semblance for m0 = 8120
 INFO: Total execution time for kernels is 1.54842s
 INFO: Computing semblance for m0 = 8140
 INFO: Total execution time for kernels is 1.56943s
 INFO: Computing semblance for m0 = 8160
 INFO: Total execution time for kernels is 1.52326s
 INFO: Computing semblance for m0 = 8180
 INFO: Total execution time for kernels is 1.52871s
 INFO: Computing semblance for m0 = 8200
 INFO: Total execution time for kernels is 1.49249s
 INFO: Computing semblance for m0 = 8220
 INFO: Total execution time for kernels is 1.5592s
 INFO: Computing semblance for m0 = 8240
 INFO: Total execution time for kernels is 1.57009s
 INFO: Computing semblance for m0 = 8260
 INFO: Total execution time for kernels is 1.57781s
 INFO: Computing semblance for m0 = 8280
 INFO: Total execution time for kernels is 1.53324s
 INFO: Computing semblance for m0 = 8300
 INFO: Total execution time for kernels is 1.5303s
 INFO: Computing semblance for m0 = 8320
 INFO: Total execution time for kernels is 1.62075s
 INFO: Computing semblance for m0 = 8340
 INFO: Total execution time for kernels is 1.50358s
 INFO: Computing semblance for m0 = 8360
 INFO: Total execution time for kernels is 1.5997s
 INFO: Computing semblance for m0 = 8380
 INFO: Total execution time for kernels is 1.5915s
 INFO: Computing semblance for m0 = 8400
 INFO: Total execution time for kernels is 1.58418s
 INFO: Computing semblance for m0 = 8420
 INFO: Total execution time for kernels is 1.59426s
 INFO: Computing semblance for m0 = 8440
 INFO: Total execution time for kernels is 1.54375s
 INFO: Computing semblance for m0 = 8460
 INFO: Total execution time for kernels is 1.56639s
 INFO: Computing semblance for m0 = 8480
 INFO: Total execution time for kernels is 1.50402s
 INFO: Computing semblance for m0 = 8500
 INFO: Total execution time for kernels is 1.49741s
 INFO: Computing semblance for m0 = 8520
 INFO: Total execution time for kernels is 1.51959s
 INFO: Computing semblance for m0 = 8540
 INFO: Total execution time for kernels is 1.55517s
 INFO: Computing semblance for m0 = 8560
 INFO: Total execution time for kernels is 1.57352s
 INFO: Computing semblance for m0 = 8580
 INFO: Total execution time for kernels is 1.57393s
 INFO: Computing semblance for m0 = 8600
 INFO: Total execution time for kernels is 1.52804s
 INFO: Computing semblance for m0 = 8620
 INFO: Total execution time for kernels is 1.50777s
 INFO: Computing semblance for m0 = 8640
 INFO: Total execution time for kernels is 1.47532s
 INFO: Computing semblance for m0 = 8660
 INFO: Total execution time for kernels is 1.616s
 INFO: Computing semblance for m0 = 8680
 INFO: Total execution time for kernels is 1.58889s
 INFO: Computing semblance for m0 = 8700
 INFO: Total execution time for kernels is 1.56416s
 INFO: Computing semblance for m0 = 8720
 INFO: Total execution time for kernels is 1.55343s
 INFO: Computing semblance for m0 = 8740
 INFO: Total execution time for kernels is 1.5117s
 INFO: Computing semblance for m0 = 8760
 INFO: Total execution time for kernels is 1.55712s
 INFO: Computing semblance for m0 = 8780
 INFO: Total execution time for kernels is 1.47741s
 INFO: Computing semblance for m0 = 8800
 INFO: Total execution time for kernels is 1.46123s
 INFO: Computing semblance for m0 = 8820
 INFO: Total execution time for kernels is 1.54244s
 INFO: Computing semblance for m0 = 8840
 INFO: Total execution time for kernels is 1.4852s
 INFO: Computing semblance for m0 = 8860
 INFO: Total execution time for kernels is 1.50273s
 INFO: Computing semblance for m0 = 8880
 INFO: Total execution time for kernels is 1.52748s
 INFO: Computing semblance for m0 = 8900
 INFO: Total execution time for kernels is 1.52226s
 INFO: Computing semblance for m0 = 8920
 INFO: Total execution time for kernels is 1.4765s
 INFO: Computing semblance for m0 = 8940
 INFO: Total execution time for kernels is 1.4667s
 INFO: Computing semblance for m0 = 8960
 INFO: Total execution time for kernels is 1.41797s
 INFO: Computing semblance for m0 = 8980
 INFO: Total execution time for kernels is 1.52931s
 INFO: Computing semblance for m0 = 9000
 INFO: Total execution time for kernels is 1.50928s
 INFO: Computing semblance for m0 = 9020
 INFO: Total execution time for kernels is 1.48897s
 INFO: Computing semblance for m0 = 9040
 INFO: Total execution time for kernels is 1.47464s
 INFO: Computing semblance for m0 = 9060
 INFO: Total execution time for kernels is 1.42356s
 INFO: Computing semblance for m0 = 9080
 INFO: Total execution time for kernels is 1.47061s
 INFO: Computing semblance for m0 = 9100
 INFO: Total execution time for kernels is 1.3593s
 INFO: Computing semblance for m0 = 9120
 INFO: Total execution time for kernels is 1.37527s
 INFO: Computing semblance for m0 = 9140
 INFO: Total execution time for kernels is 1.37436s
 INFO: Computing semblance for m0 = 9160
 INFO: Total execution time for kernels is 1.41362s
 INFO: Computing semblance for m0 = 9180
 INFO: Total execution time for kernels is 1.37487s
 INFO: Computing semblance for m0 = 9200
 INFO: Total execution time for kernels is 1.38208s
 INFO: Computing semblance for m0 = 9220
 INFO: Total execution time for kernels is 1.32617s
 INFO: Computing semblance for m0 = 9240
 INFO: Total execution time for kernels is 1.37645s
 INFO: Computing semblance for m0 = 9260
 INFO: Total execution time for kernels is 1.30611s
 INFO: Computing semblance for m0 = 9280
 INFO: Total execution time for kernels is 1.25936s
 INFO: Computing semblance for m0 = 9300
 INFO: Total execution time for kernels is 1.29675s
 INFO: Computing semblance for m0 = 9320
 INFO: Total execution time for kernels is 1.33701s
 INFO: Computing semblance for m0 = 9340
 INFO: Total execution time for kernels is 1.27278s
 INFO: Computing semblance for m0 = 9360
 INFO: Total execution time for kernels is 1.24898s
 INFO: Computing semblance for m0 = 9380
 INFO: Total execution time for kernels is 1.18667s
 INFO: Computing semblance for m0 = 9400
 INFO: Total execution time for kernels is 1.20646s
 INFO: Computing semblance for m0 = 9420
 INFO: Total execution time for kernels is 1.1111s
 INFO: Computing semblance for m0 = 9440
 INFO: Total execution time for kernels is 1.10576s
 INFO: Computing semblance for m0 = 9460
 INFO: Total execution time for kernels is 1.08251s
 INFO: Computing semblance for m0 = 9480
 INFO: Total execution time for kernels is 1.08513s
 INFO: Computing semblance for m0 = 9500
 INFO: Total execution time for kernels is 1.05097s
 INFO: Computing semblance for m0 = 9520
 INFO: Total execution time for kernels is 1.03823s
 INFO: Computing semblance for m0 = 9540
 INFO: Total execution time for kernels is 0.928057s
 INFO: Computing semblance for m0 = 9560
 INFO: Total execution time for kernels is 0.991563s
 INFO: Computing semblance for m0 = 9580
 INFO: Total execution time for kernels is 0.98994s
 INFO: Computing semblance for m0 = 9600
 INFO: Total execution time for kernels is 0.882517s
 INFO: Computing semblance for m0 = 9620
 INFO: Total execution time for kernels is 0.804749s
 INFO: Computing semblance for m0 = 9640
 INFO: Total execution time for kernels is 0.830678s
 INFO: Computing semblance for m0 = 9660
 INFO: Total execution time for kernels is 0.891231s
 INFO: Computing semblance for m0 = 9680
 INFO: Total execution time for kernels is 0.913788s
 INFO: Computing semblance for m0 = 9700
 INFO: Total execution time for kernels is 0.748299s
 INFO: Computing semblance for m0 = 9720
 INFO: Total execution time for kernels is 0.616228s
 INFO: Computing semblance for m0 = 9740
 INFO: Total execution time for kernels is 0.603313s
 INFO: Computing semblance for m0 = 9760
 INFO: Total execution time for kernels is 0.642312s
 INFO: Computing semblance for m0 = 9780
 INFO: Total execution time for kernels is 0.667962s
 INFO: Computing semblance for m0 = 9800
 INFO: Total execution time for kernels is 0.562558s
 INFO: Computing semblance for m0 = 9820
 INFO: Total execution time for kernels is 0.743958s
 INFO: Computing semblance for m0 = 9840
 INFO: Total execution time for kernels is 0.397291s
 INFO: Computing semblance for m0 = 9860
 INFO: Total execution time for kernels is 0.535721s
 INFO: Computing semblance for m0 = 9880
 INFO: Total execution time for kernels is 0.493564s
 INFO: Computing semblance for m0 = 9900
 INFO: Total execution time for kernels is 0.446636s
 INFO: Computing semblance for m0 = 9920
 INFO: Total execution time for kernels is 0.465966s
 INFO: Computing semblance for m0 = 9940
 INFO: Total execution time for kernels is 0.175506s
 INFO: Total execution time for kernels is 0.166372s
 INFO: Total execution time for kernels is 0.199247s
 INFO: Total execution time for kernels is 0.225569s
 INFO: Total execution time for kernels is 0.247393s
 INFO: Total execution time for kernels is 0.122647s
 INFO: Total execution time for kernels is 0.0758936s
 INFO: Total execution time for kernels is 0.110555s
 INFO: Total execution time for kernels is 0.0822836s
 INFO: Total execution time for kernels is 0.145295s
 INFO: Total execution time for kernels is 0.0944218s
 INFO: Total execution time for kernels is 0.272803s
 INFO: Total execution time for kernels is 0.30475s
 INFO: Total execution time for kernels is 0.359966s
 INFO: Total execution time for kernels is 0.337314s
 INFO: Total execution time for kernels is 0.384881s
 INFO: Average of efficiency is 0.237887
 INFO: Average of interpolations_per_sec is 1.1013e+10
 INFO: Average of selected_traces is 1264.16
 INFO: Average of total_selection_kernel_exec_time is 0.0834316
 INFO: Average of total_kernel_exec_time is 1.35661
 INFO: Driver init. duration is 1.01228 s
 INFO: Read gather duration is 0.114322 s
 INFO: Parse args. duration is 0.000240414 s
 INFO: Worker threads duration is 43.6739 s
 INFO: Dump results duration is 0.40658 s
 INFO: Results written to /home/ubuntu/nfs/out/d4e9b53e_master_p2.16xlarge/oct/de/cuda/simple-synthetic_1/simple-synthetic_de_oct_20210302_1208/
 INFO: It took 45.215s to compute.
