 INFO: Number of CDPs = 445
 INFO: Number of traces in the gather = 9200
 INFO: Number of samples per trace = 2502
 INFO: Starting worker threads...
 INFO: Computing semblance for m0 = 0
 INFO: Total execution time for kernels is 0.00085118s
 INFO: Computing semblance for m0 = 1080
 INFO: Total execution time for kernels is 0.00140308s
 INFO: Computing semblance for m0 = 1100
 INFO: Total execution time for kernels is 0.00140092s
 INFO: Computing semblance for m0 = 1120
 INFO: Total execution time for kernels is 0.00175862s
 INFO: Computing semblance for m0 = 1140
 INFO: Computing semblance for m0 = 1160
 INFO: Total execution time for kernels is 0.00174079s
 INFO: Computing semblance for m0 = 1180
 INFO: Total execution time for kernels is 0.00225416s
 INFO: Computing semblance for m0 = 1200
 INFO: Total execution time for kernels is 0.00208487s
 INFO: Computing semblance for m0 = 1220
 INFO: Total execution time for kernels is 0.00243462s
 INFO: Computing semblance for m0 = 1240
 INFO: Total execution time for kernels is 0.00241495s
 INFO: Computing semblance for m0 = 1260
 INFO: Total execution time for kernels is 0.00272169s
 INFO: Computing semblance for m0 = 1280
 INFO: Total execution time for kernels is 0.00270426s
 INFO: Computing semblance for m0 = 1300
 INFO: Total execution time for kernels is 0.00299373s
 INFO: Total execution time for kernels is 0.00303701s
 INFO: Computing semblance for m0 = 1320
 INFO: Computing semblance for m0 = 1340
 INFO: Computing semblance for m0 = 1360
 INFO: Computing semblance for m0 = 1380
 INFO: Total execution time for kernels is 0.00320452s
 INFO: Total execution time for kernels is 0.00320142s
 INFO: Computing semblance for m0 = 1400
 INFO: Computing semblance for m0 = 1420
 INFO: Total execution time for kernels is 0.00368273s
 INFO: Computing semblance for m0 = 1440
 INFO: Total execution time for kernels is 0.00369227s
 INFO: Computing semblance for m0 = 1460
 INFO: Total execution time for kernels is 0.0037587s
 INFO: Total execution time for kernels is 0.00375513s
 INFO: Computing semblance for m0 = 1480
 INFO: Computing semblance for m0 = 1500
 INFO: Total execution time for kernels is 0.00405616s
 INFO: Computing semblance for m0 = 1520
 INFO: Total execution time for kernels is 0.00407299s
 INFO: Computing semblance for m0 = 1540
 INFO: Total execution time for kernels is 0.00432386s
 INFO: Computing semblance for m0 = 1560
 INFO: Total execution time for kernels is 0.00431207s
 INFO: Computing semblance for m0 = 1580
 INFO: Total execution time for kernels is 0.00461946s
 INFO: Computing semblance for m0 = 1600
 INFO: Total execution time for kernels is 0.00464615s
 INFO: Computing semblance for m0 = 1620
 INFO: Total execution time for kernels is 0.00489127s
 INFO: Computing semblance for m0 = 1640
 INFO: Total execution time for kernels is 0.00491856s
 INFO: Computing semblance for m0 = 1660
 INFO: Total execution time for kernels is 0.0051666s
 INFO: Computing semblance for m0 = 1680
 INFO: Total execution time for kernels is 0.00523736s
 INFO: Computing semblance for m0 = 1700
 INFO: Total execution time for kernels is 0.00551716s
 INFO: Computing semblance for m0 = 1720
 INFO: Total execution time for kernels is 0.00556473s
 INFO: Computing semblance for m0 = 1740
 INFO: Total execution time for kernels is 0.00587515s
 INFO: Computing semblance for m0 = 1760
 INFO: Total execution time for kernels is 0.00582761s
 INFO: Computing semblance for m0 = 1780
 INFO: Total execution time for kernels is 0.00601582s
 INFO: Computing semblance for m0 = 1800
 INFO: Total execution time for kernels is 0.00617403s
 INFO: Computing semblance for m0 = 1820
 INFO: Total execution time for kernels is 0.00641497s
 INFO: Computing semblance for m0 = 1840
 INFO: Total execution time for kernels is 0.00649258s
 INFO: Computing semblance for m0 = 1860
 INFO: Total execution time for kernels is 0.00677325s
 INFO: Computing semblance for m0 = 1880
 INFO: Total execution time for kernels is 0.00685962s
 INFO: Computing semblance for m0 = 1900
 INFO: Total execution time for kernels is 0.00714559s
 INFO: Computing semblance for m0 = 1920
 INFO: Total execution time for kernels is 0.00718125s
 INFO: Computing semblance for m0 = 1940
 INFO: Total execution time for kernels is 0.00742644s
 INFO: Computing semblance for m0 = 1960
 INFO: Total execution time for kernels is 0.00760304s
 INFO: Computing semblance for m0 = 1980
 INFO: Total execution time for kernels is 0.00799247s
 INFO: Computing semblance for m0 = 2000
 INFO: Total execution time for kernels is 0.00781829s
 INFO: Computing semblance for m0 = 2020
 INFO: Total execution time for kernels is 0.00826188s
 INFO: Computing semblance for m0 = 2040
 INFO: Total execution time for kernels is 0.00840998s
 INFO: Computing semblance for m0 = 2060
 INFO: Total execution time for kernels is 0.00835514s
 INFO: Computing semblance for m0 = 2080
 INFO: Total execution time for kernels is 0.00822854s
 INFO: Computing semblance for m0 = 2100
 INFO: Total execution time for kernels is 0.00832379s
 INFO: Computing semblance for m0 = 2120
 INFO: Total execution time for kernels is 0.00832313s
 INFO: Computing semblance for m0 = 2140
 INFO: Total execution time for kernels is 0.00827176s
 INFO: Computing semblance for m0 = 2160
 INFO: Total execution time for kernels is 0.00843338s
 INFO: Computing semblance for m0 = 2180
 INFO: Total execution time for kernels is 0.00824349s
 INFO: Computing semblance for m0 = 2200
 INFO: Total execution time for kernels is 0.00838561s
 INFO: Computing semblance for m0 = 2220
 INFO: Total execution time for kernels is 0.00834523s
 INFO: Computing semblance for m0 = 2240
 INFO: Total execution time for kernels is 0.00820408s
 INFO: Computing semblance for m0 = 2260
 INFO: Total execution time for kernels is 0.00828203s
 INFO: Computing semblance for m0 = 2280
 INFO: Total execution time for kernels is 0.00833362s
 INFO: Computing semblance for m0 = 2300
 INFO: Total execution time for kernels is 0.00828468s
 INFO: Computing semblance for m0 = 2320
 INFO: Total execution time for kernels is 0.00828671s
 INFO: Computing semblance for m0 = 2340
 INFO: Total execution time for kernels is 0.00838065s
 INFO: Computing semblance for m0 = 2360
 INFO: Total execution time for kernels is 0.0082544s
 INFO: Computing semblance for m0 = 2380
 INFO: Total execution time for kernels is 0.00831445s
 INFO: Computing semblance for m0 = 2400
 INFO: Total execution time for kernels is 0.00822992s
 INFO: Computing semblance for m0 = 2420
 INFO: Total execution time for kernels is 0.0082314s
 INFO: Computing semblance for m0 = 2440
 INFO: Total execution time for kernels is 0.00825714s
 INFO: Computing semblance for m0 = 2460
 INFO: Total execution time for kernels is 0.008216s
 INFO: Computing semblance for m0 = 2480
 INFO: Total execution time for kernels is 0.00818547s
 INFO: Computing semblance for m0 = 2500
 INFO: Total execution time for kernels is 0.00821689s
 INFO: Computing semblance for m0 = 2520
 INFO: Total execution time for kernels is 0.00831599s
 INFO: Computing semblance for m0 = 2540
 INFO: Total execution time for kernels is 0.00823526s
 INFO: Computing semblance for m0 = 2560
 INFO: Total execution time for kernels is 0.00846619s
 INFO: Computing semblance for m0 = 2580
 INFO: Total execution time for kernels is 0.00841603s
 INFO: Computing semblance for m0 = 2600
 INFO: Total execution time for kernels is 0.0083181s
 INFO: Computing semblance for m0 = 2620
 INFO: Total execution time for kernels is 0.00835284s
 INFO: Computing semblance for m0 = 2640
 INFO: Total execution time for kernels is 0.00833927s
 INFO: Computing semblance for m0 = 2660
 INFO: Total execution time for kernels is 0.00831377s
 INFO: Computing semblance for m0 = 2680
 INFO: Total execution time for kernels is 0.00840269s
 INFO: Computing semblance for m0 = 2700
 INFO: Total execution time for kernels is 0.00819988s
 INFO: Computing semblance for m0 = 2720
 INFO: Total execution time for kernels is 0.00821222s
 INFO: Computing semblance for m0 = 2740
 INFO: Total execution time for kernels is 0.00830138s
 INFO: Computing semblance for m0 = 2760
 INFO: Total execution time for kernels is 0.00835523s
 INFO: Computing semblance for m0 = 2780
 INFO: Total execution time for kernels is 0.00828938s
 INFO: Computing semblance for m0 = 2800
 INFO: Total execution time for kernels is 0.00833843s
 INFO: Computing semblance for m0 = 2820
 INFO: Total execution time for kernels is 0.00823285s
 INFO: Computing semblance for m0 = 2840
 INFO: Total execution time for kernels is 0.0082426s
 INFO: Computing semblance for m0 = 2860
 INFO: Total execution time for kernels is 0.00824176s
 INFO: Computing semblance for m0 = 2880
 INFO: Total execution time for kernels is 0.00831211s
 INFO: Computing semblance for m0 = 2900
 INFO: Total execution time for kernels is 0.00821291s
 INFO: Computing semblance for m0 = 2920
 INFO: Total execution time for kernels is 0.00832665s
 INFO: Computing semblance for m0 = 2940
 INFO: Total execution time for kernels is 0.00818452s
 INFO: Computing semblance for m0 = 2960
 INFO: Total execution time for kernels is 0.00827311s
 INFO: Computing semblance for m0 = 2980
 INFO: Total execution time for kernels is 0.00818395s
 INFO: Computing semblance for m0 = 3000
 INFO: Total execution time for kernels is 0.00836484s
 INFO: Computing semblance for m0 = 3020
 INFO: Total execution time for kernels is 0.0083098s
 INFO: Computing semblance for m0 = 3040
 INFO: Total execution time for kernels is 0.00841597s
 INFO: Computing semblance for m0 = 3060
 INFO: Total execution time for kernels is 0.00832652s
 INFO: Computing semblance for m0 = 3080
 INFO: Total execution time for kernels is 0.00830868s
 INFO: Computing semblance for m0 = 3100
 INFO: Total execution time for kernels is 0.0081812s
 INFO: Computing semblance for m0 = 3120
 INFO: Total execution time for kernels is 0.00830055s
 INFO: Computing semblance for m0 = 3140
 INFO: Total execution time for kernels is 0.0083211s
 INFO: Computing semblance for m0 = 3160
 INFO: Total execution time for kernels is 0.00829555s
 INFO: Computing semblance for m0 = 3180
 INFO: Total execution time for kernels is 0.00833406s
 INFO: Computing semblance for m0 = 3200
 INFO: Total execution time for kernels is 0.00822857s
 INFO: Computing semblance for m0 = 3220
 INFO: Total execution time for kernels is 0.00830168s
 INFO: Computing semblance for m0 = 3240
 INFO: Total execution time for kernels is 0.00832127s
 INFO: Computing semblance for m0 = 3260
 INFO: Total execution time for kernels is 0.0083044s
 INFO: Computing semblance for m0 = 3280
 INFO: Total execution time for kernels is 0.00830671s
 INFO: Computing semblance for m0 = 3300
 INFO: Total execution time for kernels is 0.00834707s
 INFO: Computing semblance for m0 = 3320
 INFO: Total execution time for kernels is 0.00833758s
 INFO: Computing semblance for m0 = 3340
 INFO: Total execution time for kernels is 0.00825385s
 INFO: Computing semblance for m0 = 3360
 INFO: Total execution time for kernels is 0.00829042s
 INFO: Computing semblance for m0 = 3380
 INFO: Total execution time for kernels is 0.00822177s
 INFO: Computing semblance for m0 = 3400
 INFO: Total execution time for kernels is 0.0083335s
 INFO: Computing semblance for m0 = 3420
 INFO: Total execution time for kernels is 0.00822208s
 INFO: Computing semblance for m0 = 3440
 INFO: Total execution time for kernels is 0.00826741s
 INFO: Computing semblance for m0 = 3460
 INFO: Total execution time for kernels is 0.00828558s
 INFO: Computing semblance for m0 = 3480
 INFO: Total execution time for kernels is 0.00826552s
 INFO: Computing semblance for m0 = 3500
 INFO: Total execution time for kernels is 0.00823042s
 INFO: Computing semblance for m0 = 3520
 INFO: Total execution time for kernels is 0.00834611s
 INFO: Computing semblance for m0 = 3540
 INFO: Total execution time for kernels is 0.0081822s
 INFO: Computing semblance for m0 = 3560
 INFO: Total execution time for kernels is 0.00831674s
 INFO: Computing semblance for m0 = 3580
 INFO: Total execution time for kernels is 0.00822136s
 INFO: Computing semblance for m0 = 3600
 INFO: Total execution time for kernels is 0.00833553s
 INFO: Computing semblance for m0 = 3620
 INFO: Total execution time for kernels is 0.0082168s
 INFO: Computing semblance for m0 = 3640
 INFO: Total execution time for kernels is 0.00822458s
 INFO: Computing semblance for m0 = 3660
 INFO: Total execution time for kernels is 0.00821898s
 INFO: Computing semblance for m0 = 3680
 INFO: Total execution time for kernels is 0.00837723s
 INFO: Computing semblance for m0 = 3700
 INFO: Total execution time for kernels is 0.00813861s
 INFO: Computing semblance for m0 = 3720
 INFO: Total execution time for kernels is 0.00824848s
 INFO: Computing semblance for m0 = 3740
 INFO: Total execution time for kernels is 0.00828514s
 INFO: Computing semblance for m0 = 3760
 INFO: Total execution time for kernels is 0.0082641s
 INFO: Computing semblance for m0 = 3780
 INFO: Total execution time for kernels is 0.00821798s
 INFO: Computing semblance for m0 = 3800
 INFO: Total execution time for kernels is 0.00833336s
 INFO: Computing semblance for m0 = 3820
 INFO: Total execution time for kernels is 0.00830573s
 INFO: Computing semblance for m0 = 3840
 INFO: Total execution time for kernels is 0.00831966s
 INFO: Computing semblance for m0 = 3860
 INFO: Total execution time for kernels is 0.00820039s
 INFO: Computing semblance for m0 = 3880
 INFO: Total execution time for kernels is 0.0082241s
 INFO: Computing semblance for m0 = 3900
 INFO: Total execution time for kernels is 0.00824727s
 INFO: Computing semblance for m0 = 3920
 INFO: Total execution time for kernels is 0.00824284s
 INFO: Computing semblance for m0 = 3940
 INFO: Total execution time for kernels is 0.00822338s
 INFO: Computing semblance for m0 = 3960
 INFO: Total execution time for kernels is 0.00825622s
 INFO: Computing semblance for m0 = 3980
 INFO: Total execution time for kernels is 0.00828176s
 INFO: Computing semblance for m0 = 4000
 INFO: Total execution time for kernels is 0.00826407s
 INFO: Computing semblance for m0 = 4020
 INFO: Total execution time for kernels is 0.00843896s
 INFO: Computing semblance for m0 = 4040
 INFO: Total execution time for kernels is 0.00839061s
 INFO: Computing semblance for m0 = 4060
 INFO: Total execution time for kernels is 0.00830831s
 INFO: Computing semblance for m0 = 4080
 INFO: Total execution time for kernels is 0.00834262s
 INFO: Computing semblance for m0 = 4100
 INFO: Total execution time for kernels is 0.00827953s
 INFO: Computing semblance for m0 = 4120
 INFO: Total execution time for kernels is 0.00832744s
 INFO: Computing semblance for m0 = 4140
 INFO: Total execution time for kernels is 0.00829053s
 INFO: Computing semblance for m0 = 4160
 INFO: Total execution time for kernels is 0.00821019s
 INFO: Computing semblance for m0 = 4180
 INFO: Total execution time for kernels is 0.0082942s
 INFO: Computing semblance for m0 = 4200
 INFO: Total execution time for kernels is 0.00824493s
 INFO: Computing semblance for m0 = 4220
 INFO: Total execution time for kernels is 0.00826281s
 INFO: Computing semblance for m0 = 4240
 INFO: Total execution time for kernels is 0.00831497s
 INFO: Computing semblance for m0 = 4260
 INFO: Total execution time for kernels is 0.008174s
 INFO: Computing semblance for m0 = 4280
 INFO: Total execution time for kernels is 0.00827201s
 INFO: Computing semblance for m0 = 4300
 INFO: Total execution time for kernels is 0.00825393s
 INFO: Computing semblance for m0 = 4320
 INFO: Total execution time for kernels is 0.00838466s
 INFO: Computing semblance for m0 = 4340
 INFO: Total execution time for kernels is 0.00813136s
 INFO: Computing semblance for m0 = 4360
 INFO: Total execution time for kernels is 0.00833404s
 INFO: Computing semblance for m0 = 4380
 INFO: Total execution time for kernels is 0.00837473s
 INFO: Computing semblance for m0 = 4400
 INFO: Total execution time for kernels is 0.00828308s
 INFO: Computing semblance for m0 = 4420
 INFO: Total execution time for kernels is 0.00833608s
 INFO: Computing semblance for m0 = 4440
 INFO: Total execution time for kernels is 0.00822091s
 INFO: Computing semblance for m0 = 4460
 INFO: Total execution time for kernels is 0.00834411s
 INFO: Computing semblance for m0 = 4480
 INFO: Total execution time for kernels is 0.00830339s
 INFO: Computing semblance for m0 = 4500
 INFO: Total execution time for kernels is 0.00830507s
 INFO: Computing semblance for m0 = 4520
 INFO: Total execution time for kernels is 0.00842057s
 INFO: Computing semblance for m0 = 4540
 INFO: Total execution time for kernels is 0.00820285s
 INFO: Computing semblance for m0 = 4560
 INFO: Total execution time for kernels is 0.00831427s
 INFO: Computing semblance for m0 = 4580
 INFO: Total execution time for kernels is 0.0081218s
 INFO: Computing semblance for m0 = 4600
 INFO: Total execution time for kernels is 0.00834309s
 INFO: Computing semblance for m0 = 4620
 INFO: Total execution time for kernels is 0.00824191s
 INFO: Computing semblance for m0 = 4640
 INFO: Total execution time for kernels is 0.00837927s
 INFO: Computing semblance for m0 = 4660
 INFO: Total execution time for kernels is 0.0082884s
 INFO: Computing semblance for m0 = 4680
 INFO: Total execution time for kernels is 0.00832959s
 INFO: Computing semblance for m0 = 4700
 INFO: Total execution time for kernels is 0.00834799s
 INFO: Computing semblance for m0 = 4720
 INFO: Total execution time for kernels is 0.00814083s
 INFO: Computing semblance for m0 = 4740
 INFO: Total execution time for kernels is 0.00831881s
 INFO: Computing semblance for m0 = 4760
 INFO: Total execution time for kernels is 0.00834887s
 INFO: Computing semblance for m0 = 4780
 INFO: Total execution time for kernels is 0.00819936s
 INFO: Computing semblance for m0 = 4800
 INFO: Total execution time for kernels is 0.00842144s
 INFO: Computing semblance for m0 = 4820
 INFO: Total execution time for kernels is 0.0083842s
 INFO: Computing semblance for m0 = 4840
 INFO: Total execution time for kernels is 0.00826903s
 INFO: Computing semblance for m0 = 4860
 INFO: Total execution time for kernels is 0.00828446s
 INFO: Computing semblance for m0 = 4880
 INFO: Total execution time for kernels is 0.00817553s
 INFO: Computing semblance for m0 = 4900
 INFO: Total execution time for kernels is 0.0083115s
 INFO: Computing semblance for m0 = 4920
 INFO: Total execution time for kernels is 0.00828306s
 INFO: Computing semblance for m0 = 4940
 INFO: Total execution time for kernels is 0.00829323s
 INFO: Computing semblance for m0 = 4960
 INFO: Total execution time for kernels is 0.00831244s
 INFO: Computing semblance for m0 = 4980
 INFO: Total execution time for kernels is 0.00824355s
 INFO: Computing semblance for m0 = 5000
 INFO: Total execution time for kernels is 0.00829144s
 INFO: Computing semblance for m0 = 5020
 INFO: Total execution time for kernels is 0.00827359s
 INFO: Computing semblance for m0 = 5040
 INFO: Total execution time for kernels is 0.00828577s
 INFO: Computing semblance for m0 = 5060
 INFO: Total execution time for kernels is 0.00845082s
 INFO: Computing semblance for m0 = 5080
 INFO: Total execution time for kernels is 0.00827816s
 INFO: Computing semblance for m0 = 5100
 INFO: Total execution time for kernels is 0.00825284s
 INFO: Computing semblance for m0 = 5120
 INFO: Total execution time for kernels is 0.00822298s
 INFO: Computing semblance for m0 = 5140
 INFO: Total execution time for kernels is 0.00819166s
 INFO: Computing semblance for m0 = 5160
 INFO: Total execution time for kernels is 0.00823721s
 INFO: Computing semblance for m0 = 5180
 INFO: Total execution time for kernels is 0.00832396s
 INFO: Computing semblance for m0 = 5200
 INFO: Total execution time for kernels is 0.00829301s
 INFO: Computing semblance for m0 = 5220
 INFO: Total execution time for kernels is 0.00819033s
 INFO: Computing semblance for m0 = 5240
 INFO: Total execution time for kernels is 0.00833633s
 INFO: Computing semblance for m0 = 5260
 INFO: Total execution time for kernels is 0.00837486s
 INFO: Computing semblance for m0 = 5280
 INFO: Total execution time for kernels is 0.00825521s
 INFO: Computing semblance for m0 = 5300
 INFO: Total execution time for kernels is 0.00830873s
 INFO: Computing semblance for m0 = 5320
 INFO: Total execution time for kernels is 0.00831385s
 INFO: Computing semblance for m0 = 5340
 INFO: Total execution time for kernels is 0.00830851s
 INFO: Computing semblance for m0 = 5360
 INFO: Total execution time for kernels is 0.00825546s
 INFO: Computing semblance for m0 = 5380
 INFO: Total execution time for kernels is 0.00831221s
 INFO: Computing semblance for m0 = 5400
 INFO: Total execution time for kernels is 0.00823255s
 INFO: Computing semblance for m0 = 5420
 INFO: Total execution time for kernels is 0.00832073s
 INFO: Computing semblance for m0 = 5440
 INFO: Total execution time for kernels is 0.00829573s
 INFO: Computing semblance for m0 = 5460
 INFO: Total execution time for kernels is 0.0081967s
 INFO: Computing semblance for m0 = 5480
 INFO: Total execution time for kernels is 0.00835396s
 INFO: Computing semblance for m0 = 5500
 INFO: Total execution time for kernels is 0.00832957s
 INFO: Computing semblance for m0 = 5520
 INFO: Total execution time for kernels is 0.00845858s
 INFO: Computing semblance for m0 = 5540
 INFO: Total execution time for kernels is 0.00826412s
 INFO: Computing semblance for m0 = 5560
 INFO: Total execution time for kernels is 0.00826091s
 INFO: Computing semblance for m0 = 5580
 INFO: Total execution time for kernels is 0.00828521s
 INFO: Computing semblance for m0 = 5600
 INFO: Total execution time for kernels is 0.00832242s
 INFO: Computing semblance for m0 = 5620
 INFO: Total execution time for kernels is 0.00821017s
 INFO: Computing semblance for m0 = 5640
 INFO: Total execution time for kernels is 0.00830158s
 INFO: Computing semblance for m0 = 5660
 INFO: Total execution time for kernels is 0.00826323s
 INFO: Computing semblance for m0 = 5680
 INFO: Total execution time for kernels is 0.0083124s
 INFO: Computing semblance for m0 = 5700
 INFO: Total execution time for kernels is 0.00817131s
 INFO: Computing semblance for m0 = 5720
 INFO: Total execution time for kernels is 0.00818164s
 INFO: Computing semblance for m0 = 5740
 INFO: Total execution time for kernels is 0.00820282s
 INFO: Computing semblance for m0 = 5760
 INFO: Total execution time for kernels is 0.00835576s
 INFO: Computing semblance for m0 = 5780
 INFO: Total execution time for kernels is 0.00830975s
 INFO: Computing semblance for m0 = 5800
 INFO: Total execution time for kernels is 0.00834197s
 INFO: Computing semblance for m0 = 5820
 INFO: Total execution time for kernels is 0.00836256s
 INFO: Computing semblance for m0 = 5840
 INFO: Total execution time for kernels is 0.00826146s
 INFO: Computing semblance for m0 = 5860
 INFO: Total execution time for kernels is 0.00834964s
 INFO: Computing semblance for m0 = 5880
 INFO: Total execution time for kernels is 0.00837766s
 INFO: Computing semblance for m0 = 5900
 INFO: Total execution time for kernels is 0.00820968s
 INFO: Computing semblance for m0 = 5920
 INFO: Total execution time for kernels is 0.00828848s
 INFO: Computing semblance for m0 = 5940
 INFO: Total execution time for kernels is 0.00812904s
 INFO: Computing semblance for m0 = 5960
 INFO: Total execution time for kernels is 0.00827588s
 INFO: Computing semblance for m0 = 5980
 INFO: Total execution time for kernels is 0.00837279s
 INFO: Computing semblance for m0 = 6000
 INFO: Total execution time for kernels is 0.00832291s
 INFO: Computing semblance for m0 = 6020
 INFO: Total execution time for kernels is 0.00823082s
 INFO: Computing semblance for m0 = 6040
 INFO: Total execution time for kernels is 0.00837419s
 INFO: Computing semblance for m0 = 6060
 INFO: Total execution time for kernels is 0.00833665s
 INFO: Computing semblance for m0 = 6080
 INFO: Total execution time for kernels is 0.00821401s
 INFO: Computing semblance for m0 = 6100
 INFO: Total execution time for kernels is 0.00824391s
 INFO: Computing semblance for m0 = 6120
 INFO: Total execution time for kernels is 0.008272s
 INFO: Computing semblance for m0 = 6140
 INFO: Total execution time for kernels is 0.00816482s
 INFO: Computing semblance for m0 = 6160
 INFO: Total execution time for kernels is 0.00831311s
 INFO: Computing semblance for m0 = 6180
 INFO: Total execution time for kernels is 0.00815925s
 INFO: Computing semblance for m0 = 6200
 INFO: Total execution time for kernels is 0.00822657s
 INFO: Computing semblance for m0 = 6220
 INFO: Total execution time for kernels is 0.00839748s
 INFO: Computing semblance for m0 = 6240
 INFO: Total execution time for kernels is 0.00818194s
 INFO: Computing semblance for m0 = 6260
 INFO: Total execution time for kernels is 0.00836085s
 INFO: Computing semblance for m0 = 6280
 INFO: Total execution time for kernels is 0.0082314s
 INFO: Computing semblance for m0 = 6300
 INFO: Total execution time for kernels is 0.00817876s
 INFO: Computing semblance for m0 = 6320
 INFO: Total execution time for kernels is 0.00819424s
 INFO: Total execution time for kernels is 0.00832742s
 INFO: Computing semblance for m0 = 6340
 INFO: Computing semblance for m0 = 6360
 INFO: Total execution time for kernels is 0.00833849s
 INFO: Computing semblance for m0 = 6380
 INFO: Total execution time for kernels is 0.00815737s
 INFO: Computing semblance for m0 = 6400
 INFO: Total execution time for kernels is 0.00827356s
 INFO: Computing semblance for m0 = 6420
 INFO: Total execution time for kernels is 0.00833752s
 INFO: Computing semblance for m0 = 6440
 INFO: Total execution time for kernels is 0.00821981s
 INFO: Computing semblance for m0 = 6460
 INFO: Total execution time for kernels is 0.00830396s
 INFO: Computing semblance for m0 = 6480
 INFO: Total execution time for kernels is 0.00826883s
 INFO: Computing semblance for m0 = 6500
 INFO: Total execution time for kernels is 0.00830381s
 INFO: Computing semblance for m0 = 6520
 INFO: Total execution time for kernels is 0.00834733s
 INFO: Computing semblance for m0 = 6540
 INFO: Total execution time for kernels is 0.00824535s
 INFO: Computing semblance for m0 = 6560
 INFO: Total execution time for kernels is 0.00826556s
 INFO: Total execution time for kernels is 0.00825627s
 INFO: Computing semblance for m0 = 6580
 INFO: Computing semblance for m0 = 6600
 INFO: Total execution time for kernels is 0.00835689s
 INFO: Computing semblance for m0 = 6620
 INFO: Total execution time for kernels is 0.00830328s
 INFO: Computing semblance for m0 = 6640
 INFO: Total execution time for kernels is 0.00833896s
 INFO: Total execution time for kernels is 0.00830568s
 INFO: Computing semblance for m0 = 6660
 INFO: Computing semblance for m0 = 6680
 INFO: Total execution time for kernels is 0.00831039s
 INFO: Computing semblance for m0 = 6700
 INFO: Total execution time for kernels is 0.00818163s
 INFO: Computing semblance for m0 = 6720
 INFO: Total execution time for kernels is 0.00829656s
 INFO: Computing semblance for m0 = 6740
 INFO: Total execution time for kernels is 0.00834657s
 INFO: Computing semblance for m0 = 6760
 INFO: Total execution time for kernels is 0.0083138s
 INFO: Computing semblance for m0 = 6780
 INFO: Total execution time for kernels is 0.00822047s
 INFO: Computing semblance for m0 = 6800
 INFO: Total execution time for kernels is 0.0082585s
 INFO: Total execution time for kernels is 0.00834774s
 INFO: Computing semblance for m0 = 6820
 INFO: Computing semblance for m0 = 6840
 INFO: Total execution time for kernels is 0.00838992s
 INFO: Computing semblance for m0 = 6860
 INFO: Total execution time for kernels is 0.00822986s
 INFO: Computing semblance for m0 = 6880
 INFO: Total execution time for kernels is 0.00820957s
 INFO: Computing semblance for m0 = 6900
 INFO: Total execution time for kernels is 0.00826241s
 INFO: Computing semblance for m0 = 6920
 INFO: Total execution time for kernels is 0.00827953s
 INFO: Computing semblance for m0 = 6940
 INFO: Total execution time for kernels is 0.00830912s
 INFO: Computing semblance for m0 = 6960
 INFO: Total execution time for kernels is 0.00805071s
 INFO: Computing semblance for m0 = 6980
 INFO: Total execution time for kernels is 0.00836369s
 INFO: Computing semblance for m0 = 7000
 INFO: Total execution time for kernels is 0.00830536s
 INFO: Computing semblance for m0 = 7020
 INFO: Total execution time for kernels is 0.0082546s
 INFO: Computing semblance for m0 = 7040
 INFO: Total execution time for kernels is 0.00817212s
 INFO: Computing semblance for m0 = 7060
 INFO: Total execution time for kernels is 0.00836694s
 INFO: Computing semblance for m0 = 7080
 INFO: Total execution time for kernels is 0.00835567s
 INFO: Computing semblance for m0 = 7100
 INFO: Total execution time for kernels is 0.00823494s
 INFO: Computing semblance for m0 = 7120
 INFO: Total execution time for kernels is 0.00826894s
 INFO: Computing semblance for m0 = 7140
 INFO: Total execution time for kernels is 0.00835486s
 INFO: Computing semblance for m0 = 7160
 INFO: Total execution time for kernels is 0.00824422s
 INFO: Computing semblance for m0 = 7180
 INFO: Total execution time for kernels is 0.00817978s
 INFO: Computing semblance for m0 = 7200
 INFO: Total execution time for kernels is 0.0082618s
 INFO: Computing semblance for m0 = 7220
 INFO: Total execution time for kernels is 0.00821934s
 INFO: Computing semblance for m0 = 7240
 INFO: Total execution time for kernels is 0.00831791s
 INFO: Computing semblance for m0 = 7260
 INFO: Total execution time for kernels is 0.00821717s
 INFO: Computing semblance for m0 = 7280
 INFO: Total execution time for kernels is 0.00827136s
 INFO: Computing semblance for m0 = 7300
 INFO: Total execution time for kernels is 0.00832669s
 INFO: Computing semblance for m0 = 7320
 INFO: Total execution time for kernels is 0.00841145s
 INFO: Computing semblance for m0 = 7340
 INFO: Total execution time for kernels is 0.0082631s
 INFO: Computing semblance for m0 = 7360
 INFO: Total execution time for kernels is 0.00826557s
 INFO: Computing semblance for m0 = 7380
 INFO: Total execution time for kernels is 0.008251s
 INFO: Computing semblance for m0 = 7400
 INFO: Total execution time for kernels is 0.00839066s
 INFO: Computing semblance for m0 = 7420
 INFO: Total execution time for kernels is 0.00823607s
 INFO: Computing semblance for m0 = 7440
 INFO: Total execution time for kernels is 0.00832665s
 INFO: Computing semblance for m0 = 7460
 INFO: Total execution time for kernels is 0.00829551s
 INFO: Computing semblance for m0 = 7480
 INFO: Total execution time for kernels is 0.00842926s
 INFO: Computing semblance for m0 = 7500
 INFO: Total execution time for kernels is 0.00826598s
 INFO: Computing semblance for m0 = 7520
 INFO: Total execution time for kernels is 0.00826778s
 INFO: Computing semblance for m0 = 7540
 INFO: Total execution time for kernels is 0.00830184s
 INFO: Computing semblance for m0 = 7560
 INFO: Total execution time for kernels is 0.00829587s
 INFO: Computing semblance for m0 = 7580
 INFO: Total execution time for kernels is 0.00822609s
 INFO: Computing semblance for m0 = 7600
 INFO: Total execution time for kernels is 0.00837147s
 INFO: Computing semblance for m0 = 7620
 INFO: Total execution time for kernels is 0.00817853s
 INFO: Computing semblance for m0 = 7640
 INFO: Total execution time for kernels is 0.00829829s
 INFO: Computing semblance for m0 = 7660
 INFO: Total execution time for kernels is 0.00823301s
 INFO: Computing semblance for m0 = 7680
 INFO: Total execution time for kernels is 0.00827307s
 INFO: Computing semblance for m0 = 7700
 INFO: Total execution time for kernels is 0.00823857s
 INFO: Computing semblance for m0 = 7720
 INFO: Total execution time for kernels is 0.00823272s
 INFO: Computing semblance for m0 = 7740
 INFO: Total execution time for kernels is 0.00818663s
 INFO: Computing semblance for m0 = 7760
 INFO: Total execution time for kernels is 0.00827878s
 INFO: Computing semblance for m0 = 7780
 INFO: Total execution time for kernels is 0.00825115s
 INFO: Computing semblance for m0 = 7800
 INFO: Total execution time for kernels is 0.00831506s
 INFO: Computing semblance for m0 = 7820
 INFO: Total execution time for kernels is 0.00824425s
 INFO: Computing semblance for m0 = 7840
 INFO: Total execution time for kernels is 0.00835748s
 INFO: Computing semblance for m0 = 7860
 INFO: Total execution time for kernels is 0.00826359s
 INFO: Computing semblance for m0 = 7880
 INFO: Total execution time for kernels is 0.00827898s
 INFO: Computing semblance for m0 = 7900
 INFO: Total execution time for kernels is 0.00833901s
 INFO: Computing semblance for m0 = 7920
 INFO: Total execution time for kernels is 0.00833307s
 INFO: Computing semblance for m0 = 7940
 INFO: Total execution time for kernels is 0.00822559s
 INFO: Computing semblance for m0 = 7960
 INFO: Total execution time for kernels is 0.00831928s
 INFO: Computing semblance for m0 = 7980
 INFO: Total execution time for kernels is 0.00820319s
 INFO: Computing semblance for m0 = 8000
 INFO: Total execution time for kernels is 0.00824109s
 INFO: Computing semblance for m0 = 8020
 INFO: Total execution time for kernels is 0.00815683s
 INFO: Computing semblance for m0 = 8040
 INFO: Total execution time for kernels is 0.00839467s
 INFO: Computing semblance for m0 = 8060
 INFO: Total execution time for kernels is 0.00821987s
 INFO: Computing semblance for m0 = 8080
 INFO: Total execution time for kernels is 0.0082452s
 INFO: Computing semblance for m0 = 8100
 INFO: Total execution time for kernels is 0.00823428s
 INFO: Computing semblance for m0 = 8120
 INFO: Total execution time for kernels is 0.00830577s
 INFO: Computing semblance for m0 = 8140
 INFO: Total execution time for kernels is 0.00817712s
 INFO: Computing semblance for m0 = 8160
 INFO: Total execution time for kernels is 0.00827372s
 INFO: Computing semblance for m0 = 8180
 INFO: Total execution time for kernels is 0.00831966s
 INFO: Computing semblance for m0 = 8200
 INFO: Total execution time for kernels is 0.0083707s
 INFO: Computing semblance for m0 = 8220
 INFO: Total execution time for kernels is 0.00822281s
 INFO: Computing semblance for m0 = 8240
 INFO: Total execution time for kernels is 0.00824392s
 INFO: Computing semblance for m0 = 8260
 INFO: Total execution time for kernels is 0.00826391s
 INFO: Computing semblance for m0 = 8280
 INFO: Total execution time for kernels is 0.00832989s
 INFO: Computing semblance for m0 = 8300
 INFO: Total execution time for kernels is 0.00815081s
 INFO: Computing semblance for m0 = 8320
 INFO: Total execution time for kernels is 0.00828078s
 INFO: Computing semblance for m0 = 8340
 INFO: Total execution time for kernels is 0.00817665s
 INFO: Computing semblance for m0 = 8360
 INFO: Total execution time for kernels is 0.00827226s
 INFO: Computing semblance for m0 = 8380
 INFO: Total execution time for kernels is 0.00819032s
 INFO: Computing semblance for m0 = 8400
 INFO: Total execution time for kernels is 0.00824375s
 INFO: Computing semblance for m0 = 8420
 INFO: Total execution time for kernels is 0.00816811s
 INFO: Computing semblance for m0 = 8440
 INFO: Total execution time for kernels is 0.00823631s
 INFO: Computing semblance for m0 = 8460
 INFO: Total execution time for kernels is 0.00828093s
 INFO: Computing semblance for m0 = 8480
 INFO: Total execution time for kernels is 0.00827685s
 INFO: Computing semblance for m0 = 8500
 INFO: Total execution time for kernels is 0.00831279s
 INFO: Computing semblance for m0 = 8520
 INFO: Total execution time for kernels is 0.00831556s
 INFO: Computing semblance for m0 = 8540
 INFO: Total execution time for kernels is 0.00837633s
 INFO: Computing semblance for m0 = 8560
 INFO: Total execution time for kernels is 0.00833756s
 INFO: Computing semblance for m0 = 8580
 INFO: Total execution time for kernels is 0.00826132s
 INFO: Computing semblance for m0 = 8600
 INFO: Total execution time for kernels is 0.00839387s
 INFO: Computing semblance for m0 = 8620
 INFO: Total execution time for kernels is 0.00816766s
 INFO: Computing semblance for m0 = 8640
 INFO: Total execution time for kernels is 0.00827416s
 INFO: Computing semblance for m0 = 8660
 INFO: Total execution time for kernels is 0.00827944s
 INFO: Computing semblance for m0 = 8680
 INFO: Total execution time for kernels is 0.00820987s
 INFO: Computing semblance for m0 = 8700
 INFO: Total execution time for kernels is 0.00828968s
 INFO: Computing semblance for m0 = 8720
 INFO: Total execution time for kernels is 0.00825926s
 INFO: Computing semblance for m0 = 8740
 INFO: Total execution time for kernels is 0.00829004s
 INFO: Computing semblance for m0 = 8760
 INFO: Total execution time for kernels is 0.00834414s
 INFO: Computing semblance for m0 = 8780
 INFO: Total execution time for kernels is 0.00827182s
 INFO: Computing semblance for m0 = 8800
 INFO: Total execution time for kernels is 0.00830136s
 INFO: Computing semblance for m0 = 8820
 INFO: Total execution time for kernels is 0.00817761s
 INFO: Computing semblance for m0 = 8840
 INFO: Total execution time for kernels is 0.0084011s
 INFO: Computing semblance for m0 = 8860
 INFO: Total execution time for kernels is 0.00819146s
 INFO: Computing semblance for m0 = 8880
 INFO: Total execution time for kernels is 0.00817926s
 INFO: Computing semblance for m0 = 8900
 INFO: Total execution time for kernels is 0.00827048s
 INFO: Computing semblance for m0 = 8920
 INFO: Total execution time for kernels is 0.00820799s
 INFO: Computing semblance for m0 = 8940
 INFO: Total execution time for kernels is 0.00838416s
 INFO: Computing semblance for m0 = 8960
 INFO: Total execution time for kernels is 0.00821563s
 INFO: Computing semblance for m0 = 8980
 INFO: Total execution time for kernels is 0.00821127s
 INFO: Computing semblance for m0 = 9000
 INFO: Total execution time for kernels is 0.00822163s
 INFO: Computing semblance for m0 = 9020
 INFO: Total execution time for kernels is 0.00828863s
 INFO: Computing semblance for m0 = 9040
 INFO: Total execution time for kernels is 0.00835604s
 INFO: Computing semblance for m0 = 9060
 INFO: Total execution time for kernels is 0.00832911s
 INFO: Computing semblance for m0 = 9080
 INFO: Total execution time for kernels is 0.00825541s
 INFO: Computing semblance for m0 = 9100
 INFO: Total execution time for kernels is 0.00823677s
 INFO: Computing semblance for m0 = 9120
 INFO: Total execution time for kernels is 0.00827161s
 INFO: Computing semblance for m0 = 9140
 INFO: Total execution time for kernels is 0.00797818s
 INFO: Computing semblance for m0 = 9160
 INFO: Total execution time for kernels is 0.00804239s
 INFO: Computing semblance for m0 = 9180
 INFO: Total execution time for kernels is 0.00758667s
 INFO: Computing semblance for m0 = 9200
 INFO: Total execution time for kernels is 0.00771066s
 INFO: Computing semblance for m0 = 9220
 INFO: Total execution time for kernels is 0.00747448s
 INFO: Computing semblance for m0 = 9240
 INFO: Total execution time for kernels is 0.00706585s
 INFO: Computing semblance for m0 = 9260
 INFO: Total execution time for kernels is 0.00746437s
 INFO: Computing semblance for m0 = 9280
 INFO: Total execution time for kernels is 0.00712008s
 INFO: Computing semblance for m0 = 9300
 INFO: Total execution time for kernels is 0.00668301s
 INFO: Computing semblance for m0 = 9320
 INFO: Total execution time for kernels is 0.00673852s
 INFO: Computing semblance for m0 = 9340
 INFO: Total execution time for kernels is 0.0064706s
 INFO: Computing semblance for m0 = 9360
 INFO: Total execution time for kernels is 0.00649281s
 INFO: Computing semblance for m0 = 9380
 INFO: Total execution time for kernels is 0.00617233s
 INFO: Computing semblance for m0 = 9400
 INFO: Total execution time for kernels is 0.00586314s
 INFO: Computing semblance for m0 = 9420
 INFO: Total execution time for kernels is 0.00618672s
 INFO: Computing semblance for m0 = 9440
 INFO: Total execution time for kernels is 0.00584817s
 INFO: Computing semblance for m0 = 9460
 INFO: Total execution time for kernels is 0.00556352s
 INFO: Computing semblance for m0 = 9480
 INFO: Total execution time for kernels is 0.00524979s
 INFO: Computing semblance for m0 = 9500
 INFO: Total execution time for kernels is 0.0055659s
 INFO: Computing semblance for m0 = 9520
 INFO: Total execution time for kernels is 0.00525069s
 INFO: Computing semblance for m0 = 9540
 INFO: Total execution time for kernels is 0.00495104s
 INFO: Computing semblance for m0 = 9560
 INFO: Total execution time for kernels is 0.00460749s
 INFO: Computing semblance for m0 = 9580
 INFO: Total execution time for kernels is 0.00495714s
 INFO: Computing semblance for m0 = 9600
 INFO: Total execution time for kernels is 0.00428926s
 INFO: Computing semblance for m0 = 9620
 INFO: Total execution time for kernels is 0.00459783s
 INFO: Computing semblance for m0 = 9640
 INFO: Total execution time for kernels is 0.00396927s
 INFO: Computing semblance for m0 = 9660
 INFO: Total execution time for kernels is 0.00428969s
 INFO: Computing semblance for m0 = 9680
 INFO: Total execution time for kernels is 0.00362364s
 INFO: Computing semblance for m0 = 9700
 INFO: Total execution time for kernels is 0.00396987s
 INFO: Computing semblance for m0 = 9720
 INFO: Total execution time for kernels is 0.00362035s
 INFO: Computing semblance for m0 = 9740
 INFO: Total execution time for kernels is 0.00329475s
 INFO: Computing semblance for m0 = 9760
 INFO: Total execution time for kernels is 0.00331937s
 INFO: Computing semblance for m0 = 9780
 INFO: Total execution time for kernels is 0.00300466s
 INFO: Computing semblance for m0 = 9800
 INFO: Total execution time for kernels is 0.00269299s
 INFO: Computing semblance for m0 = 9820
 INFO: Total execution time for kernels is 0.00301062s
 INFO: Computing semblance for m0 = 9840
 INFO: Total execution time for kernels is 0.00236271s
 INFO: Computing semblance for m0 = 9860
 INFO: Total execution time for kernels is 0.0027003s
 INFO: Computing semblance for m0 = 9880
 INFO: Total execution time for kernels is 0.00205552s
 INFO: Computing semblance for m0 = 9900
 INFO: Total execution time for kernels is 0.00169799s
 INFO: Computing semblance for m0 = 9920
 INFO: Total execution time for kernels is 0.0023619s
 INFO: Computing semblance for m0 = 9940
 INFO: Total execution time for kernels is 0.00202997s
 INFO: Total execution time for kernels is 0.00135448s
 INFO: Total execution time for kernels is 0.0013567s
 INFO: Total execution time for kernels is 0.00170344s
 INFO: Average of efficiency is 1
 INFO: Average of interpolations_per_sec is 1.29945e+11
 INFO: Average of selected_traces is 20.6742
 INFO: Average of total_selection_kernel_exec_time is 0.000413432
 INFO: Average of total_kernel_exec_time is 0.0075472
 INFO: Driver init. duration is 0.183519 s
 INFO: Read gather duration is 0.110018 s
 INFO: Parse args. duration is 0.000206285 s
 INFO: Worker threads duration is 1.97539 s
 INFO: Dump results duration is 0.336148 s
 INFO: Results written to /home/ubuntu/nfs/out/d4e9b53e_master_p3.8xlarge_32/cmp/de/cuda/simple-synthetic_2/simple-synthetic_de_cmp_20210303_1157/
 INFO: It took 2.61301s to compute.
