 INFO: Number of CDPs = 445
 INFO: Number of traces in the gather = 9200
 INFO: Number of samples per trace = 2502
 INFO: Computing semblance for m0 = 0
 INFO: No trace has been selected for m0 = 0. Skipping.
 INFO: Total execution time for kernels is 9.426e-06s
 INFO: Computing semblance for m0 = 1080
 INFO: Total execution time for kernels is 0.00187137s
 INFO: Computing semblance for m0 = 1100
 INFO: Total execution time for kernels is 0.00187031s
 INFO: Computing semblance for m0 = 1120
 INFO: Total execution time for kernels is 0.00243613s
 INFO: Computing semblance for m0 = 1140
 INFO: Total execution time for kernels is 0.00243925s
 INFO: Computing semblance for m0 = 1160
 INFO: Total execution time for kernels is 0.00302176s
 INFO: Computing semblance for m0 = 1180
 INFO: Total execution time for kernels is 0.00303218s
 INFO: Computing semblance for m0 = 1200
 INFO: Total execution time for kernels is 0.00362281s
 INFO: Computing semblance for m0 = 1220
 INFO: Total execution time for kernels is 0.00362356s
 INFO: Computing semblance for m0 = 1240
 INFO: Total execution time for kernels is 0.0042216s
 INFO: Computing semblance for m0 = 1260
 INFO: Total execution time for kernels is 0.00424043s
 INFO: Computing semblance for m0 = 1280
 INFO: Total execution time for kernels is 0.00483517s
 INFO: Computing semblance for m0 = 1300
 INFO: Total execution time for kernels is 0.00482855s
 INFO: Computing semblance for m0 = 1320
 INFO: Total execution time for kernels is 0.00542671s
 INFO: Computing semblance for m0 = 1340
 INFO: Total execution time for kernels is 0.00541983s
 INFO: Computing semblance for m0 = 1360
 INFO: Total execution time for kernels is 0.00601659s
 INFO: Computing semblance for m0 = 1380
 INFO: Total execution time for kernels is 0.00600803s
 INFO: Computing semblance for m0 = 1400
 INFO: Total execution time for kernels is 0.00661724s
 INFO: Computing semblance for m0 = 1420
 INFO: Total execution time for kernels is 0.00662022s
 INFO: Computing semblance for m0 = 1440
 INFO: Total execution time for kernels is 0.00722025s
 INFO: Computing semblance for m0 = 1460
 INFO: Total execution time for kernels is 0.00720827s
 INFO: Computing semblance for m0 = 1480
 INFO: Total execution time for kernels is 0.00780767s
 INFO: Computing semblance for m0 = 1500
 INFO: Total execution time for kernels is 0.00778292s
 INFO: Computing semblance for m0 = 1520
 INFO: Total execution time for kernels is 0.00839972s
 INFO: Computing semblance for m0 = 1540
 INFO: Total execution time for kernels is 0.00710641s
 INFO: Computing semblance for m0 = 1560
 INFO: Total execution time for kernels is 0.00617806s
 INFO: Computing semblance for m0 = 1580
 INFO: Total execution time for kernels is 0.00618571s
 INFO: Computing semblance for m0 = 1600
 INFO: Total execution time for kernels is 0.0065889s
 INFO: Computing semblance for m0 = 1620
 INFO: Total execution time for kernels is 0.00657734s
 INFO: Computing semblance for m0 = 1640
 INFO: Total execution time for kernels is 0.00698251s
 INFO: Computing semblance for m0 = 1660
 INFO: Total execution time for kernels is 0.00697193s
 INFO: Computing semblance for m0 = 1680
 INFO: Total execution time for kernels is 0.00737298s
 INFO: Computing semblance for m0 = 1700
 INFO: Total execution time for kernels is 0.00737102s
 INFO: Computing semblance for m0 = 1720
 INFO: Total execution time for kernels is 0.0077782s
 INFO: Computing semblance for m0 = 1740
 INFO: Total execution time for kernels is 0.00778136s
 INFO: Computing semblance for m0 = 1760
 INFO: Total execution time for kernels is 0.00818184s
 INFO: Computing semblance for m0 = 1780
 INFO: Total execution time for kernels is 0.00816577s
 INFO: Computing semblance for m0 = 1800
 INFO: Total execution time for kernels is 0.00856996s
 INFO: Computing semblance for m0 = 1820
 INFO: Total execution time for kernels is 0.00569738s
 INFO: Computing semblance for m0 = 1840
 INFO: Total execution time for kernels is 0.00595291s
 INFO: Computing semblance for m0 = 1860
 INFO: Total execution time for kernels is 0.00594347s
 INFO: Computing semblance for m0 = 1880
 INFO: Total execution time for kernels is 0.00621823s
 INFO: Computing semblance for m0 = 1900
 INFO: Total execution time for kernels is 0.0062099s
 INFO: Computing semblance for m0 = 1920
 INFO: Total execution time for kernels is 0.00648153s
 INFO: Computing semblance for m0 = 1940
 INFO: Total execution time for kernels is 0.00647118s
 INFO: Computing semblance for m0 = 1960
 INFO: Total execution time for kernels is 0.00672234s
 INFO: Computing semblance for m0 = 1980
 INFO: Total execution time for kernels is 0.00653672s
 INFO: Computing semblance for m0 = 2000
 INFO: Total execution time for kernels is 0.00654572s
 INFO: Computing semblance for m0 = 2020
 INFO: Total execution time for kernels is 0.00655373s
 INFO: Computing semblance for m0 = 2040
 INFO: Total execution time for kernels is 0.00655881s
 INFO: Computing semblance for m0 = 2060
 INFO: Total execution time for kernels is 0.00655668s
 INFO: Computing semblance for m0 = 2080
 INFO: Total execution time for kernels is 0.00656335s
 INFO: Computing semblance for m0 = 2100
 INFO: Total execution time for kernels is 0.0063106s
 INFO: Computing semblance for m0 = 2120
 INFO: Total execution time for kernels is 0.00635226s
 INFO: Computing semblance for m0 = 2140
 INFO: Total execution time for kernels is 0.00621899s
 INFO: Computing semblance for m0 = 2160
 INFO: Total execution time for kernels is 0.00620471s
 INFO: Computing semblance for m0 = 2180
 INFO: Total execution time for kernels is 0.00613703s
 INFO: Computing semblance for m0 = 2200
 INFO: Total execution time for kernels is 0.00608941s
 INFO: Computing semblance for m0 = 2220
 INFO: Total execution time for kernels is 0.00607729s
 INFO: Computing semblance for m0 = 2240
 INFO: Total execution time for kernels is 0.00608515s
 INFO: Computing semblance for m0 = 2260
 INFO: Total execution time for kernels is 0.00607909s
 INFO: Computing semblance for m0 = 2280
 INFO: Total execution time for kernels is 0.00607138s
 INFO: Computing semblance for m0 = 2300
 INFO: Total execution time for kernels is 0.0058341s
 INFO: Computing semblance for m0 = 2320
 INFO: Total execution time for kernels is 0.00620079s
 INFO: Computing semblance for m0 = 2340
 INFO: Total execution time for kernels is 0.0061718s
 INFO: Computing semblance for m0 = 2360
 INFO: Total execution time for kernels is 0.00592425s
 INFO: Computing semblance for m0 = 2380
 INFO: Total execution time for kernels is 0.00641188s
 INFO: Computing semblance for m0 = 2400
 INFO: Total execution time for kernels is 0.00627064s
 INFO: Computing semblance for m0 = 2420
 INFO: Total execution time for kernels is 0.00600719s
 INFO: Computing semblance for m0 = 2440
 INFO: Total execution time for kernels is 0.00627334s
 INFO: Computing semblance for m0 = 2460
 INFO: Total execution time for kernels is 0.00613437s
 INFO: Computing semblance for m0 = 2480
 INFO: Total execution time for kernels is 0.00600346s
 INFO: Computing semblance for m0 = 2500
 INFO: Total execution time for kernels is 0.0063306s
 INFO: Computing semblance for m0 = 2520
 INFO: Total execution time for kernels is 0.00621275s
 INFO: Computing semblance for m0 = 2540
 INFO: Total execution time for kernels is 0.00608614s
 INFO: Computing semblance for m0 = 2560
 INFO: Total execution time for kernels is 0.0062825s
 INFO: Computing semblance for m0 = 2580
 INFO: Total execution time for kernels is 0.00615713s
 INFO: Computing semblance for m0 = 2600
 INFO: Total execution time for kernels is 0.00614158s
 INFO: Computing semblance for m0 = 2620
 INFO: Total execution time for kernels is 0.00600845s
 INFO: Computing semblance for m0 = 2640
 INFO: Total execution time for kernels is 0.00607017s
 INFO: Computing semblance for m0 = 2660
 INFO: Total execution time for kernels is 0.00608371s
 INFO: Computing semblance for m0 = 2680
 INFO: Total execution time for kernels is 0.00600975s
 INFO: Computing semblance for m0 = 2700
 INFO: Total execution time for kernels is 0.00612843s
 INFO: Computing semblance for m0 = 2720
 INFO: Total execution time for kernels is 0.00611958s
 INFO: Computing semblance for m0 = 2740
 INFO: Total execution time for kernels is 0.00583021s
 INFO: Computing semblance for m0 = 2760
 INFO: Total execution time for kernels is 0.00627207s
 INFO: Computing semblance for m0 = 2780
 INFO: Total execution time for kernels is 0.00619411s
 INFO: Computing semblance for m0 = 2800
 INFO: Total execution time for kernels is 0.0058915s
 INFO: Computing semblance for m0 = 2820
 INFO: Total execution time for kernels is 0.00633589s
 INFO: Computing semblance for m0 = 2840
 INFO: Total execution time for kernels is 0.00623532s
 INFO: Computing semblance for m0 = 2860
 INFO: Total execution time for kernels is 0.00600568s
 INFO: Computing semblance for m0 = 2880
 INFO: Total execution time for kernels is 0.00633676s
 INFO: Computing semblance for m0 = 2900
 INFO: Total execution time for kernels is 0.006196s
 INFO: Computing semblance for m0 = 2920
 INFO: Total execution time for kernels is 0.00613176s
 INFO: Computing semblance for m0 = 2940
 INFO: Total execution time for kernels is 0.00607062s
 INFO: Computing semblance for m0 = 2960
 INFO: Total execution time for kernels is 0.00607222s
 INFO: Computing semblance for m0 = 2980
 INFO: Total execution time for kernels is 0.00606281s
 INFO: Computing semblance for m0 = 3000
 INFO: Total execution time for kernels is 0.00588666s
 INFO: Computing semblance for m0 = 3020
 INFO: Total execution time for kernels is 0.00606657s
 INFO: Computing semblance for m0 = 3040
 INFO: Total execution time for kernels is 0.00606647s
 INFO: Computing semblance for m0 = 3060
 INFO: Total execution time for kernels is 0.00591744s
 INFO: Computing semblance for m0 = 3080
 INFO: Total execution time for kernels is 0.00600121s
 INFO: Computing semblance for m0 = 3100
 INFO: Total execution time for kernels is 0.00600326s
 INFO: Computing semblance for m0 = 3120
 INFO: Total execution time for kernels is 0.00601156s
 INFO: Computing semblance for m0 = 3140
 INFO: Total execution time for kernels is 0.00611934s
 INFO: Computing semblance for m0 = 3160
 INFO: Total execution time for kernels is 0.00613861s
 INFO: Computing semblance for m0 = 3180
 INFO: Total execution time for kernels is 0.0060689s
 INFO: Computing semblance for m0 = 3200
 INFO: Total execution time for kernels is 0.00606923s
 INFO: Computing semblance for m0 = 3220
 INFO: Total execution time for kernels is 0.00607047s
 INFO: Computing semblance for m0 = 3240
 INFO: Total execution time for kernels is 0.00589028s
 INFO: Computing semblance for m0 = 3260
 INFO: Total execution time for kernels is 0.0061327s
 INFO: Computing semblance for m0 = 3280
 INFO: Total execution time for kernels is 0.00610866s
 INFO: Computing semblance for m0 = 3300
 INFO: Total execution time for kernels is 0.00582671s
 INFO: Computing semblance for m0 = 3320
 INFO: Total execution time for kernels is 0.00626683s
 INFO: Computing semblance for m0 = 3340
 INFO: Total execution time for kernels is 0.00616669s
 INFO: Computing semblance for m0 = 3360
 INFO: Total execution time for kernels is 0.00600977s
 INFO: Computing semblance for m0 = 3380
 INFO: Total execution time for kernels is 0.00633083s
 INFO: Computing semblance for m0 = 3400
 INFO: Total execution time for kernels is 0.00620557s
 INFO: Computing semblance for m0 = 3420
 INFO: Total execution time for kernels is 0.00613271s
 INFO: Computing semblance for m0 = 3440
 INFO: Total execution time for kernels is 0.00608036s
 INFO: Computing semblance for m0 = 3460
 INFO: Total execution time for kernels is 0.00607171s
 INFO: Computing semblance for m0 = 3480
 INFO: Total execution time for kernels is 0.00607298s
 INFO: Computing semblance for m0 = 3500
 INFO: Total execution time for kernels is 0.00583068s
 INFO: Computing semblance for m0 = 3520
 INFO: Total execution time for kernels is 0.0061404s
 INFO: Computing semblance for m0 = 3540
 INFO: Total execution time for kernels is 0.00608801s
 INFO: Computing semblance for m0 = 3560
 INFO: Total execution time for kernels is 0.00583619s
 INFO: Computing semblance for m0 = 3580
 INFO: Total execution time for kernels is 0.00633191s
 INFO: Computing semblance for m0 = 3600
 INFO: Total execution time for kernels is 0.00619829s
 INFO: Computing semblance for m0 = 3620
 INFO: Total execution time for kernels is 0.00600342s
 INFO: Computing semblance for m0 = 3640
 INFO: Total execution time for kernels is 0.00633309s
 INFO: Computing semblance for m0 = 3660
 INFO: Total execution time for kernels is 0.00621945s
 INFO: Computing semblance for m0 = 3680
 INFO: Total execution time for kernels is 0.00620148s
 INFO: Computing semblance for m0 = 3700
 INFO: Total execution time for kernels is 0.00592192s
 INFO: Computing semblance for m0 = 3720
 INFO: Total execution time for kernels is 0.00613619s
 INFO: Computing semblance for m0 = 3740
 INFO: Total execution time for kernels is 0.00602955s
 INFO: Computing semblance for m0 = 3760
 INFO: Total execution time for kernels is 0.00583429s
 INFO: Computing semblance for m0 = 3780
 INFO: Total execution time for kernels is 0.00646572s
 INFO: Computing semblance for m0 = 3800
 INFO: Total execution time for kernels is 0.00636595s
 INFO: Computing semblance for m0 = 3820
 INFO: Total execution time for kernels is 0.00619088s
 INFO: Computing semblance for m0 = 3840
 INFO: Total execution time for kernels is 0.00646499s
 INFO: Computing semblance for m0 = 3860
 INFO: Total execution time for kernels is 0.00632223s
 INFO: Computing semblance for m0 = 3880
 INFO: Total execution time for kernels is 0.00619575s
 INFO: Computing semblance for m0 = 3900
 INFO: Total execution time for kernels is 0.00619285s
 INFO: Computing semblance for m0 = 3920
 INFO: Total execution time for kernels is 0.00607702s
 INFO: Computing semblance for m0 = 3940
 INFO: Total execution time for kernels is 0.00605907s
 INFO: Computing semblance for m0 = 3960
 INFO: Total execution time for kernels is 0.00588853s
 INFO: Computing semblance for m0 = 3980
 INFO: Total execution time for kernels is 0.00619271s
 INFO: Computing semblance for m0 = 4000
 INFO: Total execution time for kernels is 0.00615416s
 INFO: Computing semblance for m0 = 4020
 INFO: Total execution time for kernels is 0.00588027s
 INFO: Computing semblance for m0 = 4040
 INFO: Total execution time for kernels is 0.00633787s
 INFO: Computing semblance for m0 = 4060
 INFO: Total execution time for kernels is 0.00623995s
 INFO: Computing semblance for m0 = 4080
 INFO: Total execution time for kernels is 0.00600258s
 INFO: Computing semblance for m0 = 4100
 INFO: Total execution time for kernels is 0.00645402s
 INFO: Computing semblance for m0 = 4120
 INFO: Total execution time for kernels is 0.0063379s
 INFO: Computing semblance for m0 = 4140
 INFO: Total execution time for kernels is 0.00606093s
 INFO: Computing semblance for m0 = 4160
 INFO: Total execution time for kernels is 0.00638583s
 INFO: Computing semblance for m0 = 4180
 INFO: Total execution time for kernels is 0.00625212s
 INFO: Computing semblance for m0 = 4200
 INFO: Total execution time for kernels is 0.00600219s
 INFO: Computing semblance for m0 = 4220
 INFO: Total execution time for kernels is 0.00645329s
 INFO: Computing semblance for m0 = 4240
 INFO: Total execution time for kernels is 0.00632121s
 INFO: Computing semblance for m0 = 4260
 INFO: Total execution time for kernels is 0.00606292s
 INFO: Computing semblance for m0 = 4280
 INFO: Total execution time for kernels is 0.00632884s
 INFO: Computing semblance for m0 = 4300
 INFO: Total execution time for kernels is 0.00614805s
 INFO: Computing semblance for m0 = 4320
 INFO: Total execution time for kernels is 0.00600467s
 INFO: Computing semblance for m0 = 4340
 INFO: Total execution time for kernels is 0.00625537s
 INFO: Computing semblance for m0 = 4360
 INFO: Total execution time for kernels is 0.00617515s
 INFO: Computing semblance for m0 = 4380
 INFO: Total execution time for kernels is 0.00612302s
 INFO: Computing semblance for m0 = 4400
 INFO: Total execution time for kernels is 0.00626242s
 INFO: Computing semblance for m0 = 4420
 INFO: Total execution time for kernels is 0.00615511s
 INFO: Computing semblance for m0 = 4440
 INFO: Total execution time for kernels is 0.00612908s
 INFO: Computing semblance for m0 = 4460
 INFO: Total execution time for kernels is 0.00618877s
 INFO: Computing semblance for m0 = 4480
 INFO: Total execution time for kernels is 0.00608127s
 INFO: Computing semblance for m0 = 4500
 INFO: Total execution time for kernels is 0.00605799s
 INFO: Computing semblance for m0 = 4520
 INFO: Total execution time for kernels is 0.00619591s
 INFO: Computing semblance for m0 = 4540
 INFO: Total execution time for kernels is 0.00607451s
 INFO: Computing semblance for m0 = 4560
 INFO: Total execution time for kernels is 0.00606354s
 INFO: Computing semblance for m0 = 4580
 INFO: Total execution time for kernels is 0.00599523s
 INFO: Computing semblance for m0 = 4600
 INFO: Total execution time for kernels is 0.00606564s
 INFO: Computing semblance for m0 = 4620
 INFO: Total execution time for kernels is 0.0060165s
 INFO: Computing semblance for m0 = 4640
 INFO: Total execution time for kernels is 0.00582417s
 INFO: Computing semblance for m0 = 4660
 INFO: Total execution time for kernels is 0.00631896s
 INFO: Computing semblance for m0 = 4680
 INFO: Total execution time for kernels is 0.00618478s
 INFO: Computing semblance for m0 = 4700
 INFO: Total execution time for kernels is 0.00605525s
 INFO: Computing semblance for m0 = 4720
 INFO: Total execution time for kernels is 0.00619061s
 INFO: Computing semblance for m0 = 4740
 INFO: Total execution time for kernels is 0.00608554s
 INFO: Computing semblance for m0 = 4760
 INFO: Total execution time for kernels is 0.00607288s
 INFO: Computing semblance for m0 = 4780
 INFO: Total execution time for kernels is 0.00612962s
 INFO: Computing semblance for m0 = 4800
 INFO: Total execution time for kernels is 0.0060824s
 INFO: Computing semblance for m0 = 4820
 INFO: Total execution time for kernels is 0.00606922s
 INFO: Computing semblance for m0 = 4840
 INFO: Total execution time for kernels is 0.00620041s
 INFO: Computing semblance for m0 = 4860
 INFO: Total execution time for kernels is 0.00614568s
 INFO: Computing semblance for m0 = 4880
 INFO: Total execution time for kernels is 0.0061364s
 INFO: Computing semblance for m0 = 4900
 INFO: Total execution time for kernels is 0.00606621s
 INFO: Computing semblance for m0 = 4920
 INFO: Total execution time for kernels is 0.00600717s
 INFO: Computing semblance for m0 = 4940
 INFO: Total execution time for kernels is 0.00600001s
 INFO: Computing semblance for m0 = 4960
 INFO: Total execution time for kernels is 0.00606829s
 INFO: Computing semblance for m0 = 4980
 INFO: Total execution time for kernels is 0.00601475s
 INFO: Computing semblance for m0 = 5000
 INFO: Total execution time for kernels is 0.00600575s
 INFO: Computing semblance for m0 = 5020
 INFO: Total execution time for kernels is 0.00612122s
 INFO: Computing semblance for m0 = 5040
 INFO: Total execution time for kernels is 0.00603964s
 INFO: Computing semblance for m0 = 5060
 INFO: Total execution time for kernels is 0.00599698s
 INFO: Computing semblance for m0 = 5080
 INFO: Total execution time for kernels is 0.00619535s
 INFO: Computing semblance for m0 = 5100
 INFO: Total execution time for kernels is 0.00610465s
 INFO: Computing semblance for m0 = 5120
 INFO: Total execution time for kernels is 0.00606781s
 INFO: Computing semblance for m0 = 5140
 INFO: Total execution time for kernels is 0.00626012s
 INFO: Computing semblance for m0 = 5160
 INFO: Total execution time for kernels is 0.00617422s
 INFO: Computing semblance for m0 = 5180
 INFO: Total execution time for kernels is 0.00612642s
 INFO: Computing semblance for m0 = 5200
 INFO: Total execution time for kernels is 0.00619866s
 INFO: Computing semblance for m0 = 5220
 INFO: Total execution time for kernels is 0.00609102s
 INFO: Computing semblance for m0 = 5240
 INFO: Total execution time for kernels is 0.0060687s
 INFO: Computing semblance for m0 = 5260
 INFO: Total execution time for kernels is 0.00606754s
 INFO: Computing semblance for m0 = 5280
 INFO: Total execution time for kernels is 0.00601503s
 INFO: Computing semblance for m0 = 5300
 INFO: Total execution time for kernels is 0.00599567s
 INFO: Computing semblance for m0 = 5320
 INFO: Total execution time for kernels is 0.00613216s
 INFO: Computing semblance for m0 = 5340
 INFO: Total execution time for kernels is 0.00607548s
 INFO: Computing semblance for m0 = 5360
 INFO: Total execution time for kernels is 0.00606265s
 INFO: Computing semblance for m0 = 5380
 INFO: Total execution time for kernels is 0.00611943s
 INFO: Computing semblance for m0 = 5400
 INFO: Total execution time for kernels is 0.00605245s
 INFO: Computing semblance for m0 = 5420
 INFO: Total execution time for kernels is 0.00599283s
 INFO: Computing semblance for m0 = 5440
 INFO: Total execution time for kernels is 0.00626046s
 INFO: Computing semblance for m0 = 5460
 INFO: Total execution time for kernels is 0.00612279s
 INFO: Computing semblance for m0 = 5480
 INFO: Total execution time for kernels is 0.00606974s
 INFO: Computing semblance for m0 = 5500
 INFO: Total execution time for kernels is 0.00625074s
 INFO: Computing semblance for m0 = 5520
 INFO: Total execution time for kernels is 0.0061551s
 INFO: Computing semblance for m0 = 5540
 INFO: Total execution time for kernels is 0.00612627s
 INFO: Computing semblance for m0 = 5560
 INFO: Total execution time for kernels is 0.00600809s
 INFO: Computing semblance for m0 = 5580
 INFO: Total execution time for kernels is 0.00605084s
 INFO: Computing semblance for m0 = 5600
 INFO: Total execution time for kernels is 0.00606381s
 INFO: Computing semblance for m0 = 5620
 INFO: Total execution time for kernels is 0.00591008s
 INFO: Computing semblance for m0 = 5640
 INFO: Total execution time for kernels is 0.0061088s
 INFO: Computing semblance for m0 = 5660
 INFO: Total execution time for kernels is 0.00612513s
 INFO: Computing semblance for m0 = 5680
 INFO: Total execution time for kernels is 0.00606594s
 INFO: Computing semblance for m0 = 5700
 INFO: Total execution time for kernels is 0.00605796s
 INFO: Computing semblance for m0 = 5720
 INFO: Total execution time for kernels is 0.00606795s
 INFO: Computing semblance for m0 = 5740
 INFO: Total execution time for kernels is 0.00605389s
 INFO: Computing semblance for m0 = 5760
 INFO: Total execution time for kernels is 0.00606247s
 INFO: Computing semblance for m0 = 5780
 INFO: Total execution time for kernels is 0.00605561s
 INFO: Computing semblance for m0 = 5800
 INFO: Total execution time for kernels is 0.006064s
 INFO: Computing semblance for m0 = 5820
 INFO: Total execution time for kernels is 0.00597272s
 INFO: Computing semblance for m0 = 5840
 INFO: Total execution time for kernels is 0.00593652s
 INFO: Computing semblance for m0 = 5860
 INFO: Total execution time for kernels is 0.00599749s
 INFO: Computing semblance for m0 = 5880
 INFO: Total execution time for kernels is 0.0060507s
 INFO: Computing semblance for m0 = 5900
 INFO: Total execution time for kernels is 0.00605228s
 INFO: Computing semblance for m0 = 5920
 INFO: Total execution time for kernels is 0.00606455s
 INFO: Computing semblance for m0 = 5940
 INFO: Total execution time for kernels is 0.00611175s
 INFO: Computing semblance for m0 = 5960
 INFO: Total execution time for kernels is 0.0061287s
 INFO: Computing semblance for m0 = 5980
 INFO: Total execution time for kernels is 0.00612305s
 INFO: Computing semblance for m0 = 6000
 INFO: Total execution time for kernels is 0.00612787s
 INFO: Computing semblance for m0 = 6020
 INFO: Total execution time for kernels is 0.00612007s
 INFO: Computing semblance for m0 = 6040
 INFO: Total execution time for kernels is 0.00606712s
 INFO: Computing semblance for m0 = 6060
 INFO: Total execution time for kernels is 0.00605726s
 INFO: Computing semblance for m0 = 6080
 INFO: Total execution time for kernels is 0.00606347s
 INFO: Computing semblance for m0 = 6100
 INFO: Total execution time for kernels is 0.00599435s
 INFO: Computing semblance for m0 = 6120
 INFO: Total execution time for kernels is 0.00600082s
 INFO: Computing semblance for m0 = 6140
 INFO: Total execution time for kernels is 0.00600042s
 INFO: Computing semblance for m0 = 6160
 INFO: Total execution time for kernels is 0.00600369s
 INFO: Computing semblance for m0 = 6180
 INFO: Total execution time for kernels is 0.00605803s
 INFO: Computing semblance for m0 = 6200
 INFO: Total execution time for kernels is 0.00606173s
 INFO: Computing semblance for m0 = 6220
 INFO: Total execution time for kernels is 0.00582217s
 INFO: Computing semblance for m0 = 6240
 INFO: Total execution time for kernels is 0.00619973s
 INFO: Computing semblance for m0 = 6260
 INFO: Total execution time for kernels is 0.00605669s
 INFO: Computing semblance for m0 = 6280
 INFO: Total execution time for kernels is 0.00589101s
 INFO: Computing semblance for m0 = 6300
 INFO: Total execution time for kernels is 0.00612755s
 INFO: Computing semblance for m0 = 6320
 INFO: Total execution time for kernels is 0.00606186s
 INFO: Computing semblance for m0 = 6340
 INFO: Total execution time for kernels is 0.00600401s
 INFO: Computing semblance for m0 = 6360
 INFO: Total execution time for kernels is 0.00633167s
 INFO: Computing semblance for m0 = 6380
 INFO: Total execution time for kernels is 0.00618294s
 INFO: Computing semblance for m0 = 6400
 INFO: Total execution time for kernels is 0.00613382s
 INFO: Computing semblance for m0 = 6420
 INFO: Total execution time for kernels is 0.00612533s
 INFO: Computing semblance for m0 = 6440
 INFO: Total execution time for kernels is 0.00607401s
 INFO: Computing semblance for m0 = 6460
 INFO: Total execution time for kernels is 0.00606399s
 INFO: Computing semblance for m0 = 6480
 INFO: Total execution time for kernels is 0.00583625s
 INFO: Computing semblance for m0 = 6500
 INFO: Total execution time for kernels is 0.00606362s
 INFO: Computing semblance for m0 = 6520
 INFO: Total execution time for kernels is 0.00607027s
 INFO: Computing semblance for m0 = 6540
 INFO: Total execution time for kernels is 0.00606613s
 INFO: Computing semblance for m0 = 6560
 INFO: Total execution time for kernels is 0.00607236s
 INFO: Computing semblance for m0 = 6580
 INFO: Total execution time for kernels is 0.00606807s
 INFO: Computing semblance for m0 = 6600
 INFO: Total execution time for kernels is 0.00606989s
 INFO: Computing semblance for m0 = 6620
 INFO: Total execution time for kernels is 0.00636386s
 INFO: Computing semblance for m0 = 6640
 INFO: Total execution time for kernels is 0.00633103s
 INFO: Computing semblance for m0 = 6660
 INFO: Total execution time for kernels is 0.00619714s
 INFO: Computing semblance for m0 = 6680
 INFO: Total execution time for kernels is 0.00620221s
 INFO: Computing semblance for m0 = 6700
 INFO: Total execution time for kernels is 0.00618941s
 INFO: Computing semblance for m0 = 6720
 INFO: Total execution time for kernels is 0.00592337s
 INFO: Computing semblance for m0 = 6740
 INFO: Total execution time for kernels is 0.00605646s
 INFO: Computing semblance for m0 = 6760
 INFO: Total execution time for kernels is 0.00605748s
 INFO: Computing semblance for m0 = 6780
 INFO: Total execution time for kernels is 0.00582688s
 INFO: Computing semblance for m0 = 6800
 INFO: Total execution time for kernels is 0.00633583s
 INFO: Computing semblance for m0 = 6820
 INFO: Total execution time for kernels is 0.00624735s
 INFO: Computing semblance for m0 = 6840
 INFO: Total execution time for kernels is 0.0060126s
 INFO: Computing semblance for m0 = 6860
 INFO: Total execution time for kernels is 0.00653331s
 INFO: Computing semblance for m0 = 6880
 INFO: Total execution time for kernels is 0.00640398s
 INFO: Computing semblance for m0 = 6900
 INFO: Total execution time for kernels is 0.00612684s
 INFO: Computing semblance for m0 = 6920
 INFO: Total execution time for kernels is 0.00646986s
 INFO: Computing semblance for m0 = 6940
 INFO: Total execution time for kernels is 0.00631089s
 INFO: Computing semblance for m0 = 6960
 INFO: Total execution time for kernels is 0.00612932s
 INFO: Computing semblance for m0 = 6980
 INFO: Total execution time for kernels is 0.00632164s
 INFO: Computing semblance for m0 = 7000
 INFO: Total execution time for kernels is 0.00622855s
 INFO: Computing semblance for m0 = 7020
 INFO: Total execution time for kernels is 0.00612404s
 INFO: Computing semblance for m0 = 7040
 INFO: Total execution time for kernels is 0.00633723s
 INFO: Computing semblance for m0 = 7060
 INFO: Total execution time for kernels is 0.0062105s
 INFO: Computing semblance for m0 = 7080
 INFO: Total execution time for kernels is 0.0061346s
 INFO: Computing semblance for m0 = 7100
 INFO: Total execution time for kernels is 0.00632784s
 INFO: Computing semblance for m0 = 7120
 INFO: Total execution time for kernels is 0.0062183s
 INFO: Computing semblance for m0 = 7140
 INFO: Total execution time for kernels is 0.00613279s
 INFO: Computing semblance for m0 = 7160
 INFO: Total execution time for kernels is 0.00633402s
 INFO: Computing semblance for m0 = 7180
 INFO: Total execution time for kernels is 0.00620394s
 INFO: Computing semblance for m0 = 7200
 INFO: Total execution time for kernels is 0.00614039s
 INFO: Computing semblance for m0 = 7220
 INFO: Total execution time for kernels is 0.00633151s
 INFO: Computing semblance for m0 = 7240
 INFO: Total execution time for kernels is 0.00620855s
 INFO: Computing semblance for m0 = 7260
 INFO: Total execution time for kernels is 0.00613137s
 INFO: Computing semblance for m0 = 7280
 INFO: Total execution time for kernels is 0.00633899s
 INFO: Computing semblance for m0 = 7300
 INFO: Total execution time for kernels is 0.00624177s
 INFO: Computing semblance for m0 = 7320
 INFO: Total execution time for kernels is 0.00620303s
 INFO: Computing semblance for m0 = 7340
 INFO: Total execution time for kernels is 0.00618997s
 INFO: Computing semblance for m0 = 7360
 INFO: Total execution time for kernels is 0.00610211s
 INFO: Computing semblance for m0 = 7380
 INFO: Total execution time for kernels is 0.00606928s
 INFO: Computing semblance for m0 = 7400
 INFO: Total execution time for kernels is 0.0062742s
 INFO: Computing semblance for m0 = 7420
 INFO: Total execution time for kernels is 0.00617214s
 INFO: Computing semblance for m0 = 7440
 INFO: Total execution time for kernels is 0.00614406s
 INFO: Computing semblance for m0 = 7460
 INFO: Total execution time for kernels is 0.00613713s
 INFO: Computing semblance for m0 = 7480
 INFO: Total execution time for kernels is 0.00610188s
 INFO: Computing semblance for m0 = 7500
 INFO: Total execution time for kernels is 0.00606953s
 INFO: Computing semblance for m0 = 7520
 INFO: Total execution time for kernels is 0.00614984s
 INFO: Computing semblance for m0 = 7540
 INFO: Total execution time for kernels is 0.0060404s
 INFO: Computing semblance for m0 = 7560
 INFO: Total execution time for kernels is 0.00600847s
 INFO: Computing semblance for m0 = 7580
 INFO: Total execution time for kernels is 0.00619484s
 INFO: Computing semblance for m0 = 7600
 INFO: Total execution time for kernels is 0.00607767s
 INFO: Computing semblance for m0 = 7620
 INFO: Total execution time for kernels is 0.0060074s
 INFO: Computing semblance for m0 = 7640
 INFO: Total execution time for kernels is 0.00626696s
 INFO: Computing semblance for m0 = 7660
 INFO: Total execution time for kernels is 0.00612294s
 INFO: Computing semblance for m0 = 7680
 INFO: Total execution time for kernels is 0.00607364s
 INFO: Computing semblance for m0 = 7700
 INFO: Total execution time for kernels is 0.00619241s
 INFO: Computing semblance for m0 = 7720
 INFO: Total execution time for kernels is 0.00615832s
 INFO: Computing semblance for m0 = 7740
 INFO: Total execution time for kernels is 0.00612678s
 INFO: Computing semblance for m0 = 7760
 INFO: Total execution time for kernels is 0.00620435s
 INFO: Computing semblance for m0 = 7780
 INFO: Total execution time for kernels is 0.00613255s
 INFO: Computing semblance for m0 = 7800
 INFO: Total execution time for kernels is 0.0061336s
 INFO: Computing semblance for m0 = 7820
 INFO: Total execution time for kernels is 0.00590906s
 INFO: Computing semblance for m0 = 7840
 INFO: Total execution time for kernels is 0.00605987s
 INFO: Computing semblance for m0 = 7860
 INFO: Total execution time for kernels is 0.0060579s
 INFO: Computing semblance for m0 = 7880
 INFO: Total execution time for kernels is 0.00600928s
 INFO: Computing semblance for m0 = 7900
 INFO: Total execution time for kernels is 0.00612127s
 INFO: Computing semblance for m0 = 7920
 INFO: Total execution time for kernels is 0.00613296s
 INFO: Computing semblance for m0 = 7940
 INFO: Total execution time for kernels is 0.00606677s
 INFO: Computing semblance for m0 = 7960
 INFO: Total execution time for kernels is 0.00612553s
 INFO: Computing semblance for m0 = 7980
 INFO: Total execution time for kernels is 0.00612647s
 INFO: Computing semblance for m0 = 8000
 INFO: Total execution time for kernels is 0.00601253s
 INFO: Computing semblance for m0 = 8020
 INFO: Total execution time for kernels is 0.00619677s
 INFO: Computing semblance for m0 = 8040
 INFO: Total execution time for kernels is 0.00611835s
 INFO: Computing semblance for m0 = 8060
 INFO: Total execution time for kernels is 0.00588597s
 INFO: Computing semblance for m0 = 8080
 INFO: Total execution time for kernels is 0.00626053s
 INFO: Computing semblance for m0 = 8100
 INFO: Total execution time for kernels is 0.00615377s
 INFO: Computing semblance for m0 = 8120
 INFO: Total execution time for kernels is 0.00607266s
 INFO: Computing semblance for m0 = 8140
 INFO: Total execution time for kernels is 0.00633198s
 INFO: Computing semblance for m0 = 8160
 INFO: Total execution time for kernels is 0.0062044s
 INFO: Computing semblance for m0 = 8180
 INFO: Total execution time for kernels is 0.00613058s
 INFO: Computing semblance for m0 = 8200
 INFO: Total execution time for kernels is 0.00620522s
 INFO: Computing semblance for m0 = 8220
 INFO: Total execution time for kernels is 0.00613952s
 INFO: Computing semblance for m0 = 8240
 INFO: Total execution time for kernels is 0.00613771s
 INFO: Computing semblance for m0 = 8260
 INFO: Total execution time for kernels is 0.00613373s
 INFO: Computing semblance for m0 = 8280
 INFO: Total execution time for kernels is 0.00609006s
 INFO: Computing semblance for m0 = 8300
 INFO: Total execution time for kernels is 0.00606731s
 INFO: Computing semblance for m0 = 8320
 INFO: Total execution time for kernels is 0.00607671s
 INFO: Computing semblance for m0 = 8340
 INFO: Total execution time for kernels is 0.00600468s
 INFO: Computing semblance for m0 = 8360
 INFO: Total execution time for kernels is 0.00600764s
 INFO: Computing semblance for m0 = 8380
 INFO: Total execution time for kernels is 0.00599975s
 INFO: Computing semblance for m0 = 8400
 INFO: Total execution time for kernels is 0.00593768s
 INFO: Computing semblance for m0 = 8420
 INFO: Total execution time for kernels is 0.00592306s
 INFO: Computing semblance for m0 = 8440
 INFO: Total execution time for kernels is 0.00614504s
 INFO: Computing semblance for m0 = 8460
 INFO: Total execution time for kernels is 0.006076s
 INFO: Computing semblance for m0 = 8480
 INFO: Total execution time for kernels is 0.00606768s
 INFO: Computing semblance for m0 = 8500
 INFO: Total execution time for kernels is 0.00613307s
 INFO: Computing semblance for m0 = 8520
 INFO: Total execution time for kernels is 0.0060923s
 INFO: Computing semblance for m0 = 8540
 INFO: Total execution time for kernels is 0.00607382s
 INFO: Computing semblance for m0 = 8560
 INFO: Total execution time for kernels is 0.00620554s
 INFO: Computing semblance for m0 = 8580
 INFO: Total execution time for kernels is 0.00613802s
 INFO: Computing semblance for m0 = 8600
 INFO: Total execution time for kernels is 0.0061324s
 INFO: Computing semblance for m0 = 8620
 INFO: Total execution time for kernels is 0.00619903s
 INFO: Computing semblance for m0 = 8640
 INFO: Total execution time for kernels is 0.00614875s
 INFO: Computing semblance for m0 = 8660
 INFO: Total execution time for kernels is 0.00613578s
 INFO: Computing semblance for m0 = 8680
 INFO: Total execution time for kernels is 0.00592313s
 INFO: Computing semblance for m0 = 8700
 INFO: Total execution time for kernels is 0.00613759s
 INFO: Computing semblance for m0 = 8720
 INFO: Total execution time for kernels is 0.00613612s
 INFO: Computing semblance for m0 = 8740
 INFO: Total execution time for kernels is 0.00600171s
 INFO: Computing semblance for m0 = 8760
 INFO: Total execution time for kernels is 0.00620451s
 INFO: Computing semblance for m0 = 8780
 INFO: Total execution time for kernels is 0.00618247s
 INFO: Computing semblance for m0 = 8800
 INFO: Total execution time for kernels is 0.00589585s
 INFO: Computing semblance for m0 = 8820
 INFO: Total execution time for kernels is 0.00619607s
 INFO: Computing semblance for m0 = 8840
 INFO: Total execution time for kernels is 0.00617675s
 INFO: Computing semblance for m0 = 8860
 INFO: Total execution time for kernels is 0.00589278s
 INFO: Computing semblance for m0 = 8880
 INFO: Total execution time for kernels is 0.00628879s
 INFO: Computing semblance for m0 = 8900
 INFO: Total execution time for kernels is 0.00622812s
 INFO: Computing semblance for m0 = 8920
 INFO: Total execution time for kernels is 0.00592877s
 INFO: Computing semblance for m0 = 8940
 INFO: Total execution time for kernels is 0.00626128s
 INFO: Computing semblance for m0 = 8960
 INFO: Total execution time for kernels is 0.00623853s
 INFO: Computing semblance for m0 = 8980
 INFO: Total execution time for kernels is 0.00591674s
 INFO: Computing semblance for m0 = 9000
 INFO: Total execution time for kernels is 0.00628368s
 INFO: Computing semblance for m0 = 9020
 INFO: Total execution time for kernels is 0.00623381s
 INFO: Computing semblance for m0 = 9040
 INFO: Total execution time for kernels is 0.00592742s
 INFO: Computing semblance for m0 = 9060
 INFO: Total execution time for kernels is 0.00639235s
 INFO: Computing semblance for m0 = 9080
 INFO: Total execution time for kernels is 0.00612247s
 INFO: Computing semblance for m0 = 9100
 INFO: Total execution time for kernels is 0.00582267s
 INFO: Computing semblance for m0 = 9120
 INFO: Total execution time for kernels is 0.00575357s
 INFO: Computing semblance for m0 = 9140
 INFO: Total execution time for kernels is 0.00575058s
 INFO: Computing semblance for m0 = 9160
 INFO: Total execution time for kernels is 0.00518837s
 INFO: Computing semblance for m0 = 9180
 INFO: Total execution time for kernels is 0.00518155s
 INFO: Computing semblance for m0 = 9200
 INFO: Total execution time for kernels is 0.00495816s
 INFO: Computing semblance for m0 = 9220
 INFO: Total execution time for kernels is 0.00502961s
 INFO: Computing semblance for m0 = 9240
 INFO: Total execution time for kernels is 0.00470839s
 INFO: Computing semblance for m0 = 9260
 INFO: Total execution time for kernels is 0.00459298s
 INFO: Computing semblance for m0 = 9280
 INFO: Total execution time for kernels is 0.00459075s
 INFO: Computing semblance for m0 = 9300
 INFO: Total execution time for kernels is 0.00457823s
 INFO: Computing semblance for m0 = 9320
 INFO: Total execution time for kernels is 0.00421009s
 INFO: Computing semblance for m0 = 9340
 INFO: Total execution time for kernels is 0.00417951s
 INFO: Computing semblance for m0 = 9360
 INFO: Total execution time for kernels is 0.00386629s
 INFO: Computing semblance for m0 = 9380
 INFO: Total execution time for kernels is 0.0038198s
 INFO: Computing semblance for m0 = 9400
 INFO: Total execution time for kernels is 0.00359645s
 INFO: Computing semblance for m0 = 9420
 INFO: Total execution time for kernels is 0.00363871s
 INFO: Computing semblance for m0 = 9440
 INFO: Total execution time for kernels is 0.00341772s
 INFO: Computing semblance for m0 = 9460
 INFO: Total execution time for kernels is 0.00348919s
 INFO: Computing semblance for m0 = 9480
 INFO: Total execution time for kernels is 0.00325713s
 INFO: Computing semblance for m0 = 9500
 INFO: Total execution time for kernels is 0.00321583s
 INFO: Computing semblance for m0 = 9520
 INFO: Total execution time for kernels is 0.00300106s
 INFO: Computing semblance for m0 = 9540
 INFO: Total execution time for kernels is 0.00294657s
 INFO: Computing semblance for m0 = 9560
 INFO: Total execution time for kernels is 0.00274815s
 INFO: Computing semblance for m0 = 9580
 INFO: Total execution time for kernels is 0.00269945s
 INFO: Computing semblance for m0 = 9600
 INFO: Total execution time for kernels is 0.00250855s
 INFO: Computing semblance for m0 = 9620
 INFO: Total execution time for kernels is 0.0025128s
 INFO: Computing semblance for m0 = 9640
 INFO: Total execution time for kernels is 0.00235718s
 INFO: Computing semblance for m0 = 9660
 INFO: Total execution time for kernels is 0.00236854s
 INFO: Computing semblance for m0 = 9680
 INFO: Total execution time for kernels is 0.00225346s
 INFO: Computing semblance for m0 = 9700
 INFO: Total execution time for kernels is 0.00226936s
 INFO: Computing semblance for m0 = 9720
 INFO: Total execution time for kernels is 0.00218895s
 INFO: Computing semblance for m0 = 9740
 INFO: Total execution time for kernels is 0.00218743s
 INFO: Computing semblance for m0 = 9760
 INFO: Total execution time for kernels is 0.0021036s
 INFO: Computing semblance for m0 = 9780
 INFO: Total execution time for kernels is 0.00211636s
 INFO: Computing semblance for m0 = 9800
 INFO: Total execution time for kernels is 0.00202716s
 INFO: Computing semblance for m0 = 9820
 INFO: Total execution time for kernels is 0.00202393s
 INFO: Computing semblance for m0 = 9840
 INFO: Total execution time for kernels is 0.0019469s
 INFO: Computing semblance for m0 = 9860
 INFO: Total execution time for kernels is 0.00193104s
 INFO: Computing semblance for m0 = 9880
 INFO: Total execution time for kernels is 0.0018396s
 INFO: Computing semblance for m0 = 9900
 INFO: Total execution time for kernels is 0.00184568s
 INFO: Computing semblance for m0 = 9920
 INFO: Total execution time for kernels is 0.00159761s
 INFO: Computing semblance for m0 = 9940
 INFO: Total execution time for kernels is 0.00160531s
 INFO: Average of efficiency is 1
 INFO: Average of interpolations_per_sec is 1.70164e+11
 INFO: Average of selected_traces is 20.6742
 INFO: Average of total_selection_kernel_exec_time is 0.000384257
 INFO: Average of total_kernel_exec_time is 0.00581892
 INFO: Results written to /home/ubuntu/nfs/out/0447d1c_g4dn.xlarge/cmp/greedy/cuda/simple-synthetic_3/simple-synthetic_greedy_cmp_20201231_2117/
 INFO: It took 7.06449s to compute.
