 INFO: Number of CDPs = 445
 INFO: Number of traces in the gather = 9200
 INFO: Number of samples per trace = 2502
 INFO: Computing semblance for m0 = 0
 INFO: No trace has been selected for m0 = 0. Skipping.
 INFO: Total execution time for kernels is 4.6826e-05s
 INFO: Computing semblance for m0 = 1080
 INFO: Total execution time for kernels is 1.42822s
 INFO: Computing semblance for m0 = 1100
 INFO: Total execution time for kernels is 1.53196s
 INFO: Computing semblance for m0 = 1120
 INFO: Total execution time for kernels is 1.61332s
 INFO: Computing semblance for m0 = 1140
 INFO: Total execution time for kernels is 1.72521s
 INFO: Computing semblance for m0 = 1160
 INFO: Total execution time for kernels is 1.81457s
 INFO: Computing semblance for m0 = 1180
 INFO: Total execution time for kernels is 1.93704s
 INFO: Computing semblance for m0 = 1200
 INFO: Total execution time for kernels is 2.04395s
 INFO: Computing semblance for m0 = 1220
 INFO: Total execution time for kernels is 2.17711s
 INFO: Computing semblance for m0 = 1240
 INFO: Total execution time for kernels is 2.28148s
 INFO: Computing semblance for m0 = 1260
 INFO: Total execution time for kernels is 2.43336s
 INFO: Computing semblance for m0 = 1280
 INFO: Total execution time for kernels is 2.55079s
 INFO: Computing semblance for m0 = 1300
 INFO: Total execution time for kernels is 2.70874s
 INFO: Computing semblance for m0 = 1320
 INFO: Total execution time for kernels is 2.83275s
 INFO: Computing semblance for m0 = 1340
 INFO: Total execution time for kernels is 2.98915s
 INFO: Computing semblance for m0 = 1360
 INFO: Total execution time for kernels is 3.13515s
 INFO: Computing semblance for m0 = 1380
 INFO: Total execution time for kernels is 3.30839s
 INFO: Computing semblance for m0 = 1400
 INFO: Total execution time for kernels is 3.45797s
 INFO: Computing semblance for m0 = 1420
 INFO: Total execution time for kernels is 3.63764s
 INFO: Computing semblance for m0 = 1440
 INFO: Total execution time for kernels is 3.80103s
 INFO: Computing semblance for m0 = 1460
 INFO: Total execution time for kernels is 3.98613s
 INFO: Computing semblance for m0 = 1480
 INFO: Total execution time for kernels is 4.1612s
 INFO: Computing semblance for m0 = 1500
 INFO: Total execution time for kernels is 4.35676s
 INFO: Computing semblance for m0 = 1520
 INFO: Total execution time for kernels is 4.54315s
 INFO: Computing semblance for m0 = 1540
 INFO: Total execution time for kernels is 4.743s
 INFO: Computing semblance for m0 = 1560
 INFO: Total execution time for kernels is 4.92915s
 INFO: Computing semblance for m0 = 1580
 INFO: Total execution time for kernels is 5.13127s
 INFO: Computing semblance for m0 = 1600
 INFO: Total execution time for kernels is 5.31844s
 INFO: Computing semblance for m0 = 1620
 INFO: Total execution time for kernels is 5.51209s
 INFO: Computing semblance for m0 = 1640
 INFO: Total execution time for kernels is 5.70722s
 INFO: Computing semblance for m0 = 1660
 INFO: Total execution time for kernels is 5.90111s
 INFO: Computing semblance for m0 = 1680
 INFO: Total execution time for kernels is 6.09356s
 INFO: Computing semblance for m0 = 1700
 INFO: Total execution time for kernels is 6.28081s
 INFO: Computing semblance for m0 = 1720
 INFO: Total execution time for kernels is 6.48052s
 INFO: Computing semblance for m0 = 1740
 INFO: Total execution time for kernels is 6.6507s
 INFO: Computing semblance for m0 = 1760
 INFO: Total execution time for kernels is 6.84563s
 INFO: Computing semblance for m0 = 1780
 INFO: Total execution time for kernels is 7.04037s
 INFO: Computing semblance for m0 = 1800
 INFO: Total execution time for kernels is 7.19125s
 INFO: Computing semblance for m0 = 1820
 INFO: Total execution time for kernels is 7.38738s
 INFO: Computing semblance for m0 = 1840
 INFO: Total execution time for kernels is 7.57967s
 INFO: Computing semblance for m0 = 1860
 INFO: Total execution time for kernels is 7.72508s
 INFO: Computing semblance for m0 = 1880
 INFO: Total execution time for kernels is 7.87985s
 INFO: Computing semblance for m0 = 1900
 INFO: Total execution time for kernels is 8.00899s
 INFO: Computing semblance for m0 = 1920
 INFO: Total execution time for kernels is 8.15117s
 INFO: Computing semblance for m0 = 1940
 INFO: Total execution time for kernels is 8.25706s
 INFO: Computing semblance for m0 = 1960
 INFO: Total execution time for kernels is 8.36237s
 INFO: Computing semblance for m0 = 1980
 INFO: Total execution time for kernels is 8.43908s
 INFO: Computing semblance for m0 = 2000
 INFO: Total execution time for kernels is 8.52232s
 INFO: Computing semblance for m0 = 2020
 INFO: Total execution time for kernels is 8.59536s
 INFO: Computing semblance for m0 = 2040
 INFO: Total execution time for kernels is 8.67309s
 INFO: Computing semblance for m0 = 2060
 INFO: Total execution time for kernels is 8.72204s
 INFO: Computing semblance for m0 = 2080
 INFO: Total execution time for kernels is 8.75627s
 INFO: Computing semblance for m0 = 2100
 INFO: Total execution time for kernels is 8.7632s
 INFO: Computing semblance for m0 = 2120
 INFO: Total execution time for kernels is 8.77343s
 INFO: Computing semblance for m0 = 2140
 INFO: Total execution time for kernels is 8.75959s
 INFO: Computing semblance for m0 = 2160
 INFO: Total execution time for kernels is 8.77013s
 INFO: Computing semblance for m0 = 2180
 INFO: Total execution time for kernels is 8.76514s
 INFO: Computing semblance for m0 = 2200
 INFO: Total execution time for kernels is 8.78395s
 INFO: Computing semblance for m0 = 2220
 INFO: Total execution time for kernels is 8.81005s
 INFO: Computing semblance for m0 = 2240
 INFO: Total execution time for kernels is 8.80716s
 INFO: Computing semblance for m0 = 2260
 INFO: Total execution time for kernels is 8.80042s
 INFO: Computing semblance for m0 = 2280
 INFO: Total execution time for kernels is 8.77345s
 INFO: Computing semblance for m0 = 2300
 INFO: Total execution time for kernels is 8.78807s
 INFO: Computing semblance for m0 = 2320
 INFO: Total execution time for kernels is 8.79009s
 INFO: Computing semblance for m0 = 2340
 INFO: Total execution time for kernels is 8.80811s
 INFO: Computing semblance for m0 = 2360
 INFO: Total execution time for kernels is 8.80144s
 INFO: Computing semblance for m0 = 2380
 INFO: Total execution time for kernels is 8.80716s
 INFO: Computing semblance for m0 = 2400
 INFO: Total execution time for kernels is 8.77471s
 INFO: Computing semblance for m0 = 2420
 INFO: Total execution time for kernels is 8.79022s
 INFO: Computing semblance for m0 = 2440
 INFO: Total execution time for kernels is 8.78574s
 INFO: Computing semblance for m0 = 2460
 INFO: Total execution time for kernels is 8.81243s
 INFO: Computing semblance for m0 = 2480
 INFO: Total execution time for kernels is 8.79807s
 INFO: Computing semblance for m0 = 2500
 INFO: Total execution time for kernels is 8.78676s
 INFO: Computing semblance for m0 = 2520
 INFO: Total execution time for kernels is 8.77686s
 INFO: Computing semblance for m0 = 2540
 INFO: Total execution time for kernels is 8.79496s
 INFO: Computing semblance for m0 = 2560
 INFO: Total execution time for kernels is 8.79967s
 INFO: Computing semblance for m0 = 2580
 INFO: Total execution time for kernels is 8.79863s
 INFO: Computing semblance for m0 = 2600
 INFO: Total execution time for kernels is 8.79393s
 INFO: Computing semblance for m0 = 2620
 INFO: Total execution time for kernels is 8.77438s
 INFO: Computing semblance for m0 = 2640
 INFO: Total execution time for kernels is 8.74922s
 INFO: Computing semblance for m0 = 2660
 INFO: Total execution time for kernels is 8.75646s
 INFO: Computing semblance for m0 = 2680
 INFO: Total execution time for kernels is 8.75648s
 INFO: Computing semblance for m0 = 2700
 INFO: Total execution time for kernels is 8.78101s
 INFO: Computing semblance for m0 = 2720
 INFO: Total execution time for kernels is 8.78272s
 INFO: Computing semblance for m0 = 2740
 INFO: Total execution time for kernels is 8.76867s
 INFO: Computing semblance for m0 = 2760
 INFO: Total execution time for kernels is 8.74755s
 INFO: Computing semblance for m0 = 2780
 INFO: Total execution time for kernels is 8.74946s
 INFO: Computing semblance for m0 = 2800
 INFO: Total execution time for kernels is 8.74866s
 INFO: Computing semblance for m0 = 2820
 INFO: Total execution time for kernels is 8.77806s
 INFO: Computing semblance for m0 = 2840
 INFO: Total execution time for kernels is 8.78339s
 INFO: Computing semblance for m0 = 2860
 INFO: Total execution time for kernels is 8.76525s
 INFO: Computing semblance for m0 = 2880
 INFO: Total execution time for kernels is 8.7451s
 INFO: Computing semblance for m0 = 2900
 INFO: Total execution time for kernels is 8.75701s
 INFO: Computing semblance for m0 = 2920
 INFO: Total execution time for kernels is 8.75296s
 INFO: Computing semblance for m0 = 2940
 INFO: Total execution time for kernels is 8.77906s
 INFO: Computing semblance for m0 = 2960
 INFO: Total execution time for kernels is 8.78187s
 INFO: Computing semblance for m0 = 2980
 INFO: Total execution time for kernels is 8.76166s
 INFO: Computing semblance for m0 = 3000
 INFO: Total execution time for kernels is 8.74283s
 INFO: Computing semblance for m0 = 3020
 INFO: Total execution time for kernels is 8.74764s
 INFO: Computing semblance for m0 = 3040
 INFO: Total execution time for kernels is 8.74827s
 INFO: Computing semblance for m0 = 3060
 INFO: Total execution time for kernels is 8.77821s
 INFO: Computing semblance for m0 = 3080
 INFO: Total execution time for kernels is 8.7847s
 INFO: Computing semblance for m0 = 3100
 INFO: Total execution time for kernels is 8.77212s
 INFO: Computing semblance for m0 = 3120
 INFO: Total execution time for kernels is 8.74863s
 INFO: Computing semblance for m0 = 3140
 INFO: Total execution time for kernels is 8.75022s
 INFO: Computing semblance for m0 = 3160
 INFO: Total execution time for kernels is 8.74673s
 INFO: Computing semblance for m0 = 3180
 INFO: Total execution time for kernels is 8.77797s
 INFO: Computing semblance for m0 = 3200
 INFO: Total execution time for kernels is 8.78789s
 INFO: Computing semblance for m0 = 3220
 INFO: Total execution time for kernels is 8.77487s
 INFO: Computing semblance for m0 = 3240
 INFO: Total execution time for kernels is 8.74494s
 INFO: Computing semblance for m0 = 3260
 INFO: Total execution time for kernels is 8.74722s
 INFO: Computing semblance for m0 = 3280
 INFO: Total execution time for kernels is 8.74564s
 INFO: Computing semblance for m0 = 3300
 INFO: Total execution time for kernels is 8.77383s
 INFO: Computing semblance for m0 = 3320
 INFO: Total execution time for kernels is 8.78712s
 INFO: Computing semblance for m0 = 3340
 INFO: Total execution time for kernels is 8.7778s
 INFO: Computing semblance for m0 = 3360
 INFO: Total execution time for kernels is 8.75125s
 INFO: Computing semblance for m0 = 3380
 INFO: Total execution time for kernels is 8.75897s
 INFO: Computing semblance for m0 = 3400
 INFO: Total execution time for kernels is 8.7552s
 INFO: Computing semblance for m0 = 3420
 INFO: Total execution time for kernels is 8.78132s
 INFO: Computing semblance for m0 = 3440
 INFO: Total execution time for kernels is 8.7651s
 INFO: Computing semblance for m0 = 3460
 INFO: Total execution time for kernels is 8.77111s
 INFO: Computing semblance for m0 = 3480
 INFO: Total execution time for kernels is 8.74264s
 INFO: Computing semblance for m0 = 3500
 INFO: Total execution time for kernels is 8.75443s
 INFO: Computing semblance for m0 = 3520
 INFO: Total execution time for kernels is 8.74645s
 INFO: Computing semblance for m0 = 3540
 INFO: Total execution time for kernels is 8.76931s
 INFO: Computing semblance for m0 = 3560
 INFO: Total execution time for kernels is 8.76359s
 INFO: Computing semblance for m0 = 3580
 INFO: Total execution time for kernels is 8.76219s
 INFO: Computing semblance for m0 = 3600
 INFO: Total execution time for kernels is 8.74088s
 INFO: Computing semblance for m0 = 3620
 INFO: Total execution time for kernels is 8.74989s
 INFO: Computing semblance for m0 = 3640
 INFO: Total execution time for kernels is 8.74929s
 INFO: Computing semblance for m0 = 3660
 INFO: Total execution time for kernels is 8.76645s
 INFO: Computing semblance for m0 = 3680
 INFO: Total execution time for kernels is 8.76068s
 INFO: Computing semblance for m0 = 3700
 INFO: Total execution time for kernels is 8.772s
 INFO: Computing semblance for m0 = 3720
 INFO: Total execution time for kernels is 8.76053s
 INFO: Computing semblance for m0 = 3740
 INFO: Total execution time for kernels is 8.76368s
 INFO: Computing semblance for m0 = 3760
 INFO: Total execution time for kernels is 8.77043s
 INFO: Computing semblance for m0 = 3780
 INFO: Total execution time for kernels is 8.80073s
 INFO: Computing semblance for m0 = 3800
 INFO: Total execution time for kernels is 8.8016s
 INFO: Computing semblance for m0 = 3820
 INFO: Total execution time for kernels is 8.80787s
 INFO: Computing semblance for m0 = 3840
 INFO: Total execution time for kernels is 8.77956s
 INFO: Computing semblance for m0 = 3860
 INFO: Total execution time for kernels is 8.79032s
 INFO: Computing semblance for m0 = 3880
 INFO: Total execution time for kernels is 8.7975s
 INFO: Computing semblance for m0 = 3900
 INFO: Total execution time for kernels is 8.81545s
 INFO: Computing semblance for m0 = 3920
 INFO: Total execution time for kernels is 8.80363s
 INFO: Computing semblance for m0 = 3940
 INFO: Total execution time for kernels is 8.79133s
 INFO: Computing semblance for m0 = 3960
 INFO: Total execution time for kernels is 8.77922s
 INFO: Computing semblance for m0 = 3980
 INFO: Total execution time for kernels is 8.76264s
 INFO: Computing semblance for m0 = 4000
 INFO: Total execution time for kernels is 8.75828s
 INFO: Computing semblance for m0 = 4020
 INFO: Total execution time for kernels is 8.78076s
 INFO: Computing semblance for m0 = 4040
 INFO: Total execution time for kernels is 8.77774s
 INFO: Computing semblance for m0 = 4060
 INFO: Total execution time for kernels is 8.77606s
 INFO: Computing semblance for m0 = 4080
 INFO: Total execution time for kernels is 8.77437s
 INFO: Computing semblance for m0 = 4100
 INFO: Total execution time for kernels is 8.76376s
 INFO: Computing semblance for m0 = 4120
 INFO: Total execution time for kernels is 8.75745s
 INFO: Computing semblance for m0 = 4140
 INFO: Total execution time for kernels is 8.77507s
 INFO: Computing semblance for m0 = 4160
 INFO: Total execution time for kernels is 8.76408s
 INFO: Computing semblance for m0 = 4180
 INFO: Total execution time for kernels is 8.76099s
 INFO: Computing semblance for m0 = 4200
 INFO: Total execution time for kernels is 8.75259s
 INFO: Computing semblance for m0 = 4220
 INFO: Total execution time for kernels is 8.75899s
 INFO: Computing semblance for m0 = 4240
 INFO: Total execution time for kernels is 8.75131s
 INFO: Computing semblance for m0 = 4260
 INFO: Total execution time for kernels is 8.77352s
 INFO: Computing semblance for m0 = 4280
 INFO: Total execution time for kernels is 8.7652s
 INFO: Computing semblance for m0 = 4300
 INFO: Total execution time for kernels is 8.7657s
 INFO: Computing semblance for m0 = 4320
 INFO: Total execution time for kernels is 8.7486s
 INFO: Computing semblance for m0 = 4340
 INFO: Total execution time for kernels is 8.75808s
 INFO: Computing semblance for m0 = 4360
 INFO: Total execution time for kernels is 8.74903s
 INFO: Computing semblance for m0 = 4380
 INFO: Total execution time for kernels is 8.76578s
 INFO: Computing semblance for m0 = 4400
 INFO: Total execution time for kernels is 8.7635s
 INFO: Computing semblance for m0 = 4420
 INFO: Total execution time for kernels is 8.76373s
 INFO: Computing semblance for m0 = 4440
 INFO: Total execution time for kernels is 8.74403s
 INFO: Computing semblance for m0 = 4460
 INFO: Total execution time for kernels is 8.76179s
 INFO: Computing semblance for m0 = 4480
 INFO: Total execution time for kernels is 8.76451s
 INFO: Computing semblance for m0 = 4500
 INFO: Total execution time for kernels is 8.78057s
 INFO: Computing semblance for m0 = 4520
 INFO: Total execution time for kernels is 8.7663s
 INFO: Computing semblance for m0 = 4540
 INFO: Total execution time for kernels is 8.76191s
 INFO: Computing semblance for m0 = 4560
 INFO: Total execution time for kernels is 8.73667s
 INFO: Computing semblance for m0 = 4580
 INFO: Total execution time for kernels is 8.74744s
 INFO: Computing semblance for m0 = 4600
 INFO: Total execution time for kernels is 8.759s
 INFO: Computing semblance for m0 = 4620
 INFO: Total execution time for kernels is 8.78241s
 INFO: Computing semblance for m0 = 4640
 INFO: Total execution time for kernels is 8.77132s
 INFO: Computing semblance for m0 = 4660
 INFO: Total execution time for kernels is 8.7648s
 INFO: Computing semblance for m0 = 4680
 INFO: Total execution time for kernels is 8.73929s
 INFO: Computing semblance for m0 = 4700
 INFO: Total execution time for kernels is 8.75748s
 INFO: Computing semblance for m0 = 4720
 INFO: Total execution time for kernels is 8.75034s
 INFO: Computing semblance for m0 = 4740
 INFO: Total execution time for kernels is 8.76693s
 INFO: Computing semblance for m0 = 4760
 INFO: Total execution time for kernels is 8.76269s
 INFO: Computing semblance for m0 = 4780
 INFO: Total execution time for kernels is 8.77384s
 INFO: Computing semblance for m0 = 4800
 INFO: Total execution time for kernels is 8.7623s
 INFO: Computing semblance for m0 = 4820
 INFO: Total execution time for kernels is 8.76008s
 INFO: Computing semblance for m0 = 4840
 INFO: Total execution time for kernels is 8.74527s
 INFO: Computing semblance for m0 = 4860
 INFO: Total execution time for kernels is 8.76745s
 INFO: Computing semblance for m0 = 4880
 INFO: Total execution time for kernels is 8.76545s
 INFO: Computing semblance for m0 = 4900
 INFO: Total execution time for kernels is 8.76743s
 INFO: Computing semblance for m0 = 4920
 INFO: Total execution time for kernels is 8.76793s
 INFO: Computing semblance for m0 = 4940
 INFO: Total execution time for kernels is 8.757s
 INFO: Computing semblance for m0 = 4960
 INFO: Total execution time for kernels is 8.75383s
 INFO: Computing semblance for m0 = 4980
 INFO: Total execution time for kernels is 8.77708s
 INFO: Computing semblance for m0 = 5000
 INFO: Total execution time for kernels is 8.7732s
 INFO: Computing semblance for m0 = 5020
 INFO: Total execution time for kernels is 8.76945s
 INFO: Computing semblance for m0 = 5040
 INFO: Total execution time for kernels is 8.74148s
 INFO: Computing semblance for m0 = 5060
 INFO: Total execution time for kernels is 8.75434s
 INFO: Computing semblance for m0 = 5080
 INFO: Total execution time for kernels is 8.7438s
 INFO: Computing semblance for m0 = 5100
 INFO: Total execution time for kernels is 8.76674s
 INFO: Computing semblance for m0 = 5120
 INFO: Total execution time for kernels is 8.77567s
 INFO: Computing semblance for m0 = 5140
 INFO: Total execution time for kernels is 8.77373s
 INFO: Computing semblance for m0 = 5160
 INFO: Total execution time for kernels is 8.74657s
 INFO: Computing semblance for m0 = 5180
 INFO: Total execution time for kernels is 8.75615s
 INFO: Computing semblance for m0 = 5200
 INFO: Total execution time for kernels is 8.75331s
 INFO: Computing semblance for m0 = 5220
 INFO: Total execution time for kernels is 8.77733s
 INFO: Computing semblance for m0 = 5240
 INFO: Total execution time for kernels is 8.77182s
 INFO: Computing semblance for m0 = 5260
 INFO: Total execution time for kernels is 8.77703s
 INFO: Computing semblance for m0 = 5280
 INFO: Total execution time for kernels is 8.77562s
 INFO: Computing semblance for m0 = 5300
 INFO: Total execution time for kernels is 8.79451s
 INFO: Computing semblance for m0 = 5320
 INFO: Total execution time for kernels is 8.78734s
 INFO: Computing semblance for m0 = 5340
 INFO: Total execution time for kernels is 8.81317s
 INFO: Computing semblance for m0 = 5360
 INFO: Total execution time for kernels is 8.8004s
 INFO: Computing semblance for m0 = 5380
 INFO: Total execution time for kernels is 8.79634s
 INFO: Computing semblance for m0 = 5400
 INFO: Total execution time for kernels is 8.77893s
 INFO: Computing semblance for m0 = 5420
 INFO: Total execution time for kernels is 8.77478s
 INFO: Computing semblance for m0 = 5440
 INFO: Total execution time for kernels is 8.77478s
 INFO: Computing semblance for m0 = 5460
 INFO: Total execution time for kernels is 8.80639s
 INFO: Computing semblance for m0 = 5480
 INFO: Total execution time for kernels is 8.7953s
 INFO: Computing semblance for m0 = 5500
 INFO: Total execution time for kernels is 8.80322s
 INFO: Computing semblance for m0 = 5520
 INFO: Total execution time for kernels is 8.79019s
 INFO: Computing semblance for m0 = 5540
 INFO: Total execution time for kernels is 8.80186s
 INFO: Computing semblance for m0 = 5560
 INFO: Total execution time for kernels is 8.78728s
 INFO: Computing semblance for m0 = 5580
 INFO: Total execution time for kernels is 8.79026s
 INFO: Computing semblance for m0 = 5600
 INFO: Total execution time for kernels is 8.77968s
 INFO: Computing semblance for m0 = 5620
 INFO: Total execution time for kernels is 8.77106s
 INFO: Computing semblance for m0 = 5640
 INFO: Total execution time for kernels is 8.75116s
 INFO: Computing semblance for m0 = 5660
 INFO: Total execution time for kernels is 8.75539s
 INFO: Computing semblance for m0 = 5680
 INFO: Total execution time for kernels is 8.73938s
 INFO: Computing semblance for m0 = 5700
 INFO: Total execution time for kernels is 8.76937s
 INFO: Computing semblance for m0 = 5720
 INFO: Total execution time for kernels is 8.76554s
 INFO: Computing semblance for m0 = 5740
 INFO: Total execution time for kernels is 8.76999s
 INFO: Computing semblance for m0 = 5760
 INFO: Total execution time for kernels is 8.7618s
 INFO: Computing semblance for m0 = 5780
 INFO: Total execution time for kernels is 8.75529s
 INFO: Computing semblance for m0 = 5800
 INFO: Total execution time for kernels is 8.74775s
 INFO: Computing semblance for m0 = 5820
 INFO: Total execution time for kernels is 8.77692s
 INFO: Computing semblance for m0 = 5840
 INFO: Total execution time for kernels is 8.76589s
 INFO: Computing semblance for m0 = 5860
 INFO: Total execution time for kernels is 8.77553s
 INFO: Computing semblance for m0 = 5880
 INFO: Total execution time for kernels is 8.77318s
 INFO: Computing semblance for m0 = 5900
 INFO: Total execution time for kernels is 8.79861s
 INFO: Computing semblance for m0 = 5920
 INFO: Total execution time for kernels is 8.79932s
 INFO: Computing semblance for m0 = 5940
 INFO: Total execution time for kernels is 8.81984s
 INFO: Computing semblance for m0 = 5960
 INFO: Total execution time for kernels is 8.80628s
 INFO: Computing semblance for m0 = 5980
 INFO: Total execution time for kernels is 8.81457s
 INFO: Computing semblance for m0 = 6000
 INFO: Total execution time for kernels is 8.78393s
 INFO: Computing semblance for m0 = 6020
 INFO: Total execution time for kernels is 8.81014s
 INFO: Computing semblance for m0 = 6040
 INFO: Total execution time for kernels is 8.80174s
 INFO: Computing semblance for m0 = 6060
 INFO: Total execution time for kernels is 8.82644s
 INFO: Computing semblance for m0 = 6080
 INFO: Total execution time for kernels is 8.81185s
 INFO: Computing semblance for m0 = 6100
 INFO: Total execution time for kernels is 8.79729s
 INFO: Computing semblance for m0 = 6120
 INFO: Total execution time for kernels is 8.77068s
 INFO: Computing semblance for m0 = 6140
 INFO: Total execution time for kernels is 8.77162s
 INFO: Computing semblance for m0 = 6160
 INFO: Total execution time for kernels is 8.75679s
 INFO: Computing semblance for m0 = 6180
 INFO: Total execution time for kernels is 8.77544s
 INFO: Computing semblance for m0 = 6200
 INFO: Total execution time for kernels is 8.76441s
 INFO: Computing semblance for m0 = 6220
 INFO: Total execution time for kernels is 8.77456s
 INFO: Computing semblance for m0 = 6240
 INFO: Total execution time for kernels is 8.74865s
 INFO: Computing semblance for m0 = 6260
 INFO: Total execution time for kernels is 8.74747s
 INFO: Computing semblance for m0 = 6280
 INFO: Total execution time for kernels is 8.74727s
 INFO: Computing semblance for m0 = 6300
 INFO: Total execution time for kernels is 8.76946s
 INFO: Computing semblance for m0 = 6320
 INFO: Total execution time for kernels is 8.75974s
 INFO: Computing semblance for m0 = 6340
 INFO: Total execution time for kernels is 8.76681s
 INFO: Computing semblance for m0 = 6360
 INFO: Total execution time for kernels is 8.74048s
 INFO: Computing semblance for m0 = 6380
 INFO: Total execution time for kernels is 8.74905s
 INFO: Computing semblance for m0 = 6400
 INFO: Total execution time for kernels is 8.74886s
 INFO: Computing semblance for m0 = 6420
 INFO: Total execution time for kernels is 8.76897s
 INFO: Computing semblance for m0 = 6440
 INFO: Total execution time for kernels is 8.76067s
 INFO: Computing semblance for m0 = 6460
 INFO: Total execution time for kernels is 8.75514s
 INFO: Computing semblance for m0 = 6480
 INFO: Total execution time for kernels is 8.74018s
 INFO: Computing semblance for m0 = 6500
 INFO: Total execution time for kernels is 8.7414s
 INFO: Computing semblance for m0 = 6520
 INFO: Total execution time for kernels is 8.74912s
 INFO: Computing semblance for m0 = 6540
 INFO: Total execution time for kernels is 8.77901s
 INFO: Computing semblance for m0 = 6560
 INFO: Total execution time for kernels is 8.76477s
 INFO: Computing semblance for m0 = 6580
 INFO: Total execution time for kernels is 8.76075s
 INFO: Computing semblance for m0 = 6600
 INFO: Total execution time for kernels is 8.74996s
 INFO: Computing semblance for m0 = 6620
 INFO: Total execution time for kernels is 8.75878s
 INFO: Computing semblance for m0 = 6640
 INFO: Total execution time for kernels is 8.78615s
 INFO: Computing semblance for m0 = 6660
 INFO: Total execution time for kernels is 8.78606s
 INFO: Computing semblance for m0 = 6680
 INFO: Total execution time for kernels is 8.77409s
 INFO: Computing semblance for m0 = 6700
 INFO: Total execution time for kernels is 8.7712s
 INFO: Computing semblance for m0 = 6720
 INFO: Total execution time for kernels is 8.75279s
 INFO: Computing semblance for m0 = 6740
 INFO: Total execution time for kernels is 8.76085s
 INFO: Computing semblance for m0 = 6760
 INFO: Total execution time for kernels is 8.75885s
 INFO: Computing semblance for m0 = 6780
 INFO: Total execution time for kernels is 8.78222s
 INFO: Computing semblance for m0 = 6800
 INFO: Total execution time for kernels is 8.7806s
 INFO: Computing semblance for m0 = 6820
 INFO: Total execution time for kernels is 8.77338s
 INFO: Computing semblance for m0 = 6840
 INFO: Total execution time for kernels is 8.77514s
 INFO: Computing semblance for m0 = 6860
 INFO: Total execution time for kernels is 8.76421s
 INFO: Computing semblance for m0 = 6880
 INFO: Total execution time for kernels is 8.76179s
 INFO: Computing semblance for m0 = 6900
 INFO: Total execution time for kernels is 8.7918s
 INFO: Computing semblance for m0 = 6920
 INFO: Total execution time for kernels is 8.78779s
 INFO: Computing semblance for m0 = 6940
 INFO: Total execution time for kernels is 8.78839s
 INFO: Computing semblance for m0 = 6960
 INFO: Total execution time for kernels is 8.76042s
 INFO: Computing semblance for m0 = 6980
 INFO: Total execution time for kernels is 8.77452s
 INFO: Computing semblance for m0 = 7000
 INFO: Total execution time for kernels is 8.76588s
 INFO: Computing semblance for m0 = 7020
 INFO: Total execution time for kernels is 8.78319s
 INFO: Computing semblance for m0 = 7040
 INFO: Total execution time for kernels is 8.77392s
 INFO: Computing semblance for m0 = 7060
 INFO: Total execution time for kernels is 8.76752s
 INFO: Computing semblance for m0 = 7080
 INFO: Total execution time for kernels is 8.74999s
 INFO: Computing semblance for m0 = 7100
 INFO: Total execution time for kernels is 8.78036s
 INFO: Computing semblance for m0 = 7120
 INFO: Total execution time for kernels is 8.78743s
 INFO: Computing semblance for m0 = 7140
 INFO: Total execution time for kernels is 8.79973s
 INFO: Computing semblance for m0 = 7160
 INFO: Total execution time for kernels is 8.79692s
 INFO: Computing semblance for m0 = 7180
 INFO: Total execution time for kernels is 8.78144s
 INFO: Computing semblance for m0 = 7200
 INFO: Total execution time for kernels is 8.77397s
 INFO: Computing semblance for m0 = 7220
 INFO: Total execution time for kernels is 8.79969s
 INFO: Computing semblance for m0 = 7240
 INFO: Total execution time for kernels is 8.78976s
 INFO: Computing semblance for m0 = 7260
 INFO: Total execution time for kernels is 8.82099s
 INFO: Computing semblance for m0 = 7280
 INFO: Total execution time for kernels is 8.81161s
 INFO: Computing semblance for m0 = 7300
 INFO: Total execution time for kernels is 8.80974s
 INFO: Computing semblance for m0 = 7320
 INFO: Total execution time for kernels is 8.79805s
 INFO: Computing semblance for m0 = 7340
 INFO: Total execution time for kernels is 8.80855s
 INFO: Computing semblance for m0 = 7360
 INFO: Total execution time for kernels is 8.8011s
 INFO: Computing semblance for m0 = 7380
 INFO: Total execution time for kernels is 8.82251s
 INFO: Computing semblance for m0 = 7400
 INFO: Total execution time for kernels is 8.81116s
 INFO: Computing semblance for m0 = 7420
 INFO: Total execution time for kernels is 8.81566s
 INFO: Computing semblance for m0 = 7440
 INFO: Total execution time for kernels is 8.7938s
 INFO: Computing semblance for m0 = 7460
 INFO: Total execution time for kernels is 8.80497s
 INFO: Computing semblance for m0 = 7480
 INFO: Total execution time for kernels is 8.79881s
 INFO: Computing semblance for m0 = 7500
 INFO: Total execution time for kernels is 8.82756s
 INFO: Computing semblance for m0 = 7520
 INFO: Total execution time for kernels is 8.81516s
 INFO: Computing semblance for m0 = 7540
 INFO: Total execution time for kernels is 8.81971s
 INFO: Computing semblance for m0 = 7560
 INFO: Total execution time for kernels is 8.79116s
 INFO: Computing semblance for m0 = 7580
 INFO: Total execution time for kernels is 8.80766s
 INFO: Computing semblance for m0 = 7600
 INFO: Total execution time for kernels is 8.79609s
 INFO: Computing semblance for m0 = 7620
 INFO: Total execution time for kernels is 8.82809s
 INFO: Computing semblance for m0 = 7640
 INFO: Total execution time for kernels is 8.81092s
 INFO: Computing semblance for m0 = 7660
 INFO: Total execution time for kernels is 8.79663s
 INFO: Computing semblance for m0 = 7680
 INFO: Total execution time for kernels is 8.76655s
 INFO: Computing semblance for m0 = 7700
 INFO: Total execution time for kernels is 8.76677s
 INFO: Computing semblance for m0 = 7720
 INFO: Total execution time for kernels is 8.761s
 INFO: Computing semblance for m0 = 7740
 INFO: Total execution time for kernels is 8.78802s
 INFO: Computing semblance for m0 = 7760
 INFO: Total execution time for kernels is 8.78191s
 INFO: Computing semblance for m0 = 7780
 INFO: Total execution time for kernels is 8.78012s
 INFO: Computing semblance for m0 = 7800
 INFO: Total execution time for kernels is 8.77545s
 INFO: Computing semblance for m0 = 7820
 INFO: Total execution time for kernels is 8.78708s
 INFO: Computing semblance for m0 = 7840
 INFO: Total execution time for kernels is 8.79078s
 INFO: Computing semblance for m0 = 7860
 INFO: Total execution time for kernels is 8.80556s
 INFO: Computing semblance for m0 = 7880
 INFO: Total execution time for kernels is 8.80786s
 INFO: Computing semblance for m0 = 7900
 INFO: Total execution time for kernels is 8.78069s
 INFO: Computing semblance for m0 = 7920
 INFO: Total execution time for kernels is 8.76448s
 INFO: Computing semblance for m0 = 7940
 INFO: Total execution time for kernels is 8.76602s
 INFO: Computing semblance for m0 = 7960
 INFO: Total execution time for kernels is 8.77579s
 INFO: Computing semblance for m0 = 7980
 INFO: Total execution time for kernels is 8.78795s
 INFO: Computing semblance for m0 = 8000
 INFO: Total execution time for kernels is 8.77628s
 INFO: Computing semblance for m0 = 8020
 INFO: Total execution time for kernels is 8.77505s
 INFO: Computing semblance for m0 = 8040
 INFO: Total execution time for kernels is 8.76584s
 INFO: Computing semblance for m0 = 8060
 INFO: Total execution time for kernels is 8.76549s
 INFO: Computing semblance for m0 = 8080
 INFO: Total execution time for kernels is 8.75596s
 INFO: Computing semblance for m0 = 8100
 INFO: Total execution time for kernels is 8.76616s
 INFO: Computing semblance for m0 = 8120
 INFO: Total execution time for kernels is 8.77332s
 INFO: Computing semblance for m0 = 8140
 INFO: Total execution time for kernels is 8.7562s
 INFO: Computing semblance for m0 = 8160
 INFO: Total execution time for kernels is 8.73014s
 INFO: Computing semblance for m0 = 8180
 INFO: Total execution time for kernels is 8.73795s
 INFO: Computing semblance for m0 = 8200
 INFO: Total execution time for kernels is 8.74224s
 INFO: Computing semblance for m0 = 8220
 INFO: Total execution time for kernels is 8.75597s
 INFO: Computing semblance for m0 = 8240
 INFO: Total execution time for kernels is 8.7598s
 INFO: Computing semblance for m0 = 8260
 INFO: Total execution time for kernels is 8.74042s
 INFO: Computing semblance for m0 = 8280
 INFO: Total execution time for kernels is 8.72453s
 INFO: Computing semblance for m0 = 8300
 INFO: Total execution time for kernels is 8.71823s
 INFO: Computing semblance for m0 = 8320
 INFO: Total execution time for kernels is 8.7267s
 INFO: Computing semblance for m0 = 8340
 INFO: Total execution time for kernels is 8.72802s
 INFO: Computing semblance for m0 = 8360
 INFO: Total execution time for kernels is 8.7196s
 INFO: Computing semblance for m0 = 8380
 INFO: Total execution time for kernels is 8.70229s
 INFO: Computing semblance for m0 = 8400
 INFO: Total execution time for kernels is 8.7062s
 INFO: Computing semblance for m0 = 8420
 INFO: Total execution time for kernels is 8.69314s
 INFO: Computing semblance for m0 = 8440
 INFO: Total execution time for kernels is 8.69902s
 INFO: Computing semblance for m0 = 8460
 INFO: Total execution time for kernels is 8.67615s
 INFO: Computing semblance for m0 = 8480
 INFO: Total execution time for kernels is 8.68014s
 INFO: Computing semblance for m0 = 8500
 INFO: Total execution time for kernels is 8.67387s
 INFO: Computing semblance for m0 = 8520
 INFO: Total execution time for kernels is 8.66161s
 INFO: Computing semblance for m0 = 8540
 INFO: Total execution time for kernels is 8.63949s
 INFO: Computing semblance for m0 = 8560
 INFO: Total execution time for kernels is 8.63496s
 INFO: Computing semblance for m0 = 8580
 INFO: Total execution time for kernels is 8.61351s
 INFO: Computing semblance for m0 = 8600
 INFO: Total execution time for kernels is 8.61482s
 INFO: Computing semblance for m0 = 8620
 INFO: Total execution time for kernels is 8.59399s
 INFO: Computing semblance for m0 = 8640
 INFO: Total execution time for kernels is 8.58669s
 INFO: Computing semblance for m0 = 8660
 INFO: Total execution time for kernels is 8.55937s
 INFO: Computing semblance for m0 = 8680
 INFO: Total execution time for kernels is 8.56845s
 INFO: Computing semblance for m0 = 8700
 INFO: Total execution time for kernels is 8.52541s
 INFO: Computing semblance for m0 = 8720
 INFO: Total execution time for kernels is 8.51926s
 INFO: Computing semblance for m0 = 8740
 INFO: Total execution time for kernels is 8.4853s
 INFO: Computing semblance for m0 = 8760
 INFO: Total execution time for kernels is 8.46505s
 INFO: Computing semblance for m0 = 8780
 INFO: Total execution time for kernels is 8.43341s
 INFO: Computing semblance for m0 = 8800
 INFO: Total execution time for kernels is 8.42043s
 INFO: Computing semblance for m0 = 8820
 INFO: Total execution time for kernels is 8.36298s
 INFO: Computing semblance for m0 = 8840
 INFO: Total execution time for kernels is 8.35055s
 INFO: Computing semblance for m0 = 8860
 INFO: Total execution time for kernels is 8.29476s
 INFO: Computing semblance for m0 = 8880
 INFO: Total execution time for kernels is 8.25112s
 INFO: Computing semblance for m0 = 8900
 INFO: Total execution time for kernels is 8.18514s
 INFO: Computing semblance for m0 = 8920
 INFO: Total execution time for kernels is 8.13507s
 INFO: Computing semblance for m0 = 8940
 INFO: Total execution time for kernels is 8.06051s
 INFO: Computing semblance for m0 = 8960
 INFO: Total execution time for kernels is 8.00382s
 INFO: Computing semblance for m0 = 8980
 INFO: Total execution time for kernels is 7.91802s
 INFO: Computing semblance for m0 = 9000
 INFO: Total execution time for kernels is 7.86211s
 INFO: Computing semblance for m0 = 9020
 INFO: Total execution time for kernels is 7.76466s
 INFO: Computing semblance for m0 = 9040
 INFO: Total execution time for kernels is 7.69923s
 INFO: Computing semblance for m0 = 9060
 INFO: Total execution time for kernels is 7.58347s
 INFO: Computing semblance for m0 = 9080
 INFO: Total execution time for kernels is 7.5012s
 INFO: Computing semblance for m0 = 9100
 INFO: Total execution time for kernels is 7.36766s
 INFO: Computing semblance for m0 = 9120
 INFO: Total execution time for kernels is 7.27592s
 INFO: Computing semblance for m0 = 9140
 INFO: Total execution time for kernels is 7.13269s
 INFO: Computing semblance for m0 = 9160
 INFO: Total execution time for kernels is 7.03064s
 INFO: Computing semblance for m0 = 9180
 INFO: Total execution time for kernels is 6.87825s
 INFO: Computing semblance for m0 = 9200
 INFO: Total execution time for kernels is 6.75433s
 INFO: Computing semblance for m0 = 9220
 INFO: Total execution time for kernels is 6.59785s
 INFO: Computing semblance for m0 = 9240
 INFO: Total execution time for kernels is 6.4617s
 INFO: Computing semblance for m0 = 9260
 INFO: Total execution time for kernels is 6.29604s
 INFO: Computing semblance for m0 = 9280
 INFO: Total execution time for kernels is 6.1618s
 INFO: Computing semblance for m0 = 9300
 INFO: Total execution time for kernels is 5.99253s
 INFO: Computing semblance for m0 = 9320
 INFO: Total execution time for kernels is 5.83367s
 INFO: Computing semblance for m0 = 9340
 INFO: Total execution time for kernels is 5.64672s
 INFO: Computing semblance for m0 = 9360
 INFO: Total execution time for kernels is 5.48805s
 INFO: Computing semblance for m0 = 9380
 INFO: Total execution time for kernels is 5.31222s
 INFO: Computing semblance for m0 = 9400
 INFO: Total execution time for kernels is 5.14039s
 INFO: Computing semblance for m0 = 9420
 INFO: Total execution time for kernels is 4.96327s
 INFO: Computing semblance for m0 = 9440
 INFO: Total execution time for kernels is 4.77024s
 INFO: Computing semblance for m0 = 9460
 INFO: Total execution time for kernels is 4.60243s
 INFO: Computing semblance for m0 = 9480
 INFO: Total execution time for kernels is 4.40947s
 INFO: Computing semblance for m0 = 9500
 INFO: Total execution time for kernels is 4.24648s
 INFO: Computing semblance for m0 = 9520
 INFO: Total execution time for kernels is 4.06144s
 INFO: Computing semblance for m0 = 9540
 INFO: Total execution time for kernels is 3.8814s
 INFO: Computing semblance for m0 = 9560
 INFO: Total execution time for kernels is 3.70141s
 INFO: Computing semblance for m0 = 9580
 INFO: Total execution time for kernels is 3.53278s
 INFO: Computing semblance for m0 = 9600
 INFO: Total execution time for kernels is 3.34366s
 INFO: Computing semblance for m0 = 9620
 INFO: Total execution time for kernels is 3.18012s
 INFO: Computing semblance for m0 = 9640
 INFO: Total execution time for kernels is 2.9904s
 INFO: Computing semblance for m0 = 9660
 INFO: Total execution time for kernels is 2.82938s
 INFO: Computing semblance for m0 = 9680
 INFO: Total execution time for kernels is 2.63539s
 INFO: Computing semblance for m0 = 9700
 INFO: Total execution time for kernels is 2.47293s
 INFO: Computing semblance for m0 = 9720
 INFO: Total execution time for kernels is 2.29415s
 INFO: Computing semblance for m0 = 9740
 INFO: Total execution time for kernels is 2.13426s
 INFO: Computing semblance for m0 = 9760
 INFO: Total execution time for kernels is 1.94718s
 INFO: Computing semblance for m0 = 9780
 INFO: Total execution time for kernels is 1.78478s
 INFO: Computing semblance for m0 = 9800
 INFO: Total execution time for kernels is 1.59938s
 INFO: Computing semblance for m0 = 9820
 INFO: Total execution time for kernels is 1.45849s
 INFO: Computing semblance for m0 = 9840
 INFO: Total execution time for kernels is 1.27398s
 INFO: Computing semblance for m0 = 9860
 INFO: Total execution time for kernels is 1.14607s
 INFO: Computing semblance for m0 = 9880
 INFO: Total execution time for kernels is 0.978493s
 INFO: Computing semblance for m0 = 9900
 INFO: Total execution time for kernels is 0.869474s
 INFO: Computing semblance for m0 = 9920
 INFO: Total execution time for kernels is 0.746925s
 INFO: Computing semblance for m0 = 9940
 INFO: Total execution time for kernels is 0.669522s
 INFO: Average of efficiency is 0.120139
 INFO: Average of interpolations_per_sec is 9.23476e+09
 INFO: Average of selected_traces is 1264.16
 INFO: Average of total_selection_kernel_exec_time is 1.64743
 INFO: Average of total_kernel_exec_time is 7.84968
 INFO: Results written to /home/ubuntu/nfs/out/dcea037_master_p2.xlarge/oct/greedy/cuda/simple-synthetic_1/simple-synthetic_greedy_oct_20210216_2331/
 INFO: It took 4284.33s to compute.
