 INFO: Number of CDPs = 445
 INFO: Number of traces in the gather = 9200
 INFO: Number of samples per trace = 2502
 INFO: Computing semblance for m0 = 0
 INFO: No trace has been selected for m0 = 0. Skipping.
 INFO: Total execution time for kernels is 1.8456e-05s
 INFO: Computing semblance for m0 = 1080
 INFO: Total execution time for kernels is 0.00101443s
 INFO: Computing semblance for m0 = 1100
 INFO: Total execution time for kernels is 0.00101114s
 INFO: Computing semblance for m0 = 1120
 INFO: Total execution time for kernels is 0.00131644s
 INFO: Computing semblance for m0 = 1140
 INFO: Total execution time for kernels is 0.00131635s
 INFO: Computing semblance for m0 = 1160
 INFO: Total execution time for kernels is 0.00155265s
 INFO: Computing semblance for m0 = 1180
 INFO: Total execution time for kernels is 0.00155705s
 INFO: Computing semblance for m0 = 1200
 INFO: Total execution time for kernels is 0.00177161s
 INFO: Computing semblance for m0 = 1220
 INFO: Total execution time for kernels is 0.00177396s
 INFO: Computing semblance for m0 = 1240
 INFO: Total execution time for kernels is 0.00198983s
 INFO: Computing semblance for m0 = 1260
 INFO: Total execution time for kernels is 0.0019971s
 INFO: Computing semblance for m0 = 1280
 INFO: Total execution time for kernels is 0.00219874s
 INFO: Computing semblance for m0 = 1300
 INFO: Total execution time for kernels is 0.00219452s
 INFO: Computing semblance for m0 = 1320
 INFO: Total execution time for kernels is 0.00238885s
 INFO: Computing semblance for m0 = 1340
 INFO: Total execution time for kernels is 0.00238797s
 INFO: Computing semblance for m0 = 1360
 INFO: Total execution time for kernels is 0.00258512s
 INFO: Computing semblance for m0 = 1380
 INFO: Total execution time for kernels is 0.00258209s
 INFO: Computing semblance for m0 = 1400
 INFO: Total execution time for kernels is 0.0027954s
 INFO: Computing semblance for m0 = 1420
 INFO: Total execution time for kernels is 0.00278054s
 INFO: Computing semblance for m0 = 1440
 INFO: Total execution time for kernels is 0.00299573s
 INFO: Computing semblance for m0 = 1460
 INFO: Total execution time for kernels is 0.00299599s
 INFO: Computing semblance for m0 = 1480
 INFO: Total execution time for kernels is 0.00320139s
 INFO: Computing semblance for m0 = 1500
 INFO: Total execution time for kernels is 0.00317143s
 INFO: Computing semblance for m0 = 1520
 INFO: Total execution time for kernels is 0.00338753s
 INFO: Computing semblance for m0 = 1540
 INFO: Total execution time for kernels is 0.00337172s
 INFO: Computing semblance for m0 = 1560
 INFO: Total execution time for kernels is 0.00359252s
 INFO: Computing semblance for m0 = 1580
 INFO: Total execution time for kernels is 0.00358927s
 INFO: Computing semblance for m0 = 1600
 INFO: Total execution time for kernels is 0.00378253s
 INFO: Computing semblance for m0 = 1620
 INFO: Total execution time for kernels is 0.0037579s
 INFO: Computing semblance for m0 = 1640
 INFO: Total execution time for kernels is 0.00397192s
 INFO: Computing semblance for m0 = 1660
 INFO: Total execution time for kernels is 0.00396411s
 INFO: Computing semblance for m0 = 1680
 INFO: Total execution time for kernels is 0.00414618s
 INFO: Computing semblance for m0 = 1700
 INFO: Total execution time for kernels is 0.00413328s
 INFO: Computing semblance for m0 = 1720
 INFO: Total execution time for kernels is 0.00432567s
 INFO: Computing semblance for m0 = 1740
 INFO: Total execution time for kernels is 0.00433354s
 INFO: Computing semblance for m0 = 1760
 INFO: Total execution time for kernels is 0.0045166s
 INFO: Computing semblance for m0 = 1780
 INFO: Total execution time for kernels is 0.0044996s
 INFO: Computing semblance for m0 = 1800
 INFO: Total execution time for kernels is 0.00470912s
 INFO: Computing semblance for m0 = 1820
 INFO: Total execution time for kernels is 0.00468249s
 INFO: Computing semblance for m0 = 1840
 INFO: Total execution time for kernels is 0.00489772s
 INFO: Computing semblance for m0 = 1860
 INFO: Total execution time for kernels is 0.00487852s
 INFO: Computing semblance for m0 = 1880
 INFO: Total execution time for kernels is 0.00504943s
 INFO: Computing semblance for m0 = 1900
 INFO: Total execution time for kernels is 0.00505435s
 INFO: Computing semblance for m0 = 1920
 INFO: Total execution time for kernels is 0.00525547s
 INFO: Computing semblance for m0 = 1940
 INFO: Total execution time for kernels is 0.00517773s
 INFO: Computing semblance for m0 = 1960
 INFO: Total execution time for kernels is 0.00535617s
 INFO: Computing semblance for m0 = 1980
 INFO: Total execution time for kernels is 0.00532638s
 INFO: Computing semblance for m0 = 2000
 INFO: Total execution time for kernels is 0.00534687s
 INFO: Computing semblance for m0 = 2020
 INFO: Total execution time for kernels is 0.00532233s
 INFO: Computing semblance for m0 = 2040
 INFO: Total execution time for kernels is 0.00533144s
 INFO: Computing semblance for m0 = 2060
 INFO: Total execution time for kernels is 0.00531899s
 INFO: Computing semblance for m0 = 2080
 INFO: Total execution time for kernels is 0.00534256s
 INFO: Computing semblance for m0 = 2100
 INFO: Total execution time for kernels is 0.00530445s
 INFO: Computing semblance for m0 = 2120
 INFO: Total execution time for kernels is 0.00533693s
 INFO: Computing semblance for m0 = 2140
 INFO: Total execution time for kernels is 0.00530664s
 INFO: Computing semblance for m0 = 2160
 INFO: Total execution time for kernels is 0.00532938s
 INFO: Computing semblance for m0 = 2180
 INFO: Total execution time for kernels is 0.00531294s
 INFO: Computing semblance for m0 = 2200
 INFO: Total execution time for kernels is 0.00532415s
 INFO: Computing semblance for m0 = 2220
 INFO: Total execution time for kernels is 0.00532373s
 INFO: Computing semblance for m0 = 2240
 INFO: Total execution time for kernels is 0.00534065s
 INFO: Computing semblance for m0 = 2260
 INFO: Total execution time for kernels is 0.00533862s
 INFO: Computing semblance for m0 = 2280
 INFO: Total execution time for kernels is 0.00534158s
 INFO: Computing semblance for m0 = 2300
 INFO: Total execution time for kernels is 0.00532339s
 INFO: Computing semblance for m0 = 2320
 INFO: Total execution time for kernels is 0.00531651s
 INFO: Computing semblance for m0 = 2340
 INFO: Total execution time for kernels is 0.00532316s
 INFO: Computing semblance for m0 = 2360
 INFO: Total execution time for kernels is 0.00532264s
 INFO: Computing semblance for m0 = 2380
 INFO: Total execution time for kernels is 0.00532581s
 INFO: Computing semblance for m0 = 2400
 INFO: Total execution time for kernels is 0.00533527s
 INFO: Computing semblance for m0 = 2420
 INFO: Total execution time for kernels is 0.00530146s
 INFO: Computing semblance for m0 = 2440
 INFO: Total execution time for kernels is 0.00532008s
 INFO: Computing semblance for m0 = 2460
 INFO: Total execution time for kernels is 0.00530228s
 INFO: Computing semblance for m0 = 2480
 INFO: Total execution time for kernels is 0.00531934s
 INFO: Computing semblance for m0 = 2500
 INFO: Total execution time for kernels is 0.00530343s
 INFO: Computing semblance for m0 = 2520
 INFO: Total execution time for kernels is 0.00534782s
 INFO: Computing semblance for m0 = 2540
 INFO: Total execution time for kernels is 0.00532388s
 INFO: Computing semblance for m0 = 2560
 INFO: Total execution time for kernels is 0.00530621s
 INFO: Computing semblance for m0 = 2580
 INFO: Total execution time for kernels is 0.00532106s
 INFO: Computing semblance for m0 = 2600
 INFO: Total execution time for kernels is 0.00533439s
 INFO: Computing semblance for m0 = 2620
 INFO: Total execution time for kernels is 0.00530305s
 INFO: Computing semblance for m0 = 2640
 INFO: Total execution time for kernels is 0.00531821s
 INFO: Computing semblance for m0 = 2660
 INFO: Total execution time for kernels is 0.00531383s
 INFO: Computing semblance for m0 = 2680
 INFO: Total execution time for kernels is 0.00534277s
 INFO: Computing semblance for m0 = 2700
 INFO: Total execution time for kernels is 0.00530082s
 INFO: Computing semblance for m0 = 2720
 INFO: Total execution time for kernels is 0.0053295s
 INFO: Computing semblance for m0 = 2740
 INFO: Total execution time for kernels is 0.00529655s
 INFO: Computing semblance for m0 = 2760
 INFO: Total execution time for kernels is 0.00532891s
 INFO: Computing semblance for m0 = 2780
 INFO: Total execution time for kernels is 0.00529705s
 INFO: Computing semblance for m0 = 2800
 INFO: Total execution time for kernels is 0.0053187s
 INFO: Computing semblance for m0 = 2820
 INFO: Total execution time for kernels is 0.00528783s
 INFO: Computing semblance for m0 = 2840
 INFO: Total execution time for kernels is 0.00533334s
 INFO: Computing semblance for m0 = 2860
 INFO: Total execution time for kernels is 0.0053183s
 INFO: Computing semblance for m0 = 2880
 INFO: Total execution time for kernels is 0.00532651s
 INFO: Computing semblance for m0 = 2900
 INFO: Total execution time for kernels is 0.00530849s
 INFO: Computing semblance for m0 = 2920
 INFO: Total execution time for kernels is 0.0053318s
 INFO: Computing semblance for m0 = 2940
 INFO: Total execution time for kernels is 0.00528447s
 INFO: Computing semblance for m0 = 2960
 INFO: Total execution time for kernels is 0.00532725s
 INFO: Computing semblance for m0 = 2980
 INFO: Total execution time for kernels is 0.00528725s
 INFO: Computing semblance for m0 = 3000
 INFO: Total execution time for kernels is 0.00530676s
 INFO: Computing semblance for m0 = 3020
 INFO: Total execution time for kernels is 0.00528884s
 INFO: Computing semblance for m0 = 3040
 INFO: Total execution time for kernels is 0.00531887s
 INFO: Computing semblance for m0 = 3060
 INFO: Total execution time for kernels is 0.00531193s
 INFO: Computing semblance for m0 = 3080
 INFO: Total execution time for kernels is 0.00529784s
 INFO: Computing semblance for m0 = 3100
 INFO: Total execution time for kernels is 0.00529634s
 INFO: Computing semblance for m0 = 3120
 INFO: Total execution time for kernels is 0.00531735s
 INFO: Computing semblance for m0 = 3140
 INFO: Total execution time for kernels is 0.00529874s
 INFO: Computing semblance for m0 = 3160
 INFO: Total execution time for kernels is 0.00532304s
 INFO: Computing semblance for m0 = 3180
 INFO: Total execution time for kernels is 0.00531585s
 INFO: Computing semblance for m0 = 3200
 INFO: Total execution time for kernels is 0.00534456s
 INFO: Computing semblance for m0 = 3220
 INFO: Total execution time for kernels is 0.00530966s
 INFO: Computing semblance for m0 = 3240
 INFO: Total execution time for kernels is 0.00531927s
 INFO: Computing semblance for m0 = 3260
 INFO: Total execution time for kernels is 0.00532653s
 INFO: Computing semblance for m0 = 3280
 INFO: Total execution time for kernels is 0.00531712s
 INFO: Computing semblance for m0 = 3300
 INFO: Total execution time for kernels is 0.00530885s
 INFO: Computing semblance for m0 = 3320
 INFO: Total execution time for kernels is 0.00534002s
 INFO: Computing semblance for m0 = 3340
 INFO: Total execution time for kernels is 0.00530827s
 INFO: Computing semblance for m0 = 3360
 INFO: Total execution time for kernels is 0.00532155s
 INFO: Computing semblance for m0 = 3380
 INFO: Total execution time for kernels is 0.00529991s
 INFO: Computing semblance for m0 = 3400
 INFO: Total execution time for kernels is 0.00532254s
 INFO: Computing semblance for m0 = 3420
 INFO: Total execution time for kernels is 0.00531541s
 INFO: Computing semblance for m0 = 3440
 INFO: Total execution time for kernels is 0.00531863s
 INFO: Computing semblance for m0 = 3460
 INFO: Total execution time for kernels is 0.00529482s
 INFO: Computing semblance for m0 = 3480
 INFO: Total execution time for kernels is 0.00532927s
 INFO: Computing semblance for m0 = 3500
 INFO: Total execution time for kernels is 0.00531238s
 INFO: Computing semblance for m0 = 3520
 INFO: Total execution time for kernels is 0.00533604s
 INFO: Computing semblance for m0 = 3540
 INFO: Total execution time for kernels is 0.00528858s
 INFO: Computing semblance for m0 = 3560
 INFO: Total execution time for kernels is 0.00535144s
 INFO: Computing semblance for m0 = 3580
 INFO: Total execution time for kernels is 0.00532444s
 INFO: Computing semblance for m0 = 3600
 INFO: Total execution time for kernels is 0.0053191s
 INFO: Computing semblance for m0 = 3620
 INFO: Total execution time for kernels is 0.00528141s
 INFO: Computing semblance for m0 = 3640
 INFO: Total execution time for kernels is 0.0053269s
 INFO: Computing semblance for m0 = 3660
 INFO: Total execution time for kernels is 0.00533041s
 INFO: Computing semblance for m0 = 3680
 INFO: Total execution time for kernels is 0.00533027s
 INFO: Computing semblance for m0 = 3700
 INFO: Total execution time for kernels is 0.00529603s
 INFO: Computing semblance for m0 = 3720
 INFO: Total execution time for kernels is 0.00534763s
 INFO: Computing semblance for m0 = 3740
 INFO: Total execution time for kernels is 0.00529789s
 INFO: Computing semblance for m0 = 3760
 INFO: Total execution time for kernels is 0.00533969s
 INFO: Computing semblance for m0 = 3780
 INFO: Total execution time for kernels is 0.00528848s
 INFO: Computing semblance for m0 = 3800
 INFO: Total execution time for kernels is 0.00533145s
 INFO: Computing semblance for m0 = 3820
 INFO: Total execution time for kernels is 0.00533156s
 INFO: Computing semblance for m0 = 3840
 INFO: Total execution time for kernels is 0.00532125s
 INFO: Computing semblance for m0 = 3860
 INFO: Total execution time for kernels is 0.0053275s
 INFO: Computing semblance for m0 = 3880
 INFO: Total execution time for kernels is 0.00534416s
 INFO: Computing semblance for m0 = 3900
 INFO: Total execution time for kernels is 0.00529081s
 INFO: Computing semblance for m0 = 3920
 INFO: Total execution time for kernels is 0.00532469s
 INFO: Computing semblance for m0 = 3940
 INFO: Total execution time for kernels is 0.00533081s
 INFO: Computing semblance for m0 = 3960
 INFO: Total execution time for kernels is 0.00534877s
 INFO: Computing semblance for m0 = 3980
 INFO: Total execution time for kernels is 0.00529184s
 INFO: Computing semblance for m0 = 4000
 INFO: Total execution time for kernels is 0.00533967s
 INFO: Computing semblance for m0 = 4020
 INFO: Total execution time for kernels is 0.00530619s
 INFO: Computing semblance for m0 = 4040
 INFO: Total execution time for kernels is 0.00532966s
 INFO: Computing semblance for m0 = 4060
 INFO: Total execution time for kernels is 0.00531754s
 INFO: Computing semblance for m0 = 4080
 INFO: Total execution time for kernels is 0.00531527s
 INFO: Computing semblance for m0 = 4100
 INFO: Total execution time for kernels is 0.00529634s
 INFO: Computing semblance for m0 = 4120
 INFO: Total execution time for kernels is 0.0053335s
 INFO: Computing semblance for m0 = 4140
 INFO: Total execution time for kernels is 0.00529839s
 INFO: Computing semblance for m0 = 4160
 INFO: Total execution time for kernels is 0.00533843s
 INFO: Computing semblance for m0 = 4180
 INFO: Total execution time for kernels is 0.00530046s
 INFO: Computing semblance for m0 = 4200
 INFO: Total execution time for kernels is 0.00530758s
 INFO: Computing semblance for m0 = 4220
 INFO: Total execution time for kernels is 0.00528468s
 INFO: Computing semblance for m0 = 4240
 INFO: Total execution time for kernels is 0.00530587s
 INFO: Computing semblance for m0 = 4260
 INFO: Total execution time for kernels is 0.00530487s
 INFO: Computing semblance for m0 = 4280
 INFO: Total execution time for kernels is 0.0053204s
 INFO: Computing semblance for m0 = 4300
 INFO: Total execution time for kernels is 0.0053073s
 INFO: Computing semblance for m0 = 4320
 INFO: Total execution time for kernels is 0.00532738s
 INFO: Computing semblance for m0 = 4340
 INFO: Total execution time for kernels is 0.00529142s
 INFO: Computing semblance for m0 = 4360
 INFO: Total execution time for kernels is 0.00532088s
 INFO: Computing semblance for m0 = 4380
 INFO: Total execution time for kernels is 0.00528483s
 INFO: Computing semblance for m0 = 4400
 INFO: Total execution time for kernels is 0.0053063s
 INFO: Computing semblance for m0 = 4420
 INFO: Total execution time for kernels is 0.00529169s
 INFO: Computing semblance for m0 = 4440
 INFO: Total execution time for kernels is 0.00531567s
 INFO: Computing semblance for m0 = 4460
 INFO: Total execution time for kernels is 0.00529341s
 INFO: Computing semblance for m0 = 4480
 INFO: Total execution time for kernels is 0.00532305s
 INFO: Computing semblance for m0 = 4500
 INFO: Total execution time for kernels is 0.00532163s
 INFO: Computing semblance for m0 = 4520
 INFO: Total execution time for kernels is 0.00531538s
 INFO: Computing semblance for m0 = 4540
 INFO: Total execution time for kernels is 0.00531089s
 INFO: Computing semblance for m0 = 4560
 INFO: Total execution time for kernels is 0.00530663s
 INFO: Computing semblance for m0 = 4580
 INFO: Total execution time for kernels is 0.00528701s
 INFO: Computing semblance for m0 = 4600
 INFO: Total execution time for kernels is 0.00533267s
 INFO: Computing semblance for m0 = 4620
 INFO: Total execution time for kernels is 0.00528898s
 INFO: Computing semblance for m0 = 4640
 INFO: Total execution time for kernels is 0.00531282s
 INFO: Computing semblance for m0 = 4660
 INFO: Total execution time for kernels is 0.0053052s
 INFO: Computing semblance for m0 = 4680
 INFO: Total execution time for kernels is 0.00534131s
 INFO: Computing semblance for m0 = 4700
 INFO: Total execution time for kernels is 0.00528314s
 INFO: Computing semblance for m0 = 4720
 INFO: Total execution time for kernels is 0.00528886s
 INFO: Computing semblance for m0 = 4740
 INFO: Total execution time for kernels is 0.00529736s
 INFO: Computing semblance for m0 = 4760
 INFO: Total execution time for kernels is 0.00534452s
 INFO: Computing semblance for m0 = 4780
 INFO: Total execution time for kernels is 0.00532677s
 INFO: Computing semblance for m0 = 4800
 INFO: Total execution time for kernels is 0.00532894s
 INFO: Computing semblance for m0 = 4820
 INFO: Total execution time for kernels is 0.00530388s
 INFO: Computing semblance for m0 = 4840
 INFO: Total execution time for kernels is 0.00533462s
 INFO: Computing semblance for m0 = 4860
 INFO: Total execution time for kernels is 0.00529811s
 INFO: Computing semblance for m0 = 4880
 INFO: Total execution time for kernels is 0.00531385s
 INFO: Computing semblance for m0 = 4900
 INFO: Total execution time for kernels is 0.00529678s
 INFO: Computing semblance for m0 = 4920
 INFO: Total execution time for kernels is 0.00532742s
 INFO: Computing semblance for m0 = 4940
 INFO: Total execution time for kernels is 0.00528773s
 INFO: Computing semblance for m0 = 4960
 INFO: Total execution time for kernels is 0.00532834s
 INFO: Computing semblance for m0 = 4980
 INFO: Total execution time for kernels is 0.0053054s
 INFO: Computing semblance for m0 = 5000
 INFO: Total execution time for kernels is 0.00534244s
 INFO: Computing semblance for m0 = 5020
 INFO: Total execution time for kernels is 0.00530319s
 INFO: Computing semblance for m0 = 5040
 INFO: Total execution time for kernels is 0.00531649s
 INFO: Computing semblance for m0 = 5060
 INFO: Total execution time for kernels is 0.00529993s
 INFO: Computing semblance for m0 = 5080
 INFO: Total execution time for kernels is 0.00533158s
 INFO: Computing semblance for m0 = 5100
 INFO: Total execution time for kernels is 0.00530304s
 INFO: Computing semblance for m0 = 5120
 INFO: Total execution time for kernels is 0.00530795s
 INFO: Computing semblance for m0 = 5140
 INFO: Total execution time for kernels is 0.00530383s
 INFO: Computing semblance for m0 = 5160
 INFO: Total execution time for kernels is 0.00535526s
 INFO: Computing semblance for m0 = 5180
 INFO: Total execution time for kernels is 0.0053168s
 INFO: Computing semblance for m0 = 5200
 INFO: Total execution time for kernels is 0.00535445s
 INFO: Computing semblance for m0 = 5220
 INFO: Total execution time for kernels is 0.00529118s
 INFO: Computing semblance for m0 = 5240
 INFO: Total execution time for kernels is 0.0053174s
 INFO: Computing semblance for m0 = 5260
 INFO: Total execution time for kernels is 0.00528826s
 INFO: Computing semblance for m0 = 5280
 INFO: Total execution time for kernels is 0.00530995s
 INFO: Computing semblance for m0 = 5300
 INFO: Total execution time for kernels is 0.00529332s
 INFO: Computing semblance for m0 = 5320
 INFO: Total execution time for kernels is 0.00532458s
 INFO: Computing semblance for m0 = 5340
 INFO: Total execution time for kernels is 0.00531406s
 INFO: Computing semblance for m0 = 5360
 INFO: Total execution time for kernels is 0.00531496s
 INFO: Computing semblance for m0 = 5380
 INFO: Total execution time for kernels is 0.00527671s
 INFO: Computing semblance for m0 = 5400
 INFO: Total execution time for kernels is 0.00532469s
 INFO: Computing semblance for m0 = 5420
 INFO: Total execution time for kernels is 0.00530615s
 INFO: Computing semblance for m0 = 5440
 INFO: Total execution time for kernels is 0.00532721s
 INFO: Computing semblance for m0 = 5460
 INFO: Total execution time for kernels is 0.00530462s
 INFO: Computing semblance for m0 = 5480
 INFO: Total execution time for kernels is 0.00531636s
 INFO: Computing semblance for m0 = 5500
 INFO: Total execution time for kernels is 0.00528834s
 INFO: Computing semblance for m0 = 5520
 INFO: Total execution time for kernels is 0.0053299s
 INFO: Computing semblance for m0 = 5540
 INFO: Total execution time for kernels is 0.00529783s
 INFO: Computing semblance for m0 = 5560
 INFO: Total execution time for kernels is 0.00533669s
 INFO: Computing semblance for m0 = 5580
 INFO: Total execution time for kernels is 0.00530232s
 INFO: Computing semblance for m0 = 5600
 INFO: Total execution time for kernels is 0.00530899s
 INFO: Computing semblance for m0 = 5620
 INFO: Total execution time for kernels is 0.00528931s
 INFO: Computing semblance for m0 = 5640
 INFO: Total execution time for kernels is 0.00532587s
 INFO: Computing semblance for m0 = 5660
 INFO: Total execution time for kernels is 0.00530732s
 INFO: Computing semblance for m0 = 5680
 INFO: Total execution time for kernels is 0.00529824s
 INFO: Computing semblance for m0 = 5700
 INFO: Total execution time for kernels is 0.005278s
 INFO: Computing semblance for m0 = 5720
 INFO: Total execution time for kernels is 0.00534524s
 INFO: Computing semblance for m0 = 5740
 INFO: Total execution time for kernels is 0.00528967s
 INFO: Computing semblance for m0 = 5760
 INFO: Total execution time for kernels is 0.00532947s
 INFO: Computing semblance for m0 = 5780
 INFO: Total execution time for kernels is 0.0052922s
 INFO: Computing semblance for m0 = 5800
 INFO: Total execution time for kernels is 0.00531945s
 INFO: Computing semblance for m0 = 5820
 INFO: Total execution time for kernels is 0.00531264s
 INFO: Computing semblance for m0 = 5840
 INFO: Total execution time for kernels is 0.00530377s
 INFO: Computing semblance for m0 = 5860
 INFO: Total execution time for kernels is 0.00529926s
 INFO: Computing semblance for m0 = 5880
 INFO: Total execution time for kernels is 0.00531396s
 INFO: Computing semblance for m0 = 5900
 INFO: Total execution time for kernels is 0.00527546s
 INFO: Computing semblance for m0 = 5920
 INFO: Total execution time for kernels is 0.00531608s
 INFO: Computing semblance for m0 = 5940
 INFO: Total execution time for kernels is 0.00530747s
 INFO: Computing semblance for m0 = 5960
 INFO: Total execution time for kernels is 0.0053314s
 INFO: Computing semblance for m0 = 5980
 INFO: Total execution time for kernels is 0.00527985s
 INFO: Computing semblance for m0 = 6000
 INFO: Total execution time for kernels is 0.00531344s
 INFO: Computing semblance for m0 = 6020
 INFO: Total execution time for kernels is 0.0053136s
 INFO: Computing semblance for m0 = 6040
 INFO: Total execution time for kernels is 0.00531494s
 INFO: Computing semblance for m0 = 6060
 INFO: Total execution time for kernels is 0.0053017s
 INFO: Computing semblance for m0 = 6080
 INFO: Total execution time for kernels is 0.00529372s
 INFO: Computing semblance for m0 = 6100
 INFO: Total execution time for kernels is 0.0052877s
 INFO: Computing semblance for m0 = 6120
 INFO: Total execution time for kernels is 0.00531581s
 INFO: Computing semblance for m0 = 6140
 INFO: Total execution time for kernels is 0.00529005s
 INFO: Computing semblance for m0 = 6160
 INFO: Total execution time for kernels is 0.00533581s
 INFO: Computing semblance for m0 = 6180
 INFO: Total execution time for kernels is 0.00530072s
 INFO: Computing semblance for m0 = 6200
 INFO: Total execution time for kernels is 0.00534307s
 INFO: Computing semblance for m0 = 6220
 INFO: Total execution time for kernels is 0.00528918s
 INFO: Computing semblance for m0 = 6240
 INFO: Total execution time for kernels is 0.00534321s
 INFO: Computing semblance for m0 = 6260
 INFO: Total execution time for kernels is 0.00529054s
 INFO: Computing semblance for m0 = 6280
 INFO: Total execution time for kernels is 0.00532349s
 INFO: Computing semblance for m0 = 6300
 INFO: Total execution time for kernels is 0.00530692s
 INFO: Computing semblance for m0 = 6320
 INFO: Total execution time for kernels is 0.00533116s
 INFO: Computing semblance for m0 = 6340
 INFO: Total execution time for kernels is 0.00530773s
 INFO: Computing semblance for m0 = 6360
 INFO: Total execution time for kernels is 0.00533704s
 INFO: Computing semblance for m0 = 6380
 INFO: Total execution time for kernels is 0.00531732s
 INFO: Computing semblance for m0 = 6400
 INFO: Total execution time for kernels is 0.00531431s
 INFO: Computing semblance for m0 = 6420
 INFO: Total execution time for kernels is 0.00530116s
 INFO: Computing semblance for m0 = 6440
 INFO: Total execution time for kernels is 0.00531967s
 INFO: Computing semblance for m0 = 6460
 INFO: Total execution time for kernels is 0.00531057s
 INFO: Computing semblance for m0 = 6480
 INFO: Total execution time for kernels is 0.00536518s
 INFO: Computing semblance for m0 = 6500
 INFO: Total execution time for kernels is 0.00529243s
 INFO: Computing semblance for m0 = 6520
 INFO: Total execution time for kernels is 0.00532466s
 INFO: Computing semblance for m0 = 6540
 INFO: Total execution time for kernels is 0.00530858s
 INFO: Computing semblance for m0 = 6560
 INFO: Total execution time for kernels is 0.00532548s
 INFO: Computing semblance for m0 = 6580
 INFO: Total execution time for kernels is 0.00529588s
 INFO: Computing semblance for m0 = 6600
 INFO: Total execution time for kernels is 0.00532889s
 INFO: Computing semblance for m0 = 6620
 INFO: Total execution time for kernels is 0.00532796s
 INFO: Computing semblance for m0 = 6640
 INFO: Total execution time for kernels is 0.00531955s
 INFO: Computing semblance for m0 = 6660
 INFO: Total execution time for kernels is 0.00528103s
 INFO: Computing semblance for m0 = 6680
 INFO: Total execution time for kernels is 0.0053636s
 INFO: Computing semblance for m0 = 6700
 INFO: Total execution time for kernels is 0.00530364s
 INFO: Computing semblance for m0 = 6720
 INFO: Total execution time for kernels is 0.00532851s
 INFO: Computing semblance for m0 = 6740
 INFO: Total execution time for kernels is 0.00530079s
 INFO: Computing semblance for m0 = 6760
 INFO: Total execution time for kernels is 0.00533524s
 INFO: Computing semblance for m0 = 6780
 INFO: Total execution time for kernels is 0.00531749s
 INFO: Computing semblance for m0 = 6800
 INFO: Total execution time for kernels is 0.005338s
 INFO: Computing semblance for m0 = 6820
 INFO: Total execution time for kernels is 0.00529359s
 INFO: Computing semblance for m0 = 6840
 INFO: Total execution time for kernels is 0.00532735s
 INFO: Computing semblance for m0 = 6860
 INFO: Total execution time for kernels is 0.0053123s
 INFO: Computing semblance for m0 = 6880
 INFO: Total execution time for kernels is 0.00533885s
 INFO: Computing semblance for m0 = 6900
 INFO: Total execution time for kernels is 0.00530237s
 INFO: Computing semblance for m0 = 6920
 INFO: Total execution time for kernels is 0.00532285s
 INFO: Computing semblance for m0 = 6940
 INFO: Total execution time for kernels is 0.00529221s
 INFO: Computing semblance for m0 = 6960
 INFO: Total execution time for kernels is 0.00533952s
 INFO: Computing semblance for m0 = 6980
 INFO: Total execution time for kernels is 0.00530066s
 INFO: Computing semblance for m0 = 7000
 INFO: Total execution time for kernels is 0.00530638s
 INFO: Computing semblance for m0 = 7020
 INFO: Total execution time for kernels is 0.005323s
 INFO: Computing semblance for m0 = 7040
 INFO: Total execution time for kernels is 0.0053426s
 INFO: Computing semblance for m0 = 7060
 INFO: Total execution time for kernels is 0.00528317s
 INFO: Computing semblance for m0 = 7080
 INFO: Total execution time for kernels is 0.00533685s
 INFO: Computing semblance for m0 = 7100
 INFO: Total execution time for kernels is 0.00532084s
 INFO: Computing semblance for m0 = 7120
 INFO: Total execution time for kernels is 0.00530209s
 INFO: Computing semblance for m0 = 7140
 INFO: Total execution time for kernels is 0.00529948s
 INFO: Computing semblance for m0 = 7160
 INFO: Total execution time for kernels is 0.00532516s
 INFO: Computing semblance for m0 = 7180
 INFO: Total execution time for kernels is 0.00527548s
 INFO: Computing semblance for m0 = 7200
 INFO: Total execution time for kernels is 0.00533637s
 INFO: Computing semblance for m0 = 7220
 INFO: Total execution time for kernels is 0.00528741s
 INFO: Computing semblance for m0 = 7240
 INFO: Total execution time for kernels is 0.00531588s
 INFO: Computing semblance for m0 = 7260
 INFO: Total execution time for kernels is 0.00529743s
 INFO: Computing semblance for m0 = 7280
 INFO: Total execution time for kernels is 0.00531354s
 INFO: Computing semblance for m0 = 7300
 INFO: Total execution time for kernels is 0.00527679s
 INFO: Computing semblance for m0 = 7320
 INFO: Total execution time for kernels is 0.00531965s
 INFO: Computing semblance for m0 = 7340
 INFO: Total execution time for kernels is 0.00530597s
 INFO: Computing semblance for m0 = 7360
 INFO: Total execution time for kernels is 0.00530468s
 INFO: Computing semblance for m0 = 7380
 INFO: Total execution time for kernels is 0.00529709s
 INFO: Computing semblance for m0 = 7400
 INFO: Total execution time for kernels is 0.005347s
 INFO: Computing semblance for m0 = 7420
 INFO: Total execution time for kernels is 0.0053297s
 INFO: Computing semblance for m0 = 7440
 INFO: Total execution time for kernels is 0.00533322s
 INFO: Computing semblance for m0 = 7460
 INFO: Total execution time for kernels is 0.00530178s
 INFO: Computing semblance for m0 = 7480
 INFO: Total execution time for kernels is 0.00535696s
 INFO: Computing semblance for m0 = 7500
 INFO: Total execution time for kernels is 0.00529973s
 INFO: Computing semblance for m0 = 7520
 INFO: Total execution time for kernels is 0.00533707s
 INFO: Computing semblance for m0 = 7540
 INFO: Total execution time for kernels is 0.00531647s
 INFO: Computing semblance for m0 = 7560
 INFO: Total execution time for kernels is 0.00533546s
 INFO: Computing semblance for m0 = 7580
 INFO: Total execution time for kernels is 0.00529597s
 INFO: Computing semblance for m0 = 7600
 INFO: Total execution time for kernels is 0.00532495s
 INFO: Computing semblance for m0 = 7620
 INFO: Total execution time for kernels is 0.00527708s
 INFO: Computing semblance for m0 = 7640
 INFO: Total execution time for kernels is 0.00534495s
 INFO: Computing semblance for m0 = 7660
 INFO: Total execution time for kernels is 0.00529689s
 INFO: Computing semblance for m0 = 7680
 INFO: Total execution time for kernels is 0.00534332s
 INFO: Computing semblance for m0 = 7700
 INFO: Total execution time for kernels is 0.0053241s
 INFO: Computing semblance for m0 = 7720
 INFO: Total execution time for kernels is 0.00534629s
 INFO: Computing semblance for m0 = 7740
 INFO: Total execution time for kernels is 0.00531117s
 INFO: Computing semblance for m0 = 7760
 INFO: Total execution time for kernels is 0.00531006s
 INFO: Computing semblance for m0 = 7780
 INFO: Total execution time for kernels is 0.00531026s
 INFO: Computing semblance for m0 = 7800
 INFO: Total execution time for kernels is 0.00532892s
 INFO: Computing semblance for m0 = 7820
 INFO: Total execution time for kernels is 0.00530901s
 INFO: Computing semblance for m0 = 7840
 INFO: Total execution time for kernels is 0.00531203s
 INFO: Computing semblance for m0 = 7860
 INFO: Total execution time for kernels is 0.00531765s
 INFO: Computing semblance for m0 = 7880
 INFO: Total execution time for kernels is 0.00532685s
 INFO: Computing semblance for m0 = 7900
 INFO: Total execution time for kernels is 0.00529049s
 INFO: Computing semblance for m0 = 7920
 INFO: Total execution time for kernels is 0.00533676s
 INFO: Computing semblance for m0 = 7940
 INFO: Total execution time for kernels is 0.00532621s
 INFO: Computing semblance for m0 = 7960
 INFO: Total execution time for kernels is 0.00530178s
 INFO: Computing semblance for m0 = 7980
 INFO: Total execution time for kernels is 0.00532496s
 INFO: Computing semblance for m0 = 8000
 INFO: Total execution time for kernels is 0.00534778s
 INFO: Computing semblance for m0 = 8020
 INFO: Total execution time for kernels is 0.00529833s
 INFO: Computing semblance for m0 = 8040
 INFO: Total execution time for kernels is 0.00533412s
 INFO: Computing semblance for m0 = 8060
 INFO: Total execution time for kernels is 0.00533713s
 INFO: Computing semblance for m0 = 8080
 INFO: Total execution time for kernels is 0.00531029s
 INFO: Computing semblance for m0 = 8100
 INFO: Total execution time for kernels is 0.00529993s
 INFO: Computing semblance for m0 = 8120
 INFO: Total execution time for kernels is 0.00534309s
 INFO: Computing semblance for m0 = 8140
 INFO: Total execution time for kernels is 0.0052972s
 INFO: Computing semblance for m0 = 8160
 INFO: Total execution time for kernels is 0.00532545s
 INFO: Computing semblance for m0 = 8180
 INFO: Total execution time for kernels is 0.00529238s
 INFO: Computing semblance for m0 = 8200
 INFO: Total execution time for kernels is 0.00531917s
 INFO: Computing semblance for m0 = 8220
 INFO: Total execution time for kernels is 0.00530429s
 INFO: Computing semblance for m0 = 8240
 INFO: Total execution time for kernels is 0.00533736s
 INFO: Computing semblance for m0 = 8260
 INFO: Total execution time for kernels is 0.00529059s
 INFO: Computing semblance for m0 = 8280
 INFO: Total execution time for kernels is 0.00531621s
 INFO: Computing semblance for m0 = 8300
 INFO: Total execution time for kernels is 0.00532073s
 INFO: Computing semblance for m0 = 8320
 INFO: Total execution time for kernels is 0.00533266s
 INFO: Computing semblance for m0 = 8340
 INFO: Total execution time for kernels is 0.00530941s
 INFO: Computing semblance for m0 = 8360
 INFO: Total execution time for kernels is 0.0053434s
 INFO: Computing semblance for m0 = 8380
 INFO: Total execution time for kernels is 0.00529177s
 INFO: Computing semblance for m0 = 8400
 INFO: Total execution time for kernels is 0.00535552s
 INFO: Computing semblance for m0 = 8420
 INFO: Total execution time for kernels is 0.00530943s
 INFO: Computing semblance for m0 = 8440
 INFO: Total execution time for kernels is 0.0053355s
 INFO: Computing semblance for m0 = 8460
 INFO: Total execution time for kernels is 0.00530397s
 INFO: Computing semblance for m0 = 8480
 INFO: Total execution time for kernels is 0.00534676s
 INFO: Computing semblance for m0 = 8500
 INFO: Total execution time for kernels is 0.00529348s
 INFO: Computing semblance for m0 = 8520
 INFO: Total execution time for kernels is 0.00533956s
 INFO: Computing semblance for m0 = 8540
 INFO: Total execution time for kernels is 0.00532233s
 INFO: Computing semblance for m0 = 8560
 INFO: Total execution time for kernels is 0.00532351s
 INFO: Computing semblance for m0 = 8580
 INFO: Total execution time for kernels is 0.00530533s
 INFO: Computing semblance for m0 = 8600
 INFO: Total execution time for kernels is 0.0053195s
 INFO: Computing semblance for m0 = 8620
 INFO: Total execution time for kernels is 0.00531347s
 INFO: Computing semblance for m0 = 8640
 INFO: Total execution time for kernels is 0.00533974s
 INFO: Computing semblance for m0 = 8660
 INFO: Total execution time for kernels is 0.00532094s
 INFO: Computing semblance for m0 = 8680
 INFO: Total execution time for kernels is 0.00532731s
 INFO: Computing semblance for m0 = 8700
 INFO: Total execution time for kernels is 0.00529607s
 INFO: Computing semblance for m0 = 8720
 INFO: Total execution time for kernels is 0.00532332s
 INFO: Computing semblance for m0 = 8740
 INFO: Total execution time for kernels is 0.00529576s
 INFO: Computing semblance for m0 = 8760
 INFO: Total execution time for kernels is 0.0053475s
 INFO: Computing semblance for m0 = 8780
 INFO: Total execution time for kernels is 0.00530574s
 INFO: Computing semblance for m0 = 8800
 INFO: Total execution time for kernels is 0.00532975s
 INFO: Computing semblance for m0 = 8820
 INFO: Total execution time for kernels is 0.00531223s
 INFO: Computing semblance for m0 = 8840
 INFO: Total execution time for kernels is 0.00534153s
 INFO: Computing semblance for m0 = 8860
 INFO: Total execution time for kernels is 0.005336s
 INFO: Computing semblance for m0 = 8880
 INFO: Total execution time for kernels is 0.00533818s
 INFO: Computing semblance for m0 = 8900
 INFO: Total execution time for kernels is 0.00529993s
 INFO: Computing semblance for m0 = 8920
 INFO: Total execution time for kernels is 0.00535622s
 INFO: Computing semblance for m0 = 8940
 INFO: Total execution time for kernels is 0.00528475s
 INFO: Computing semblance for m0 = 8960
 INFO: Total execution time for kernels is 0.00534685s
 INFO: Computing semblance for m0 = 8980
 INFO: Total execution time for kernels is 0.00531983s
 INFO: Computing semblance for m0 = 9000
 INFO: Total execution time for kernels is 0.0053484s
 INFO: Computing semblance for m0 = 9020
 INFO: Total execution time for kernels is 0.00531261s
 INFO: Computing semblance for m0 = 9040
 INFO: Total execution time for kernels is 0.00529891s
 INFO: Computing semblance for m0 = 9060
 INFO: Total execution time for kernels is 0.00534459s
 INFO: Computing semblance for m0 = 9080
 INFO: Total execution time for kernels is 0.00510077s
 INFO: Computing semblance for m0 = 9100
 INFO: Total execution time for kernels is 0.0050662s
 INFO: Computing semblance for m0 = 9120
 INFO: Total execution time for kernels is 0.00486856s
 INFO: Computing semblance for m0 = 9140
 INFO: Total execution time for kernels is 0.00484154s
 INFO: Computing semblance for m0 = 9160
 INFO: Total execution time for kernels is 0.00463467s
 INFO: Computing semblance for m0 = 9180
 INFO: Total execution time for kernels is 0.00463005s
 INFO: Computing semblance for m0 = 9200
 INFO: Total execution time for kernels is 0.00443014s
 INFO: Computing semblance for m0 = 9220
 INFO: Total execution time for kernels is 0.00441017s
 INFO: Computing semblance for m0 = 9240
 INFO: Total execution time for kernels is 0.00421773s
 INFO: Computing semblance for m0 = 9260
 INFO: Total execution time for kernels is 0.00417975s
 INFO: Computing semblance for m0 = 9280
 INFO: Total execution time for kernels is 0.00398206s
 INFO: Computing semblance for m0 = 9300
 INFO: Total execution time for kernels is 0.00395376s
 INFO: Computing semblance for m0 = 9320
 INFO: Total execution time for kernels is 0.00378344s
 INFO: Computing semblance for m0 = 9340
 INFO: Total execution time for kernels is 0.0037473s
 INFO: Computing semblance for m0 = 9360
 INFO: Total execution time for kernels is 0.00354525s
 INFO: Computing semblance for m0 = 9380
 INFO: Total execution time for kernels is 0.00355533s
 INFO: Computing semblance for m0 = 9400
 INFO: Total execution time for kernels is 0.00335913s
 INFO: Computing semblance for m0 = 9420
 INFO: Total execution time for kernels is 0.00336715s
 INFO: Computing semblance for m0 = 9440
 INFO: Total execution time for kernels is 0.00317919s
 INFO: Computing semblance for m0 = 9460
 INFO: Total execution time for kernels is 0.0031967s
 INFO: Computing semblance for m0 = 9480
 INFO: Total execution time for kernels is 0.00301092s
 INFO: Computing semblance for m0 = 9500
 INFO: Total execution time for kernels is 0.00297581s
 INFO: Computing semblance for m0 = 9520
 INFO: Total execution time for kernels is 0.00282423s
 INFO: Computing semblance for m0 = 9540
 INFO: Total execution time for kernels is 0.00279262s
 INFO: Computing semblance for m0 = 9560
 INFO: Total execution time for kernels is 0.00264917s
 INFO: Computing semblance for m0 = 9580
 INFO: Total execution time for kernels is 0.00263612s
 INFO: Computing semblance for m0 = 9600
 INFO: Total execution time for kernels is 0.00246962s
 INFO: Computing semblance for m0 = 9620
 INFO: Total execution time for kernels is 0.00247022s
 INFO: Computing semblance for m0 = 9640
 INFO: Total execution time for kernels is 0.00231157s
 INFO: Computing semblance for m0 = 9660
 INFO: Total execution time for kernels is 0.00230295s
 INFO: Computing semblance for m0 = 9680
 INFO: Total execution time for kernels is 0.00215579s
 INFO: Computing semblance for m0 = 9700
 INFO: Total execution time for kernels is 0.00215622s
 INFO: Computing semblance for m0 = 9720
 INFO: Total execution time for kernels is 0.00198893s
 INFO: Computing semblance for m0 = 9740
 INFO: Total execution time for kernels is 0.00200179s
 INFO: Computing semblance for m0 = 9760
 INFO: Total execution time for kernels is 0.00184011s
 INFO: Computing semblance for m0 = 9780
 INFO: Total execution time for kernels is 0.00185633s
 INFO: Computing semblance for m0 = 9800
 INFO: Total execution time for kernels is 0.00169166s
 INFO: Computing semblance for m0 = 9820
 INFO: Total execution time for kernels is 0.0016717s
 INFO: Computing semblance for m0 = 9840
 INFO: Total execution time for kernels is 0.00150697s
 INFO: Computing semblance for m0 = 9860
 INFO: Total execution time for kernels is 0.00150908s
 INFO: Computing semblance for m0 = 9880
 INFO: Total execution time for kernels is 0.00130306s
 INFO: Computing semblance for m0 = 9900
 INFO: Total execution time for kernels is 0.00131545s
 INFO: Computing semblance for m0 = 9920
 INFO: Total execution time for kernels is 0.000989455s
 INFO: Computing semblance for m0 = 9940
 INFO: Total execution time for kernels is 0.000985384s
 INFO: Average of efficiency is 1
 INFO: Average of interpolations_per_sec is 2.00907e+11
 INFO: Average of selected_traces is 20.6742
 INFO: Average of total_selection_kernel_exec_time is 0.000340033
 INFO: Average of total_kernel_exec_time is 0.00486895
 INFO: Results written to /home/ubuntu/nfs/out/0447d1c_p3.2xlarge/cmp/greedy/cuda/simple-synthetic_32_2/simple-synthetic_greedy_cmp_20210102_1304/
 INFO: It took 6.76276s to compute.
