 INFO: [readGatherFromFile:119] Number of CDPs = 445
 INFO: [readGatherFromFile:120] Number of traces in the gather = 9200
 INFO: [readGatherFromFile:121] Number of samples per trace = 2502
 INFO: [initialize:24] Initializing traveltime
 INFO: [initialize:28] Factory initialized
 INFO: [create_worker:27] Device count is 0
 INFO: [parseComputeAlgorithm:28] Generations = 32
 INFO: [parseComputeAlgorithm:32] Individuals per population = 32
 INFO: [run:16] m0 = 1140
 INFO: [activate:15] Activating GPU#0
 INFO: [activate:15] Activating GPU#0
 INFO: [activate:15] Activating GPU#0
 INFO: [selectTracesToBeUsedForMidpoint:113] Selecting traces for m0 = 1140
 INFO: [copyOnlySelectedTracesToDevice:118] Selected 435 traces
 INFO: [copyOnlySelectedTracesToDevice:152] Copy time is 0.00600053
 INFO: [selectTracesToBeUsedForMidpoint:181] Execution time for copying traces is 0.00670737s
 INFO: [saveStatisticalResults:102] Total execution time for selecting traces is 0.0793734s
 INFO: [saveStatisticalResults:104] Total execution time for kernels is 0.32267s
 INFO: [run:16] m0 = 1300
 INFO: [activate:15] Activating GPU#0
 INFO: [selectTracesToBeUsedForMidpoint:113] Selecting traces for m0 = 1300
 INFO: [copyOnlySelectedTracesToDevice:118] Selected 561 traces
 INFO: [copyOnlySelectedTracesToDevice:152] Copy time is 0.00680942
 INFO: [selectTracesToBeUsedForMidpoint:181] Execution time for copying traces is 0.00800284s
 INFO: [saveStatisticalResults:102] Total execution time for selecting traces is 0.067186s
 INFO: [saveStatisticalResults:104] Total execution time for kernels is 0.360283s
 INFO: [run:16] m0 = 1460
 INFO: [activate:15] Activating GPU#0
 INFO: [selectTracesToBeUsedForMidpoint:113] Selecting traces for m0 = 1460
 INFO: [copyOnlySelectedTracesToDevice:118] Selected 703 traces
 INFO: [copyOnlySelectedTracesToDevice:152] Copy time is 0.00816477
 INFO: [selectTracesToBeUsedForMidpoint:181] Execution time for copying traces is 0.00950443s
 INFO: [saveStatisticalResults:102] Total execution time for selecting traces is 0.0630357s
 INFO: [saveStatisticalResults:104] Total execution time for kernels is 0.550615s
 INFO: [run:16] m0 = 1620
 INFO: [activate:15] Activating GPU#0
 INFO: [selectTracesToBeUsedForMidpoint:113] Selecting traces for m0 = 1620
 INFO: [copyOnlySelectedTracesToDevice:118] Selected 861 traces
 INFO: [copyOnlySelectedTracesToDevice:152] Copy time is 0.0101179
 INFO: [selectTracesToBeUsedForMidpoint:181] Execution time for copying traces is 0.0117526s
 INFO: [saveStatisticalResults:102] Total execution time for selecting traces is 0.0661612s
 INFO: [saveStatisticalResults:104] Total execution time for kernels is 0.851858s
 INFO: [run:16] m0 = 1780
 INFO: [activate:15] Activating GPU#0
 INFO: [selectTracesToBeUsedForMidpoint:113] Selecting traces for m0 = 1780
 INFO: [copyOnlySelectedTracesToDevice:118] Selected 1035 traces
 INFO: [copyOnlySelectedTracesToDevice:152] Copy time is 0.0121059
 INFO: [selectTracesToBeUsedForMidpoint:181] Execution time for copying traces is 0.0139891s
 INFO: [saveStatisticalResults:102] Total execution time for selecting traces is 0.0690793s
 INFO: [saveStatisticalResults:104] Total execution time for kernels is 1.17131s
 INFO: [run:16] m0 = 1940
 INFO: [activate:15] Activating GPU#0
 INFO: [selectTracesToBeUsedForMidpoint:113] Selecting traces for m0 = 1940
 INFO: [copyOnlySelectedTracesToDevice:118] Selected 1219 traces
 INFO: [copyOnlySelectedTracesToDevice:152] Copy time is 0.0143201
 INFO: [selectTracesToBeUsedForMidpoint:181] Execution time for copying traces is 0.0164721s
 INFO: [saveStatisticalResults:102] Total execution time for selecting traces is 0.0715859s
 INFO: [saveStatisticalResults:104] Total execution time for kernels is 1.43581s
 INFO: [run:16] m0 = 2100
 INFO: [activate:15] Activating GPU#0
 INFO: [selectTracesToBeUsedForMidpoint:113] Selecting traces for m0 = 2100
 INFO: [copyOnlySelectedTracesToDevice:118] Selected 1403 traces
 INFO: [copyOnlySelectedTracesToDevice:152] Copy time is 0.0166425
 INFO: [selectTracesToBeUsedForMidpoint:181] Execution time for copying traces is 0.0192067s
 INFO: [saveStatisticalResults:102] Total execution time for selecting traces is 0.0743794s
 INFO: [saveStatisticalResults:104] Total execution time for kernels is 1.54285s
 INFO: [run:16] m0 = 2260
 INFO: [activate:15] Activating GPU#0
 INFO: [selectTracesToBeUsedForMidpoint:113] Selecting traces for m0 = 2260
 INFO: [copyOnlySelectedTracesToDevice:118] Selected 1449 traces
 INFO: [copyOnlySelectedTracesToDevice:152] Copy time is 0.0174256
 INFO: [selectTracesToBeUsedForMidpoint:181] Execution time for copying traces is 0.0201223s
 INFO: [saveStatisticalResults:102] Total execution time for selecting traces is 0.0756789s
 INFO: [saveStatisticalResults:104] Total execution time for kernels is 1.56003s
 INFO: [run:16] m0 = 2420
 INFO: [activate:15] Activating GPU#0
 INFO: [selectTracesToBeUsedForMidpoint:113] Selecting traces for m0 = 2420
 INFO: [copyOnlySelectedTracesToDevice:118] Selected 1449 traces
 INFO: [copyOnlySelectedTracesToDevice:152] Copy time is 0.0172819
 INFO: [selectTracesToBeUsedForMidpoint:181] Execution time for copying traces is 0.0200286s
 INFO: [saveStatisticalResults:102] Total execution time for selecting traces is 0.0755756s
 INFO: [saveStatisticalResults:104] Total execution time for kernels is 1.55993s
 INFO: [run:16] m0 = 2580
 INFO: [activate:15] Activating GPU#0
 INFO: [selectTracesToBeUsedForMidpoint:113] Selecting traces for m0 = 2580
 INFO: [copyOnlySelectedTracesToDevice:118] Selected 1449 traces
 INFO: [copyOnlySelectedTracesToDevice:152] Copy time is 0.0167523
 INFO: [selectTracesToBeUsedForMidpoint:181] Execution time for copying traces is 0.0194857s
 INFO: [saveStatisticalResults:102] Total execution time for selecting traces is 0.0750511s
 INFO: [saveStatisticalResults:104] Total execution time for kernels is 1.55762s
 INFO: [run:16] m0 = 2740
 INFO: [activate:15] Activating GPU#0
 INFO: [selectTracesToBeUsedForMidpoint:113] Selecting traces for m0 = 2740
 INFO: [copyOnlySelectedTracesToDevice:118] Selected 1449 traces
 INFO: [copyOnlySelectedTracesToDevice:152] Copy time is 0.0170828
 INFO: [selectTracesToBeUsedForMidpoint:181] Execution time for copying traces is 0.0198294s
 INFO: [saveStatisticalResults:102] Total execution time for selecting traces is 0.0753973s
 INFO: [saveStatisticalResults:104] Total execution time for kernels is 1.5612s
 INFO: [run:16] m0 = 2900
 INFO: [activate:15] Activating GPU#0
 INFO: [selectTracesToBeUsedForMidpoint:113] Selecting traces for m0 = 2900
 INFO: [copyOnlySelectedTracesToDevice:118] Selected 1449 traces
 INFO: [copyOnlySelectedTracesToDevice:152] Copy time is 0.0172357
 INFO: [selectTracesToBeUsedForMidpoint:181] Execution time for copying traces is 0.0199559s
 INFO: [saveStatisticalResults:102] Total execution time for selecting traces is 0.075504s
 INFO: [saveStatisticalResults:104] Total execution time for kernels is 1.56144s
 INFO: [run:16] m0 = 3060
 INFO: [activate:15] Activating GPU#0
 INFO: [selectTracesToBeUsedForMidpoint:113] Selecting traces for m0 = 3060
 INFO: [copyOnlySelectedTracesToDevice:118] Selected 1449 traces
 INFO: [copyOnlySelectedTracesToDevice:152] Copy time is 0.0169362
 INFO: [selectTracesToBeUsedForMidpoint:181] Execution time for copying traces is 0.0196816s
 INFO: [saveStatisticalResults:102] Total execution time for selecting traces is 0.0750042s
 INFO: [saveStatisticalResults:104] Total execution time for kernels is 1.56123s
 INFO: [run:16] m0 = 3220
 INFO: [activate:15] Activating GPU#0
 INFO: [selectTracesToBeUsedForMidpoint:113] Selecting traces for m0 = 3220
 INFO: [copyOnlySelectedTracesToDevice:118] Selected 1449 traces
 INFO: [copyOnlySelectedTracesToDevice:152] Copy time is 0.0171214
 INFO: [selectTracesToBeUsedForMidpoint:181] Execution time for copying traces is 0.0198648s
 INFO: [saveStatisticalResults:102] Total execution time for selecting traces is 0.0753575s
 INFO: [saveStatisticalResults:104] Total execution time for kernels is 1.55345s
 INFO: [run:16] m0 = 3380
 INFO: [activate:15] Activating GPU#0
 INFO: [selectTracesToBeUsedForMidpoint:113] Selecting traces for m0 = 3380
 INFO: [copyOnlySelectedTracesToDevice:118] Selected 1449 traces
 INFO: [copyOnlySelectedTracesToDevice:152] Copy time is 0.0172274
 INFO: [selectTracesToBeUsedForMidpoint:181] Execution time for copying traces is 0.0199634s
 INFO: [saveStatisticalResults:102] Total execution time for selecting traces is 0.0755837s
 INFO: [saveStatisticalResults:104] Total execution time for kernels is 1.54801s
 INFO: [run:16] m0 = 3540
 INFO: [activate:15] Activating GPU#0
 INFO: [selectTracesToBeUsedForMidpoint:113] Selecting traces for m0 = 3540
 INFO: [copyOnlySelectedTracesToDevice:118] Selected 1449 traces
 INFO: [copyOnlySelectedTracesToDevice:152] Copy time is 0.0174411
 INFO: [selectTracesToBeUsedForMidpoint:181] Execution time for copying traces is 0.0202086s
 INFO: [saveStatisticalResults:102] Total execution time for selecting traces is 0.0758065s
 INFO: [saveStatisticalResults:104] Total execution time for kernels is 1.54659s
 INFO: [run:16] m0 = 3700
 INFO: [activate:15] Activating GPU#0
 INFO: [selectTracesToBeUsedForMidpoint:113] Selecting traces for m0 = 3700
 INFO: [copyOnlySelectedTracesToDevice:118] Selected 1449 traces
 INFO: [copyOnlySelectedTracesToDevice:152] Copy time is 0.0171648
 INFO: [selectTracesToBeUsedForMidpoint:181] Execution time for copying traces is 0.0199298s
 INFO: [saveStatisticalResults:102] Total execution time for selecting traces is 0.0763773s
 INFO: [saveStatisticalResults:104] Total execution time for kernels is 1.54424s
 INFO: [run:16] m0 = 3860
 INFO: [activate:15] Activating GPU#0
 INFO: [selectTracesToBeUsedForMidpoint:113] Selecting traces for m0 = 3860
 INFO: [copyOnlySelectedTracesToDevice:118] Selected 1449 traces
 INFO: [copyOnlySelectedTracesToDevice:152] Copy time is 0.0169142
 INFO: [selectTracesToBeUsedForMidpoint:181] Execution time for copying traces is 0.0196274s
 INFO: [saveStatisticalResults:102] Total execution time for selecting traces is 0.0760922s
 INFO: [saveStatisticalResults:104] Total execution time for kernels is 1.54594s
 INFO: [run:16] m0 = 4020
 INFO: [activate:15] Activating GPU#0
 INFO: [selectTracesToBeUsedForMidpoint:113] Selecting traces for m0 = 4020
 INFO: [copyOnlySelectedTracesToDevice:118] Selected 1449 traces
 INFO: [copyOnlySelectedTracesToDevice:152] Copy time is 0.0169125
 INFO: [selectTracesToBeUsedForMidpoint:181] Execution time for copying traces is 0.0196275s
 INFO: [saveStatisticalResults:102] Total execution time for selecting traces is 0.0752779s
 INFO: [saveStatisticalResults:104] Total execution time for kernels is 1.53975s
 INFO: [run:16] m0 = 4180
 INFO: [activate:15] Activating GPU#0
 INFO: [selectTracesToBeUsedForMidpoint:113] Selecting traces for m0 = 4180
 INFO: [copyOnlySelectedTracesToDevice:118] Selected 1449 traces
 INFO: [copyOnlySelectedTracesToDevice:152] Copy time is 0.0173302
 INFO: [selectTracesToBeUsedForMidpoint:181] Execution time for copying traces is 0.0200586s
 INFO: [saveStatisticalResults:102] Total execution time for selecting traces is 0.0756995s
 INFO: [saveStatisticalResults:104] Total execution time for kernels is 1.53878s
 INFO: [run:16] m0 = 4340
 INFO: [activate:15] Activating GPU#0
 INFO: [selectTracesToBeUsedForMidpoint:113] Selecting traces for m0 = 4340
 INFO: [copyOnlySelectedTracesToDevice:118] Selected 1449 traces
 INFO: [copyOnlySelectedTracesToDevice:152] Copy time is 0.0172418
 INFO: [selectTracesToBeUsedForMidpoint:181] Execution time for copying traces is 0.0199615s
 INFO: [saveStatisticalResults:102] Total execution time for selecting traces is 0.0755224s
 INFO: [saveStatisticalResults:104] Total execution time for kernels is 1.54812s
 INFO: [run:16] m0 = 4500
 INFO: [activate:15] Activating GPU#0
 INFO: [selectTracesToBeUsedForMidpoint:113] Selecting traces for m0 = 4500
 INFO: [copyOnlySelectedTracesToDevice:118] Selected 1449 traces
 INFO: [copyOnlySelectedTracesToDevice:152] Copy time is 0.017136
 INFO: [selectTracesToBeUsedForMidpoint:181] Execution time for copying traces is 0.0198652s
 INFO: [saveStatisticalResults:102] Total execution time for selecting traces is 0.0751962s
 INFO: [saveStatisticalResults:104] Total execution time for kernels is 1.54975s
 INFO: [run:16] m0 = 4660
 INFO: [activate:15] Activating GPU#0
 INFO: [selectTracesToBeUsedForMidpoint:113] Selecting traces for m0 = 4660
 INFO: [copyOnlySelectedTracesToDevice:118] Selected 1449 traces
 INFO: [copyOnlySelectedTracesToDevice:152] Copy time is 0.0168498
 INFO: [selectTracesToBeUsedForMidpoint:181] Execution time for copying traces is 0.0195638s
 INFO: [saveStatisticalResults:102] Total execution time for selecting traces is 0.0752389s
 INFO: [saveStatisticalResults:104] Total execution time for kernels is 1.54308s
 INFO: [run:16] m0 = 4820
 INFO: [activate:15] Activating GPU#0
 INFO: [selectTracesToBeUsedForMidpoint:113] Selecting traces for m0 = 4820
 INFO: [copyOnlySelectedTracesToDevice:118] Selected 1449 traces
 INFO: [copyOnlySelectedTracesToDevice:152] Copy time is 0.0171264
 INFO: [selectTracesToBeUsedForMidpoint:181] Execution time for copying traces is 0.0199124s
 INFO: [saveStatisticalResults:102] Total execution time for selecting traces is 0.0779158s
 INFO: [saveStatisticalResults:104] Total execution time for kernels is 1.55611s
 INFO: [run:16] m0 = 4980
 INFO: [activate:15] Activating GPU#0
 INFO: [selectTracesToBeUsedForMidpoint:113] Selecting traces for m0 = 4980
 INFO: [copyOnlySelectedTracesToDevice:118] Selected 1449 traces
 INFO: [copyOnlySelectedTracesToDevice:152] Copy time is 0.0173372
 INFO: [selectTracesToBeUsedForMidpoint:181] Execution time for copying traces is 0.0200804s
 INFO: [saveStatisticalResults:102] Total execution time for selecting traces is 0.076572s
 INFO: [saveStatisticalResults:104] Total execution time for kernels is 1.5662s
 INFO: [run:16] m0 = 5140
 INFO: [activate:15] Activating GPU#0
 INFO: [selectTracesToBeUsedForMidpoint:113] Selecting traces for m0 = 5140
 INFO: [copyOnlySelectedTracesToDevice:118] Selected 1449 traces
 INFO: [copyOnlySelectedTracesToDevice:152] Copy time is 0.0171118
 INFO: [selectTracesToBeUsedForMidpoint:181] Execution time for copying traces is 0.0198698s
 INFO: [saveStatisticalResults:102] Total execution time for selecting traces is 0.0763334s
 INFO: [saveStatisticalResults:104] Total execution time for kernels is 1.56856s
 INFO: [run:16] m0 = 5300
 INFO: [activate:15] Activating GPU#0
 INFO: [selectTracesToBeUsedForMidpoint:113] Selecting traces for m0 = 5300
 INFO: [copyOnlySelectedTracesToDevice:118] Selected 1449 traces
 INFO: [copyOnlySelectedTracesToDevice:152] Copy time is 0.0169988
 INFO: [selectTracesToBeUsedForMidpoint:181] Execution time for copying traces is 0.0197386s
 INFO: [saveStatisticalResults:102] Total execution time for selecting traces is 0.0754254s
 INFO: [saveStatisticalResults:104] Total execution time for kernels is 1.5743s
 INFO: [run:16] m0 = 5460
 INFO: [activate:15] Activating GPU#0
 INFO: [selectTracesToBeUsedForMidpoint:113] Selecting traces for m0 = 5460
 INFO: [copyOnlySelectedTracesToDevice:118] Selected 1449 traces
 INFO: [copyOnlySelectedTracesToDevice:152] Copy time is 0.0171624
 INFO: [selectTracesToBeUsedForMidpoint:181] Execution time for copying traces is 0.0198946s
 INFO: [saveStatisticalResults:102] Total execution time for selecting traces is 0.0755343s
 INFO: [saveStatisticalResults:104] Total execution time for kernels is 1.55738s
 INFO: [run:16] m0 = 5620
 INFO: [activate:15] Activating GPU#0
 INFO: [selectTracesToBeUsedForMidpoint:113] Selecting traces for m0 = 5620
 INFO: [copyOnlySelectedTracesToDevice:118] Selected 1449 traces
 INFO: [copyOnlySelectedTracesToDevice:152] Copy time is 0.017055
 INFO: [selectTracesToBeUsedForMidpoint:181] Execution time for copying traces is 0.019769s
 INFO: [saveStatisticalResults:102] Total execution time for selecting traces is 0.0754218s
 INFO: [saveStatisticalResults:104] Total execution time for kernels is 1.55568s
 INFO: [run:16] m0 = 5780
 INFO: [activate:15] Activating GPU#0
 INFO: [selectTracesToBeUsedForMidpoint:113] Selecting traces for m0 = 5780
 INFO: [copyOnlySelectedTracesToDevice:118] Selected 1449 traces
 INFO: [copyOnlySelectedTracesToDevice:152] Copy time is 0.0170464
 INFO: [selectTracesToBeUsedForMidpoint:181] Execution time for copying traces is 0.0197679s
 INFO: [saveStatisticalResults:102] Total execution time for selecting traces is 0.0735488s
 INFO: [saveStatisticalResults:104] Total execution time for kernels is 1.56854s
 INFO: [run:16] m0 = 5940
 INFO: [activate:15] Activating GPU#0
 INFO: [selectTracesToBeUsedForMidpoint:113] Selecting traces for m0 = 5940
 INFO: [copyOnlySelectedTracesToDevice:118] Selected 1449 traces
 INFO: [copyOnlySelectedTracesToDevice:152] Copy time is 0.0169349
 INFO: [selectTracesToBeUsedForMidpoint:181] Execution time for copying traces is 0.0196926s
 INFO: [saveStatisticalResults:102] Total execution time for selecting traces is 0.075075s
 INFO: [saveStatisticalResults:104] Total execution time for kernels is 1.56426s
 INFO: [run:16] m0 = 6100
 INFO: [activate:15] Activating GPU#0
 INFO: [selectTracesToBeUsedForMidpoint:113] Selecting traces for m0 = 6100
 INFO: [copyOnlySelectedTracesToDevice:118] Selected 1449 traces
 INFO: [copyOnlySelectedTracesToDevice:152] Copy time is 0.0172836
 INFO: [selectTracesToBeUsedForMidpoint:181] Execution time for copying traces is 0.0200123s
 INFO: [saveStatisticalResults:102] Total execution time for selecting traces is 0.0756473s
 INFO: [saveStatisticalResults:104] Total execution time for kernels is 1.54999s
 INFO: [run:16] m0 = 6260
 INFO: [activate:15] Activating GPU#0
 INFO: [selectTracesToBeUsedForMidpoint:113] Selecting traces for m0 = 6260
 INFO: [copyOnlySelectedTracesToDevice:118] Selected 1449 traces
 INFO: [copyOnlySelectedTracesToDevice:152] Copy time is 0.0172387
 INFO: [selectTracesToBeUsedForMidpoint:181] Execution time for copying traces is 0.0199847s
 INFO: [saveStatisticalResults:102] Total execution time for selecting traces is 0.0756494s
 INFO: [saveStatisticalResults:104] Total execution time for kernels is 1.5636s
 INFO: [run:16] m0 = 6420
 INFO: [activate:15] Activating GPU#0
 INFO: [selectTracesToBeUsedForMidpoint:113] Selecting traces for m0 = 6420
 INFO: [copyOnlySelectedTracesToDevice:118] Selected 1449 traces
 INFO: [copyOnlySelectedTracesToDevice:152] Copy time is 0.0169473
 INFO: [selectTracesToBeUsedForMidpoint:181] Execution time for copying traces is 0.0196772s
 INFO: [saveStatisticalResults:102] Total execution time for selecting traces is 0.0762192s
 INFO: [saveStatisticalResults:104] Total execution time for kernels is 1.56527s
 INFO: [run:16] m0 = 6580
 INFO: [activate:15] Activating GPU#0
 INFO: [selectTracesToBeUsedForMidpoint:113] Selecting traces for m0 = 6580
 INFO: [copyOnlySelectedTracesToDevice:118] Selected 1449 traces
 INFO: [copyOnlySelectedTracesToDevice:152] Copy time is 0.0168053
 INFO: [selectTracesToBeUsedForMidpoint:181] Execution time for copying traces is 0.0194682s
 INFO: [saveStatisticalResults:102] Total execution time for selecting traces is 0.0734893s
 INFO: [saveStatisticalResults:104] Total execution time for kernels is 1.56503s
 INFO: [run:16] m0 = 6740
 INFO: [activate:15] Activating GPU#0
 INFO: [selectTracesToBeUsedForMidpoint:113] Selecting traces for m0 = 6740
 INFO: [copyOnlySelectedTracesToDevice:118] Selected 1449 traces
 INFO: [copyOnlySelectedTracesToDevice:152] Copy time is 0.0170261
 INFO: [selectTracesToBeUsedForMidpoint:181] Execution time for copying traces is 0.0197448s
 INFO: [saveStatisticalResults:102] Total execution time for selecting traces is 0.0754437s
 INFO: [saveStatisticalResults:104] Total execution time for kernels is 1.56409s
 INFO: [run:16] m0 = 6900
 INFO: [activate:15] Activating GPU#0
 INFO: [selectTracesToBeUsedForMidpoint:113] Selecting traces for m0 = 6900
 INFO: [copyOnlySelectedTracesToDevice:118] Selected 1449 traces
 INFO: [copyOnlySelectedTracesToDevice:152] Copy time is 0.017191
 INFO: [selectTracesToBeUsedForMidpoint:181] Execution time for copying traces is 0.0198896s
 INFO: [saveStatisticalResults:102] Total execution time for selecting traces is 0.0755806s
 INFO: [saveStatisticalResults:104] Total execution time for kernels is 1.57623s
 INFO: [run:16] m0 = 7060
 INFO: [activate:15] Activating GPU#0
 INFO: [selectTracesToBeUsedForMidpoint:113] Selecting traces for m0 = 7060
 INFO: [copyOnlySelectedTracesToDevice:118] Selected 1449 traces
 INFO: [copyOnlySelectedTracesToDevice:152] Copy time is 0.0172712
 INFO: [selectTracesToBeUsedForMidpoint:181] Execution time for copying traces is 0.0199853s
 INFO: [saveStatisticalResults:102] Total execution time for selecting traces is 0.0757242s
 INFO: [saveStatisticalResults:104] Total execution time for kernels is 1.58179s
 INFO: [run:16] m0 = 7220
 INFO: [activate:15] Activating GPU#0
 INFO: [selectTracesToBeUsedForMidpoint:113] Selecting traces for m0 = 7220
 INFO: [copyOnlySelectedTracesToDevice:118] Selected 1449 traces
 INFO: [copyOnlySelectedTracesToDevice:152] Copy time is 0.0167378
 INFO: [selectTracesToBeUsedForMidpoint:181] Execution time for copying traces is 0.0193836s
 INFO: [saveStatisticalResults:102] Total execution time for selecting traces is 0.0720659s
 INFO: [saveStatisticalResults:104] Total execution time for kernels is 1.58408s
 INFO: [run:16] m0 = 7380
 INFO: [activate:15] Activating GPU#0
 INFO: [selectTracesToBeUsedForMidpoint:113] Selecting traces for m0 = 7380
 INFO: [copyOnlySelectedTracesToDevice:118] Selected 1449 traces
 INFO: [copyOnlySelectedTracesToDevice:152] Copy time is 0.0170239
 INFO: [selectTracesToBeUsedForMidpoint:181] Execution time for copying traces is 0.019877s
 INFO: [saveStatisticalResults:102] Total execution time for selecting traces is 0.0753556s
 INFO: [saveStatisticalResults:104] Total execution time for kernels is 1.57456s
 INFO: [run:16] m0 = 7540
 INFO: [activate:15] Activating GPU#0
 INFO: [selectTracesToBeUsedForMidpoint:113] Selecting traces for m0 = 7540
 INFO: [copyOnlySelectedTracesToDevice:118] Selected 1449 traces
 INFO: [copyOnlySelectedTracesToDevice:152] Copy time is 0.0170727
 INFO: [selectTracesToBeUsedForMidpoint:181] Execution time for copying traces is 0.0198457s
 INFO: [saveStatisticalResults:102] Total execution time for selecting traces is 0.0751065s
 INFO: [saveStatisticalResults:104] Total execution time for kernels is 1.58142s
 INFO: [run:16] m0 = 7700
 INFO: [activate:15] Activating GPU#0
 INFO: [selectTracesToBeUsedForMidpoint:113] Selecting traces for m0 = 7700
 INFO: [copyOnlySelectedTracesToDevice:118] Selected 1449 traces
 INFO: [copyOnlySelectedTracesToDevice:152] Copy time is 0.0171623
 INFO: [selectTracesToBeUsedForMidpoint:181] Execution time for copying traces is 0.019824s
 INFO: [saveStatisticalResults:102] Total execution time for selecting traces is 0.0755329s
 INFO: [saveStatisticalResults:104] Total execution time for kernels is 1.57463s
 INFO: [run:16] m0 = 7860
 INFO: [activate:15] Activating GPU#0
 INFO: [selectTracesToBeUsedForMidpoint:113] Selecting traces for m0 = 7860
 INFO: [copyOnlySelectedTracesToDevice:118] Selected 1449 traces
 INFO: [copyOnlySelectedTracesToDevice:152] Copy time is 0.0173241
 INFO: [selectTracesToBeUsedForMidpoint:181] Execution time for copying traces is 0.0200391s
 INFO: [saveStatisticalResults:102] Total execution time for selecting traces is 0.0758089s
 INFO: [saveStatisticalResults:104] Total execution time for kernels is 1.5757s
 INFO: [run:16] m0 = 8020
 INFO: [activate:15] Activating GPU#0
 INFO: [selectTracesToBeUsedForMidpoint:113] Selecting traces for m0 = 8020
 INFO: [copyOnlySelectedTracesToDevice:118] Selected 1448 traces
 INFO: [copyOnlySelectedTracesToDevice:152] Copy time is 0.0166212
 INFO: [selectTracesToBeUsedForMidpoint:181] Execution time for copying traces is 0.0193414s
 INFO: [saveStatisticalResults:102] Total execution time for selecting traces is 0.0750434s
 INFO: [saveStatisticalResults:104] Total execution time for kernels is 1.56635s
 INFO: [run:16] m0 = 8180
 INFO: [activate:15] Activating GPU#0
 INFO: [selectTracesToBeUsedForMidpoint:113] Selecting traces for m0 = 8180
 INFO: [copyOnlySelectedTracesToDevice:118] Selected 1434 traces
 INFO: [copyOnlySelectedTracesToDevice:152] Copy time is 0.0169671
 INFO: [selectTracesToBeUsedForMidpoint:181] Execution time for copying traces is 0.0197045s
 INFO: [saveStatisticalResults:102] Total execution time for selecting traces is 0.0754039s
 INFO: [saveStatisticalResults:104] Total execution time for kernels is 1.55739s
 INFO: [run:16] m0 = 8340
 INFO: [activate:15] Activating GPU#0
 INFO: [selectTracesToBeUsedForMidpoint:113] Selecting traces for m0 = 8340
 INFO: [copyOnlySelectedTracesToDevice:118] Selected 1404 traces
 INFO: [copyOnlySelectedTracesToDevice:152] Copy time is 0.0163457
 INFO: [selectTracesToBeUsedForMidpoint:181] Execution time for copying traces is 0.0190345s
 INFO: [saveStatisticalResults:102] Total execution time for selecting traces is 0.0747716s
 INFO: [saveStatisticalResults:104] Total execution time for kernels is 1.56199s
 INFO: [run:16] m0 = 8500
 INFO: [activate:15] Activating GPU#0
 INFO: [selectTracesToBeUsedForMidpoint:113] Selecting traces for m0 = 8500
 INFO: [copyOnlySelectedTracesToDevice:118] Selected 1358 traces
 INFO: [copyOnlySelectedTracesToDevice:152] Copy time is 0.016181
 INFO: [selectTracesToBeUsedForMidpoint:181] Execution time for copying traces is 0.0187848s
 INFO: [saveStatisticalResults:102] Total execution time for selecting traces is 0.0745796s
 INFO: [saveStatisticalResults:104] Total execution time for kernels is 1.53695s
 INFO: [run:16] m0 = 8660
 INFO: [activate:15] Activating GPU#0
 INFO: [selectTracesToBeUsedForMidpoint:113] Selecting traces for m0 = 8660
 INFO: [copyOnlySelectedTracesToDevice:118] Selected 1296 traces
 INFO: [copyOnlySelectedTracesToDevice:152] Copy time is 0.0154596
 INFO: [selectTracesToBeUsedForMidpoint:181] Execution time for copying traces is 0.0180232s
 INFO: [saveStatisticalResults:102] Total execution time for selecting traces is 0.0736574s
 INFO: [saveStatisticalResults:104] Total execution time for kernels is 1.49473s
 INFO: [run:16] m0 = 8820
 INFO: [activate:15] Activating GPU#0
 INFO: [selectTracesToBeUsedForMidpoint:113] Selecting traces for m0 = 8820
 INFO: [copyOnlySelectedTracesToDevice:118] Selected 1218 traces
 INFO: [copyOnlySelectedTracesToDevice:152] Copy time is 0.0143724
 INFO: [selectTracesToBeUsedForMidpoint:181] Execution time for copying traces is 0.0168033s
 INFO: [saveStatisticalResults:102] Total execution time for selecting traces is 0.0721491s
 INFO: [saveStatisticalResults:104] Total execution time for kernels is 1.41812s
 INFO: [run:16] m0 = 8980
 INFO: [activate:15] Activating GPU#0
 INFO: [selectTracesToBeUsedForMidpoint:113] Selecting traces for m0 = 8980
 INFO: [copyOnlySelectedTracesToDevice:118] Selected 1124 traces
 INFO: [copyOnlySelectedTracesToDevice:152] Copy time is 0.0132611
 INFO: [selectTracesToBeUsedForMidpoint:181] Execution time for copying traces is 0.0155398s
 INFO: [saveStatisticalResults:102] Total execution time for selecting traces is 0.0708494s
 INFO: [saveStatisticalResults:104] Total execution time for kernels is 1.31276s
 INFO: [run:16] m0 = 9140
 INFO: [activate:15] Activating GPU#0
 INFO: [selectTracesToBeUsedForMidpoint:113] Selecting traces for m0 = 9140
 INFO: [copyOnlySelectedTracesToDevice:118] Selected 1014 traces
 INFO: [copyOnlySelectedTracesToDevice:152] Copy time is 0.0120577
 INFO: [selectTracesToBeUsedForMidpoint:181] Execution time for copying traces is 0.014183s
 INFO: [saveStatisticalResults:102] Total execution time for selecting traces is 0.0699796s
 INFO: [saveStatisticalResults:104] Total execution time for kernels is 1.1445s
 INFO: [run:16] m0 = 9300
 INFO: [activate:15] Activating GPU#0
 INFO: [selectTracesToBeUsedForMidpoint:113] Selecting traces for m0 = 9300
 INFO: [copyOnlySelectedTracesToDevice:118] Selected 888 traces
 INFO: [copyOnlySelectedTracesToDevice:152] Copy time is 0.0104269
 INFO: [selectTracesToBeUsedForMidpoint:181] Execution time for copying traces is 0.0123846s
 INFO: [saveStatisticalResults:102] Total execution time for selecting traces is 0.068203s
 INFO: [saveStatisticalResults:104] Total execution time for kernels is 0.925587s
 INFO: [run:16] m0 = 9460
 INFO: [activate:15] Activating GPU#0
 INFO: [selectTracesToBeUsedForMidpoint:113] Selecting traces for m0 = 9460
 INFO: [copyOnlySelectedTracesToDevice:118] Selected 746 traces
 INFO: [copyOnlySelectedTracesToDevice:152] Copy time is 0.00866167
 INFO: [selectTracesToBeUsedForMidpoint:181] Execution time for copying traces is 0.0103921s
 INFO: [saveStatisticalResults:102] Total execution time for selecting traces is 0.0661866s
 INFO: [saveStatisticalResults:104] Total execution time for kernels is 0.664386s
 INFO: [run:16] m0 = 9620
 INFO: [activate:15] Activating GPU#0
 INFO: [selectTracesToBeUsedForMidpoint:113] Selecting traces for m0 = 9620
 INFO: [copyOnlySelectedTracesToDevice:118] Selected 588 traces
 INFO: [copyOnlySelectedTracesToDevice:152] Copy time is 0.00698455
 INFO: [selectTracesToBeUsedForMidpoint:181] Execution time for copying traces is 0.0084881s
 INFO: [saveStatisticalResults:102] Total execution time for selecting traces is 0.0664781s
 INFO: [saveStatisticalResults:104] Total execution time for kernels is 0.407626s
 INFO: [run:16] m0 = 9780
 INFO: [activate:15] Activating GPU#0
 INFO: [selectTracesToBeUsedForMidpoint:113] Selecting traces for m0 = 9780
 INFO: [copyOnlySelectedTracesToDevice:118] Selected 414 traces
 INFO: [copyOnlySelectedTracesToDevice:152] Copy time is 0.00495779
 INFO: [selectTracesToBeUsedForMidpoint:181] Execution time for copying traces is 0.0062379s
 INFO: [saveStatisticalResults:102] Total execution time for selecting traces is 0.0651481s
 INFO: [saveStatisticalResults:104] Total execution time for kernels is 0.216087s
 INFO: [run:16] m0 = 9940
 INFO: [activate:15] Activating GPU#0
 INFO: [selectTracesToBeUsedForMidpoint:113] Selecting traces for m0 = 9940
 INFO: [copyOnlySelectedTracesToDevice:118] Selected 230 traces
 INFO: [copyOnlySelectedTracesToDevice:152] Copy time is 0.00274634
 INFO: [selectTracesToBeUsedForMidpoint:181] Execution time for copying traces is 0.00364709s
 INFO: [saveStatisticalResults:102] Total execution time for selecting traces is 0.0575364s
 INFO: [saveStatisticalResults:104] Total execution time for kernels is 0.0715168s
