 INFO: Number of CDPs = 445
 INFO: Number of traces in the gather = 9200
 INFO: Number of samples per trace = 2502
 INFO: Computing semblance for m0 = 0
 INFO: Total execution time for kernels is 0.00156796s
 INFO: Computing semblance for m0 = 1080
 INFO: Total execution time for kernels is 0.00238084s
 INFO: Computing semblance for m0 = 1100
 INFO: Total execution time for kernels is 0.00238432s
 INFO: Computing semblance for m0 = 1120
 INFO: Total execution time for kernels is 0.00310408s
 INFO: Computing semblance for m0 = 1140
 INFO: Total execution time for kernels is 0.00313251s
 INFO: Computing semblance for m0 = 1160
 INFO: Total execution time for kernels is 0.00399007s
 INFO: Computing semblance for m0 = 1180
 INFO: Total execution time for kernels is 0.0039085s
 INFO: Computing semblance for m0 = 1200
 INFO: Total execution time for kernels is 0.00478003s
 INFO: Computing semblance for m0 = 1220
 INFO: Total execution time for kernels is 0.00475975s
 INFO: Computing semblance for m0 = 1240
 INFO: Total execution time for kernels is 0.00554071s
 INFO: Computing semblance for m0 = 1260
 INFO: Total execution time for kernels is 0.0055417s
 INFO: Computing semblance for m0 = 1280
 INFO: Total execution time for kernels is 0.00586829s
 INFO: Computing semblance for m0 = 1300
 INFO: Total execution time for kernels is 0.00572504s
 INFO: Computing semblance for m0 = 1320
 INFO: Total execution time for kernels is 0.0065s
 INFO: Computing semblance for m0 = 1340
 INFO: Total execution time for kernels is 0.00639487s
 INFO: Computing semblance for m0 = 1360
 INFO: Total execution time for kernels is 0.0071544s
 INFO: Computing semblance for m0 = 1380
 INFO: Total execution time for kernels is 0.0070002s
 INFO: Computing semblance for m0 = 1400
 INFO: Total execution time for kernels is 0.00768338s
 INFO: Computing semblance for m0 = 1420
 INFO: Total execution time for kernels is 0.00781067s
 INFO: Computing semblance for m0 = 1440
 INFO: Total execution time for kernels is 0.00852119s
 INFO: Computing semblance for m0 = 1460
 INFO: Total execution time for kernels is 0.00858483s
 INFO: Computing semblance for m0 = 1480
 INFO: Total execution time for kernels is 0.00917256s
 INFO: Computing semblance for m0 = 1500
 INFO: Total execution time for kernels is 0.00908091s
 INFO: Computing semblance for m0 = 1520
 INFO: Total execution time for kernels is 0.00983989s
 INFO: Computing semblance for m0 = 1540
 INFO: Total execution time for kernels is 0.00978477s
 INFO: Computing semblance for m0 = 1560
 INFO: Total execution time for kernels is 0.0106186s
 INFO: Computing semblance for m0 = 1580
 INFO: Total execution time for kernels is 0.0104622s
 INFO: Computing semblance for m0 = 1600
 INFO: Total execution time for kernels is 0.00649814s
 INFO: Computing semblance for m0 = 1620
 INFO: Total execution time for kernels is 0.00612832s
 INFO: Computing semblance for m0 = 1640
 INFO: Total execution time for kernels is 0.00658162s
 INFO: Computing semblance for m0 = 1660
 INFO: Total execution time for kernels is 0.00630369s
 INFO: Computing semblance for m0 = 1680
 INFO: Total execution time for kernels is 0.00668856s
 INFO: Computing semblance for m0 = 1700
 INFO: Total execution time for kernels is 0.00659628s
 INFO: Computing semblance for m0 = 1720
 INFO: Total execution time for kernels is 0.00684349s
 INFO: Computing semblance for m0 = 1740
 INFO: Total execution time for kernels is 0.00685404s
 INFO: Computing semblance for m0 = 1760
 INFO: Total execution time for kernels is 0.00723322s
 INFO: Computing semblance for m0 = 1780
 INFO: Total execution time for kernels is 0.00729757s
 INFO: Computing semblance for m0 = 1800
 INFO: Total execution time for kernels is 0.00756632s
 INFO: Computing semblance for m0 = 1820
 INFO: Total execution time for kernels is 0.00774324s
 INFO: Computing semblance for m0 = 1840
 INFO: Total execution time for kernels is 0.00806385s
 INFO: Computing semblance for m0 = 1860
 INFO: Total execution time for kernels is 0.00806486s
 INFO: Computing semblance for m0 = 1880
 INFO: Total execution time for kernels is 0.0084726s
 INFO: Computing semblance for m0 = 1900
 INFO: Total execution time for kernels is 0.00856086s
 INFO: Computing semblance for m0 = 1920
 INFO: Total execution time for kernels is 0.00894715s
 INFO: Computing semblance for m0 = 1940
 INFO: Total execution time for kernels is 0.00875861s
 INFO: Computing semblance for m0 = 1960
 INFO: Total execution time for kernels is 0.00900026s
 INFO: Computing semblance for m0 = 1980
 INFO: Total execution time for kernels is 0.00914631s
 INFO: Computing semblance for m0 = 2000
 INFO: Total execution time for kernels is 0.00926648s
 INFO: Computing semblance for m0 = 2020
 INFO: Total execution time for kernels is 0.00927997s
 INFO: Computing semblance for m0 = 2040
 INFO: Total execution time for kernels is 0.00939927s
 INFO: Computing semblance for m0 = 2060
 INFO: Total execution time for kernels is 0.00933703s
 INFO: Computing semblance for m0 = 2080
 INFO: Total execution time for kernels is 0.0094578s
 INFO: Computing semblance for m0 = 2100
 INFO: Total execution time for kernels is 0.00935867s
 INFO: Computing semblance for m0 = 2120
 INFO: Total execution time for kernels is 0.00922656s
 INFO: Computing semblance for m0 = 2140
 INFO: Total execution time for kernels is 0.00929005s
 INFO: Computing semblance for m0 = 2160
 INFO: Total execution time for kernels is 0.00934889s
 INFO: Computing semblance for m0 = 2180
 INFO: Total execution time for kernels is 0.00900821s
 INFO: Computing semblance for m0 = 2200
 INFO: Total execution time for kernels is 0.00952859s
 INFO: Computing semblance for m0 = 2220
 INFO: Total execution time for kernels is 0.00959898s
 INFO: Computing semblance for m0 = 2240
 INFO: Total execution time for kernels is 0.00951978s
 INFO: Computing semblance for m0 = 2260
 INFO: Total execution time for kernels is 0.00939736s
 INFO: Computing semblance for m0 = 2280
 INFO: Total execution time for kernels is 0.00958614s
 INFO: Computing semblance for m0 = 2300
 INFO: Total execution time for kernels is 0.00943822s
 INFO: Computing semblance for m0 = 2320
 INFO: Total execution time for kernels is 0.00947502s
 INFO: Computing semblance for m0 = 2340
 INFO: Total execution time for kernels is 0.00938318s
 INFO: Computing semblance for m0 = 2360
 INFO: Total execution time for kernels is 0.00944712s
 INFO: Computing semblance for m0 = 2380
 INFO: Total execution time for kernels is 0.00927945s
 INFO: Computing semblance for m0 = 2400
 INFO: Total execution time for kernels is 0.00937392s
 INFO: Computing semblance for m0 = 2420
 INFO: Total execution time for kernels is 0.00933583s
 INFO: Computing semblance for m0 = 2440
 INFO: Total execution time for kernels is 0.0093845s
 INFO: Computing semblance for m0 = 2460
 INFO: Total execution time for kernels is 0.00925262s
 INFO: Computing semblance for m0 = 2480
 INFO: Total execution time for kernels is 0.00926157s
 INFO: Computing semblance for m0 = 2500
 INFO: Total execution time for kernels is 0.00936093s
 INFO: Computing semblance for m0 = 2520
 INFO: Total execution time for kernels is 0.00950381s
 INFO: Computing semblance for m0 = 2540
 INFO: Total execution time for kernels is 0.00929648s
 INFO: Computing semblance for m0 = 2560
 INFO: Total execution time for kernels is 0.00944831s
 INFO: Computing semblance for m0 = 2580
 INFO: Total execution time for kernels is 0.00944017s
 INFO: Computing semblance for m0 = 2600
 INFO: Total execution time for kernels is 0.00941392s
 INFO: Computing semblance for m0 = 2620
 INFO: Total execution time for kernels is 0.00938756s
 INFO: Computing semblance for m0 = 2640
 INFO: Total execution time for kernels is 0.00931526s
 INFO: Computing semblance for m0 = 2660
 INFO: Total execution time for kernels is 0.0094013s
 INFO: Computing semblance for m0 = 2680
 INFO: Total execution time for kernels is 0.00957574s
 INFO: Computing semblance for m0 = 2700
 INFO: Total execution time for kernels is 0.00958868s
 INFO: Computing semblance for m0 = 2720
 INFO: Total execution time for kernels is 0.00951433s
 INFO: Computing semblance for m0 = 2740
 INFO: Total execution time for kernels is 0.00927743s
 INFO: Computing semblance for m0 = 2760
 INFO: Total execution time for kernels is 0.00932059s
 INFO: Computing semblance for m0 = 2780
 INFO: Total execution time for kernels is 0.00931253s
 INFO: Computing semblance for m0 = 2800
 INFO: Total execution time for kernels is 0.00947291s
 INFO: Computing semblance for m0 = 2820
 INFO: Total execution time for kernels is 0.00954957s
 INFO: Computing semblance for m0 = 2840
 INFO: Total execution time for kernels is 0.00941267s
 INFO: Computing semblance for m0 = 2860
 INFO: Total execution time for kernels is 0.00943453s
 INFO: Computing semblance for m0 = 2880
 INFO: Total execution time for kernels is 0.00943056s
 INFO: Computing semblance for m0 = 2900
 INFO: Total execution time for kernels is 0.0093423s
 INFO: Computing semblance for m0 = 2920
 INFO: Total execution time for kernels is 0.00948152s
 INFO: Computing semblance for m0 = 2940
 INFO: Total execution time for kernels is 0.00947335s
 INFO: Computing semblance for m0 = 2960
 INFO: Total execution time for kernels is 0.00926126s
 INFO: Computing semblance for m0 = 2980
 INFO: Total execution time for kernels is 0.00933668s
 INFO: Computing semblance for m0 = 3000
 INFO: Total execution time for kernels is 0.00942781s
 INFO: Computing semblance for m0 = 3020
 INFO: Total execution time for kernels is 0.00952404s
 INFO: Computing semblance for m0 = 3040
 INFO: Total execution time for kernels is 0.00958546s
 INFO: Computing semblance for m0 = 3060
 INFO: Total execution time for kernels is 0.00964005s
 INFO: Computing semblance for m0 = 3080
 INFO: Total execution time for kernels is 0.00970968s
 INFO: Computing semblance for m0 = 3100
 INFO: Total execution time for kernels is 0.00965859s
 INFO: Computing semblance for m0 = 3120
 INFO: Total execution time for kernels is 0.00980134s
 INFO: Computing semblance for m0 = 3140
 INFO: Total execution time for kernels is 0.00962186s
 INFO: Computing semblance for m0 = 3160
 INFO: Total execution time for kernels is 0.00964618s
 INFO: Computing semblance for m0 = 3180
 INFO: Total execution time for kernels is 0.00937821s
 INFO: Computing semblance for m0 = 3200
 INFO: Total execution time for kernels is 0.00955218s
 INFO: Computing semblance for m0 = 3220
 INFO: Total execution time for kernels is 0.00953852s
 INFO: Computing semblance for m0 = 3240
 INFO: Total execution time for kernels is 0.00956317s
 INFO: Computing semblance for m0 = 3260
 INFO: Total execution time for kernels is 0.0093991s
 INFO: Computing semblance for m0 = 3280
 INFO: Total execution time for kernels is 0.00955136s
 INFO: Computing semblance for m0 = 3300
 INFO: Total execution time for kernels is 0.00939287s
 INFO: Computing semblance for m0 = 3320
 INFO: Total execution time for kernels is 0.00948993s
 INFO: Computing semblance for m0 = 3340
 INFO: Total execution time for kernels is 0.00924371s
 INFO: Computing semblance for m0 = 3360
 INFO: Total execution time for kernels is 0.00913461s
 INFO: Computing semblance for m0 = 3380
 INFO: Total execution time for kernels is 0.00919936s
 INFO: Computing semblance for m0 = 3400
 INFO: Total execution time for kernels is 0.00930848s
 INFO: Computing semblance for m0 = 3420
 INFO: Total execution time for kernels is 0.00920779s
 INFO: Computing semblance for m0 = 3440
 INFO: Total execution time for kernels is 0.00927692s
 INFO: Computing semblance for m0 = 3460
 INFO: Total execution time for kernels is 0.0094391s
 INFO: Computing semblance for m0 = 3480
 INFO: Total execution time for kernels is 0.009376s
 INFO: Computing semblance for m0 = 3500
 INFO: Total execution time for kernels is 0.00923644s
 INFO: Computing semblance for m0 = 3520
 INFO: Total execution time for kernels is 0.00930711s
 INFO: Computing semblance for m0 = 3540
 INFO: Total execution time for kernels is 0.00925119s
 INFO: Computing semblance for m0 = 3560
 INFO: Total execution time for kernels is 0.00932736s
 INFO: Computing semblance for m0 = 3580
 INFO: Total execution time for kernels is 0.00918598s
 INFO: Computing semblance for m0 = 3600
 INFO: Total execution time for kernels is 0.00933192s
 INFO: Computing semblance for m0 = 3620
 INFO: Total execution time for kernels is 0.0095785s
 INFO: Computing semblance for m0 = 3640
 INFO: Total execution time for kernels is 0.00942594s
 INFO: Computing semblance for m0 = 3660
 INFO: Total execution time for kernels is 0.00946801s
 INFO: Computing semblance for m0 = 3680
 INFO: Total execution time for kernels is 0.00941146s
 INFO: Computing semblance for m0 = 3700
 INFO: Total execution time for kernels is 0.00928988s
 INFO: Computing semblance for m0 = 3720
 INFO: Total execution time for kernels is 0.0092644s
 INFO: Computing semblance for m0 = 3740
 INFO: Total execution time for kernels is 0.00910946s
 INFO: Computing semblance for m0 = 3760
 INFO: Total execution time for kernels is 0.00911888s
 INFO: Computing semblance for m0 = 3780
 INFO: Total execution time for kernels is 0.00910948s
 INFO: Computing semblance for m0 = 3800
 INFO: Total execution time for kernels is 0.0090658s
 INFO: Computing semblance for m0 = 3820
 INFO: Total execution time for kernels is 0.00938659s
 INFO: Computing semblance for m0 = 3840
 INFO: Total execution time for kernels is 0.00950955s
 INFO: Computing semblance for m0 = 3860
 INFO: Total execution time for kernels is 0.00938642s
 INFO: Computing semblance for m0 = 3880
 INFO: Total execution time for kernels is 0.00957109s
 INFO: Computing semblance for m0 = 3900
 INFO: Total execution time for kernels is 0.00927168s
 INFO: Computing semblance for m0 = 3920
 INFO: Total execution time for kernels is 0.00943029s
 INFO: Computing semblance for m0 = 3940
 INFO: Total execution time for kernels is 0.0093987s
 INFO: Computing semblance for m0 = 3960
 INFO: Total execution time for kernels is 0.00967586s
 INFO: Computing semblance for m0 = 3980
 INFO: Total execution time for kernels is 0.00944453s
 INFO: Computing semblance for m0 = 4000
 INFO: Total execution time for kernels is 0.00947911s
 INFO: Computing semblance for m0 = 4020
 INFO: Total execution time for kernels is 0.00948629s
 INFO: Computing semblance for m0 = 4040
 INFO: Total execution time for kernels is 0.00954195s
 INFO: Computing semblance for m0 = 4060
 INFO: Total execution time for kernels is 0.00935324s
 INFO: Computing semblance for m0 = 4080
 INFO: Total execution time for kernels is 0.00958614s
 INFO: Computing semblance for m0 = 4100
 INFO: Total execution time for kernels is 0.00936813s
 INFO: Computing semblance for m0 = 4120
 INFO: Total execution time for kernels is 0.00957109s
 INFO: Computing semblance for m0 = 4140
 INFO: Total execution time for kernels is 0.00946704s
 INFO: Computing semblance for m0 = 4160
 INFO: Total execution time for kernels is 0.00950219s
 INFO: Computing semblance for m0 = 4180
 INFO: Total execution time for kernels is 0.00946309s
 INFO: Computing semblance for m0 = 4200
 INFO: Total execution time for kernels is 0.00949003s
 INFO: Computing semblance for m0 = 4220
 INFO: Total execution time for kernels is 0.00953492s
 INFO: Computing semblance for m0 = 4240
 INFO: Total execution time for kernels is 0.00938833s
 INFO: Computing semblance for m0 = 4260
 INFO: Total execution time for kernels is 0.00937354s
 INFO: Computing semblance for m0 = 4280
 INFO: Total execution time for kernels is 0.00919597s
 INFO: Computing semblance for m0 = 4300
 INFO: Total execution time for kernels is 0.00921796s
 INFO: Computing semblance for m0 = 4320
 INFO: Total execution time for kernels is 0.0093781s
 INFO: Computing semblance for m0 = 4340
 INFO: Total execution time for kernels is 0.00914818s
 INFO: Computing semblance for m0 = 4360
 INFO: Total execution time for kernels is 0.00936764s
 INFO: Computing semblance for m0 = 4380
 INFO: Total execution time for kernels is 0.00909574s
 INFO: Computing semblance for m0 = 4400
 INFO: Total execution time for kernels is 0.00933353s
 INFO: Computing semblance for m0 = 4420
 INFO: Total execution time for kernels is 0.00886685s
 INFO: Computing semblance for m0 = 4440
 INFO: Total execution time for kernels is 0.00952732s
 INFO: Computing semblance for m0 = 4460
 INFO: Total execution time for kernels is 0.00962351s
 INFO: Computing semblance for m0 = 4480
 INFO: Total execution time for kernels is 0.00944525s
 INFO: Computing semblance for m0 = 4500
 INFO: Total execution time for kernels is 0.00960523s
 INFO: Computing semblance for m0 = 4520
 INFO: Total execution time for kernels is 0.00956203s
 INFO: Computing semblance for m0 = 4540
 INFO: Total execution time for kernels is 0.00949094s
 INFO: Computing semblance for m0 = 4560
 INFO: Total execution time for kernels is 0.00967439s
 INFO: Computing semblance for m0 = 4580
 INFO: Total execution time for kernels is 0.00951836s
 INFO: Computing semblance for m0 = 4600
 INFO: Total execution time for kernels is 0.00950851s
 INFO: Computing semblance for m0 = 4620
 INFO: Total execution time for kernels is 0.0094576s
 INFO: Computing semblance for m0 = 4640
 INFO: Total execution time for kernels is 0.0095515s
 INFO: Computing semblance for m0 = 4660
 INFO: Total execution time for kernels is 0.00948624s
 INFO: Computing semblance for m0 = 4680
 INFO: Total execution time for kernels is 0.00950325s
 INFO: Computing semblance for m0 = 4700
 INFO: Total execution time for kernels is 0.00941561s
 INFO: Computing semblance for m0 = 4720
 INFO: Total execution time for kernels is 0.0095549s
 INFO: Computing semblance for m0 = 4740
 INFO: Total execution time for kernels is 0.00943226s
 INFO: Computing semblance for m0 = 4760
 INFO: Total execution time for kernels is 0.00918858s
 INFO: Computing semblance for m0 = 4780
 INFO: Total execution time for kernels is 0.00959858s
 INFO: Computing semblance for m0 = 4800
 INFO: Total execution time for kernels is 0.00965277s
 INFO: Computing semblance for m0 = 4820
 INFO: Total execution time for kernels is 0.0093497s
 INFO: Computing semblance for m0 = 4840
 INFO: Total execution time for kernels is 0.0094822s
 INFO: Computing semblance for m0 = 4860
 INFO: Total execution time for kernels is 0.00931736s
 INFO: Computing semblance for m0 = 4880
 INFO: Total execution time for kernels is 0.00938581s
 INFO: Computing semblance for m0 = 4900
 INFO: Total execution time for kernels is 0.00954796s
 INFO: Computing semblance for m0 = 4920
 INFO: Total execution time for kernels is 0.00951937s
 INFO: Computing semblance for m0 = 4940
 INFO: Total execution time for kernels is 0.00939875s
 INFO: Computing semblance for m0 = 4960
 INFO: Total execution time for kernels is 0.00955639s
 INFO: Computing semblance for m0 = 4980
 INFO: Total execution time for kernels is 0.00936938s
 INFO: Computing semblance for m0 = 5000
 INFO: Total execution time for kernels is 0.00961008s
 INFO: Computing semblance for m0 = 5020
 INFO: Total execution time for kernels is 0.00932543s
 INFO: Computing semblance for m0 = 5040
 INFO: Total execution time for kernels is 0.00925199s
 INFO: Computing semblance for m0 = 5060
 INFO: Total execution time for kernels is 0.00936956s
 INFO: Computing semblance for m0 = 5080
 INFO: Total execution time for kernels is 0.00933973s
 INFO: Computing semblance for m0 = 5100
 INFO: Total execution time for kernels is 0.00949287s
 INFO: Computing semblance for m0 = 5120
 INFO: Total execution time for kernels is 0.0095668s
 INFO: Computing semblance for m0 = 5140
 INFO: Total execution time for kernels is 0.00943668s
 INFO: Computing semblance for m0 = 5160
 INFO: Total execution time for kernels is 0.00940724s
 INFO: Computing semblance for m0 = 5180
 INFO: Total execution time for kernels is 0.00943423s
 INFO: Computing semblance for m0 = 5200
 INFO: Total execution time for kernels is 0.00953697s
 INFO: Computing semblance for m0 = 5220
 INFO: Total execution time for kernels is 0.00937049s
 INFO: Computing semblance for m0 = 5240
 INFO: Total execution time for kernels is 0.00944353s
 INFO: Computing semblance for m0 = 5260
 INFO: Total execution time for kernels is 0.00919014s
 INFO: Computing semblance for m0 = 5280
 INFO: Total execution time for kernels is 0.00919384s
 INFO: Computing semblance for m0 = 5300
 INFO: Total execution time for kernels is 0.0092512s
 INFO: Computing semblance for m0 = 5320
 INFO: Total execution time for kernels is 0.00932721s
 INFO: Computing semblance for m0 = 5340
 INFO: Total execution time for kernels is 0.00940641s
 INFO: Computing semblance for m0 = 5360
 INFO: Total execution time for kernels is 0.00944796s
 INFO: Computing semblance for m0 = 5380
 INFO: Total execution time for kernels is 0.00928867s
 INFO: Computing semblance for m0 = 5400
 INFO: Total execution time for kernels is 0.00948031s
 INFO: Computing semblance for m0 = 5420
 INFO: Total execution time for kernels is 0.00951646s
 INFO: Computing semblance for m0 = 5440
 INFO: Total execution time for kernels is 0.00943329s
 INFO: Computing semblance for m0 = 5460
 INFO: Total execution time for kernels is 0.00958525s
 INFO: Computing semblance for m0 = 5480
 INFO: Total execution time for kernels is 0.00958441s
 INFO: Computing semblance for m0 = 5500
 INFO: Total execution time for kernels is 0.00894039s
 INFO: Computing semblance for m0 = 5520
 INFO: Total execution time for kernels is 0.0091505s
 INFO: Computing semblance for m0 = 5540
 INFO: Total execution time for kernels is 0.00910194s
 INFO: Computing semblance for m0 = 5560
 INFO: Total execution time for kernels is 0.00975414s
 INFO: Computing semblance for m0 = 5580
 INFO: Total execution time for kernels is 0.00968467s
 INFO: Computing semblance for m0 = 5600
 INFO: Total execution time for kernels is 0.00966926s
 INFO: Computing semblance for m0 = 5620
 INFO: Total execution time for kernels is 0.00977223s
 INFO: Computing semblance for m0 = 5640
 INFO: Total execution time for kernels is 0.009494s
 INFO: Computing semblance for m0 = 5660
 INFO: Total execution time for kernels is 0.00940264s
 INFO: Computing semblance for m0 = 5680
 INFO: Total execution time for kernels is 0.00952975s
 INFO: Computing semblance for m0 = 5700
 INFO: Total execution time for kernels is 0.0095424s
 INFO: Computing semblance for m0 = 5720
 INFO: Total execution time for kernels is 0.00955998s
 INFO: Computing semblance for m0 = 5740
 INFO: Total execution time for kernels is 0.00956955s
 INFO: Computing semblance for m0 = 5760
 INFO: Total execution time for kernels is 0.0096157s
 INFO: Computing semblance for m0 = 5780
 INFO: Total execution time for kernels is 0.00935374s
 INFO: Computing semblance for m0 = 5800
 INFO: Total execution time for kernels is 0.00960549s
 INFO: Computing semblance for m0 = 5820
 INFO: Total execution time for kernels is 0.00966498s
 INFO: Computing semblance for m0 = 5840
 INFO: Total execution time for kernels is 0.00965293s
 INFO: Computing semblance for m0 = 5860
 INFO: Total execution time for kernels is 0.00938432s
 INFO: Computing semblance for m0 = 5880
 INFO: Total execution time for kernels is 0.00932201s
 INFO: Computing semblance for m0 = 5900
 INFO: Total execution time for kernels is 0.00942261s
 INFO: Computing semblance for m0 = 5920
 INFO: Total execution time for kernels is 0.00954781s
 INFO: Computing semblance for m0 = 5940
 INFO: Total execution time for kernels is 0.00946565s
 INFO: Computing semblance for m0 = 5960
 INFO: Total execution time for kernels is 0.00930067s
 INFO: Computing semblance for m0 = 5980
 INFO: Total execution time for kernels is 0.00926923s
 INFO: Computing semblance for m0 = 6000
 INFO: Total execution time for kernels is 0.00929641s
 INFO: Computing semblance for m0 = 6020
 INFO: Total execution time for kernels is 0.00908952s
 INFO: Computing semblance for m0 = 6040
 INFO: Total execution time for kernels is 0.00931779s
 INFO: Computing semblance for m0 = 6060
 INFO: Total execution time for kernels is 0.00913336s
 INFO: Computing semblance for m0 = 6080
 INFO: Total execution time for kernels is 0.00923172s
 INFO: Computing semblance for m0 = 6100
 INFO: Total execution time for kernels is 0.00944367s
 INFO: Computing semblance for m0 = 6120
 INFO: Total execution time for kernels is 0.00968248s
 INFO: Computing semblance for m0 = 6140
 INFO: Total execution time for kernels is 0.00967377s
 INFO: Computing semblance for m0 = 6160
 INFO: Total execution time for kernels is 0.00973662s
 INFO: Computing semblance for m0 = 6180
 INFO: Total execution time for kernels is 0.00968054s
 INFO: Computing semblance for m0 = 6200
 INFO: Total execution time for kernels is 0.0095523s
 INFO: Computing semblance for m0 = 6220
 INFO: Total execution time for kernels is 0.00933853s
 INFO: Computing semblance for m0 = 6240
 INFO: Total execution time for kernels is 0.00944876s
 INFO: Computing semblance for m0 = 6260
 INFO: Total execution time for kernels is 0.00930157s
 INFO: Computing semblance for m0 = 6280
 INFO: Total execution time for kernels is 0.0092017s
 INFO: Computing semblance for m0 = 6300
 INFO: Total execution time for kernels is 0.00933718s
 INFO: Computing semblance for m0 = 6320
 INFO: Total execution time for kernels is 0.00921565s
 INFO: Computing semblance for m0 = 6340
 INFO: Total execution time for kernels is 0.00935371s
 INFO: Computing semblance for m0 = 6360
 INFO: Total execution time for kernels is 0.00965977s
 INFO: Computing semblance for m0 = 6380
 INFO: Total execution time for kernels is 0.00942451s
 INFO: Computing semblance for m0 = 6400
 INFO: Total execution time for kernels is 0.00948667s
 INFO: Computing semblance for m0 = 6420
 INFO: Total execution time for kernels is 0.00936892s
 INFO: Computing semblance for m0 = 6440
 INFO: Total execution time for kernels is 0.00951131s
 INFO: Computing semblance for m0 = 6460
 INFO: Total execution time for kernels is 0.00952274s
 INFO: Computing semblance for m0 = 6480
 INFO: Total execution time for kernels is 0.00946704s
 INFO: Computing semblance for m0 = 6500
 INFO: Total execution time for kernels is 0.00938908s
 INFO: Computing semblance for m0 = 6520
 INFO: Total execution time for kernels is 0.00953467s
 INFO: Computing semblance for m0 = 6540
 INFO: Total execution time for kernels is 0.00949855s
 INFO: Computing semblance for m0 = 6560
 INFO: Total execution time for kernels is 0.00950501s
 INFO: Computing semblance for m0 = 6580
 INFO: Total execution time for kernels is 0.0091458s
 INFO: Computing semblance for m0 = 6600
 INFO: Total execution time for kernels is 0.00914891s
 INFO: Computing semblance for m0 = 6620
 INFO: Total execution time for kernels is 0.00915943s
 INFO: Computing semblance for m0 = 6640
 INFO: Total execution time for kernels is 0.00926227s
 INFO: Computing semblance for m0 = 6660
 INFO: Total execution time for kernels is 0.00939533s
 INFO: Computing semblance for m0 = 6680
 INFO: Total execution time for kernels is 0.00979617s
 INFO: Computing semblance for m0 = 6700
 INFO: Total execution time for kernels is 0.00960579s
 INFO: Computing semblance for m0 = 6720
 INFO: Total execution time for kernels is 0.00949995s
 INFO: Computing semblance for m0 = 6740
 INFO: Total execution time for kernels is 0.00929754s
 INFO: Computing semblance for m0 = 6760
 INFO: Total execution time for kernels is 0.00947348s
 INFO: Computing semblance for m0 = 6780
 INFO: Total execution time for kernels is 0.00927204s
 INFO: Computing semblance for m0 = 6800
 INFO: Total execution time for kernels is 0.0093114s
 INFO: Computing semblance for m0 = 6820
 INFO: Total execution time for kernels is 0.00933647s
 INFO: Computing semblance for m0 = 6840
 INFO: Total execution time for kernels is 0.00956995s
 INFO: Computing semblance for m0 = 6860
 INFO: Total execution time for kernels is 0.00937064s
 INFO: Computing semblance for m0 = 6880
 INFO: Total execution time for kernels is 0.00943895s
 INFO: Computing semblance for m0 = 6900
 INFO: Total execution time for kernels is 0.0095319s
 INFO: Computing semblance for m0 = 6920
 INFO: Total execution time for kernels is 0.0092619s
 INFO: Computing semblance for m0 = 6940
 INFO: Total execution time for kernels is 0.00948949s
 INFO: Computing semblance for m0 = 6960
 INFO: Total execution time for kernels is 0.00928603s
 INFO: Computing semblance for m0 = 6980
 INFO: Total execution time for kernels is 0.00907986s
 INFO: Computing semblance for m0 = 7000
 INFO: Total execution time for kernels is 0.00901496s
 INFO: Computing semblance for m0 = 7020
 INFO: Total execution time for kernels is 0.00944574s
 INFO: Computing semblance for m0 = 7040
 INFO: Total execution time for kernels is 0.00957461s
 INFO: Computing semblance for m0 = 7060
 INFO: Total execution time for kernels is 0.00948962s
 INFO: Computing semblance for m0 = 7080
 INFO: Total execution time for kernels is 0.00948466s
 INFO: Computing semblance for m0 = 7100
 INFO: Total execution time for kernels is 0.00923601s
 INFO: Computing semblance for m0 = 7120
 INFO: Total execution time for kernels is 0.00939147s
 INFO: Computing semblance for m0 = 7140
 INFO: Total execution time for kernels is 0.00936532s
 INFO: Computing semblance for m0 = 7160
 INFO: Total execution time for kernels is 0.00963733s
 INFO: Computing semblance for m0 = 7180
 INFO: Total execution time for kernels is 0.00928491s
 INFO: Computing semblance for m0 = 7200
 INFO: Total execution time for kernels is 0.00930418s
 INFO: Computing semblance for m0 = 7220
 INFO: Total execution time for kernels is 0.00928401s
 INFO: Computing semblance for m0 = 7240
 INFO: Total execution time for kernels is 0.00952605s
 INFO: Computing semblance for m0 = 7260
 INFO: Total execution time for kernels is 0.00952178s
 INFO: Computing semblance for m0 = 7280
 INFO: Total execution time for kernels is 0.00955128s
 INFO: Computing semblance for m0 = 7300
 INFO: Total execution time for kernels is 0.00935045s
 INFO: Computing semblance for m0 = 7320
 INFO: Total execution time for kernels is 0.00953438s
 INFO: Computing semblance for m0 = 7340
 INFO: Total execution time for kernels is 0.00944356s
 INFO: Computing semblance for m0 = 7360
 INFO: Total execution time for kernels is 0.00954425s
 INFO: Computing semblance for m0 = 7380
 INFO: Total execution time for kernels is 0.00943951s
 INFO: Computing semblance for m0 = 7400
 INFO: Total execution time for kernels is 0.00915299s
 INFO: Computing semblance for m0 = 7420
 INFO: Total execution time for kernels is 0.00915155s
 INFO: Computing semblance for m0 = 7440
 INFO: Total execution time for kernels is 0.00910405s
 INFO: Computing semblance for m0 = 7460
 INFO: Total execution time for kernels is 0.00950245s
 INFO: Computing semblance for m0 = 7480
 INFO: Total execution time for kernels is 0.00945735s
 INFO: Computing semblance for m0 = 7500
 INFO: Total execution time for kernels is 0.00949216s
 INFO: Computing semblance for m0 = 7520
 INFO: Total execution time for kernels is 0.00945396s
 INFO: Computing semblance for m0 = 7540
 INFO: Total execution time for kernels is 0.00949386s
 INFO: Computing semblance for m0 = 7560
 INFO: Total execution time for kernels is 0.00933265s
 INFO: Computing semblance for m0 = 7580
 INFO: Total execution time for kernels is 0.00938927s
 INFO: Computing semblance for m0 = 7600
 INFO: Total execution time for kernels is 0.00948569s
 INFO: Computing semblance for m0 = 7620
 INFO: Total execution time for kernels is 0.00950598s
 INFO: Computing semblance for m0 = 7640
 INFO: Total execution time for kernels is 0.00964113s
 INFO: Computing semblance for m0 = 7660
 INFO: Total execution time for kernels is 0.00944696s
 INFO: Computing semblance for m0 = 7680
 INFO: Total execution time for kernels is 0.009577s
 INFO: Computing semblance for m0 = 7700
 INFO: Total execution time for kernels is 0.00937502s
 INFO: Computing semblance for m0 = 7720
 INFO: Total execution time for kernels is 0.00939582s
 INFO: Computing semblance for m0 = 7740
 INFO: Total execution time for kernels is 0.00932449s
 INFO: Computing semblance for m0 = 7760
 INFO: Total execution time for kernels is 0.00941478s
 INFO: Computing semblance for m0 = 7780
 INFO: Total execution time for kernels is 0.00925559s
 INFO: Computing semblance for m0 = 7800
 INFO: Total execution time for kernels is 0.00914541s
 INFO: Computing semblance for m0 = 7820
 INFO: Total execution time for kernels is 0.00911466s
 INFO: Computing semblance for m0 = 7840
 INFO: Total execution time for kernels is 0.00926983s
 INFO: Computing semblance for m0 = 7860
 INFO: Total execution time for kernels is 0.00949105s
 INFO: Computing semblance for m0 = 7880
 INFO: Total execution time for kernels is 0.00947779s
 INFO: Computing semblance for m0 = 7900
 INFO: Total execution time for kernels is 0.00948814s
 INFO: Computing semblance for m0 = 7920
 INFO: Total execution time for kernels is 0.00945858s
 INFO: Computing semblance for m0 = 7940
 INFO: Total execution time for kernels is 0.0093157s
 INFO: Computing semblance for m0 = 7960
 INFO: Total execution time for kernels is 0.00927289s
 INFO: Computing semblance for m0 = 7980
 INFO: Total execution time for kernels is 0.00927901s
 INFO: Computing semblance for m0 = 8000
 INFO: Total execution time for kernels is 0.00925791s
 INFO: Computing semblance for m0 = 8020
 INFO: Total execution time for kernels is 0.00922235s
 INFO: Computing semblance for m0 = 8040
 INFO: Total execution time for kernels is 0.0093433s
 INFO: Computing semblance for m0 = 8060
 INFO: Total execution time for kernels is 0.00936659s
 INFO: Computing semblance for m0 = 8080
 INFO: Total execution time for kernels is 0.00965254s
 INFO: Computing semblance for m0 = 8100
 INFO: Total execution time for kernels is 0.00955182s
 INFO: Computing semblance for m0 = 8120
 INFO: Total execution time for kernels is 0.00964244s
 INFO: Computing semblance for m0 = 8140
 INFO: Total execution time for kernels is 0.00959061s
 INFO: Computing semblance for m0 = 8160
 INFO: Total execution time for kernels is 0.00937952s
 INFO: Computing semblance for m0 = 8180
 INFO: Total execution time for kernels is 0.00936356s
 INFO: Computing semblance for m0 = 8200
 INFO: Total execution time for kernels is 0.00941825s
 INFO: Computing semblance for m0 = 8220
 INFO: Total execution time for kernels is 0.00921634s
 INFO: Computing semblance for m0 = 8240
 INFO: Total execution time for kernels is 0.00917004s
 INFO: Computing semblance for m0 = 8260
 INFO: Total execution time for kernels is 0.00902983s
 INFO: Computing semblance for m0 = 8280
 INFO: Total execution time for kernels is 0.00901423s
 INFO: Computing semblance for m0 = 8300
 INFO: Total execution time for kernels is 0.00927046s
 INFO: Computing semblance for m0 = 8320
 INFO: Total execution time for kernels is 0.00951755s
 INFO: Computing semblance for m0 = 8340
 INFO: Total execution time for kernels is 0.00934628s
 INFO: Computing semblance for m0 = 8360
 INFO: Total execution time for kernels is 0.00946827s
 INFO: Computing semblance for m0 = 8380
 INFO: Total execution time for kernels is 0.00937721s
 INFO: Computing semblance for m0 = 8400
 INFO: Total execution time for kernels is 0.009232s
 INFO: Computing semblance for m0 = 8420
 INFO: Total execution time for kernels is 0.00900621s
 INFO: Computing semblance for m0 = 8440
 INFO: Total execution time for kernels is 0.00903252s
 INFO: Computing semblance for m0 = 8460
 INFO: Total execution time for kernels is 0.00924739s
 INFO: Computing semblance for m0 = 8480
 INFO: Total execution time for kernels is 0.00952141s
 INFO: Computing semblance for m0 = 8500
 INFO: Total execution time for kernels is 0.00955211s
 INFO: Computing semblance for m0 = 8520
 INFO: Total execution time for kernels is 0.00941198s
 INFO: Computing semblance for m0 = 8540
 INFO: Total execution time for kernels is 0.00956195s
 INFO: Computing semblance for m0 = 8560
 INFO: Total execution time for kernels is 0.00934749s
 INFO: Computing semblance for m0 = 8580
 INFO: Total execution time for kernels is 0.00948355s
 INFO: Computing semblance for m0 = 8600
 INFO: Total execution time for kernels is 0.00971104s
 INFO: Computing semblance for m0 = 8620
 INFO: Total execution time for kernels is 0.00937883s
 INFO: Computing semblance for m0 = 8640
 INFO: Total execution time for kernels is 0.00955829s
 INFO: Computing semblance for m0 = 8660
 INFO: Total execution time for kernels is 0.00949369s
 INFO: Computing semblance for m0 = 8680
 INFO: Total execution time for kernels is 0.00949236s
 INFO: Computing semblance for m0 = 8700
 INFO: Total execution time for kernels is 0.00928547s
 INFO: Computing semblance for m0 = 8720
 INFO: Total execution time for kernels is 0.00924679s
 INFO: Computing semblance for m0 = 8740
 INFO: Total execution time for kernels is 0.00945255s
 INFO: Computing semblance for m0 = 8760
 INFO: Total execution time for kernels is 0.00941462s
 INFO: Computing semblance for m0 = 8780
 INFO: Total execution time for kernels is 0.00945999s
 INFO: Computing semblance for m0 = 8800
 INFO: Total execution time for kernels is 0.00943117s
 INFO: Computing semblance for m0 = 8820
 INFO: Total execution time for kernels is 0.00939773s
 INFO: Computing semblance for m0 = 8840
 INFO: Total execution time for kernels is 0.00943431s
 INFO: Computing semblance for m0 = 8860
 INFO: Total execution time for kernels is 0.00928397s
 INFO: Computing semblance for m0 = 8880
 INFO: Total execution time for kernels is 0.00946033s
 INFO: Computing semblance for m0 = 8900
 INFO: Total execution time for kernels is 0.00914077s
 INFO: Computing semblance for m0 = 8920
 INFO: Total execution time for kernels is 0.0091889s
 INFO: Computing semblance for m0 = 8940
 INFO: Total execution time for kernels is 0.00902512s
 INFO: Computing semblance for m0 = 8960
 INFO: Total execution time for kernels is 0.00931258s
 INFO: Computing semblance for m0 = 8980
 INFO: Total execution time for kernels is 0.00933679s
 INFO: Computing semblance for m0 = 9000
 INFO: Total execution time for kernels is 0.00956244s
 INFO: Computing semblance for m0 = 9020
 INFO: Total execution time for kernels is 0.00961926s
 INFO: Computing semblance for m0 = 9040
 INFO: Total execution time for kernels is 0.00967773s
 INFO: Computing semblance for m0 = 9060
 INFO: Total execution time for kernels is 0.00950085s
 INFO: Computing semblance for m0 = 9080
 INFO: Total execution time for kernels is 0.00906965s
 INFO: Computing semblance for m0 = 9100
 INFO: Total execution time for kernels is 0.0090411s
 INFO: Computing semblance for m0 = 9120
 INFO: Total execution time for kernels is 0.00856817s
 INFO: Computing semblance for m0 = 9140
 INFO: Total execution time for kernels is 0.00860372s
 INFO: Computing semblance for m0 = 9160
 INFO: Total execution time for kernels is 0.00821025s
 INFO: Computing semblance for m0 = 9180
 INFO: Total execution time for kernels is 0.00817604s
 INFO: Computing semblance for m0 = 9200
 INFO: Total execution time for kernels is 0.00776593s
 INFO: Computing semblance for m0 = 9220
 INFO: Total execution time for kernels is 0.00768299s
 INFO: Computing semblance for m0 = 9240
 INFO: Total execution time for kernels is 0.00733304s
 INFO: Computing semblance for m0 = 9260
 INFO: Total execution time for kernels is 0.00715669s
 INFO: Computing semblance for m0 = 9280
 INFO: Total execution time for kernels is 0.00683807s
 INFO: Computing semblance for m0 = 9300
 INFO: Total execution time for kernels is 0.00667845s
 INFO: Computing semblance for m0 = 9320
 INFO: Total execution time for kernels is 0.00634322s
 INFO: Computing semblance for m0 = 9340
 INFO: Total execution time for kernels is 0.00631487s
 INFO: Computing semblance for m0 = 9360
 INFO: Total execution time for kernels is 0.00592364s
 INFO: Computing semblance for m0 = 9380
 INFO: Total execution time for kernels is 0.00590316s
 INFO: Computing semblance for m0 = 9400
 INFO: Total execution time for kernels is 0.00560467s
 INFO: Computing semblance for m0 = 9420
 INFO: Total execution time for kernels is 0.00555874s
 INFO: Computing semblance for m0 = 9440
 INFO: Total execution time for kernels is 0.00520196s
 INFO: Computing semblance for m0 = 9460
 INFO: Total execution time for kernels is 0.00516091s
 INFO: Computing semblance for m0 = 9480
 INFO: Total execution time for kernels is 0.00485151s
 INFO: Computing semblance for m0 = 9500
 INFO: Total execution time for kernels is 0.00482732s
 INFO: Computing semblance for m0 = 9520
 INFO: Total execution time for kernels is 0.00446868s
 INFO: Computing semblance for m0 = 9540
 INFO: Total execution time for kernels is 0.00443795s
 INFO: Computing semblance for m0 = 9560
 INFO: Total execution time for kernels is 0.00415763s
 INFO: Computing semblance for m0 = 9580
 INFO: Total execution time for kernels is 0.00413431s
 INFO: Computing semblance for m0 = 9600
 INFO: Total execution time for kernels is 0.0038293s
 INFO: Computing semblance for m0 = 9620
 INFO: Total execution time for kernels is 0.00381117s
 INFO: Computing semblance for m0 = 9640
 INFO: Total execution time for kernels is 0.00355926s
 INFO: Computing semblance for m0 = 9660
 INFO: Total execution time for kernels is 0.00355543s
 INFO: Computing semblance for m0 = 9680
 INFO: Total execution time for kernels is 0.00330412s
 INFO: Computing semblance for m0 = 9700
 INFO: Total execution time for kernels is 0.00328058s
 INFO: Computing semblance for m0 = 9720
 INFO: Total execution time for kernels is 0.003056s
 INFO: Computing semblance for m0 = 9740
 INFO: Total execution time for kernels is 0.00300918s
 INFO: Computing semblance for m0 = 9760
 INFO: Total execution time for kernels is 0.00277422s
 INFO: Computing semblance for m0 = 9780
 INFO: Total execution time for kernels is 0.00278645s
 INFO: Computing semblance for m0 = 9800
 INFO: Total execution time for kernels is 0.00258284s
 INFO: Computing semblance for m0 = 9820
 INFO: Total execution time for kernels is 0.00257121s
 INFO: Computing semblance for m0 = 9840
 INFO: Total execution time for kernels is 0.00240339s
 INFO: Computing semblance for m0 = 9860
 INFO: Total execution time for kernels is 0.0024138s
 INFO: Computing semblance for m0 = 9880
 INFO: Total execution time for kernels is 0.00223566s
 INFO: Computing semblance for m0 = 9900
 INFO: Total execution time for kernels is 0.00225492s
 INFO: Computing semblance for m0 = 9920
 INFO: Total execution time for kernels is 0.00208472s
 INFO: Computing semblance for m0 = 9940
 INFO: Total execution time for kernels is 0.00207748s
 INFO: Average of efficiency is 1
 INFO: Average of interpolations_per_sec is 1.131e+11
 INFO: Average of selected_traces is 20.6742
 INFO: Average of total_selection_kernel_exec_time is 0.00027662
 INFO: Average of total_kernel_exec_time is 0.00870189
 INFO: Results written to /home/ubuntu/nfs/out/0447d1c_g4dn.xlarge/cmp/de/cuda/simple-synthetic_3/simple-synthetic_de_cmp_20201231_2117/
 INFO: It took 6.58946s to compute.
