 INFO: Number of CDPs = 445
 INFO: Number of traces in the gather = 9200
 INFO: Number of samples per trace = 2502
 INFO: Starting worker threads...
 INFO: Computing semblance for m0 = 0
 INFO: No trace has been selected for m0 = 0. Skipping.
 INFO: Computing semblance for m0 = 1080
 INFO: Total execution time for kernels is 1.9306e-05s
 INFO: Computing semblance for m0 = 1100
 INFO: Total execution time for kernels is 0.00722789s
 INFO: Computing semblance for m0 = 1120
 INFO: Total execution time for kernels is 0.00719823s
 INFO: Computing semblance for m0 = 1140
 INFO: Computing semblance for m0 = 1160
 INFO: Computing semblance for m0 = 1180
 INFO: Computing semblance for m0 = 1200
 INFO: Computing semblance for m0 = 1220
 INFO: Computing semblance for m0 = 1240
 INFO: Computing semblance for m0 = 1260
 INFO: Total execution time for kernels is 0.00934908s
 INFO: Computing semblance for m0 = 1280
 INFO: Total execution time for kernels is 0.00934096s
 INFO: Computing semblance for m0 = 1300
 INFO: Total execution time for kernels is 0.0115485s
 INFO: Computing semblance for m0 = 1320
 INFO: Total execution time for kernels is 0.011572s
 INFO: Computing semblance for m0 = 1340
 INFO: Total execution time for kernels is 0.013736s
 INFO: Computing semblance for m0 = 1360
 INFO: Total execution time for kernels is 0.0138363s
 INFO: Computing semblance for m0 = 1380
 INFO: Total execution time for kernels is 0.0165647s
 INFO: Computing semblance for m0 = 1400
 INFO: Total execution time for kernels is 0.0159093s
 INFO: Computing semblance for m0 = 1420
 INFO: Total execution time for kernels is 0.0178922s
 INFO: Computing semblance for m0 = 1440
 INFO: Total execution time for kernels is 0.0178157s
 INFO: Computing semblance for m0 = 1460
 INFO: Total execution time for kernels is 0.0199691s
 INFO: Computing semblance for m0 = 1480
 INFO: Total execution time for kernels is 0.0202248s
 INFO: Computing semblance for m0 = 1500
 INFO: Total execution time for kernels is 0.0222798s
 INFO: Computing semblance for m0 = 1520
 INFO: Total execution time for kernels is 0.022043s
 INFO: Computing semblance for m0 = 1540
 INFO: Total execution time for kernels is 0.0245592s
 INFO: Computing semblance for m0 = 1560
 INFO: Total execution time for kernels is 0.0252547s
 INFO: Computing semblance for m0 = 1580
 INFO: Total execution time for kernels is 0.0263145s
 INFO: Computing semblance for m0 = 1600
 INFO: Total execution time for kernels is 0.0263172s
 INFO: Computing semblance for m0 = 1620
 INFO: Total execution time for kernels is 0.0288309s
 INFO: Computing semblance for m0 = 1640
 INFO: Total execution time for kernels is 0.0289808s
 INFO: Computing semblance for m0 = 1660
 INFO: Total execution time for kernels is 0.0310442s
 INFO: Computing semblance for m0 = 1680
 INFO: Total execution time for kernels is 0.0306554s
 INFO: Computing semblance for m0 = 1700
 INFO: Total execution time for kernels is 0.0334319s
 INFO: Computing semblance for m0 = 1720
 INFO: Total execution time for kernels is 0.0344037s
 INFO: Computing semblance for m0 = 1740
 INFO: Total execution time for kernels is 0.0349034s
 INFO: Computing semblance for m0 = 1760
 INFO: Total execution time for kernels is 0.0349606s
 INFO: Computing semblance for m0 = 1780
 INFO: Total execution time for kernels is 0.0377244s
 INFO: Computing semblance for m0 = 1800
 INFO: Total execution time for kernels is 0.0378122s
 INFO: Computing semblance for m0 = 1820
 INFO: Total execution time for kernels is 0.0392787s
 INFO: Computing semblance for m0 = 1840
 INFO: Total execution time for kernels is 0.0401423s
 INFO: Computing semblance for m0 = 1860
 INFO: Total execution time for kernels is 0.0421471s
 INFO: Computing semblance for m0 = 1880
 INFO: Total execution time for kernels is 0.0434272s
 INFO: Computing semblance for m0 = 1900
 INFO: Total execution time for kernels is 0.0435984s
 INFO: Computing semblance for m0 = 1920
 INFO: Total execution time for kernels is 0.0438092s
 INFO: Computing semblance for m0 = 1940
 INFO: Total execution time for kernels is 0.0464019s
 INFO: Computing semblance for m0 = 1960
 INFO: Total execution time for kernels is 0.0468547s
 INFO: Computing semblance for m0 = 1980
 INFO: Total execution time for kernels is 0.0478492s
 INFO: Computing semblance for m0 = 2000
 INFO: Total execution time for kernels is 0.0483061s
 INFO: Computing semblance for m0 = 2020
 INFO: Total execution time for kernels is 0.0492197s
 INFO: Computing semblance for m0 = 2040
 INFO: Total execution time for kernels is 0.0491518s
 INFO: Computing semblance for m0 = 2060
 INFO: Total execution time for kernels is 0.0498627s
 INFO: Computing semblance for m0 = 2080
 INFO: Total execution time for kernels is 0.0522244s
 INFO: Computing semblance for m0 = 2100
 INFO: Total execution time for kernels is 0.049623s
 INFO: Computing semblance for m0 = 2120
 INFO: Total execution time for kernels is 0.0539183s
 INFO: Computing semblance for m0 = 2140
 INFO: Total execution time for kernels is 0.0488606s
 INFO: Computing semblance for m0 = 2160
 INFO: Total execution time for kernels is 0.0489198s
 INFO: Computing semblance for m0 = 2180
 INFO: Total execution time for kernels is 0.0490234s
 INFO: Computing semblance for m0 = 2200
 INFO: Total execution time for kernels is 0.0501145s
 INFO: Computing semblance for m0 = 2220
 INFO: Total execution time for kernels is 0.0479513s
 INFO: Computing semblance for m0 = 2240
 INFO: Total execution time for kernels is 0.0478246s
 INFO: Computing semblance for m0 = 2260
 INFO: Total execution time for kernels is 0.04876s
 INFO: Computing semblance for m0 = 2280
 INFO: Total execution time for kernels is 0.0487978s
 INFO: Computing semblance for m0 = 2300
 INFO: Total execution time for kernels is 0.0480212s
 INFO: Computing semblance for m0 = 2320
 INFO: Total execution time for kernels is 0.0489789s
 INFO: Computing semblance for m0 = 2340
 INFO: Total execution time for kernels is 0.048969s
 INFO: Computing semblance for m0 = 2360
 INFO: Total execution time for kernels is 0.0501078s
 INFO: Computing semblance for m0 = 2380
 INFO: Total execution time for kernels is 0.0479353s
 INFO: Computing semblance for m0 = 2400
 INFO: Total execution time for kernels is 0.0481139s
 INFO: Computing semblance for m0 = 2420
 INFO: Total execution time for kernels is 0.0486804s
 INFO: Computing semblance for m0 = 2440
 INFO: Total execution time for kernels is 0.0488192s
 INFO: Computing semblance for m0 = 2460
 INFO: Total execution time for kernels is 0.0479277s
 INFO: Computing semblance for m0 = 2480
 INFO: Total execution time for kernels is 0.0482994s
 INFO: Computing semblance for m0 = 2500
 INFO: Total execution time for kernels is 0.0479014s
 INFO: Computing semblance for m0 = 2520
 INFO: Total execution time for kernels is 0.0484649s
 INFO: Computing semblance for m0 = 2540
 INFO: Total execution time for kernels is 0.0470514s
 INFO: Computing semblance for m0 = 2560
 INFO: Total execution time for kernels is 0.0477995s
 INFO: Computing semblance for m0 = 2580
 INFO: Total execution time for kernels is 0.0463188s
 INFO: Computing semblance for m0 = 2600
 INFO: Total execution time for kernels is 0.0453654s
 INFO: Computing semblance for m0 = 2620
 INFO: Total execution time for kernels is 0.0480479s
 INFO: Computing semblance for m0 = 2640
 INFO: Total execution time for kernels is 0.0463231s
 INFO: Computing semblance for m0 = 2660
 INFO: Total execution time for kernels is 0.0462578s
 INFO: Computing semblance for m0 = 2680
 INFO: Total execution time for kernels is 0.0476188s
 INFO: Computing semblance for m0 = 2700
 INFO: Total execution time for kernels is 0.0450815s
 INFO: Computing semblance for m0 = 2720
 INFO: Total execution time for kernels is 0.0451587s
 INFO: Computing semblance for m0 = 2740
 INFO: Total execution time for kernels is 0.0463193s
 INFO: Computing semblance for m0 = 2760
 INFO: Total execution time for kernels is 0.0452093s
 INFO: Computing semblance for m0 = 2780
 INFO: Total execution time for kernels is 0.0463779s
 INFO: Computing semblance for m0 = 2800
 INFO: Total execution time for kernels is 0.0464363s
 INFO: Computing semblance for m0 = 2820
 INFO: Total execution time for kernels is 0.0463724s
 INFO: Computing semblance for m0 = 2840
 INFO: Total execution time for kernels is 0.0475662s
 INFO: Computing semblance for m0 = 2860
 INFO: Total execution time for kernels is 0.0450506s
 INFO: Computing semblance for m0 = 2880
 INFO: Total execution time for kernels is 0.0452389s
 INFO: Computing semblance for m0 = 2900
 INFO: Total execution time for kernels is 0.0462918s
 INFO: Computing semblance for m0 = 2920
 INFO: Total execution time for kernels is 0.045099s
 INFO: Computing semblance for m0 = 2940
 INFO: Total execution time for kernels is 0.0461882s
 INFO: Computing semblance for m0 = 2960
 INFO: Total execution time for kernels is 0.0462s
 INFO: Computing semblance for m0 = 2980
 INFO: Total execution time for kernels is 0.046109s
 INFO: Computing semblance for m0 = 3000
 INFO: Total execution time for kernels is 0.0450765s
 INFO: Computing semblance for m0 = 3020
 INFO: Total execution time for kernels is 0.047337s
 INFO: Computing semblance for m0 = 3040
 INFO: Total execution time for kernels is 0.0451889s
 INFO: Computing semblance for m0 = 3060
 INFO: Total execution time for kernels is 0.046098s
 INFO: Computing semblance for m0 = 3080
 INFO: Total execution time for kernels is 0.0447468s
 INFO: Computing semblance for m0 = 3100
 INFO: Total execution time for kernels is 0.0462991s
 INFO: Computing semblance for m0 = 3120
 INFO: Total execution time for kernels is 0.0459044s
 INFO: Computing semblance for m0 = 3140
 INFO: Total execution time for kernels is 0.0460942s
 INFO: Computing semblance for m0 = 3160
 INFO: Total execution time for kernels is 0.0445358s
 INFO: Computing semblance for m0 = 3180
 INFO: Total execution time for kernels is 0.0447914s
 INFO: Computing semblance for m0 = 3200
 INFO: Total execution time for kernels is 0.0472223s
 INFO: Computing semblance for m0 = 3220
 INFO: Total execution time for kernels is 0.0458522s
 INFO: Computing semblance for m0 = 3240
 INFO: Total execution time for kernels is 0.0446996s
 INFO: Computing semblance for m0 = 3260
 INFO: Total execution time for kernels is 0.0460713s
 INFO: Computing semblance for m0 = 3280
 INFO: Total execution time for kernels is 0.0458964s
 INFO: Computing semblance for m0 = 3300
 INFO: Total execution time for kernels is 0.0458823s
 INFO: Computing semblance for m0 = 3320
 INFO: Total execution time for kernels is 0.0446349s
 INFO: Computing semblance for m0 = 3340
 INFO: Total execution time for kernels is 0.0446876s
 INFO: Computing semblance for m0 = 3360
 INFO: Total execution time for kernels is 0.0472404s
 INFO: Computing semblance for m0 = 3380
 INFO: Total execution time for kernels is 0.0446222s
 INFO: Computing semblance for m0 = 3400
 INFO: Total execution time for kernels is 0.045946s
 INFO: Computing semblance for m0 = 3420
 INFO: Total execution time for kernels is 0.0458958s
 INFO: Computing semblance for m0 = 3440
 INFO: Total execution time for kernels is 0.0459891s
 INFO: Computing semblance for m0 = 3460
 INFO: Total execution time for kernels is 0.0459694s
 INFO: Computing semblance for m0 = 3480
 INFO: Total execution time for kernels is 0.0445692s
 INFO: Computing semblance for m0 = 3500
 INFO: Total execution time for kernels is 0.0447248s
 INFO: Computing semblance for m0 = 3520
 INFO: Total execution time for kernels is 0.0471797s
 INFO: Computing semblance for m0 = 3540
 INFO: Total execution time for kernels is 0.0445507s
 INFO: Computing semblance for m0 = 3560
 INFO: Total execution time for kernels is 0.0458374s
 INFO: Computing semblance for m0 = 3580
 INFO: Total execution time for kernels is 0.0456522s
 INFO: Computing semblance for m0 = 3600
 INFO: Total execution time for kernels is 0.0460236s
 INFO: Computing semblance for m0 = 3620
 INFO: Total execution time for kernels is 0.0458026s
 INFO: Computing semblance for m0 = 3640
 INFO: Total execution time for kernels is 0.0443492s
 INFO: Computing semblance for m0 = 3660
 INFO: Total execution time for kernels is 0.0445801s
 INFO: Computing semblance for m0 = 3680
 INFO: Total execution time for kernels is 0.0471238s
 INFO: Computing semblance for m0 = 3700
 INFO: Total execution time for kernels is 0.0443267s
 INFO: Computing semblance for m0 = 3720
 INFO: Total execution time for kernels is 0.0456944s
 INFO: Computing semblance for m0 = 3740
 INFO: Total execution time for kernels is 0.0456834s
 INFO: Computing semblance for m0 = 3760
 INFO: Total execution time for kernels is 0.0457766s
 INFO: Computing semblance for m0 = 3780
 INFO: Total execution time for kernels is 0.0457657s
 INFO: Computing semblance for m0 = 3800
 INFO: Total execution time for kernels is 0.0443575s
 INFO: Computing semblance for m0 = 3820
 INFO: Total execution time for kernels is 0.0443472s
 INFO: Computing semblance for m0 = 3840
 INFO: Total execution time for kernels is 0.047025s
 INFO: Computing semblance for m0 = 3860
 INFO: Total execution time for kernels is 0.0443809s
 INFO: Computing semblance for m0 = 3880
 INFO: Total execution time for kernels is 0.045693s
 INFO: Computing semblance for m0 = 3900
 INFO: Total execution time for kernels is 0.045674s
 INFO: Computing semblance for m0 = 3920
 INFO: Total execution time for kernels is 0.0457236s
 INFO: Computing semblance for m0 = 3940
 INFO: Total execution time for kernels is 0.045769s
 INFO: Computing semblance for m0 = 3960
 INFO: Total execution time for kernels is 0.0443002s
 INFO: Computing semblance for m0 = 3980
 INFO: Total execution time for kernels is 0.04441s
 INFO: Computing semblance for m0 = 4000
 INFO: Total execution time for kernels is 0.0469258s
 INFO: Computing semblance for m0 = 4020
 INFO: Total execution time for kernels is 0.0442659s
 INFO: Computing semblance for m0 = 4040
 INFO: Total execution time for kernels is 0.0456671s
 INFO: Computing semblance for m0 = 4060
 INFO: Total execution time for kernels is 0.0456519s
 INFO: Computing semblance for m0 = 4080
 INFO: Total execution time for kernels is 0.0456996s
 INFO: Computing semblance for m0 = 4100
 INFO: Total execution time for kernels is 0.0442073s
 INFO: Computing semblance for m0 = 4120
 INFO: Total execution time for kernels is 0.0456648s
 INFO: Computing semblance for m0 = 4140
 INFO: Total execution time for kernels is 0.0441583s
 INFO: Computing semblance for m0 = 4160
 INFO: Total execution time for kernels is 0.0468918s
 INFO: Computing semblance for m0 = 4180
 INFO: Total execution time for kernels is 0.0441417s
 INFO: Computing semblance for m0 = 4200
 INFO: Total execution time for kernels is 0.0455884s
 INFO: Computing semblance for m0 = 4220
 INFO: Total execution time for kernels is 0.0456487s
 INFO: Computing semblance for m0 = 4240
 INFO: Total execution time for kernels is 0.0455935s
 INFO: Computing semblance for m0 = 4260
 INFO: Total execution time for kernels is 0.0440967s
 INFO: Computing semblance for m0 = 4280
 INFO: Total execution time for kernels is 0.0456574s
 INFO: Computing semblance for m0 = 4300
 INFO: Total execution time for kernels is 0.0441611s
 INFO: Computing semblance for m0 = 4320
 INFO: Total execution time for kernels is 0.0470135s
 INFO: Computing semblance for m0 = 4340
 INFO: Total execution time for kernels is 0.0441291s
 INFO: Computing semblance for m0 = 4360
 INFO: Total execution time for kernels is 0.0455851s
 INFO: Computing semblance for m0 = 4380
 INFO: Total execution time for kernels is 0.0455775s
 INFO: Computing semblance for m0 = 4400
 INFO: Total execution time for kernels is 0.0457026s
 INFO: Computing semblance for m0 = 4420
 INFO: Total execution time for kernels is 0.0441272s
 INFO: Computing semblance for m0 = 4440
 INFO: Total execution time for kernels is 0.0442317s
 INFO: Computing semblance for m0 = 4460
 INFO: Total execution time for kernels is 0.0456871s
 INFO: Computing semblance for m0 = 4480
 INFO: Total execution time for kernels is 0.0468902s
 INFO: Computing semblance for m0 = 4500
 INFO: Total execution time for kernels is 0.0442018s
 INFO: Computing semblance for m0 = 4520
 INFO: Total execution time for kernels is 0.0455845s
 INFO: Computing semblance for m0 = 4540
 INFO: Total execution time for kernels is 0.0456008s
 INFO: Computing semblance for m0 = 4560
 INFO: Total execution time for kernels is 0.0457234s
 INFO: Computing semblance for m0 = 4580
 INFO: Total execution time for kernels is 0.0442295s
 INFO: Computing semblance for m0 = 4600
 INFO: Total execution time for kernels is 0.0442049s
 INFO: Computing semblance for m0 = 4620
 INFO: Total execution time for kernels is 0.0456749s
 INFO: Computing semblance for m0 = 4640
 INFO: Total execution time for kernels is 0.0469007s
 INFO: Computing semblance for m0 = 4660
 INFO: Total execution time for kernels is 0.0441542s
 INFO: Computing semblance for m0 = 4680
 INFO: Total execution time for kernels is 0.0456734s
 INFO: Computing semblance for m0 = 4700
 INFO: Total execution time for kernels is 0.045658s
 INFO: Computing semblance for m0 = 4720
 INFO: Total execution time for kernels is 0.0457013s
 INFO: Computing semblance for m0 = 4740
 INFO: Total execution time for kernels is 0.0441783s
 INFO: Computing semblance for m0 = 4760
 INFO: Total execution time for kernels is 0.0441173s
 INFO: Computing semblance for m0 = 4780
 INFO: Total execution time for kernels is 0.0455941s
 INFO: Computing semblance for m0 = 4800
 INFO: Total execution time for kernels is 0.0469539s
 INFO: Computing semblance for m0 = 4820
 INFO: Total execution time for kernels is 0.0441949s
 INFO: Computing semblance for m0 = 4840
 INFO: Total execution time for kernels is 0.0456188s
 INFO: Computing semblance for m0 = 4860
 INFO: Total execution time for kernels is 0.0456352s
 INFO: Computing semblance for m0 = 4880
 INFO: Total execution time for kernels is 0.0441413s
 INFO: Computing semblance for m0 = 4900
 INFO: Total execution time for kernels is 0.0456189s
 INFO: Computing semblance for m0 = 4920
 INFO: Total execution time for kernels is 0.0441804s
 INFO: Computing semblance for m0 = 4940
 INFO: Total execution time for kernels is 0.0457263s
 INFO: Computing semblance for m0 = 4960
 INFO: Total execution time for kernels is 0.0441567s
 INFO: Computing semblance for m0 = 4980
 INFO: Total execution time for kernels is 0.0469456s
 INFO: Computing semblance for m0 = 5000
 INFO: Total execution time for kernels is 0.0456228s
 INFO: Computing semblance for m0 = 5020
 INFO: Total execution time for kernels is 0.0455879s
 INFO: Computing semblance for m0 = 5040
 INFO: Total execution time for kernels is 0.0441078s
 INFO: Computing semblance for m0 = 5060
 INFO: Total execution time for kernels is 0.0456699s
 INFO: Computing semblance for m0 = 5080
 INFO: Total execution time for kernels is 0.0441271s
 INFO: Computing semblance for m0 = 5100
 INFO: Total execution time for kernels is 0.0456582s
 INFO: Computing semblance for m0 = 5120
 INFO: Total execution time for kernels is 0.0441588s
 INFO: Computing semblance for m0 = 5140
 INFO: Total execution time for kernels is 0.046995s
 INFO: Computing semblance for m0 = 5160
 INFO: Total execution time for kernels is 0.0456461s
 INFO: Computing semblance for m0 = 5180
 INFO: Total execution time for kernels is 0.0441551s
 INFO: Computing semblance for m0 = 5200
 INFO: Total execution time for kernels is 0.0455717s
 INFO: Computing semblance for m0 = 5220
 INFO: Total execution time for kernels is 0.0441482s
 INFO: Computing semblance for m0 = 5240
 INFO: Total execution time for kernels is 0.0456226s
 INFO: Computing semblance for m0 = 5260
 INFO: Total execution time for kernels is 0.0456897s
 INFO: Computing semblance for m0 = 5280
 INFO: Total execution time for kernels is 0.0441293s
 INFO: Computing semblance for m0 = 5300
 INFO: Total execution time for kernels is 0.0470212s
 INFO: Computing semblance for m0 = 5320
 INFO: Total execution time for kernels is 0.0455422s
 INFO: Computing semblance for m0 = 5340
 INFO: Total execution time for kernels is 0.0441977s
 INFO: Computing semblance for m0 = 5360
 INFO: Total execution time for kernels is 0.0456227s
 INFO: Computing semblance for m0 = 5380
 INFO: Total execution time for kernels is 0.044232s
 INFO: Computing semblance for m0 = 5400
 INFO: Total execution time for kernels is 0.0456138s
 INFO: Computing semblance for m0 = 5420
 INFO: Total execution time for kernels is 0.0457745s
 INFO: Computing semblance for m0 = 5440
 INFO: Total execution time for kernels is 0.0441346s
 INFO: Computing semblance for m0 = 5460
 INFO: Total execution time for kernels is 0.047025s
 INFO: Computing semblance for m0 = 5480
 INFO: Total execution time for kernels is 0.0456416s
 INFO: Computing semblance for m0 = 5500
 INFO: Total execution time for kernels is 0.0442056s
 INFO: Computing semblance for m0 = 5520
 INFO: Total execution time for kernels is 0.0441821s
 INFO: Computing semblance for m0 = 5540
 INFO: Total execution time for kernels is 0.0455928s
 INFO: Computing semblance for m0 = 5560
 INFO: Total execution time for kernels is 0.0456708s
 INFO: Computing semblance for m0 = 5580
 INFO: Total execution time for kernels is 0.0456776s
 INFO: Computing semblance for m0 = 5600
 INFO: Total execution time for kernels is 0.0440083s
 INFO: Computing semblance for m0 = 5620
 INFO: Total execution time for kernels is 0.0468496s
 INFO: Computing semblance for m0 = 5640
 INFO: Total execution time for kernels is 0.0441457s
 INFO: Computing semblance for m0 = 5660
 INFO: Total execution time for kernels is 0.0455514s
 INFO: Computing semblance for m0 = 5680
 INFO: Total execution time for kernels is 0.0441924s
 INFO: Computing semblance for m0 = 5700
 INFO: Total execution time for kernels is 0.0455937s
 INFO: Computing semblance for m0 = 5720
 INFO: Total execution time for kernels is 0.0456159s
 INFO: Computing semblance for m0 = 5740
 INFO: Total execution time for kernels is 0.0456979s
 INFO: Computing semblance for m0 = 5760
 INFO: Total execution time for kernels is 0.0441273s
 INFO: Computing semblance for m0 = 5780
 INFO: Total execution time for kernels is 0.0469699s
 INFO: Computing semblance for m0 = 5800
 INFO: Total execution time for kernels is 0.0441741s
 INFO: Computing semblance for m0 = 5820
 INFO: Total execution time for kernels is 0.0441763s
 INFO: Computing semblance for m0 = 5840
 INFO: Total execution time for kernels is 0.045553s
 INFO: Computing semblance for m0 = 5860
 INFO: Total execution time for kernels is 0.0456182s
 INFO: Computing semblance for m0 = 5880
 INFO: Total execution time for kernels is 0.0456799s
 INFO: Computing semblance for m0 = 5900
 INFO: Total execution time for kernels is 0.0456552s
 INFO: Computing semblance for m0 = 5920
 INFO: Total execution time for kernels is 0.0441202s
 INFO: Computing semblance for m0 = 5940
 INFO: Total execution time for kernels is 0.0469179s
 INFO: Computing semblance for m0 = 5960
 INFO: Total execution time for kernels is 0.0441983s
 INFO: Computing semblance for m0 = 5980
 INFO: Total execution time for kernels is 0.0441438s
 INFO: Computing semblance for m0 = 6000
 INFO: Total execution time for kernels is 0.0456489s
 INFO: Computing semblance for m0 = 6020
 INFO: Total execution time for kernels is 0.0456258s
 INFO: Computing semblance for m0 = 6040
 INFO: Total execution time for kernels is 0.0457178s
 INFO: Computing semblance for m0 = 6060
 INFO: Total execution time for kernels is 0.0456083s
 INFO: Computing semblance for m0 = 6080
 INFO: Total execution time for kernels is 0.0442582s
 INFO: Computing semblance for m0 = 6100
 INFO: Total execution time for kernels is 0.0470198s
 INFO: Computing semblance for m0 = 6120
 INFO: Total execution time for kernels is 0.0441542s
 INFO: Computing semblance for m0 = 6140
 INFO: Total execution time for kernels is 0.0442102s
 INFO: Computing semblance for m0 = 6160
 INFO: Total execution time for kernels is 0.0456483s
 INFO: Computing semblance for m0 = 6180
 INFO: Total execution time for kernels is 0.0455477s
 INFO: Computing semblance for m0 = 6200
 INFO: Total execution time for kernels is 0.0456674s
 INFO: Computing semblance for m0 = 6220
 INFO: Total execution time for kernels is 0.0456018s
 INFO: Computing semblance for m0 = 6240
 INFO: Total execution time for kernels is 0.0441157s
 INFO: Computing semblance for m0 = 6260
 INFO: Total execution time for kernels is 0.0441218s
 INFO: Computing semblance for m0 = 6280
 INFO: Total execution time for kernels is 0.0470027s
 INFO: Computing semblance for m0 = 6300
 INFO: Total execution time for kernels is 0.0441965s
 INFO: Computing semblance for m0 = 6320
 INFO: Total execution time for kernels is 0.0455219s
 INFO: Computing semblance for m0 = 6340
 INFO: Total execution time for kernels is 0.0456972s
 INFO: Computing semblance for m0 = 6360
 INFO: Total execution time for kernels is 0.0457201s
 INFO: Computing semblance for m0 = 6380
 INFO: Total execution time for kernels is 0.0456424s
 INFO: Computing semblance for m0 = 6400
 INFO: Total execution time for kernels is 0.0441722s
 INFO: Computing semblance for m0 = 6420
 INFO: Total execution time for kernels is 0.0442002s
 INFO: Computing semblance for m0 = 6440
 INFO: Total execution time for kernels is 0.0442352s
 INFO: Computing semblance for m0 = 6460
 INFO: Total execution time for kernels is 0.0469603s
 INFO: Computing semblance for m0 = 6480
 INFO: Total execution time for kernels is 0.0455999s
 INFO: Computing semblance for m0 = 6500
 INFO: Total execution time for kernels is 0.0456818s
 INFO: Computing semblance for m0 = 6520
 INFO: Total execution time for kernels is 0.0456809s
 INFO: Computing semblance for m0 = 6540
 INFO: Total execution time for kernels is 0.0456517s
 INFO: Computing semblance for m0 = 6560
 INFO: Total execution time for kernels is 0.044139s
 INFO: Computing semblance for m0 = 6580
 INFO: Total execution time for kernels is 0.0442112s
 INFO: Computing semblance for m0 = 6600
 INFO: Total execution time for kernels is 0.0441338s
 INFO: Computing semblance for m0 = 6620
 INFO: Total execution time for kernels is 0.0468449s
 INFO: Computing semblance for m0 = 6640
 INFO: Total execution time for kernels is 0.0455396s
 INFO: Computing semblance for m0 = 6660
 INFO: Total execution time for kernels is 0.0456631s
 INFO: Computing semblance for m0 = 6680
 INFO: Total execution time for kernels is 0.0457238s
 INFO: Computing semblance for m0 = 6700
 INFO: Total execution time for kernels is 0.0456665s
 INFO: Computing semblance for m0 = 6720
 INFO: Total execution time for kernels is 0.0441726s
 INFO: Computing semblance for m0 = 6740
 INFO: Total execution time for kernels is 0.0441845s
 INFO: Computing semblance for m0 = 6760
 INFO: Total execution time for kernels is 0.0441805s
 INFO: Computing semblance for m0 = 6780
 INFO: Total execution time for kernels is 0.0470202s
 INFO: Computing semblance for m0 = 6800
 INFO: Total execution time for kernels is 0.0456818s
 INFO: Computing semblance for m0 = 6820
 INFO: Total execution time for kernels is 0.0456764s
 INFO: Computing semblance for m0 = 6840
 INFO: Total execution time for kernels is 0.0456027s
 INFO: Computing semblance for m0 = 6860
 INFO: Total execution time for kernels is 0.045638s
 INFO: Computing semblance for m0 = 6880
 INFO: Total execution time for kernels is 0.0441363s
 INFO: Computing semblance for m0 = 6900
 INFO: Total execution time for kernels is 0.0441859s
 INFO: Computing semblance for m0 = 6920
 INFO: Total execution time for kernels is 0.0442282s
 INFO: Computing semblance for m0 = 6940
 INFO: Total execution time for kernels is 0.0468958s
 INFO: Computing semblance for m0 = 6960
 INFO: Total execution time for kernels is 0.0456074s
 INFO: Computing semblance for m0 = 6980
 INFO: Total execution time for kernels is 0.0456557s
 INFO: Computing semblance for m0 = 7000
 INFO: Total execution time for kernels is 0.0457073s
 INFO: Computing semblance for m0 = 7020
 INFO: Total execution time for kernels is 0.0457482s
 INFO: Computing semblance for m0 = 7040
 INFO: Total execution time for kernels is 0.0441156s
 INFO: Computing semblance for m0 = 7060
 INFO: Total execution time for kernels is 0.0442492s
 INFO: Computing semblance for m0 = 7080
 INFO: Total execution time for kernels is 0.044223s
 INFO: Computing semblance for m0 = 7100
 INFO: Total execution time for kernels is 0.0468988s
 INFO: Computing semblance for m0 = 7120
 INFO: Total execution time for kernels is 0.0455399s
 INFO: Computing semblance for m0 = 7140
 INFO: Total execution time for kernels is 0.0456814s
 INFO: Computing semblance for m0 = 7160
 INFO: Total execution time for kernels is 0.045617s
 INFO: Computing semblance for m0 = 7180
 INFO: Total execution time for kernels is 0.0456324s
 INFO: Computing semblance for m0 = 7200
 INFO: Total execution time for kernels is 0.0441678s
 INFO: Computing semblance for m0 = 7220
 INFO: Total execution time for kernels is 0.0442235s
 INFO: Computing semblance for m0 = 7240
 INFO: Total execution time for kernels is 0.044216s
 INFO: Computing semblance for m0 = 7260
 INFO: Total execution time for kernels is 0.0469329s
 INFO: Computing semblance for m0 = 7280
 INFO: Total execution time for kernels is 0.0456454s
 INFO: Computing semblance for m0 = 7300
 INFO: Total execution time for kernels is 0.0456942s
 INFO: Computing semblance for m0 = 7320
 INFO: Total execution time for kernels is 0.0456869s
 INFO: Total execution time for kernels is 0.0456062s
 INFO: Computing semblance for m0 = 7340
 INFO: Computing semblance for m0 = 7360
 INFO: Total execution time for kernels is 0.0441786s
 INFO: Computing semblance for m0 = 7380
 INFO: Total execution time for kernels is 0.0441672s
 INFO: Computing semblance for m0 = 7400
 INFO: Total execution time for kernels is 0.0441933s
 INFO: Computing semblance for m0 = 7420
 INFO: Total execution time for kernels is 0.0469447s
 INFO: Computing semblance for m0 = 7440
 INFO: Total execution time for kernels is 0.0456929s
 INFO: Computing semblance for m0 = 7460
 INFO: Total execution time for kernels is 0.0456411s
 INFO: Computing semblance for m0 = 7480
 INFO: Total execution time for kernels is 0.0457586s
 INFO: Computing semblance for m0 = 7500
 INFO: Total execution time for kernels is 0.0457762s
 INFO: Computing semblance for m0 = 7520
 INFO: Total execution time for kernels is 0.0441638s
 INFO: Computing semblance for m0 = 7540
 INFO: Total execution time for kernels is 0.0442701s
 INFO: Computing semblance for m0 = 7560
 INFO: Total execution time for kernels is 0.0442012s
 INFO: Computing semblance for m0 = 7580
 INFO: Total execution time for kernels is 0.0455984s
 INFO: Computing semblance for m0 = 7600
 INFO: Total execution time for kernels is 0.0468976s
 INFO: Computing semblance for m0 = 7620
 INFO: Total execution time for kernels is 0.0456472s
 INFO: Computing semblance for m0 = 7640
 INFO: Total execution time for kernels is 0.0457274s
 INFO: Computing semblance for m0 = 7660
 INFO: Total execution time for kernels is 0.0456412s
 INFO: Computing semblance for m0 = 7680
 INFO: Total execution time for kernels is 0.0442718s
 INFO: Computing semblance for m0 = 7700
 INFO: Total execution time for kernels is 0.0441496s
 INFO: Computing semblance for m0 = 7720
 INFO: Total execution time for kernels is 0.0441258s
 INFO: Computing semblance for m0 = 7740
 INFO: Total execution time for kernels is 0.0456412s
 INFO: Computing semblance for m0 = 7760
 INFO: Total execution time for kernels is 0.0455837s
 INFO: Computing semblance for m0 = 7780
 INFO: Total execution time for kernels is 0.0469672s
 INFO: Computing semblance for m0 = 7800
 INFO: Total execution time for kernels is 0.0457327s
 INFO: Computing semblance for m0 = 7820
 INFO: Total execution time for kernels is 0.0457129s
 INFO: Computing semblance for m0 = 7840
 INFO: Total execution time for kernels is 0.0441983s
 INFO: Computing semblance for m0 = 7860
 INFO: Total execution time for kernels is 0.0442384s
 INFO: Computing semblance for m0 = 7880
 INFO: Total execution time for kernels is 0.0442133s
 INFO: Computing semblance for m0 = 7900
 INFO: Total execution time for kernels is 0.0456633s
 INFO: Computing semblance for m0 = 7920
 INFO: Total execution time for kernels is 0.0456144s
 INFO: Computing semblance for m0 = 7940
 INFO: Total execution time for kernels is 0.0468868s
 INFO: Computing semblance for m0 = 7960
 INFO: Total execution time for kernels is 0.0456265s
 INFO: Computing semblance for m0 = 7980
 INFO: Total execution time for kernels is 0.044101s
 INFO: Computing semblance for m0 = 8000
 INFO: Total execution time for kernels is 0.0457224s
 INFO: Computing semblance for m0 = 8020
 INFO: Total execution time for kernels is 0.0441407s
 INFO: Computing semblance for m0 = 8040
 INFO: Total execution time for kernels is 0.0442025s
 INFO: Computing semblance for m0 = 8060
 INFO: Total execution time for kernels is 0.0456968s
 INFO: Computing semblance for m0 = 8080
 INFO: Total execution time for kernels is 0.0456135s
 INFO: Computing semblance for m0 = 8100
 INFO: Total execution time for kernels is 0.0469537s
 INFO: Computing semblance for m0 = 8120
 INFO: Total execution time for kernels is 0.0456228s
 INFO: Computing semblance for m0 = 8140
 INFO: Total execution time for kernels is 0.0441039s
 INFO: Computing semblance for m0 = 8160
 INFO: Total execution time for kernels is 0.0457093s
 INFO: Computing semblance for m0 = 8180
 INFO: Total execution time for kernels is 0.044195s
 INFO: Computing semblance for m0 = 8200
 INFO: Total execution time for kernels is 0.0441926s
 INFO: Computing semblance for m0 = 8220
 INFO: Total execution time for kernels is 0.0457153s
 INFO: Computing semblance for m0 = 8240
 INFO: Total execution time for kernels is 0.0457436s
 INFO: Computing semblance for m0 = 8260
 INFO: Total execution time for kernels is 0.0441304s
 INFO: Computing semblance for m0 = 8280
 INFO: Total execution time for kernels is 0.0469485s
 INFO: Computing semblance for m0 = 8300
 INFO: Total execution time for kernels is 0.045671s
 INFO: Computing semblance for m0 = 8320
 INFO: Total execution time for kernels is 0.0456049s
 INFO: Computing semblance for m0 = 8340
 INFO: Total execution time for kernels is 0.0442157s
 INFO: Computing semblance for m0 = 8360
 INFO: Total execution time for kernels is 0.0442577s
 INFO: Computing semblance for m0 = 8380
 INFO: Total execution time for kernels is 0.0456388s
 INFO: Computing semblance for m0 = 8400
 INFO: Total execution time for kernels is 0.0457054s
 INFO: Computing semblance for m0 = 8420
 INFO: Total execution time for kernels is 0.0441148s
 INFO: Computing semblance for m0 = 8440
 INFO: Total execution time for kernels is 0.0457109s
 INFO: Computing semblance for m0 = 8460
 INFO: Total execution time for kernels is 0.0469178s
 INFO: Computing semblance for m0 = 8480
 INFO: Total execution time for kernels is 0.0456675s
 INFO: Computing semblance for m0 = 8500
 INFO: Total execution time for kernels is 0.044315s
 INFO: Computing semblance for m0 = 8520
 INFO: Total execution time for kernels is 0.0442625s
 INFO: Computing semblance for m0 = 8540
 INFO: Total execution time for kernels is 0.0456201s
 INFO: Computing semblance for m0 = 8560
 INFO: Total execution time for kernels is 0.0455567s
 INFO: Computing semblance for m0 = 8580
 INFO: Total execution time for kernels is 0.0441739s
 INFO: Computing semblance for m0 = 8600
 INFO: Total execution time for kernels is 0.0456674s
 INFO: Computing semblance for m0 = 8620
 INFO: Total execution time for kernels is 0.0469132s
 INFO: Computing semblance for m0 = 8640
 INFO: Total execution time for kernels is 0.0457072s
 INFO: Computing semblance for m0 = 8660
 INFO: Total execution time for kernels is 0.0442208s
 INFO: Computing semblance for m0 = 8680
 INFO: Total execution time for kernels is 0.0441571s
 INFO: Computing semblance for m0 = 8700
 INFO: Total execution time for kernels is 0.044135s
 INFO: Computing semblance for m0 = 8720
 INFO: Total execution time for kernels is 0.0456222s
 INFO: Computing semblance for m0 = 8740
 INFO: Total execution time for kernels is 0.0457033s
 INFO: Computing semblance for m0 = 8760
 INFO: Total execution time for kernels is 0.0457763s
 INFO: Computing semblance for m0 = 8780
 INFO: Total execution time for kernels is 0.0470184s
 INFO: Computing semblance for m0 = 8800
 INFO: Total execution time for kernels is 0.0458603s
 INFO: Computing semblance for m0 = 8820
 INFO: Total execution time for kernels is 0.0443025s
 INFO: Computing semblance for m0 = 8840
 INFO: Total execution time for kernels is 0.0442249s
 INFO: Computing semblance for m0 = 8860
 INFO: Total execution time for kernels is 0.0442478s
 INFO: Computing semblance for m0 = 8880
 INFO: Total execution time for kernels is 0.0457016s
 INFO: Computing semblance for m0 = 8900
 INFO: Total execution time for kernels is 0.0456896s
 INFO: Computing semblance for m0 = 8920
 INFO: Total execution time for kernels is 0.0457298s
 INFO: Computing semblance for m0 = 8940
 INFO: Total execution time for kernels is 0.0456894s
 INFO: Computing semblance for m0 = 8960
 INFO: Total execution time for kernels is 0.0470588s
 INFO: Computing semblance for m0 = 8980
 INFO: Total execution time for kernels is 0.0441976s
 INFO: Computing semblance for m0 = 9000
 INFO: Total execution time for kernels is 0.0443137s
 INFO: Computing semblance for m0 = 9020
 INFO: Total execution time for kernels is 0.044316s
 INFO: Computing semblance for m0 = 9040
 INFO: Total execution time for kernels is 0.0456841s
 INFO: Computing semblance for m0 = 9060
 INFO: Total execution time for kernels is 0.0457822s
 INFO: Computing semblance for m0 = 9080
 INFO: Total execution time for kernels is 0.0456821s
 INFO: Computing semblance for m0 = 9100
 INFO: Total execution time for kernels is 0.0457378s
 INFO: Computing semblance for m0 = 9120
 INFO: Total execution time for kernels is 0.0470358s
 INFO: Computing semblance for m0 = 9140
 INFO: Total execution time for kernels is 0.0443086s
 INFO: Computing semblance for m0 = 9160
 INFO: Total execution time for kernels is 0.0443133s
 INFO: Computing semblance for m0 = 9180
 INFO: Total execution time for kernels is 0.0443194s
 INFO: Computing semblance for m0 = 9200
 INFO: Total execution time for kernels is 0.0457775s
 INFO: Computing semblance for m0 = 9220
 INFO: Total execution time for kernels is 0.0438669s
 INFO: Computing semblance for m0 = 9240
 INFO: Total execution time for kernels is 0.0438255s
 INFO: Computing semblance for m0 = 9260
 INFO: Total execution time for kernels is 0.042088s
 INFO: Computing semblance for m0 = 9280
 INFO: Total execution time for kernels is 0.0432997s
 INFO: Computing semblance for m0 = 9300
 INFO: Total execution time for kernels is 0.0389442s
 INFO: Computing semblance for m0 = 9320
 INFO: Total execution time for kernels is 0.0388447s
 INFO: Computing semblance for m0 = 9340
 INFO: Total execution time for kernels is 0.0371039s
 INFO: Computing semblance for m0 = 9360
 INFO: Total execution time for kernels is 0.0366901s
 INFO: Computing semblance for m0 = 9380
 INFO: Total execution time for kernels is 0.0366313s
 INFO: Computing semblance for m0 = 9400
 INFO: Total execution time for kernels is 0.0384678s
 INFO: Computing semblance for m0 = 9420
 INFO: Total execution time for kernels is 0.0347576s
 INFO: Computing semblance for m0 = 9440
 INFO: Total execution time for kernels is 0.0318327s
 INFO: Computing semblance for m0 = 9460
 INFO: Total execution time for kernels is 0.0318603s
 INFO: Computing semblance for m0 = 9480
 INFO: Total execution time for kernels is 0.035848s
 INFO: Computing semblance for m0 = 9500
 INFO: Total execution time for kernels is 0.030202s
 INFO: Computing semblance for m0 = 9520
 INFO: Total execution time for kernels is 0.0293907s
 INFO: Computing semblance for m0 = 9540
 INFO: Total execution time for kernels is 0.0293109s
 INFO: Computing semblance for m0 = 9560
 INFO: Total execution time for kernels is 0.0311783s
 INFO: Total execution time for kernels is 0.0266577s
 INFO: Computing semblance for m0 = 9580
 INFO: Computing semblance for m0 = 9600
 INFO: Total execution time for kernels is 0.0276039s
 INFO: Computing semblance for m0 = 9620
 INFO: Total execution time for kernels is 0.0249776s
 INFO: Computing semblance for m0 = 9640
 INFO: Total execution time for kernels is 0.0266362s
 INFO: Computing semblance for m0 = 9660
 INFO: Total execution time for kernels is 0.0231867s
 INFO: Computing semblance for m0 = 9680
 INFO: Total execution time for kernels is 0.0180197s
 INFO: Computing semblance for m0 = 9700
 INFO: Total execution time for kernels is 0.0192727s
 INFO: Computing semblance for m0 = 9720
 INFO: Total execution time for kernels is 0.019802s
 INFO: Computing semblance for m0 = 9740
 INFO: Total execution time for kernels is 0.0203781s
 INFO: Computing semblance for m0 = 9760
 INFO: Total execution time for kernels is 0.0222165s
 INFO: Computing semblance for m0 = 9780
 INFO: Total execution time for kernels is 0.0240334s
 INFO: Computing semblance for m0 = 9800
 INFO: Total execution time for kernels is 0.022224s
 INFO: Computing semblance for m0 = 9820
 INFO: Total execution time for kernels is 0.0163989s
 INFO: Computing semblance for m0 = 9840
 INFO: Total execution time for kernels is 0.0115372s
 INFO: Computing semblance for m0 = 9860
 INFO: Total execution time for kernels is 0.0145769s
 INFO: Computing semblance for m0 = 9880
 INFO: Total execution time for kernels is 0.0155562s
 INFO: Total execution time for kernels is 0.0114419s
 INFO: Computing semblance for m0 = 9900
 INFO: Computing semblance for m0 = 9920
 INFO: Total execution time for kernels is 0.0133379s
 INFO: Computing semblance for m0 = 9940
 INFO: Total execution time for kernels is 0.0163995s
 INFO: Total execution time for kernels is 0.0132363s
 INFO: Total execution time for kernels is 0.00968426s
 INFO: Total execution time for kernels is 0.00950077s
 INFO: Total execution time for kernels is 0.00593021s
 INFO: Total execution time for kernels is 0.00592623s
 INFO: Total execution time for kernels is 0.00784677s
 INFO: Total execution time for kernels is 0.0081236s
 INFO: Average of efficiency is 1
 INFO: Average of interpolations_per_sec is 2.34546e+10
 INFO: Average of selected_traces is 20.6742
 INFO: Average of total_selection_kernel_exec_time is 0.000909472
 INFO: Average of total_kernel_exec_time is 0.0418629
 INFO: Driver init. duration is 0.30715 s
 INFO: Read gather duration is 0.343057 s
 INFO: Parse args. duration is 0.000189279 s
 INFO: Worker threads duration is 3.98484 s
 INFO: Dump results duration is 0.69314 s
 INFO: Results written to /home/ubuntu/nfs/out/d4e9b53e_master_p2.8xlarge/cmp/greedy/cuda/simple-synthetic_64_1/simple-synthetic_greedy_cmp_20210302_0119/
 INFO: It took 5.3418s to compute.
