 INFO: Number of CDPs = 445
 INFO: Number of traces in the gather = 9200
 INFO: Number of samples per trace = 2502
 INFO: Starting worker threads...
 INFO: Computing semblance for m0 = 0
 INFO: Total execution time for kernels is 0.00148373s
 INFO: Computing semblance for m0 = 1080
 INFO: Total execution time for kernels is 0.0231838s
 INFO: Computing semblance for m0 = 1100
 INFO: Total execution time for kernels is 0.0285105s
 INFO: Computing semblance for m0 = 1120
 INFO: Total execution time for kernels is 0.0337404s
 INFO: Computing semblance for m0 = 1140
 INFO: Total execution time for kernels is 0.0287855s
 INFO: Computing semblance for m0 = 1160
 INFO: Total execution time for kernels is 0.0331567s
 INFO: Computing semblance for m0 = 1180
 INFO: Total execution time for kernels is 0.0385256s
 INFO: Computing semblance for m0 = 1200
 INFO: Total execution time for kernels is 0.0436582s
 INFO: Computing semblance for m0 = 1220
 INFO: Total execution time for kernels is 0.041723s
 INFO: Computing semblance for m0 = 1240
 INFO: Total execution time for kernels is 0.0348608s
 INFO: Computing semblance for m0 = 1260
 INFO: Total execution time for kernels is 0.0388165s
 INFO: Computing semblance for m0 = 1280
 INFO: Total execution time for kernels is 0.0425643s
 INFO: Computing semblance for m0 = 1300
 INFO: Total execution time for kernels is 0.0457767s
 INFO: Computing semblance for m0 = 1320
 INFO: Total execution time for kernels is 0.0496958s
 INFO: Computing semblance for m0 = 1340
 INFO: Total execution time for kernels is 0.0534043s
 INFO: Computing semblance for m0 = 1360
 INFO: Total execution time for kernels is 0.0565005s
 INFO: Computing semblance for m0 = 1380
 INFO: Total execution time for kernels is 0.0595114s
 INFO: Computing semblance for m0 = 1400
 INFO: Total execution time for kernels is 0.0621785s
 INFO: Computing semblance for m0 = 1420
 INFO: Total execution time for kernels is 0.0663473s
 INFO: Computing semblance for m0 = 1440
 INFO: Total execution time for kernels is 0.0696603s
 INFO: Computing semblance for m0 = 1460
 INFO: Total execution time for kernels is 0.0739067s
 INFO: Computing semblance for m0 = 1480
 INFO: Total execution time for kernels is 0.0776274s
 INFO: Computing semblance for m0 = 1500
 INFO: Total execution time for kernels is 0.084852s
 INFO: Computing semblance for m0 = 1520
 INFO: Total execution time for kernels is 0.0875357s
 INFO: Computing semblance for m0 = 1540
 INFO: Total execution time for kernels is 0.0888709s
 INFO: Computing semblance for m0 = 1560
 INFO: Total execution time for kernels is 0.0927434s
 INFO: Computing semblance for m0 = 1580
 INFO: Total execution time for kernels is 0.0954556s
 INFO: Computing semblance for m0 = 1600
 INFO: Total execution time for kernels is 0.102248s
 INFO: Computing semblance for m0 = 1620
 INFO: Total execution time for kernels is 0.103841s
 INFO: Computing semblance for m0 = 1640
 INFO: Total execution time for kernels is 0.107619s
 INFO: Computing semblance for m0 = 1660
 INFO: Total execution time for kernels is 0.113437s
 INFO: Computing semblance for m0 = 1680
 INFO: Total execution time for kernels is 0.114535s
 INFO: Computing semblance for m0 = 1700
 INFO: Total execution time for kernels is 0.119469s
 INFO: Computing semblance for m0 = 1720
 INFO: Total execution time for kernels is 0.121889s
 INFO: Computing semblance for m0 = 1740
 INFO: Total execution time for kernels is 0.128107s
 INFO: Computing semblance for m0 = 1760
 INFO: Total execution time for kernels is 0.130248s
 INFO: Computing semblance for m0 = 1780
 INFO: Total execution time for kernels is 0.133118s
 INFO: Computing semblance for m0 = 1800
 INFO: Total execution time for kernels is 0.136604s
 INFO: Computing semblance for m0 = 1820
 INFO: Total execution time for kernels is 0.140555s
 INFO: Computing semblance for m0 = 1840
 INFO: Total execution time for kernels is 0.145741s
 INFO: Computing semblance for m0 = 1860
 INFO: Total execution time for kernels is 0.14656s
 INFO: Computing semblance for m0 = 1880
 INFO: Total execution time for kernels is 0.151339s
 INFO: Computing semblance for m0 = 1900
 INFO: Total execution time for kernels is 0.154726s
 INFO: Computing semblance for m0 = 1920
 INFO: Total execution time for kernels is 0.156031s
 INFO: Computing semblance for m0 = 1940
 INFO: Total execution time for kernels is 0.1584s
 INFO: Computing semblance for m0 = 1960
 INFO: Total execution time for kernels is 0.158759s
 INFO: Computing semblance for m0 = 1980
 INFO: Total execution time for kernels is 0.164291s
 INFO: Computing semblance for m0 = 2000
 INFO: Total execution time for kernels is 0.164421s
 INFO: Computing semblance for m0 = 2020
 INFO: Total execution time for kernels is 0.166632s
 INFO: Computing semblance for m0 = 2040
 INFO: Total execution time for kernels is 0.166874s
 INFO: Computing semblance for m0 = 2060
 INFO: Total execution time for kernels is 0.167226s
 INFO: Computing semblance for m0 = 2080
 INFO: Total execution time for kernels is 0.16849s
 INFO: Computing semblance for m0 = 2100
 INFO: Total execution time for kernels is 0.16875s
 INFO: Computing semblance for m0 = 2120
 INFO: Total execution time for kernels is 0.169203s
 INFO: Computing semblance for m0 = 2140
 INFO: Total execution time for kernels is 0.170816s
 INFO: Computing semblance for m0 = 2160
 INFO: Total execution time for kernels is 0.167649s
 INFO: Computing semblance for m0 = 2180
 INFO: Total execution time for kernels is 0.168213s
 INFO: Computing semblance for m0 = 2200
 INFO: Total execution time for kernels is 0.168473s
 INFO: Computing semblance for m0 = 2220
 INFO: Total execution time for kernels is 0.16892s
 INFO: Computing semblance for m0 = 2240
 INFO: Total execution time for kernels is 0.169963s
 INFO: Computing semblance for m0 = 2260
 INFO: Total execution time for kernels is 0.167936s
 INFO: Computing semblance for m0 = 2280
 INFO: Total execution time for kernels is 0.168474s
 INFO: Computing semblance for m0 = 2300
 INFO: Total execution time for kernels is 0.169329s
 INFO: Computing semblance for m0 = 2320
 INFO: Total execution time for kernels is 0.169851s
 INFO: Computing semblance for m0 = 2340
 INFO: Total execution time for kernels is 0.1683s
 INFO: Computing semblance for m0 = 2360
 INFO: Total execution time for kernels is 0.169474s
 INFO: Computing semblance for m0 = 2380
 INFO: Total execution time for kernels is 0.169776s
 INFO: Computing semblance for m0 = 2400
 INFO: Total execution time for kernels is 0.169122s
 INFO: Computing semblance for m0 = 2420
 INFO: Total execution time for kernels is 0.169153s
 INFO: Computing semblance for m0 = 2440
 INFO: Total execution time for kernels is 0.169345s
 INFO: Computing semblance for m0 = 2460
 INFO: Total execution time for kernels is 0.1693s
 INFO: Computing semblance for m0 = 2480
 INFO: Total execution time for kernels is 0.169754s
 INFO: Computing semblance for m0 = 2500
 INFO: Total execution time for kernels is 0.168888s
 INFO: Computing semblance for m0 = 2520
 INFO: Total execution time for kernels is 0.170719s
 INFO: Computing semblance for m0 = 2540
 INFO: Total execution time for kernels is 0.17166s
 INFO: Computing semblance for m0 = 2560
 INFO: Total execution time for kernels is 0.17044s
 INFO: Computing semblance for m0 = 2580
 INFO: Total execution time for kernels is 0.171752s
 INFO: Computing semblance for m0 = 2600
 INFO: Total execution time for kernels is 0.171033s
 INFO: Computing semblance for m0 = 2620
 INFO: Total execution time for kernels is 0.171257s
 INFO: Computing semblance for m0 = 2640
 INFO: Total execution time for kernels is 0.169791s
 INFO: Computing semblance for m0 = 2660
 INFO: Total execution time for kernels is 0.172085s
 INFO: Computing semblance for m0 = 2680
 INFO: Total execution time for kernels is 0.169734s
 INFO: Computing semblance for m0 = 2700
 INFO: Total execution time for kernels is 0.17029s
 INFO: Computing semblance for m0 = 2720
 INFO: Total execution time for kernels is 0.170392s
 INFO: Computing semblance for m0 = 2740
 INFO: Total execution time for kernels is 0.168626s
 INFO: Computing semblance for m0 = 2760
 INFO: Total execution time for kernels is 0.169397s
 INFO: Computing semblance for m0 = 2780
 INFO: Total execution time for kernels is 0.169777s
 INFO: Computing semblance for m0 = 2800
 INFO: Total execution time for kernels is 0.168875s
 INFO: Computing semblance for m0 = 2820
 INFO: Total execution time for kernels is 0.169192s
 INFO: Computing semblance for m0 = 2840
 INFO: Total execution time for kernels is 0.168857s
 INFO: Computing semblance for m0 = 2860
 INFO: Total execution time for kernels is 0.168766s
 INFO: Computing semblance for m0 = 2880
 INFO: Total execution time for kernels is 0.169657s
 INFO: Computing semblance for m0 = 2900
 INFO: Total execution time for kernels is 0.16956s
 INFO: Computing semblance for m0 = 2920
 INFO: Total execution time for kernels is 0.168385s
 INFO: Computing semblance for m0 = 2940
 INFO: Total execution time for kernels is 0.170269s
 INFO: Computing semblance for m0 = 2960
 INFO: Total execution time for kernels is 0.169909s
 INFO: Computing semblance for m0 = 2980
 INFO: Total execution time for kernels is 0.169008s
 INFO: Computing semblance for m0 = 3000
 INFO: Total execution time for kernels is 0.168935s
 INFO: Computing semblance for m0 = 3020
 INFO: Total execution time for kernels is 0.168966s
 INFO: Computing semblance for m0 = 3040
 INFO: Total execution time for kernels is 0.16899s
 INFO: Computing semblance for m0 = 3060
 INFO: Total execution time for kernels is 0.170273s
 INFO: Computing semblance for m0 = 3080
 INFO: Total execution time for kernels is 0.169977s
 INFO: Computing semblance for m0 = 3100
 INFO: Total execution time for kernels is 0.16994s
 INFO: Computing semblance for m0 = 3120
 INFO: Total execution time for kernels is 0.170576s
 INFO: Computing semblance for m0 = 3140
 INFO: Total execution time for kernels is 0.169803s
 INFO: Computing semblance for m0 = 3160
 INFO: Total execution time for kernels is 0.169695s
 INFO: Computing semblance for m0 = 3180
 INFO: Total execution time for kernels is 0.169034s
 INFO: Computing semblance for m0 = 3200
 INFO: Total execution time for kernels is 0.169901s
 INFO: Computing semblance for m0 = 3220
 INFO: Total execution time for kernels is 0.170895s
 INFO: Computing semblance for m0 = 3240
 INFO: Total execution time for kernels is 0.168401s
 INFO: Computing semblance for m0 = 3260
 INFO: Total execution time for kernels is 0.169584s
 INFO: Computing semblance for m0 = 3280
 INFO: Total execution time for kernels is 0.168365s
 INFO: Computing semblance for m0 = 3300
 INFO: Total execution time for kernels is 0.169072s
 INFO: Computing semblance for m0 = 3320
 INFO: Total execution time for kernels is 0.170164s
 INFO: Computing semblance for m0 = 3340
 INFO: Total execution time for kernels is 0.169198s
 INFO: Computing semblance for m0 = 3360
 INFO: Total execution time for kernels is 0.168505s
 INFO: Computing semblance for m0 = 3380
 INFO: Total execution time for kernels is 0.166236s
 INFO: Computing semblance for m0 = 3400
 INFO: Total execution time for kernels is 0.169763s
 INFO: Computing semblance for m0 = 3420
 INFO: Total execution time for kernels is 0.168883s
 INFO: Computing semblance for m0 = 3440
 INFO: Total execution time for kernels is 0.167924s
 INFO: Computing semblance for m0 = 3460
 INFO: Total execution time for kernels is 0.16889s
 INFO: Computing semblance for m0 = 3480
 INFO: Total execution time for kernels is 0.168491s
 INFO: Computing semblance for m0 = 3500
 INFO: Total execution time for kernels is 0.169539s
 INFO: Computing semblance for m0 = 3520
 INFO: Total execution time for kernels is 0.166895s
 INFO: Computing semblance for m0 = 3540
 INFO: Total execution time for kernels is 0.16798s
 INFO: Computing semblance for m0 = 3560
 INFO: Total execution time for kernels is 0.168155s
 INFO: Computing semblance for m0 = 3580
 INFO: Total execution time for kernels is 0.167387s
 INFO: Computing semblance for m0 = 3600
 INFO: Total execution time for kernels is 0.168022s
 INFO: Computing semblance for m0 = 3620
 INFO: Total execution time for kernels is 0.168673s
 INFO: Computing semblance for m0 = 3640
 INFO: Total execution time for kernels is 0.168119s
 INFO: Computing semblance for m0 = 3660
 INFO: Total execution time for kernels is 0.167584s
 INFO: Computing semblance for m0 = 3680
 INFO: Total execution time for kernels is 0.168499s
 INFO: Computing semblance for m0 = 3700
 INFO: Total execution time for kernels is 0.170082s
 INFO: Computing semblance for m0 = 3720
 INFO: Total execution time for kernels is 0.168081s
 INFO: Computing semblance for m0 = 3740
 INFO: Total execution time for kernels is 0.168321s
 INFO: Computing semblance for m0 = 3760
 INFO: Total execution time for kernels is 0.16996s
 INFO: Computing semblance for m0 = 3780
 INFO: Total execution time for kernels is 0.168569s
 INFO: Computing semblance for m0 = 3800
 INFO: Total execution time for kernels is 0.168007s
 INFO: Computing semblance for m0 = 3820
 INFO: Total execution time for kernels is 0.169669s
 INFO: Computing semblance for m0 = 3840
 INFO: Total execution time for kernels is 0.169271s
 INFO: Computing semblance for m0 = 3860
 INFO: Total execution time for kernels is 0.169756s
 INFO: Computing semblance for m0 = 3880
 INFO: Total execution time for kernels is 0.170554s
 INFO: Computing semblance for m0 = 3900
 INFO: Total execution time for kernels is 0.168579s
 INFO: Computing semblance for m0 = 3920
 INFO: Total execution time for kernels is 0.169094s
 INFO: Computing semblance for m0 = 3940
 INFO: Total execution time for kernels is 0.170429s
 INFO: Computing semblance for m0 = 3960
 INFO: Total execution time for kernels is 0.168488s
 INFO: Computing semblance for m0 = 3980
 INFO: Total execution time for kernels is 0.168087s
 INFO: Computing semblance for m0 = 4000
 INFO: Total execution time for kernels is 0.168049s
 INFO: Computing semblance for m0 = 4020
 INFO: Total execution time for kernels is 0.169336s
 INFO: Computing semblance for m0 = 4040
 INFO: Total execution time for kernels is 0.169471s
 INFO: Computing semblance for m0 = 4060
 INFO: Total execution time for kernels is 0.169805s
 INFO: Computing semblance for m0 = 4080
 INFO: Total execution time for kernels is 0.168109s
 INFO: Computing semblance for m0 = 4100
 INFO: Total execution time for kernels is 0.169109s
 INFO: Computing semblance for m0 = 4120
 INFO: Total execution time for kernels is 0.169195s
 INFO: Computing semblance for m0 = 4140
 INFO: Total execution time for kernels is 0.168653s
 INFO: Computing semblance for m0 = 4160
 INFO: Total execution time for kernels is 0.167698s
 INFO: Computing semblance for m0 = 4180
 INFO: Total execution time for kernels is 0.169999s
 INFO: Computing semblance for m0 = 4200
 INFO: Total execution time for kernels is 0.170686s
 INFO: Computing semblance for m0 = 4220
 INFO: Total execution time for kernels is 0.171796s
 INFO: Computing semblance for m0 = 4240
 INFO: Total execution time for kernels is 0.171055s
 INFO: Computing semblance for m0 = 4260
 INFO: Total execution time for kernels is 0.170406s
 INFO: Computing semblance for m0 = 4280
 INFO: Total execution time for kernels is 0.168919s
 INFO: Computing semblance for m0 = 4300
 INFO: Total execution time for kernels is 0.170771s
 INFO: Computing semblance for m0 = 4320
 INFO: Total execution time for kernels is 0.171681s
 INFO: Computing semblance for m0 = 4340
 INFO: Total execution time for kernels is 0.171529s
 INFO: Computing semblance for m0 = 4360
 INFO: Total execution time for kernels is 0.172223s
 INFO: Computing semblance for m0 = 4380
 INFO: Total execution time for kernels is 0.170952s
 INFO: Computing semblance for m0 = 4400
 INFO: Total execution time for kernels is 0.169311s
 INFO: Computing semblance for m0 = 4420
 INFO: Total execution time for kernels is 0.169489s
 INFO: Computing semblance for m0 = 4440
 INFO: Total execution time for kernels is 0.170152s
 INFO: Computing semblance for m0 = 4460
 INFO: Total execution time for kernels is 0.171856s
 INFO: Computing semblance for m0 = 4480
 INFO: Total execution time for kernels is 0.171474s
 INFO: Computing semblance for m0 = 4500
 INFO: Total execution time for kernels is 0.171612s
 INFO: Computing semblance for m0 = 4520
 INFO: Total execution time for kernels is 0.170208s
 INFO: Computing semblance for m0 = 4540
 INFO: Total execution time for kernels is 0.169641s
 INFO: Computing semblance for m0 = 4560
 INFO: Total execution time for kernels is 0.16923s
 INFO: Computing semblance for m0 = 4580
 INFO: Total execution time for kernels is 0.169561s
 INFO: Computing semblance for m0 = 4600
 INFO: Total execution time for kernels is 0.170275s
 INFO: Computing semblance for m0 = 4620
 INFO: Total execution time for kernels is 0.170341s
 INFO: Computing semblance for m0 = 4640
 INFO: Total execution time for kernels is 0.169104s
 INFO: Computing semblance for m0 = 4660
 INFO: Total execution time for kernels is 0.169331s
 INFO: Computing semblance for m0 = 4680
 INFO: Total execution time for kernels is 0.168948s
 INFO: Computing semblance for m0 = 4700
 INFO: Total execution time for kernels is 0.169941s
 INFO: Computing semblance for m0 = 4720
 INFO: Total execution time for kernels is 0.170214s
 INFO: Computing semblance for m0 = 4740
 INFO: Total execution time for kernels is 0.168872s
 INFO: Computing semblance for m0 = 4760
 INFO: Total execution time for kernels is 0.16994s
 INFO: Computing semblance for m0 = 4780
 INFO: Total execution time for kernels is 0.170111s
 INFO: Computing semblance for m0 = 4800
 INFO: Total execution time for kernels is 0.169762s
 INFO: Computing semblance for m0 = 4820
 INFO: Total execution time for kernels is 0.170713s
 INFO: Computing semblance for m0 = 4840
 INFO: Total execution time for kernels is 0.170362s
 INFO: Computing semblance for m0 = 4860
 INFO: Total execution time for kernels is 0.169783s
 INFO: Computing semblance for m0 = 4880
 INFO: Total execution time for kernels is 0.170463s
 INFO: Computing semblance for m0 = 4900
 INFO: Total execution time for kernels is 0.170259s
 INFO: Computing semblance for m0 = 4920
 INFO: Total execution time for kernels is 0.171458s
 INFO: Computing semblance for m0 = 4940
 INFO: Total execution time for kernels is 0.172254s
 INFO: Computing semblance for m0 = 4960
 INFO: Total execution time for kernels is 0.170329s
 INFO: Computing semblance for m0 = 4980
 INFO: Total execution time for kernels is 0.169886s
 INFO: Computing semblance for m0 = 5000
 INFO: Total execution time for kernels is 0.171981s
 INFO: Computing semblance for m0 = 5020
 INFO: Total execution time for kernels is 0.170243s
 INFO: Computing semblance for m0 = 5040
 INFO: Total execution time for kernels is 0.171489s
 INFO: Computing semblance for m0 = 5060
 INFO: Total execution time for kernels is 0.172512s
 INFO: Computing semblance for m0 = 5080
 INFO: Total execution time for kernels is 0.172592s
 INFO: Computing semblance for m0 = 5100
 INFO: Total execution time for kernels is 0.172647s
 INFO: Computing semblance for m0 = 5120
 INFO: Total execution time for kernels is 0.171772s
 INFO: Computing semblance for m0 = 5140
 INFO: Total execution time for kernels is 0.169877s
 INFO: Computing semblance for m0 = 5160
 INFO: Total execution time for kernels is 0.171144s
 INFO: Computing semblance for m0 = 5180
 INFO: Total execution time for kernels is 0.172059s
 INFO: Computing semblance for m0 = 5200
 INFO: Total execution time for kernels is 0.170545s
 INFO: Computing semblance for m0 = 5220
 INFO: Total execution time for kernels is 0.170931s
 INFO: Computing semblance for m0 = 5240
 INFO: Total execution time for kernels is 0.170506s
 INFO: Computing semblance for m0 = 5260
 INFO: Total execution time for kernels is 0.17127s
 INFO: Computing semblance for m0 = 5280
 INFO: Total execution time for kernels is 0.169131s
 INFO: Computing semblance for m0 = 5300
 INFO: Total execution time for kernels is 0.170108s
 INFO: Computing semblance for m0 = 5320
 INFO: Total execution time for kernels is 0.171449s
 INFO: Computing semblance for m0 = 5340
 INFO: Total execution time for kernels is 0.170031s
 INFO: Computing semblance for m0 = 5360
 INFO: Total execution time for kernels is 0.170923s
 INFO: Computing semblance for m0 = 5380
 INFO: Total execution time for kernels is 0.170838s
 INFO: Computing semblance for m0 = 5400
 INFO: Total execution time for kernels is 0.169046s
 INFO: Computing semblance for m0 = 5420
 INFO: Total execution time for kernels is 0.169888s
 INFO: Computing semblance for m0 = 5440
 INFO: Total execution time for kernels is 0.169838s
 INFO: Computing semblance for m0 = 5460
 INFO: Total execution time for kernels is 0.171628s
 INFO: Computing semblance for m0 = 5480
 INFO: Total execution time for kernels is 0.171017s
 INFO: Computing semblance for m0 = 5500
 INFO: Total execution time for kernels is 0.171002s
 INFO: Computing semblance for m0 = 5520
 INFO: Total execution time for kernels is 0.169274s
 INFO: Computing semblance for m0 = 5540
 INFO: Total execution time for kernels is 0.169231s
 INFO: Computing semblance for m0 = 5560
 INFO: Total execution time for kernels is 0.170415s
 INFO: Computing semblance for m0 = 5580
 INFO: Total execution time for kernels is 0.171633s
 INFO: Computing semblance for m0 = 5600
 INFO: Total execution time for kernels is 0.172051s
 INFO: Computing semblance for m0 = 5620
 INFO: Total execution time for kernels is 0.172952s
 INFO: Computing semblance for m0 = 5640
 INFO: Total execution time for kernels is 0.172557s
 INFO: Computing semblance for m0 = 5660
 INFO: Total execution time for kernels is 0.172777s
 INFO: Computing semblance for m0 = 5680
 INFO: Total execution time for kernels is 0.172561s
 INFO: Computing semblance for m0 = 5700
 INFO: Total execution time for kernels is 0.172582s
 INFO: Computing semblance for m0 = 5720
 INFO: Total execution time for kernels is 0.171371s
 INFO: Computing semblance for m0 = 5740
 INFO: Total execution time for kernels is 0.171109s
 INFO: Computing semblance for m0 = 5760
 INFO: Total execution time for kernels is 0.170782s
 INFO: Computing semblance for m0 = 5780
 INFO: Total execution time for kernels is 0.171236s
 INFO: Computing semblance for m0 = 5800
 INFO: Total execution time for kernels is 0.173122s
 INFO: Computing semblance for m0 = 5820
 INFO: Total execution time for kernels is 0.173733s
 INFO: Computing semblance for m0 = 5840
 INFO: Total execution time for kernels is 0.17228s
 INFO: Computing semblance for m0 = 5860
 INFO: Total execution time for kernels is 0.172636s
 INFO: Computing semblance for m0 = 5880
 INFO: Total execution time for kernels is 0.171846s
 INFO: Computing semblance for m0 = 5900
 INFO: Total execution time for kernels is 0.172535s
 INFO: Computing semblance for m0 = 5920
 INFO: Total execution time for kernels is 0.172185s
 INFO: Computing semblance for m0 = 5940
 INFO: Total execution time for kernels is 0.172756s
 INFO: Computing semblance for m0 = 5960
 INFO: Total execution time for kernels is 0.171828s
 INFO: Computing semblance for m0 = 5980
 INFO: Total execution time for kernels is 0.168916s
 INFO: Computing semblance for m0 = 6000
 INFO: Total execution time for kernels is 0.168198s
 INFO: Computing semblance for m0 = 6020
 INFO: Total execution time for kernels is 0.170114s
 INFO: Computing semblance for m0 = 6040
 INFO: Total execution time for kernels is 0.170288s
 INFO: Computing semblance for m0 = 6060
 INFO: Total execution time for kernels is 0.171391s
 INFO: Computing semblance for m0 = 6080
 INFO: Total execution time for kernels is 0.169944s
 INFO: Computing semblance for m0 = 6100
 INFO: Total execution time for kernels is 0.168222s
 INFO: Computing semblance for m0 = 6120
 INFO: Total execution time for kernels is 0.169253s
 INFO: Computing semblance for m0 = 6140
 INFO: Total execution time for kernels is 0.169489s
 INFO: Computing semblance for m0 = 6160
 INFO: Total execution time for kernels is 0.170459s
 INFO: Computing semblance for m0 = 6180
 INFO: Total execution time for kernels is 0.169582s
 INFO: Computing semblance for m0 = 6200
 INFO: Total execution time for kernels is 0.169678s
 INFO: Computing semblance for m0 = 6220
 INFO: Total execution time for kernels is 0.169884s
 INFO: Computing semblance for m0 = 6240
 INFO: Total execution time for kernels is 0.170301s
 INFO: Computing semblance for m0 = 6260
 INFO: Total execution time for kernels is 0.170639s
 INFO: Computing semblance for m0 = 6280
 INFO: Total execution time for kernels is 0.17117s
 INFO: Computing semblance for m0 = 6300
 INFO: Total execution time for kernels is 0.169819s
 INFO: Computing semblance for m0 = 6320
 INFO: Total execution time for kernels is 0.169036s
 INFO: Computing semblance for m0 = 6340
 INFO: Total execution time for kernels is 0.169304s
 INFO: Computing semblance for m0 = 6360
 INFO: Total execution time for kernels is 0.170569s
 INFO: Computing semblance for m0 = 6380
 INFO: Total execution time for kernels is 0.172051s
 INFO: Computing semblance for m0 = 6400
 INFO: Total execution time for kernels is 0.170512s
 INFO: Computing semblance for m0 = 6420
 INFO: Total execution time for kernels is 0.16977s
 INFO: Computing semblance for m0 = 6440
 INFO: Total execution time for kernels is 0.169908s
 INFO: Computing semblance for m0 = 6460
 INFO: Total execution time for kernels is 0.169876s
 INFO: Computing semblance for m0 = 6480
 INFO: Total execution time for kernels is 0.170681s
 INFO: Computing semblance for m0 = 6500
 INFO: Total execution time for kernels is 0.172762s
 INFO: Computing semblance for m0 = 6520
 INFO: Total execution time for kernels is 0.172234s
 INFO: Computing semblance for m0 = 6540
 INFO: Total execution time for kernels is 0.169036s
 INFO: Computing semblance for m0 = 6560
 INFO: Total execution time for kernels is 0.169918s
 INFO: Computing semblance for m0 = 6580
 INFO: Total execution time for kernels is 0.170242s
 INFO: Computing semblance for m0 = 6600
 INFO: Total execution time for kernels is 0.170234s
 INFO: Computing semblance for m0 = 6620
 INFO: Total execution time for kernels is 0.173288s
 INFO: Computing semblance for m0 = 6640
 INFO: Total execution time for kernels is 0.171394s
 INFO: Computing semblance for m0 = 6660
 INFO: Total execution time for kernels is 0.171116s
 INFO: Computing semblance for m0 = 6680
 INFO: Total execution time for kernels is 0.169337s
 INFO: Computing semblance for m0 = 6700
 INFO: Total execution time for kernels is 0.169326s
 INFO: Computing semblance for m0 = 6720
 INFO: Total execution time for kernels is 0.170762s
 INFO: Computing semblance for m0 = 6740
 INFO: Total execution time for kernels is 0.171423s
 INFO: Computing semblance for m0 = 6760
 INFO: Total execution time for kernels is 0.170685s
 INFO: Computing semblance for m0 = 6780
 INFO: Total execution time for kernels is 0.171353s
 INFO: Computing semblance for m0 = 6800
 INFO: Total execution time for kernels is 0.168626s
 INFO: Computing semblance for m0 = 6820
 INFO: Total execution time for kernels is 0.169407s
 INFO: Computing semblance for m0 = 6840
 INFO: Total execution time for kernels is 0.169705s
 INFO: Computing semblance for m0 = 6860
 INFO: Total execution time for kernels is 0.171631s
 INFO: Computing semblance for m0 = 6880
 INFO: Total execution time for kernels is 0.171832s
 INFO: Computing semblance for m0 = 6900
 INFO: Total execution time for kernels is 0.171103s
 INFO: Computing semblance for m0 = 6920
 INFO: Total execution time for kernels is 0.169799s
 INFO: Computing semblance for m0 = 6940
 INFO: Total execution time for kernels is 0.168973s
 INFO: Computing semblance for m0 = 6960
 INFO: Total execution time for kernels is 0.169387s
 INFO: Computing semblance for m0 = 6980
 INFO: Total execution time for kernels is 0.171015s
 INFO: Computing semblance for m0 = 7000
 INFO: Total execution time for kernels is 0.170866s
 INFO: Computing semblance for m0 = 7020
 INFO: Total execution time for kernels is 0.172442s
 INFO: Computing semblance for m0 = 7040
 INFO: Total execution time for kernels is 0.170989s
 INFO: Computing semblance for m0 = 7060
 INFO: Total execution time for kernels is 0.170653s
 INFO: Computing semblance for m0 = 7080
 INFO: Total execution time for kernels is 0.170719s
 INFO: Computing semblance for m0 = 7100
 INFO: Total execution time for kernels is 0.171921s
 INFO: Computing semblance for m0 = 7120
 INFO: Total execution time for kernels is 0.171358s
 INFO: Computing semblance for m0 = 7140
 INFO: Total execution time for kernels is 0.172436s
 INFO: Computing semblance for m0 = 7160
 INFO: Total execution time for kernels is 0.171522s
 INFO: Computing semblance for m0 = 7180
 INFO: Total execution time for kernels is 0.172528s
 INFO: Computing semblance for m0 = 7200
 INFO: Total execution time for kernels is 0.171095s
 INFO: Computing semblance for m0 = 7220
 INFO: Total execution time for kernels is 0.170626s
 INFO: Computing semblance for m0 = 7240
 INFO: Total execution time for kernels is 0.170772s
 INFO: Computing semblance for m0 = 7260
 INFO: Total execution time for kernels is 0.171799s
 INFO: Computing semblance for m0 = 7280
 INFO: Total execution time for kernels is 0.170701s
 INFO: Computing semblance for m0 = 7300
 INFO: Total execution time for kernels is 0.172699s
 INFO: Computing semblance for m0 = 7320
 INFO: Total execution time for kernels is 0.172356s
 INFO: Computing semblance for m0 = 7340
 INFO: Total execution time for kernels is 0.171544s
 INFO: Computing semblance for m0 = 7360
 INFO: Total execution time for kernels is 0.171971s
 INFO: Computing semblance for m0 = 7380
 INFO: Total execution time for kernels is 0.170624s
 INFO: Computing semblance for m0 = 7400
 INFO: Total execution time for kernels is 0.170311s
 INFO: Computing semblance for m0 = 7420
 INFO: Total execution time for kernels is 0.17234s
 INFO: Computing semblance for m0 = 7440
 INFO: Total execution time for kernels is 0.170442s
 INFO: Computing semblance for m0 = 7460
 INFO: Total execution time for kernels is 0.171595s
 INFO: Computing semblance for m0 = 7480
 INFO: Total execution time for kernels is 0.172046s
 INFO: Computing semblance for m0 = 7500
 INFO: Total execution time for kernels is 0.171846s
 INFO: Computing semblance for m0 = 7520
 INFO: Total execution time for kernels is 0.172649s
 INFO: Computing semblance for m0 = 7540
 INFO: Total execution time for kernels is 0.171298s
 INFO: Computing semblance for m0 = 7560
 INFO: Total execution time for kernels is 0.170264s
 INFO: Computing semblance for m0 = 7580
 INFO: Total execution time for kernels is 0.169706s
 INFO: Computing semblance for m0 = 7600
 INFO: Total execution time for kernels is 0.170706s
 INFO: Computing semblance for m0 = 7620
 INFO: Total execution time for kernels is 0.171027s
 INFO: Computing semblance for m0 = 7640
 INFO: Total execution time for kernels is 0.170878s
 INFO: Computing semblance for m0 = 7660
 INFO: Total execution time for kernels is 0.17128s
 INFO: Computing semblance for m0 = 7680
 INFO: Total execution time for kernels is 0.169755s
 INFO: Computing semblance for m0 = 7700
 INFO: Total execution time for kernels is 0.168908s
 INFO: Computing semblance for m0 = 7720
 INFO: Total execution time for kernels is 0.169828s
 INFO: Computing semblance for m0 = 7740
 INFO: Total execution time for kernels is 0.171773s
 INFO: Computing semblance for m0 = 7760
 INFO: Total execution time for kernels is 0.17231s
 INFO: Computing semblance for m0 = 7780
 INFO: Total execution time for kernels is 0.172127s
 INFO: Computing semblance for m0 = 7800
 INFO: Total execution time for kernels is 0.170918s
 INFO: Computing semblance for m0 = 7820
 INFO: Total execution time for kernels is 0.16922s
 INFO: Computing semblance for m0 = 7840
 INFO: Total execution time for kernels is 0.171378s
 INFO: Computing semblance for m0 = 7860
 INFO: Total execution time for kernels is 0.170462s
 INFO: Computing semblance for m0 = 7880
 INFO: Total execution time for kernels is 0.171744s
 INFO: Computing semblance for m0 = 7900
 INFO: Total execution time for kernels is 0.171651s
 INFO: Computing semblance for m0 = 7920
 INFO: Total execution time for kernels is 0.17211s
 INFO: Computing semblance for m0 = 7940
 INFO: Total execution time for kernels is 0.171128s
 INFO: Computing semblance for m0 = 7960
 INFO: Total execution time for kernels is 0.169156s
 INFO: Computing semblance for m0 = 7980
 INFO: Total execution time for kernels is 0.169364s
 INFO: Computing semblance for m0 = 8000
 INFO: Total execution time for kernels is 0.169477s
 INFO: Computing semblance for m0 = 8020
 INFO: Total execution time for kernels is 0.171593s
 INFO: Computing semblance for m0 = 8040
 INFO: Total execution time for kernels is 0.170282s
 INFO: Computing semblance for m0 = 8060
 INFO: Total execution time for kernels is 0.16968s
 INFO: Computing semblance for m0 = 8080
 INFO: Total execution time for kernels is 0.168186s
 INFO: Computing semblance for m0 = 8100
 INFO: Total execution time for kernels is 0.168026s
 INFO: Computing semblance for m0 = 8120
 INFO: Total execution time for kernels is 0.167838s
 INFO: Computing semblance for m0 = 8140
 INFO: Total execution time for kernels is 0.169971s
 INFO: Computing semblance for m0 = 8160
 INFO: Total execution time for kernels is 0.168378s
 INFO: Computing semblance for m0 = 8180
 INFO: Total execution time for kernels is 0.169659s
 INFO: Computing semblance for m0 = 8200
 INFO: Total execution time for kernels is 0.168205s
 INFO: Computing semblance for m0 = 8220
 INFO: Total execution time for kernels is 0.168108s
 INFO: Computing semblance for m0 = 8240
 INFO: Total execution time for kernels is 0.168899s
 INFO: Computing semblance for m0 = 8260
 INFO: Total execution time for kernels is 0.169068s
 INFO: Computing semblance for m0 = 8280
 INFO: Total execution time for kernels is 0.1695s
 INFO: Computing semblance for m0 = 8300
 INFO: Total execution time for kernels is 0.168063s
 INFO: Computing semblance for m0 = 8320
 INFO: Total execution time for kernels is 0.167956s
 INFO: Computing semblance for m0 = 8340
 INFO: Total execution time for kernels is 0.169784s
 INFO: Computing semblance for m0 = 8360
 INFO: Total execution time for kernels is 0.16965s
 INFO: Computing semblance for m0 = 8380
 INFO: Total execution time for kernels is 0.16837s
 INFO: Computing semblance for m0 = 8400
 INFO: Total execution time for kernels is 0.168096s
 INFO: Computing semblance for m0 = 8420
 INFO: Total execution time for kernels is 0.169989s
 INFO: Computing semblance for m0 = 8440
 INFO: Total execution time for kernels is 0.168484s
 INFO: Computing semblance for m0 = 8460
 INFO: Total execution time for kernels is 0.168317s
 INFO: Computing semblance for m0 = 8480
 INFO: Total execution time for kernels is 0.168354s
 INFO: Computing semblance for m0 = 8500
 INFO: Total execution time for kernels is 0.169118s
 INFO: Computing semblance for m0 = 8520
 INFO: Total execution time for kernels is 0.169419s
 INFO: Computing semblance for m0 = 8540
 INFO: Total execution time for kernels is 0.166993s
 INFO: Computing semblance for m0 = 8560
 INFO: Total execution time for kernels is 0.168682s
 INFO: Computing semblance for m0 = 8580
 INFO: Total execution time for kernels is 0.169395s
 INFO: Computing semblance for m0 = 8600
 INFO: Total execution time for kernels is 0.169028s
 INFO: Computing semblance for m0 = 8620
 INFO: Total execution time for kernels is 0.167864s
 INFO: Computing semblance for m0 = 8640
 INFO: Total execution time for kernels is 0.168683s
 INFO: Computing semblance for m0 = 8660
 INFO: Total execution time for kernels is 0.168974s
 INFO: Computing semblance for m0 = 8680
 INFO: Total execution time for kernels is 0.169306s
 INFO: Computing semblance for m0 = 8700
 INFO: Total execution time for kernels is 0.16801s
 INFO: Computing semblance for m0 = 8720
 INFO: Total execution time for kernels is 0.169533s
 INFO: Computing semblance for m0 = 8740
 INFO: Total execution time for kernels is 0.169074s
 INFO: Computing semblance for m0 = 8760
 INFO: Total execution time for kernels is 0.169561s
 INFO: Computing semblance for m0 = 8780
 INFO: Total execution time for kernels is 0.168944s
 INFO: Computing semblance for m0 = 8800
 INFO: Total execution time for kernels is 0.169517s
 INFO: Computing semblance for m0 = 8820
 INFO: Total execution time for kernels is 0.168682s
 INFO: Computing semblance for m0 = 8840
 INFO: Total execution time for kernels is 0.170516s
 INFO: Computing semblance for m0 = 8860
 INFO: Total execution time for kernels is 0.171074s
 INFO: Computing semblance for m0 = 8880
 INFO: Total execution time for kernels is 0.16898s
 INFO: Computing semblance for m0 = 8900
 INFO: Total execution time for kernels is 0.169382s
 INFO: Computing semblance for m0 = 8920
 INFO: Total execution time for kernels is 0.170276s
 INFO: Computing semblance for m0 = 8940
 INFO: Total execution time for kernels is 0.169655s
 INFO: Computing semblance for m0 = 8960
 INFO: Total execution time for kernels is 0.169202s
 INFO: Computing semblance for m0 = 8980
 INFO: Total execution time for kernels is 0.167256s
 INFO: Computing semblance for m0 = 9000
 INFO: Total execution time for kernels is 0.16652s
 INFO: Computing semblance for m0 = 9020
 INFO: Total execution time for kernels is 0.166738s
 INFO: Computing semblance for m0 = 9040
 INFO: Total execution time for kernels is 0.162582s
 INFO: Computing semblance for m0 = 9060
 INFO: Total execution time for kernels is 0.162255s
 INFO: Computing semblance for m0 = 9080
 INFO: Total execution time for kernels is 0.158489s
 INFO: Computing semblance for m0 = 9100
 INFO: Total execution time for kernels is 0.158913s
 INFO: Computing semblance for m0 = 9120
 INFO: Total execution time for kernels is 0.155532s
 INFO: Computing semblance for m0 = 9140
 INFO: Total execution time for kernels is 0.150869s
 INFO: Computing semblance for m0 = 9160
 INFO: Total execution time for kernels is 0.14766s
 INFO: Computing semblance for m0 = 9180
 INFO: Total execution time for kernels is 0.143223s
 INFO: Computing semblance for m0 = 9200
 INFO: Total execution time for kernels is 0.139782s
 INFO: Computing semblance for m0 = 9220
 INFO: Total execution time for kernels is 0.135514s
 INFO: Computing semblance for m0 = 9240
 INFO: Total execution time for kernels is 0.131508s
 INFO: Computing semblance for m0 = 9260
 INFO: Total execution time for kernels is 0.127375s
 INFO: Computing semblance for m0 = 9280
 INFO: Total execution time for kernels is 0.124795s
 INFO: Computing semblance for m0 = 9300
 INFO: Total execution time for kernels is 0.117873s
 INFO: Computing semblance for m0 = 9320
 INFO: Total execution time for kernels is 0.115329s
 INFO: Computing semblance for m0 = 9340
 INFO: Total execution time for kernels is 0.112559s
 INFO: Computing semblance for m0 = 9360
 INFO: Total execution time for kernels is 0.106628s
 INFO: Computing semblance for m0 = 9380
 INFO: Total execution time for kernels is 0.104382s
 INFO: Computing semblance for m0 = 9400
 INFO: Total execution time for kernels is 0.100944s
 INFO: Computing semblance for m0 = 9420
 INFO: Total execution time for kernels is 0.0964215s
 INFO: Computing semblance for m0 = 9440
 INFO: Total execution time for kernels is 0.0933292s
 INFO: Computing semblance for m0 = 9460
 INFO: Total execution time for kernels is 0.0888546s
 INFO: Computing semblance for m0 = 9480
 INFO: Total execution time for kernels is 0.0843488s
 INFO: Computing semblance for m0 = 9500
 INFO: Total execution time for kernels is 0.0791395s
 INFO: Computing semblance for m0 = 9520
 INFO: Total execution time for kernels is 0.0766149s
 INFO: Computing semblance for m0 = 9540
 INFO: Total execution time for kernels is 0.0748016s
 INFO: Computing semblance for m0 = 9560
 INFO: Total execution time for kernels is 0.0702184s
 INFO: Computing semblance for m0 = 9580
 INFO: Total execution time for kernels is 0.0651895s
 INFO: Computing semblance for m0 = 9600
 INFO: Total execution time for kernels is 0.0623046s
 INFO: Computing semblance for m0 = 9620
 INFO: Total execution time for kernels is 0.0580971s
 INFO: Computing semblance for m0 = 9640
 INFO: Total execution time for kernels is 0.0545341s
 INFO: Computing semblance for m0 = 9660
 INFO: Total execution time for kernels is 0.0509784s
 INFO: Computing semblance for m0 = 9680
 INFO: Total execution time for kernels is 0.0469772s
 INFO: Computing semblance for m0 = 9700
 INFO: Total execution time for kernels is 0.0437961s
 INFO: Computing semblance for m0 = 9720
 INFO: Total execution time for kernels is 0.0397201s
 INFO: Computing semblance for m0 = 9740
 INFO: Total execution time for kernels is 0.0374175s
 INFO: Computing semblance for m0 = 9760
 INFO: Total execution time for kernels is 0.0338558s
 INFO: Computing semblance for m0 = 9780
 INFO: Total execution time for kernels is 0.0302849s
 INFO: Computing semblance for m0 = 9800
 INFO: Total execution time for kernels is 0.0271252s
 INFO: Computing semblance for m0 = 9820
 INFO: Total execution time for kernels is 0.0232787s
 INFO: Computing semblance for m0 = 9840
 INFO: Total execution time for kernels is 0.0202726s
 INFO: Computing semblance for m0 = 9860
 INFO: Total execution time for kernels is 0.017391s
 INFO: Computing semblance for m0 = 9880
 INFO: Total execution time for kernels is 0.0149354s
 INFO: Computing semblance for m0 = 9900
 INFO: Total execution time for kernels is 0.0123281s
 INFO: Computing semblance for m0 = 9920
 INFO: Total execution time for kernels is 0.0104736s
 INFO: Computing semblance for m0 = 9940
 INFO: Total execution time for kernels is 0.00862317s
 INFO: Average of efficiency is 1
 INFO: Average of interpolations_per_sec is 9.87295e+10
 INFO: Average of selected_traces is 309.888
 INFO: Average of total_selection_kernel_exec_time is 0.00295382
 INFO: Average of total_kernel_exec_time is 0.15249
 INFO: Driver init. duration is 0.0439733 s
 INFO: Read gather duration is 0.0996774 s
 INFO: Parse args. duration is 0.000179153 s
 INFO: Worker threads duration is 71.4881 s
 INFO: Dump results duration is 0.560271 s
 INFO: Thread/block is 32
 INFO: Results written to /home/ubuntu/nfs/out/55766d4e2_master_g4dn.xlarge/zocrs/de/cuda/simple-synthetic_32_2/simple-synthetic_de_zocrs_20210307_1847/
 INFO: It took 72.2028s to compute.
