 INFO: Number of CDPs = 445
 INFO: Number of traces in the gather = 9200
 INFO: Number of samples per trace = 2502
 INFO: Starting worker threads...
 INFO: Computing semblance for m0 = 0
 INFO: Computing semblance for m0 = 1080
 INFO: Computing semblance for m0 = 1100
 INFO: Computing semblance for m0 = 1120
 INFO: Computing semblance for m0 = 1140
 INFO: Computing semblance for m0 = 1160
 INFO: Computing semblance for m0 = 1180
 INFO: Computing semblance for m0 = 1200
 INFO: Total execution time for kernels is 0.00395073s
 INFO: Computing semblance for m0 = 1220
 INFO: Total execution time for kernels is 0.305226s
 INFO: Computing semblance for m0 = 1240
 INFO: Total execution time for kernels is 0.321967s
 INFO: Computing semblance for m0 = 1260
 INFO: Total execution time for kernels is 0.327188s
 INFO: Computing semblance for m0 = 1280
 INFO: Total execution time for kernels is 0.343292s
 INFO: Computing semblance for m0 = 1300
 INFO: Total execution time for kernels is 0.351214s
 INFO: Computing semblance for m0 = 1320
 INFO: Total execution time for kernels is 0.369876s
 INFO: Computing semblance for m0 = 1340
 INFO: Total execution time for kernels is 0.386064s
 INFO: Computing semblance for m0 = 1360
 INFO: Total execution time for kernels is 0.36653s
 INFO: Computing semblance for m0 = 1380
 INFO: Total execution time for kernels is 0.33677s
 INFO: Computing semblance for m0 = 1400
 INFO: Total execution time for kernels is 0.339482s
 INFO: Computing semblance for m0 = 1420
 INFO: Total execution time for kernels is 0.36542s
 INFO: Computing semblance for m0 = 1440
 INFO: Total execution time for kernels is 0.367181s
 INFO: Computing semblance for m0 = 1460
 INFO: Total execution time for kernels is 0.378947s
 INFO: Computing semblance for m0 = 1480
 INFO: Total execution time for kernels is 0.39059s
 INFO: Computing semblance for m0 = 1500
 INFO: Total execution time for kernels is 0.423319s
 INFO: Computing semblance for m0 = 1520
 INFO: Total execution time for kernels is 0.426684s
 INFO: Computing semblance for m0 = 1540
 INFO: Total execution time for kernels is 0.467396s
 INFO: Computing semblance for m0 = 1560
 INFO: Total execution time for kernels is 0.492569s
 INFO: Computing semblance for m0 = 1580
 INFO: Total execution time for kernels is 0.504989s
 INFO: Computing semblance for m0 = 1600
 INFO: Total execution time for kernels is 0.529171s
 INFO: Computing semblance for m0 = 1620
 INFO: Total execution time for kernels is 0.563475s
 INFO: Computing semblance for m0 = 1640
 INFO: Total execution time for kernels is 0.613606s
 INFO: Computing semblance for m0 = 1660
 INFO: Total execution time for kernels is 0.653456s
 INFO: Computing semblance for m0 = 1680
 INFO: Total execution time for kernels is 0.67892s
 INFO: Computing semblance for m0 = 1700
 INFO: Total execution time for kernels is 0.751552s
 INFO: Computing semblance for m0 = 1720
 INFO: Total execution time for kernels is 0.785546s
 INFO: Computing semblance for m0 = 1740
 INFO: Total execution time for kernels is 0.785556s
 INFO: Computing semblance for m0 = 1760
 INFO: Total execution time for kernels is 0.810145s
 INFO: Computing semblance for m0 = 1780
 INFO: Total execution time for kernels is 0.854576s
 INFO: Computing semblance for m0 = 1800
 INFO: Total execution time for kernels is 0.913526s
 INFO: Computing semblance for m0 = 1820
 INFO: Total execution time for kernels is 0.960551s
 INFO: Computing semblance for m0 = 1840
 INFO: Total execution time for kernels is 0.967739s
 INFO: Computing semblance for m0 = 1860
 INFO: Total execution time for kernels is 1.06885s
 INFO: Computing semblance for m0 = 1880
 INFO: Total execution time for kernels is 1.09601s
 INFO: Computing semblance for m0 = 1900
 INFO: Total execution time for kernels is 1.07643s
 INFO: Computing semblance for m0 = 1920
 INFO: Total execution time for kernels is 1.10772s
 INFO: Computing semblance for m0 = 1940
 INFO: Total execution time for kernels is 1.16082s
 INFO: Computing semblance for m0 = 1960
 INFO: Total execution time for kernels is 1.23653s
 INFO: Computing semblance for m0 = 1980
 INFO: Total execution time for kernels is 1.27379s
 INFO: Computing semblance for m0 = 2000
 INFO: Total execution time for kernels is 1.26537s
 INFO: Computing semblance for m0 = 2020
 INFO: Total execution time for kernels is 1.38574s
 INFO: Computing semblance for m0 = 2040
 INFO: Total execution time for kernels is 1.35129s
 INFO: Computing semblance for m0 = 2060
 INFO: Total execution time for kernels is 1.3947s
 INFO: Computing semblance for m0 = 2080
 INFO: Total execution time for kernels is 1.36289s
 INFO: Computing semblance for m0 = 2100
 INFO: Total execution time for kernels is 1.40258s
 INFO: Computing semblance for m0 = 2120
 INFO: Total execution time for kernels is 1.46735s
 INFO: Computing semblance for m0 = 2140
 INFO: Total execution time for kernels is 1.47957s
 INFO: Computing semblance for m0 = 2160
 INFO: Total execution time for kernels is 1.43624s
 INFO: Computing semblance for m0 = 2180
 INFO: Total execution time for kernels is 1.45181s
 INFO: Computing semblance for m0 = 2200
 INFO: Total execution time for kernels is 1.55385s
 INFO: Computing semblance for m0 = 2220
 INFO: Total execution time for kernels is 1.46427s
 INFO: Computing semblance for m0 = 2240
 INFO: Total execution time for kernels is 1.5508s
 INFO: Computing semblance for m0 = 2260
 INFO: Total execution time for kernels is 1.47719s
 INFO: Computing semblance for m0 = 2280
 INFO: Total execution time for kernels is 1.52515s
 INFO: Computing semblance for m0 = 2300
 INFO: Total execution time for kernels is 1.46491s
 INFO: Computing semblance for m0 = 2320
 INFO: Total execution time for kernels is 1.52074s
 INFO: Computing semblance for m0 = 2340
 INFO: Total execution time for kernels is 1.46229s
 INFO: Computing semblance for m0 = 2360
 INFO: Total execution time for kernels is 1.4644s
 INFO: Computing semblance for m0 = 2380
 INFO: Total execution time for kernels is 1.58199s
 INFO: Computing semblance for m0 = 2400
 INFO: Total execution time for kernels is 1.56199s
 INFO: Computing semblance for m0 = 2420
 INFO: Total execution time for kernels is 1.48444s
 INFO: Computing semblance for m0 = 2440
 INFO: Total execution time for kernels is 1.51943s
 INFO: Computing semblance for m0 = 2460
 INFO: Total execution time for kernels is 1.47408s
 INFO: Computing semblance for m0 = 2480
 INFO: Total execution time for kernels is 1.54163s
 INFO: Computing semblance for m0 = 2500
 INFO: Total execution time for kernels is 1.47828s
 INFO: Computing semblance for m0 = 2520
 INFO: Total execution time for kernels is 1.47212s
 INFO: Computing semblance for m0 = 2540
 INFO: Total execution time for kernels is 1.58733s
 INFO: Computing semblance for m0 = 2560
 INFO: Total execution time for kernels is 1.56624s
 INFO: Computing semblance for m0 = 2580
 INFO: Total execution time for kernels is 1.49474s
 INFO: Computing semblance for m0 = 2600
 INFO: Total execution time for kernels is 1.5307s
 INFO: Computing semblance for m0 = 2620
 INFO: Total execution time for kernels is 1.47693s
 INFO: Computing semblance for m0 = 2640
 INFO: Total execution time for kernels is 1.53655s
 INFO: Computing semblance for m0 = 2660
 INFO: Total execution time for kernels is 1.47638s
 INFO: Computing semblance for m0 = 2680
 INFO: Total execution time for kernels is 1.47806s
 INFO: Computing semblance for m0 = 2700
 INFO: Total execution time for kernels is 1.59152s
 INFO: Computing semblance for m0 = 2720
 INFO: Total execution time for kernels is 1.50349s
 INFO: Computing semblance for m0 = 2740
 INFO: Total execution time for kernels is 1.56571s
 INFO: Computing semblance for m0 = 2760
 INFO: Total execution time for kernels is 1.48243s
 INFO: Computing semblance for m0 = 2780
 INFO: Total execution time for kernels is 1.54303s
 INFO: Computing semblance for m0 = 2800
 INFO: Total execution time for kernels is 1.54388s
 INFO: Computing semblance for m0 = 2820
 INFO: Total execution time for kernels is 1.4812s
 INFO: Computing semblance for m0 = 2840
 INFO: Total execution time for kernels is 1.48535s
 INFO: Computing semblance for m0 = 2860
 INFO: Total execution time for kernels is 1.5031s
 INFO: Computing semblance for m0 = 2880
 INFO: Total execution time for kernels is 1.59311s
 INFO: Computing semblance for m0 = 2900
 INFO: Total execution time for kernels is 1.57102s
 INFO: Computing semblance for m0 = 2920
 INFO: Total execution time for kernels is 1.48432s
 INFO: Computing semblance for m0 = 2940
 INFO: Total execution time for kernels is 1.54249s
 INFO: Computing semblance for m0 = 2960
 INFO: Total execution time for kernels is 1.53893s
 INFO: Computing semblance for m0 = 2980
 INFO: Total execution time for kernels is 1.48102s
 INFO: Computing semblance for m0 = 3000
 INFO: Total execution time for kernels is 1.48976s
 INFO: Computing semblance for m0 = 3020
 INFO: Total execution time for kernels is 1.50455s
 INFO: Computing semblance for m0 = 3040
 INFO: Total execution time for kernels is 1.56827s
 INFO: Computing semblance for m0 = 3060
 INFO: Total execution time for kernels is 1.6003s
 INFO: Computing semblance for m0 = 3080
 INFO: Total execution time for kernels is 1.47852s
 INFO: Computing semblance for m0 = 3100
 INFO: Total execution time for kernels is 1.52787s
 INFO: Computing semblance for m0 = 3120
 INFO: Total execution time for kernels is 1.52939s
 INFO: Computing semblance for m0 = 3140
 INFO: Total execution time for kernels is 1.47181s
 INFO: Computing semblance for m0 = 3160
 INFO: Total execution time for kernels is 1.47845s
 INFO: Computing semblance for m0 = 3180
 INFO: Total execution time for kernels is 1.49066s
 INFO: Computing semblance for m0 = 3200
 INFO: Total execution time for kernels is 1.56687s
 INFO: Computing semblance for m0 = 3220
 INFO: Total execution time for kernels is 1.59139s
 INFO: Computing semblance for m0 = 3240
 INFO: Total execution time for kernels is 1.47649s
 INFO: Computing semblance for m0 = 3260
 INFO: Total execution time for kernels is 1.534s
 INFO: Computing semblance for m0 = 3280
 INFO: Total execution time for kernels is 1.53792s
 INFO: Computing semblance for m0 = 3300
 INFO: Total execution time for kernels is 1.47661s
 INFO: Computing semblance for m0 = 3320
 INFO: Total execution time for kernels is 1.47846s
 INFO: Computing semblance for m0 = 3340
 INFO: Total execution time for kernels is 1.49142s
 INFO: Computing semblance for m0 = 3360
 INFO: Total execution time for kernels is 1.56642s
 INFO: Computing semblance for m0 = 3380
 INFO: Total execution time for kernels is 1.47013s
 INFO: Computing semblance for m0 = 3400
 INFO: Total execution time for kernels is 1.58538s
 INFO: Computing semblance for m0 = 3420
 INFO: Total execution time for kernels is 1.52874s
 INFO: Computing semblance for m0 = 3440
 INFO: Total execution time for kernels is 1.52789s
 INFO: Computing semblance for m0 = 3460
 INFO: Total execution time for kernels is 1.46336s
 INFO: Computing semblance for m0 = 3480
 INFO: Total execution time for kernels is 1.46963s
 INFO: Computing semblance for m0 = 3500
 INFO: Total execution time for kernels is 1.48882s
 INFO: Computing semblance for m0 = 3520
 INFO: Total execution time for kernels is 1.47449s
 INFO: Computing semblance for m0 = 3540
 INFO: Total execution time for kernels is 1.56089s
 INFO: Computing semblance for m0 = 3560
 INFO: Total execution time for kernels is 1.59021s
 INFO: Computing semblance for m0 = 3580
 INFO: Total execution time for kernels is 1.52528s
 INFO: Computing semblance for m0 = 3600
 INFO: Total execution time for kernels is 1.53198s
 INFO: Computing semblance for m0 = 3620
 INFO: Total execution time for kernels is 1.47111s
 INFO: Computing semblance for m0 = 3640
 INFO: Total execution time for kernels is 1.47342s
 INFO: Computing semblance for m0 = 3660
 INFO: Total execution time for kernels is 1.47673s
 INFO: Computing semblance for m0 = 3680
 INFO: Total execution time for kernels is 1.46981s
 INFO: Computing semblance for m0 = 3700
 INFO: Total execution time for kernels is 1.55893s
 INFO: Computing semblance for m0 = 3720
 INFO: Total execution time for kernels is 1.57568s
 INFO: Computing semblance for m0 = 3740
 INFO: Total execution time for kernels is 1.51197s
 INFO: Computing semblance for m0 = 3760
 INFO: Total execution time for kernels is 1.52056s
 INFO: Computing semblance for m0 = 3780
 INFO: Total execution time for kernels is 1.45388s
 INFO: Computing semblance for m0 = 3800
 INFO: Total execution time for kernels is 1.46701s
 INFO: Computing semblance for m0 = 3820
 INFO: Total execution time for kernels is 1.47655s
 INFO: Computing semblance for m0 = 3840
 INFO: Total execution time for kernels is 1.45599s
 INFO: Computing semblance for m0 = 3860
 INFO: Total execution time for kernels is 1.55044s
 INFO: Computing semblance for m0 = 3880
 INFO: Total execution time for kernels is 1.58154s
 INFO: Computing semblance for m0 = 3900
 INFO: Total execution time for kernels is 1.52106s
 INFO: Computing semblance for m0 = 3920
 INFO: Total execution time for kernels is 1.52504s
 INFO: Computing semblance for m0 = 3940
 INFO: Total execution time for kernels is 1.45478s
 INFO: Computing semblance for m0 = 3960
 INFO: Total execution time for kernels is 1.47017s
 INFO: Computing semblance for m0 = 3980
 INFO: Total execution time for kernels is 1.47822s
 INFO: Computing semblance for m0 = 4000
 INFO: Total execution time for kernels is 1.47246s
 INFO: Computing semblance for m0 = 4020
 INFO: Total execution time for kernels is 1.55544s
 INFO: Computing semblance for m0 = 4040
 INFO: Total execution time for kernels is 1.52263s
 INFO: Computing semblance for m0 = 4060
 INFO: Total execution time for kernels is 1.58343s
 INFO: Computing semblance for m0 = 4080
 INFO: Total execution time for kernels is 1.45861s
 INFO: Computing semblance for m0 = 4100
 INFO: Total execution time for kernels is 1.526s
 INFO: Computing semblance for m0 = 4120
 INFO: Total execution time for kernels is 1.47205s
 INFO: Computing semblance for m0 = 4140
 INFO: Total execution time for kernels is 1.47874s
 INFO: Computing semblance for m0 = 4160
 INFO: Total execution time for kernels is 1.45724s
 INFO: Computing semblance for m0 = 4180
 INFO: Total execution time for kernels is 1.54282s
 INFO: Computing semblance for m0 = 4200
 INFO: Total execution time for kernels is 1.52281s
 INFO: Computing semblance for m0 = 4220
 INFO: Total execution time for kernels is 1.58175s
 INFO: Computing semblance for m0 = 4240
 INFO: Total execution time for kernels is 1.4639s
 INFO: Computing semblance for m0 = 4260
 INFO: Total execution time for kernels is 1.51675s
 INFO: Computing semblance for m0 = 4280
 INFO: Total execution time for kernels is 1.47134s
 INFO: Computing semblance for m0 = 4300
 INFO: Total execution time for kernels is 1.47966s
 INFO: Computing semblance for m0 = 4320
 INFO: Total execution time for kernels is 1.46247s
 INFO: Computing semblance for m0 = 4340
 INFO: Total execution time for kernels is 1.5501s
 INFO: Computing semblance for m0 = 4360
 INFO: Total execution time for kernels is 1.53287s
 INFO: Computing semblance for m0 = 4380
 INFO: Total execution time for kernels is 1.47067s
 INFO: Computing semblance for m0 = 4400
 INFO: Total execution time for kernels is 1.59158s
 INFO: Computing semblance for m0 = 4420
 INFO: Total execution time for kernels is 1.52953s
 INFO: Computing semblance for m0 = 4440
 INFO: Total execution time for kernels is 1.47895s
 INFO: Computing semblance for m0 = 4460
 INFO: Total execution time for kernels is 1.48355s
 INFO: Computing semblance for m0 = 4480
 INFO: Total execution time for kernels is 1.46996s
 INFO: Computing semblance for m0 = 4500
 INFO: Total execution time for kernels is 1.56005s
 INFO: Computing semblance for m0 = 4520
 INFO: Total execution time for kernels is 1.53349s
 INFO: Computing semblance for m0 = 4540
 INFO: Total execution time for kernels is 1.4719s
 INFO: Computing semblance for m0 = 4560
 INFO: Total execution time for kernels is 1.59442s
 INFO: Computing semblance for m0 = 4580
 INFO: Total execution time for kernels is 1.47976s
 INFO: Computing semblance for m0 = 4600
 INFO: Total execution time for kernels is 1.52651s
 INFO: Computing semblance for m0 = 4620
 INFO: Total execution time for kernels is 1.49453s
 INFO: Computing semblance for m0 = 4640
 INFO: Total execution time for kernels is 1.47624s
 INFO: Computing semblance for m0 = 4660
 INFO: Total execution time for kernels is 1.46236s
 INFO: Computing semblance for m0 = 4680
 INFO: Total execution time for kernels is 1.55605s
 INFO: Computing semblance for m0 = 4700
 INFO: Total execution time for kernels is 1.52079s
 INFO: Computing semblance for m0 = 4720
 INFO: Total execution time for kernels is 1.47401s
 INFO: Computing semblance for m0 = 4740
 INFO: Total execution time for kernels is 1.51711s
 INFO: Computing semblance for m0 = 4760
 INFO: Total execution time for kernels is 1.5884s
 INFO: Computing semblance for m0 = 4780
 INFO: Total execution time for kernels is 1.47836s
 INFO: Computing semblance for m0 = 4800
 INFO: Total execution time for kernels is 1.46972s
 INFO: Computing semblance for m0 = 4820
 INFO: Total execution time for kernels is 1.45488s
 INFO: Computing semblance for m0 = 4840
 INFO: Total execution time for kernels is 1.51871s
 INFO: Computing semblance for m0 = 4860
 INFO: Total execution time for kernels is 1.5552s
 INFO: Computing semblance for m0 = 4880
 INFO: Total execution time for kernels is 1.47531s
 INFO: Computing semblance for m0 = 4900
 INFO: Total execution time for kernels is 1.52885s
 INFO: Computing semblance for m0 = 4920
 INFO: Total execution time for kernels is 1.59706s
 INFO: Computing semblance for m0 = 4940
 INFO: Total execution time for kernels is 1.4949s
 INFO: Computing semblance for m0 = 4960
 INFO: Total execution time for kernels is 1.47837s
 INFO: Computing semblance for m0 = 4980
 INFO: Total execution time for kernels is 1.4737s
 INFO: Computing semblance for m0 = 5000
 INFO: Total execution time for kernels is 1.54251s
 INFO: Computing semblance for m0 = 5020
 INFO: Total execution time for kernels is 1.57019s
 INFO: Computing semblance for m0 = 5040
 INFO: Total execution time for kernels is 1.49128s
 INFO: Computing semblance for m0 = 5060
 INFO: Total execution time for kernels is 1.54252s
 INFO: Computing semblance for m0 = 5080
 INFO: Total execution time for kernels is 1.60851s
 INFO: Computing semblance for m0 = 5100
 INFO: Total execution time for kernels is 1.49802s
 INFO: Computing semblance for m0 = 5120
 INFO: Total execution time for kernels is 1.48653s
 INFO: Computing semblance for m0 = 5140
 INFO: Total execution time for kernels is 1.48492s
 INFO: Computing semblance for m0 = 5160
 INFO: Total execution time for kernels is 1.54657s
 INFO: Computing semblance for m0 = 5180
 INFO: Total execution time for kernels is 1.49704s
 INFO: Computing semblance for m0 = 5200
 INFO: Total execution time for kernels is 1.58348s
 INFO: Computing semblance for m0 = 5220
 INFO: Total execution time for kernels is 1.5441s
 INFO: Computing semblance for m0 = 5240
 INFO: Total execution time for kernels is 1.49715s
 INFO: Computing semblance for m0 = 5260
 INFO: Total execution time for kernels is 1.60464s
 INFO: Computing semblance for m0 = 5280
 INFO: Total execution time for kernels is 1.4894s
 INFO: Computing semblance for m0 = 5300
 INFO: Total execution time for kernels is 1.48501s
 INFO: Computing semblance for m0 = 5320
 INFO: Total execution time for kernels is 1.49622s
 INFO: Computing semblance for m0 = 5340
 INFO: Total execution time for kernels is 1.54133s
 INFO: Computing semblance for m0 = 5360
 INFO: Total execution time for kernels is 1.5793s
 INFO: Computing semblance for m0 = 5380
 INFO: Total execution time for kernels is 1.54028s
 INFO: Computing semblance for m0 = 5400
 INFO: Total execution time for kernels is 1.50755s
 INFO: Computing semblance for m0 = 5420
 INFO: Total execution time for kernels is 1.60239s
 INFO: Computing semblance for m0 = 5440
 INFO: Total execution time for kernels is 1.49419s
 INFO: Computing semblance for m0 = 5460
 INFO: Total execution time for kernels is 1.4847s
 INFO: Computing semblance for m0 = 5480
 INFO: Total execution time for kernels is 1.49474s
 INFO: Computing semblance for m0 = 5500
 INFO: Total execution time for kernels is 1.53557s
 INFO: Computing semblance for m0 = 5520
 INFO: Total execution time for kernels is 1.5749s
 INFO: Computing semblance for m0 = 5540
 INFO: Total execution time for kernels is 1.53838s
 INFO: Computing semblance for m0 = 5560
 INFO: Total execution time for kernels is 1.50824s
 INFO: Computing semblance for m0 = 5580
 INFO: Total execution time for kernels is 1.47814s
 INFO: Computing semblance for m0 = 5600
 INFO: Total execution time for kernels is 1.59992s
 INFO: Computing semblance for m0 = 5620
 INFO: Total execution time for kernels is 1.46725s
 INFO: Computing semblance for m0 = 5640
 INFO: Total execution time for kernels is 1.47413s
 INFO: Computing semblance for m0 = 5660
 INFO: Total execution time for kernels is 1.52598s
 INFO: Computing semblance for m0 = 5680
 INFO: Total execution time for kernels is 1.57292s
 INFO: Computing semblance for m0 = 5700
 INFO: Total execution time for kernels is 1.53348s
 INFO: Computing semblance for m0 = 5720
 INFO: Total execution time for kernels is 1.49136s
 INFO: Computing semblance for m0 = 5740
 INFO: Total execution time for kernels is 1.47942s
 INFO: Computing semblance for m0 = 5760
 INFO: Total execution time for kernels is 1.6038s
 INFO: Computing semblance for m0 = 5780
 INFO: Total execution time for kernels is 1.47566s
 INFO: Computing semblance for m0 = 5800
 INFO: Total execution time for kernels is 1.48603s
 INFO: Computing semblance for m0 = 5820
 INFO: Total execution time for kernels is 1.53412s
 INFO: Computing semblance for m0 = 5840
 INFO: Total execution time for kernels is 1.57582s
 INFO: Computing semblance for m0 = 5860
 INFO: Total execution time for kernels is 1.54388s
 INFO: Computing semblance for m0 = 5880
 INFO: Total execution time for kernels is 1.51065s
 INFO: Computing semblance for m0 = 5900
 INFO: Total execution time for kernels is 1.48833s
 INFO: Computing semblance for m0 = 5920
 INFO: Total execution time for kernels is 1.61107s
 INFO: Computing semblance for m0 = 5940
 INFO: Total execution time for kernels is 1.48754s
 INFO: Computing semblance for m0 = 5960
 INFO: Total execution time for kernels is 1.49848s
 INFO: Computing semblance for m0 = 5980
 INFO: Total execution time for kernels is 1.54666s
 INFO: Computing semblance for m0 = 6000
 INFO: Total execution time for kernels is 1.54234s
 INFO: Computing semblance for m0 = 6020
 INFO: Total execution time for kernels is 1.59065s
 INFO: Computing semblance for m0 = 6040
 INFO: Total execution time for kernels is 1.51224s
 INFO: Computing semblance for m0 = 6060
 INFO: Total execution time for kernels is 1.48224s
 INFO: Computing semblance for m0 = 6080
 INFO: Total execution time for kernels is 1.60015s
 INFO: Computing semblance for m0 = 6100
 INFO: Total execution time for kernels is 1.47399s
 INFO: Computing semblance for m0 = 6120
 INFO: Total execution time for kernels is 1.47514s
 INFO: Computing semblance for m0 = 6140
 INFO: Total execution time for kernels is 1.53051s
 INFO: Computing semblance for m0 = 6160
 INFO: Total execution time for kernels is 1.53577s
 INFO: Computing semblance for m0 = 6180
 INFO: Total execution time for kernels is 1.5031s
 INFO: Computing semblance for m0 = 6200
 INFO: Total execution time for kernels is 1.47192s
 INFO: Computing semblance for m0 = 6220
 INFO: Total execution time for kernels is 1.56789s
 INFO: Computing semblance for m0 = 6240
 INFO: Total execution time for kernels is 1.60052s
 INFO: Computing semblance for m0 = 6260
 INFO: Total execution time for kernels is 1.46792s
 INFO: Computing semblance for m0 = 6280
 INFO: Total execution time for kernels is 1.4837s
 INFO: Computing semblance for m0 = 6300
 INFO: Total execution time for kernels is 1.52464s
 INFO: Computing semblance for m0 = 6320
 INFO: Total execution time for kernels is 1.49582s
 INFO: Computing semblance for m0 = 6340
 INFO: Total execution time for kernels is 1.53921s
 INFO: Computing semblance for m0 = 6360
 INFO: Total execution time for kernels is 1.48791s
 INFO: Computing semblance for m0 = 6380
 INFO: Total execution time for kernels is 1.56514s
 INFO: Computing semblance for m0 = 6400
 INFO: Total execution time for kernels is 1.47811s
 INFO: Computing semblance for m0 = 6420
 INFO: Total execution time for kernels is 1.60678s
 INFO: Computing semblance for m0 = 6440
 INFO: Total execution time for kernels is 1.48695s
 INFO: Computing semblance for m0 = 6460
 INFO: Total execution time for kernels is 1.53736s
 INFO: Computing semblance for m0 = 6480
 INFO: Total execution time for kernels is 1.49121s
 INFO: Computing semblance for m0 = 6500
 INFO: Total execution time for kernels is 1.50277s
 INFO: Computing semblance for m0 = 6520
 INFO: Total execution time for kernels is 1.53601s
 INFO: Computing semblance for m0 = 6540
 INFO: Total execution time for kernels is 1.58177s
 INFO: Computing semblance for m0 = 6560
 INFO: Total execution time for kernels is 1.48504s
 INFO: Computing semblance for m0 = 6580
 INFO: Total execution time for kernels is 1.60264s
 INFO: Computing semblance for m0 = 6600
 INFO: Total execution time for kernels is 1.49477s
 INFO: Computing semblance for m0 = 6620
 INFO: Total execution time for kernels is 1.54192s
 INFO: Computing semblance for m0 = 6640
 INFO: Total execution time for kernels is 1.49084s
 INFO: Computing semblance for m0 = 6660
 INFO: Total execution time for kernels is 1.50591s
 INFO: Computing semblance for m0 = 6680
 INFO: Total execution time for kernels is 1.55598s
 INFO: Computing semblance for m0 = 6700
 INFO: Total execution time for kernels is 1.58467s
 INFO: Computing semblance for m0 = 6720
 INFO: Total execution time for kernels is 1.48741s
 INFO: Computing semblance for m0 = 6740
 INFO: Total execution time for kernels is 1.61116s
 INFO: Computing semblance for m0 = 6760
 INFO: Total execution time for kernels is 1.49677s
 INFO: Computing semblance for m0 = 6780
 INFO: Total execution time for kernels is 1.5448s
 INFO: Computing semblance for m0 = 6800
 INFO: Total execution time for kernels is 1.49127s
 INFO: Computing semblance for m0 = 6820
 INFO: Total execution time for kernels is 1.5027s
 INFO: Computing semblance for m0 = 6840
 INFO: Total execution time for kernels is 1.54405s
 INFO: Computing semblance for m0 = 6860
 INFO: Total execution time for kernels is 1.57401s
 INFO: Computing semblance for m0 = 6880
 INFO: Total execution time for kernels is 1.48802s
 INFO: Computing semblance for m0 = 6900
 INFO: Total execution time for kernels is 1.49582s
 INFO: Computing semblance for m0 = 6920
 INFO: Total execution time for kernels is 1.6035s
 INFO: Computing semblance for m0 = 6940
 INFO: Total execution time for kernels is 1.54368s
 INFO: Computing semblance for m0 = 6960
 INFO: Total execution time for kernels is 1.48543s
 INFO: Computing semblance for m0 = 6980
 INFO: Total execution time for kernels is 1.49773s
 INFO: Computing semblance for m0 = 7000
 INFO: Total execution time for kernels is 1.54808s
 INFO: Computing semblance for m0 = 7020
 INFO: Total execution time for kernels is 1.58268s
 INFO: Computing semblance for m0 = 7040
 INFO: Total execution time for kernels is 1.49407s
 INFO: Computing semblance for m0 = 7060
 INFO: Total execution time for kernels is 1.49812s
 INFO: Computing semblance for m0 = 7080
 INFO: Total execution time for kernels is 1.61872s
 INFO: Computing semblance for m0 = 7100
 INFO: Total execution time for kernels is 1.54322s
 INFO: Computing semblance for m0 = 7120
 INFO: Total execution time for kernels is 1.49377s
 INFO: Computing semblance for m0 = 7140
 INFO: Total execution time for kernels is 1.51148s
 INFO: Computing semblance for m0 = 7160
 INFO: Total execution time for kernels is 1.55367s
 INFO: Computing semblance for m0 = 7180
 INFO: Total execution time for kernels is 1.58244s
 INFO: Computing semblance for m0 = 7200
 INFO: Total execution time for kernels is 1.50062s
 INFO: Computing semblance for m0 = 7220
 INFO: Total execution time for kernels is 1.50734s
 INFO: Computing semblance for m0 = 7240
 INFO: Total execution time for kernels is 1.61726s
 INFO: Computing semblance for m0 = 7260
 INFO: Total execution time for kernels is 1.49813s
 INFO: Computing semblance for m0 = 7280
 INFO: Total execution time for kernels is 1.5568s
 INFO: Computing semblance for m0 = 7300
 INFO: Total execution time for kernels is 1.51794s
 INFO: Computing semblance for m0 = 7320
 INFO: Total execution time for kernels is 1.56672s
 INFO: Computing semblance for m0 = 7340
 INFO: Total execution time for kernels is 1.50564s
 INFO: Computing semblance for m0 = 7360
 INFO: Total execution time for kernels is 1.60066s
 INFO: Computing semblance for m0 = 7380
 INFO: Total execution time for kernels is 1.50997s
 INFO: Computing semblance for m0 = 7400
 INFO: Total execution time for kernels is 1.62822s
 INFO: Computing semblance for m0 = 7420
 INFO: Total execution time for kernels is 1.50809s
 INFO: Computing semblance for m0 = 7440
 INFO: Total execution time for kernels is 1.51327s
 INFO: Computing semblance for m0 = 7460
 INFO: Total execution time for kernels is 1.56363s
 INFO: Computing semblance for m0 = 7480
 INFO: Total execution time for kernels is 1.56032s
 INFO: Computing semblance for m0 = 7500
 INFO: Total execution time for kernels is 1.48852s
 INFO: Computing semblance for m0 = 7520
 INFO: Total execution time for kernels is 1.5919s
 INFO: Computing semblance for m0 = 7540
 INFO: Total execution time for kernels is 1.50146s
 INFO: Computing semblance for m0 = 7560
 INFO: Total execution time for kernels is 1.50834s
 INFO: Computing semblance for m0 = 7580
 INFO: Total execution time for kernels is 1.61481s
 INFO: Computing semblance for m0 = 7600
 INFO: Total execution time for kernels is 1.52816s
 INFO: Computing semblance for m0 = 7620
 INFO: Total execution time for kernels is 1.55826s
 INFO: Computing semblance for m0 = 7640
 INFO: Total execution time for kernels is 1.56733s
 INFO: Computing semblance for m0 = 7660
 INFO: Total execution time for kernels is 1.50258s
 INFO: Computing semblance for m0 = 7680
 INFO: Total execution time for kernels is 1.59527s
 INFO: Computing semblance for m0 = 7700
 INFO: Total execution time for kernels is 1.50465s
 INFO: Computing semblance for m0 = 7720
 INFO: Total execution time for kernels is 1.51545s
 INFO: Computing semblance for m0 = 7740
 INFO: Total execution time for kernels is 1.5167s
 INFO: Computing semblance for m0 = 7760
 INFO: Total execution time for kernels is 1.62219s
 INFO: Computing semblance for m0 = 7780
 INFO: Total execution time for kernels is 1.55238s
 INFO: Computing semblance for m0 = 7800
 INFO: Total execution time for kernels is 1.55702s
 INFO: Computing semblance for m0 = 7820
 INFO: Total execution time for kernels is 1.49027s
 INFO: Computing semblance for m0 = 7840
 INFO: Total execution time for kernels is 1.57996s
 INFO: Computing semblance for m0 = 7860
 INFO: Total execution time for kernels is 1.49608s
 INFO: Computing semblance for m0 = 7880
 INFO: Total execution time for kernels is 1.49756s
 INFO: Computing semblance for m0 = 7900
 INFO: Total execution time for kernels is 1.51176s
 INFO: Computing semblance for m0 = 7920
 INFO: Total execution time for kernels is 1.54753s
 INFO: Computing semblance for m0 = 7940
 INFO: Total execution time for kernels is 1.61917s
 INFO: Computing semblance for m0 = 7960
 INFO: Total execution time for kernels is 1.48903s
 INFO: Computing semblance for m0 = 7980
 INFO: Total execution time for kernels is 1.5574s
 INFO: Computing semblance for m0 = 8000
 INFO: Total execution time for kernels is 1.49774s
 INFO: Computing semblance for m0 = 8020
 INFO: Total execution time for kernels is 1.58599s
 INFO: Computing semblance for m0 = 8040
 INFO: Total execution time for kernels is 1.49544s
 INFO: Computing semblance for m0 = 8060
 INFO: Total execution time for kernels is 1.50598s
 INFO: Computing semblance for m0 = 8080
 INFO: Total execution time for kernels is 1.54105s
 INFO: Computing semblance for m0 = 8100
 INFO: Total execution time for kernels is 1.60687s
 INFO: Computing semblance for m0 = 8120
 INFO: Total execution time for kernels is 1.48948s
 INFO: Computing semblance for m0 = 8140
 INFO: Total execution time for kernels is 1.55023s
 INFO: Computing semblance for m0 = 8160
 INFO: Total execution time for kernels is 1.50022s
 INFO: Computing semblance for m0 = 8180
 INFO: Total execution time for kernels is 1.58607s
 INFO: Computing semblance for m0 = 8200
 INFO: Total execution time for kernels is 1.49713s
 INFO: Computing semblance for m0 = 8220
 INFO: Total execution time for kernels is 1.51498s
 INFO: Computing semblance for m0 = 8240
 INFO: Total execution time for kernels is 1.54562s
 INFO: Computing semblance for m0 = 8260
 INFO: Total execution time for kernels is 1.60525s
 INFO: Computing semblance for m0 = 8280
 INFO: Total execution time for kernels is 1.4995s
 INFO: Computing semblance for m0 = 8300
 INFO: Total execution time for kernels is 1.54418s
 INFO: Computing semblance for m0 = 8320
 INFO: Total execution time for kernels is 1.49338s
 INFO: Computing semblance for m0 = 8340
 INFO: Total execution time for kernels is 1.57278s
 INFO: Computing semblance for m0 = 8360
 INFO: Total execution time for kernels is 1.48899s
 INFO: Computing semblance for m0 = 8380
 INFO: Total execution time for kernels is 1.50493s
 INFO: Computing semblance for m0 = 8400
 INFO: Total execution time for kernels is 1.54685s
 INFO: Computing semblance for m0 = 8420
 INFO: Total execution time for kernels is 1.47601s
 INFO: Computing semblance for m0 = 8440
 INFO: Total execution time for kernels is 1.59431s
 INFO: Computing semblance for m0 = 8460
 INFO: Total execution time for kernels is 1.53464s
 INFO: Computing semblance for m0 = 8480
 INFO: Total execution time for kernels is 1.48575s
 INFO: Computing semblance for m0 = 8500
 INFO: Total execution time for kernels is 1.56719s
 INFO: Computing semblance for m0 = 8520
 INFO: Total execution time for kernels is 1.47857s
 INFO: Computing semblance for m0 = 8540
 INFO: Total execution time for kernels is 1.49139s
 INFO: Computing semblance for m0 = 8560
 INFO: Total execution time for kernels is 1.52222s
 INFO: Computing semblance for m0 = 8580
 INFO: Total execution time for kernels is 1.45828s
 INFO: Computing semblance for m0 = 8600
 INFO: Total execution time for kernels is 1.5848s
 INFO: Computing semblance for m0 = 8620
 INFO: Total execution time for kernels is 1.51284s
 INFO: Computing semblance for m0 = 8640
 INFO: Total execution time for kernels is 1.45906s
 INFO: Computing semblance for m0 = 8660
 INFO: Total execution time for kernels is 1.54256s
 INFO: Computing semblance for m0 = 8680
 INFO: Total execution time for kernels is 1.45522s
 INFO: Computing semblance for m0 = 8700
 INFO: Total execution time for kernels is 1.45751s
 INFO: Computing semblance for m0 = 8720
 INFO: Total execution time for kernels is 1.42931s
 INFO: Computing semblance for m0 = 8740
 INFO: Total execution time for kernels is 1.49496s
 INFO: Computing semblance for m0 = 8760
 INFO: Total execution time for kernels is 1.54627s
 INFO: Computing semblance for m0 = 8780
 INFO: Total execution time for kernels is 1.47996s
 INFO: Computing semblance for m0 = 8800
 INFO: Total execution time for kernels is 1.42375s
 INFO: Computing semblance for m0 = 8820
 INFO: Total execution time for kernels is 1.49468s
 INFO: Computing semblance for m0 = 8840
 INFO: Total execution time for kernels is 1.40656s
 INFO: Computing semblance for m0 = 8860
 INFO: Total execution time for kernels is 1.41355s
 INFO: Computing semblance for m0 = 8880
 INFO: Total execution time for kernels is 1.38855s
 INFO: Computing semblance for m0 = 8900
 INFO: Total execution time for kernels is 1.42477s
 INFO: Computing semblance for m0 = 8920
 INFO: Total execution time for kernels is 1.41848s
 INFO: Computing semblance for m0 = 8940
 INFO: Total execution time for kernels is 1.48746s
 INFO: Computing semblance for m0 = 8960
 INFO: Total execution time for kernels is 1.35907s
 INFO: Computing semblance for m0 = 8980
 INFO: Total execution time for kernels is 1.41846s
 INFO: Computing semblance for m0 = 9000
 INFO: Total execution time for kernels is 1.34105s
 INFO: Computing semblance for m0 = 9020
 INFO: Total execution time for kernels is 1.34394s
 INFO: Computing semblance for m0 = 9040
 INFO: Total execution time for kernels is 1.31003s
 INFO: Computing semblance for m0 = 9060
 INFO: Total execution time for kernels is 1.34104s
 INFO: Computing semblance for m0 = 9080
 INFO: Total execution time for kernels is 1.26009s
 INFO: Computing semblance for m0 = 9100
 INFO: Total execution time for kernels is 1.33332s
 INFO: Computing semblance for m0 = 9120
 INFO: Total execution time for kernels is 1.365s
 INFO: Computing semblance for m0 = 9140
 INFO: Total execution time for kernels is 1.21665s
 INFO: Computing semblance for m0 = 9160
 INFO: Total execution time for kernels is 1.29897s
 INFO: Computing semblance for m0 = 9180
 INFO: Total execution time for kernels is 1.21085s
 INFO: Computing semblance for m0 = 9200
 INFO: Total execution time for kernels is 1.17492s
 INFO: Computing semblance for m0 = 9220
 INFO: Total execution time for kernels is 1.18698s
 INFO: Computing semblance for m0 = 9240
 INFO: Total execution time for kernels is 1.13321s
 INFO: Computing semblance for m0 = 9260
 INFO: Total execution time for kernels is 1.14975s
 INFO: Computing semblance for m0 = 9280
 INFO: Total execution time for kernels is 1.1681s
 INFO: Computing semblance for m0 = 9300
 INFO: Total execution time for kernels is 1.06284s
 INFO: Computing semblance for m0 = 9320
 INFO: Total execution time for kernels is 1.10207s
 INFO: Computing semblance for m0 = 9340
 INFO: Total execution time for kernels is 1.02165s
 INFO: Computing semblance for m0 = 9360
 INFO: Total execution time for kernels is 0.996623s
 INFO: Computing semblance for m0 = 9380
 INFO: Total execution time for kernels is 0.988621s
 INFO: Computing semblance for m0 = 9400
 INFO: Total execution time for kernels is 0.935616s
 INFO: Computing semblance for m0 = 9420
 INFO: Total execution time for kernels is 0.939362s
 INFO: Computing semblance for m0 = 9440
 INFO: Total execution time for kernels is 0.937709s
 INFO: Computing semblance for m0 = 9460
 INFO: Total execution time for kernels is 0.847986s
 INFO: Computing semblance for m0 = 9480
 INFO: Total execution time for kernels is 0.801071s
 INFO: Computing semblance for m0 = 9500
 INFO: Total execution time for kernels is 0.870289s
 INFO: Computing semblance for m0 = 9520
 INFO: Total execution time for kernels is 0.763237s
 INFO: Computing semblance for m0 = 9540
 INFO: Total execution time for kernels is 0.747518s
 INFO: Computing semblance for m0 = 9560
 INFO: Total execution time for kernels is 0.694281s
 INFO: Computing semblance for m0 = 9580
 INFO: Total execution time for kernels is 0.689323s
 INFO: Computing semblance for m0 = 9600
 INFO: Total execution time for kernels is 0.679221s
 INFO: Computing semblance for m0 = 9620
 INFO: Total execution time for kernels is 0.604149s
 INFO: Computing semblance for m0 = 9640
 INFO: Total execution time for kernels is 0.584987s
 INFO: Computing semblance for m0 = 9660
 INFO: Total execution time for kernels is 0.567555s
 INFO: Computing semblance for m0 = 9680
 INFO: Total execution time for kernels is 0.513116s
 INFO: Computing semblance for m0 = 9700
 INFO: Total execution time for kernels is 0.5008s
 INFO: Computing semblance for m0 = 9720
 INFO: Total execution time for kernels is 0.452207s
 INFO: Computing semblance for m0 = 9740
 INFO: Total execution time for kernels is 0.439585s
 INFO: Computing semblance for m0 = 9760
 INFO: Total execution time for kernels is 0.424101s
 INFO: Computing semblance for m0 = 9780
 INFO: Total execution time for kernels is 0.3713s
 INFO: Computing semblance for m0 = 9800
 INFO: Total execution time for kernels is 0.291707s
 INFO: Computing semblance for m0 = 9820
 INFO: Total execution time for kernels is 0.33465s
 INFO: Computing semblance for m0 = 9840
 INFO: Total execution time for kernels is 0.349744s
 INFO: Computing semblance for m0 = 9860
 INFO: Total execution time for kernels is 0.271284s
 INFO: Computing semblance for m0 = 9880
 INFO: Total execution time for kernels is 0.243732s
 INFO: Computing semblance for m0 = 9900
 INFO: Total execution time for kernels is 0.228186s
 INFO: Computing semblance for m0 = 9920
 INFO: Total execution time for kernels is 0.175442s
 INFO: Computing semblance for m0 = 9940
 INFO: Total execution time for kernels is 0.215209s
 INFO: Total execution time for kernels is 0.124106s
 INFO: Total execution time for kernels is 0.156068s
 INFO: Total execution time for kernels is 0.106939s
 INFO: Total execution time for kernels is 0.144131s
 INFO: Total execution time for kernels is 0.0791283s
 INFO: Total execution time for kernels is 0.0911421s
 INFO: Total execution time for kernels is 0.0700804s
 INFO: Average of efficiency is 0.237894
 INFO: Average of interpolations_per_sec is 1.11729e+10
 INFO: Average of selected_traces is 1264.16
 INFO: Average of total_selection_kernel_exec_time is 0.0722367
 INFO: Average of total_kernel_exec_time is 1.3389
 INFO: Driver init. duration is 0.308671 s
 INFO: Read gather duration is 0.110274 s
 INFO: Parse args. duration is 0.000209254 s
 INFO: Worker threads duration is 80.2553 s
 INFO: Dump results duration is 0.45181 s
 INFO: Results written to /home/ubuntu/nfs/out/d4e9b53e_master_p2.8xlarge/oct/de/cuda/simple-synthetic_2/simple-synthetic_de_oct_20210302_1406/
 INFO: It took 81.1337s to compute.
