 INFO: Number of CDPs = 445
 INFO: Number of traces in the gather = 9200
 INFO: Number of samples per trace = 2502
 INFO: Computing semblance for m0 = 0
 INFO: No trace has been selected for m0 = 0. Skipping.
 INFO: Computing semblance for m0 = 1080
 INFO: Computing semblance for m0 = 1100
 INFO: Computing semblance for m0 = 1120
 INFO: Total execution time for kernels is 8.287e-06s
 INFO: Computing semblance for m0 = 1140
 INFO: Total execution time for kernels is 0.126691s
 INFO: Computing semblance for m0 = 1160
 INFO: Total execution time for kernels is 0.158784s
 INFO: Computing semblance for m0 = 1180
 INFO: Total execution time for kernels is 0.18795s
 INFO: Computing semblance for m0 = 1200
 INFO: Total execution time for kernels is 0.223715s
 INFO: Computing semblance for m0 = 1220
 INFO: Total execution time for kernels is 0.175176s
 INFO: Computing semblance for m0 = 1240
 INFO: Total execution time for kernels is 0.191949s
 INFO: Computing semblance for m0 = 1260
 INFO: Total execution time for kernels is 0.222559s
 INFO: Computing semblance for m0 = 1280
 INFO: Total execution time for kernels is 0.264844s
 INFO: Computing semblance for m0 = 1300
 INFO: Total execution time for kernels is 0.284984s
 INFO: Computing semblance for m0 = 1320
 INFO: Total execution time for kernels is 0.305476s
 INFO: Computing semblance for m0 = 1340
 INFO: Total execution time for kernels is 0.342342s
 INFO: Computing semblance for m0 = 1360
 INFO: Total execution time for kernels is 0.390638s
 INFO: Computing semblance for m0 = 1380
 INFO: Total execution time for kernels is 0.408262s
 INFO: Computing semblance for m0 = 1400
 INFO: Total execution time for kernels is 0.422947s
 INFO: Computing semblance for m0 = 1420
 INFO: Total execution time for kernels is 0.470023s
 INFO: Computing semblance for m0 = 1440
 INFO: Total execution time for kernels is 0.52846s
 INFO: Computing semblance for m0 = 1460
 INFO: Total execution time for kernels is 0.538627s
 INFO: Computing semblance for m0 = 1480
 INFO: Total execution time for kernels is 0.542837s
 INFO: Computing semblance for m0 = 1500
 INFO: Total execution time for kernels is 0.597755s
 INFO: Computing semblance for m0 = 1520
 INFO: Total execution time for kernels is 0.654253s
 INFO: Computing semblance for m0 = 1540
 INFO: Total execution time for kernels is 0.660179s
 INFO: Computing semblance for m0 = 1560
 INFO: Total execution time for kernels is 0.665009s
 INFO: Computing semblance for m0 = 1580
 INFO: Total execution time for kernels is 0.721962s
 INFO: Computing semblance for m0 = 1600
 INFO: Total execution time for kernels is 0.785245s
 INFO: Computing semblance for m0 = 1620
 INFO: Total execution time for kernels is 0.789191s
 INFO: Computing semblance for m0 = 1640
 INFO: Total execution time for kernels is 0.789297s
 INFO: Computing semblance for m0 = 1660
 INFO: Total execution time for kernels is 0.870005s
 INFO: Computing semblance for m0 = 1680
 INFO: Total execution time for kernels is 0.974459s
 INFO: Computing semblance for m0 = 1700
 INFO: Total execution time for kernels is 0.962103s
 INFO: Computing semblance for m0 = 1720
 INFO: Total execution time for kernels is 0.949335s
 INFO: Computing semblance for m0 = 1740
 INFO: Total execution time for kernels is 1.01958s
 INFO: Computing semblance for m0 = 1760
 INFO: Total execution time for kernels is 1.10538s
 INFO: Computing semblance for m0 = 1780
 INFO: Total execution time for kernels is 1.09545s
 INFO: Computing semblance for m0 = 1800
 INFO: Total execution time for kernels is 1.07522s
 INFO: Computing semblance for m0 = 1820
 INFO: Total execution time for kernels is 1.1538s
 INFO: Computing semblance for m0 = 1840
 INFO: Total execution time for kernels is 1.24074s
 INFO: Computing semblance for m0 = 1860
 INFO: Total execution time for kernels is 1.23066s
 INFO: Computing semblance for m0 = 1880
 INFO: Total execution time for kernels is 1.20236s
 INFO: Computing semblance for m0 = 1900
 INFO: Total execution time for kernels is 1.29176s
 INFO: Computing semblance for m0 = 1920
 INFO: Total execution time for kernels is 1.3774s
 INFO: Computing semblance for m0 = 1940
 INFO: Total execution time for kernels is 1.3593s
 INFO: Computing semblance for m0 = 1960
 INFO: Total execution time for kernels is 1.31672s
 INFO: Computing semblance for m0 = 1980
 INFO: Total execution time for kernels is 1.39628s
 INFO: Computing semblance for m0 = 2000
 INFO: Total execution time for kernels is 1.48426s
 INFO: Computing semblance for m0 = 2020
 INFO: Total execution time for kernels is 1.39136s
 INFO: Computing semblance for m0 = 2040
 INFO: Total execution time for kernels is 1.40506s
 INFO: Computing semblance for m0 = 2060
 INFO: Total execution time for kernels is 1.43778s
 INFO: Computing semblance for m0 = 2080
 INFO: Total execution time for kernels is 1.42998s
 INFO: Computing semblance for m0 = 2100
 INFO: Total execution time for kernels is 1.48401s
 INFO: Computing semblance for m0 = 2120
 INFO: Total execution time for kernels is 1.55207s
 INFO: Computing semblance for m0 = 2140
 INFO: Total execution time for kernels is 1.48287s
 INFO: Computing semblance for m0 = 2160
 INFO: Total execution time for kernels is 1.45211s
 INFO: Computing semblance for m0 = 2180
 INFO: Total execution time for kernels is 1.50169s
 INFO: Computing semblance for m0 = 2200
 INFO: Total execution time for kernels is 1.58801s
 INFO: Computing semblance for m0 = 2220
 INFO: Total execution time for kernels is 1.48976s
 INFO: Computing semblance for m0 = 2240
 INFO: Total execution time for kernels is 1.4561s
 INFO: Computing semblance for m0 = 2260
 INFO: Total execution time for kernels is 1.5046s
 INFO: Computing semblance for m0 = 2280
 INFO: Total execution time for kernels is 1.59973s
 INFO: Computing semblance for m0 = 2300
 INFO: Total execution time for kernels is 1.49608s
 INFO: Computing semblance for m0 = 2320
 INFO: Total execution time for kernels is 1.45731s
 INFO: Computing semblance for m0 = 2340
 INFO: Total execution time for kernels is 1.51143s
 INFO: Computing semblance for m0 = 2360
 INFO: Total execution time for kernels is 1.60709s
 INFO: Computing semblance for m0 = 2380
 INFO: Total execution time for kernels is 1.50233s
 INFO: Computing semblance for m0 = 2400
 INFO: Total execution time for kernels is 1.45851s
 INFO: Computing semblance for m0 = 2420
 INFO: Total execution time for kernels is 1.51123s
 INFO: Computing semblance for m0 = 2440
 INFO: Total execution time for kernels is 1.61457s
 INFO: Computing semblance for m0 = 2460
 INFO: Total execution time for kernels is 1.50616s
 INFO: Computing semblance for m0 = 2480
 INFO: Total execution time for kernels is 1.466s
 INFO: Computing semblance for m0 = 2500
 INFO: Total execution time for kernels is 1.52182s
 INFO: Computing semblance for m0 = 2520
 INFO: Total execution time for kernels is 1.6162s
 INFO: Computing semblance for m0 = 2540
 INFO: Total execution time for kernels is 1.51253s
 INFO: Computing semblance for m0 = 2560
 INFO: Total execution time for kernels is 1.4707s
 INFO: Computing semblance for m0 = 2580
 INFO: Total execution time for kernels is 1.52796s
 INFO: Computing semblance for m0 = 2600
 INFO: Total execution time for kernels is 1.63074s
 INFO: Computing semblance for m0 = 2620
 INFO: Total execution time for kernels is 1.52073s
 INFO: Computing semblance for m0 = 2640
 INFO: Total execution time for kernels is 1.4772s
 INFO: Computing semblance for m0 = 2660
 INFO: Total execution time for kernels is 1.53689s
 INFO: Computing semblance for m0 = 2680
 INFO: Total execution time for kernels is 1.52504s
 INFO: Computing semblance for m0 = 2700
 INFO: Total execution time for kernels is 1.64041s
 INFO: Computing semblance for m0 = 2720
 INFO: Total execution time for kernels is 1.48419s
 INFO: Computing semblance for m0 = 2740
 INFO: Total execution time for kernels is 1.53737s
 INFO: Computing semblance for m0 = 2760
 INFO: Total execution time for kernels is 1.53604s
 INFO: Computing semblance for m0 = 2780
 INFO: Total execution time for kernels is 1.65171s
 INFO: Computing semblance for m0 = 2800
 INFO: Total execution time for kernels is 1.48538s
 INFO: Computing semblance for m0 = 2820
 INFO: Total execution time for kernels is 1.54614s
 INFO: Computing semblance for m0 = 2840
 INFO: Total execution time for kernels is 1.54028s
 INFO: Computing semblance for m0 = 2860
 INFO: Total execution time for kernels is 1.65749s
 INFO: Computing semblance for m0 = 2880
 INFO: Total execution time for kernels is 1.48784s
 INFO: Computing semblance for m0 = 2900
 INFO: Total execution time for kernels is 1.55508s
 INFO: Computing semblance for m0 = 2920
 INFO: Total execution time for kernels is 1.54587s
 INFO: Computing semblance for m0 = 2940
 INFO: Total execution time for kernels is 1.47124s
 INFO: Computing semblance for m0 = 2960
 INFO: Total execution time for kernels is 1.66893s
 INFO: Computing semblance for m0 = 2980
 INFO: Total execution time for kernels is 1.56209s
 INFO: Computing semblance for m0 = 3000
 INFO: Total execution time for kernels is 1.5639s
 INFO: Computing semblance for m0 = 3020
 INFO: Total execution time for kernels is 1.47131s
 INFO: Computing semblance for m0 = 3040
 INFO: Total execution time for kernels is 1.68004s
 INFO: Computing semblance for m0 = 3060
 INFO: Total execution time for kernels is 1.56244s
 INFO: Computing semblance for m0 = 3080
 INFO: Total execution time for kernels is 1.55631s
 INFO: Computing semblance for m0 = 3100
 INFO: Total execution time for kernels is 1.47204s
 INFO: Computing semblance for m0 = 3120
 INFO: Total execution time for kernels is 1.67651s
 INFO: Computing semblance for m0 = 3140
 INFO: Total execution time for kernels is 1.56345s
 INFO: Computing semblance for m0 = 3160
 INFO: Total execution time for kernels is 1.55368s
 INFO: Computing semblance for m0 = 3180
 INFO: Total execution time for kernels is 1.47103s
 INFO: Computing semblance for m0 = 3200
 INFO: Total execution time for kernels is 1.68319s
 INFO: Computing semblance for m0 = 3220
 INFO: Total execution time for kernels is 1.56763s
 INFO: Computing semblance for m0 = 3240
 INFO: Total execution time for kernels is 1.55558s
 INFO: Computing semblance for m0 = 3260
 INFO: Total execution time for kernels is 1.4749s
 INFO: Computing semblance for m0 = 3280
 INFO: Total execution time for kernels is 1.67851s
 INFO: Computing semblance for m0 = 3300
 INFO: Total execution time for kernels is 1.56966s
 INFO: Computing semblance for m0 = 3320
 INFO: Total execution time for kernels is 1.47774s
 INFO: Computing semblance for m0 = 3340
 INFO: Total execution time for kernels is 1.5677s
 INFO: Computing semblance for m0 = 3360
 INFO: Total execution time for kernels is 1.68013s
 INFO: Computing semblance for m0 = 3380
 INFO: Total execution time for kernels is 1.56715s
 INFO: Computing semblance for m0 = 3400
 INFO: Total execution time for kernels is 1.47612s
 INFO: Computing semblance for m0 = 3420
 INFO: Total execution time for kernels is 1.55874s
 INFO: Computing semblance for m0 = 3440
 INFO: Total execution time for kernels is 1.57014s
 INFO: Computing semblance for m0 = 3460
 INFO: Total execution time for kernels is 1.69614s
 INFO: Computing semblance for m0 = 3480
 INFO: Total execution time for kernels is 1.48278s
 INFO: Computing semblance for m0 = 3500
 INFO: Total execution time for kernels is 1.55971s
 INFO: Computing semblance for m0 = 3520
 INFO: Total execution time for kernels is 1.57026s
 INFO: Computing semblance for m0 = 3540
 INFO: Total execution time for kernels is 1.68692s
 INFO: Computing semblance for m0 = 3560
 INFO: Total execution time for kernels is 1.47774s
 INFO: Computing semblance for m0 = 3580
 INFO: Total execution time for kernels is 1.56136s
 INFO: Computing semblance for m0 = 3600
 INFO: Total execution time for kernels is 1.56411s
 INFO: Computing semblance for m0 = 3620
 INFO: Total execution time for kernels is 1.47704s
 INFO: Computing semblance for m0 = 3640
 INFO: Total execution time for kernels is 1.68546s
 INFO: Computing semblance for m0 = 3660
 INFO: Total execution time for kernels is 1.55122s
 INFO: Computing semblance for m0 = 3680
 INFO: Total execution time for kernels is 1.55864s
 INFO: Computing semblance for m0 = 3700
 INFO: Total execution time for kernels is 1.47329s
 INFO: Computing semblance for m0 = 3720
 INFO: Total execution time for kernels is 1.66209s
 INFO: Computing semblance for m0 = 3740
 INFO: Total execution time for kernels is 1.54732s
 INFO: Computing semblance for m0 = 3760
 INFO: Total execution time for kernels is 1.47142s
 INFO: Computing semblance for m0 = 3780
 INFO: Total execution time for kernels is 1.55579s
 INFO: Computing semblance for m0 = 3800
 INFO: Total execution time for kernels is 1.66383s
 INFO: Total execution time for kernels is 1.54158s
 INFO: Computing semblance for m0 = 3820
 INFO: Computing semblance for m0 = 3840
 INFO: Total execution time for kernels is 1.47043s
 INFO: Computing semblance for m0 = 3860
 INFO: Total execution time for kernels is 1.54792s
 INFO: Computing semblance for m0 = 3880
 INFO: Total execution time for kernels is 1.54053s
 INFO: Computing semblance for m0 = 3900
 INFO: Total execution time for kernels is 1.657s
 INFO: Computing semblance for m0 = 3920
 INFO: Total execution time for kernels is 1.468s
 INFO: Computing semblance for m0 = 3940
 INFO: Total execution time for kernels is 1.54413s
 INFO: Computing semblance for m0 = 3960
 INFO: Total execution time for kernels is 1.54176s
 INFO: Computing semblance for m0 = 3980
 INFO: Total execution time for kernels is 1.66025s
 INFO: Computing semblance for m0 = 4000
 INFO: Total execution time for kernels is 1.46395s
 INFO: Computing semblance for m0 = 4020
 INFO: Total execution time for kernels is 1.54342s
 INFO: Computing semblance for m0 = 4040
 INFO: Total execution time for kernels is 1.52978s
 INFO: Computing semblance for m0 = 4060
 INFO: Total execution time for kernels is 1.63686s
 INFO: Computing semblance for m0 = 4080
 INFO: Total execution time for kernels is 1.46336s
 INFO: Computing semblance for m0 = 4100
 INFO: Total execution time for kernels is 1.54064s
 INFO: Computing semblance for m0 = 4120
 INFO: Total execution time for kernels is 1.52719s
 INFO: Computing semblance for m0 = 4140
 INFO: Total execution time for kernels is 1.63612s
 INFO: Computing semblance for m0 = 4160
 INFO: Total execution time for kernels is 1.46094s
 INFO: Computing semblance for m0 = 4180
 INFO: Total execution time for kernels is 1.53938s
 INFO: Computing semblance for m0 = 4200
 INFO: Total execution time for kernels is 1.5268s
 INFO: Computing semblance for m0 = 4220
 INFO: Total execution time for kernels is 1.62907s
 INFO: Computing semblance for m0 = 4240
 INFO: Total execution time for kernels is 1.4589s
 INFO: Computing semblance for m0 = 4260
 INFO: Total execution time for kernels is 1.53356s
 INFO: Computing semblance for m0 = 4280
 INFO: Total execution time for kernels is 1.52157s
 INFO: Computing semblance for m0 = 4300
 INFO: Total execution time for kernels is 1.62846s
 INFO: Computing semblance for m0 = 4320
 INFO: Total execution time for kernels is 1.45957s
 INFO: Computing semblance for m0 = 4340
 INFO: Total execution time for kernels is 1.5351s
 INFO: Computing semblance for m0 = 4360
 INFO: Total execution time for kernels is 1.52008s
 INFO: Computing semblance for m0 = 4380
 INFO: Total execution time for kernels is 1.45966s
 INFO: Computing semblance for m0 = 4400
 INFO: Total execution time for kernels is 1.62716s
 INFO: Computing semblance for m0 = 4420
 INFO: Total execution time for kernels is 1.5318s
 INFO: Computing semblance for m0 = 4440
 INFO: Total execution time for kernels is 1.51939s
 INFO: Computing semblance for m0 = 4460
 INFO: Total execution time for kernels is 1.46073s
 INFO: Computing semblance for m0 = 4480
 INFO: Total execution time for kernels is 1.62481s
 INFO: Computing semblance for m0 = 4500
 INFO: Total execution time for kernels is 1.52635s
 INFO: Computing semblance for m0 = 4520
 INFO: Total execution time for kernels is 1.51773s
 INFO: Computing semblance for m0 = 4540
 INFO: Total execution time for kernels is 1.45742s
 INFO: Computing semblance for m0 = 4560
 INFO: Total execution time for kernels is 1.62294s
 INFO: Computing semblance for m0 = 4580
 INFO: Total execution time for kernels is 1.52875s
 INFO: Computing semblance for m0 = 4600
 INFO: Total execution time for kernels is 1.51568s
 INFO: Computing semblance for m0 = 4620
 INFO: Total execution time for kernels is 1.45709s
 INFO: Computing semblance for m0 = 4640
 INFO: Total execution time for kernels is 1.6235s
 INFO: Computing semblance for m0 = 4660
 INFO: Total execution time for kernels is 1.5267s
 INFO: Computing semblance for m0 = 4680
 INFO: Total execution time for kernels is 1.51665s
 INFO: Computing semblance for m0 = 4700
 INFO: Total execution time for kernels is 1.4543s
 INFO: Computing semblance for m0 = 4720
 INFO: Total execution time for kernels is 1.61898s
 INFO: Computing semblance for m0 = 4740
 INFO: Total execution time for kernels is 1.52619s
 INFO: Computing semblance for m0 = 4760
 INFO: Total execution time for kernels is 1.51818s
 INFO: Computing semblance for m0 = 4780
 INFO: Total execution time for kernels is 1.45583s
 INFO: Computing semblance for m0 = 4800
 INFO: Total execution time for kernels is 1.52199s
 INFO: Computing semblance for m0 = 4820
 INFO: Total execution time for kernels is 1.62333s
 INFO: Computing semblance for m0 = 4840
 INFO: Total execution time for kernels is 1.51532s
 INFO: Computing semblance for m0 = 4860
 INFO: Total execution time for kernels is 1.45638s
 INFO: Computing semblance for m0 = 4880
 INFO: Total execution time for kernels is 1.52896s
 INFO: Computing semblance for m0 = 4900
 INFO: Total execution time for kernels is 1.621s
 INFO: Computing semblance for m0 = 4920
 INFO: Total execution time for kernels is 1.51766s
 INFO: Computing semblance for m0 = 4940
 INFO: Total execution time for kernels is 1.45891s
 INFO: Computing semblance for m0 = 4960
 INFO: Total execution time for kernels is 1.52664s
 INFO: Computing semblance for m0 = 4980
 INFO: Total execution time for kernels is 1.61823s
 INFO: Computing semblance for m0 = 5000
 INFO: Total execution time for kernels is 1.51903s
 INFO: Computing semblance for m0 = 5020
 INFO: Total execution time for kernels is 1.45711s
 INFO: Computing semblance for m0 = 5040
 INFO: Total execution time for kernels is 1.5278s
 INFO: Computing semblance for m0 = 5060
 INFO: Total execution time for kernels is 1.62161s
 INFO: Computing semblance for m0 = 5080
 INFO: Total execution time for kernels is 1.51569s
 INFO: Computing semblance for m0 = 5100
 INFO: Total execution time for kernels is 1.45687s
 INFO: Computing semblance for m0 = 5120
 INFO: Total execution time for kernels is 1.52755s
 INFO: Computing semblance for m0 = 5140
 INFO: Total execution time for kernels is 1.51665s
 INFO: Computing semblance for m0 = 5160
 INFO: Total execution time for kernels is 1.45612s
 INFO: Computing semblance for m0 = 5180
 INFO: Total execution time for kernels is 1.62476s
 INFO: Computing semblance for m0 = 5200
 INFO: Total execution time for kernels is 1.52719s
 INFO: Computing semblance for m0 = 5220
 INFO: Total execution time for kernels is 1.45742s
 INFO: Computing semblance for m0 = 5240
 INFO: Total execution time for kernels is 1.51598s
 INFO: Computing semblance for m0 = 5260
 INFO: Total execution time for kernels is 1.62637s
 INFO: Computing semblance for m0 = 5280
 INFO: Total execution time for kernels is 1.54258s
 INFO: Computing semblance for m0 = 5300
 INFO: Total execution time for kernels is 1.45766s
 INFO: Computing semblance for m0 = 5320
 INFO: Total execution time for kernels is 1.51998s
 INFO: Computing semblance for m0 = 5340
 INFO: Total execution time for kernels is 1.62123s
 INFO: Computing semblance for m0 = 5360
 INFO: Total execution time for kernels is 1.5313s
 INFO: Computing semblance for m0 = 5380
 INFO: Total execution time for kernels is 1.45868s
 INFO: Computing semblance for m0 = 5400
 INFO: Total execution time for kernels is 1.52005s
 INFO: Computing semblance for m0 = 5420
 INFO: Total execution time for kernels is 1.6264s
 INFO: Computing semblance for m0 = 5440
 INFO: Total execution time for kernels is 1.53137s
 INFO: Computing semblance for m0 = 5460
 INFO: Total execution time for kernels is 1.45739s
 INFO: Computing semblance for m0 = 5480
 INFO: Total execution time for kernels is 1.5182s
 INFO: Computing semblance for m0 = 5500
 INFO: Total execution time for kernels is 1.62707s
 INFO: Computing semblance for m0 = 5520
 INFO: Total execution time for kernels is 1.46933s
 INFO: Computing semblance for m0 = 5540
 INFO: Total execution time for kernels is 1.53245s
 INFO: Computing semblance for m0 = 5560
 INFO: Total execution time for kernels is 1.51944s
 INFO: Computing semblance for m0 = 5580
 INFO: Total execution time for kernels is 1.62288s
 INFO: Computing semblance for m0 = 5600
 INFO: Total execution time for kernels is 1.46393s
 INFO: Computing semblance for m0 = 5620
 INFO: Total execution time for kernels is 1.53482s
 INFO: Computing semblance for m0 = 5640
 INFO: Total execution time for kernels is 1.51968s
 INFO: Computing semblance for m0 = 5660
 INFO: Total execution time for kernels is 1.62774s
 INFO: Computing semblance for m0 = 5680
 INFO: Total execution time for kernels is 1.45674s
 INFO: Computing semblance for m0 = 5700
 INFO: Total execution time for kernels is 1.5347s
 INFO: Computing semblance for m0 = 5720
 INFO: Total execution time for kernels is 1.51983s
 INFO: Computing semblance for m0 = 5740
 INFO: Total execution time for kernels is 1.62504s
 INFO: Computing semblance for m0 = 5760
 INFO: Total execution time for kernels is 1.45969s
 INFO: Computing semblance for m0 = 5780
 INFO: Total execution time for kernels is 1.53469s
 INFO: Computing semblance for m0 = 5800
 INFO: Total execution time for kernels is 1.52123s
 INFO: Computing semblance for m0 = 5820
 INFO: Total execution time for kernels is 1.62854s
 INFO: Computing semblance for m0 = 5840
 INFO: Total execution time for kernels is 1.46079s
 INFO: Computing semblance for m0 = 5860
 INFO: Total execution time for kernels is 1.53444s
 INFO: Computing semblance for m0 = 5880
 INFO: Total execution time for kernels is 1.52527s
 INFO: Computing semblance for m0 = 5900
 INFO: Total execution time for kernels is 1.63063s
 INFO: Computing semblance for m0 = 5920
 INFO: Total execution time for kernels is 1.46105s
 INFO: Computing semblance for m0 = 5940
 INFO: Total execution time for kernels is 1.53561s
 INFO: Computing semblance for m0 = 5960
 INFO: Total execution time for kernels is 1.5224s
 INFO: Computing semblance for m0 = 5980
 INFO: Total execution time for kernels is 1.45931s
 INFO: Computing semblance for m0 = 6000
 INFO: Total execution time for kernels is 1.62409s
 INFO: Computing semblance for m0 = 6020
 INFO: Total execution time for kernels is 1.53454s
 INFO: Computing semblance for m0 = 6040
 INFO: Total execution time for kernels is 1.52286s
 INFO: Computing semblance for m0 = 6060
 INFO: Total execution time for kernels is 1.4604s
 INFO: Computing semblance for m0 = 6080
 INFO: Total execution time for kernels is 1.63191s
 INFO: Computing semblance for m0 = 6100
 INFO: Total execution time for kernels is 1.53647s
 INFO: Computing semblance for m0 = 6120
 INFO: Total execution time for kernels is 1.52217s
 INFO: Computing semblance for m0 = 6140
 INFO: Total execution time for kernels is 1.46044s
 INFO: Computing semblance for m0 = 6160
 INFO: Total execution time for kernels is 1.6278s
 INFO: Computing semblance for m0 = 6180
 INFO: Total execution time for kernels is 1.53782s
 INFO: Computing semblance for m0 = 6200
 INFO: Total execution time for kernels is 1.52349s
 INFO: Computing semblance for m0 = 6220
 INFO: Total execution time for kernels is 1.46156s
 INFO: Computing semblance for m0 = 6240
 INFO: Total execution time for kernels is 1.62525s
 INFO: Computing semblance for m0 = 6260
 INFO: Total execution time for kernels is 1.53882s
 INFO: Computing semblance for m0 = 6280
 INFO: Total execution time for kernels is 1.52264s
 INFO: Computing semblance for m0 = 6300
 INFO: Total execution time for kernels is 1.45883s
 INFO: Computing semblance for m0 = 6320
 INFO: Total execution time for kernels is 1.53569s
 INFO: Computing semblance for m0 = 6340
 INFO: Total execution time for kernels is 1.624s
 INFO: Computing semblance for m0 = 6360
 INFO: Total execution time for kernels is 1.52473s
 INFO: Computing semblance for m0 = 6380
 INFO: Total execution time for kernels is 1.4664s
 INFO: Computing semblance for m0 = 6400
 INFO: Total execution time for kernels is 1.53667s
 INFO: Computing semblance for m0 = 6420
 INFO: Total execution time for kernels is 1.62698s
 INFO: Computing semblance for m0 = 6440
 INFO: Total execution time for kernels is 1.52551s
 INFO: Computing semblance for m0 = 6460
 INFO: Total execution time for kernels is 1.45981s
 INFO: Computing semblance for m0 = 6480
 INFO: Total execution time for kernels is 1.53857s
 INFO: Computing semblance for m0 = 6500
 INFO: Total execution time for kernels is 1.52441s
 INFO: Computing semblance for m0 = 6520
 INFO: Total execution time for kernels is 1.62484s
 INFO: Computing semblance for m0 = 6540
 INFO: Total execution time for kernels is 1.46205s
 INFO: Computing semblance for m0 = 6560
 INFO: Total execution time for kernels is 1.53832s
 INFO: Computing semblance for m0 = 6580
 INFO: Total execution time for kernels is 1.52562s
 INFO: Computing semblance for m0 = 6600
 INFO: Total execution time for kernels is 1.63023s
 INFO: Computing semblance for m0 = 6620
 INFO: Total execution time for kernels is 1.46147s
 INFO: Computing semblance for m0 = 6640
 INFO: Total execution time for kernels is 1.54128s
 INFO: Computing semblance for m0 = 6660
 INFO: Total execution time for kernels is 1.52374s
 INFO: Computing semblance for m0 = 6680
 INFO: Total execution time for kernels is 1.62848s
 INFO: Computing semblance for m0 = 6700
 INFO: Total execution time for kernels is 1.46656s
 INFO: Computing semblance for m0 = 6720
 INFO: Total execution time for kernels is 1.53963s
 INFO: Computing semblance for m0 = 6740
 INFO: Total execution time for kernels is 1.52621s
 INFO: Computing semblance for m0 = 6760
 INFO: Total execution time for kernels is 1.46319s
 INFO: Computing semblance for m0 = 6780
 INFO: Total execution time for kernels is 1.63199s
 INFO: Computing semblance for m0 = 6800
 INFO: Total execution time for kernels is 1.53949s
 INFO: Computing semblance for m0 = 6820
 INFO: Total execution time for kernels is 1.52806s
 INFO: Computing semblance for m0 = 6840
 INFO: Total execution time for kernels is 1.46016s
 INFO: Computing semblance for m0 = 6860
 INFO: Total execution time for kernels is 1.63048s
 INFO: Computing semblance for m0 = 6880
 INFO: Total execution time for kernels is 1.54086s
 INFO: Computing semblance for m0 = 6900
 INFO: Total execution time for kernels is 1.53069s
 INFO: Computing semblance for m0 = 6920
 INFO: Total execution time for kernels is 1.46397s
 INFO: Computing semblance for m0 = 6940
 INFO: Total execution time for kernels is 1.63105s
 INFO: Computing semblance for m0 = 6960
 INFO: Total execution time for kernels is 1.53888s
 INFO: Computing semblance for m0 = 6980
 INFO: Total execution time for kernels is 1.53147s
 INFO: Computing semblance for m0 = 7000
 INFO: Total execution time for kernels is 1.46323s
 INFO: Computing semblance for m0 = 7020
 INFO: Total execution time for kernels is 1.62716s
 INFO: Computing semblance for m0 = 7040
 INFO: Total execution time for kernels is 1.54159s
 INFO: Computing semblance for m0 = 7060
 INFO: Total execution time for kernels is 1.53286s
 INFO: Computing semblance for m0 = 7080
 INFO: Total execution time for kernels is 1.46664s
 INFO: Computing semblance for m0 = 7100
 INFO: Total execution time for kernels is 1.62684s
 INFO: Computing semblance for m0 = 7120
 INFO: Total execution time for kernels is 1.54224s
 INFO: Computing semblance for m0 = 7140
 INFO: Total execution time for kernels is 1.53066s
 INFO: Computing semblance for m0 = 7160
 INFO: Total execution time for kernels is 1.46118s
 INFO: Computing semblance for m0 = 7180
 INFO: Total execution time for kernels is 1.62616s
 INFO: Computing semblance for m0 = 7200
 INFO: Total execution time for kernels is 1.46586s
 INFO: Computing semblance for m0 = 7220
 INFO: Total execution time for kernels is 1.52933s
 INFO: Total execution time for kernels is 1.54279s
 INFO: Computing semblance for m0 = 7240
 INFO: Computing semblance for m0 = 7260
 INFO: Total execution time for kernels is 1.62809s
 INFO: Computing semblance for m0 = 7280
 INFO: Total execution time for kernels is 1.46516s
 INFO: Computing semblance for m0 = 7300
 INFO: Total execution time for kernels is 1.5279s
 INFO: Computing semblance for m0 = 7320
 INFO: Total execution time for kernels is 1.53683s
 INFO: Computing semblance for m0 = 7340
 INFO: Total execution time for kernels is 1.63028s
 INFO: Computing semblance for m0 = 7360
 INFO: Total execution time for kernels is 1.4627s
 INFO: Computing semblance for m0 = 7380
 INFO: Total execution time for kernels is 1.52884s
 INFO: Computing semblance for m0 = 7400
 INFO: Total execution time for kernels is 1.54134s
 INFO: Computing semblance for m0 = 7420
 INFO: Total execution time for kernels is 1.62995s
 INFO: Computing semblance for m0 = 7440
 INFO: Total execution time for kernels is 1.46492s
 INFO: Computing semblance for m0 = 7460
 INFO: Total execution time for kernels is 1.52854s
 INFO: Computing semblance for m0 = 7480
 INFO: Total execution time for kernels is 1.54288s
 INFO: Computing semblance for m0 = 7500
 INFO: Total execution time for kernels is 1.62809s
 INFO: Computing semblance for m0 = 7520
 INFO: Total execution time for kernels is 1.4643s
 INFO: Computing semblance for m0 = 7540
 INFO: Total execution time for kernels is 1.53253s
 INFO: Computing semblance for m0 = 7560
 INFO: Total execution time for kernels is 1.54337s
 INFO: Computing semblance for m0 = 7580
 INFO: Total execution time for kernels is 1.46602s
 INFO: Computing semblance for m0 = 7600
 INFO: Total execution time for kernels is 1.62638s
 INFO: Computing semblance for m0 = 7620
 INFO: Total execution time for kernels is 1.52855s
 INFO: Computing semblance for m0 = 7640
 INFO: Total execution time for kernels is 1.53921s
 INFO: Computing semblance for m0 = 7660
 INFO: Total execution time for kernels is 1.46328s
 INFO: Computing semblance for m0 = 7680
 INFO: Total execution time for kernels is 1.62631s
 INFO: Computing semblance for m0 = 7700
 INFO: Total execution time for kernels is 1.53039s
 INFO: Computing semblance for m0 = 7720
 INFO: Total execution time for kernels is 1.54181s
 INFO: Computing semblance for m0 = 7740
 INFO: Total execution time for kernels is 1.46647s
 INFO: Computing semblance for m0 = 7760
 INFO: Total execution time for kernels is 1.62886s
 INFO: Computing semblance for m0 = 7780
 INFO: Total execution time for kernels is 1.53394s
 INFO: Computing semblance for m0 = 7800
 INFO: Total execution time for kernels is 1.54133s
 INFO: Computing semblance for m0 = 7820
 INFO: Total execution time for kernels is 1.46822s
 INFO: Computing semblance for m0 = 7840
 INFO: Total execution time for kernels is 1.6263s
 INFO: Computing semblance for m0 = 7860
 INFO: Total execution time for kernels is 1.5314s
 INFO: Computing semblance for m0 = 7880
 INFO: Total execution time for kernels is 1.54155s
 INFO: Computing semblance for m0 = 7900
 INFO: Total execution time for kernels is 1.46594s
 INFO: Computing semblance for m0 = 7920
 INFO: Total execution time for kernels is 1.53357s
 INFO: Computing semblance for m0 = 7940
 INFO: Total execution time for kernels is 1.62729s
 INFO: Computing semblance for m0 = 7960
 INFO: Total execution time for kernels is 1.53876s
 INFO: Computing semblance for m0 = 7980
 INFO: Total execution time for kernels is 1.46472s
 INFO: Computing semblance for m0 = 8000
 INFO: Total execution time for kernels is 1.53016s
 INFO: Computing semblance for m0 = 8020
 INFO: Total execution time for kernels is 1.54277s
 INFO: Computing semblance for m0 = 8040
 INFO: Total execution time for kernels is 1.62827s
 INFO: Computing semblance for m0 = 8060
 INFO: Total execution time for kernels is 1.46674s
 INFO: Computing semblance for m0 = 8080
 INFO: Total execution time for kernels is 1.53124s
 INFO: Computing semblance for m0 = 8100
 INFO: Total execution time for kernels is 1.54536s
 INFO: Computing semblance for m0 = 8120
 INFO: Total execution time for kernels is 1.62607s
 INFO: Computing semblance for m0 = 8140
 INFO: Total execution time for kernels is 1.46919s
 INFO: Computing semblance for m0 = 8160
 INFO: Total execution time for kernels is 1.53132s
 INFO: Computing semblance for m0 = 8180
 INFO: Total execution time for kernels is 1.54235s
 INFO: Computing semblance for m0 = 8200
 INFO: Total execution time for kernels is 1.62633s
 INFO: Computing semblance for m0 = 8220
 INFO: Total execution time for kernels is 1.46572s
 INFO: Computing semblance for m0 = 8240
 INFO: Total execution time for kernels is 1.53122s
 INFO: Computing semblance for m0 = 8260
 INFO: Total execution time for kernels is 1.54524s
 INFO: Computing semblance for m0 = 8280
 INFO: Total execution time for kernels is 1.62708s
 INFO: Computing semblance for m0 = 8300
 INFO: Total execution time for kernels is 1.46641s
 INFO: Computing semblance for m0 = 8320
 INFO: Total execution time for kernels is 1.53478s
 INFO: Computing semblance for m0 = 8340
 INFO: Total execution time for kernels is 1.54319s
 INFO: Computing semblance for m0 = 8360
 INFO: Total execution time for kernels is 1.62965s
 INFO: Computing semblance for m0 = 8380
 INFO: Total execution time for kernels is 1.46894s
 INFO: Computing semblance for m0 = 8400
 INFO: Total execution time for kernels is 1.53046s
 INFO: Computing semblance for m0 = 8420
 INFO: Total execution time for kernels is 1.54213s
 INFO: Computing semblance for m0 = 8440
 INFO: Total execution time for kernels is 1.46815s
 INFO: Computing semblance for m0 = 8460
 INFO: Total execution time for kernels is 1.62746s
 INFO: Computing semblance for m0 = 8480
 INFO: Total execution time for kernels is 1.53137s
 INFO: Computing semblance for m0 = 8500
 INFO: Total execution time for kernels is 1.54332s
 INFO: Computing semblance for m0 = 8520
 INFO: Total execution time for kernels is 1.46654s
 INFO: Computing semblance for m0 = 8540
 INFO: Total execution time for kernels is 1.6278s
 INFO: Computing semblance for m0 = 8560
 INFO: Total execution time for kernels is 1.52995s
 INFO: Computing semblance for m0 = 8580
 INFO: Total execution time for kernels is 1.54479s
 INFO: Computing semblance for m0 = 8600
 INFO: Total execution time for kernels is 1.46676s
 INFO: Computing semblance for m0 = 8620
 INFO: Total execution time for kernels is 1.63141s
 INFO: Computing semblance for m0 = 8640
 INFO: Total execution time for kernels is 1.53116s
 INFO: Computing semblance for m0 = 8660
 INFO: Total execution time for kernels is 1.54354s
 INFO: Computing semblance for m0 = 8680
 INFO: Total execution time for kernels is 1.47097s
 INFO: Computing semblance for m0 = 8700
 INFO: Total execution time for kernels is 1.62819s
 INFO: Computing semblance for m0 = 8720
 INFO: Total execution time for kernels is 1.53525s
 INFO: Computing semblance for m0 = 8740
 INFO: Total execution time for kernels is 1.54529s
 INFO: Computing semblance for m0 = 8760
 INFO: Total execution time for kernels is 1.47037s
 INFO: Computing semblance for m0 = 8780
 INFO: Total execution time for kernels is 1.62918s
 INFO: Computing semblance for m0 = 8800
 INFO: Total execution time for kernels is 1.53065s
 INFO: Computing semblance for m0 = 8820
 INFO: Total execution time for kernels is 1.54146s
 INFO: Computing semblance for m0 = 8840
 INFO: Total execution time for kernels is 1.46776s
 INFO: Computing semblance for m0 = 8860
 INFO: Total execution time for kernels is 1.63051s
 INFO: Computing semblance for m0 = 8880
 INFO: Total execution time for kernels is 1.53291s
 INFO: Computing semblance for m0 = 8900
 INFO: Total execution time for kernels is 1.46755s
 INFO: Computing semblance for m0 = 8920
 INFO: Total execution time for kernels is 1.54506s
 INFO: Computing semblance for m0 = 8940
 INFO: Total execution time for kernels is 1.63343s
 INFO: Computing semblance for m0 = 8960
 INFO: Total execution time for kernels is 1.53068s
 INFO: Computing semblance for m0 = 8980
 INFO: Total execution time for kernels is 1.46744s
 INFO: Computing semblance for m0 = 9000
 INFO: Total execution time for kernels is 1.54117s
 INFO: Computing semblance for m0 = 9020
 INFO: Total execution time for kernels is 1.62276s
 INFO: Computing semblance for m0 = 9040
 INFO: Total execution time for kernels is 1.51489s
 INFO: Computing semblance for m0 = 9060
 INFO: Total execution time for kernels is 1.44257s
 INFO: Computing semblance for m0 = 9080
 INFO: Total execution time for kernels is 1.50377s
 INFO: Computing semblance for m0 = 9100
 INFO: Total execution time for kernels is 1.57358s
 INFO: Computing semblance for m0 = 9120
 INFO: Total execution time for kernels is 1.38435s
 INFO: Computing semblance for m0 = 9140
 INFO: Total execution time for kernels is 1.46348s
 INFO: Computing semblance for m0 = 9160
 INFO: Total execution time for kernels is 1.43509s
 INFO: Computing semblance for m0 = 9180
 INFO: Total execution time for kernels is 1.31925s
 INFO: Computing semblance for m0 = 9200
 INFO: Total execution time for kernels is 1.49141s
 INFO: Computing semblance for m0 = 9220
 INFO: Total execution time for kernels is 1.34989s
 INFO: Computing semblance for m0 = 9240
 INFO: Total execution time for kernels is 1.33051s
 INFO: Computing semblance for m0 = 9260
 INFO: Total execution time for kernels is 1.23548s
 INFO: Computing semblance for m0 = 9280
 INFO: Total execution time for kernels is 1.22529s
 INFO: Computing semblance for m0 = 9300
 INFO: Total execution time for kernels is 1.34127s
 INFO: Computing semblance for m0 = 9320
 INFO: Total execution time for kernels is 1.19875s
 INFO: Computing semblance for m0 = 9340
 INFO: Total execution time for kernels is 1.10884s
 INFO: Computing semblance for m0 = 9360
 INFO: Total execution time for kernels is 1.12382s
 INFO: Computing semblance for m0 = 9380
 INFO: Total execution time for kernels is 1.06842s
 INFO: Computing semblance for m0 = 9400
 INFO: Total execution time for kernels is 1.16472s
 INFO: Computing semblance for m0 = 9420
 INFO: Total execution time for kernels is 0.986874s
 INFO: Computing semblance for m0 = 9440
 INFO: Total execution time for kernels is 0.991079s
 INFO: Computing semblance for m0 = 9460
 INFO: Total execution time for kernels is 0.967463s
 INFO: Computing semblance for m0 = 9480
 INFO: Total execution time for kernels is 0.990666s
 INFO: Computing semblance for m0 = 9500
 INFO: Total execution time for kernels is 0.817319s
 INFO: Computing semblance for m0 = 9520
 INFO: Total execution time for kernels is 0.819817s
 INFO: Computing semblance for m0 = 9540
 INFO: Total execution time for kernels is 0.789695s
 INFO: Computing semblance for m0 = 9560
 INFO: Total execution time for kernels is 0.801932s
 INFO: Computing semblance for m0 = 9580
 INFO: Total execution time for kernels is 0.689356s
 INFO: Computing semblance for m0 = 9600
 INFO: Total execution time for kernels is 0.687603s
 INFO: Computing semblance for m0 = 9620
 INFO: Total execution time for kernels is 0.658967s
 INFO: Computing semblance for m0 = 9640
 INFO: Total execution time for kernels is 0.663575s
 INFO: Computing semblance for m0 = 9660
 INFO: Total execution time for kernels is 0.572086s
 INFO: Computing semblance for m0 = 9680
 INFO: Total execution time for kernels is 0.563258s
 INFO: Computing semblance for m0 = 9700
 INFO: Total execution time for kernels is 0.534493s
 INFO: Computing semblance for m0 = 9720
 INFO: Total execution time for kernels is 0.532387s
 INFO: Computing semblance for m0 = 9740
 INFO: Total execution time for kernels is 0.440474s
 INFO: Computing semblance for m0 = 9760
 INFO: Total execution time for kernels is 0.403618s
 INFO: Computing semblance for m0 = 9780
 INFO: Total execution time for kernels is 0.430174s
 INFO: Computing semblance for m0 = 9800
 INFO: Total execution time for kernels is 0.395249s
 INFO: Computing semblance for m0 = 9820
 INFO: Total execution time for kernels is 0.248108s
 INFO: Computing semblance for m0 = 9840
 INFO: Total execution time for kernels is 0.267463s
 INFO: Computing semblance for m0 = 9860
 INFO: Total execution time for kernels is 0.318231s
 INFO: Computing semblance for m0 = 9880
 INFO: Total execution time for kernels is 0.299247s
 INFO: Computing semblance for m0 = 9900
 INFO: Total execution time for kernels is 0.123343s
 INFO: Computing semblance for m0 = 9920
 INFO: Total execution time for kernels is 0.143451s
 INFO: Computing semblance for m0 = 9940
 INFO: Total execution time for kernels is 0.174303s
 INFO: Total execution time for kernels is 0.213091s
 INFO: Total execution time for kernels is 0.0704922s
 INFO: Total execution time for kernels is 0.0991978s
 INFO: Average of efficiency is 1
 INFO: Average of interpolations_per_sec is 1.07151e+11
 INFO: Average of selected_traces is 309.888
 INFO: Average of total_selection_kernel_exec_time is 0.00432792
 INFO: Average of total_kernel_exec_time is 1.37863
 INFO: Results written to /home/ubuntu/nfs/out/0447d1c_g4dn.12xlarge/zocrs/greedy/cuda/simple-synthetic_2/simple-synthetic_greedy_zocrs_20210101_0211/
 INFO: It took 170.262s to compute.
