 INFO: Number of CDPs = 445
 INFO: Number of traces in the gather = 9200
 INFO: Number of samples per trace = 2502
 INFO: Computing semblance for m0 = 0
 INFO: Total execution time for kernels is 0.000891055s
 INFO: Computing semblance for m0 = 1080
 INFO: Total execution time for kernels is 0.00914953s
 INFO: Computing semblance for m0 = 1100
 INFO: Total execution time for kernels is 0.01103s
 INFO: Computing semblance for m0 = 1120
 INFO: Total execution time for kernels is 0.0130427s
 INFO: Computing semblance for m0 = 1140
 INFO: Total execution time for kernels is 0.015181s
 INFO: Computing semblance for m0 = 1160
 INFO: Total execution time for kernels is 0.0172642s
 INFO: Computing semblance for m0 = 1180
 INFO: Total execution time for kernels is 0.0197991s
 INFO: Computing semblance for m0 = 1200
 INFO: Total execution time for kernels is 0.0222058s
 INFO: Computing semblance for m0 = 1220
 INFO: Total execution time for kernels is 0.0248137s
 INFO: Computing semblance for m0 = 1240
 INFO: Total execution time for kernels is 0.0272808s
 INFO: Computing semblance for m0 = 1260
 INFO: Total execution time for kernels is 0.0297183s
 INFO: Computing semblance for m0 = 1280
 INFO: Total execution time for kernels is 0.0324525s
 INFO: Computing semblance for m0 = 1300
 INFO: Total execution time for kernels is 0.0352754s
 INFO: Computing semblance for m0 = 1320
 INFO: Total execution time for kernels is 0.0367525s
 INFO: Computing semblance for m0 = 1340
 INFO: Total execution time for kernels is 0.0394411s
 INFO: Computing semblance for m0 = 1360
 INFO: Total execution time for kernels is 0.0416161s
 INFO: Computing semblance for m0 = 1380
 INFO: Total execution time for kernels is 0.0456791s
 INFO: Computing semblance for m0 = 1400
 INFO: Total execution time for kernels is 0.0474098s
 INFO: Computing semblance for m0 = 1420
 INFO: Total execution time for kernels is 0.0507621s
 INFO: Computing semblance for m0 = 1440
 INFO: Total execution time for kernels is 0.0541477s
 INFO: Computing semblance for m0 = 1460
 INFO: Total execution time for kernels is 0.0578103s
 INFO: Computing semblance for m0 = 1480
 INFO: Total execution time for kernels is 0.0598861s
 INFO: Computing semblance for m0 = 1500
 INFO: Total execution time for kernels is 0.0639269s
 INFO: Computing semblance for m0 = 1520
 INFO: Total execution time for kernels is 0.0671235s
 INFO: Computing semblance for m0 = 1540
 INFO: Total execution time for kernels is 0.0697671s
 INFO: Computing semblance for m0 = 1560
 INFO: Total execution time for kernels is 0.0739887s
 INFO: Computing semblance for m0 = 1580
 INFO: Total execution time for kernels is 0.0775569s
 INFO: Computing semblance for m0 = 1600
 INFO: Total execution time for kernels is 0.0805336s
 INFO: Computing semblance for m0 = 1620
 INFO: Total execution time for kernels is 0.0842209s
 INFO: Computing semblance for m0 = 1640
 INFO: Total execution time for kernels is 0.0871076s
 INFO: Computing semblance for m0 = 1660
 INFO: Total execution time for kernels is 0.0922379s
 INFO: Computing semblance for m0 = 1680
 INFO: Total execution time for kernels is 0.0941349s
 INFO: Computing semblance for m0 = 1700
 INFO: Total execution time for kernels is 0.0987549s
 INFO: Computing semblance for m0 = 1720
 INFO: Total execution time for kernels is 0.101905s
 INFO: Computing semblance for m0 = 1740
 INFO: Total execution time for kernels is 0.106271s
 INFO: Computing semblance for m0 = 1760
 INFO: Total execution time for kernels is 0.109516s
 INFO: Computing semblance for m0 = 1780
 INFO: Total execution time for kernels is 0.113353s
 INFO: Computing semblance for m0 = 1800
 INFO: Total execution time for kernels is 0.116776s
 INFO: Computing semblance for m0 = 1820
 INFO: Total execution time for kernels is 0.121096s
 INFO: Computing semblance for m0 = 1840
 INFO: Total execution time for kernels is 0.123676s
 INFO: Computing semblance for m0 = 1860
 INFO: Total execution time for kernels is 0.127681s
 INFO: Computing semblance for m0 = 1880
 INFO: Total execution time for kernels is 0.130297s
 INFO: Computing semblance for m0 = 1900
 INFO: Total execution time for kernels is 0.132383s
 INFO: Computing semblance for m0 = 1920
 INFO: Total execution time for kernels is 0.136422s
 INFO: Computing semblance for m0 = 1940
 INFO: Total execution time for kernels is 0.138995s
 INFO: Computing semblance for m0 = 1960
 INFO: Total execution time for kernels is 0.140273s
 INFO: Computing semblance for m0 = 1980
 INFO: Total execution time for kernels is 0.14312s
 INFO: Computing semblance for m0 = 2000
 INFO: Total execution time for kernels is 0.145866s
 INFO: Computing semblance for m0 = 2020
 INFO: Total execution time for kernels is 0.148075s
 INFO: Computing semblance for m0 = 2040
 INFO: Total execution time for kernels is 0.147221s
 INFO: Computing semblance for m0 = 2060
 INFO: Total execution time for kernels is 0.150153s
 INFO: Computing semblance for m0 = 2080
 INFO: Total execution time for kernels is 0.149965s
 INFO: Computing semblance for m0 = 2100
 INFO: Total execution time for kernels is 0.149933s
 INFO: Computing semblance for m0 = 2120
 INFO: Total execution time for kernels is 0.150097s
 INFO: Computing semblance for m0 = 2140
 INFO: Total execution time for kernels is 0.149701s
 INFO: Computing semblance for m0 = 2160
 INFO: Total execution time for kernels is 0.149565s
 INFO: Computing semblance for m0 = 2180
 INFO: Total execution time for kernels is 0.148443s
 INFO: Computing semblance for m0 = 2200
 INFO: Total execution time for kernels is 0.149545s
 INFO: Computing semblance for m0 = 2220
 INFO: Total execution time for kernels is 0.14981s
 INFO: Computing semblance for m0 = 2240
 INFO: Total execution time for kernels is 0.149109s
 INFO: Computing semblance for m0 = 2260
 INFO: Total execution time for kernels is 0.149184s
 INFO: Computing semblance for m0 = 2280
 INFO: Total execution time for kernels is 0.148276s
 INFO: Computing semblance for m0 = 2300
 INFO: Total execution time for kernels is 0.149145s
 INFO: Computing semblance for m0 = 2320
 INFO: Total execution time for kernels is 0.149585s
 INFO: Computing semblance for m0 = 2340
 INFO: Total execution time for kernels is 0.150319s
 INFO: Computing semblance for m0 = 2360
 INFO: Total execution time for kernels is 0.150724s
 INFO: Computing semblance for m0 = 2380
 INFO: Total execution time for kernels is 0.150391s
 INFO: Computing semblance for m0 = 2400
 INFO: Total execution time for kernels is 0.149471s
 INFO: Computing semblance for m0 = 2420
 INFO: Total execution time for kernels is 0.150213s
 INFO: Computing semblance for m0 = 2440
 INFO: Total execution time for kernels is 0.15091s
 INFO: Computing semblance for m0 = 2460
 INFO: Total execution time for kernels is 0.149292s
 INFO: Computing semblance for m0 = 2480
 INFO: Total execution time for kernels is 0.150386s
 INFO: Computing semblance for m0 = 2500
 INFO: Total execution time for kernels is 0.150224s
 INFO: Computing semblance for m0 = 2520
 INFO: Total execution time for kernels is 0.150243s
 INFO: Computing semblance for m0 = 2540
 INFO: Total execution time for kernels is 0.151134s
 INFO: Computing semblance for m0 = 2560
 INFO: Total execution time for kernels is 0.151884s
 INFO: Computing semblance for m0 = 2580
 INFO: Total execution time for kernels is 0.151602s
 INFO: Computing semblance for m0 = 2600
 INFO: Total execution time for kernels is 0.150635s
 INFO: Computing semblance for m0 = 2620
 INFO: Total execution time for kernels is 0.15182s
 INFO: Computing semblance for m0 = 2640
 INFO: Total execution time for kernels is 0.152651s
 INFO: Computing semblance for m0 = 2660
 INFO: Total execution time for kernels is 0.150378s
 INFO: Computing semblance for m0 = 2680
 INFO: Total execution time for kernels is 0.150633s
 INFO: Computing semblance for m0 = 2700
 INFO: Total execution time for kernels is 0.150194s
 INFO: Computing semblance for m0 = 2720
 INFO: Total execution time for kernels is 0.149859s
 INFO: Computing semblance for m0 = 2740
 INFO: Total execution time for kernels is 0.14955s
 INFO: Computing semblance for m0 = 2760
 INFO: Total execution time for kernels is 0.149333s
 INFO: Computing semblance for m0 = 2780
 INFO: Total execution time for kernels is 0.149794s
 INFO: Computing semblance for m0 = 2800
 INFO: Total execution time for kernels is 0.149155s
 INFO: Computing semblance for m0 = 2820
 INFO: Total execution time for kernels is 0.149708s
 INFO: Computing semblance for m0 = 2840
 INFO: Total execution time for kernels is 0.14963s
 INFO: Computing semblance for m0 = 2860
 INFO: Total execution time for kernels is 0.149597s
 INFO: Computing semblance for m0 = 2880
 INFO: Total execution time for kernels is 0.148792s
 INFO: Computing semblance for m0 = 2900
 INFO: Total execution time for kernels is 0.14854s
 INFO: Computing semblance for m0 = 2920
 INFO: Total execution time for kernels is 0.149009s
 INFO: Computing semblance for m0 = 2940
 INFO: Total execution time for kernels is 0.14948s
 INFO: Computing semblance for m0 = 2960
 INFO: Total execution time for kernels is 0.149606s
 INFO: Computing semblance for m0 = 2980
 INFO: Total execution time for kernels is 0.148212s
 INFO: Computing semblance for m0 = 3000
 INFO: Total execution time for kernels is 0.149042s
 INFO: Computing semblance for m0 = 3020
 INFO: Total execution time for kernels is 0.148721s
 INFO: Computing semblance for m0 = 3040
 INFO: Total execution time for kernels is 0.149192s
 INFO: Computing semblance for m0 = 3060
 INFO: Total execution time for kernels is 0.150662s
 INFO: Computing semblance for m0 = 3080
 INFO: Total execution time for kernels is 0.150956s
 INFO: Computing semblance for m0 = 3100
 INFO: Total execution time for kernels is 0.151849s
 INFO: Computing semblance for m0 = 3120
 INFO: Total execution time for kernels is 0.150615s
 INFO: Computing semblance for m0 = 3140
 INFO: Total execution time for kernels is 0.150871s
 INFO: Computing semblance for m0 = 3160
 INFO: Total execution time for kernels is 0.149836s
 INFO: Computing semblance for m0 = 3180
 INFO: Total execution time for kernels is 0.150108s
 INFO: Computing semblance for m0 = 3200
 INFO: Total execution time for kernels is 0.150595s
 INFO: Computing semblance for m0 = 3220
 INFO: Total execution time for kernels is 0.150325s
 INFO: Computing semblance for m0 = 3240
 INFO: Total execution time for kernels is 0.149343s
 INFO: Computing semblance for m0 = 3260
 INFO: Total execution time for kernels is 0.149629s
 INFO: Computing semblance for m0 = 3280
 INFO: Total execution time for kernels is 0.150457s
 INFO: Computing semblance for m0 = 3300
 INFO: Total execution time for kernels is 0.150661s
 INFO: Computing semblance for m0 = 3320
 INFO: Total execution time for kernels is 0.150842s
 INFO: Computing semblance for m0 = 3340
 INFO: Total execution time for kernels is 0.150382s
 INFO: Computing semblance for m0 = 3360
 INFO: Total execution time for kernels is 0.149557s
 INFO: Computing semblance for m0 = 3380
 INFO: Total execution time for kernels is 0.149112s
 INFO: Computing semblance for m0 = 3400
 INFO: Total execution time for kernels is 0.148671s
 INFO: Computing semblance for m0 = 3420
 INFO: Total execution time for kernels is 0.14887s
 INFO: Computing semblance for m0 = 3440
 INFO: Total execution time for kernels is 0.147686s
 INFO: Computing semblance for m0 = 3460
 INFO: Total execution time for kernels is 0.148757s
 INFO: Computing semblance for m0 = 3480
 INFO: Total execution time for kernels is 0.14814s
 INFO: Computing semblance for m0 = 3500
 INFO: Total execution time for kernels is 0.148476s
 INFO: Computing semblance for m0 = 3520
 INFO: Total execution time for kernels is 0.147483s
 INFO: Computing semblance for m0 = 3540
 INFO: Total execution time for kernels is 0.146611s
 INFO: Computing semblance for m0 = 3560
 INFO: Total execution time for kernels is 0.147908s
 INFO: Computing semblance for m0 = 3580
 INFO: Total execution time for kernels is 0.146587s
 INFO: Computing semblance for m0 = 3600
 INFO: Total execution time for kernels is 0.147229s
 INFO: Computing semblance for m0 = 3620
 INFO: Total execution time for kernels is 0.148473s
 INFO: Computing semblance for m0 = 3640
 INFO: Total execution time for kernels is 0.148351s
 INFO: Computing semblance for m0 = 3660
 INFO: Total execution time for kernels is 0.147775s
 INFO: Computing semblance for m0 = 3680
 INFO: Total execution time for kernels is 0.148458s
 INFO: Computing semblance for m0 = 3700
 INFO: Total execution time for kernels is 0.150111s
 INFO: Computing semblance for m0 = 3720
 INFO: Total execution time for kernels is 0.149265s
 INFO: Computing semblance for m0 = 3740
 INFO: Total execution time for kernels is 0.148955s
 INFO: Computing semblance for m0 = 3760
 INFO: Total execution time for kernels is 0.148706s
 INFO: Computing semblance for m0 = 3780
 INFO: Total execution time for kernels is 0.149586s
 INFO: Computing semblance for m0 = 3800
 INFO: Total execution time for kernels is 0.148797s
 INFO: Computing semblance for m0 = 3820
 INFO: Total execution time for kernels is 0.149918s
 INFO: Computing semblance for m0 = 3840
 INFO: Total execution time for kernels is 0.149597s
 INFO: Computing semblance for m0 = 3860
 INFO: Total execution time for kernels is 0.14953s
 INFO: Computing semblance for m0 = 3880
 INFO: Total execution time for kernels is 0.150217s
 INFO: Computing semblance for m0 = 3900
 INFO: Total execution time for kernels is 0.150237s
 INFO: Computing semblance for m0 = 3920
 INFO: Total execution time for kernels is 0.149238s
 INFO: Computing semblance for m0 = 3940
 INFO: Total execution time for kernels is 0.148968s
 INFO: Computing semblance for m0 = 3960
 INFO: Total execution time for kernels is 0.149402s
 INFO: Computing semblance for m0 = 3980
 INFO: Total execution time for kernels is 0.149268s
 INFO: Computing semblance for m0 = 4000
 INFO: Total execution time for kernels is 0.150523s
 INFO: Computing semblance for m0 = 4020
 INFO: Total execution time for kernels is 0.149813s
 INFO: Computing semblance for m0 = 4040
 INFO: Total execution time for kernels is 0.150236s
 INFO: Computing semblance for m0 = 4060
 INFO: Total execution time for kernels is 0.150085s
 INFO: Computing semblance for m0 = 4080
 INFO: Total execution time for kernels is 0.150409s
 INFO: Computing semblance for m0 = 4100
 INFO: Total execution time for kernels is 0.149979s
 INFO: Computing semblance for m0 = 4120
 INFO: Total execution time for kernels is 0.15019s
 INFO: Computing semblance for m0 = 4140
 INFO: Total execution time for kernels is 0.149415s
 INFO: Computing semblance for m0 = 4160
 INFO: Total execution time for kernels is 0.149312s
 INFO: Computing semblance for m0 = 4180
 INFO: Total execution time for kernels is 0.149354s
 INFO: Computing semblance for m0 = 4200
 INFO: Total execution time for kernels is 0.151566s
 INFO: Computing semblance for m0 = 4220
 INFO: Total execution time for kernels is 0.151283s
 INFO: Computing semblance for m0 = 4240
 INFO: Total execution time for kernels is 0.151472s
 INFO: Computing semblance for m0 = 4260
 INFO: Total execution time for kernels is 0.151023s
 INFO: Computing semblance for m0 = 4280
 INFO: Total execution time for kernels is 0.151203s
 INFO: Computing semblance for m0 = 4300
 INFO: Total execution time for kernels is 0.151256s
 INFO: Computing semblance for m0 = 4320
 INFO: Total execution time for kernels is 0.15077s
 INFO: Computing semblance for m0 = 4340
 INFO: Total execution time for kernels is 0.150466s
 INFO: Computing semblance for m0 = 4360
 INFO: Total execution time for kernels is 0.150475s
 INFO: Computing semblance for m0 = 4380
 INFO: Total execution time for kernels is 0.14989s
 INFO: Computing semblance for m0 = 4400
 INFO: Total execution time for kernels is 0.149108s
 INFO: Computing semblance for m0 = 4420
 INFO: Total execution time for kernels is 0.149694s
 INFO: Computing semblance for m0 = 4440
 INFO: Total execution time for kernels is 0.15006s
 INFO: Computing semblance for m0 = 4460
 INFO: Total execution time for kernels is 0.150207s
 INFO: Computing semblance for m0 = 4480
 INFO: Total execution time for kernels is 0.149323s
 INFO: Computing semblance for m0 = 4500
 INFO: Total execution time for kernels is 0.150236s
 INFO: Computing semblance for m0 = 4520
 INFO: Total execution time for kernels is 0.14972s
 INFO: Computing semblance for m0 = 4540
 INFO: Total execution time for kernels is 0.149454s
 INFO: Computing semblance for m0 = 4560
 INFO: Total execution time for kernels is 0.14901s
 INFO: Computing semblance for m0 = 4580
 INFO: Total execution time for kernels is 0.149687s
 INFO: Computing semblance for m0 = 4600
 INFO: Total execution time for kernels is 0.149811s
 INFO: Computing semblance for m0 = 4620
 INFO: Total execution time for kernels is 0.1502s
 INFO: Computing semblance for m0 = 4640
 INFO: Total execution time for kernels is 0.150135s
 INFO: Computing semblance for m0 = 4660
 INFO: Total execution time for kernels is 0.149249s
 INFO: Computing semblance for m0 = 4680
 INFO: Total execution time for kernels is 0.14827s
 INFO: Computing semblance for m0 = 4700
 INFO: Total execution time for kernels is 0.149854s
 INFO: Computing semblance for m0 = 4720
 INFO: Total execution time for kernels is 0.149178s
 INFO: Computing semblance for m0 = 4740
 INFO: Total execution time for kernels is 0.149177s
 INFO: Computing semblance for m0 = 4760
 INFO: Total execution time for kernels is 0.149733s
 INFO: Computing semblance for m0 = 4780
 INFO: Total execution time for kernels is 0.149637s
 INFO: Computing semblance for m0 = 4800
 INFO: Total execution time for kernels is 0.149828s
 INFO: Computing semblance for m0 = 4820
 INFO: Total execution time for kernels is 0.149719s
 INFO: Computing semblance for m0 = 4840
 INFO: Total execution time for kernels is 0.149851s
 INFO: Computing semblance for m0 = 4860
 INFO: Total execution time for kernels is 0.150185s
 INFO: Computing semblance for m0 = 4880
 INFO: Total execution time for kernels is 0.149724s
 INFO: Computing semblance for m0 = 4900
 INFO: Total execution time for kernels is 0.150216s
 INFO: Computing semblance for m0 = 4920
 INFO: Total execution time for kernels is 0.150484s
 INFO: Computing semblance for m0 = 4940
 INFO: Total execution time for kernels is 0.149652s
 INFO: Computing semblance for m0 = 4960
 INFO: Total execution time for kernels is 0.150014s
 INFO: Computing semblance for m0 = 4980
 INFO: Total execution time for kernels is 0.150317s
 INFO: Computing semblance for m0 = 5000
 INFO: Total execution time for kernels is 0.151199s
 INFO: Computing semblance for m0 = 5020
 INFO: Total execution time for kernels is 0.150365s
 INFO: Computing semblance for m0 = 5040
 INFO: Total execution time for kernels is 0.151927s
 INFO: Computing semblance for m0 = 5060
 INFO: Total execution time for kernels is 0.150763s
 INFO: Computing semblance for m0 = 5080
 INFO: Total execution time for kernels is 0.150419s
 INFO: Computing semblance for m0 = 5100
 INFO: Total execution time for kernels is 0.150282s
 INFO: Computing semblance for m0 = 5120
 INFO: Total execution time for kernels is 0.150216s
 INFO: Computing semblance for m0 = 5140
 INFO: Total execution time for kernels is 0.149371s
 INFO: Computing semblance for m0 = 5160
 INFO: Total execution time for kernels is 0.150173s
 INFO: Computing semblance for m0 = 5180
 INFO: Total execution time for kernels is 0.149999s
 INFO: Computing semblance for m0 = 5200
 INFO: Total execution time for kernels is 0.149222s
 INFO: Computing semblance for m0 = 5220
 INFO: Total execution time for kernels is 0.150469s
 INFO: Computing semblance for m0 = 5240
 INFO: Total execution time for kernels is 0.149665s
 INFO: Computing semblance for m0 = 5260
 INFO: Total execution time for kernels is 0.149058s
 INFO: Computing semblance for m0 = 5280
 INFO: Total execution time for kernels is 0.149427s
 INFO: Computing semblance for m0 = 5300
 INFO: Total execution time for kernels is 0.149394s
 INFO: Computing semblance for m0 = 5320
 INFO: Total execution time for kernels is 0.149877s
 INFO: Computing semblance for m0 = 5340
 INFO: Total execution time for kernels is 0.149867s
 INFO: Computing semblance for m0 = 5360
 INFO: Total execution time for kernels is 0.148595s
 INFO: Computing semblance for m0 = 5380
 INFO: Total execution time for kernels is 0.147622s
 INFO: Computing semblance for m0 = 5400
 INFO: Total execution time for kernels is 0.149091s
 INFO: Computing semblance for m0 = 5420
 INFO: Total execution time for kernels is 0.147609s
 INFO: Computing semblance for m0 = 5440
 INFO: Total execution time for kernels is 0.148742s
 INFO: Computing semblance for m0 = 5460
 INFO: Total execution time for kernels is 0.14814s
 INFO: Computing semblance for m0 = 5480
 INFO: Total execution time for kernels is 0.150024s
 INFO: Computing semblance for m0 = 5500
 INFO: Total execution time for kernels is 0.150122s
 INFO: Computing semblance for m0 = 5520
 INFO: Total execution time for kernels is 0.149601s
 INFO: Computing semblance for m0 = 5540
 INFO: Total execution time for kernels is 0.149545s
 INFO: Computing semblance for m0 = 5560
 INFO: Total execution time for kernels is 0.149641s
 INFO: Computing semblance for m0 = 5580
 INFO: Total execution time for kernels is 0.149825s
 INFO: Computing semblance for m0 = 5600
 INFO: Total execution time for kernels is 0.149043s
 INFO: Computing semblance for m0 = 5620
 INFO: Total execution time for kernels is 0.151514s
 INFO: Computing semblance for m0 = 5640
 INFO: Total execution time for kernels is 0.149824s
 INFO: Computing semblance for m0 = 5660
 INFO: Total execution time for kernels is 0.151628s
 INFO: Computing semblance for m0 = 5680
 INFO: Total execution time for kernels is 0.151257s
 INFO: Computing semblance for m0 = 5700
 INFO: Total execution time for kernels is 0.151504s
 INFO: Computing semblance for m0 = 5720
 INFO: Total execution time for kernels is 0.150966s
 INFO: Computing semblance for m0 = 5740
 INFO: Total execution time for kernels is 0.150633s
 INFO: Computing semblance for m0 = 5760
 INFO: Total execution time for kernels is 0.150958s
 INFO: Computing semblance for m0 = 5780
 INFO: Total execution time for kernels is 0.150371s
 INFO: Computing semblance for m0 = 5800
 INFO: Total execution time for kernels is 0.150162s
 INFO: Computing semblance for m0 = 5820
 INFO: Total execution time for kernels is 0.15028s
 INFO: Computing semblance for m0 = 5840
 INFO: Total execution time for kernels is 0.150842s
 INFO: Computing semblance for m0 = 5860
 INFO: Total execution time for kernels is 0.150734s
 INFO: Computing semblance for m0 = 5880
 INFO: Total execution time for kernels is 0.151774s
 INFO: Computing semblance for m0 = 5900
 INFO: Total execution time for kernels is 0.151321s
 INFO: Computing semblance for m0 = 5920
 INFO: Total execution time for kernels is 0.150588s
 INFO: Computing semblance for m0 = 5940
 INFO: Total execution time for kernels is 0.150809s
 INFO: Computing semblance for m0 = 5960
 INFO: Total execution time for kernels is 0.151307s
 INFO: Computing semblance for m0 = 5980
 INFO: Total execution time for kernels is 0.149415s
 INFO: Computing semblance for m0 = 6000
 INFO: Total execution time for kernels is 0.1494s
 INFO: Computing semblance for m0 = 6020
 INFO: Total execution time for kernels is 0.149589s
 INFO: Computing semblance for m0 = 6040
 INFO: Total execution time for kernels is 0.150166s
 INFO: Computing semblance for m0 = 6060
 INFO: Total execution time for kernels is 0.150913s
 INFO: Computing semblance for m0 = 6080
 INFO: Total execution time for kernels is 0.149634s
 INFO: Computing semblance for m0 = 6100
 INFO: Total execution time for kernels is 0.14981s
 INFO: Computing semblance for m0 = 6120
 INFO: Total execution time for kernels is 0.14996s
 INFO: Computing semblance for m0 = 6140
 INFO: Total execution time for kernels is 0.149883s
 INFO: Computing semblance for m0 = 6160
 INFO: Total execution time for kernels is 0.149316s
 INFO: Computing semblance for m0 = 6180
 INFO: Total execution time for kernels is 0.14895s
 INFO: Computing semblance for m0 = 6200
 INFO: Total execution time for kernels is 0.14943s
 INFO: Computing semblance for m0 = 6220
 INFO: Total execution time for kernels is 0.149184s
 INFO: Computing semblance for m0 = 6240
 INFO: Total execution time for kernels is 0.149763s
 INFO: Computing semblance for m0 = 6260
 INFO: Total execution time for kernels is 0.149662s
 INFO: Computing semblance for m0 = 6280
 INFO: Total execution time for kernels is 0.149306s
 INFO: Computing semblance for m0 = 6300
 INFO: Total execution time for kernels is 0.150151s
 INFO: Computing semblance for m0 = 6320
 INFO: Total execution time for kernels is 0.14979s
 INFO: Computing semblance for m0 = 6340
 INFO: Total execution time for kernels is 0.150399s
 INFO: Computing semblance for m0 = 6360
 INFO: Total execution time for kernels is 0.149692s
 INFO: Computing semblance for m0 = 6380
 INFO: Total execution time for kernels is 0.149577s
 INFO: Computing semblance for m0 = 6400
 INFO: Total execution time for kernels is 0.150298s
 INFO: Computing semblance for m0 = 6420
 INFO: Total execution time for kernels is 0.149874s
 INFO: Computing semblance for m0 = 6440
 INFO: Total execution time for kernels is 0.150167s
 INFO: Computing semblance for m0 = 6460
 INFO: Total execution time for kernels is 0.149779s
 INFO: Computing semblance for m0 = 6480
 INFO: Total execution time for kernels is 0.149967s
 INFO: Computing semblance for m0 = 6500
 INFO: Total execution time for kernels is 0.149876s
 INFO: Computing semblance for m0 = 6520
 INFO: Total execution time for kernels is 0.14969s
 INFO: Computing semblance for m0 = 6540
 INFO: Total execution time for kernels is 0.149633s
 INFO: Computing semblance for m0 = 6560
 INFO: Total execution time for kernels is 0.149321s
 INFO: Computing semblance for m0 = 6580
 INFO: Total execution time for kernels is 0.150568s
 INFO: Computing semblance for m0 = 6600
 INFO: Total execution time for kernels is 0.150606s
 INFO: Computing semblance for m0 = 6620
 INFO: Total execution time for kernels is 0.15002s
 INFO: Computing semblance for m0 = 6640
 INFO: Total execution time for kernels is 0.150004s
 INFO: Computing semblance for m0 = 6660
 INFO: Total execution time for kernels is 0.150418s
 INFO: Computing semblance for m0 = 6680
 INFO: Total execution time for kernels is 0.149997s
 INFO: Computing semblance for m0 = 6700
 INFO: Total execution time for kernels is 0.149765s
 INFO: Computing semblance for m0 = 6720
 INFO: Total execution time for kernels is 0.149543s
 INFO: Computing semblance for m0 = 6740
 INFO: Total execution time for kernels is 0.1484s
 INFO: Computing semblance for m0 = 6760
 INFO: Total execution time for kernels is 0.148648s
 INFO: Computing semblance for m0 = 6780
 INFO: Total execution time for kernels is 0.150006s
 INFO: Computing semblance for m0 = 6800
 INFO: Total execution time for kernels is 0.148804s
 INFO: Computing semblance for m0 = 6820
 INFO: Total execution time for kernels is 0.148931s
 INFO: Computing semblance for m0 = 6840
 INFO: Total execution time for kernels is 0.149332s
 INFO: Computing semblance for m0 = 6860
 INFO: Total execution time for kernels is 0.15003s
 INFO: Computing semblance for m0 = 6880
 INFO: Total execution time for kernels is 0.148644s
 INFO: Computing semblance for m0 = 6900
 INFO: Total execution time for kernels is 0.149898s
 INFO: Computing semblance for m0 = 6920
 INFO: Total execution time for kernels is 0.149511s
 INFO: Computing semblance for m0 = 6940
 INFO: Total execution time for kernels is 0.148911s
 INFO: Computing semblance for m0 = 6960
 INFO: Total execution time for kernels is 0.148566s
 INFO: Computing semblance for m0 = 6980
 INFO: Total execution time for kernels is 0.149474s
 INFO: Computing semblance for m0 = 7000
 INFO: Total execution time for kernels is 0.149224s
 INFO: Computing semblance for m0 = 7020
 INFO: Total execution time for kernels is 0.149899s
 INFO: Computing semblance for m0 = 7040
 INFO: Total execution time for kernels is 0.150645s
 INFO: Computing semblance for m0 = 7060
 INFO: Total execution time for kernels is 0.150706s
 INFO: Computing semblance for m0 = 7080
 INFO: Total execution time for kernels is 0.15035s
 INFO: Computing semblance for m0 = 7100
 INFO: Total execution time for kernels is 0.150772s
 INFO: Computing semblance for m0 = 7120
 INFO: Total execution time for kernels is 0.15091s
 INFO: Computing semblance for m0 = 7140
 INFO: Total execution time for kernels is 0.151602s
 INFO: Computing semblance for m0 = 7160
 INFO: Total execution time for kernels is 0.151444s
 INFO: Computing semblance for m0 = 7180
 INFO: Total execution time for kernels is 0.151046s
 INFO: Computing semblance for m0 = 7200
 INFO: Total execution time for kernels is 0.151233s
 INFO: Computing semblance for m0 = 7220
 INFO: Total execution time for kernels is 0.151111s
 INFO: Computing semblance for m0 = 7240
 INFO: Total execution time for kernels is 0.149859s
 INFO: Computing semblance for m0 = 7260
 INFO: Total execution time for kernels is 0.1493s
 INFO: Computing semblance for m0 = 7280
 INFO: Total execution time for kernels is 0.150258s
 INFO: Computing semblance for m0 = 7300
 INFO: Total execution time for kernels is 0.150159s
 INFO: Computing semblance for m0 = 7320
 INFO: Total execution time for kernels is 0.149668s
 INFO: Computing semblance for m0 = 7340
 INFO: Total execution time for kernels is 0.149886s
 INFO: Computing semblance for m0 = 7360
 INFO: Total execution time for kernels is 0.150097s
 INFO: Computing semblance for m0 = 7380
 INFO: Total execution time for kernels is 0.150365s
 INFO: Computing semblance for m0 = 7400
 INFO: Total execution time for kernels is 0.149435s
 INFO: Computing semblance for m0 = 7420
 INFO: Total execution time for kernels is 0.149162s
 INFO: Computing semblance for m0 = 7440
 INFO: Total execution time for kernels is 0.149888s
 INFO: Computing semblance for m0 = 7460
 INFO: Total execution time for kernels is 0.149955s
 INFO: Computing semblance for m0 = 7480
 INFO: Total execution time for kernels is 0.149698s
 INFO: Computing semblance for m0 = 7500
 INFO: Total execution time for kernels is 0.149079s
 INFO: Computing semblance for m0 = 7520
 INFO: Total execution time for kernels is 0.15055s
 INFO: Computing semblance for m0 = 7540
 INFO: Total execution time for kernels is 0.150259s
 INFO: Computing semblance for m0 = 7560
 INFO: Total execution time for kernels is 0.149483s
 INFO: Computing semblance for m0 = 7580
 INFO: Total execution time for kernels is 0.149636s
 INFO: Computing semblance for m0 = 7600
 INFO: Total execution time for kernels is 0.149171s
 INFO: Computing semblance for m0 = 7620
 INFO: Total execution time for kernels is 0.149478s
 INFO: Computing semblance for m0 = 7640
 INFO: Total execution time for kernels is 0.148095s
 INFO: Computing semblance for m0 = 7660
 INFO: Total execution time for kernels is 0.149327s
 INFO: Computing semblance for m0 = 7680
 INFO: Total execution time for kernels is 0.149001s
 INFO: Computing semblance for m0 = 7700
 INFO: Total execution time for kernels is 0.149411s
 INFO: Computing semblance for m0 = 7720
 INFO: Total execution time for kernels is 0.148812s
 INFO: Computing semblance for m0 = 7740
 INFO: Total execution time for kernels is 0.147905s
 INFO: Computing semblance for m0 = 7760
 INFO: Total execution time for kernels is 0.149385s
 INFO: Computing semblance for m0 = 7780
 INFO: Total execution time for kernels is 0.148788s
 INFO: Computing semblance for m0 = 7800
 INFO: Total execution time for kernels is 0.148524s
 INFO: Computing semblance for m0 = 7820
 INFO: Total execution time for kernels is 0.148135s
 INFO: Computing semblance for m0 = 7840
 INFO: Total execution time for kernels is 0.148399s
 INFO: Computing semblance for m0 = 7860
 INFO: Total execution time for kernels is 0.150571s
 INFO: Computing semblance for m0 = 7880
 INFO: Total execution time for kernels is 0.149662s
 INFO: Computing semblance for m0 = 7900
 INFO: Total execution time for kernels is 0.149041s
 INFO: Computing semblance for m0 = 7920
 INFO: Total execution time for kernels is 0.149497s
 INFO: Computing semblance for m0 = 7940
 INFO: Total execution time for kernels is 0.149095s
 INFO: Computing semblance for m0 = 7960
 INFO: Total execution time for kernels is 0.149093s
 INFO: Computing semblance for m0 = 7980
 INFO: Total execution time for kernels is 0.149619s
 INFO: Computing semblance for m0 = 8000
 INFO: Total execution time for kernels is 0.148865s
 INFO: Computing semblance for m0 = 8020
 INFO: Total execution time for kernels is 0.148309s
 INFO: Computing semblance for m0 = 8040
 INFO: Total execution time for kernels is 0.148825s
 INFO: Computing semblance for m0 = 8060
 INFO: Total execution time for kernels is 0.147298s
 INFO: Computing semblance for m0 = 8080
 INFO: Total execution time for kernels is 0.148218s
 INFO: Computing semblance for m0 = 8100
 INFO: Total execution time for kernels is 0.147127s
 INFO: Computing semblance for m0 = 8120
 INFO: Total execution time for kernels is 0.148967s
 INFO: Computing semblance for m0 = 8140
 INFO: Total execution time for kernels is 0.147183s
 INFO: Computing semblance for m0 = 8160
 INFO: Total execution time for kernels is 0.147074s
 INFO: Computing semblance for m0 = 8180
 INFO: Total execution time for kernels is 0.147436s
 INFO: Computing semblance for m0 = 8200
 INFO: Total execution time for kernels is 0.14742s
 INFO: Computing semblance for m0 = 8220
 INFO: Total execution time for kernels is 0.147242s
 INFO: Computing semblance for m0 = 8240
 INFO: Total execution time for kernels is 0.147439s
 INFO: Computing semblance for m0 = 8260
 INFO: Total execution time for kernels is 0.147672s
 INFO: Computing semblance for m0 = 8280
 INFO: Total execution time for kernels is 0.147868s
 INFO: Computing semblance for m0 = 8300
 INFO: Total execution time for kernels is 0.147073s
 INFO: Computing semblance for m0 = 8320
 INFO: Total execution time for kernels is 0.1481s
 INFO: Computing semblance for m0 = 8340
 INFO: Total execution time for kernels is 0.148219s
 INFO: Computing semblance for m0 = 8360
 INFO: Total execution time for kernels is 0.148024s
 INFO: Computing semblance for m0 = 8380
 INFO: Total execution time for kernels is 0.147643s
 INFO: Computing semblance for m0 = 8400
 INFO: Total execution time for kernels is 0.148673s
 INFO: Computing semblance for m0 = 8420
 INFO: Total execution time for kernels is 0.147414s
 INFO: Computing semblance for m0 = 8440
 INFO: Total execution time for kernels is 0.147221s
 INFO: Computing semblance for m0 = 8460
 INFO: Total execution time for kernels is 0.147818s
 INFO: Computing semblance for m0 = 8480
 INFO: Total execution time for kernels is 0.147865s
 INFO: Computing semblance for m0 = 8500
 INFO: Total execution time for kernels is 0.147237s
 INFO: Computing semblance for m0 = 8520
 INFO: Total execution time for kernels is 0.147515s
 INFO: Computing semblance for m0 = 8540
 INFO: Total execution time for kernels is 0.147842s
 INFO: Computing semblance for m0 = 8560
 INFO: Total execution time for kernels is 0.148786s
 INFO: Computing semblance for m0 = 8580
 INFO: Total execution time for kernels is 0.14763s
 INFO: Computing semblance for m0 = 8600
 INFO: Total execution time for kernels is 0.148909s
 INFO: Computing semblance for m0 = 8620
 INFO: Total execution time for kernels is 0.147332s
 INFO: Computing semblance for m0 = 8640
 INFO: Total execution time for kernels is 0.146351s
 INFO: Computing semblance for m0 = 8660
 INFO: Total execution time for kernels is 0.146005s
 INFO: Computing semblance for m0 = 8680
 INFO: Total execution time for kernels is 0.146898s
 INFO: Computing semblance for m0 = 8700
 INFO: Total execution time for kernels is 0.146198s
 INFO: Computing semblance for m0 = 8720
 INFO: Total execution time for kernels is 0.146596s
 INFO: Computing semblance for m0 = 8740
 INFO: Total execution time for kernels is 0.14708s
 INFO: Computing semblance for m0 = 8760
 INFO: Total execution time for kernels is 0.147518s
 INFO: Computing semblance for m0 = 8780
 INFO: Total execution time for kernels is 0.147908s
 INFO: Computing semblance for m0 = 8800
 INFO: Total execution time for kernels is 0.148552s
 INFO: Computing semblance for m0 = 8820
 INFO: Total execution time for kernels is 0.148754s
 INFO: Computing semblance for m0 = 8840
 INFO: Total execution time for kernels is 0.148005s
 INFO: Computing semblance for m0 = 8860
 INFO: Total execution time for kernels is 0.14907s
 INFO: Computing semblance for m0 = 8880
 INFO: Total execution time for kernels is 0.148678s
 INFO: Computing semblance for m0 = 8900
 INFO: Total execution time for kernels is 0.148787s
 INFO: Computing semblance for m0 = 8920
 INFO: Total execution time for kernels is 0.148486s
 INFO: Computing semblance for m0 = 8940
 INFO: Total execution time for kernels is 0.148005s
 INFO: Computing semblance for m0 = 8960
 INFO: Total execution time for kernels is 0.146505s
 INFO: Computing semblance for m0 = 8980
 INFO: Total execution time for kernels is 0.146988s
 INFO: Computing semblance for m0 = 9000
 INFO: Total execution time for kernels is 0.145796s
 INFO: Computing semblance for m0 = 9020
 INFO: Total execution time for kernels is 0.144854s
 INFO: Computing semblance for m0 = 9040
 INFO: Total execution time for kernels is 0.143473s
 INFO: Computing semblance for m0 = 9060
 INFO: Total execution time for kernels is 0.142241s
 INFO: Computing semblance for m0 = 9080
 INFO: Total execution time for kernels is 0.141439s
 INFO: Computing semblance for m0 = 9100
 INFO: Total execution time for kernels is 0.139108s
 INFO: Computing semblance for m0 = 9120
 INFO: Total execution time for kernels is 0.136158s
 INFO: Computing semblance for m0 = 9140
 INFO: Total execution time for kernels is 0.133142s
 INFO: Computing semblance for m0 = 9160
 INFO: Total execution time for kernels is 0.129342s
 INFO: Computing semblance for m0 = 9180
 INFO: Total execution time for kernels is 0.126565s
 INFO: Computing semblance for m0 = 9200
 INFO: Total execution time for kernels is 0.124362s
 INFO: Computing semblance for m0 = 9220
 INFO: Total execution time for kernels is 0.11971s
 INFO: Computing semblance for m0 = 9240
 INFO: Total execution time for kernels is 0.116119s
 INFO: Computing semblance for m0 = 9260
 INFO: Total execution time for kernels is 0.112713s
 INFO: Computing semblance for m0 = 9280
 INFO: Total execution time for kernels is 0.110252s
 INFO: Computing semblance for m0 = 9300
 INFO: Total execution time for kernels is 0.105845s
 INFO: Computing semblance for m0 = 9320
 INFO: Total execution time for kernels is 0.102629s
 INFO: Computing semblance for m0 = 9340
 INFO: Total execution time for kernels is 0.0990782s
 INFO: Computing semblance for m0 = 9360
 INFO: Total execution time for kernels is 0.0956582s
 INFO: Computing semblance for m0 = 9380
 INFO: Total execution time for kernels is 0.0922143s
 INFO: Computing semblance for m0 = 9400
 INFO: Total execution time for kernels is 0.08867s
 INFO: Computing semblance for m0 = 9420
 INFO: Total execution time for kernels is 0.0856412s
 INFO: Computing semblance for m0 = 9440
 INFO: Total execution time for kernels is 0.082823s
 INFO: Computing semblance for m0 = 9460
 INFO: Total execution time for kernels is 0.0787814s
 INFO: Computing semblance for m0 = 9480
 INFO: Total execution time for kernels is 0.075212s
 INFO: Computing semblance for m0 = 9500
 INFO: Total execution time for kernels is 0.0719175s
 INFO: Computing semblance for m0 = 9520
 INFO: Total execution time for kernels is 0.0680362s
 INFO: Computing semblance for m0 = 9540
 INFO: Total execution time for kernels is 0.0651554s
 INFO: Computing semblance for m0 = 9560
 INFO: Total execution time for kernels is 0.0620145s
 INFO: Computing semblance for m0 = 9580
 INFO: Total execution time for kernels is 0.0583982s
 INFO: Computing semblance for m0 = 9600
 INFO: Total execution time for kernels is 0.0549542s
 INFO: Computing semblance for m0 = 9620
 INFO: Total execution time for kernels is 0.0518441s
 INFO: Computing semblance for m0 = 9640
 INFO: Total execution time for kernels is 0.0492437s
 INFO: Computing semblance for m0 = 9660
 INFO: Total execution time for kernels is 0.0453511s
 INFO: Computing semblance for m0 = 9680
 INFO: Total execution time for kernels is 0.0429057s
 INFO: Computing semblance for m0 = 9700
 INFO: Total execution time for kernels is 0.0394393s
 INFO: Computing semblance for m0 = 9720
 INFO: Total execution time for kernels is 0.0365837s
 INFO: Computing semblance for m0 = 9740
 INFO: Total execution time for kernels is 0.033356s
 INFO: Computing semblance for m0 = 9760
 INFO: Total execution time for kernels is 0.0304029s
 INFO: Computing semblance for m0 = 9780
 INFO: Total execution time for kernels is 0.0272143s
 INFO: Computing semblance for m0 = 9800
 INFO: Total execution time for kernels is 0.0242445s
 INFO: Computing semblance for m0 = 9820
 INFO: Total execution time for kernels is 0.0211823s
 INFO: Computing semblance for m0 = 9840
 INFO: Total execution time for kernels is 0.0185633s
 INFO: Computing semblance for m0 = 9860
 INFO: Total execution time for kernels is 0.0159095s
 INFO: Computing semblance for m0 = 9880
 INFO: Total execution time for kernels is 0.0137557s
 INFO: Computing semblance for m0 = 9900
 INFO: Total execution time for kernels is 0.0115323s
 INFO: Computing semblance for m0 = 9920
 INFO: Total execution time for kernels is 0.00969014s
 INFO: Computing semblance for m0 = 9940
 INFO: Total execution time for kernels is 0.00795063s
 INFO: Average of efficiency is 1
 INFO: Average of interpolations_per_sec is 1.13915e+11
 INFO: Average of selected_traces is 309.888
 INFO: Average of total_selection_kernel_exec_time is 0.00374392
 INFO: Average of total_kernel_exec_time is 0.13341
 INFO: Results written to /home/ubuntu/nfs/out/0447d1c_p3.2xlarge/zocrs/de/cuda/simple-synthetic_3/simple-synthetic_de_zocrs_20210101_0332/
 INFO: It took 64.3011s to compute.
