 INFO: Number of CDPs = 445
 INFO: Number of traces in the gather = 9200
 INFO: Number of samples per trace = 2502
 INFO: Starting worker threads...
 INFO: Computing semblance for m0 = 0
 INFO: Total execution time for kernels is 0.000953969s
 INFO: Computing semblance for m0 = 1080
 INFO: Computing semblance for m0 = 1100
 INFO: Total execution time for kernels is 0.010355s
 INFO: Computing semblance for m0 = 1120
 INFO: Total execution time for kernels is 0.011604s
 INFO: Computing semblance for m0 = 1140
 INFO: Total execution time for kernels is 0.012707s
 INFO: Computing semblance for m0 = 1160
 INFO: Computing semblance for m0 = 1180
 INFO: Computing semblance for m0 = 1200
 INFO: Total execution time for kernels is 0.0152064s
 INFO: Computing semblance for m0 = 1220
 INFO: Total execution time for kernels is 0.0173142s
 INFO: Computing semblance for m0 = 1240
 INFO: Total execution time for kernels is 0.0203415s
 INFO: Computing semblance for m0 = 1260
 INFO: Total execution time for kernels is 0.022542s
 INFO: Computing semblance for m0 = 1280
 INFO: Total execution time for kernels is 0.0253537s
 INFO: Computing semblance for m0 = 1300
 INFO: Total execution time for kernels is 0.0271577s
 INFO: Computing semblance for m0 = 1320
 INFO: Total execution time for kernels is 0.030331s
 INFO: Computing semblance for m0 = 1340
 INFO: Total execution time for kernels is 0.03285s
 INFO: Computing semblance for m0 = 1360
 INFO: Total execution time for kernels is 0.0347444s
 INFO: Computing semblance for m0 = 1380
 INFO: Total execution time for kernels is 0.037246s
 INFO: Computing semblance for m0 = 1400
 INFO: Total execution time for kernels is 0.0407046s
 INFO: Computing semblance for m0 = 1420
 INFO: Total execution time for kernels is 0.0431457s
 INFO: Computing semblance for m0 = 1440
 INFO: Total execution time for kernels is 0.0480004s
 INFO: Computing semblance for m0 = 1460
 INFO: Total execution time for kernels is 0.0480227s
 INFO: Computing semblance for m0 = 1480
 INFO: Total execution time for kernels is 0.0519267s
 INFO: Computing semblance for m0 = 1500
 INFO: Total execution time for kernels is 0.056117s
 INFO: Computing semblance for m0 = 1520
 INFO: Total execution time for kernels is 0.0590575s
 INFO: Computing semblance for m0 = 1540
 INFO: Total execution time for kernels is 0.0582122s
 INFO: Computing semblance for m0 = 1560
 INFO: Total execution time for kernels is 0.0644211s
 INFO: Computing semblance for m0 = 1580
 INFO: Total execution time for kernels is 0.0656501s
 INFO: Computing semblance for m0 = 1600
 INFO: Total execution time for kernels is 0.0682017s
 INFO: Computing semblance for m0 = 1620
 INFO: Total execution time for kernels is 0.0719993s
 INFO: Computing semblance for m0 = 1640
 INFO: Total execution time for kernels is 0.0756558s
 INFO: Computing semblance for m0 = 1660
 INFO: Total execution time for kernels is 0.0803394s
 INFO: Computing semblance for m0 = 1680
 INFO: Total execution time for kernels is 0.0835633s
 INFO: Computing semblance for m0 = 1700
 INFO: Total execution time for kernels is 0.084278s
 INFO: Computing semblance for m0 = 1720
 INFO: Total execution time for kernels is 0.0899103s
 INFO: Computing semblance for m0 = 1740
 INFO: Total execution time for kernels is 0.0943117s
 INFO: Computing semblance for m0 = 1760
 INFO: Total execution time for kernels is 0.0981136s
 INFO: Computing semblance for m0 = 1780
 INFO: Total execution time for kernels is 0.0991837s
 INFO: Computing semblance for m0 = 1800
 INFO: Total execution time for kernels is 0.103508s
 INFO: Computing semblance for m0 = 1820
 INFO: Total execution time for kernels is 0.10968s
 INFO: Computing semblance for m0 = 1840
 INFO: Total execution time for kernels is 0.109908s
 INFO: Computing semblance for m0 = 1860
 INFO: Total execution time for kernels is 0.111765s
 INFO: Computing semblance for m0 = 1880
 INFO: Total execution time for kernels is 0.120102s
 INFO: Computing semblance for m0 = 1900
 INFO: Total execution time for kernels is 0.121063s
 INFO: Computing semblance for m0 = 1920
 INFO: Total execution time for kernels is 0.121869s
 INFO: Computing semblance for m0 = 1940
 INFO: Total execution time for kernels is 0.125228s
 INFO: Computing semblance for m0 = 1960
 INFO: Total execution time for kernels is 0.131042s
 INFO: Computing semblance for m0 = 1980
 INFO: Total execution time for kernels is 0.1341s
 INFO: Computing semblance for m0 = 2000
 INFO: Total execution time for kernels is 0.13331s
 INFO: Computing semblance for m0 = 2020
 INFO: Total execution time for kernels is 0.137029s
 INFO: Computing semblance for m0 = 2040
 INFO: Total execution time for kernels is 0.139112s
 INFO: Computing semblance for m0 = 2060
 INFO: Total execution time for kernels is 0.143038s
 INFO: Computing semblance for m0 = 2080
 INFO: Total execution time for kernels is 0.143487s
 INFO: Computing semblance for m0 = 2100
 INFO: Total execution time for kernels is 0.14151s
 INFO: Computing semblance for m0 = 2120
 INFO: Total execution time for kernels is 0.146824s
 INFO: Computing semblance for m0 = 2140
 INFO: Total execution time for kernels is 0.144917s
 INFO: Computing semblance for m0 = 2160
 INFO: Total execution time for kernels is 0.141908s
 INFO: Computing semblance for m0 = 2180
 INFO: Total execution time for kernels is 0.143153s
 INFO: Computing semblance for m0 = 2200
 INFO: Total execution time for kernels is 0.147401s
 INFO: Computing semblance for m0 = 2220
 INFO: Total execution time for kernels is 0.14458s
 INFO: Computing semblance for m0 = 2240
 INFO: Total execution time for kernels is 0.142838s
 INFO: Computing semblance for m0 = 2260
 INFO: Total execution time for kernels is 0.14349s
 INFO: Computing semblance for m0 = 2280
 INFO: Total execution time for kernels is 0.147306s
 INFO: Computing semblance for m0 = 2300
 INFO: Total execution time for kernels is 0.147144s
 INFO: Computing semblance for m0 = 2320
 INFO: Total execution time for kernels is 0.144305s
 INFO: Computing semblance for m0 = 2340
 INFO: Total execution time for kernels is 0.141177s
 INFO: Computing semblance for m0 = 2360
 INFO: Total execution time for kernels is 0.143153s
 INFO: Computing semblance for m0 = 2380
 INFO: Total execution time for kernels is 0.145562s
 INFO: Computing semblance for m0 = 2400
 INFO: Total execution time for kernels is 0.146985s
 INFO: Computing semblance for m0 = 2420
 INFO: Total execution time for kernels is 0.142958s
 INFO: Computing semblance for m0 = 2440
 INFO: Total execution time for kernels is 0.145056s
 INFO: Computing semblance for m0 = 2460
 INFO: Total execution time for kernels is 0.146145s
 INFO: Computing semblance for m0 = 2480
 INFO: Total execution time for kernels is 0.145149s
 INFO: Computing semblance for m0 = 2500
 INFO: Total execution time for kernels is 0.143236s
 INFO: Computing semblance for m0 = 2520
 INFO: Total execution time for kernels is 0.146612s
 INFO: Computing semblance for m0 = 2540
 INFO: Total execution time for kernels is 0.147672s
 INFO: Computing semblance for m0 = 2560
 INFO: Total execution time for kernels is 0.147225s
 INFO: Computing semblance for m0 = 2580
 INFO: Total execution time for kernels is 0.144497s
 INFO: Computing semblance for m0 = 2600
 INFO: Total execution time for kernels is 0.147595s
 INFO: Computing semblance for m0 = 2620
 INFO: Total execution time for kernels is 0.149935s
 INFO: Computing semblance for m0 = 2640
 INFO: Total execution time for kernels is 0.145838s
 INFO: Computing semblance for m0 = 2660
 INFO: Total execution time for kernels is 0.144287s
 INFO: Computing semblance for m0 = 2680
 INFO: Total execution time for kernels is 0.147805s
 INFO: Computing semblance for m0 = 2700
 INFO: Total execution time for kernels is 0.150047s
 INFO: Computing semblance for m0 = 2720
 INFO: Total execution time for kernels is 0.145269s
 INFO: Computing semblance for m0 = 2740
 INFO: Total execution time for kernels is 0.147714s
 INFO: Computing semblance for m0 = 2760
 INFO: Total execution time for kernels is 0.144731s
 INFO: Computing semblance for m0 = 2780
 INFO: Total execution time for kernels is 0.145031s
 INFO: Computing semblance for m0 = 2800
 INFO: Total execution time for kernels is 0.143101s
 INFO: Computing semblance for m0 = 2820
 INFO: Total execution time for kernels is 0.14597s
 INFO: Computing semblance for m0 = 2840
 INFO: Total execution time for kernels is 0.145463s
 INFO: Computing semblance for m0 = 2860
 INFO: Total execution time for kernels is 0.147208s
 INFO: Computing semblance for m0 = 2880
 INFO: Total execution time for kernels is 0.141981s
 INFO: Computing semblance for m0 = 2900
 INFO: Total execution time for kernels is 0.143922s
 INFO: Computing semblance for m0 = 2920
 INFO: Total execution time for kernels is 0.147282s
 INFO: Computing semblance for m0 = 2940
 INFO: Total execution time for kernels is 0.144386s
 INFO: Computing semblance for m0 = 2960
 INFO: Total execution time for kernels is 0.139276s
 INFO: Computing semblance for m0 = 2980
 INFO: Total execution time for kernels is 0.1417s
 INFO: Computing semblance for m0 = 3000
 INFO: Total execution time for kernels is 0.144748s
 INFO: Computing semblance for m0 = 3020
 INFO: Total execution time for kernels is 0.145933s
 INFO: Computing semblance for m0 = 3040
 INFO: Total execution time for kernels is 0.143149s
 INFO: Computing semblance for m0 = 3060
 INFO: Total execution time for kernels is 0.144357s
 INFO: Computing semblance for m0 = 3080
 INFO: Total execution time for kernels is 0.142723s
 INFO: Computing semblance for m0 = 3100
 INFO: Total execution time for kernels is 0.145024s
 INFO: Computing semblance for m0 = 3120
 INFO: Total execution time for kernels is 0.143763s
 INFO: Computing semblance for m0 = 3140
 INFO: Total execution time for kernels is 0.148225s
 INFO: Computing semblance for m0 = 3160
 INFO: Total execution time for kernels is 0.147082s
 INFO: Computing semblance for m0 = 3180
 INFO: Total execution time for kernels is 0.147566s
 INFO: Computing semblance for m0 = 3200
 INFO: Total execution time for kernels is 0.142274s
 INFO: Computing semblance for m0 = 3220
 INFO: Total execution time for kernels is 0.14184s
 INFO: Computing semblance for m0 = 3240
 INFO: Total execution time for kernels is 0.147976s
 INFO: Computing semblance for m0 = 3260
 INFO: Total execution time for kernels is 0.145138s
 INFO: Computing semblance for m0 = 3280
 INFO: Total execution time for kernels is 0.143803s
 INFO: Computing semblance for m0 = 3300
 INFO: Total execution time for kernels is 0.143916s
 INFO: Computing semblance for m0 = 3320
 INFO: Total execution time for kernels is 0.146785s
 INFO: Computing semblance for m0 = 3340
 INFO: Total execution time for kernels is 0.145179s
 INFO: Computing semblance for m0 = 3360
 INFO: Total execution time for kernels is 0.144924s
 INFO: Computing semblance for m0 = 3380
 INFO: Total execution time for kernels is 0.144728s
 INFO: Computing semblance for m0 = 3400
 INFO: Total execution time for kernels is 0.145976s
 INFO: Computing semblance for m0 = 3420
 INFO: Total execution time for kernels is 0.142042s
 INFO: Computing semblance for m0 = 3440
 INFO: Total execution time for kernels is 0.143898s
 INFO: Computing semblance for m0 = 3460
 INFO: Total execution time for kernels is 0.144351s
 INFO: Computing semblance for m0 = 3480
 INFO: Total execution time for kernels is 0.145276s
 INFO: Computing semblance for m0 = 3500
 INFO: Total execution time for kernels is 0.143344s
 INFO: Computing semblance for m0 = 3520
 INFO: Total execution time for kernels is 0.145358s
 INFO: Computing semblance for m0 = 3540
 INFO: Total execution time for kernels is 0.142441s
 INFO: Computing semblance for m0 = 3560
 INFO: Total execution time for kernels is 0.145932s
 INFO: Computing semblance for m0 = 3580
 INFO: Total execution time for kernels is 0.142148s
 INFO: Computing semblance for m0 = 3600
 INFO: Total execution time for kernels is 0.143746s
 INFO: Computing semblance for m0 = 3620
 INFO: Total execution time for kernels is 0.141998s
 INFO: Computing semblance for m0 = 3640
 INFO: Total execution time for kernels is 0.141302s
 INFO: Computing semblance for m0 = 3660
 INFO: Total execution time for kernels is 0.140651s
 INFO: Computing semblance for m0 = 3680
 INFO: Total execution time for kernels is 0.143044s
 INFO: Computing semblance for m0 = 3700
 INFO: Total execution time for kernels is 0.143609s
 INFO: Computing semblance for m0 = 3720
 INFO: Total execution time for kernels is 0.144234s
 INFO: Computing semblance for m0 = 3740
 INFO: Total execution time for kernels is 0.142488s
 INFO: Computing semblance for m0 = 3760
 INFO: Total execution time for kernels is 0.146753s
 INFO: Computing semblance for m0 = 3780
 INFO: Total execution time for kernels is 0.142076s
 INFO: Computing semblance for m0 = 3800
 INFO: Total execution time for kernels is 0.146324s
 INFO: Computing semblance for m0 = 3820
 INFO: Total execution time for kernels is 0.140731s
 INFO: Computing semblance for m0 = 3840
 INFO: Total execution time for kernels is 0.145279s
 INFO: Computing semblance for m0 = 3860
 INFO: Total execution time for kernels is 0.144347s
 INFO: Computing semblance for m0 = 3880
 INFO: Total execution time for kernels is 0.145375s
 INFO: Computing semblance for m0 = 3900
 INFO: Total execution time for kernels is 0.143863s
 INFO: Computing semblance for m0 = 3920
 INFO: Total execution time for kernels is 0.14363s
 INFO: Computing semblance for m0 = 3940
 INFO: Total execution time for kernels is 0.146419s
 INFO: Computing semblance for m0 = 3960
 INFO: Total execution time for kernels is 0.145501s
 INFO: Computing semblance for m0 = 3980
 INFO: Total execution time for kernels is 0.142456s
 INFO: Computing semblance for m0 = 4000
 INFO: Total execution time for kernels is 0.142896s
 INFO: Computing semblance for m0 = 4020
 INFO: Total execution time for kernels is 0.145467s
 INFO: Computing semblance for m0 = 4040
 INFO: Total execution time for kernels is 0.145115s
 INFO: Computing semblance for m0 = 4060
 INFO: Total execution time for kernels is 0.142023s
 INFO: Computing semblance for m0 = 4080
 INFO: Total execution time for kernels is 0.146601s
 INFO: Computing semblance for m0 = 4100
 INFO: Total execution time for kernels is 0.143385s
 INFO: Computing semblance for m0 = 4120
 INFO: Total execution time for kernels is 0.146574s
 INFO: Computing semblance for m0 = 4140
 INFO: Total execution time for kernels is 0.14575s
 INFO: Computing semblance for m0 = 4160
 INFO: Total execution time for kernels is 0.148347s
 INFO: Computing semblance for m0 = 4180
 INFO: Total execution time for kernels is 0.146863s
 INFO: Computing semblance for m0 = 4200
 INFO: Total execution time for kernels is 0.144948s
 INFO: Computing semblance for m0 = 4220
 INFO: Total execution time for kernels is 0.143147s
 INFO: Computing semblance for m0 = 4240
 INFO: Total execution time for kernels is 0.145907s
 INFO: Computing semblance for m0 = 4260
 INFO: Total execution time for kernels is 0.145455s
 INFO: Computing semblance for m0 = 4280
 INFO: Total execution time for kernels is 0.148093s
 INFO: Computing semblance for m0 = 4300
 INFO: Total execution time for kernels is 0.14384s
 INFO: Computing semblance for m0 = 4320
 INFO: Total execution time for kernels is 0.148095s
 INFO: Computing semblance for m0 = 4340
 INFO: Total execution time for kernels is 0.144172s
 INFO: Computing semblance for m0 = 4360
 INFO: Total execution time for kernels is 0.147676s
 INFO: Computing semblance for m0 = 4380
 INFO: Total execution time for kernels is 0.143538s
 INFO: Computing semblance for m0 = 4400
 INFO: Total execution time for kernels is 0.148165s
 INFO: Computing semblance for m0 = 4420
 INFO: Total execution time for kernels is 0.143712s
 INFO: Computing semblance for m0 = 4440
 INFO: Total execution time for kernels is 0.14928s
 INFO: Computing semblance for m0 = 4460
 INFO: Total execution time for kernels is 0.143165s
 INFO: Computing semblance for m0 = 4480
 INFO: Total execution time for kernels is 0.144595s
 INFO: Computing semblance for m0 = 4500
 INFO: Total execution time for kernels is 0.146729s
 INFO: Computing semblance for m0 = 4520
 INFO: Total execution time for kernels is 0.145989s
 INFO: Computing semblance for m0 = 4540
 INFO: Total execution time for kernels is 0.142953s
 INFO: Computing semblance for m0 = 4560
 INFO: Total execution time for kernels is 0.144635s
 INFO: Computing semblance for m0 = 4580
 INFO: Total execution time for kernels is 0.147275s
 INFO: Computing semblance for m0 = 4600
 INFO: Total execution time for kernels is 0.144588s
 INFO: Computing semblance for m0 = 4620
 INFO: Total execution time for kernels is 0.144971s
 INFO: Computing semblance for m0 = 4640
 INFO: Total execution time for kernels is 0.143671s
 INFO: Computing semblance for m0 = 4660
 INFO: Total execution time for kernels is 0.146148s
 INFO: Computing semblance for m0 = 4680
 INFO: Total execution time for kernels is 0.14357s
 INFO: Computing semblance for m0 = 4700
 INFO: Total execution time for kernels is 0.146767s
 INFO: Computing semblance for m0 = 4720
 INFO: Total execution time for kernels is 0.14371s
 INFO: Computing semblance for m0 = 4740
 INFO: Total execution time for kernels is 0.143915s
 INFO: Computing semblance for m0 = 4760
 INFO: Total execution time for kernels is 0.144919s
 INFO: Computing semblance for m0 = 4780
 INFO: Total execution time for kernels is 0.145229s
 INFO: Computing semblance for m0 = 4800
 INFO: Total execution time for kernels is 0.147136s
 INFO: Computing semblance for m0 = 4820
 INFO: Total execution time for kernels is 0.144976s
 INFO: Computing semblance for m0 = 4840
 INFO: Total execution time for kernels is 0.140663s
 INFO: Computing semblance for m0 = 4860
 INFO: Total execution time for kernels is 0.145047s
 INFO: Computing semblance for m0 = 4880
 INFO: Total execution time for kernels is 0.145328s
 INFO: Computing semblance for m0 = 4900
 INFO: Total execution time for kernels is 0.147761s
 INFO: Computing semblance for m0 = 4920
 INFO: Total execution time for kernels is 0.143523s
 INFO: Computing semblance for m0 = 4940
 INFO: Total execution time for kernels is 0.145618s
 INFO: Computing semblance for m0 = 4960
 INFO: Total execution time for kernels is 0.145222s
 INFO: Computing semblance for m0 = 4980
 INFO: Total execution time for kernels is 0.146126s
 INFO: Computing semblance for m0 = 5000
 INFO: Total execution time for kernels is 0.146049s
 INFO: Computing semblance for m0 = 5020
 INFO: Total execution time for kernels is 0.144764s
 INFO: Computing semblance for m0 = 5040
 INFO: Total execution time for kernels is 0.14331s
 INFO: Computing semblance for m0 = 5060
 INFO: Total execution time for kernels is 0.147368s
 INFO: Computing semblance for m0 = 5080
 INFO: Total execution time for kernels is 0.144408s
 INFO: Computing semblance for m0 = 5100
 INFO: Total execution time for kernels is 0.150126s
 INFO: Computing semblance for m0 = 5120
 INFO: Total execution time for kernels is 0.145864s
 INFO: Computing semblance for m0 = 5140
 INFO: Total execution time for kernels is 0.147283s
 INFO: Computing semblance for m0 = 5160
 INFO: Total execution time for kernels is 0.145985s
 INFO: Computing semblance for m0 = 5180
 INFO: Total execution time for kernels is 0.14729s
 INFO: Computing semblance for m0 = 5200
 INFO: Total execution time for kernels is 0.146152s
 INFO: Computing semblance for m0 = 5220
 INFO: Total execution time for kernels is 0.146201s
 INFO: Computing semblance for m0 = 5240
 INFO: Total execution time for kernels is 0.145363s
 INFO: Computing semblance for m0 = 5260
 INFO: Total execution time for kernels is 0.147667s
 INFO: Computing semblance for m0 = 5280
 INFO: Total execution time for kernels is 0.143909s
 INFO: Computing semblance for m0 = 5300
 INFO: Total execution time for kernels is 0.144477s
 INFO: Computing semblance for m0 = 5320
 INFO: Total execution time for kernels is 0.14279s
 INFO: Computing semblance for m0 = 5340
 INFO: Total execution time for kernels is 0.146144s
 INFO: Computing semblance for m0 = 5360
 INFO: Total execution time for kernels is 0.145081s
 INFO: Computing semblance for m0 = 5380
 INFO: Total execution time for kernels is 0.146121s
 INFO: Computing semblance for m0 = 5400
 INFO: Total execution time for kernels is 0.142492s
 INFO: Computing semblance for m0 = 5420
 INFO: Total execution time for kernels is 0.145055s
 INFO: Computing semblance for m0 = 5440
 INFO: Total execution time for kernels is 0.143551s
 INFO: Computing semblance for m0 = 5460
 INFO: Total execution time for kernels is 0.145525s
 INFO: Computing semblance for m0 = 5480
 INFO: Total execution time for kernels is 0.142415s
 INFO: Computing semblance for m0 = 5500
 INFO: Total execution time for kernels is 0.144245s
 INFO: Computing semblance for m0 = 5520
 INFO: Total execution time for kernels is 0.142805s
 INFO: Computing semblance for m0 = 5540
 INFO: Total execution time for kernels is 0.143908s
 INFO: Computing semblance for m0 = 5560
 INFO: Total execution time for kernels is 0.141218s
 INFO: Computing semblance for m0 = 5580
 INFO: Total execution time for kernels is 0.147993s
 INFO: Computing semblance for m0 = 5600
 INFO: Total execution time for kernels is 0.143563s
 INFO: Computing semblance for m0 = 5620
 INFO: Total execution time for kernels is 0.146766s
 INFO: Computing semblance for m0 = 5640
 INFO: Total execution time for kernels is 0.143573s
 INFO: Computing semblance for m0 = 5660
 INFO: Total execution time for kernels is 0.146702s
 INFO: Computing semblance for m0 = 5680
 INFO: Total execution time for kernels is 0.14841s
 INFO: Computing semblance for m0 = 5700
 INFO: Total execution time for kernels is 0.146865s
 INFO: Computing semblance for m0 = 5720
 INFO: Total execution time for kernels is 0.144518s
 INFO: Computing semblance for m0 = 5740
 INFO: Total execution time for kernels is 0.147447s
 INFO: Computing semblance for m0 = 5760
 INFO: Total execution time for kernels is 0.147255s
 INFO: Computing semblance for m0 = 5780
 INFO: Total execution time for kernels is 0.148551s
 INFO: Computing semblance for m0 = 5800
 INFO: Total execution time for kernels is 0.144825s
 INFO: Computing semblance for m0 = 5820
 INFO: Total execution time for kernels is 0.146038s
 INFO: Computing semblance for m0 = 5840
 INFO: Total execution time for kernels is 0.143046s
 INFO: Computing semblance for m0 = 5860
 INFO: Total execution time for kernels is 0.147347s
 INFO: Computing semblance for m0 = 5880
 INFO: Total execution time for kernels is 0.143471s
 INFO: Computing semblance for m0 = 5900
 INFO: Total execution time for kernels is 0.146361s
 INFO: Computing semblance for m0 = 5920
 INFO: Total execution time for kernels is 0.144162s
 INFO: Computing semblance for m0 = 5940
 INFO: Total execution time for kernels is 0.147763s
 INFO: Computing semblance for m0 = 5960
 INFO: Total execution time for kernels is 0.144109s
 INFO: Computing semblance for m0 = 5980
 INFO: Total execution time for kernels is 0.147542s
 INFO: Computing semblance for m0 = 6000
 INFO: Total execution time for kernels is 0.143461s
 INFO: Computing semblance for m0 = 6020
 INFO: Total execution time for kernels is 0.147822s
 INFO: Computing semblance for m0 = 6040
 INFO: Total execution time for kernels is 0.143012s
 INFO: Computing semblance for m0 = 6060
 INFO: Total execution time for kernels is 0.146292s
 INFO: Computing semblance for m0 = 6080
 INFO: Total execution time for kernels is 0.145497s
 INFO: Computing semblance for m0 = 6100
 INFO: Total execution time for kernels is 0.145741s
 INFO: Computing semblance for m0 = 6120
 INFO: Total execution time for kernels is 0.144927s
 INFO: Computing semblance for m0 = 6140
 INFO: Total execution time for kernels is 0.144302s
 INFO: Computing semblance for m0 = 6160
 INFO: Total execution time for kernels is 0.14603s
 INFO: Computing semblance for m0 = 6180
 INFO: Total execution time for kernels is 0.146164s
 INFO: Computing semblance for m0 = 6200
 INFO: Total execution time for kernels is 0.143283s
 INFO: Computing semblance for m0 = 6220
 INFO: Total execution time for kernels is 0.147014s
 INFO: Computing semblance for m0 = 6240
 INFO: Total execution time for kernels is 0.143966s
 INFO: Computing semblance for m0 = 6260
 INFO: Total execution time for kernels is 0.14516s
 INFO: Computing semblance for m0 = 6280
 INFO: Total execution time for kernels is 0.142462s
 INFO: Computing semblance for m0 = 6300
 INFO: Total execution time for kernels is 0.148046s
 INFO: Computing semblance for m0 = 6320
 INFO: Total execution time for kernels is 0.14377s
 INFO: Computing semblance for m0 = 6340
 INFO: Total execution time for kernels is 0.145853s
 INFO: Computing semblance for m0 = 6360
 INFO: Total execution time for kernels is 0.144743s
 INFO: Computing semblance for m0 = 6380
 INFO: Total execution time for kernels is 0.147203s
 INFO: Computing semblance for m0 = 6400
 INFO: Total execution time for kernels is 0.143753s
 INFO: Computing semblance for m0 = 6420
 INFO: Total execution time for kernels is 0.144969s
 INFO: Computing semblance for m0 = 6440
 INFO: Total execution time for kernels is 0.147124s
 INFO: Computing semblance for m0 = 6460
 INFO: Total execution time for kernels is 0.146739s
 INFO: Computing semblance for m0 = 6480
 INFO: Total execution time for kernels is 0.144027s
 INFO: Computing semblance for m0 = 6500
 INFO: Total execution time for kernels is 0.14496s
 INFO: Computing semblance for m0 = 6520
 INFO: Total execution time for kernels is 0.144172s
 INFO: Computing semblance for m0 = 6540
 INFO: Total execution time for kernels is 0.142158s
 INFO: Computing semblance for m0 = 6560
 INFO: Total execution time for kernels is 0.14596s
 INFO: Computing semblance for m0 = 6580
 INFO: Total execution time for kernels is 0.145233s
 INFO: Computing semblance for m0 = 6600
 INFO: Total execution time for kernels is 0.14177s
 INFO: Computing semblance for m0 = 6620
 INFO: Total execution time for kernels is 0.138606s
 INFO: Computing semblance for m0 = 6640
 INFO: Total execution time for kernels is 0.147326s
 INFO: Computing semblance for m0 = 6660
 INFO: Total execution time for kernels is 0.145614s
 INFO: Computing semblance for m0 = 6680
 INFO: Total execution time for kernels is 0.142178s
 INFO: Computing semblance for m0 = 6700
 INFO: Total execution time for kernels is 0.145083s
 INFO: Computing semblance for m0 = 6720
 INFO: Total execution time for kernels is 0.146957s
 INFO: Computing semblance for m0 = 6740
 INFO: Total execution time for kernels is 0.144087s
 INFO: Computing semblance for m0 = 6760
 INFO: Total execution time for kernels is 0.145509s
 INFO: Computing semblance for m0 = 6780
 INFO: Total execution time for kernels is 0.144508s
 INFO: Computing semblance for m0 = 6800
 INFO: Total execution time for kernels is 0.14424s
 INFO: Computing semblance for m0 = 6820
 INFO: Total execution time for kernels is 0.146928s
 INFO: Computing semblance for m0 = 6840
 INFO: Total execution time for kernels is 0.142893s
 INFO: Computing semblance for m0 = 6860
 INFO: Total execution time for kernels is 0.140173s
 INFO: Computing semblance for m0 = 6880
 INFO: Total execution time for kernels is 0.14602s
 INFO: Computing semblance for m0 = 6900
 INFO: Total execution time for kernels is 0.146638s
 INFO: Computing semblance for m0 = 6920
 INFO: Total execution time for kernels is 0.142763s
 INFO: Computing semblance for m0 = 6940
 INFO: Total execution time for kernels is 0.141444s
 INFO: Computing semblance for m0 = 6960
 INFO: Total execution time for kernels is 0.146103s
 INFO: Computing semblance for m0 = 6980
 INFO: Total execution time for kernels is 0.144919s
 INFO: Computing semblance for m0 = 7000
 INFO: Total execution time for kernels is 0.138559s
 INFO: Computing semblance for m0 = 7020
 INFO: Total execution time for kernels is 0.145336s
 INFO: Computing semblance for m0 = 7040
 INFO: Total execution time for kernels is 0.1456s
 INFO: Computing semblance for m0 = 7060
 INFO: Total execution time for kernels is 0.142959s
 INFO: Computing semblance for m0 = 7080
 INFO: Total execution time for kernels is 0.145646s
 INFO: Computing semblance for m0 = 7100
 INFO: Total execution time for kernels is 0.146524s
 INFO: Computing semblance for m0 = 7120
 INFO: Total execution time for kernels is 0.144968s
 INFO: Computing semblance for m0 = 7140
 INFO: Total execution time for kernels is 0.145887s
 INFO: Computing semblance for m0 = 7160
 INFO: Total execution time for kernels is 0.145477s
 INFO: Computing semblance for m0 = 7180
 INFO: Total execution time for kernels is 0.144682s
 INFO: Computing semblance for m0 = 7200
 INFO: Total execution time for kernels is 0.146474s
 INFO: Computing semblance for m0 = 7220
 INFO: Total execution time for kernels is 0.14662s
 INFO: Computing semblance for m0 = 7240
 INFO: Total execution time for kernels is 0.141983s
 INFO: Computing semblance for m0 = 7260
 INFO: Total execution time for kernels is 0.145943s
 INFO: Computing semblance for m0 = 7280
 INFO: Total execution time for kernels is 0.149255s
 INFO: Computing semblance for m0 = 7300
 INFO: Total execution time for kernels is 0.14582s
 INFO: Computing semblance for m0 = 7320
 INFO: Total execution time for kernels is 0.143024s
 INFO: Computing semblance for m0 = 7340
 INFO: Total execution time for kernels is 0.145602s
 INFO: Computing semblance for m0 = 7360
 INFO: Total execution time for kernels is 0.146925s
 INFO: Computing semblance for m0 = 7380
 INFO: Total execution time for kernels is 0.146044s
 INFO: Computing semblance for m0 = 7400
 INFO: Total execution time for kernels is 0.145207s
 INFO: Computing semblance for m0 = 7420
 INFO: Total execution time for kernels is 0.146182s
 INFO: Computing semblance for m0 = 7440
 INFO: Total execution time for kernels is 0.144536s
 INFO: Computing semblance for m0 = 7460
 INFO: Total execution time for kernels is 0.146647s
 INFO: Computing semblance for m0 = 7480
 INFO: Total execution time for kernels is 0.145545s
 INFO: Computing semblance for m0 = 7500
 INFO: Total execution time for kernels is 0.144707s
 INFO: Computing semblance for m0 = 7520
 INFO: Total execution time for kernels is 0.146183s
 INFO: Computing semblance for m0 = 7540
 INFO: Total execution time for kernels is 0.144784s
 INFO: Computing semblance for m0 = 7560
 INFO: Total execution time for kernels is 0.143004s
 INFO: Computing semblance for m0 = 7580
 INFO: Total execution time for kernels is 0.144156s
 INFO: Computing semblance for m0 = 7600
 INFO: Total execution time for kernels is 0.148752s
 INFO: Computing semblance for m0 = 7620
 INFO: Total execution time for kernels is 0.145548s
 INFO: Computing semblance for m0 = 7640
 INFO: Total execution time for kernels is 0.140504s
 INFO: Computing semblance for m0 = 7660
 INFO: Total execution time for kernels is 0.145917s
 INFO: Computing semblance for m0 = 7680
 INFO: Total execution time for kernels is 0.14371s
 INFO: Computing semblance for m0 = 7700
 INFO: Total execution time for kernels is 0.149356s
 INFO: Computing semblance for m0 = 7720
 INFO: Total execution time for kernels is 0.143354s
 INFO: Computing semblance for m0 = 7740
 INFO: Total execution time for kernels is 0.145024s
 INFO: Computing semblance for m0 = 7760
 INFO: Total execution time for kernels is 0.143094s
 INFO: Computing semblance for m0 = 7780
 INFO: Total execution time for kernels is 0.143922s
 INFO: Computing semblance for m0 = 7800
 INFO: Total execution time for kernels is 0.142768s
 INFO: Computing semblance for m0 = 7820
 INFO: Total execution time for kernels is 0.143211s
 INFO: Computing semblance for m0 = 7840
 INFO: Total execution time for kernels is 0.144129s
 INFO: Computing semblance for m0 = 7860
 INFO: Total execution time for kernels is 0.143545s
 INFO: Computing semblance for m0 = 7880
 INFO: Total execution time for kernels is 0.140692s
 INFO: Computing semblance for m0 = 7900
 INFO: Total execution time for kernels is 0.141759s
 INFO: Computing semblance for m0 = 7920
 INFO: Total execution time for kernels is 0.145039s
 INFO: Computing semblance for m0 = 7940
 INFO: Total execution time for kernels is 0.146028s
 INFO: Computing semblance for m0 = 7960
 INFO: Total execution time for kernels is 0.14073s
 INFO: Computing semblance for m0 = 7980
 INFO: Total execution time for kernels is 0.142101s
 INFO: Computing semblance for m0 = 8000
 INFO: Total execution time for kernels is 0.14406s
 INFO: Computing semblance for m0 = 8020
 INFO: Total execution time for kernels is 0.147774s
 INFO: Computing semblance for m0 = 8040
 INFO: Total execution time for kernels is 0.143512s
 INFO: Computing semblance for m0 = 8060
 INFO: Total execution time for kernels is 0.143274s
 INFO: Computing semblance for m0 = 8080
 INFO: Total execution time for kernels is 0.144435s
 INFO: Computing semblance for m0 = 8100
 INFO: Total execution time for kernels is 0.143878s
 INFO: Computing semblance for m0 = 8120
 INFO: Total execution time for kernels is 0.142845s
 INFO: Computing semblance for m0 = 8140
 INFO: Total execution time for kernels is 0.143304s
 INFO: Computing semblance for m0 = 8160
 INFO: Total execution time for kernels is 0.144584s
 INFO: Computing semblance for m0 = 8180
 INFO: Total execution time for kernels is 0.142081s
 INFO: Computing semblance for m0 = 8200
 INFO: Total execution time for kernels is 0.140492s
 INFO: Computing semblance for m0 = 8220
 INFO: Total execution time for kernels is 0.140139s
 INFO: Computing semblance for m0 = 8240
 INFO: Total execution time for kernels is 0.141543s
 INFO: Computing semblance for m0 = 8260
 INFO: Total execution time for kernels is 0.143307s
 INFO: Computing semblance for m0 = 8280
 INFO: Total execution time for kernels is 0.140106s
 INFO: Computing semblance for m0 = 8300
 INFO: Total execution time for kernels is 0.139963s
 INFO: Computing semblance for m0 = 8320
 INFO: Total execution time for kernels is 0.142475s
 INFO: Computing semblance for m0 = 8340
 INFO: Total execution time for kernels is 0.14029s
 INFO: Total execution time for kernels is 0.143192s
 INFO: Computing semblance for m0 = 8360
 INFO: Computing semblance for m0 = 8380
 INFO: Total execution time for kernels is 0.142727s
 INFO: Computing semblance for m0 = 8400
 INFO: Total execution time for kernels is 0.142544s
 INFO: Computing semblance for m0 = 8420
 INFO: Total execution time for kernels is 0.140429s
 INFO: Computing semblance for m0 = 8440
 INFO: Total execution time for kernels is 0.143336s
 INFO: Computing semblance for m0 = 8460
 INFO: Total execution time for kernels is 0.143764s
 INFO: Computing semblance for m0 = 8480
 INFO: Total execution time for kernels is 0.144495s
 INFO: Computing semblance for m0 = 8500
 INFO: Total execution time for kernels is 0.139971s
 INFO: Computing semblance for m0 = 8520
 INFO: Total execution time for kernels is 0.144302s
 INFO: Computing semblance for m0 = 8540
 INFO: Total execution time for kernels is 0.142518s
 INFO: Computing semblance for m0 = 8560
 INFO: Total execution time for kernels is 0.142638s
 INFO: Computing semblance for m0 = 8580
 INFO: Total execution time for kernels is 0.139477s
 INFO: Computing semblance for m0 = 8600
 INFO: Total execution time for kernels is 0.142382s
 INFO: Computing semblance for m0 = 8620
 INFO: Total execution time for kernels is 0.142242s
 INFO: Computing semblance for m0 = 8640
 INFO: Total execution time for kernels is 0.141226s
 INFO: Computing semblance for m0 = 8660
 INFO: Total execution time for kernels is 0.139112s
 INFO: Computing semblance for m0 = 8680
 INFO: Total execution time for kernels is 0.141965s
 INFO: Computing semblance for m0 = 8700
 INFO: Total execution time for kernels is 0.139516s
 INFO: Computing semblance for m0 = 8720
 INFO: Total execution time for kernels is 0.141993s
 INFO: Computing semblance for m0 = 8740
 INFO: Total execution time for kernels is 0.141184s
 INFO: Computing semblance for m0 = 8760
 INFO: Total execution time for kernels is 0.144139s
 INFO: Computing semblance for m0 = 8780
 INFO: Total execution time for kernels is 0.139962s
 INFO: Computing semblance for m0 = 8800
 INFO: Total execution time for kernels is 0.143477s
 INFO: Computing semblance for m0 = 8820
 INFO: Total execution time for kernels is 0.141643s
 INFO: Computing semblance for m0 = 8840
 INFO: Total execution time for kernels is 0.143084s
 INFO: Computing semblance for m0 = 8860
 INFO: Total execution time for kernels is 0.143313s
 INFO: Computing semblance for m0 = 8880
 INFO: Total execution time for kernels is 0.141008s
 INFO: Computing semblance for m0 = 8900
 INFO: Total execution time for kernels is 0.141617s
 INFO: Computing semblance for m0 = 8920
 INFO: Total execution time for kernels is 0.145763s
 INFO: Computing semblance for m0 = 8940
 INFO: Total execution time for kernels is 0.144689s
 INFO: Computing semblance for m0 = 8960
 INFO: Total execution time for kernels is 0.144421s
 INFO: Computing semblance for m0 = 8980
 INFO: Total execution time for kernels is 0.142051s
 INFO: Computing semblance for m0 = 9000
 INFO: Total execution time for kernels is 0.142336s
 INFO: Computing semblance for m0 = 9020
 INFO: Total execution time for kernels is 0.140761s
 INFO: Computing semblance for m0 = 9040
 INFO: Total execution time for kernels is 0.143466s
 INFO: Computing semblance for m0 = 9060
 INFO: Total execution time for kernels is 0.138339s
 INFO: Computing semblance for m0 = 9080
 INFO: Total execution time for kernels is 0.141192s
 INFO: Computing semblance for m0 = 9100
 INFO: Total execution time for kernels is 0.137344s
 INFO: Computing semblance for m0 = 9120
 INFO: Total execution time for kernels is 0.139786s
 INFO: Computing semblance for m0 = 9140
 INFO: Total execution time for kernels is 0.132648s
 INFO: Computing semblance for m0 = 9160
 INFO: Total execution time for kernels is 0.131691s
 INFO: Computing semblance for m0 = 9180
 INFO: Total execution time for kernels is 0.129391s
 INFO: Computing semblance for m0 = 9200
 INFO: Total execution time for kernels is 0.130498s
 INFO: Computing semblance for m0 = 9220
 INFO: Total execution time for kernels is 0.126521s
 INFO: Computing semblance for m0 = 9240
 INFO: Total execution time for kernels is 0.121157s
 INFO: Computing semblance for m0 = 9260
 INFO: Total execution time for kernels is 0.115681s
 INFO: Computing semblance for m0 = 9280
 INFO: Total execution time for kernels is 0.116281s
 INFO: Computing semblance for m0 = 9300
 INFO: Total execution time for kernels is 0.111954s
 INFO: Computing semblance for m0 = 9320
 INFO: Total execution time for kernels is 0.108574s
 INFO: Computing semblance for m0 = 9340
 INFO: Total execution time for kernels is 0.102553s
 INFO: Computing semblance for m0 = 9360
 INFO: Total execution time for kernels is 0.0969056s
 INFO: Computing semblance for m0 = 9380
 INFO: Total execution time for kernels is 0.102224s
 INFO: Computing semblance for m0 = 9400
 INFO: Total execution time for kernels is 0.0955078s
 INFO: Computing semblance for m0 = 9420
 INFO: Total execution time for kernels is 0.0912763s
 INFO: Computing semblance for m0 = 9440
 INFO: Total execution time for kernels is 0.0818311s
 INFO: Computing semblance for m0 = 9460
 INFO: Total execution time for kernels is 0.0861879s
 INFO: Computing semblance for m0 = 9480
 INFO: Total execution time for kernels is 0.0879542s
 INFO: Computing semblance for m0 = 9500
 INFO: Total execution time for kernels is 0.0769894s
 INFO: Computing semblance for m0 = 9520
 INFO: Total execution time for kernels is 0.0678386s
 INFO: Computing semblance for m0 = 9540
 INFO: Total execution time for kernels is 0.0715008s
 INFO: Computing semblance for m0 = 9560
 INFO: Total execution time for kernels is 0.0750876s
 INFO: Computing semblance for m0 = 9580
 INFO: Total execution time for kernels is 0.0638749s
 INFO: Computing semblance for m0 = 9600
 INFO: Total execution time for kernels is 0.0555711s
 INFO: Computing semblance for m0 = 9620
 INFO: Total execution time for kernels is 0.0617119s
 INFO: Computing semblance for m0 = 9640
 INFO: Total execution time for kernels is 0.0596346s
 INFO: Computing semblance for m0 = 9660
 INFO: Total execution time for kernels is 0.0510855s
 INFO: Computing semblance for m0 = 9680
 INFO: Total execution time for kernels is 0.0430236s
 INFO: Computing semblance for m0 = 9700
 INFO: Total execution time for kernels is 0.0459975s
 INFO: Computing semblance for m0 = 9720
 INFO: Total execution time for kernels is 0.0496476s
 INFO: Computing semblance for m0 = 9740
 INFO: Total execution time for kernels is 0.0397689s
 INFO: Computing semblance for m0 = 9760
 INFO: Total execution time for kernels is 0.033539s
 INFO: Computing semblance for m0 = 9780
 INFO: Total execution time for kernels is 0.0369347s
 INFO: Computing semblance for m0 = 9800
 INFO: Total execution time for kernels is 0.0316725s
 INFO: Computing semblance for m0 = 9820
 INFO: Total execution time for kernels is 0.0286138s
 INFO: Computing semblance for m0 = 9840
 INFO: Total execution time for kernels is 0.0200285s
 INFO: Computing semblance for m0 = 9860
 INFO: Total execution time for kernels is 0.0225358s
 INFO: Computing semblance for m0 = 9880
 INFO: Total execution time for kernels is 0.0247961s
 INFO: Computing semblance for m0 = 9900
 INFO: Total execution time for kernels is 0.0170854s
 INFO: Computing semblance for m0 = 9920
 INFO: Total execution time for kernels is 0.0107268s
 INFO: Computing semblance for m0 = 9940
 INFO: Total execution time for kernels is 0.0131275s
 INFO: Total execution time for kernels is 0.0151872s
 INFO: Total execution time for kernels is 0.0090986s
 INFO: Total execution time for kernels is 0.00742351s
 INFO: Average of efficiency is 1
 INFO: Average of interpolations_per_sec is 1.17688e+11
 INFO: Average of selected_traces is 309.888
 INFO: Average of total_selection_kernel_exec_time is 0.00345784
 INFO: Average of total_kernel_exec_time is 0.129038
 INFO: Driver init. duration is 0.189835 s
 INFO: Read gather duration is 0.109309 s
 INFO: Parse args. duration is 0.000231738 s
 INFO: Worker threads duration is 15.9709 s
 INFO: Dump results duration is 0.54634 s
 INFO: Results written to /home/ubuntu/nfs/out/d4e9b53e_master_p3.8xlarge/zocrs/de/cuda/simple-synthetic_64_3/simple-synthetic_de_zocrs_20210302_0142/
 INFO: It took 16.8248s to compute.
