[DEBUG]: src/main.cu:341: Starting CUDA devices
[DEBUG]: src/cuda.cpp:152: Using CUDA device: GeForce GTX TITAN Black
[DEBUG]: src/cuda.cpp:157: Major revision number:         3
[DEBUG]: src/cuda.cpp:158: Minor revision number:         5
[DEBUG]: src/cuda.cpp:159: Total global memory:           6378749952
[DEBUG]: src/cuda.cpp:160: Total shared memory per block: 49152
[DEBUG]: src/cuda.cpp:161: Total registers per block:     65536
[DEBUG]: src/cuda.cpp:162: Warp size:                     32
[DEBUG]: src/cuda.cpp:163: Maximum memory pitch:          2147483647
[DEBUG]: src/cuda.cpp:164: Maximum threads per block:     1024
[DEBUG]: src/cuda.cpp:166: Maximum dimension 0 of block:  1024
[DEBUG]: src/cuda.cpp:166: Maximum dimension 1 of block:  1024
[DEBUG]: src/cuda.cpp:166: Maximum dimension 2 of block:  64
[DEBUG]: src/cuda.cpp:168: Maximum dimension 0of grid: 2147483647
[DEBUG]: src/cuda.cpp:168: Maximum dimension 1of grid: 65535
[DEBUG]: src/cuda.cpp:168: Maximum dimension 2of grid: 65535
[DEBUG]: src/cuda.cpp:169: Clock rate:                    980000
[DEBUG]: src/cuda.cpp:170: Total constant memory:         65536
[DEBUG]: src/cuda.cpp:171: Texture alignment:             512
[DEBUG]: src/cuda.cpp:172: Concurrent copy and execution: Yes
[DEBUG]: src/cuda.cpp:173: Number of multiprocessors:     15
[DEBUG]: src/cuda.cpp:174: Kernel execution timeout:      No
[DEBUG]: src/main.cu:449: CUDA Progress: 0/444
[DEBUG]: src/main.cu:449: CUDA Progress: 1/444
[DEBUG]: src/main.cu:449: CUDA Progress: 2/444
[DEBUG]: src/main.cu:449: CUDA Progress: 3/444
[DEBUG]: src/main.cu:449: CUDA Progress: 4/444
[DEBUG]: src/main.cu:449: CUDA Progress: 5/444
[DEBUG]: src/main.cu:449: CUDA Progress: 6/444
[DEBUG]: src/main.cu:449: CUDA Progress: 7/444
[DEBUG]: src/main.cu:449: CUDA Progress: 8/444
[DEBUG]: src/main.cu:449: CUDA Progress: 9/444
[DEBUG]: src/main.cu:449: CUDA Progress: 10/444
[DEBUG]: src/main.cu:449: CUDA Progress: 11/444
[DEBUG]: src/main.cu:449: CUDA Progress: 12/444
[DEBUG]: src/main.cu:449: CUDA Progress: 13/444
[DEBUG]: src/main.cu:449: CUDA Progress: 14/444
[DEBUG]: src/main.cu:449: CUDA Progress: 15/444
[DEBUG]: src/main.cu:449: CUDA Progress: 16/444
[DEBUG]: src/main.cu:449: CUDA Progress: 17/444
[DEBUG]: src/main.cu:449: CUDA Progress: 18/444
[DEBUG]: src/main.cu:449: CUDA Progress: 19/444
[DEBUG]: src/main.cu:449: CUDA Progress: 20/444
[DEBUG]: src/main.cu:449: CUDA Progress: 21/444
[DEBUG]: src/main.cu:449: CUDA Progress: 22/444
[DEBUG]: src/main.cu:449: CUDA Progress: 23/444
[DEBUG]: src/main.cu:449: CUDA Progress: 24/444
[DEBUG]: src/main.cu:449: CUDA Progress: 25/444
[DEBUG]: src/main.cu:449: CUDA Progress: 26/444
[DEBUG]: src/main.cu:449: CUDA Progress: 27/444
[DEBUG]: src/main.cu:449: CUDA Progress: 28/444
[DEBUG]: src/main.cu:449: CUDA Progress: 29/444
[DEBUG]: src/main.cu:449: CUDA Progress: 30/444
[DEBUG]: src/main.cu:449: CUDA Progress: 31/444
[DEBUG]: src/main.cu:449: CUDA Progress: 32/444
[DEBUG]: src/main.cu:449: CUDA Progress: 33/444
[DEBUG]: src/main.cu:449: CUDA Progress: 34/444
[DEBUG]: src/main.cu:449: CUDA Progress: 35/444
[DEBUG]: src/main.cu:449: CUDA Progress: 36/444
[DEBUG]: src/main.cu:449: CUDA Progress: 37/444
[DEBUG]: src/main.cu:449: CUDA Progress: 38/444
[DEBUG]: src/main.cu:449: CUDA Progress: 39/444
[DEBUG]: src/main.cu:449: CUDA Progress: 40/444
[DEBUG]: src/main.cu:449: CUDA Progress: 41/444
[DEBUG]: src/main.cu:449: CUDA Progress: 42/444
[DEBUG]: src/main.cu:449: CUDA Progress: 43/444
[DEBUG]: src/main.cu:449: CUDA Progress: 44/444
[DEBUG]: src/main.cu:449: CUDA Progress: 45/444
[DEBUG]: src/main.cu:449: CUDA Progress: 46/444
[DEBUG]: src/main.cu:449: CUDA Progress: 47/444
[DEBUG]: src/main.cu:449: CUDA Progress: 48/444
[DEBUG]: src/main.cu:449: CUDA Progress: 49/444
[DEBUG]: src/main.cu:449: CUDA Progress: 50/444
[DEBUG]: src/main.cu:449: CUDA Progress: 51/444
[DEBUG]: src/main.cu:449: CUDA Progress: 52/444
[DEBUG]: src/main.cu:449: CUDA Progress: 53/444
[DEBUG]: src/main.cu:449: CUDA Progress: 54/444
[DEBUG]: src/main.cu:449: CUDA Progress: 55/444
[DEBUG]: src/main.cu:449: CUDA Progress: 56/444
[DEBUG]: src/main.cu:449: CUDA Progress: 57/444
[DEBUG]: src/main.cu:449: CUDA Progress: 58/444
[DEBUG]: src/main.cu:449: CUDA Progress: 59/444
[DEBUG]: src/main.cu:449: CUDA Progress: 60/444
[DEBUG]: src/main.cu:449: CUDA Progress: 61/444
[DEBUG]: src/main.cu:449: CUDA Progress: 62/444
[DEBUG]: src/main.cu:449: CUDA Progress: 63/444
[DEBUG]: src/main.cu:449: CUDA Progress: 64/444
[DEBUG]: src/main.cu:449: CUDA Progress: 65/444
[DEBUG]: src/main.cu:449: CUDA Progress: 66/444
[DEBUG]: src/main.cu:449: CUDA Progress: 67/444
[DEBUG]: src/main.cu:449: CUDA Progress: 68/444
[DEBUG]: src/main.cu:449: CUDA Progress: 69/444
[DEBUG]: src/main.cu:449: CUDA Progress: 70/444
[DEBUG]: src/main.cu:449: CUDA Progress: 71/444
[DEBUG]: src/main.cu:449: CUDA Progress: 72/444
[DEBUG]: src/main.cu:449: CUDA Progress: 73/444
[DEBUG]: src/main.cu:449: CUDA Progress: 74/444
[DEBUG]: src/main.cu:449: CUDA Progress: 75/444
[DEBUG]: src/main.cu:449: CUDA Progress: 76/444
[DEBUG]: src/main.cu:449: CUDA Progress: 77/444
[DEBUG]: src/main.cu:449: CUDA Progress: 78/444
[DEBUG]: src/main.cu:449: CUDA Progress: 79/444
[DEBUG]: src/main.cu:449: CUDA Progress: 80/444
[DEBUG]: src/main.cu:449: CUDA Progress: 81/444
[DEBUG]: src/main.cu:449: CUDA Progress: 82/444
[DEBUG]: src/main.cu:449: CUDA Progress: 83/444
[DEBUG]: src/main.cu:449: CUDA Progress: 84/444
[DEBUG]: src/main.cu:449: CUDA Progress: 85/444
[DEBUG]: src/main.cu:449: CUDA Progress: 86/444
[DEBUG]: src/main.cu:449: CUDA Progress: 87/444
[DEBUG]: src/main.cu:449: CUDA Progress: 88/444
[DEBUG]: src/main.cu:449: CUDA Progress: 89/444
[DEBUG]: src/main.cu:449: CUDA Progress: 90/444
[DEBUG]: src/main.cu:449: CUDA Progress: 91/444
[DEBUG]: src/main.cu:449: CUDA Progress: 92/444
[DEBUG]: src/main.cu:449: CUDA Progress: 93/444
[DEBUG]: src/main.cu:449: CUDA Progress: 94/444
[DEBUG]: src/main.cu:449: CUDA Progress: 95/444
[DEBUG]: src/main.cu:449: CUDA Progress: 96/444
[DEBUG]: src/main.cu:449: CUDA Progress: 97/444
[DEBUG]: src/main.cu:449: CUDA Progress: 98/444
[DEBUG]: src/main.cu:449: CUDA Progress: 99/444
[DEBUG]: src/main.cu:449: CUDA Progress: 100/444
[DEBUG]: src/main.cu:449: CUDA Progress: 101/444
[DEBUG]: src/main.cu:449: CUDA Progress: 102/444
[DEBUG]: src/main.cu:449: CUDA Progress: 103/444
[DEBUG]: src/main.cu:449: CUDA Progress: 104/444
[DEBUG]: src/main.cu:449: CUDA Progress: 105/444
[DEBUG]: src/main.cu:449: CUDA Progress: 106/444
[DEBUG]: src/main.cu:449: CUDA Progress: 107/444
[DEBUG]: src/main.cu:449: CUDA Progress: 108/444
[DEBUG]: src/main.cu:449: CUDA Progress: 109/444
[DEBUG]: src/main.cu:449: CUDA Progress: 110/444
[DEBUG]: src/main.cu:449: CUDA Progress: 111/444
[DEBUG]: src/main.cu:449: CUDA Progress: 112/444
[DEBUG]: src/main.cu:449: CUDA Progress: 113/444
[DEBUG]: src/main.cu:449: CUDA Progress: 114/444
[DEBUG]: src/main.cu:449: CUDA Progress: 115/444
[DEBUG]: src/main.cu:449: CUDA Progress: 116/444
[DEBUG]: src/main.cu:449: CUDA Progress: 117/444
[DEBUG]: src/main.cu:449: CUDA Progress: 118/444
[DEBUG]: src/main.cu:449: CUDA Progress: 119/444
[DEBUG]: src/main.cu:449: CUDA Progress: 120/444
[DEBUG]: src/main.cu:449: CUDA Progress: 121/444
[DEBUG]: src/main.cu:449: CUDA Progress: 122/444
[DEBUG]: src/main.cu:449: CUDA Progress: 123/444
[DEBUG]: src/main.cu:449: CUDA Progress: 124/444
[DEBUG]: src/main.cu:449: CUDA Progress: 125/444
[DEBUG]: src/main.cu:449: CUDA Progress: 126/444
[DEBUG]: src/main.cu:449: CUDA Progress: 127/444
[DEBUG]: src/main.cu:449: CUDA Progress: 128/444
[DEBUG]: src/main.cu:449: CUDA Progress: 129/444
[DEBUG]: src/main.cu:449: CUDA Progress: 130/444
[DEBUG]: src/main.cu:449: CUDA Progress: 131/444
[DEBUG]: src/main.cu:449: CUDA Progress: 132/444
[DEBUG]: src/main.cu:449: CUDA Progress: 133/444
[DEBUG]: src/main.cu:449: CUDA Progress: 134/444
[DEBUG]: src/main.cu:449: CUDA Progress: 135/444
[DEBUG]: src/main.cu:449: CUDA Progress: 136/444
[DEBUG]: src/main.cu:449: CUDA Progress: 137/444
[DEBUG]: src/main.cu:449: CUDA Progress: 138/444
[DEBUG]: src/main.cu:449: CUDA Progress: 139/444
[DEBUG]: src/main.cu:449: CUDA Progress: 140/444
[DEBUG]: src/main.cu:449: CUDA Progress: 141/444
[DEBUG]: src/main.cu:449: CUDA Progress: 142/444
[DEBUG]: src/main.cu:449: CUDA Progress: 143/444
[DEBUG]: src/main.cu:449: CUDA Progress: 144/444
[DEBUG]: src/main.cu:449: CUDA Progress: 145/444
[DEBUG]: src/main.cu:449: CUDA Progress: 146/444
[DEBUG]: src/main.cu:449: CUDA Progress: 147/444
[DEBUG]: src/main.cu:449: CUDA Progress: 148/444
[DEBUG]: src/main.cu:449: CUDA Progress: 149/444
[DEBUG]: src/main.cu:449: CUDA Progress: 150/444
[DEBUG]: src/main.cu:449: CUDA Progress: 151/444
[DEBUG]: src/main.cu:449: CUDA Progress: 152/444
[DEBUG]: src/main.cu:449: CUDA Progress: 153/444
[DEBUG]: src/main.cu:449: CUDA Progress: 154/444
[DEBUG]: src/main.cu:449: CUDA Progress: 155/444
[DEBUG]: src/main.cu:449: CUDA Progress: 156/444
[DEBUG]: src/main.cu:449: CUDA Progress: 157/444
[DEBUG]: src/main.cu:449: CUDA Progress: 158/444
[DEBUG]: src/main.cu:449: CUDA Progress: 159/444
[DEBUG]: src/main.cu:449: CUDA Progress: 160/444
[DEBUG]: src/main.cu:449: CUDA Progress: 161/444
[DEBUG]: src/main.cu:449: CUDA Progress: 162/444
[DEBUG]: src/main.cu:449: CUDA Progress: 163/444
[DEBUG]: src/main.cu:449: CUDA Progress: 164/444
[DEBUG]: src/main.cu:449: CUDA Progress: 165/444
[DEBUG]: src/main.cu:449: CUDA Progress: 166/444
[DEBUG]: src/main.cu:449: CUDA Progress: 167/444
[DEBUG]: src/main.cu:449: CUDA Progress: 168/444
[DEBUG]: src/main.cu:449: CUDA Progress: 169/444
[DEBUG]: src/main.cu:449: CUDA Progress: 170/444
[DEBUG]: src/main.cu:449: CUDA Progress: 171/444
[DEBUG]: src/main.cu:449: CUDA Progress: 172/444
[DEBUG]: src/main.cu:449: CUDA Progress: 173/444
[DEBUG]: src/main.cu:449: CUDA Progress: 174/444
[DEBUG]: src/main.cu:449: CUDA Progress: 175/444
[DEBUG]: src/main.cu:449: CUDA Progress: 176/444
[DEBUG]: src/main.cu:449: CUDA Progress: 177/444
[DEBUG]: src/main.cu:449: CUDA Progress: 178/444
[DEBUG]: src/main.cu:449: CUDA Progress: 179/444
[DEBUG]: src/main.cu:449: CUDA Progress: 180/444
[DEBUG]: src/main.cu:449: CUDA Progress: 181/444
[DEBUG]: src/main.cu:449: CUDA Progress: 182/444
[DEBUG]: src/main.cu:449: CUDA Progress: 183/444
[DEBUG]: src/main.cu:449: CUDA Progress: 184/444
[DEBUG]: src/main.cu:449: CUDA Progress: 185/444
[DEBUG]: src/main.cu:449: CUDA Progress: 186/444
[DEBUG]: src/main.cu:449: CUDA Progress: 187/444
[DEBUG]: src/main.cu:449: CUDA Progress: 188/444
[DEBUG]: src/main.cu:449: CUDA Progress: 189/444
[DEBUG]: src/main.cu:449: CUDA Progress: 190/444
[DEBUG]: src/main.cu:449: CUDA Progress: 191/444
[DEBUG]: src/main.cu:449: CUDA Progress: 192/444
[DEBUG]: src/main.cu:449: CUDA Progress: 193/444
[DEBUG]: src/main.cu:449: CUDA Progress: 194/444
[DEBUG]: src/main.cu:449: CUDA Progress: 195/444
[DEBUG]: src/main.cu:449: CUDA Progress: 196/444
[DEBUG]: src/main.cu:449: CUDA Progress: 197/444
[DEBUG]: src/main.cu:449: CUDA Progress: 198/444
[DEBUG]: src/main.cu:449: CUDA Progress: 199/444
[DEBUG]: src/main.cu:449: CUDA Progress: 200/444
[DEBUG]: src/main.cu:449: CUDA Progress: 201/444
[DEBUG]: src/main.cu:449: CUDA Progress: 202/444
[DEBUG]: src/main.cu:449: CUDA Progress: 203/444
[DEBUG]: src/main.cu:449: CUDA Progress: 204/444
[DEBUG]: src/main.cu:449: CUDA Progress: 205/444
[DEBUG]: src/main.cu:449: CUDA Progress: 206/444
[DEBUG]: src/main.cu:449: CUDA Progress: 207/444
[DEBUG]: src/main.cu:449: CUDA Progress: 208/444
[DEBUG]: src/main.cu:449: CUDA Progress: 209/444
[DEBUG]: src/main.cu:449: CUDA Progress: 210/444
[DEBUG]: src/main.cu:449: CUDA Progress: 211/444
[DEBUG]: src/main.cu:449: CUDA Progress: 212/444
[DEBUG]: src/main.cu:449: CUDA Progress: 213/444
[DEBUG]: src/main.cu:449: CUDA Progress: 214/444
[DEBUG]: src/main.cu:449: CUDA Progress: 215/444
[DEBUG]: src/main.cu:449: CUDA Progress: 216/444
[DEBUG]: src/main.cu:449: CUDA Progress: 217/444
[DEBUG]: src/main.cu:449: CUDA Progress: 218/444
[DEBUG]: src/main.cu:449: CUDA Progress: 219/444
[DEBUG]: src/main.cu:449: CUDA Progress: 220/444
[DEBUG]: src/main.cu:449: CUDA Progress: 221/444
[DEBUG]: src/main.cu:449: CUDA Progress: 222/444
[DEBUG]: src/main.cu:449: CUDA Progress: 223/444
[DEBUG]: src/main.cu:449: CUDA Progress: 224/444
[DEBUG]: src/main.cu:449: CUDA Progress: 225/444
[DEBUG]: src/main.cu:449: CUDA Progress: 226/444
[DEBUG]: src/main.cu:449: CUDA Progress: 227/444
[DEBUG]: src/main.cu:449: CUDA Progress: 228/444
[DEBUG]: src/main.cu:449: CUDA Progress: 229/444
[DEBUG]: src/main.cu:449: CUDA Progress: 230/444
[DEBUG]: src/main.cu:449: CUDA Progress: 231/444
[DEBUG]: src/main.cu:449: CUDA Progress: 232/444
[DEBUG]: src/main.cu:449: CUDA Progress: 233/444
[DEBUG]: src/main.cu:449: CUDA Progress: 234/444
[DEBUG]: src/main.cu:449: CUDA Progress: 235/444
[DEBUG]: src/main.cu:449: CUDA Progress: 236/444
[DEBUG]: src/main.cu:449: CUDA Progress: 237/444
[DEBUG]: src/main.cu:449: CUDA Progress: 238/444
[DEBUG]: src/main.cu:449: CUDA Progress: 239/444
[DEBUG]: src/main.cu:449: CUDA Progress: 240/444
[DEBUG]: src/main.cu:449: CUDA Progress: 241/444
[DEBUG]: src/main.cu:449: CUDA Progress: 242/444
[DEBUG]: src/main.cu:449: CUDA Progress: 243/444
[DEBUG]: src/main.cu:449: CUDA Progress: 244/444
[DEBUG]: src/main.cu:449: CUDA Progress: 245/444
[DEBUG]: src/main.cu:449: CUDA Progress: 246/444
[DEBUG]: src/main.cu:449: CUDA Progress: 247/444
[DEBUG]: src/main.cu:449: CUDA Progress: 248/444
[DEBUG]: src/main.cu:449: CUDA Progress: 249/444
[DEBUG]: src/main.cu:449: CUDA Progress: 250/444
[DEBUG]: src/main.cu:449: CUDA Progress: 251/444
[DEBUG]: src/main.cu:449: CUDA Progress: 252/444
[DEBUG]: src/main.cu:449: CUDA Progress: 253/444
[DEBUG]: src/main.cu:449: CUDA Progress: 254/444
[DEBUG]: src/main.cu:449: CUDA Progress: 255/444
[DEBUG]: src/main.cu:449: CUDA Progress: 256/444
[DEBUG]: src/main.cu:449: CUDA Progress: 257/444
[DEBUG]: src/main.cu:449: CUDA Progress: 258/444
[DEBUG]: src/main.cu:449: CUDA Progress: 259/444
[DEBUG]: src/main.cu:449: CUDA Progress: 260/444
[DEBUG]: src/main.cu:449: CUDA Progress: 261/444
[DEBUG]: src/main.cu:449: CUDA Progress: 262/444
[DEBUG]: src/main.cu:449: CUDA Progress: 263/444
[DEBUG]: src/main.cu:449: CUDA Progress: 264/444
[DEBUG]: src/main.cu:449: CUDA Progress: 265/444
[DEBUG]: src/main.cu:449: CUDA Progress: 266/444
[DEBUG]: src/main.cu:449: CUDA Progress: 267/444
[DEBUG]: src/main.cu:449: CUDA Progress: 268/444
[DEBUG]: src/main.cu:449: CUDA Progress: 269/444
[DEBUG]: src/main.cu:449: CUDA Progress: 270/444
[DEBUG]: src/main.cu:449: CUDA Progress: 271/444
[DEBUG]: src/main.cu:449: CUDA Progress: 272/444
[DEBUG]: src/main.cu:449: CUDA Progress: 273/444
[DEBUG]: src/main.cu:449: CUDA Progress: 274/444
[DEBUG]: src/main.cu:449: CUDA Progress: 275/444
[DEBUG]: src/main.cu:449: CUDA Progress: 276/444
[DEBUG]: src/main.cu:449: CUDA Progress: 277/444
[DEBUG]: src/main.cu:449: CUDA Progress: 278/444
[DEBUG]: src/main.cu:449: CUDA Progress: 279/444
[DEBUG]: src/main.cu:449: CUDA Progress: 280/444
[DEBUG]: src/main.cu:449: CUDA Progress: 281/444
[DEBUG]: src/main.cu:449: CUDA Progress: 282/444
[DEBUG]: src/main.cu:449: CUDA Progress: 283/444
[DEBUG]: src/main.cu:449: CUDA Progress: 284/444
[DEBUG]: src/main.cu:449: CUDA Progress: 285/444
[DEBUG]: src/main.cu:449: CUDA Progress: 286/444
[DEBUG]: src/main.cu:449: CUDA Progress: 287/444
[DEBUG]: src/main.cu:449: CUDA Progress: 288/444
[DEBUG]: src/main.cu:449: CUDA Progress: 289/444
[DEBUG]: src/main.cu:449: CUDA Progress: 290/444
[DEBUG]: src/main.cu:449: CUDA Progress: 291/444
[DEBUG]: src/main.cu:449: CUDA Progress: 292/444
[DEBUG]: src/main.cu:449: CUDA Progress: 293/444
[DEBUG]: src/main.cu:449: CUDA Progress: 294/444
[DEBUG]: src/main.cu:449: CUDA Progress: 295/444
[DEBUG]: src/main.cu:449: CUDA Progress: 296/444
[DEBUG]: src/main.cu:449: CUDA Progress: 297/444
[DEBUG]: src/main.cu:449: CUDA Progress: 298/444
[DEBUG]: src/main.cu:449: CUDA Progress: 299/444
[DEBUG]: src/main.cu:449: CUDA Progress: 300/444
[DEBUG]: src/main.cu:449: CUDA Progress: 301/444
[DEBUG]: src/main.cu:449: CUDA Progress: 302/444
[DEBUG]: src/main.cu:449: CUDA Progress: 303/444
[DEBUG]: src/main.cu:449: CUDA Progress: 304/444
[DEBUG]: src/main.cu:449: CUDA Progress: 305/444
[DEBUG]: src/main.cu:449: CUDA Progress: 306/444
[DEBUG]: src/main.cu:449: CUDA Progress: 307/444
[DEBUG]: src/main.cu:449: CUDA Progress: 308/444
[DEBUG]: src/main.cu:449: CUDA Progress: 309/444
[DEBUG]: src/main.cu:449: CUDA Progress: 310/444
[DEBUG]: src/main.cu:449: CUDA Progress: 311/444
[DEBUG]: src/main.cu:449: CUDA Progress: 312/444
[DEBUG]: src/main.cu:449: CUDA Progress: 313/444
[DEBUG]: src/main.cu:449: CUDA Progress: 314/444
[DEBUG]: src/main.cu:449: CUDA Progress: 315/444
[DEBUG]: src/main.cu:449: CUDA Progress: 316/444
[DEBUG]: src/main.cu:449: CUDA Progress: 317/444
[DEBUG]: src/main.cu:449: CUDA Progress: 318/444
[DEBUG]: src/main.cu:449: CUDA Progress: 319/444
[DEBUG]: src/main.cu:449: CUDA Progress: 320/444
[DEBUG]: src/main.cu:449: CUDA Progress: 321/444
[DEBUG]: src/main.cu:449: CUDA Progress: 322/444
[DEBUG]: src/main.cu:449: CUDA Progress: 323/444
[DEBUG]: src/main.cu:449: CUDA Progress: 324/444
[DEBUG]: src/main.cu:449: CUDA Progress: 325/444
[DEBUG]: src/main.cu:449: CUDA Progress: 326/444
[DEBUG]: src/main.cu:449: CUDA Progress: 327/444
[DEBUG]: src/main.cu:449: CUDA Progress: 328/444
[DEBUG]: src/main.cu:449: CUDA Progress: 329/444
[DEBUG]: src/main.cu:449: CUDA Progress: 330/444
[DEBUG]: src/main.cu:449: CUDA Progress: 331/444
[DEBUG]: src/main.cu:449: CUDA Progress: 332/444
[DEBUG]: src/main.cu:449: CUDA Progress: 333/444
[DEBUG]: src/main.cu:449: CUDA Progress: 334/444
[DEBUG]: src/main.cu:449: CUDA Progress: 335/444
[DEBUG]: src/main.cu:449: CUDA Progress: 336/444
[DEBUG]: src/main.cu:449: CUDA Progress: 337/444
[DEBUG]: src/main.cu:449: CUDA Progress: 338/444
[DEBUG]: src/main.cu:449: CUDA Progress: 339/444
[DEBUG]: src/main.cu:449: CUDA Progress: 340/444
[DEBUG]: src/main.cu:449: CUDA Progress: 341/444
[DEBUG]: src/main.cu:449: CUDA Progress: 342/444
[DEBUG]: src/main.cu:449: CUDA Progress: 343/444
[DEBUG]: src/main.cu:449: CUDA Progress: 344/444
[DEBUG]: src/main.cu:449: CUDA Progress: 345/444
[DEBUG]: src/main.cu:449: CUDA Progress: 346/444
[DEBUG]: src/main.cu:449: CUDA Progress: 347/444
[DEBUG]: src/main.cu:449: CUDA Progress: 348/444
[DEBUG]: src/main.cu:449: CUDA Progress: 349/444
[DEBUG]: src/main.cu:449: CUDA Progress: 350/444
[DEBUG]: src/main.cu:449: CUDA Progress: 351/444
[DEBUG]: src/main.cu:449: CUDA Progress: 352/444
[DEBUG]: src/main.cu:449: CUDA Progress: 353/444
[DEBUG]: src/main.cu:449: CUDA Progress: 354/444
[DEBUG]: src/main.cu:449: CUDA Progress: 355/444
[DEBUG]: src/main.cu:449: CUDA Progress: 356/444
[DEBUG]: src/main.cu:449: CUDA Progress: 357/444
[DEBUG]: src/main.cu:449: CUDA Progress: 358/444
[DEBUG]: src/main.cu:449: CUDA Progress: 359/444
[DEBUG]: src/main.cu:449: CUDA Progress: 360/444
[DEBUG]: src/main.cu:449: CUDA Progress: 361/444
[DEBUG]: src/main.cu:449: CUDA Progress: 362/444
[DEBUG]: src/main.cu:449: CUDA Progress: 363/444
[DEBUG]: src/main.cu:449: CUDA Progress: 364/444
[DEBUG]: src/main.cu:449: CUDA Progress: 365/444
[DEBUG]: src/main.cu:449: CUDA Progress: 366/444
[DEBUG]: src/main.cu:449: CUDA Progress: 367/444
[DEBUG]: src/main.cu:449: CUDA Progress: 368/444
[DEBUG]: src/main.cu:449: CUDA Progress: 369/444
[DEBUG]: src/main.cu:449: CUDA Progress: 370/444
[DEBUG]: src/main.cu:449: CUDA Progress: 371/444
[DEBUG]: src/main.cu:449: CUDA Progress: 372/444
[DEBUG]: src/main.cu:449: CUDA Progress: 373/444
[DEBUG]: src/main.cu:449: CUDA Progress: 374/444
[DEBUG]: src/main.cu:449: CUDA Progress: 375/444
[DEBUG]: src/main.cu:449: CUDA Progress: 376/444
[DEBUG]: src/main.cu:449: CUDA Progress: 377/444
[DEBUG]: src/main.cu:449: CUDA Progress: 378/444
[DEBUG]: src/main.cu:449: CUDA Progress: 379/444
[DEBUG]: src/main.cu:449: CUDA Progress: 380/444
[DEBUG]: src/main.cu:449: CUDA Progress: 381/444
[DEBUG]: src/main.cu:449: CUDA Progress: 382/444
[DEBUG]: src/main.cu:449: CUDA Progress: 383/444
[DEBUG]: src/main.cu:449: CUDA Progress: 384/444
[DEBUG]: src/main.cu:449: CUDA Progress: 385/444
[DEBUG]: src/main.cu:449: CUDA Progress: 386/444
[DEBUG]: src/main.cu:449: CUDA Progress: 387/444
[DEBUG]: src/main.cu:449: CUDA Progress: 388/444
[DEBUG]: src/main.cu:449: CUDA Progress: 389/444
[DEBUG]: src/main.cu:449: CUDA Progress: 390/444
[DEBUG]: src/main.cu:449: CUDA Progress: 391/444
[DEBUG]: src/main.cu:449: CUDA Progress: 392/444
[DEBUG]: src/main.cu:449: CUDA Progress: 393/444
[DEBUG]: src/main.cu:449: CUDA Progress: 394/444
[DEBUG]: src/main.cu:449: CUDA Progress: 395/444
[DEBUG]: src/main.cu:449: CUDA Progress: 396/444
[DEBUG]: src/main.cu:449: CUDA Progress: 397/444
[DEBUG]: src/main.cu:449: CUDA Progress: 398/444
[DEBUG]: src/main.cu:449: CUDA Progress: 399/444
[DEBUG]: src/main.cu:449: CUDA Progress: 400/444
[DEBUG]: src/main.cu:449: CUDA Progress: 401/444
[DEBUG]: src/main.cu:449: CUDA Progress: 402/444
[DEBUG]: src/main.cu:449: CUDA Progress: 403/444
[DEBUG]: src/main.cu:449: CUDA Progress: 404/444
[DEBUG]: src/main.cu:449: CUDA Progress: 405/444
[DEBUG]: src/main.cu:449: CUDA Progress: 406/444
[DEBUG]: src/main.cu:449: CUDA Progress: 407/444
[DEBUG]: src/main.cu:449: CUDA Progress: 408/444
[DEBUG]: src/main.cu:449: CUDA Progress: 409/444
[DEBUG]: src/main.cu:449: CUDA Progress: 410/444
[DEBUG]: src/main.cu:449: CUDA Progress: 411/444
[DEBUG]: src/main.cu:449: CUDA Progress: 412/444
[DEBUG]: src/main.cu:449: CUDA Progress: 413/444
[DEBUG]: src/main.cu:449: CUDA Progress: 414/444
[DEBUG]: src/main.cu:449: CUDA Progress: 415/444
[DEBUG]: src/main.cu:449: CUDA Progress: 416/444
[DEBUG]: src/main.cu:449: CUDA Progress: 417/444
[DEBUG]: src/main.cu:449: CUDA Progress: 418/444
[DEBUG]: src/main.cu:449: CUDA Progress: 419/444
[DEBUG]: src/main.cu:449: CUDA Progress: 420/444
[DEBUG]: src/main.cu:449: CUDA Progress: 421/444
[DEBUG]: src/main.cu:449: CUDA Progress: 422/444
[DEBUG]: src/main.cu:449: CUDA Progress: 423/444
[DEBUG]: src/main.cu:449: CUDA Progress: 424/444
[DEBUG]: src/main.cu:449: CUDA Progress: 425/444
[DEBUG]: src/main.cu:449: CUDA Progress: 426/444
[DEBUG]: src/main.cu:449: CUDA Progress: 427/444
[DEBUG]: src/main.cu:449: CUDA Progress: 428/444
[DEBUG]: src/main.cu:449: CUDA Progress: 429/444
[DEBUG]: src/main.cu:449: CUDA Progress: 430/444
[DEBUG]: src/main.cu:449: CUDA Progress: 431/444
[DEBUG]: src/main.cu:449: CUDA Progress: 432/444
[DEBUG]: src/main.cu:449: CUDA Progress: 433/444
[DEBUG]: src/main.cu:449: CUDA Progress: 434/444
[DEBUG]: src/main.cu:449: CUDA Progress: 435/444
[DEBUG]: src/main.cu:449: CUDA Progress: 436/444
[DEBUG]: src/main.cu:449: CUDA Progress: 437/444
[DEBUG]: src/main.cu:449: CUDA Progress: 438/444
[DEBUG]: src/main.cu:449: CUDA Progress: 439/444
[DEBUG]: src/main.cu:449: CUDA Progress: 440/444
[DEBUG]: src/main.cu:449: CUDA Progress: 441/444
[DEBUG]: src/main.cu:449: CUDA Progress: 442/444
[DEBUG]: src/main.cu:449: CUDA Progress: 443/444
[INFO]: src/main.cu:478: Total Execution Time: 3294.897874: Giga-Semblances-Trace/s: 1.047152: Kernel Execution Time: 3294.728864: Kernel Giga-Semblances-Trace/s: 1.047205
