 INFO: Number of CDPs = 445
 INFO: Number of traces in the gather = 9200
 INFO: Number of samples per trace = 2502
 INFO: Computing semblance for m0 = 0
 INFO: No trace has been selected for m0 = 0. Skipping.
 INFO: Computing semblance for m0 = 1080
 INFO: Computing semblance for m0 = 1100
 INFO: Computing semblance for m0 = 1120
 INFO: Total execution time for kernels is 1.6842e-05s
 INFO: Computing semblance for m0 = 1140
 INFO: Total execution time for kernels is 0.0510278s
 INFO: Computing semblance for m0 = 1160
 INFO: Total execution time for kernels is 0.0617681s
 INFO: Computing semblance for m0 = 1180
 INFO: Total execution time for kernels is 0.0725549s
 INFO: Computing semblance for m0 = 1200
 INFO: Total execution time for kernels is 0.0863842s
 INFO: Computing semblance for m0 = 1220
 INFO: Total execution time for kernels is 0.100486s
 INFO: Computing semblance for m0 = 1240
 INFO: Total execution time for kernels is 0.11645s
 INFO: Computing semblance for m0 = 1260
 INFO: Total execution time for kernels is 0.131856s
 INFO: Computing semblance for m0 = 1280
 INFO: Total execution time for kernels is 0.152063s
 INFO: Computing semblance for m0 = 1300
 INFO: Total execution time for kernels is 0.16682s
 INFO: Computing semblance for m0 = 1320
 INFO: Total execution time for kernels is 0.185889s
 INFO: Computing semblance for m0 = 1340
 INFO: Total execution time for kernels is 0.202072s
 INFO: Computing semblance for m0 = 1360
 INFO: Total execution time for kernels is 0.222473s
 INFO: Computing semblance for m0 = 1380
 INFO: Total execution time for kernels is 0.238561s
 INFO: Computing semblance for m0 = 1400
 INFO: Total execution time for kernels is 0.258864s
 INFO: Computing semblance for m0 = 1420
 INFO: Total execution time for kernels is 0.275596s
 INFO: Computing semblance for m0 = 1440
 INFO: Total execution time for kernels is 0.296389s
 INFO: Computing semblance for m0 = 1460
 INFO: Total execution time for kernels is 0.312752s
 INFO: Computing semblance for m0 = 1480
 INFO: Total execution time for kernels is 0.332621s
 INFO: Computing semblance for m0 = 1500
 INFO: Total execution time for kernels is 0.350453s
 INFO: Computing semblance for m0 = 1520
 INFO: Total execution time for kernels is 0.371278s
 INFO: Computing semblance for m0 = 1540
 INFO: Total execution time for kernels is 0.387731s
 INFO: Computing semblance for m0 = 1560
 INFO: Total execution time for kernels is 0.40816s
 INFO: Computing semblance for m0 = 1580
 INFO: Total execution time for kernels is 0.42531s
 INFO: Computing semblance for m0 = 1600
 INFO: Total execution time for kernels is 0.445985s
 INFO: Computing semblance for m0 = 1620
 INFO: Total execution time for kernels is 0.463783s
 INFO: Computing semblance for m0 = 1640
 INFO: Total execution time for kernels is 0.482148s
 INFO: Computing semblance for m0 = 1660
 INFO: Total execution time for kernels is 0.499172s
 INFO: Computing semblance for m0 = 1680
 INFO: Total execution time for kernels is 0.521808s
 INFO: Computing semblance for m0 = 1700
 INFO: Total execution time for kernels is 0.538483s
 INFO: Computing semblance for m0 = 1720
 INFO: Total execution time for kernels is 0.558398s
 INFO: Computing semblance for m0 = 1740
 INFO: Total execution time for kernels is 0.576754s
 INFO: Computing semblance for m0 = 1760
 INFO: Total execution time for kernels is 0.595992s
 INFO: Computing semblance for m0 = 1780
 INFO: Total execution time for kernels is 0.614862s
 INFO: Computing semblance for m0 = 1800
 INFO: Total execution time for kernels is 0.633625s
 INFO: Computing semblance for m0 = 1820
 INFO: Total execution time for kernels is 0.650651s
 INFO: Computing semblance for m0 = 1840
 INFO: Total execution time for kernels is 0.67172s
 INFO: Computing semblance for m0 = 1860
 INFO: Total execution time for kernels is 0.690547s
 INFO: Computing semblance for m0 = 1880
 INFO: Total execution time for kernels is 0.709034s
 INFO: Computing semblance for m0 = 1900
 INFO: Total execution time for kernels is 0.727619s
 INFO: Computing semblance for m0 = 1920
 INFO: Total execution time for kernels is 0.744075s
 INFO: Computing semblance for m0 = 1940
 INFO: Total execution time for kernels is 0.759806s
 INFO: Computing semblance for m0 = 1960
 INFO: Total execution time for kernels is 0.773693s
 INFO: Computing semblance for m0 = 1980
 INFO: Total execution time for kernels is 0.785882s
 INFO: Computing semblance for m0 = 2000
 INFO: Total execution time for kernels is 0.799156s
 INFO: Computing semblance for m0 = 2020
 INFO: Total execution time for kernels is 0.80685s
 INFO: Computing semblance for m0 = 2040
 INFO: Total execution time for kernels is 0.817839s
 INFO: Computing semblance for m0 = 2060
 INFO: Total execution time for kernels is 0.821921s
 INFO: Computing semblance for m0 = 2080
 INFO: Total execution time for kernels is 0.832533s
 INFO: Computing semblance for m0 = 2100
 INFO: Total execution time for kernels is 0.840819s
 INFO: Computing semblance for m0 = 2120
 INFO: Total execution time for kernels is 0.842415s
 INFO: Computing semblance for m0 = 2140
 INFO: Total execution time for kernels is 0.84525s
 INFO: Computing semblance for m0 = 2160
 INFO: Total execution time for kernels is 0.851473s
 INFO: Computing semblance for m0 = 2180
 INFO: Total execution time for kernels is 0.849446s
 INFO: Computing semblance for m0 = 2200
 INFO: Total execution time for kernels is 0.8461s
 INFO: Computing semblance for m0 = 2220
 INFO: Total execution time for kernels is 0.847967s
 INFO: Computing semblance for m0 = 2240
 INFO: Total execution time for kernels is 0.849495s
 INFO: Computing semblance for m0 = 2260
 INFO: Total execution time for kernels is 0.84813s
 INFO: Computing semblance for m0 = 2280
 INFO: Total execution time for kernels is 0.846905s
 INFO: Computing semblance for m0 = 2300
 INFO: Total execution time for kernels is 0.846313s
 INFO: Computing semblance for m0 = 2320
 INFO: Total execution time for kernels is 0.850946s
 INFO: Computing semblance for m0 = 2340
 INFO: Total execution time for kernels is 0.851086s
 INFO: Computing semblance for m0 = 2360
 INFO: Total execution time for kernels is 0.846218s
 INFO: Computing semblance for m0 = 2380
 INFO: Total execution time for kernels is 0.847731s
 INFO: Computing semblance for m0 = 2400
 INFO: Total execution time for kernels is 0.850307s
 INFO: Computing semblance for m0 = 2420
 INFO: Total execution time for kernels is 0.851376s
 INFO: Computing semblance for m0 = 2440
 INFO: Total execution time for kernels is 0.851066s
 INFO: Computing semblance for m0 = 2460
 INFO: Total execution time for kernels is 0.848915s
 INFO: Computing semblance for m0 = 2480
 INFO: Total execution time for kernels is 0.852861s
 INFO: Computing semblance for m0 = 2500
 INFO: Total execution time for kernels is 0.850888s
 INFO: Computing semblance for m0 = 2520
 INFO: Total execution time for kernels is 0.850791s
 INFO: Computing semblance for m0 = 2540
 INFO: Total execution time for kernels is 0.847475s
 INFO: Computing semblance for m0 = 2560
 INFO: Total execution time for kernels is 0.851198s
 INFO: Computing semblance for m0 = 2580
 INFO: Total execution time for kernels is 0.851873s
 INFO: Computing semblance for m0 = 2600
 INFO: Total execution time for kernels is 0.851607s
 INFO: Computing semblance for m0 = 2620
 INFO: Total execution time for kernels is 0.850779s
 INFO: Computing semblance for m0 = 2640
 INFO: Total execution time for kernels is 0.852579s
 INFO: Computing semblance for m0 = 2660
 INFO: Total execution time for kernels is 0.847859s
 INFO: Computing semblance for m0 = 2680
 INFO: Total execution time for kernels is 0.848705s
 INFO: Computing semblance for m0 = 2700
 INFO: Total execution time for kernels is 0.849369s
 INFO: Computing semblance for m0 = 2720
 INFO: Total execution time for kernels is 0.850482s
 INFO: Computing semblance for m0 = 2740
 INFO: Total execution time for kernels is 0.850467s
 INFO: Computing semblance for m0 = 2760
 INFO: Total execution time for kernels is 0.849266s
 INFO: Computing semblance for m0 = 2780
 INFO: Total execution time for kernels is 0.850086s
 INFO: Computing semblance for m0 = 2800
 INFO: Total execution time for kernels is 0.850377s
 INFO: Computing semblance for m0 = 2820
 INFO: Total execution time for kernels is 0.849512s
 INFO: Computing semblance for m0 = 2840
 INFO: Total execution time for kernels is 0.848153s
 INFO: Computing semblance for m0 = 2860
 INFO: Total execution time for kernels is 0.848204s
 INFO: Computing semblance for m0 = 2880
 INFO: Total execution time for kernels is 0.850794s
 INFO: Computing semblance for m0 = 2900
 INFO: Total execution time for kernels is 0.849994s
 INFO: Computing semblance for m0 = 2920
 INFO: Total execution time for kernels is 0.849732s
 INFO: Computing semblance for m0 = 2940
 INFO: Total execution time for kernels is 0.849844s
 INFO: Computing semblance for m0 = 2960
 INFO: Total execution time for kernels is 0.852397s
 INFO: Computing semblance for m0 = 2980
 INFO: Total execution time for kernels is 0.851589s
 INFO: Computing semblance for m0 = 3000
 INFO: Total execution time for kernels is 0.852055s
 INFO: Computing semblance for m0 = 3020
 INFO: Total execution time for kernels is 0.847781s
 INFO: Computing semblance for m0 = 3040
 INFO: Total execution time for kernels is 0.851815s
 INFO: Computing semblance for m0 = 3060
 INFO: Total execution time for kernels is 0.853624s
 INFO: Computing semblance for m0 = 3080
 INFO: Total execution time for kernels is 0.85104s
 INFO: Computing semblance for m0 = 3100
 INFO: Total execution time for kernels is 0.849868s
 INFO: Computing semblance for m0 = 3120
 INFO: Total execution time for kernels is 0.854109s
 INFO: Computing semblance for m0 = 3140
 INFO: Total execution time for kernels is 0.853447s
 INFO: Computing semblance for m0 = 3160
 INFO: Total execution time for kernels is 0.851613s
 INFO: Computing semblance for m0 = 3180
 INFO: Total execution time for kernels is 0.848493s
 INFO: Computing semblance for m0 = 3200
 INFO: Total execution time for kernels is 0.850665s
 INFO: Computing semblance for m0 = 3220
 INFO: Total execution time for kernels is 0.84956s
 INFO: Computing semblance for m0 = 3240
 INFO: Total execution time for kernels is 0.847181s
 INFO: Computing semblance for m0 = 3260
 INFO: Total execution time for kernels is 0.848249s
 INFO: Computing semblance for m0 = 3280
 INFO: Total execution time for kernels is 0.851281s
 INFO: Computing semblance for m0 = 3300
 INFO: Total execution time for kernels is 0.849071s
 INFO: Computing semblance for m0 = 3320
 INFO: Total execution time for kernels is 0.847576s
 INFO: Computing semblance for m0 = 3340
 INFO: Total execution time for kernels is 0.847773s
 INFO: Computing semblance for m0 = 3360
 INFO: Total execution time for kernels is 0.849314s
 INFO: Computing semblance for m0 = 3380
 INFO: Total execution time for kernels is 0.849858s
 INFO: Computing semblance for m0 = 3400
 INFO: Total execution time for kernels is 0.848378s
 INFO: Computing semblance for m0 = 3420
 INFO: Total execution time for kernels is 0.850179s
 INFO: Computing semblance for m0 = 3440
 INFO: Total execution time for kernels is 0.852136s
 INFO: Computing semblance for m0 = 3460
 INFO: Total execution time for kernels is 0.850118s
 INFO: Computing semblance for m0 = 3480
 INFO: Total execution time for kernels is 0.84771s
 INFO: Computing semblance for m0 = 3500
 INFO: Total execution time for kernels is 0.847846s
 INFO: Computing semblance for m0 = 3520
 INFO: Total execution time for kernels is 0.851728s
 INFO: Computing semblance for m0 = 3540
 INFO: Total execution time for kernels is 0.850314s
 INFO: Computing semblance for m0 = 3560
 INFO: Total execution time for kernels is 0.852873s
 INFO: Computing semblance for m0 = 3580
 INFO: Total execution time for kernels is 0.849341s
 INFO: Computing semblance for m0 = 3600
 INFO: Total execution time for kernels is 0.851546s
 INFO: Computing semblance for m0 = 3620
 INFO: Total execution time for kernels is 0.850252s
 INFO: Computing semblance for m0 = 3640
 INFO: Total execution time for kernels is 0.852337s
 INFO: Computing semblance for m0 = 3660
 INFO: Total execution time for kernels is 0.846972s
 INFO: Computing semblance for m0 = 3680
 INFO: Total execution time for kernels is 0.850242s
 INFO: Computing semblance for m0 = 3700
 INFO: Total execution time for kernels is 0.852338s
 INFO: Computing semblance for m0 = 3720
 INFO: Total execution time for kernels is 0.853104s
 INFO: Computing semblance for m0 = 3740
 INFO: Total execution time for kernels is 0.848315s
 INFO: Computing semblance for m0 = 3760
 INFO: Total execution time for kernels is 0.852265s
 INFO: Computing semblance for m0 = 3780
 INFO: Total execution time for kernels is 0.84767s
 INFO: Computing semblance for m0 = 3800
 INFO: Total execution time for kernels is 0.85288s
 INFO: Computing semblance for m0 = 3820
 INFO: Total execution time for kernels is 0.846885s
 INFO: Computing semblance for m0 = 3840
 INFO: Total execution time for kernels is 0.850928s
 INFO: Computing semblance for m0 = 3860
 INFO: Total execution time for kernels is 0.849064s
 INFO: Computing semblance for m0 = 3880
 INFO: Total execution time for kernels is 0.851176s
 INFO: Computing semblance for m0 = 3900
 INFO: Total execution time for kernels is 0.846539s
 INFO: Computing semblance for m0 = 3920
 INFO: Total execution time for kernels is 0.850623s
 INFO: Computing semblance for m0 = 3940
 INFO: Total execution time for kernels is 0.847894s
 INFO: Computing semblance for m0 = 3960
 INFO: Total execution time for kernels is 0.852938s
 INFO: Computing semblance for m0 = 3980
 INFO: Total execution time for kernels is 0.847495s
 INFO: Computing semblance for m0 = 4000
 INFO: Total execution time for kernels is 0.848111s
 INFO: Computing semblance for m0 = 4020
 INFO: Total execution time for kernels is 0.849128s
 INFO: Computing semblance for m0 = 4040
 INFO: Total execution time for kernels is 0.852818s
 INFO: Computing semblance for m0 = 4060
 INFO: Total execution time for kernels is 0.848649s
 INFO: Computing semblance for m0 = 4080
 INFO: Total execution time for kernels is 0.851602s
 INFO: Computing semblance for m0 = 4100
 INFO: Total execution time for kernels is 0.850995s
 INFO: Computing semblance for m0 = 4120
 INFO: Total execution time for kernels is 0.851917s
 INFO: Computing semblance for m0 = 4140
 INFO: Total execution time for kernels is 0.847901s
 INFO: Computing semblance for m0 = 4160
 INFO: Total execution time for kernels is 0.85028s
 INFO: Computing semblance for m0 = 4180
 INFO: Total execution time for kernels is 0.851731s
 INFO: Computing semblance for m0 = 4200
 INFO: Total execution time for kernels is 0.851844s
 INFO: Computing semblance for m0 = 4220
 INFO: Total execution time for kernels is 0.848605s
 INFO: Computing semblance for m0 = 4240
 INFO: Total execution time for kernels is 0.852996s
 INFO: Computing semblance for m0 = 4260
 INFO: Total execution time for kernels is 0.850641s
 INFO: Computing semblance for m0 = 4280
 INFO: Total execution time for kernels is 0.852379s
 INFO: Computing semblance for m0 = 4300
 INFO: Total execution time for kernels is 0.847648s
 INFO: Computing semblance for m0 = 4320
 INFO: Total execution time for kernels is 0.849059s
 INFO: Computing semblance for m0 = 4340
 INFO: Total execution time for kernels is 0.849412s
 INFO: Computing semblance for m0 = 4360
 INFO: Total execution time for kernels is 0.851098s
 INFO: Computing semblance for m0 = 4380
 INFO: Total execution time for kernels is 0.848072s
 INFO: Computing semblance for m0 = 4400
 INFO: Total execution time for kernels is 0.852843s
 INFO: Computing semblance for m0 = 4420
 INFO: Total execution time for kernels is 0.848966s
 INFO: Computing semblance for m0 = 4440
 INFO: Total execution time for kernels is 0.852538s
 INFO: Computing semblance for m0 = 4460
 INFO: Total execution time for kernels is 0.847827s
 INFO: Computing semblance for m0 = 4480
 INFO: Total execution time for kernels is 0.848923s
 INFO: Computing semblance for m0 = 4500
 INFO: Total execution time for kernels is 0.846605s
 INFO: Computing semblance for m0 = 4520
 INFO: Total execution time for kernels is 0.850714s
 INFO: Computing semblance for m0 = 4540
 INFO: Total execution time for kernels is 0.848691s
 INFO: Computing semblance for m0 = 4560
 INFO: Total execution time for kernels is 0.850216s
 INFO: Computing semblance for m0 = 4580
 INFO: Total execution time for kernels is 0.848872s
 INFO: Computing semblance for m0 = 4600
 INFO: Total execution time for kernels is 0.852164s
 INFO: Computing semblance for m0 = 4620
 INFO: Total execution time for kernels is 0.846739s
 INFO: Computing semblance for m0 = 4640
 INFO: Total execution time for kernels is 0.849712s
 INFO: Computing semblance for m0 = 4660
 INFO: Total execution time for kernels is 0.849899s
 INFO: Computing semblance for m0 = 4680
 INFO: Total execution time for kernels is 0.850877s
 INFO: Computing semblance for m0 = 4700
 INFO: Total execution time for kernels is 0.84947s
 INFO: Computing semblance for m0 = 4720
 INFO: Total execution time for kernels is 0.852215s
 INFO: Computing semblance for m0 = 4740
 INFO: Total execution time for kernels is 0.851016s
 INFO: Computing semblance for m0 = 4760
 INFO: Total execution time for kernels is 0.852055s
 INFO: Computing semblance for m0 = 4780
 INFO: Total execution time for kernels is 0.848355s
 INFO: Computing semblance for m0 = 4800
 INFO: Total execution time for kernels is 0.850844s
 INFO: Computing semblance for m0 = 4820
 INFO: Total execution time for kernels is 0.851116s
 INFO: Computing semblance for m0 = 4840
 INFO: Total execution time for kernels is 0.852906s
 INFO: Computing semblance for m0 = 4860
 INFO: Total execution time for kernels is 0.848034s
 INFO: Computing semblance for m0 = 4880
 INFO: Total execution time for kernels is 0.84933s
 INFO: Computing semblance for m0 = 4900
 INFO: Total execution time for kernels is 0.84821s
 INFO: Computing semblance for m0 = 4920
 INFO: Total execution time for kernels is 0.852726s
 INFO: Computing semblance for m0 = 4940
 INFO: Total execution time for kernels is 0.846835s
 INFO: Computing semblance for m0 = 4960
 INFO: Total execution time for kernels is 0.850182s
 INFO: Computing semblance for m0 = 4980
 INFO: Total execution time for kernels is 0.850626s
 INFO: Computing semblance for m0 = 5000
 INFO: Total execution time for kernels is 0.851713s
 INFO: Computing semblance for m0 = 5020
 INFO: Total execution time for kernels is 0.849756s
 INFO: Computing semblance for m0 = 5040
 INFO: Total execution time for kernels is 0.852208s
 INFO: Computing semblance for m0 = 5060
 INFO: Total execution time for kernels is 0.849802s
 INFO: Computing semblance for m0 = 5080
 INFO: Total execution time for kernels is 0.853865s
 INFO: Computing semblance for m0 = 5100
 INFO: Total execution time for kernels is 0.848618s
 INFO: Computing semblance for m0 = 5120
 INFO: Total execution time for kernels is 0.853054s
 INFO: Computing semblance for m0 = 5140
 INFO: Total execution time for kernels is 0.850196s
 INFO: Computing semblance for m0 = 5160
 INFO: Total execution time for kernels is 0.852334s
 INFO: Computing semblance for m0 = 5180
 INFO: Total execution time for kernels is 0.849655s
 INFO: Computing semblance for m0 = 5200
 INFO: Total execution time for kernels is 0.850383s
 INFO: Computing semblance for m0 = 5220
 INFO: Total execution time for kernels is 0.849534s
 INFO: Computing semblance for m0 = 5240
 INFO: Total execution time for kernels is 0.853011s
 INFO: Computing semblance for m0 = 5260
 INFO: Total execution time for kernels is 0.849019s
 INFO: Computing semblance for m0 = 5280
 INFO: Total execution time for kernels is 0.853786s
 INFO: Computing semblance for m0 = 5300
 INFO: Total execution time for kernels is 0.850042s
 INFO: Computing semblance for m0 = 5320
 INFO: Total execution time for kernels is 0.853175s
 INFO: Computing semblance for m0 = 5340
 INFO: Total execution time for kernels is 0.849727s
 INFO: Computing semblance for m0 = 5360
 INFO: Total execution time for kernels is 0.849942s
 INFO: Computing semblance for m0 = 5380
 INFO: Total execution time for kernels is 0.849443s
 INFO: Computing semblance for m0 = 5400
 INFO: Total execution time for kernels is 0.85348s
 INFO: Computing semblance for m0 = 5420
 INFO: Total execution time for kernels is 0.849208s
 INFO: Computing semblance for m0 = 5440
 INFO: Total execution time for kernels is 0.852231s
 INFO: Computing semblance for m0 = 5460
 INFO: Total execution time for kernels is 0.850785s
 INFO: Computing semblance for m0 = 5480
 INFO: Total execution time for kernels is 0.851336s
 INFO: Computing semblance for m0 = 5500
 INFO: Total execution time for kernels is 0.849908s
 INFO: Computing semblance for m0 = 5520
 INFO: Total execution time for kernels is 0.84989s
 INFO: Computing semblance for m0 = 5540
 INFO: Total execution time for kernels is 0.849248s
 INFO: Computing semblance for m0 = 5560
 INFO: Total execution time for kernels is 0.852578s
 INFO: Computing semblance for m0 = 5580
 INFO: Total execution time for kernels is 0.848295s
 INFO: Computing semblance for m0 = 5600
 INFO: Total execution time for kernels is 0.853002s
 INFO: Computing semblance for m0 = 5620
 INFO: Total execution time for kernels is 0.850476s
 INFO: Computing semblance for m0 = 5640
 INFO: Total execution time for kernels is 0.85326s
 INFO: Computing semblance for m0 = 5660
 INFO: Total execution time for kernels is 0.849775s
 INFO: Computing semblance for m0 = 5680
 INFO: Total execution time for kernels is 0.851761s
 INFO: Computing semblance for m0 = 5700
 INFO: Total execution time for kernels is 0.848796s
 INFO: Computing semblance for m0 = 5720
 INFO: Total execution time for kernels is 0.8532s
 INFO: Computing semblance for m0 = 5740
 INFO: Total execution time for kernels is 0.848394s
 INFO: Computing semblance for m0 = 5760
 INFO: Total execution time for kernels is 0.852112s
 INFO: Computing semblance for m0 = 5780
 INFO: Total execution time for kernels is 0.850861s
 INFO: Computing semblance for m0 = 5800
 INFO: Total execution time for kernels is 0.851681s
 INFO: Computing semblance for m0 = 5820
 INFO: Total execution time for kernels is 0.850059s
 INFO: Computing semblance for m0 = 5840
 INFO: Total execution time for kernels is 0.851517s
 INFO: Computing semblance for m0 = 5860
 INFO: Total execution time for kernels is 0.849973s
 INFO: Computing semblance for m0 = 5880
 INFO: Total execution time for kernels is 0.852721s
 INFO: Computing semblance for m0 = 5900
 INFO: Total execution time for kernels is 0.848603s
 INFO: Computing semblance for m0 = 5920
 INFO: Total execution time for kernels is 0.852002s
 INFO: Computing semblance for m0 = 5940
 INFO: Total execution time for kernels is 0.850424s
 INFO: Computing semblance for m0 = 5960
 INFO: Total execution time for kernels is 0.851643s
 INFO: Computing semblance for m0 = 5980
 INFO: Total execution time for kernels is 0.849908s
 INFO: Computing semblance for m0 = 6000
 INFO: Total execution time for kernels is 0.850222s
 INFO: Computing semblance for m0 = 6020
 INFO: Total execution time for kernels is 0.848442s
 INFO: Computing semblance for m0 = 6040
 INFO: Total execution time for kernels is 0.852802s
 INFO: Computing semblance for m0 = 6060
 INFO: Total execution time for kernels is 0.84807s
 INFO: Computing semblance for m0 = 6080
 INFO: Total execution time for kernels is 0.851276s
 INFO: Computing semblance for m0 = 6100
 INFO: Total execution time for kernels is 0.850207s
 INFO: Computing semblance for m0 = 6120
 INFO: Total execution time for kernels is 0.852008s
 INFO: Computing semblance for m0 = 6140
 INFO: Total execution time for kernels is 0.849908s
 INFO: Computing semblance for m0 = 6160
 INFO: Total execution time for kernels is 0.853192s
 INFO: Computing semblance for m0 = 6180
 INFO: Total execution time for kernels is 0.849776s
 INFO: Computing semblance for m0 = 6200
 INFO: Total execution time for kernels is 0.853578s
 INFO: Computing semblance for m0 = 6220
 INFO: Total execution time for kernels is 0.848801s
 INFO: Computing semblance for m0 = 6240
 INFO: Total execution time for kernels is 0.853828s
 INFO: Computing semblance for m0 = 6260
 INFO: Total execution time for kernels is 0.850619s
 INFO: Computing semblance for m0 = 6280
 INFO: Total execution time for kernels is 0.850554s
 INFO: Computing semblance for m0 = 6300
 INFO: Total execution time for kernels is 0.849983s
 INFO: Computing semblance for m0 = 6320
 INFO: Total execution time for kernels is 0.852015s
 INFO: Computing semblance for m0 = 6340
 INFO: Total execution time for kernels is 0.850247s
 INFO: Computing semblance for m0 = 6360
 INFO: Total execution time for kernels is 0.853292s
 INFO: Computing semblance for m0 = 6380
 INFO: Total execution time for kernels is 0.848502s
 INFO: Computing semblance for m0 = 6400
 INFO: Total execution time for kernels is 0.853454s
 INFO: Computing semblance for m0 = 6420
 INFO: Total execution time for kernels is 0.850783s
 INFO: Computing semblance for m0 = 6440
 INFO: Total execution time for kernels is 0.853261s
 INFO: Computing semblance for m0 = 6460
 INFO: Total execution time for kernels is 0.849521s
 INFO: Computing semblance for m0 = 6480
 INFO: Total execution time for kernels is 0.852427s
 INFO: Computing semblance for m0 = 6500
 INFO: Total execution time for kernels is 0.849885s
 INFO: Computing semblance for m0 = 6520
 INFO: Total execution time for kernels is 0.85316s
 INFO: Computing semblance for m0 = 6540
 INFO: Total execution time for kernels is 0.849034s
 INFO: Computing semblance for m0 = 6560
 INFO: Total execution time for kernels is 0.852942s
 INFO: Computing semblance for m0 = 6580
 INFO: Total execution time for kernels is 0.849544s
 INFO: Computing semblance for m0 = 6600
 INFO: Total execution time for kernels is 0.852927s
 INFO: Total execution time for kernels is 0.84898s
 INFO: Computing semblance for m0 = 6620
 INFO: Computing semblance for m0 = 6640
 INFO: Total execution time for kernels is 0.85262s
 INFO: Computing semblance for m0 = 6660
 INFO: Total execution time for kernels is 0.849735s
 INFO: Computing semblance for m0 = 6680
 INFO: Total execution time for kernels is 0.849986s
 INFO: Total execution time for kernels is 0.853202s
 INFO: Computing semblance for m0 = 6700
 INFO: Computing semblance for m0 = 6720
 INFO: Total execution time for kernels is 0.852559s
 INFO: Computing semblance for m0 = 6740
 INFO: Total execution time for kernels is 0.849794s
 INFO: Computing semblance for m0 = 6760
 INFO: Total execution time for kernels is 0.848356s
 INFO: Computing semblance for m0 = 6780
 INFO: Total execution time for kernels is 0.852689s
 INFO: Computing semblance for m0 = 6800
 INFO: Total execution time for kernels is 0.85256s
 INFO: Computing semblance for m0 = 6820
 INFO: Total execution time for kernels is 0.850292s
 INFO: Computing semblance for m0 = 6840
 INFO: Total execution time for kernels is 0.848768s
 INFO: Computing semblance for m0 = 6860
 INFO: Total execution time for kernels is 0.851034s
 INFO: Computing semblance for m0 = 6880
 INFO: Total execution time for kernels is 0.853734s
 INFO: Computing semblance for m0 = 6900
 INFO: Total execution time for kernels is 0.850914s
 INFO: Computing semblance for m0 = 6920
 INFO: Total execution time for kernels is 0.849862s
 INFO: Computing semblance for m0 = 6940
 INFO: Total execution time for kernels is 0.85311s
 INFO: Computing semblance for m0 = 6960
 INFO: Total execution time for kernels is 0.852625s
 INFO: Computing semblance for m0 = 6980
 INFO: Total execution time for kernels is 0.848451s
 INFO: Computing semblance for m0 = 7000
 INFO: Total execution time for kernels is 0.84778s
 INFO: Computing semblance for m0 = 7020
 INFO: Total execution time for kernels is 0.852738s
 INFO: Computing semblance for m0 = 7040
 INFO: Total execution time for kernels is 0.85287s
 INFO: Computing semblance for m0 = 7060
 INFO: Total execution time for kernels is 0.850633s
 INFO: Computing semblance for m0 = 7080
 INFO: Total execution time for kernels is 0.850727s
 INFO: Computing semblance for m0 = 7100
 INFO: Total execution time for kernels is 0.853427s
 INFO: Computing semblance for m0 = 7120
 INFO: Total execution time for kernels is 0.852664s
 INFO: Computing semblance for m0 = 7140
 INFO: Total execution time for kernels is 0.848875s
 INFO: Computing semblance for m0 = 7160
 INFO: Total execution time for kernels is 0.849028s
 INFO: Computing semblance for m0 = 7180
 INFO: Total execution time for kernels is 0.852042s
 INFO: Computing semblance for m0 = 7200
 INFO: Total execution time for kernels is 0.851727s
 INFO: Computing semblance for m0 = 7220
 INFO: Total execution time for kernels is 0.850401s
 INFO: Computing semblance for m0 = 7240
 INFO: Total execution time for kernels is 0.849798s
 INFO: Computing semblance for m0 = 7260
 INFO: Total execution time for kernels is 0.852378s
 INFO: Computing semblance for m0 = 7280
 INFO: Total execution time for kernels is 0.851254s
 INFO: Computing semblance for m0 = 7300
 INFO: Total execution time for kernels is 0.850274s
 INFO: Computing semblance for m0 = 7320
 INFO: Total execution time for kernels is 0.849056s
 INFO: Computing semblance for m0 = 7340
 INFO: Total execution time for kernels is 0.852401s
 INFO: Computing semblance for m0 = 7360
 INFO: Total execution time for kernels is 0.853181s
 INFO: Computing semblance for m0 = 7380
 INFO: Total execution time for kernels is 0.850765s
 INFO: Computing semblance for m0 = 7400
 INFO: Total execution time for kernels is 0.848821s
 INFO: Computing semblance for m0 = 7420
 INFO: Total execution time for kernels is 0.85391s
 INFO: Computing semblance for m0 = 7440
 INFO: Total execution time for kernels is 0.851893s
 INFO: Computing semblance for m0 = 7460
 INFO: Total execution time for kernels is 0.84966s
 INFO: Computing semblance for m0 = 7480
 INFO: Total execution time for kernels is 0.848143s
 INFO: Computing semblance for m0 = 7500
 INFO: Total execution time for kernels is 0.852147s
 INFO: Computing semblance for m0 = 7520
 INFO: Total execution time for kernels is 0.85393s
 INFO: Computing semblance for m0 = 7540
 INFO: Total execution time for kernels is 0.849664s
 INFO: Computing semblance for m0 = 7560
 INFO: Total execution time for kernels is 0.85037s
 INFO: Computing semblance for m0 = 7580
 INFO: Total execution time for kernels is 0.853676s
 INFO: Computing semblance for m0 = 7600
 INFO: Total execution time for kernels is 0.851063s
 INFO: Computing semblance for m0 = 7620
 INFO: Total execution time for kernels is 0.849068s
 INFO: Computing semblance for m0 = 7640
 INFO: Total execution time for kernels is 0.849067s
 INFO: Computing semblance for m0 = 7660
 INFO: Total execution time for kernels is 0.852812s
 INFO: Computing semblance for m0 = 7680
 INFO: Total execution time for kernels is 0.852576s
 INFO: Computing semblance for m0 = 7700
 INFO: Total execution time for kernels is 0.849916s
 INFO: Computing semblance for m0 = 7720
 INFO: Total execution time for kernels is 0.848957s
 INFO: Computing semblance for m0 = 7740
 INFO: Total execution time for kernels is 0.853542s
 INFO: Computing semblance for m0 = 7760
 INFO: Total execution time for kernels is 0.852626s
 INFO: Computing semblance for m0 = 7780
 INFO: Total execution time for kernels is 0.848532s
 INFO: Computing semblance for m0 = 7800
 INFO: Total execution time for kernels is 0.84852s
 INFO: Computing semblance for m0 = 7820
 INFO: Total execution time for kernels is 0.852323s
 INFO: Computing semblance for m0 = 7840
 INFO: Total execution time for kernels is 0.852626s
 INFO: Computing semblance for m0 = 7860
 INFO: Total execution time for kernels is 0.849592s
 INFO: Computing semblance for m0 = 7880
 INFO: Total execution time for kernels is 0.84902s
 INFO: Computing semblance for m0 = 7900
 INFO: Total execution time for kernels is 0.852524s
 INFO: Computing semblance for m0 = 7920
 INFO: Total execution time for kernels is 0.851696s
 INFO: Computing semblance for m0 = 7940
 INFO: Total execution time for kernels is 0.848927s
 INFO: Computing semblance for m0 = 7960
 INFO: Total execution time for kernels is 0.849041s
 INFO: Computing semblance for m0 = 7980
 INFO: Total execution time for kernels is 0.852894s
 INFO: Computing semblance for m0 = 8000
 INFO: Total execution time for kernels is 0.853387s
 INFO: Computing semblance for m0 = 8020
 INFO: Total execution time for kernels is 0.84966s
 INFO: Computing semblance for m0 = 8040
 INFO: Total execution time for kernels is 0.850075s
 INFO: Computing semblance for m0 = 8060
 INFO: Total execution time for kernels is 0.853316s
 INFO: Computing semblance for m0 = 8080
 INFO: Total execution time for kernels is 0.8513s
 INFO: Computing semblance for m0 = 8100
 INFO: Total execution time for kernels is 0.849771s
 INFO: Computing semblance for m0 = 8120
 INFO: Total execution time for kernels is 0.849181s
 INFO: Computing semblance for m0 = 8140
 INFO: Total execution time for kernels is 0.851753s
 INFO: Computing semblance for m0 = 8160
 INFO: Total execution time for kernels is 0.852336s
 INFO: Computing semblance for m0 = 8180
 INFO: Total execution time for kernels is 0.851478s
 INFO: Computing semblance for m0 = 8200
 INFO: Total execution time for kernels is 0.850961s
 INFO: Computing semblance for m0 = 8220
 INFO: Total execution time for kernels is 0.85349s
 INFO: Computing semblance for m0 = 8240
 INFO: Total execution time for kernels is 0.852373s
 INFO: Computing semblance for m0 = 8260
 INFO: Total execution time for kernels is 0.850878s
 INFO: Computing semblance for m0 = 8280
 INFO: Total execution time for kernels is 0.849029s
 INFO: Computing semblance for m0 = 8300
 INFO: Total execution time for kernels is 0.853355s
 INFO: Computing semblance for m0 = 8320
 INFO: Total execution time for kernels is 0.853201s
 INFO: Computing semblance for m0 = 8340
 INFO: Total execution time for kernels is 0.849962s
 INFO: Computing semblance for m0 = 8360
 INFO: Total execution time for kernels is 0.849549s
 INFO: Computing semblance for m0 = 8380
 INFO: Total execution time for kernels is 0.852946s
 INFO: Computing semblance for m0 = 8400
 INFO: Total execution time for kernels is 0.851905s
 INFO: Computing semblance for m0 = 8420
 INFO: Total execution time for kernels is 0.84944s
 INFO: Computing semblance for m0 = 8440
 INFO: Total execution time for kernels is 0.848852s
 INFO: Computing semblance for m0 = 8460
 INFO: Total execution time for kernels is 0.853324s
 INFO: Computing semblance for m0 = 8480
 INFO: Total execution time for kernels is 0.853917s
 INFO: Computing semblance for m0 = 8500
 INFO: Total execution time for kernels is 0.850343s
 INFO: Computing semblance for m0 = 8520
 INFO: Total execution time for kernels is 0.849677s
 INFO: Computing semblance for m0 = 8540
 INFO: Total execution time for kernels is 0.853182s
 INFO: Computing semblance for m0 = 8560
 INFO: Total execution time for kernels is 0.852622s
 INFO: Computing semblance for m0 = 8580
 INFO: Total execution time for kernels is 0.849498s
 INFO: Computing semblance for m0 = 8600
 INFO: Total execution time for kernels is 0.847423s
 INFO: Computing semblance for m0 = 8620
 INFO: Total execution time for kernels is 0.852179s
 INFO: Computing semblance for m0 = 8640
 INFO: Total execution time for kernels is 0.853219s
 INFO: Computing semblance for m0 = 8660
 INFO: Total execution time for kernels is 0.850292s
 INFO: Computing semblance for m0 = 8680
 INFO: Total execution time for kernels is 0.849109s
 INFO: Computing semblance for m0 = 8700
 INFO: Total execution time for kernels is 0.853599s
 INFO: Computing semblance for m0 = 8720
 INFO: Total execution time for kernels is 0.851829s
 INFO: Computing semblance for m0 = 8740
 INFO: Total execution time for kernels is 0.849231s
 INFO: Computing semblance for m0 = 8760
 INFO: Total execution time for kernels is 0.848964s
 INFO: Computing semblance for m0 = 8780
 INFO: Total execution time for kernels is 0.851375s
 INFO: Computing semblance for m0 = 8800
 INFO: Total execution time for kernels is 0.852527s
 INFO: Computing semblance for m0 = 8820
 INFO: Total execution time for kernels is 0.851824s
 INFO: Computing semblance for m0 = 8840
 INFO: Total execution time for kernels is 0.848567s
 INFO: Computing semblance for m0 = 8860
 INFO: Total execution time for kernels is 0.853242s
 INFO: Computing semblance for m0 = 8880
 INFO: Total execution time for kernels is 0.85227s
 INFO: Computing semblance for m0 = 8900
 INFO: Total execution time for kernels is 0.84938s
 INFO: Computing semblance for m0 = 8920
 INFO: Total execution time for kernels is 0.847187s
 INFO: Computing semblance for m0 = 8940
 INFO: Total execution time for kernels is 0.85235s
 INFO: Computing semblance for m0 = 8960
 INFO: Total execution time for kernels is 0.852097s
 INFO: Computing semblance for m0 = 8980
 INFO: Total execution time for kernels is 0.850297s
 INFO: Computing semblance for m0 = 9000
 INFO: Total execution time for kernels is 0.846662s
 INFO: Computing semblance for m0 = 9020
 INFO: Total execution time for kernels is 0.84658s
 INFO: Computing semblance for m0 = 9040
 INFO: Total execution time for kernels is 0.840793s
 INFO: Computing semblance for m0 = 9060
 INFO: Total execution time for kernels is 0.83173s
 INFO: Computing semblance for m0 = 9080
 INFO: Total execution time for kernels is 0.824196s
 INFO: Computing semblance for m0 = 9100
 INFO: Total execution time for kernels is 0.817944s
 INFO: Computing semblance for m0 = 9120
 INFO: Total execution time for kernels is 0.80663s
 INFO: Computing semblance for m0 = 9140
 INFO: Total execution time for kernels is 0.793923s
 INFO: Computing semblance for m0 = 9160
 INFO: Total execution time for kernels is 0.779417s
 INFO: Computing semblance for m0 = 9180
 INFO: Total execution time for kernels is 0.76989s
 INFO: Computing semblance for m0 = 9200
 INFO: Total execution time for kernels is 0.751947s
 INFO: Computing semblance for m0 = 9220
 INFO: Total execution time for kernels is 0.732309s
 INFO: Computing semblance for m0 = 9240
 INFO: Total execution time for kernels is 0.712597s
 INFO: Computing semblance for m0 = 9260
 INFO: Total execution time for kernels is 0.697911s
 INFO: Computing semblance for m0 = 9280
 INFO: Total execution time for kernels is 0.674488s
 INFO: Computing semblance for m0 = 9300
 INFO: Total execution time for kernels is 0.654075s
 INFO: Computing semblance for m0 = 9320
 INFO: Total execution time for kernels is 0.631918s
 INFO: Computing semblance for m0 = 9340
 INFO: Total execution time for kernels is 0.615631s
 INFO: Computing semblance for m0 = 9360
 INFO: Total execution time for kernels is 0.592743s
 INFO: Computing semblance for m0 = 9380
 INFO: Total execution time for kernels is 0.571729s
 INFO: Computing semblance for m0 = 9400
 INFO: Total execution time for kernels is 0.551978s
 INFO: Computing semblance for m0 = 9420
 INFO: Total execution time for kernels is 0.536279s
 INFO: Computing semblance for m0 = 9440
 INFO: Total execution time for kernels is 0.514546s
 INFO: Computing semblance for m0 = 9460
 INFO: Total execution time for kernels is 0.495208s
 INFO: Computing semblance for m0 = 9480
 INFO: Total execution time for kernels is 0.473987s
 INFO: Computing semblance for m0 = 9500
 INFO: Total execution time for kernels is 0.457301s
 INFO: Computing semblance for m0 = 9520
 INFO: Total execution time for kernels is 0.435951s
 INFO: Computing semblance for m0 = 9540
 INFO: Total execution time for kernels is 0.417951s
 INFO: Computing semblance for m0 = 9560
 INFO: Total execution time for kernels is 0.380917s
 INFO: Computing semblance for m0 = 9580
 INFO: Total execution time for kernels is 0.397406s
 INFO: Computing semblance for m0 = 9600
 INFO: Total execution time for kernels is 0.36111s
 INFO: Computing semblance for m0 = 9620
 INFO: Total execution time for kernels is 0.305413s
 INFO: Computing semblance for m0 = 9640
 INFO: Total execution time for kernels is 0.343258s
 INFO: Computing semblance for m0 = 9660
 INFO: Total execution time for kernels is 0.323568s
 INFO: Computing semblance for m0 = 9680
 INFO: Total execution time for kernels is 0.286128s
 INFO: Computing semblance for m0 = 9700
 INFO: Total execution time for kernels is 0.23227s
 INFO: Computing semblance for m0 = 9720
 INFO: Total execution time for kernels is 0.248773s
 INFO: Computing semblance for m0 = 9740
 INFO: Total execution time for kernels is 0.268104s
 INFO: Computing semblance for m0 = 9760
 INFO: Total execution time for kernels is 0.21355s
 INFO: Computing semblance for m0 = 9780
 INFO: Total execution time for kernels is 0.164532s
 INFO: Computing semblance for m0 = 9800
 INFO: Total execution time for kernels is 0.179712s
 INFO: Computing semblance for m0 = 9820
 INFO: Total execution time for kernels is 0.197392s
 INFO: Computing semblance for m0 = 9840
 INFO: Total execution time for kernels is 0.146878s
 INFO: Computing semblance for m0 = 9860
 INFO: Total execution time for kernels is 0.0990626s
 INFO: Computing semblance for m0 = 9880
 INFO: Total execution time for kernels is 0.113508s
 INFO: Computing semblance for m0 = 9900
 INFO: Total execution time for kernels is 0.131374s
 INFO: Computing semblance for m0 = 9920
 INFO: Total execution time for kernels is 0.051686s
 INFO: Computing semblance for m0 = 9940
 INFO: Total execution time for kernels is 0.0844841s
 INFO: Total execution time for kernels is 0.06076s
 INFO: Total execution time for kernels is 0.0727208s
 INFO: Total execution time for kernels is 0.0425408s
 INFO: Average of efficiency is 1
 INFO: Average of interpolations_per_sec is 1.94777e+11
 INFO: Average of selected_traces is 309.888
 INFO: Average of total_selection_kernel_exec_time is 0.00382428
 INFO: Average of total_kernel_exec_time is 0.760783
 INFO: Results written to /home/ubuntu/nfs/out/0447d1c_p3.8xlarge/zocrs/greedy/cuda/simple-synthetic_1/simple-synthetic_greedy_zocrs_20210101_0211/
 INFO: It took 108.246s to compute.
