 INFO: [readGatherFromFile:119] Number of CDPs = 445
 INFO: [readGatherFromFile:120] Number of traces in the gather = 9200
 INFO: [readGatherFromFile:121] Number of samples per trace = 2502
 INFO: [initialize:24] Initializing traveltime
 INFO: [initialize:28] Factory initialized
 INFO: [create_worker:27] Device count is 0
 INFO: [parseComputeAlgorithm:28] Generations = 32
 INFO: [parseComputeAlgorithm:32] Individuals per population = 32
 INFO: [run:16] m0 = 1140
 INFO: [activate:15] Activating GPU#0
 INFO: [activate:15] Activating GPU#0
 INFO: [activate:15] Activating GPU#0
 INFO: [selectTracesToBeUsedForMidpoint:113] Selecting traces for m0 = 1140
 INFO: [copyOnlySelectedTracesToDevice:118] Selected 435 traces
 INFO: [copyOnlySelectedTracesToDevice:152] Copy time is 0.00420989
 INFO: [selectTracesToBeUsedForMidpoint:181] Execution time for copying traces is 0.00452859s
 INFO: [saveStatisticalResults:102] Total execution time for selecting traces is 0.0471723s
 INFO: [saveStatisticalResults:104] Total execution time for kernels is 0.100336s
 INFO: [run:16] m0 = 1300
 INFO: [activate:15] Activating GPU#0
 INFO: [selectTracesToBeUsedForMidpoint:113] Selecting traces for m0 = 1300
 INFO: [copyOnlySelectedTracesToDevice:118] Selected 561 traces
 INFO: [copyOnlySelectedTracesToDevice:152] Copy time is 0.00505787
 INFO: [selectTracesToBeUsedForMidpoint:181] Execution time for copying traces is 0.005613s
 INFO: [saveStatisticalResults:102] Total execution time for selecting traces is 0.0473059s
 INFO: [saveStatisticalResults:104] Total execution time for kernels is 0.11763s
 INFO: [run:16] m0 = 1460
 INFO: [activate:15] Activating GPU#0
 INFO: [selectTracesToBeUsedForMidpoint:113] Selecting traces for m0 = 1460
 INFO: [copyOnlySelectedTracesToDevice:118] Selected 703 traces
 INFO: [copyOnlySelectedTracesToDevice:152] Copy time is 0.00562611
 INFO: [selectTracesToBeUsedForMidpoint:181] Execution time for copying traces is 0.00613132s
 INFO: [saveStatisticalResults:102] Total execution time for selecting traces is 0.0225358s
 INFO: [saveStatisticalResults:104] Total execution time for kernels is 0.213368s
 INFO: [run:16] m0 = 1620
 INFO: [activate:15] Activating GPU#0
 INFO: [selectTracesToBeUsedForMidpoint:113] Selecting traces for m0 = 1620
 INFO: [copyOnlySelectedTracesToDevice:118] Selected 861 traces
 INFO: [copyOnlySelectedTracesToDevice:152] Copy time is 0.00772414
 INFO: [selectTracesToBeUsedForMidpoint:181] Execution time for copying traces is 0.0084613s
 INFO: [saveStatisticalResults:102] Total execution time for selecting traces is 0.0275242s
 INFO: [saveStatisticalResults:104] Total execution time for kernels is 0.35462s
 INFO: [run:16] m0 = 1780
 INFO: [activate:15] Activating GPU#0
 INFO: [selectTracesToBeUsedForMidpoint:113] Selecting traces for m0 = 1780
 INFO: [copyOnlySelectedTracesToDevice:118] Selected 1035 traces
 INFO: [copyOnlySelectedTracesToDevice:152] Copy time is 0.00831564
 INFO: [selectTracesToBeUsedForMidpoint:181] Execution time for copying traces is 0.00893711s
 INFO: [saveStatisticalResults:102] Total execution time for selecting traces is 0.0253534s
 INFO: [saveStatisticalResults:104] Total execution time for kernels is 0.485259s
 INFO: [run:16] m0 = 1940
 INFO: [activate:15] Activating GPU#0
 INFO: [selectTracesToBeUsedForMidpoint:113] Selecting traces for m0 = 1940
 INFO: [copyOnlySelectedTracesToDevice:118] Selected 1219 traces
 INFO: [copyOnlySelectedTracesToDevice:152] Copy time is 0.00976517
 INFO: [selectTracesToBeUsedForMidpoint:181] Execution time for copying traces is 0.0104542s
 INFO: [saveStatisticalResults:102] Total execution time for selecting traces is 0.0268513s
 INFO: [saveStatisticalResults:104] Total execution time for kernels is 0.641008s
 INFO: [run:16] m0 = 2100
 INFO: [activate:15] Activating GPU#0
 INFO: [selectTracesToBeUsedForMidpoint:113] Selecting traces for m0 = 2100
 INFO: [copyOnlySelectedTracesToDevice:118] Selected 1403 traces
 INFO: [copyOnlySelectedTracesToDevice:152] Copy time is 0.0113622
 INFO: [selectTracesToBeUsedForMidpoint:181] Execution time for copying traces is 0.0120664s
 INFO: [saveStatisticalResults:102] Total execution time for selecting traces is 0.0284871s
 INFO: [saveStatisticalResults:104] Total execution time for kernels is 0.686013s
 INFO: [run:16] m0 = 2260
 INFO: [activate:15] Activating GPU#0
 INFO: [selectTracesToBeUsedForMidpoint:113] Selecting traces for m0 = 2260
 INFO: [copyOnlySelectedTracesToDevice:118] Selected 1449 traces
 INFO: [copyOnlySelectedTracesToDevice:152] Copy time is 0.0116876
 INFO: [selectTracesToBeUsedForMidpoint:181] Execution time for copying traces is 0.0124543s
 INFO: [saveStatisticalResults:102] Total execution time for selecting traces is 0.0288865s
 INFO: [saveStatisticalResults:104] Total execution time for kernels is 0.685378s
 INFO: [run:16] m0 = 2420
 INFO: [activate:15] Activating GPU#0
 INFO: [selectTracesToBeUsedForMidpoint:113] Selecting traces for m0 = 2420
 INFO: [copyOnlySelectedTracesToDevice:118] Selected 1449 traces
 INFO: [copyOnlySelectedTracesToDevice:152] Copy time is 0.0116721
 INFO: [selectTracesToBeUsedForMidpoint:181] Execution time for copying traces is 0.0124113s
 INFO: [saveStatisticalResults:102] Total execution time for selecting traces is 0.0288438s
 INFO: [saveStatisticalResults:104] Total execution time for kernels is 0.681207s
 INFO: [run:16] m0 = 2580
 INFO: [activate:15] Activating GPU#0
 INFO: [selectTracesToBeUsedForMidpoint:113] Selecting traces for m0 = 2580
 INFO: [copyOnlySelectedTracesToDevice:118] Selected 1449 traces
 INFO: [copyOnlySelectedTracesToDevice:152] Copy time is 0.0116194
 INFO: [selectTracesToBeUsedForMidpoint:181] Execution time for copying traces is 0.0123615s
 INFO: [saveStatisticalResults:102] Total execution time for selecting traces is 0.0287855s
 INFO: [saveStatisticalResults:104] Total execution time for kernels is 0.698986s
 INFO: [run:16] m0 = 2740
 INFO: [activate:15] Activating GPU#0
 INFO: [selectTracesToBeUsedForMidpoint:113] Selecting traces for m0 = 2740
 INFO: [copyOnlySelectedTracesToDevice:118] Selected 1449 traces
 INFO: [copyOnlySelectedTracesToDevice:152] Copy time is 0.0116441
 INFO: [selectTracesToBeUsedForMidpoint:181] Execution time for copying traces is 0.01242s
 INFO: [saveStatisticalResults:102] Total execution time for selecting traces is 0.0288479s
 INFO: [saveStatisticalResults:104] Total execution time for kernels is 0.690492s
 INFO: [run:16] m0 = 2900
 INFO: [activate:15] Activating GPU#0
 INFO: [selectTracesToBeUsedForMidpoint:113] Selecting traces for m0 = 2900
 INFO: [copyOnlySelectedTracesToDevice:118] Selected 1449 traces
 INFO: [copyOnlySelectedTracesToDevice:152] Copy time is 0.0116733
 INFO: [selectTracesToBeUsedForMidpoint:181] Execution time for copying traces is 0.0124463s
 INFO: [saveStatisticalResults:102] Total execution time for selecting traces is 0.0288595s
 INFO: [saveStatisticalResults:104] Total execution time for kernels is 0.683831s
 INFO: [run:16] m0 = 3060
 INFO: [activate:15] Activating GPU#0
 INFO: [selectTracesToBeUsedForMidpoint:113] Selecting traces for m0 = 3060
 INFO: [copyOnlySelectedTracesToDevice:118] Selected 1449 traces
 INFO: [copyOnlySelectedTracesToDevice:152] Copy time is 0.0119471
 INFO: [selectTracesToBeUsedForMidpoint:181] Execution time for copying traces is 0.0128129s
 INFO: [saveStatisticalResults:102] Total execution time for selecting traces is 0.0321663s
 INFO: [saveStatisticalResults:104] Total execution time for kernels is 0.68648s
 INFO: [run:16] m0 = 3220
 INFO: [activate:15] Activating GPU#0
 INFO: [selectTracesToBeUsedForMidpoint:113] Selecting traces for m0 = 3220
 INFO: [copyOnlySelectedTracesToDevice:118] Selected 1449 traces
 INFO: [copyOnlySelectedTracesToDevice:152] Copy time is 0.0116491
 INFO: [selectTracesToBeUsedForMidpoint:181] Execution time for copying traces is 0.0123809s
 INFO: [saveStatisticalResults:102] Total execution time for selecting traces is 0.0288264s
 INFO: [saveStatisticalResults:104] Total execution time for kernels is 0.694821s
 INFO: [run:16] m0 = 3380
 INFO: [activate:15] Activating GPU#0
 INFO: [selectTracesToBeUsedForMidpoint:113] Selecting traces for m0 = 3380
 INFO: [copyOnlySelectedTracesToDevice:118] Selected 1449 traces
 INFO: [copyOnlySelectedTracesToDevice:152] Copy time is 0.0116907
 INFO: [selectTracesToBeUsedForMidpoint:181] Execution time for copying traces is 0.0124635s
 INFO: [saveStatisticalResults:102] Total execution time for selecting traces is 0.0289151s
 INFO: [saveStatisticalResults:104] Total execution time for kernels is 0.690019s
 INFO: [run:16] m0 = 3540
 INFO: [activate:15] Activating GPU#0
 INFO: [selectTracesToBeUsedForMidpoint:113] Selecting traces for m0 = 3540
 INFO: [copyOnlySelectedTracesToDevice:118] Selected 1449 traces
 INFO: [copyOnlySelectedTracesToDevice:152] Copy time is 0.0116045
 INFO: [selectTracesToBeUsedForMidpoint:181] Execution time for copying traces is 0.0123541s
 INFO: [saveStatisticalResults:102] Total execution time for selecting traces is 0.0287837s
 INFO: [saveStatisticalResults:104] Total execution time for kernels is 0.677006s
 INFO: [run:16] m0 = 3700
 INFO: [activate:15] Activating GPU#0
 INFO: [selectTracesToBeUsedForMidpoint:113] Selecting traces for m0 = 3700
 INFO: [copyOnlySelectedTracesToDevice:118] Selected 1449 traces
 INFO: [copyOnlySelectedTracesToDevice:152] Copy time is 0.0116325
 INFO: [selectTracesToBeUsedForMidpoint:181] Execution time for copying traces is 0.0124406s
 INFO: [saveStatisticalResults:102] Total execution time for selecting traces is 0.0288893s
 INFO: [saveStatisticalResults:104] Total execution time for kernels is 0.675282s
 INFO: [run:16] m0 = 3860
 INFO: [activate:15] Activating GPU#0
 INFO: [selectTracesToBeUsedForMidpoint:113] Selecting traces for m0 = 3860
 INFO: [copyOnlySelectedTracesToDevice:118] Selected 1449 traces
 INFO: [copyOnlySelectedTracesToDevice:152] Copy time is 0.0116802
 INFO: [selectTracesToBeUsedForMidpoint:181] Execution time for copying traces is 0.0124803s
 INFO: [saveStatisticalResults:102] Total execution time for selecting traces is 0.0289069s
 INFO: [saveStatisticalResults:104] Total execution time for kernels is 0.693826s
 INFO: [run:16] m0 = 4020
 INFO: [activate:15] Activating GPU#0
 INFO: [selectTracesToBeUsedForMidpoint:113] Selecting traces for m0 = 4020
 INFO: [copyOnlySelectedTracesToDevice:118] Selected 1449 traces
 INFO: [copyOnlySelectedTracesToDevice:152] Copy time is 0.0115956
 INFO: [selectTracesToBeUsedForMidpoint:181] Execution time for copying traces is 0.0123838s
 INFO: [saveStatisticalResults:102] Total execution time for selecting traces is 0.0288213s
 INFO: [saveStatisticalResults:104] Total execution time for kernels is 0.682495s
 INFO: [run:16] m0 = 4180
 INFO: [activate:15] Activating GPU#0
 INFO: [selectTracesToBeUsedForMidpoint:113] Selecting traces for m0 = 4180
 INFO: [copyOnlySelectedTracesToDevice:118] Selected 1449 traces
 INFO: [copyOnlySelectedTracesToDevice:152] Copy time is 0.01164
 INFO: [selectTracesToBeUsedForMidpoint:181] Execution time for copying traces is 0.0123919s
 INFO: [saveStatisticalResults:102] Total execution time for selecting traces is 0.0288119s
 INFO: [saveStatisticalResults:104] Total execution time for kernels is 0.679262s
 INFO: [run:16] m0 = 4340
 INFO: [activate:15] Activating GPU#0
 INFO: [selectTracesToBeUsedForMidpoint:113] Selecting traces for m0 = 4340
 INFO: [copyOnlySelectedTracesToDevice:118] Selected 1449 traces
 INFO: [copyOnlySelectedTracesToDevice:152] Copy time is 0.0116235
 INFO: [selectTracesToBeUsedForMidpoint:181] Execution time for copying traces is 0.012408s
 INFO: [saveStatisticalResults:102] Total execution time for selecting traces is 0.0288387s
 INFO: [saveStatisticalResults:104] Total execution time for kernels is 0.683229s
 INFO: [run:16] m0 = 4500
 INFO: [activate:15] Activating GPU#0
 INFO: [selectTracesToBeUsedForMidpoint:113] Selecting traces for m0 = 4500
 INFO: [copyOnlySelectedTracesToDevice:118] Selected 1449 traces
 INFO: [copyOnlySelectedTracesToDevice:152] Copy time is 0.0116375
 INFO: [selectTracesToBeUsedForMidpoint:181] Execution time for copying traces is 0.0123967s
 INFO: [saveStatisticalResults:102] Total execution time for selecting traces is 0.0288508s
 INFO: [saveStatisticalResults:104] Total execution time for kernels is 0.69755s
 INFO: [run:16] m0 = 4660
 INFO: [activate:15] Activating GPU#0
 INFO: [selectTracesToBeUsedForMidpoint:113] Selecting traces for m0 = 4660
 INFO: [copyOnlySelectedTracesToDevice:118] Selected 1449 traces
 INFO: [copyOnlySelectedTracesToDevice:152] Copy time is 0.011603
 INFO: [selectTracesToBeUsedForMidpoint:181] Execution time for copying traces is 0.0124316s
 INFO: [saveStatisticalResults:102] Total execution time for selecting traces is 0.028872s
 INFO: [saveStatisticalResults:104] Total execution time for kernels is 0.686787s
 INFO: [run:16] m0 = 4820
 INFO: [activate:15] Activating GPU#0
 INFO: [selectTracesToBeUsedForMidpoint:113] Selecting traces for m0 = 4820
 INFO: [copyOnlySelectedTracesToDevice:118] Selected 1449 traces
 INFO: [copyOnlySelectedTracesToDevice:152] Copy time is 0.0116862
 INFO: [selectTracesToBeUsedForMidpoint:181] Execution time for copying traces is 0.0124307s
 INFO: [saveStatisticalResults:102] Total execution time for selecting traces is 0.0288356s
 INFO: [saveStatisticalResults:104] Total execution time for kernels is 0.697369s
 INFO: [run:16] m0 = 4980
 INFO: [activate:15] Activating GPU#0
 INFO: [selectTracesToBeUsedForMidpoint:113] Selecting traces for m0 = 4980
 INFO: [copyOnlySelectedTracesToDevice:118] Selected 1449 traces
 INFO: [copyOnlySelectedTracesToDevice:152] Copy time is 0.011638
 INFO: [selectTracesToBeUsedForMidpoint:181] Execution time for copying traces is 0.0124192s
 INFO: [saveStatisticalResults:102] Total execution time for selecting traces is 0.028836s
 INFO: [saveStatisticalResults:104] Total execution time for kernels is 0.698815s
 INFO: [run:16] m0 = 5140
 INFO: [activate:15] Activating GPU#0
 INFO: [selectTracesToBeUsedForMidpoint:113] Selecting traces for m0 = 5140
 INFO: [copyOnlySelectedTracesToDevice:118] Selected 1449 traces
 INFO: [copyOnlySelectedTracesToDevice:152] Copy time is 0.0115749
 INFO: [selectTracesToBeUsedForMidpoint:181] Execution time for copying traces is 0.0123573s
 INFO: [saveStatisticalResults:102] Total execution time for selecting traces is 0.0287983s
 INFO: [saveStatisticalResults:104] Total execution time for kernels is 0.698762s
 INFO: [run:16] m0 = 5300
 INFO: [activate:15] Activating GPU#0
 INFO: [selectTracesToBeUsedForMidpoint:113] Selecting traces for m0 = 5300
 INFO: [copyOnlySelectedTracesToDevice:118] Selected 1449 traces
 INFO: [copyOnlySelectedTracesToDevice:152] Copy time is 0.0115409
 INFO: [selectTracesToBeUsedForMidpoint:181] Execution time for copying traces is 0.0122972s
 INFO: [saveStatisticalResults:102] Total execution time for selecting traces is 0.0287189s
 INFO: [saveStatisticalResults:104] Total execution time for kernels is 0.693921s
 INFO: [run:16] m0 = 5460
 INFO: [activate:15] Activating GPU#0
 INFO: [selectTracesToBeUsedForMidpoint:113] Selecting traces for m0 = 5460
 INFO: [copyOnlySelectedTracesToDevice:118] Selected 1449 traces
 INFO: [copyOnlySelectedTracesToDevice:152] Copy time is 0.0116299
 INFO: [selectTracesToBeUsedForMidpoint:181] Execution time for copying traces is 0.0124644s
 INFO: [saveStatisticalResults:102] Total execution time for selecting traces is 0.0288914s
 INFO: [saveStatisticalResults:104] Total execution time for kernels is 0.689888s
 INFO: [run:16] m0 = 5620
 INFO: [activate:15] Activating GPU#0
 INFO: [selectTracesToBeUsedForMidpoint:113] Selecting traces for m0 = 5620
 INFO: [copyOnlySelectedTracesToDevice:118] Selected 1449 traces
 INFO: [copyOnlySelectedTracesToDevice:152] Copy time is 0.0116467
 INFO: [selectTracesToBeUsedForMidpoint:181] Execution time for copying traces is 0.0123939s
 INFO: [saveStatisticalResults:102] Total execution time for selecting traces is 0.0288113s
 INFO: [saveStatisticalResults:104] Total execution time for kernels is 0.690048s
 INFO: [run:16] m0 = 5780
 INFO: [activate:15] Activating GPU#0
 INFO: [selectTracesToBeUsedForMidpoint:113] Selecting traces for m0 = 5780
 INFO: [copyOnlySelectedTracesToDevice:118] Selected 1449 traces
 INFO: [copyOnlySelectedTracesToDevice:152] Copy time is 0.0116451
 INFO: [selectTracesToBeUsedForMidpoint:181] Execution time for copying traces is 0.0123951s
 INFO: [saveStatisticalResults:102] Total execution time for selecting traces is 0.0288317s
 INFO: [saveStatisticalResults:104] Total execution time for kernels is 0.696596s
 INFO: [run:16] m0 = 5940
 INFO: [activate:15] Activating GPU#0
 INFO: [selectTracesToBeUsedForMidpoint:113] Selecting traces for m0 = 5940
 INFO: [copyOnlySelectedTracesToDevice:118] Selected 1449 traces
 INFO: [copyOnlySelectedTracesToDevice:152] Copy time is 0.0116694
 INFO: [selectTracesToBeUsedForMidpoint:181] Execution time for copying traces is 0.0124179s
 INFO: [saveStatisticalResults:102] Total execution time for selecting traces is 0.0288125s
 INFO: [saveStatisticalResults:104] Total execution time for kernels is 0.68593s
 INFO: [run:16] m0 = 6100
 INFO: [activate:15] Activating GPU#0
 INFO: [selectTracesToBeUsedForMidpoint:113] Selecting traces for m0 = 6100
 INFO: [copyOnlySelectedTracesToDevice:118] Selected 1449 traces
 INFO: [copyOnlySelectedTracesToDevice:152] Copy time is 0.0116003
 INFO: [selectTracesToBeUsedForMidpoint:181] Execution time for copying traces is 0.0123683s
 INFO: [saveStatisticalResults:102] Total execution time for selecting traces is 0.0287917s
 INFO: [saveStatisticalResults:104] Total execution time for kernels is 0.687999s
 INFO: [run:16] m0 = 6260
 INFO: [activate:15] Activating GPU#0
 INFO: [selectTracesToBeUsedForMidpoint:113] Selecting traces for m0 = 6260
 INFO: [copyOnlySelectedTracesToDevice:118] Selected 1449 traces
 INFO: [copyOnlySelectedTracesToDevice:152] Copy time is 0.012043
 INFO: [selectTracesToBeUsedForMidpoint:181] Execution time for copying traces is 0.0128548s
 INFO: [saveStatisticalResults:102] Total execution time for selecting traces is 0.0315493s
 INFO: [saveStatisticalResults:104] Total execution time for kernels is 0.690564s
 INFO: [run:16] m0 = 6420
 INFO: [activate:15] Activating GPU#0
 INFO: [selectTracesToBeUsedForMidpoint:113] Selecting traces for m0 = 6420
 INFO: [copyOnlySelectedTracesToDevice:118] Selected 1449 traces
 INFO: [copyOnlySelectedTracesToDevice:152] Copy time is 0.0116318
 INFO: [selectTracesToBeUsedForMidpoint:181] Execution time for copying traces is 0.0124031s
 INFO: [saveStatisticalResults:102] Total execution time for selecting traces is 0.0288267s
 INFO: [saveStatisticalResults:104] Total execution time for kernels is 0.696142s
 INFO: [run:16] m0 = 6580
 INFO: [activate:15] Activating GPU#0
 INFO: [selectTracesToBeUsedForMidpoint:113] Selecting traces for m0 = 6580
 INFO: [copyOnlySelectedTracesToDevice:118] Selected 1449 traces
 INFO: [copyOnlySelectedTracesToDevice:152] Copy time is 0.0116965
 INFO: [selectTracesToBeUsedForMidpoint:181] Execution time for copying traces is 0.0124957s
 INFO: [saveStatisticalResults:102] Total execution time for selecting traces is 0.0289328s
 INFO: [saveStatisticalResults:104] Total execution time for kernels is 0.688305s
 INFO: [run:16] m0 = 6740
 INFO: [activate:15] Activating GPU#0
 INFO: [selectTracesToBeUsedForMidpoint:113] Selecting traces for m0 = 6740
 INFO: [copyOnlySelectedTracesToDevice:118] Selected 1449 traces
 INFO: [copyOnlySelectedTracesToDevice:152] Copy time is 0.0116562
 INFO: [selectTracesToBeUsedForMidpoint:181] Execution time for copying traces is 0.0123895s
 INFO: [saveStatisticalResults:102] Total execution time for selecting traces is 0.0288423s
 INFO: [saveStatisticalResults:104] Total execution time for kernels is 0.693517s
 INFO: [run:16] m0 = 6900
 INFO: [activate:15] Activating GPU#0
 INFO: [selectTracesToBeUsedForMidpoint:113] Selecting traces for m0 = 6900
 INFO: [copyOnlySelectedTracesToDevice:118] Selected 1449 traces
 INFO: [copyOnlySelectedTracesToDevice:152] Copy time is 0.0116133
 INFO: [selectTracesToBeUsedForMidpoint:181] Execution time for copying traces is 0.012389s
 INFO: [saveStatisticalResults:102] Total execution time for selecting traces is 0.0288082s
 INFO: [saveStatisticalResults:104] Total execution time for kernels is 0.690522s
 INFO: [run:16] m0 = 7060
 INFO: [activate:15] Activating GPU#0
 INFO: [selectTracesToBeUsedForMidpoint:113] Selecting traces for m0 = 7060
 INFO: [copyOnlySelectedTracesToDevice:118] Selected 1449 traces
 INFO: [copyOnlySelectedTracesToDevice:152] Copy time is 0.0116895
 INFO: [selectTracesToBeUsedForMidpoint:181] Execution time for copying traces is 0.0124784s
 INFO: [saveStatisticalResults:102] Total execution time for selecting traces is 0.0289004s
 INFO: [saveStatisticalResults:104] Total execution time for kernels is 0.698009s
 INFO: [run:16] m0 = 7220
 INFO: [activate:15] Activating GPU#0
 INFO: [selectTracesToBeUsedForMidpoint:113] Selecting traces for m0 = 7220
 INFO: [copyOnlySelectedTracesToDevice:118] Selected 1449 traces
 INFO: [copyOnlySelectedTracesToDevice:152] Copy time is 0.0116359
 INFO: [selectTracesToBeUsedForMidpoint:181] Execution time for copying traces is 0.0124141s
 INFO: [saveStatisticalResults:102] Total execution time for selecting traces is 0.0288383s
 INFO: [saveStatisticalResults:104] Total execution time for kernels is 0.693847s
 INFO: [run:16] m0 = 7380
 INFO: [activate:15] Activating GPU#0
 INFO: [selectTracesToBeUsedForMidpoint:113] Selecting traces for m0 = 7380
 INFO: [copyOnlySelectedTracesToDevice:118] Selected 1449 traces
 INFO: [copyOnlySelectedTracesToDevice:152] Copy time is 0.0115374
 INFO: [selectTracesToBeUsedForMidpoint:181] Execution time for copying traces is 0.012348s
 INFO: [saveStatisticalResults:102] Total execution time for selecting traces is 0.0287834s
 INFO: [saveStatisticalResults:104] Total execution time for kernels is 0.684897s
 INFO: [run:16] m0 = 7540
 INFO: [activate:15] Activating GPU#0
 INFO: [selectTracesToBeUsedForMidpoint:113] Selecting traces for m0 = 7540
 INFO: [copyOnlySelectedTracesToDevice:118] Selected 1449 traces
 INFO: [copyOnlySelectedTracesToDevice:152] Copy time is 0.0115487
 INFO: [selectTracesToBeUsedForMidpoint:181] Execution time for copying traces is 0.0123608s
 INFO: [saveStatisticalResults:102] Total execution time for selecting traces is 0.0288073s
 INFO: [saveStatisticalResults:104] Total execution time for kernels is 0.688809s
 INFO: [run:16] m0 = 7700
 INFO: [activate:15] Activating GPU#0
 INFO: [selectTracesToBeUsedForMidpoint:113] Selecting traces for m0 = 7700
 INFO: [copyOnlySelectedTracesToDevice:118] Selected 1449 traces
 INFO: [copyOnlySelectedTracesToDevice:152] Copy time is 0.0117146
 INFO: [selectTracesToBeUsedForMidpoint:181] Execution time for copying traces is 0.012482s
 INFO: [saveStatisticalResults:102] Total execution time for selecting traces is 0.0288856s
 INFO: [saveStatisticalResults:104] Total execution time for kernels is 0.690614s
 INFO: [run:16] m0 = 7860
 INFO: [activate:15] Activating GPU#0
 INFO: [selectTracesToBeUsedForMidpoint:113] Selecting traces for m0 = 7860
 INFO: [copyOnlySelectedTracesToDevice:118] Selected 1449 traces
 INFO: [copyOnlySelectedTracesToDevice:152] Copy time is 0.0117998
 INFO: [selectTracesToBeUsedForMidpoint:181] Execution time for copying traces is 0.0125627s
 INFO: [saveStatisticalResults:102] Total execution time for selecting traces is 0.0296761s
 INFO: [saveStatisticalResults:104] Total execution time for kernels is 0.677417s
 INFO: [run:16] m0 = 8020
 INFO: [activate:15] Activating GPU#0
 INFO: [selectTracesToBeUsedForMidpoint:113] Selecting traces for m0 = 8020
 INFO: [copyOnlySelectedTracesToDevice:118] Selected 1448 traces
 INFO: [copyOnlySelectedTracesToDevice:152] Copy time is 0.0116961
 INFO: [selectTracesToBeUsedForMidpoint:181] Execution time for copying traces is 0.0124925s
 INFO: [saveStatisticalResults:102] Total execution time for selecting traces is 0.0292201s
 INFO: [saveStatisticalResults:104] Total execution time for kernels is 0.688004s
 INFO: [run:16] m0 = 8180
 INFO: [activate:15] Activating GPU#0
 INFO: [selectTracesToBeUsedForMidpoint:113] Selecting traces for m0 = 8180
 INFO: [copyOnlySelectedTracesToDevice:118] Selected 1434 traces
 INFO: [copyOnlySelectedTracesToDevice:152] Copy time is 0.0116843
 INFO: [selectTracesToBeUsedForMidpoint:181] Execution time for copying traces is 0.0124438s
 INFO: [saveStatisticalResults:102] Total execution time for selecting traces is 0.0288733s
 INFO: [saveStatisticalResults:104] Total execution time for kernels is 0.680462s
 INFO: [run:16] m0 = 8340
 INFO: [activate:15] Activating GPU#0
 INFO: [selectTracesToBeUsedForMidpoint:113] Selecting traces for m0 = 8340
 INFO: [copyOnlySelectedTracesToDevice:118] Selected 1404 traces
 INFO: [copyOnlySelectedTracesToDevice:152] Copy time is 0.011297
 INFO: [selectTracesToBeUsedForMidpoint:181] Execution time for copying traces is 0.0120581s
 INFO: [saveStatisticalResults:102] Total execution time for selecting traces is 0.0284581s
 INFO: [saveStatisticalResults:104] Total execution time for kernels is 0.679156s
 INFO: [run:16] m0 = 8500
 INFO: [activate:15] Activating GPU#0
 INFO: [selectTracesToBeUsedForMidpoint:113] Selecting traces for m0 = 8500
 INFO: [copyOnlySelectedTracesToDevice:118] Selected 1358 traces
 INFO: [copyOnlySelectedTracesToDevice:152] Copy time is 0.010954
 INFO: [selectTracesToBeUsedForMidpoint:181] Execution time for copying traces is 0.011685s
 INFO: [saveStatisticalResults:102] Total execution time for selecting traces is 0.0280863s
 INFO: [saveStatisticalResults:104] Total execution time for kernels is 0.674102s
 INFO: [run:16] m0 = 8660
 INFO: [activate:15] Activating GPU#0
 INFO: [selectTracesToBeUsedForMidpoint:113] Selecting traces for m0 = 8660
 INFO: [copyOnlySelectedTracesToDevice:118] Selected 1296 traces
 INFO: [copyOnlySelectedTracesToDevice:152] Copy time is 0.0104301
 INFO: [selectTracesToBeUsedForMidpoint:181] Execution time for copying traces is 0.0112328s
 INFO: [saveStatisticalResults:102] Total execution time for selecting traces is 0.0276355s
 INFO: [saveStatisticalResults:104] Total execution time for kernels is 0.657995s
 INFO: [run:16] m0 = 8820
 INFO: [activate:15] Activating GPU#0
 INFO: [selectTracesToBeUsedForMidpoint:113] Selecting traces for m0 = 8820
 INFO: [copyOnlySelectedTracesToDevice:118] Selected 1218 traces
 INFO: [copyOnlySelectedTracesToDevice:152] Copy time is 0.0097527
 INFO: [selectTracesToBeUsedForMidpoint:181] Execution time for copying traces is 0.0104975s
 INFO: [saveStatisticalResults:102] Total execution time for selecting traces is 0.0269118s
 INFO: [saveStatisticalResults:104] Total execution time for kernels is 0.62118s
 INFO: [run:16] m0 = 8980
 INFO: [activate:15] Activating GPU#0
 INFO: [selectTracesToBeUsedForMidpoint:113] Selecting traces for m0 = 8980
 INFO: [copyOnlySelectedTracesToDevice:118] Selected 1124 traces
 INFO: [copyOnlySelectedTracesToDevice:152] Copy time is 0.0090118
 INFO: [selectTracesToBeUsedForMidpoint:181] Execution time for copying traces is 0.00970294s
 INFO: [saveStatisticalResults:102] Total execution time for selecting traces is 0.0261139s
 INFO: [saveStatisticalResults:104] Total execution time for kernels is 0.567789s
 INFO: [run:16] m0 = 9140
 INFO: [activate:15] Activating GPU#0
 INFO: [selectTracesToBeUsedForMidpoint:113] Selecting traces for m0 = 9140
 INFO: [copyOnlySelectedTracesToDevice:118] Selected 1014 traces
 INFO: [copyOnlySelectedTracesToDevice:152] Copy time is 0.00811379
 INFO: [selectTracesToBeUsedForMidpoint:181] Execution time for copying traces is 0.00877427s
 INFO: [saveStatisticalResults:102] Total execution time for selecting traces is 0.0252121s
 INFO: [saveStatisticalResults:104] Total execution time for kernels is 0.481413s
 INFO: [run:16] m0 = 9300
 INFO: [activate:15] Activating GPU#0
 INFO: [selectTracesToBeUsedForMidpoint:113] Selecting traces for m0 = 9300
 INFO: [copyOnlySelectedTracesToDevice:118] Selected 888 traces
 INFO: [copyOnlySelectedTracesToDevice:152] Copy time is 0.00716317
 INFO: [selectTracesToBeUsedForMidpoint:181] Execution time for copying traces is 0.00777922s
 INFO: [saveStatisticalResults:102] Total execution time for selecting traces is 0.0242083s
 INFO: [saveStatisticalResults:104] Total execution time for kernels is 0.380859s
 INFO: [run:16] m0 = 9460
 INFO: [activate:15] Activating GPU#0
 INFO: [selectTracesToBeUsedForMidpoint:113] Selecting traces for m0 = 9460
 INFO: [copyOnlySelectedTracesToDevice:118] Selected 746 traces
 INFO: [copyOnlySelectedTracesToDevice:152] Copy time is 0.00602353
 INFO: [selectTracesToBeUsedForMidpoint:181] Execution time for copying traces is 0.0066328s
 INFO: [saveStatisticalResults:102] Total execution time for selecting traces is 0.0230456s
 INFO: [saveStatisticalResults:104] Total execution time for kernels is 0.250782s
 INFO: [run:16] m0 = 9620
 INFO: [activate:15] Activating GPU#0
 INFO: [selectTracesToBeUsedForMidpoint:113] Selecting traces for m0 = 9620
 INFO: [copyOnlySelectedTracesToDevice:118] Selected 588 traces
 INFO: [copyOnlySelectedTracesToDevice:152] Copy time is 0.00527094
 INFO: [selectTracesToBeUsedForMidpoint:181] Execution time for copying traces is 0.00597667s
 INFO: [saveStatisticalResults:102] Total execution time for selecting traces is 0.0485682s
 INFO: [saveStatisticalResults:104] Total execution time for kernels is 0.165147s
 INFO: [run:16] m0 = 9780
 INFO: [activate:15] Activating GPU#0
 INFO: [selectTracesToBeUsedForMidpoint:113] Selecting traces for m0 = 9780
 INFO: [copyOnlySelectedTracesToDevice:118] Selected 414 traces
 INFO: [copyOnlySelectedTracesToDevice:152] Copy time is 0.00375427
 INFO: [selectTracesToBeUsedForMidpoint:181] Execution time for copying traces is 0.00433668s
 INFO: [saveStatisticalResults:102] Total execution time for selecting traces is 0.0469249s
 INFO: [saveStatisticalResults:104] Total execution time for kernels is 0.0787402s
 INFO: [run:16] m0 = 9940
 INFO: [activate:15] Activating GPU#0
 INFO: [selectTracesToBeUsedForMidpoint:113] Selecting traces for m0 = 9940
 INFO: [copyOnlySelectedTracesToDevice:118] Selected 230 traces
 INFO: [copyOnlySelectedTracesToDevice:152] Copy time is 0.00205359
 INFO: [selectTracesToBeUsedForMidpoint:181] Execution time for copying traces is 0.00254458s
 INFO: [saveStatisticalResults:102] Total execution time for selecting traces is 0.0448845s
 INFO: [saveStatisticalResults:104] Total execution time for kernels is 0.0320694s
