 INFO: Number of CDPs = 445
 INFO: Number of traces in the gather = 9200
 INFO: Number of samples per trace = 2502
 INFO: Computing semblance for m0 = 0
 INFO: Total execution time for kernels is 0.00175079s
 INFO: Computing semblance for m0 = 1080
 INFO: Computing semblance for m0 = 1100
 INFO: Computing semblance for m0 = 1120
 INFO: Computing semblance for m0 = 1140
 INFO: Total execution time for kernels is 0.0232357s
 INFO: Computing semblance for m0 = 1160
 INFO: Total execution time for kernels is 0.0285428s
 INFO: Computing semblance for m0 = 1180
 INFO: Total execution time for kernels is 0.0336693s
 INFO: Computing semblance for m0 = 1200
 INFO: Total execution time for kernels is 0.0399689s
 INFO: Computing semblance for m0 = 1220
 INFO: Total execution time for kernels is 0.0461183s
 INFO: Computing semblance for m0 = 1240
 INFO: Total execution time for kernels is 0.0535804s
 INFO: Computing semblance for m0 = 1260
 INFO: Total execution time for kernels is 0.0609163s
 INFO: Computing semblance for m0 = 1280
 INFO: Total execution time for kernels is 0.0632082s
 INFO: Computing semblance for m0 = 1300
 INFO: Total execution time for kernels is 0.059294s
 INFO: Computing semblance for m0 = 1320
 INFO: Total execution time for kernels is 0.0847155s
 INFO: Computing semblance for m0 = 1340
 INFO: Total execution time for kernels is 0.0737978s
 INFO: Computing semblance for m0 = 1360
 INFO: Total execution time for kernels is 0.090026s
 INFO: Computing semblance for m0 = 1380
 INFO: Total execution time for kernels is 0.0616927s
 INFO: Computing semblance for m0 = 1400
 INFO: Total execution time for kernels is 0.0578315s
 INFO: Computing semblance for m0 = 1420
 INFO: Total execution time for kernels is 0.0580385s
 INFO: Computing semblance for m0 = 1440
 INFO: Total execution time for kernels is 0.0756818s
 INFO: Computing semblance for m0 = 1460
 INFO: Total execution time for kernels is 0.0886124s
 INFO: Computing semblance for m0 = 1480
 INFO: Total execution time for kernels is 0.0679035s
 INFO: Computing semblance for m0 = 1500
 INFO: Total execution time for kernels is 0.0694631s
 INFO: Computing semblance for m0 = 1520
 INFO: Total execution time for kernels is 0.0785716s
 INFO: Computing semblance for m0 = 1540
 INFO: Total execution time for kernels is 0.0777227s
 INFO: Computing semblance for m0 = 1560
 INFO: Total execution time for kernels is 0.0824554s
 INFO: Computing semblance for m0 = 1580
 INFO: Total execution time for kernels is 0.0834539s
 INFO: Computing semblance for m0 = 1600
 INFO: Total execution time for kernels is 0.0903008s
 INFO: Computing semblance for m0 = 1620
 INFO: Total execution time for kernels is 0.0924255s
 INFO: Computing semblance for m0 = 1640
 INFO: Total execution time for kernels is 0.0981871s
 INFO: Computing semblance for m0 = 1660
 INFO: Total execution time for kernels is 0.0995063s
 INFO: Computing semblance for m0 = 1680
 INFO: Total execution time for kernels is 0.106912s
 INFO: Computing semblance for m0 = 1700
 INFO: Total execution time for kernels is 0.108312s
 INFO: Computing semblance for m0 = 1720
 INFO: Total execution time for kernels is 0.113112s
 INFO: Computing semblance for m0 = 1740
 INFO: Total execution time for kernels is 0.11391s
 INFO: Computing semblance for m0 = 1760
 INFO: Total execution time for kernels is 0.122968s
 INFO: Computing semblance for m0 = 1780
 INFO: Total execution time for kernels is 0.124704s
 INFO: Computing semblance for m0 = 1800
 INFO: Total execution time for kernels is 0.128266s
 INFO: Computing semblance for m0 = 1820
 INFO: Total execution time for kernels is 0.129737s
 INFO: Computing semblance for m0 = 1840
 INFO: Total execution time for kernels is 0.137144s
 INFO: Computing semblance for m0 = 1860
 INFO: Total execution time for kernels is 0.139175s
 INFO: Computing semblance for m0 = 1880
 INFO: Total execution time for kernels is 0.143245s
 INFO: Computing semblance for m0 = 1900
 INFO: Total execution time for kernels is 0.142897s
 INFO: Computing semblance for m0 = 1920
 INFO: Total execution time for kernels is 0.151749s
 INFO: Computing semblance for m0 = 1940
 INFO: Total execution time for kernels is 0.153678s
 INFO: Computing semblance for m0 = 1960
 INFO: Total execution time for kernels is 0.159708s
 INFO: Computing semblance for m0 = 1980
 INFO: Total execution time for kernels is 0.156185s
 INFO: Computing semblance for m0 = 2000
 INFO: Total execution time for kernels is 0.163403s
 INFO: Computing semblance for m0 = 2020
 INFO: Total execution time for kernels is 0.167823s
 INFO: Computing semblance for m0 = 2040
 INFO: Total execution time for kernels is 0.172247s
 INFO: Computing semblance for m0 = 2060
 INFO: Total execution time for kernels is 0.167901s
 INFO: Computing semblance for m0 = 2080
 INFO: Total execution time for kernels is 0.176236s
 INFO: Computing semblance for m0 = 2100
 INFO: Total execution time for kernels is 0.17532s
 INFO: Computing semblance for m0 = 2120
 INFO: Total execution time for kernels is 0.172026s
 INFO: Computing semblance for m0 = 2140
 INFO: Total execution time for kernels is 0.166276s
 INFO: Computing semblance for m0 = 2160
 INFO: Total execution time for kernels is 0.174392s
 INFO: Computing semblance for m0 = 2180
 INFO: Total execution time for kernels is 0.173188s
 INFO: Computing semblance for m0 = 2200
 INFO: Total execution time for kernels is 0.172586s
 INFO: Computing semblance for m0 = 2220
 INFO: Total execution time for kernels is 0.166447s
 INFO: Computing semblance for m0 = 2240
 INFO: Total execution time for kernels is 0.171349s
 INFO: Computing semblance for m0 = 2260
 INFO: Total execution time for kernels is 0.170969s
 INFO: Computing semblance for m0 = 2280
 INFO: Total execution time for kernels is 0.165428s
 INFO: Computing semblance for m0 = 2300
 INFO: Total execution time for kernels is 0.171603s
 INFO: Computing semblance for m0 = 2320
 INFO: Total execution time for kernels is 0.173298s
 INFO: Computing semblance for m0 = 2340
 INFO: Total execution time for kernels is 0.169558s
 INFO: Computing semblance for m0 = 2360
 INFO: Total execution time for kernels is 0.167125s
 INFO: Computing semblance for m0 = 2380
 INFO: Total execution time for kernels is 0.171699s
 INFO: Computing semblance for m0 = 2400
 INFO: Total execution time for kernels is 0.174761s
 INFO: Computing semblance for m0 = 2420
 INFO: Total execution time for kernels is 0.172358s
 INFO: Computing semblance for m0 = 2440
 INFO: Total execution time for kernels is 0.173339s
 INFO: Computing semblance for m0 = 2460
 INFO: Total execution time for kernels is 0.178969s
 INFO: Computing semblance for m0 = 2480
 INFO: Total execution time for kernels is 0.177835s
 INFO: Computing semblance for m0 = 2500
 INFO: Total execution time for kernels is 0.176423s
 INFO: Computing semblance for m0 = 2520
 INFO: Total execution time for kernels is 0.170859s
 INFO: Computing semblance for m0 = 2540
 INFO: Total execution time for kernels is 0.17497s
 INFO: Computing semblance for m0 = 2560
 INFO: Total execution time for kernels is 0.176185s
 INFO: Computing semblance for m0 = 2580
 INFO: Total execution time for kernels is 0.173885s
 INFO: Computing semblance for m0 = 2600
 INFO: Total execution time for kernels is 0.16915s
 INFO: Computing semblance for m0 = 2620
 INFO: Total execution time for kernels is 0.175421s
 INFO: Computing semblance for m0 = 2640
 INFO: Total execution time for kernels is 0.174491s
 INFO: Computing semblance for m0 = 2660
 INFO: Total execution time for kernels is 0.173104s
 INFO: Computing semblance for m0 = 2680
 INFO: Total execution time for kernels is 0.168257s
 INFO: Computing semblance for m0 = 2700
 INFO: Total execution time for kernels is 0.174456s
 INFO: Computing semblance for m0 = 2720
 INFO: Total execution time for kernels is 0.174024s
 INFO: Computing semblance for m0 = 2740
 INFO: Total execution time for kernels is 0.171948s
 INFO: Computing semblance for m0 = 2760
 INFO: Total execution time for kernels is 0.166764s
 INFO: Computing semblance for m0 = 2780
 INFO: Total execution time for kernels is 0.171306s
 INFO: Computing semblance for m0 = 2800
 INFO: Total execution time for kernels is 0.170905s
 INFO: Computing semblance for m0 = 2820
 INFO: Total execution time for kernels is 0.173636s
 INFO: Computing semblance for m0 = 2840
 INFO: Total execution time for kernels is 0.169573s
 INFO: Computing semblance for m0 = 2860
 INFO: Total execution time for kernels is 0.175893s
 INFO: Computing semblance for m0 = 2880
 INFO: Total execution time for kernels is 0.175402s
 INFO: Computing semblance for m0 = 2900
 INFO: Total execution time for kernels is 0.176708s
 INFO: Computing semblance for m0 = 2920
 INFO: Total execution time for kernels is 0.172688s
 INFO: Computing semblance for m0 = 2940
 INFO: Total execution time for kernels is 0.175133s
 INFO: Computing semblance for m0 = 2960
 INFO: Total execution time for kernels is 0.173821s
 INFO: Computing semblance for m0 = 2980
 INFO: Total execution time for kernels is 0.17782s
 INFO: Computing semblance for m0 = 3000
 INFO: Total execution time for kernels is 0.170064s
 INFO: Computing semblance for m0 = 3020
 INFO: Total execution time for kernels is 0.173651s
 INFO: Computing semblance for m0 = 3040
 INFO: Total execution time for kernels is 0.172372s
 INFO: Computing semblance for m0 = 3060
 INFO: Total execution time for kernels is 0.175898s
 INFO: Computing semblance for m0 = 3080
 INFO: Total execution time for kernels is 0.166971s
 INFO: Computing semblance for m0 = 3100
 INFO: Total execution time for kernels is 0.172776s
 INFO: Computing semblance for m0 = 3120
 INFO: Total execution time for kernels is 0.17329s
 INFO: Computing semblance for m0 = 3140
 INFO: Total execution time for kernels is 0.17427s
 INFO: Computing semblance for m0 = 3160
 INFO: Total execution time for kernels is 0.168149s
 INFO: Computing semblance for m0 = 3180
 INFO: Total execution time for kernels is 0.173508s
 INFO: Computing semblance for m0 = 3200
 INFO: Total execution time for kernels is 0.173226s
 INFO: Computing semblance for m0 = 3220
 INFO: Total execution time for kernels is 0.173316s
 INFO: Computing semblance for m0 = 3240
 INFO: Total execution time for kernels is 0.168356s
 INFO: Computing semblance for m0 = 3260
 INFO: Total execution time for kernels is 0.173377s
 INFO: Computing semblance for m0 = 3280
 INFO: Total execution time for kernels is 0.172692s
 INFO: Computing semblance for m0 = 3300
 INFO: Total execution time for kernels is 0.169578s
 INFO: Computing semblance for m0 = 3320
 INFO: Total execution time for kernels is 0.17458s
 INFO: Computing semblance for m0 = 3340
 INFO: Total execution time for kernels is 0.174183s
 INFO: Computing semblance for m0 = 3360
 INFO: Total execution time for kernels is 0.174568s
 INFO: Computing semblance for m0 = 3380
 INFO: Total execution time for kernels is 0.169337s
 INFO: Computing semblance for m0 = 3400
 INFO: Total execution time for kernels is 0.176363s
 INFO: Computing semblance for m0 = 3420
 INFO: Total execution time for kernels is 0.173404s
 INFO: Computing semblance for m0 = 3440
 INFO: Total execution time for kernels is 0.172313s
 INFO: Computing semblance for m0 = 3460
 INFO: Total execution time for kernels is 0.168337s
 INFO: Computing semblance for m0 = 3480
 INFO: Total execution time for kernels is 0.175614s
 INFO: Computing semblance for m0 = 3500
 INFO: Total execution time for kernels is 0.172667s
 INFO: Computing semblance for m0 = 3520
 INFO: Total execution time for kernels is 0.166586s
 INFO: Computing semblance for m0 = 3540
 INFO: Total execution time for kernels is 0.171625s
 INFO: Computing semblance for m0 = 3560
 INFO: Total execution time for kernels is 0.170491s
 INFO: Computing semblance for m0 = 3580
 INFO: Total execution time for kernels is 0.170857s
 INFO: Computing semblance for m0 = 3600
 INFO: Total execution time for kernels is 0.166116s
 INFO: Computing semblance for m0 = 3620
 INFO: Total execution time for kernels is 0.170186s
 INFO: Computing semblance for m0 = 3640
 INFO: Total execution time for kernels is 0.171119s
 INFO: Computing semblance for m0 = 3660
 INFO: Total execution time for kernels is 0.172364s
 INFO: Computing semblance for m0 = 3680
 INFO: Total execution time for kernels is 0.166109s
 INFO: Computing semblance for m0 = 3700
 INFO: Total execution time for kernels is 0.172791s
 INFO: Computing semblance for m0 = 3720
 INFO: Total execution time for kernels is 0.174303s
 INFO: Computing semblance for m0 = 3740
 INFO: Total execution time for kernels is 0.173436s
 INFO: Computing semblance for m0 = 3760
 INFO: Total execution time for kernels is 0.171187s
 INFO: Computing semblance for m0 = 3780
 INFO: Total execution time for kernels is 0.174751s
 INFO: Computing semblance for m0 = 3800
 INFO: Total execution time for kernels is 0.174189s
 INFO: Computing semblance for m0 = 3820
 INFO: Total execution time for kernels is 0.173936s
 INFO: Computing semblance for m0 = 3840
 INFO: Total execution time for kernels is 0.168826s
 INFO: Computing semblance for m0 = 3860
 INFO: Total execution time for kernels is 0.174176s
 INFO: Computing semblance for m0 = 3880
 INFO: Total execution time for kernels is 0.17748s
 INFO: Computing semblance for m0 = 3900
 INFO: Total execution time for kernels is 0.17521s
 INFO: Computing semblance for m0 = 3920
 INFO: Total execution time for kernels is 0.167884s
 INFO: Computing semblance for m0 = 3940
 INFO: Total execution time for kernels is 0.174353s
 INFO: Computing semblance for m0 = 3960
 INFO: Total execution time for kernels is 0.173013s
 INFO: Computing semblance for m0 = 3980
 INFO: Total execution time for kernels is 0.17283s
 INFO: Computing semblance for m0 = 4000
 INFO: Total execution time for kernels is 0.166747s
 INFO: Computing semblance for m0 = 4020
 INFO: Total execution time for kernels is 0.172386s
 INFO: Computing semblance for m0 = 4040
 INFO: Total execution time for kernels is 0.172626s
 INFO: Computing semblance for m0 = 4060
 INFO: Total execution time for kernels is 0.172769s
 INFO: Computing semblance for m0 = 4080
 INFO: Total execution time for kernels is 0.168437s
 INFO: Computing semblance for m0 = 4100
 INFO: Total execution time for kernels is 0.17175s
 INFO: Computing semblance for m0 = 4120
 INFO: Total execution time for kernels is 0.173363s
 INFO: Computing semblance for m0 = 4140
 INFO: Total execution time for kernels is 0.174256s
 INFO: Computing semblance for m0 = 4160
 INFO: Total execution time for kernels is 0.169377s
 INFO: Computing semblance for m0 = 4180
 INFO: Total execution time for kernels is 0.173162s
 INFO: Computing semblance for m0 = 4200
 INFO: Total execution time for kernels is 0.173302s
 INFO: Computing semblance for m0 = 4220
 INFO: Total execution time for kernels is 0.174055s
 INFO: Computing semblance for m0 = 4240
 INFO: Total execution time for kernels is 0.168213s
 INFO: Computing semblance for m0 = 4260
 INFO: Total execution time for kernels is 0.175965s
 INFO: Computing semblance for m0 = 4280
 INFO: Total execution time for kernels is 0.177402s
 INFO: Computing semblance for m0 = 4300
 INFO: Total execution time for kernels is 0.175624s
 INFO: Computing semblance for m0 = 4320
 INFO: Total execution time for kernels is 0.171716s
 INFO: Computing semblance for m0 = 4340
 INFO: Total execution time for kernels is 0.176013s
 INFO: Computing semblance for m0 = 4360
 INFO: Total execution time for kernels is 0.178766s
 INFO: Computing semblance for m0 = 4380
 INFO: Total execution time for kernels is 0.175933s
 INFO: Computing semblance for m0 = 4400
 INFO: Total execution time for kernels is 0.170688s
 INFO: Computing semblance for m0 = 4420
 INFO: Total execution time for kernels is 0.174725s
 INFO: Computing semblance for m0 = 4440
 INFO: Total execution time for kernels is 0.175569s
 INFO: Computing semblance for m0 = 4460
 INFO: Total execution time for kernels is 0.174486s
 INFO: Computing semblance for m0 = 4480
 INFO: Total execution time for kernels is 0.168559s
 INFO: Computing semblance for m0 = 4500
 INFO: Total execution time for kernels is 0.174056s
 INFO: Computing semblance for m0 = 4520
 INFO: Total execution time for kernels is 0.177058s
 INFO: Computing semblance for m0 = 4540
 INFO: Total execution time for kernels is 0.17423s
 INFO: Computing semblance for m0 = 4560
 INFO: Total execution time for kernels is 0.171786s
 INFO: Computing semblance for m0 = 4580
 INFO: Total execution time for kernels is 0.173016s
 INFO: Computing semblance for m0 = 4600
 INFO: Total execution time for kernels is 0.174404s
 INFO: Computing semblance for m0 = 4620
 INFO: Total execution time for kernels is 0.174425s
 INFO: Computing semblance for m0 = 4640
 INFO: Total execution time for kernels is 0.169601s
 INFO: Computing semblance for m0 = 4660
 INFO: Total execution time for kernels is 0.175476s
 INFO: Computing semblance for m0 = 4680
 INFO: Total execution time for kernels is 0.176005s
 INFO: Computing semblance for m0 = 4700
 INFO: Total execution time for kernels is 0.173433s
 INFO: Computing semblance for m0 = 4720
 INFO: Total execution time for kernels is 0.167986s
 INFO: Computing semblance for m0 = 4740
 INFO: Total execution time for kernels is 0.174688s
 INFO: Computing semblance for m0 = 4760
 INFO: Total execution time for kernels is 0.175826s
 INFO: Computing semblance for m0 = 4780
 INFO: Total execution time for kernels is 0.174236s
 INFO: Computing semblance for m0 = 4800
 INFO: Total execution time for kernels is 0.170402s
 INFO: Computing semblance for m0 = 4820
 INFO: Total execution time for kernels is 0.174149s
 INFO: Computing semblance for m0 = 4840
 INFO: Total execution time for kernels is 0.173991s
 INFO: Computing semblance for m0 = 4860
 INFO: Total execution time for kernels is 0.174279s
 INFO: Computing semblance for m0 = 4880
 INFO: Total execution time for kernels is 0.169283s
 INFO: Computing semblance for m0 = 4900
 INFO: Total execution time for kernels is 0.173891s
 INFO: Computing semblance for m0 = 4920
 INFO: Total execution time for kernels is 0.176393s
 INFO: Computing semblance for m0 = 4940
 INFO: Total execution time for kernels is 0.175347s
 INFO: Computing semblance for m0 = 4960
 INFO: Total execution time for kernels is 0.170448s
 INFO: Computing semblance for m0 = 4980
 INFO: Total execution time for kernels is 0.173435s
 INFO: Computing semblance for m0 = 5000
 INFO: Total execution time for kernels is 0.176229s
 INFO: Computing semblance for m0 = 5020
 INFO: Total execution time for kernels is 0.174548s
 INFO: Computing semblance for m0 = 5040
 INFO: Total execution time for kernels is 0.171446s
 INFO: Computing semblance for m0 = 5060
 INFO: Total execution time for kernels is 0.174648s
 INFO: Computing semblance for m0 = 5080
 INFO: Total execution time for kernels is 0.178048s
 INFO: Computing semblance for m0 = 5100
 INFO: Total execution time for kernels is 0.170313s
 INFO: Computing semblance for m0 = 5120
 INFO: Total execution time for kernels is 0.175817s
 INFO: Computing semblance for m0 = 5140
 INFO: Total execution time for kernels is 0.176739s
 INFO: Computing semblance for m0 = 5160
 INFO: Total execution time for kernels is 0.178615s
 INFO: Computing semblance for m0 = 5180
 INFO: Total execution time for kernels is 0.170561s
 INFO: Computing semblance for m0 = 5200
 INFO: Total execution time for kernels is 0.174269s
 INFO: Computing semblance for m0 = 5220
 INFO: Total execution time for kernels is 0.175101s
 INFO: Computing semblance for m0 = 5240
 INFO: Total execution time for kernels is 0.176343s
 INFO: Computing semblance for m0 = 5260
 INFO: Total execution time for kernels is 0.169719s
 INFO: Computing semblance for m0 = 5280
 INFO: Total execution time for kernels is 0.174615s
 INFO: Computing semblance for m0 = 5300
 INFO: Total execution time for kernels is 0.17429s
 INFO: Computing semblance for m0 = 5320
 INFO: Total execution time for kernels is 0.175558s
 INFO: Computing semblance for m0 = 5340
 INFO: Total execution time for kernels is 0.168372s
 INFO: Computing semblance for m0 = 5360
 INFO: Total execution time for kernels is 0.174626s
 INFO: Computing semblance for m0 = 5380
 INFO: Total execution time for kernels is 0.173379s
 INFO: Computing semblance for m0 = 5400
 INFO: Total execution time for kernels is 0.175987s
 INFO: Computing semblance for m0 = 5420
 INFO: Total execution time for kernels is 0.171416s
 INFO: Computing semblance for m0 = 5440
 INFO: Total execution time for kernels is 0.173993s
 INFO: Computing semblance for m0 = 5460
 INFO: Total execution time for kernels is 0.172499s
 INFO: Computing semblance for m0 = 5480
 INFO: Total execution time for kernels is 0.175836s
 INFO: Computing semblance for m0 = 5500
 INFO: Total execution time for kernels is 0.171193s
 INFO: Computing semblance for m0 = 5520
 INFO: Total execution time for kernels is 0.175585s
 INFO: Computing semblance for m0 = 5540
 INFO: Total execution time for kernels is 0.174072s
 INFO: Computing semblance for m0 = 5560
 INFO: Total execution time for kernels is 0.169407s
 INFO: Computing semblance for m0 = 5580
 INFO: Total execution time for kernels is 0.179072s
 INFO: Computing semblance for m0 = 5600
 INFO: Total execution time for kernels is 0.176426s
 INFO: Computing semblance for m0 = 5620
 INFO: Total execution time for kernels is 0.174182s
 INFO: Computing semblance for m0 = 5640
 INFO: Total execution time for kernels is 0.169519s
 INFO: Computing semblance for m0 = 5660
 INFO: Total execution time for kernels is 0.177397s
 INFO: Computing semblance for m0 = 5680
 INFO: Total execution time for kernels is 0.176093s
 INFO: Computing semblance for m0 = 5700
 INFO: Total execution time for kernels is 0.175732s
 INFO: Computing semblance for m0 = 5720
 INFO: Total execution time for kernels is 0.170511s
 INFO: Computing semblance for m0 = 5740
 INFO: Total execution time for kernels is 0.177372s
 INFO: Computing semblance for m0 = 5760
 INFO: Total execution time for kernels is 0.177994s
 INFO: Computing semblance for m0 = 5780
 INFO: Total execution time for kernels is 0.174793s
 INFO: Computing semblance for m0 = 5800
 INFO: Total execution time for kernels is 0.172601s
 INFO: Computing semblance for m0 = 5820
 INFO: Total execution time for kernels is 0.177178s
 INFO: Computing semblance for m0 = 5840
 INFO: Total execution time for kernels is 0.176274s
 INFO: Computing semblance for m0 = 5860
 INFO: Total execution time for kernels is 0.177147s
 INFO: Computing semblance for m0 = 5880
 INFO: Total execution time for kernels is 0.173011s
 INFO: Computing semblance for m0 = 5900
 INFO: Total execution time for kernels is 0.177927s
 INFO: Computing semblance for m0 = 5920
 INFO: Total execution time for kernels is 0.175381s
 INFO: Computing semblance for m0 = 5940
 INFO: Total execution time for kernels is 0.176608s
 INFO: Computing semblance for m0 = 5960
 INFO: Total execution time for kernels is 0.173954s
 INFO: Computing semblance for m0 = 5980
 INFO: Total execution time for kernels is 0.177672s
 INFO: Computing semblance for m0 = 6000
 INFO: Total execution time for kernels is 0.17488s
 INFO: Computing semblance for m0 = 6020
 INFO: Total execution time for kernels is 0.176855s
 INFO: Computing semblance for m0 = 6040
 INFO: Total execution time for kernels is 0.168195s
 INFO: Computing semblance for m0 = 6060
 INFO: Total execution time for kernels is 0.175849s
 INFO: Computing semblance for m0 = 6080
 INFO: Total execution time for kernels is 0.173785s
 INFO: Computing semblance for m0 = 6100
 INFO: Total execution time for kernels is 0.174073s
 INFO: Computing semblance for m0 = 6120
 INFO: Total execution time for kernels is 0.170205s
 INFO: Computing semblance for m0 = 6140
 INFO: Total execution time for kernels is 0.175651s
 INFO: Computing semblance for m0 = 6160
 INFO: Total execution time for kernels is 0.173035s
 INFO: Computing semblance for m0 = 6180
 INFO: Total execution time for kernels is 0.173329s
 INFO: Computing semblance for m0 = 6200
 INFO: Total execution time for kernels is 0.168843s
 INFO: Computing semblance for m0 = 6220
 INFO: Total execution time for kernels is 0.17491s
 INFO: Computing semblance for m0 = 6240
 INFO: Total execution time for kernels is 0.173539s
 INFO: Computing semblance for m0 = 6260
 INFO: Total execution time for kernels is 0.174196s
 INFO: Computing semblance for m0 = 6280
 INFO: Total execution time for kernels is 0.169168s
 INFO: Computing semblance for m0 = 6300
 INFO: Total execution time for kernels is 0.175498s
 INFO: Computing semblance for m0 = 6320
 INFO: Total execution time for kernels is 0.173623s
 INFO: Computing semblance for m0 = 6340
 INFO: Total execution time for kernels is 0.174144s
 INFO: Computing semblance for m0 = 6360
 INFO: Total execution time for kernels is 0.171834s
 INFO: Computing semblance for m0 = 6380
 INFO: Total execution time for kernels is 0.175621s
 INFO: Computing semblance for m0 = 6400
 INFO: Total execution time for kernels is 0.173734s
 INFO: Computing semblance for m0 = 6420
 INFO: Total execution time for kernels is 0.17485s
 INFO: Computing semblance for m0 = 6440
 INFO: Total execution time for kernels is 0.170132s
 INFO: Computing semblance for m0 = 6460
 INFO: Total execution time for kernels is 0.17677s
 INFO: Computing semblance for m0 = 6480
 INFO: Total execution time for kernels is 0.173965s
 INFO: Computing semblance for m0 = 6500
 INFO: Total execution time for kernels is 0.174421s
 INFO: Computing semblance for m0 = 6520
 INFO: Total execution time for kernels is 0.170172s
 INFO: Computing semblance for m0 = 6540
 INFO: Total execution time for kernels is 0.173932s
 INFO: Computing semblance for m0 = 6560
 INFO: Total execution time for kernels is 0.179621s
 INFO: Computing semblance for m0 = 6580
 INFO: Total execution time for kernels is 0.173983s
 INFO: Computing semblance for m0 = 6600
 INFO: Total execution time for kernels is 0.172105s
 INFO: Computing semblance for m0 = 6620
 INFO: Total execution time for kernels is 0.17448s
 INFO: Computing semblance for m0 = 6640
 INFO: Total execution time for kernels is 0.17762s
 INFO: Computing semblance for m0 = 6660
 INFO: Total execution time for kernels is 0.17352s
 INFO: Computing semblance for m0 = 6680
 INFO: Total execution time for kernels is 0.170453s
 INFO: Computing semblance for m0 = 6700
 INFO: Total execution time for kernels is 0.175247s
 INFO: Computing semblance for m0 = 6720
 INFO: Total execution time for kernels is 0.177235s
 INFO: Computing semblance for m0 = 6740
 INFO: Total execution time for kernels is 0.169925s
 INFO: Computing semblance for m0 = 6760
 INFO: Total execution time for kernels is 0.173808s
 INFO: Computing semblance for m0 = 6780
 INFO: Total execution time for kernels is 0.175384s
 INFO: Computing semblance for m0 = 6800
 INFO: Total execution time for kernels is 0.17463s
 INFO: Computing semblance for m0 = 6820
 INFO: Total execution time for kernels is 0.170063s
 INFO: Computing semblance for m0 = 6840
 INFO: Total execution time for kernels is 0.174347s
 INFO: Computing semblance for m0 = 6860
 INFO: Total execution time for kernels is 0.17728s
 INFO: Computing semblance for m0 = 6880
 INFO: Total execution time for kernels is 0.174314s
 INFO: Computing semblance for m0 = 6900
 INFO: Total execution time for kernels is 0.170148s
 INFO: Computing semblance for m0 = 6920
 INFO: Total execution time for kernels is 0.173374s
 INFO: Computing semblance for m0 = 6940
 INFO: Total execution time for kernels is 0.174014s
 INFO: Computing semblance for m0 = 6960
 INFO: Total execution time for kernels is 0.176946s
 INFO: Computing semblance for m0 = 6980
 INFO: Total execution time for kernels is 0.170213s
 INFO: Computing semblance for m0 = 7000
 INFO: Total execution time for kernels is 0.17352s
 INFO: Computing semblance for m0 = 7020
 INFO: Total execution time for kernels is 0.175714s
 INFO: Computing semblance for m0 = 7040
 INFO: Total execution time for kernels is 0.179818s
 INFO: Computing semblance for m0 = 7060
 INFO: Total execution time for kernels is 0.171247s
 INFO: Computing semblance for m0 = 7080
 INFO: Total execution time for kernels is 0.174543s
 INFO: Computing semblance for m0 = 7100
 INFO: Total execution time for kernels is 0.176172s
 INFO: Computing semblance for m0 = 7120
 INFO: Total execution time for kernels is 0.178274s
 INFO: Computing semblance for m0 = 7140
 INFO: Total execution time for kernels is 0.172165s
 INFO: Computing semblance for m0 = 7160
 INFO: Total execution time for kernels is 0.1756s
 INFO: Computing semblance for m0 = 7180
 INFO: Total execution time for kernels is 0.176659s
 INFO: Computing semblance for m0 = 7200
 INFO: Total execution time for kernels is 0.177709s
 INFO: Computing semblance for m0 = 7220
 INFO: Total execution time for kernels is 0.173114s
 INFO: Computing semblance for m0 = 7240
 INFO: Total execution time for kernels is 0.174445s
 INFO: Computing semblance for m0 = 7260
 INFO: Total execution time for kernels is 0.176967s
 INFO: Computing semblance for m0 = 7280
 INFO: Total execution time for kernels is 0.177266s
 INFO: Computing semblance for m0 = 7300
 INFO: Total execution time for kernels is 0.171102s
 INFO: Computing semblance for m0 = 7320
 INFO: Total execution time for kernels is 0.175547s
 INFO: Computing semblance for m0 = 7340
 INFO: Total execution time for kernels is 0.174872s
 INFO: Computing semblance for m0 = 7360
 INFO: Total execution time for kernels is 0.178387s
 INFO: Computing semblance for m0 = 7380
 INFO: Total execution time for kernels is 0.170292s
 INFO: Computing semblance for m0 = 7400
 INFO: Total execution time for kernels is 0.176912s
 INFO: Computing semblance for m0 = 7420
 INFO: Total execution time for kernels is 0.174859s
 INFO: Computing semblance for m0 = 7440
 INFO: Total execution time for kernels is 0.179051s
 INFO: Computing semblance for m0 = 7460
 INFO: Total execution time for kernels is 0.169451s
 INFO: Computing semblance for m0 = 7480
 INFO: Total execution time for kernels is 0.176109s
 INFO: Computing semblance for m0 = 7500
 INFO: Total execution time for kernels is 0.176219s
 INFO: Computing semblance for m0 = 7520
 INFO: Total execution time for kernels is 0.178808s
 INFO: Computing semblance for m0 = 7540
 INFO: Total execution time for kernels is 0.172285s
 INFO: Computing semblance for m0 = 7560
 INFO: Total execution time for kernels is 0.175268s
 INFO: Computing semblance for m0 = 7580
 INFO: Total execution time for kernels is 0.177359s
 INFO: Computing semblance for m0 = 7600
 INFO: Total execution time for kernels is 0.17695s
 INFO: Computing semblance for m0 = 7620
 INFO: Total execution time for kernels is 0.170387s
 INFO: Computing semblance for m0 = 7640
 INFO: Total execution time for kernels is 0.175338s
 INFO: Computing semblance for m0 = 7660
 INFO: Total execution time for kernels is 0.17685s
 INFO: Computing semblance for m0 = 7680
 INFO: Total execution time for kernels is 0.176838s
 INFO: Computing semblance for m0 = 7700
 INFO: Total execution time for kernels is 0.171038s
 INFO: Computing semblance for m0 = 7720
 INFO: Total execution time for kernels is 0.174099s
 INFO: Computing semblance for m0 = 7740
 INFO: Total execution time for kernels is 0.17599s
 INFO: Computing semblance for m0 = 7760
 INFO: Total execution time for kernels is 0.170622s
 INFO: Computing semblance for m0 = 7780
 INFO: Total execution time for kernels is 0.177013s
 INFO: Computing semblance for m0 = 7800
 INFO: Total execution time for kernels is 0.174424s
 INFO: Computing semblance for m0 = 7820
 INFO: Total execution time for kernels is 0.175294s
 INFO: Computing semblance for m0 = 7840
 INFO: Total execution time for kernels is 0.171695s
 INFO: Computing semblance for m0 = 7860
 INFO: Total execution time for kernels is 0.17689s
 INFO: Computing semblance for m0 = 7880
 INFO: Total execution time for kernels is 0.174397s
 INFO: Computing semblance for m0 = 7900
 INFO: Total execution time for kernels is 0.175192s
 INFO: Computing semblance for m0 = 7920
 INFO: Total execution time for kernels is 0.171089s
 INFO: Computing semblance for m0 = 7940
 INFO: Total execution time for kernels is 0.17866s
 INFO: Computing semblance for m0 = 7960
 INFO: Total execution time for kernels is 0.176557s
 INFO: Computing semblance for m0 = 7980
 INFO: Total execution time for kernels is 0.175439s
 INFO: Computing semblance for m0 = 8000
 INFO: Total execution time for kernels is 0.169447s
 INFO: Computing semblance for m0 = 8020
 INFO: Total execution time for kernels is 0.174589s
 INFO: Computing semblance for m0 = 8040
 INFO: Total execution time for kernels is 0.174461s
 INFO: Computing semblance for m0 = 8060
 INFO: Total execution time for kernels is 0.173395s
 INFO: Computing semblance for m0 = 8080
 INFO: Total execution time for kernels is 0.16849s
 INFO: Computing semblance for m0 = 8100
 INFO: Total execution time for kernels is 0.174084s
 INFO: Computing semblance for m0 = 8120
 INFO: Total execution time for kernels is 0.172288s
 INFO: Computing semblance for m0 = 8140
 INFO: Total execution time for kernels is 0.169295s
 INFO: Computing semblance for m0 = 8160
 INFO: Total execution time for kernels is 0.173393s
 INFO: Computing semblance for m0 = 8180
 INFO: Total execution time for kernels is 0.174361s
 INFO: Computing semblance for m0 = 8200
 INFO: Total execution time for kernels is 0.173192s
 INFO: Computing semblance for m0 = 8220
 INFO: Total execution time for kernels is 0.169271s
 INFO: Computing semblance for m0 = 8240
 INFO: Total execution time for kernels is 0.173122s
 INFO: Computing semblance for m0 = 8260
 INFO: Total execution time for kernels is 0.176123s
 INFO: Computing semblance for m0 = 8280
 INFO: Total execution time for kernels is 0.172874s
 INFO: Computing semblance for m0 = 8300
 INFO: Total execution time for kernels is 0.169739s
 INFO: Computing semblance for m0 = 8320
 INFO: Total execution time for kernels is 0.172176s
 INFO: Computing semblance for m0 = 8340
 INFO: Total execution time for kernels is 0.176629s
 INFO: Computing semblance for m0 = 8360
 INFO: Total execution time for kernels is 0.17207s
 INFO: Computing semblance for m0 = 8380
 INFO: Total execution time for kernels is 0.166579s
 INFO: Computing semblance for m0 = 8400
 INFO: Total execution time for kernels is 0.173152s
 INFO: Computing semblance for m0 = 8420
 INFO: Total execution time for kernels is 0.17525s
 INFO: Computing semblance for m0 = 8440
 INFO: Total execution time for kernels is 0.17315s
 INFO: Computing semblance for m0 = 8460
 INFO: Total execution time for kernels is 0.170416s
 INFO: Computing semblance for m0 = 8480
 INFO: Total execution time for kernels is 0.174136s
 INFO: Computing semblance for m0 = 8500
 INFO: Total execution time for kernels is 0.175312s
 INFO: Computing semblance for m0 = 8520
 INFO: Total execution time for kernels is 0.174164s
 INFO: Computing semblance for m0 = 8540
 INFO: Total execution time for kernels is 0.168419s
 INFO: Computing semblance for m0 = 8560
 INFO: Total execution time for kernels is 0.173458s
 INFO: Computing semblance for m0 = 8580
 INFO: Total execution time for kernels is 0.175486s
 INFO: Computing semblance for m0 = 8600
 INFO: Total execution time for kernels is 0.172387s
 INFO: Computing semblance for m0 = 8620
 INFO: Total execution time for kernels is 0.170813s
 INFO: Computing semblance for m0 = 8640
 INFO: Total execution time for kernels is 0.17363s
 INFO: Computing semblance for m0 = 8660
 INFO: Total execution time for kernels is 0.175095s
 INFO: Computing semblance for m0 = 8680
 INFO: Total execution time for kernels is 0.173102s
 INFO: Computing semblance for m0 = 8700
 INFO: Total execution time for kernels is 0.167402s
 INFO: Computing semblance for m0 = 8720
 INFO: Total execution time for kernels is 0.172381s
 INFO: Computing semblance for m0 = 8740
 INFO: Total execution time for kernels is 0.175972s
 INFO: Computing semblance for m0 = 8760
 INFO: Total execution time for kernels is 0.17396s
 INFO: Computing semblance for m0 = 8780
 INFO: Total execution time for kernels is 0.169648s
 INFO: Computing semblance for m0 = 8800
 INFO: Total execution time for kernels is 0.173738s
 INFO: Computing semblance for m0 = 8820
 INFO: Total execution time for kernels is 0.175232s
 INFO: Computing semblance for m0 = 8840
 INFO: Total execution time for kernels is 0.173821s
 INFO: Computing semblance for m0 = 8860
 INFO: Total execution time for kernels is 0.169389s
 INFO: Computing semblance for m0 = 8880
 INFO: Total execution time for kernels is 0.174717s
 INFO: Computing semblance for m0 = 8900
 INFO: Total execution time for kernels is 0.173332s
 INFO: Computing semblance for m0 = 8920
 INFO: Total execution time for kernels is 0.173791s
 INFO: Computing semblance for m0 = 8940
 INFO: Total execution time for kernels is 0.170164s
 INFO: Computing semblance for m0 = 8960
 INFO: Total execution time for kernels is 0.174016s
 INFO: Computing semblance for m0 = 8980
 INFO: Total execution time for kernels is 0.175846s
 INFO: Computing semblance for m0 = 9000
 INFO: Total execution time for kernels is 0.174336s
 INFO: Computing semblance for m0 = 9020
 INFO: Total execution time for kernels is 0.168029s
 INFO: Computing semblance for m0 = 9040
 INFO: Total execution time for kernels is 0.173794s
 INFO: Computing semblance for m0 = 9060
 INFO: Total execution time for kernels is 0.172086s
 INFO: Computing semblance for m0 = 9080
 INFO: Total execution time for kernels is 0.169444s
 INFO: Computing semblance for m0 = 9100
 INFO: Total execution time for kernels is 0.162431s
 INFO: Computing semblance for m0 = 9120
 INFO: Total execution time for kernels is 0.16427s
 INFO: Computing semblance for m0 = 9140
 INFO: Total execution time for kernels is 0.165087s
 INFO: Computing semblance for m0 = 9160
 INFO: Total execution time for kernels is 0.162671s
 INFO: Computing semblance for m0 = 9180
 INFO: Total execution time for kernels is 0.15673s
 INFO: Computing semblance for m0 = 9200
 INFO: Total execution time for kernels is 0.156598s
 INFO: Computing semblance for m0 = 9220
 INFO: Total execution time for kernels is 0.154354s
 INFO: Computing semblance for m0 = 9240
 INFO: Total execution time for kernels is 0.146546s
 INFO: Computing semblance for m0 = 9260
 INFO: Total execution time for kernels is 0.140749s
 INFO: Computing semblance for m0 = 9280
 INFO: Total execution time for kernels is 0.140886s
 INFO: Computing semblance for m0 = 9300
 INFO: Total execution time for kernels is 0.137377s
 INFO: Computing semblance for m0 = 9320
 INFO: Total execution time for kernels is 0.132261s
 INFO: Computing semblance for m0 = 9340
 INFO: Total execution time for kernels is 0.123774s
 INFO: Computing semblance for m0 = 9360
 INFO: Total execution time for kernels is 0.123558s
 INFO: Computing semblance for m0 = 9380
 INFO: Total execution time for kernels is 0.114987s
 INFO: Computing semblance for m0 = 9400
 INFO: Total execution time for kernels is 0.119923s
 INFO: Computing semblance for m0 = 9420
 INFO: Total execution time for kernels is 0.108718s
 INFO: Computing semblance for m0 = 9440
 INFO: Total execution time for kernels is 0.10758s
 INFO: Computing semblance for m0 = 9460
 INFO: Total execution time for kernels is 0.0981021s
 INFO: Computing semblance for m0 = 9480
 INFO: Total execution time for kernels is 0.102421s
 INFO: Computing semblance for m0 = 9500
 INFO: Total execution time for kernels is 0.0926756s
 INFO: Computing semblance for m0 = 9520
 INFO: Total execution time for kernels is 0.091131s
 INFO: Computing semblance for m0 = 9540
 INFO: Total execution time for kernels is 0.0830779s
 INFO: Computing semblance for m0 = 9560
 INFO: Total execution time for kernels is 0.0899938s
 INFO: Computing semblance for m0 = 9580
 INFO: Total execution time for kernels is 0.0765623s
 INFO: Computing semblance for m0 = 9600
 INFO: Total execution time for kernels is 0.07392s
 INFO: Computing semblance for m0 = 9620
 INFO: Total execution time for kernels is 0.0609826s
 INFO: Computing semblance for m0 = 9640
 INFO: Total execution time for kernels is 0.0664845s
 INFO: Computing semblance for m0 = 9660
 INFO: Total execution time for kernels is 0.0721036s
 INFO: Computing semblance for m0 = 9680
 INFO: Total execution time for kernels is 0.0597433s
 INFO: Computing semblance for m0 = 9700
 INFO: Total execution time for kernels is 0.0489899s
 INFO: Computing semblance for m0 = 9720
 INFO: Total execution time for kernels is 0.0552036s
 INFO: Computing semblance for m0 = 9740
 INFO: Total execution time for kernels is 0.0538337s
 INFO: Computing semblance for m0 = 9760
 INFO: Total execution time for kernels is 0.0445502s
 INFO: Computing semblance for m0 = 9780
 INFO: Total execution time for kernels is 0.0367502s
 INFO: Computing semblance for m0 = 9800
 INFO: Total execution time for kernels is 0.0353172s
 INFO: Computing semblance for m0 = 9820
 INFO: Total execution time for kernels is 0.0421732s
 INFO: Computing semblance for m0 = 9840
 INFO: Total execution time for kernels is 0.0305709s
 INFO: Computing semblance for m0 = 9860
 INFO: Total execution time for kernels is 0.0212104s
 INFO: Computing semblance for m0 = 9880
 INFO: Total execution time for kernels is 0.0242831s
 INFO: Computing semblance for m0 = 9900
 INFO: Total execution time for kernels is 0.0274698s
 INFO: Computing semblance for m0 = 9920
 INFO: Total execution time for kernels is 0.0109574s
 INFO: Computing semblance for m0 = 9940
 INFO: Total execution time for kernels is 0.0129864s
 INFO: Total execution time for kernels is 0.0182158s
 INFO: Total execution time for kernels is 0.0161697s
 INFO: Total execution time for kernels is 0.00895577s
 INFO: Average of efficiency is 1
 INFO: Average of interpolations_per_sec is 9.60165e+10
 INFO: Average of selected_traces is 309.888
 INFO: Average of total_selection_kernel_exec_time is 0.00309939
 INFO: Average of total_kernel_exec_time is 0.156176
 INFO: Results written to /home/ubuntu/nfs/out/0447d1c_g4dn.12xlarge/zocrs/de/cuda/simple-synthetic_2/simple-synthetic_de_zocrs_20210101_0323/
 INFO: It took 21.3896s to compute.
