 INFO: [readGatherFromFile:119] Number of CDPs = 445
 INFO: [readGatherFromFile:120] Number of traces in the gather = 9200
 INFO: [readGatherFromFile:121] Number of samples per trace = 2502
 INFO: [initialize:24] Initializing traveltime
 INFO: [initialize:28] Factory initialized
 INFO: [create_worker:27] Device count is 0
 INFO: [parseComputeAlgorithm:28] Generations = 32
 INFO: [parseComputeAlgorithm:32] Individuals per population = 32
 INFO: [run:16] m0 = 0
 INFO: [activate:15] Activating GPU#0
 INFO: [activate:15] Activating GPU#0
 INFO: [activate:15] Activating GPU#0
 INFO: [selectTracesToBeUsedForMidpoint:113] Selecting traces for m0 = 0
 INFO: [copyOnlySelectedTracesToDevice:118] Selected 0 traces
 INFO: [copyOnlySelectedTracesToDevice:152] Copy time is 0
 INFO: [selectTracesToBeUsedForMidpoint:181] Execution time for copying traces is 2.6923e-05s
 INFO: [saveStatisticalResults:102] Total execution time for selecting traces is 0.0666021s
 INFO: [saveStatisticalResults:104] Total execution time for kernels is 0.00335169s
 INFO: [run:16] m0 = 1220
 INFO: [activate:15] Activating GPU#0
 INFO: [selectTracesToBeUsedForMidpoint:113] Selecting traces for m0 = 1220
 INFO: [copyOnlySelectedTracesToDevice:118] Selected 496 traces
 INFO: [copyOnlySelectedTracesToDevice:152] Copy time is 0.00623163
 INFO: [selectTracesToBeUsedForMidpoint:181] Execution time for copying traces is 0.00690746s
 INFO: [saveStatisticalResults:102] Total execution time for selecting traces is 0.0677998s
 INFO: [saveStatisticalResults:104] Total execution time for kernels is 0.311062s
 INFO: [run:16] m0 = 1380
 INFO: [activate:15] Activating GPU#0
 INFO: [selectTracesToBeUsedForMidpoint:113] Selecting traces for m0 = 1380
 INFO: [copyOnlySelectedTracesToDevice:118] Selected 630 traces
 INFO: [copyOnlySelectedTracesToDevice:152] Copy time is 0.00828715
 INFO: [selectTracesToBeUsedForMidpoint:181] Execution time for copying traces is 0.00951905s
 INFO: [saveStatisticalResults:102] Total execution time for selecting traces is 0.0620634s
 INFO: [saveStatisticalResults:104] Total execution time for kernels is 0.425438s
 INFO: [run:16] m0 = 1540
 INFO: [activate:15] Activating GPU#0
 INFO: [selectTracesToBeUsedForMidpoint:113] Selecting traces for m0 = 1540
 INFO: [copyOnlySelectedTracesToDevice:118] Selected 780 traces
 INFO: [copyOnlySelectedTracesToDevice:152] Copy time is 0.0103114
 INFO: [selectTracesToBeUsedForMidpoint:181] Execution time for copying traces is 0.0117411s
 INFO: [saveStatisticalResults:102] Total execution time for selecting traces is 0.0652504s
 INFO: [saveStatisticalResults:104] Total execution time for kernels is 0.696493s
 INFO: [run:16] m0 = 1700
 INFO: [activate:15] Activating GPU#0
 INFO: [selectTracesToBeUsedForMidpoint:113] Selecting traces for m0 = 1700
 INFO: [copyOnlySelectedTracesToDevice:118] Selected 946 traces
 INFO: [copyOnlySelectedTracesToDevice:152] Copy time is 0.0123252
 INFO: [selectTracesToBeUsedForMidpoint:181] Execution time for copying traces is 0.0140236s
 INFO: [saveStatisticalResults:102] Total execution time for selecting traces is 0.0677531s
 INFO: [saveStatisticalResults:104] Total execution time for kernels is 0.996275s
 INFO: [run:16] m0 = 1860
 INFO: [activate:15] Activating GPU#0
 INFO: [selectTracesToBeUsedForMidpoint:113] Selecting traces for m0 = 1860
 INFO: [copyOnlySelectedTracesToDevice:118] Selected 1127 traces
 INFO: [copyOnlySelectedTracesToDevice:152] Copy time is 0.0144303
 INFO: [selectTracesToBeUsedForMidpoint:181] Execution time for copying traces is 0.0164258s
 INFO: [saveStatisticalResults:102] Total execution time for selecting traces is 0.0709919s
 INFO: [saveStatisticalResults:104] Total execution time for kernels is 1.30594s
 INFO: [run:16] m0 = 2020
 INFO: [activate:15] Activating GPU#0
 INFO: [selectTracesToBeUsedForMidpoint:113] Selecting traces for m0 = 2020
 INFO: [copyOnlySelectedTracesToDevice:118] Selected 1311 traces
 INFO: [copyOnlySelectedTracesToDevice:152] Copy time is 0.0172859
 INFO: [selectTracesToBeUsedForMidpoint:181] Execution time for copying traces is 0.0195742s
 INFO: [saveStatisticalResults:102] Total execution time for selecting traces is 0.074176s
 INFO: [saveStatisticalResults:104] Total execution time for kernels is 1.49608s
 INFO: [run:16] m0 = 2180
 INFO: [activate:15] Activating GPU#0
 INFO: [selectTracesToBeUsedForMidpoint:113] Selecting traces for m0 = 2180
 INFO: [copyOnlySelectedTracesToDevice:118] Selected 1449 traces
 INFO: [copyOnlySelectedTracesToDevice:152] Copy time is 0.0193578
 INFO: [selectTracesToBeUsedForMidpoint:181] Execution time for copying traces is 0.0218993s
 INFO: [saveStatisticalResults:102] Total execution time for selecting traces is 0.0771417s
 INFO: [saveStatisticalResults:104] Total execution time for kernels is 1.52831s
 INFO: [run:16] m0 = 2340
 INFO: [activate:15] Activating GPU#0
 INFO: [selectTracesToBeUsedForMidpoint:113] Selecting traces for m0 = 2340
 INFO: [copyOnlySelectedTracesToDevice:118] Selected 1449 traces
 INFO: [copyOnlySelectedTracesToDevice:152] Copy time is 0.0191401
 INFO: [selectTracesToBeUsedForMidpoint:181] Execution time for copying traces is 0.0217822s
 INFO: [saveStatisticalResults:102] Total execution time for selecting traces is 0.0770228s
 INFO: [saveStatisticalResults:104] Total execution time for kernels is 1.53809s
 INFO: [run:16] m0 = 2500
 INFO: [activate:15] Activating GPU#0
 INFO: [selectTracesToBeUsedForMidpoint:113] Selecting traces for m0 = 2500
 INFO: [copyOnlySelectedTracesToDevice:118] Selected 1449 traces
 INFO: [copyOnlySelectedTracesToDevice:152] Copy time is 0.0168754
 INFO: [selectTracesToBeUsedForMidpoint:181] Execution time for copying traces is 0.019503s
 INFO: [saveStatisticalResults:102] Total execution time for selecting traces is 0.0747515s
 INFO: [saveStatisticalResults:104] Total execution time for kernels is 1.54325s
 INFO: [run:16] m0 = 2660
 INFO: [activate:15] Activating GPU#0
 INFO: [selectTracesToBeUsedForMidpoint:113] Selecting traces for m0 = 2660
 INFO: [copyOnlySelectedTracesToDevice:118] Selected 1449 traces
 INFO: [copyOnlySelectedTracesToDevice:152] Copy time is 0.0187622
 INFO: [selectTracesToBeUsedForMidpoint:181] Execution time for copying traces is 0.0213968s
 INFO: [saveStatisticalResults:102] Total execution time for selecting traces is 0.0778454s
 INFO: [saveStatisticalResults:104] Total execution time for kernels is 1.54826s
 INFO: [run:16] m0 = 2820
 INFO: [activate:15] Activating GPU#0
 INFO: [selectTracesToBeUsedForMidpoint:113] Selecting traces for m0 = 2820
 INFO: [copyOnlySelectedTracesToDevice:118] Selected 1449 traces
 INFO: [copyOnlySelectedTracesToDevice:152] Copy time is 0.0190095
 INFO: [selectTracesToBeUsedForMidpoint:181] Execution time for copying traces is 0.0216645s
 INFO: [saveStatisticalResults:102] Total execution time for selecting traces is 0.0769491s
 INFO: [saveStatisticalResults:104] Total execution time for kernels is 1.54034s
 INFO: [run:16] m0 = 2980
 INFO: [activate:15] Activating GPU#0
 INFO: [selectTracesToBeUsedForMidpoint:113] Selecting traces for m0 = 2980
 INFO: [copyOnlySelectedTracesToDevice:118] Selected 1449 traces
 INFO: [copyOnlySelectedTracesToDevice:152] Copy time is 0.0176029
 INFO: [selectTracesToBeUsedForMidpoint:181] Execution time for copying traces is 0.0202578s
 INFO: [saveStatisticalResults:102] Total execution time for selecting traces is 0.0751596s
 INFO: [saveStatisticalResults:104] Total execution time for kernels is 1.5446s
 INFO: [run:16] m0 = 3140
 INFO: [activate:15] Activating GPU#0
 INFO: [selectTracesToBeUsedForMidpoint:113] Selecting traces for m0 = 3140
 INFO: [copyOnlySelectedTracesToDevice:118] Selected 1449 traces
 INFO: [copyOnlySelectedTracesToDevice:152] Copy time is 0.0187157
 INFO: [selectTracesToBeUsedForMidpoint:181] Execution time for copying traces is 0.0213742s
 INFO: [saveStatisticalResults:102] Total execution time for selecting traces is 0.0761922s
 INFO: [saveStatisticalResults:104] Total execution time for kernels is 1.54168s
 INFO: [run:16] m0 = 3300
 INFO: [activate:15] Activating GPU#0
 INFO: [selectTracesToBeUsedForMidpoint:113] Selecting traces for m0 = 3300
 INFO: [copyOnlySelectedTracesToDevice:118] Selected 1449 traces
 INFO: [copyOnlySelectedTracesToDevice:152] Copy time is 0.0189459
 INFO: [selectTracesToBeUsedForMidpoint:181] Execution time for copying traces is 0.0215983s
 INFO: [saveStatisticalResults:102] Total execution time for selecting traces is 0.0769275s
 INFO: [saveStatisticalResults:104] Total execution time for kernels is 1.539s
 INFO: [run:16] m0 = 3460
 INFO: [activate:15] Activating GPU#0
 INFO: [selectTracesToBeUsedForMidpoint:113] Selecting traces for m0 = 3460
 INFO: [copyOnlySelectedTracesToDevice:118] Selected 1449 traces
 INFO: [copyOnlySelectedTracesToDevice:152] Copy time is 0.0189673
 INFO: [selectTracesToBeUsedForMidpoint:181] Execution time for copying traces is 0.0216025s
 INFO: [saveStatisticalResults:102] Total execution time for selecting traces is 0.0780284s
 INFO: [saveStatisticalResults:104] Total execution time for kernels is 1.53614s
 INFO: [run:16] m0 = 3620
 INFO: [activate:15] Activating GPU#0
 INFO: [selectTracesToBeUsedForMidpoint:113] Selecting traces for m0 = 3620
 INFO: [copyOnlySelectedTracesToDevice:118] Selected 1449 traces
 INFO: [copyOnlySelectedTracesToDevice:152] Copy time is 0.0189505
 INFO: [selectTracesToBeUsedForMidpoint:181] Execution time for copying traces is 0.0215951s
 INFO: [saveStatisticalResults:102] Total execution time for selecting traces is 0.0768528s
 INFO: [saveStatisticalResults:104] Total execution time for kernels is 1.5218s
 INFO: [run:16] m0 = 3780
 INFO: [activate:15] Activating GPU#0
 INFO: [selectTracesToBeUsedForMidpoint:113] Selecting traces for m0 = 3780
 INFO: [copyOnlySelectedTracesToDevice:118] Selected 1449 traces
 INFO: [copyOnlySelectedTracesToDevice:152] Copy time is 0.018947
 INFO: [selectTracesToBeUsedForMidpoint:181] Execution time for copying traces is 0.0216163s
 INFO: [saveStatisticalResults:102] Total execution time for selecting traces is 0.0768697s
 INFO: [saveStatisticalResults:104] Total execution time for kernels is 1.52568s
 INFO: [run:16] m0 = 3940
 INFO: [activate:15] Activating GPU#0
 INFO: [selectTracesToBeUsedForMidpoint:113] Selecting traces for m0 = 3940
 INFO: [copyOnlySelectedTracesToDevice:118] Selected 1449 traces
 INFO: [copyOnlySelectedTracesToDevice:152] Copy time is 0.018847
 INFO: [selectTracesToBeUsedForMidpoint:181] Execution time for copying traces is 0.0215004s
 INFO: [saveStatisticalResults:102] Total execution time for selecting traces is 0.0778642s
 INFO: [saveStatisticalResults:104] Total execution time for kernels is 1.54109s
 INFO: [run:16] m0 = 4100
 INFO: [activate:15] Activating GPU#0
 INFO: [selectTracesToBeUsedForMidpoint:113] Selecting traces for m0 = 4100
 INFO: [copyOnlySelectedTracesToDevice:118] Selected 1449 traces
 INFO: [copyOnlySelectedTracesToDevice:152] Copy time is 0.0189472
 INFO: [selectTracesToBeUsedForMidpoint:181] Execution time for copying traces is 0.0216193s
 INFO: [saveStatisticalResults:102] Total execution time for selecting traces is 0.0780689s
 INFO: [saveStatisticalResults:104] Total execution time for kernels is 1.52997s
 INFO: [run:16] m0 = 4260
 INFO: [activate:15] Activating GPU#0
 INFO: [selectTracesToBeUsedForMidpoint:113] Selecting traces for m0 = 4260
 INFO: [copyOnlySelectedTracesToDevice:118] Selected 1449 traces
 INFO: [copyOnlySelectedTracesToDevice:152] Copy time is 0.0167906
 INFO: [selectTracesToBeUsedForMidpoint:181] Execution time for copying traces is 0.0194439s
 INFO: [saveStatisticalResults:102] Total execution time for selecting traces is 0.0758737s
 INFO: [saveStatisticalResults:104] Total execution time for kernels is 1.53879s
 INFO: [run:16] m0 = 4420
 INFO: [activate:15] Activating GPU#0
 INFO: [selectTracesToBeUsedForMidpoint:113] Selecting traces for m0 = 4420
 INFO: [copyOnlySelectedTracesToDevice:118] Selected 1449 traces
 INFO: [copyOnlySelectedTracesToDevice:152] Copy time is 0.0189164
 INFO: [selectTracesToBeUsedForMidpoint:181] Execution time for copying traces is 0.0216094s
 INFO: [saveStatisticalResults:102] Total execution time for selecting traces is 0.076493s
 INFO: [saveStatisticalResults:104] Total execution time for kernels is 1.53951s
 INFO: [run:16] m0 = 4580
 INFO: [activate:15] Activating GPU#0
 INFO: [selectTracesToBeUsedForMidpoint:113] Selecting traces for m0 = 4580
 INFO: [copyOnlySelectedTracesToDevice:118] Selected 1449 traces
 INFO: [copyOnlySelectedTracesToDevice:152] Copy time is 0.0194142
 INFO: [selectTracesToBeUsedForMidpoint:181] Execution time for copying traces is 0.0221226s
 INFO: [saveStatisticalResults:102] Total execution time for selecting traces is 0.0781137s
 INFO: [saveStatisticalResults:104] Total execution time for kernels is 1.54485s
 INFO: [run:16] m0 = 4740
 INFO: [activate:15] Activating GPU#0
 INFO: [selectTracesToBeUsedForMidpoint:113] Selecting traces for m0 = 4740
 INFO: [copyOnlySelectedTracesToDevice:118] Selected 1449 traces
 INFO: [copyOnlySelectedTracesToDevice:152] Copy time is 0.017816
 INFO: [selectTracesToBeUsedForMidpoint:181] Execution time for copying traces is 0.0204737s
 INFO: [saveStatisticalResults:102] Total execution time for selecting traces is 0.0769408s
 INFO: [saveStatisticalResults:104] Total execution time for kernels is 1.53841s
 INFO: [run:16] m0 = 4900
 INFO: [activate:15] Activating GPU#0
 INFO: [selectTracesToBeUsedForMidpoint:113] Selecting traces for m0 = 4900
 INFO: [copyOnlySelectedTracesToDevice:118] Selected 1449 traces
 INFO: [copyOnlySelectedTracesToDevice:152] Copy time is 0.0189817
 INFO: [selectTracesToBeUsedForMidpoint:181] Execution time for copying traces is 0.0216481s
 INFO: [saveStatisticalResults:102] Total execution time for selecting traces is 0.0781492s
 INFO: [saveStatisticalResults:104] Total execution time for kernels is 1.55135s
 INFO: [run:16] m0 = 5060
 INFO: [activate:15] Activating GPU#0
 INFO: [selectTracesToBeUsedForMidpoint:113] Selecting traces for m0 = 5060
 INFO: [copyOnlySelectedTracesToDevice:118] Selected 1449 traces
 INFO: [copyOnlySelectedTracesToDevice:152] Copy time is 0.0188971
 INFO: [selectTracesToBeUsedForMidpoint:181] Execution time for copying traces is 0.021503s
 INFO: [saveStatisticalResults:102] Total execution time for selecting traces is 0.0758298s
 INFO: [saveStatisticalResults:104] Total execution time for kernels is 1.55757s
 INFO: [run:16] m0 = 5220
 INFO: [activate:15] Activating GPU#0
 INFO: [selectTracesToBeUsedForMidpoint:113] Selecting traces for m0 = 5220
 INFO: [copyOnlySelectedTracesToDevice:118] Selected 1449 traces
 INFO: [copyOnlySelectedTracesToDevice:152] Copy time is 0.0187184
 INFO: [selectTracesToBeUsedForMidpoint:181] Execution time for copying traces is 0.0213639s
 INFO: [saveStatisticalResults:102] Total execution time for selecting traces is 0.0766431s
 INFO: [saveStatisticalResults:104] Total execution time for kernels is 1.55499s
 INFO: [run:16] m0 = 5380
 INFO: [activate:15] Activating GPU#0
 INFO: [selectTracesToBeUsedForMidpoint:113] Selecting traces for m0 = 5380
 INFO: [copyOnlySelectedTracesToDevice:118] Selected 1449 traces
 INFO: [copyOnlySelectedTracesToDevice:152] Copy time is 0.0190897
 INFO: [selectTracesToBeUsedForMidpoint:181] Execution time for copying traces is 0.0217169s
 INFO: [saveStatisticalResults:102] Total execution time for selecting traces is 0.0770492s
 INFO: [saveStatisticalResults:104] Total execution time for kernels is 1.54619s
 INFO: [run:16] m0 = 5540
 INFO: [activate:15] Activating GPU#0
 INFO: [selectTracesToBeUsedForMidpoint:113] Selecting traces for m0 = 5540
 INFO: [copyOnlySelectedTracesToDevice:118] Selected 1449 traces
 INFO: [copyOnlySelectedTracesToDevice:152] Copy time is 0.0189907
 INFO: [selectTracesToBeUsedForMidpoint:181] Execution time for copying traces is 0.0216559s
 INFO: [saveStatisticalResults:102] Total execution time for selecting traces is 0.0780942s
 INFO: [saveStatisticalResults:104] Total execution time for kernels is 1.5433s
 INFO: [run:16] m0 = 5700
 INFO: [activate:15] Activating GPU#0
 INFO: [selectTracesToBeUsedForMidpoint:113] Selecting traces for m0 = 5700
 INFO: [copyOnlySelectedTracesToDevice:118] Selected 1449 traces
 INFO: [copyOnlySelectedTracesToDevice:152] Copy time is 0.0191681
 INFO: [selectTracesToBeUsedForMidpoint:181] Execution time for copying traces is 0.0218961s
 INFO: [saveStatisticalResults:102] Total execution time for selecting traces is 0.0784101s
 INFO: [saveStatisticalResults:104] Total execution time for kernels is 1.55357s
 INFO: [run:16] m0 = 5860
 INFO: [activate:15] Activating GPU#0
 INFO: [selectTracesToBeUsedForMidpoint:113] Selecting traces for m0 = 5860
 INFO: [copyOnlySelectedTracesToDevice:118] Selected 1449 traces
 INFO: [copyOnlySelectedTracesToDevice:152] Copy time is 0.0188758
 INFO: [selectTracesToBeUsedForMidpoint:181] Execution time for copying traces is 0.0215305s
 INFO: [saveStatisticalResults:102] Total execution time for selecting traces is 0.0742752s
 INFO: [saveStatisticalResults:104] Total execution time for kernels is 1.55513s
 INFO: [run:16] m0 = 6020
 INFO: [activate:15] Activating GPU#0
 INFO: [selectTracesToBeUsedForMidpoint:113] Selecting traces for m0 = 6020
 INFO: [copyOnlySelectedTracesToDevice:118] Selected 1449 traces
 INFO: [copyOnlySelectedTracesToDevice:152] Copy time is 0.0168399
 INFO: [selectTracesToBeUsedForMidpoint:181] Execution time for copying traces is 0.0194837s
 INFO: [saveStatisticalResults:102] Total execution time for selecting traces is 0.0743079s
 INFO: [saveStatisticalResults:104] Total execution time for kernels is 1.53227s
 INFO: [run:16] m0 = 6180
 INFO: [activate:15] Activating GPU#0
 INFO: [selectTracesToBeUsedForMidpoint:113] Selecting traces for m0 = 6180
 INFO: [copyOnlySelectedTracesToDevice:118] Selected 1449 traces
 INFO: [copyOnlySelectedTracesToDevice:152] Copy time is 0.0189426
 INFO: [selectTracesToBeUsedForMidpoint:181] Execution time for copying traces is 0.0215951s
 INFO: [saveStatisticalResults:102] Total execution time for selecting traces is 0.0769312s
 INFO: [saveStatisticalResults:104] Total execution time for kernels is 1.54676s
 INFO: [run:16] m0 = 6340
 INFO: [activate:15] Activating GPU#0
 INFO: [selectTracesToBeUsedForMidpoint:113] Selecting traces for m0 = 6340
 INFO: [copyOnlySelectedTracesToDevice:118] Selected 1449 traces
 INFO: [copyOnlySelectedTracesToDevice:152] Copy time is 0.0189323
 INFO: [selectTracesToBeUsedForMidpoint:181] Execution time for copying traces is 0.0215709s
 INFO: [saveStatisticalResults:102] Total execution time for selecting traces is 0.0768794s
 INFO: [saveStatisticalResults:104] Total execution time for kernels is 1.54803s
 INFO: [run:16] m0 = 6500
 INFO: [activate:15] Activating GPU#0
 INFO: [selectTracesToBeUsedForMidpoint:113] Selecting traces for m0 = 6500
 INFO: [copyOnlySelectedTracesToDevice:118] Selected 1449 traces
 INFO: [copyOnlySelectedTracesToDevice:152] Copy time is 0.0185363
 INFO: [selectTracesToBeUsedForMidpoint:181] Execution time for copying traces is 0.0211655s
 INFO: [saveStatisticalResults:102] Total execution time for selecting traces is 0.0764794s
 INFO: [saveStatisticalResults:104] Total execution time for kernels is 1.55306s
 INFO: [run:16] m0 = 6660
 INFO: [activate:15] Activating GPU#0
 INFO: [selectTracesToBeUsedForMidpoint:113] Selecting traces for m0 = 6660
 INFO: [copyOnlySelectedTracesToDevice:118] Selected 1449 traces
 INFO: [copyOnlySelectedTracesToDevice:152] Copy time is 0.0187511
 INFO: [selectTracesToBeUsedForMidpoint:181] Execution time for copying traces is 0.0213543s
 INFO: [saveStatisticalResults:102] Total execution time for selecting traces is 0.0744931s
 INFO: [saveStatisticalResults:104] Total execution time for kernels is 1.5561s
 INFO: [run:16] m0 = 6820
 INFO: [activate:15] Activating GPU#0
 INFO: [selectTracesToBeUsedForMidpoint:113] Selecting traces for m0 = 6820
 INFO: [copyOnlySelectedTracesToDevice:118] Selected 1449 traces
 INFO: [copyOnlySelectedTracesToDevice:152] Copy time is 0.0188958
 INFO: [selectTracesToBeUsedForMidpoint:181] Execution time for copying traces is 0.0215781s
 INFO: [saveStatisticalResults:102] Total execution time for selecting traces is 0.078022s
 INFO: [saveStatisticalResults:104] Total execution time for kernels is 1.55012s
 INFO: [run:16] m0 = 6980
 INFO: [activate:15] Activating GPU#0
 INFO: [selectTracesToBeUsedForMidpoint:113] Selecting traces for m0 = 6980
 INFO: [copyOnlySelectedTracesToDevice:118] Selected 1449 traces
 INFO: [copyOnlySelectedTracesToDevice:152] Copy time is 0.0190548
 INFO: [selectTracesToBeUsedForMidpoint:181] Execution time for copying traces is 0.0217496s
 INFO: [saveStatisticalResults:102] Total execution time for selecting traces is 0.0782494s
 INFO: [saveStatisticalResults:104] Total execution time for kernels is 1.56386s
 INFO: [run:16] m0 = 7140
 INFO: [activate:15] Activating GPU#0
 INFO: [selectTracesToBeUsedForMidpoint:113] Selecting traces for m0 = 7140
 INFO: [copyOnlySelectedTracesToDevice:118] Selected 1449 traces
 INFO: [copyOnlySelectedTracesToDevice:152] Copy time is 0.0189587
 INFO: [selectTracesToBeUsedForMidpoint:181] Execution time for copying traces is 0.0216319s
 INFO: [saveStatisticalResults:102] Total execution time for selecting traces is 0.0781515s
 INFO: [saveStatisticalResults:104] Total execution time for kernels is 1.56478s
 INFO: [run:16] m0 = 7300
 INFO: [activate:15] Activating GPU#0
 INFO: [selectTracesToBeUsedForMidpoint:113] Selecting traces for m0 = 7300
 INFO: [copyOnlySelectedTracesToDevice:118] Selected 1449 traces
 INFO: [copyOnlySelectedTracesToDevice:152] Copy time is 0.0187499
 INFO: [selectTracesToBeUsedForMidpoint:181] Execution time for copying traces is 0.0213965s
 INFO: [saveStatisticalResults:102] Total execution time for selecting traces is 0.0775299s
 INFO: [saveStatisticalResults:104] Total execution time for kernels is 1.56821s
 INFO: [run:16] m0 = 7460
 INFO: [activate:15] Activating GPU#0
 INFO: [selectTracesToBeUsedForMidpoint:113] Selecting traces for m0 = 7460
 INFO: [copyOnlySelectedTracesToDevice:118] Selected 1449 traces
 INFO: [copyOnlySelectedTracesToDevice:152] Copy time is 0.0188678
 INFO: [selectTracesToBeUsedForMidpoint:181] Execution time for copying traces is 0.0214625s
 INFO: [saveStatisticalResults:102] Total execution time for selecting traces is 0.0740442s
 INFO: [saveStatisticalResults:104] Total execution time for kernels is 1.56721s
 INFO: [run:16] m0 = 7620
 INFO: [activate:15] Activating GPU#0
 INFO: [selectTracesToBeUsedForMidpoint:113] Selecting traces for m0 = 7620
 INFO: [copyOnlySelectedTracesToDevice:118] Selected 1449 traces
 INFO: [copyOnlySelectedTracesToDevice:152] Copy time is 0.0190165
 INFO: [selectTracesToBeUsedForMidpoint:181] Execution time for copying traces is 0.021661s
 INFO: [saveStatisticalResults:102] Total execution time for selecting traces is 0.0781206s
 INFO: [saveStatisticalResults:104] Total execution time for kernels is 1.56714s
 INFO: [run:16] m0 = 7780
 INFO: [activate:15] Activating GPU#0
 INFO: [selectTracesToBeUsedForMidpoint:113] Selecting traces for m0 = 7780
 INFO: [copyOnlySelectedTracesToDevice:118] Selected 1449 traces
 INFO: [copyOnlySelectedTracesToDevice:152] Copy time is 0.0166735
 INFO: [selectTracesToBeUsedForMidpoint:181] Execution time for copying traces is 0.0193447s
 INFO: [saveStatisticalResults:102] Total execution time for selecting traces is 0.0759432s
 INFO: [saveStatisticalResults:104] Total execution time for kernels is 1.56505s
 INFO: [run:16] m0 = 7940
 INFO: [activate:15] Activating GPU#0
 INFO: [selectTracesToBeUsedForMidpoint:113] Selecting traces for m0 = 7940
 INFO: [copyOnlySelectedTracesToDevice:118] Selected 1449 traces
 INFO: [copyOnlySelectedTracesToDevice:152] Copy time is 0.0189551
 INFO: [selectTracesToBeUsedForMidpoint:181] Execution time for copying traces is 0.0216078s
 INFO: [saveStatisticalResults:102] Total execution time for selecting traces is 0.078194s
 INFO: [saveStatisticalResults:104] Total execution time for kernels is 1.55727s
 INFO: [run:16] m0 = 8100
 INFO: [activate:15] Activating GPU#0
 INFO: [selectTracesToBeUsedForMidpoint:113] Selecting traces for m0 = 8100
 INFO: [copyOnlySelectedTracesToDevice:118] Selected 1443 traces
 INFO: [copyOnlySelectedTracesToDevice:152] Copy time is 0.016686
 INFO: [selectTracesToBeUsedForMidpoint:181] Execution time for copying traces is 0.019351s
 INFO: [saveStatisticalResults:102] Total execution time for selecting traces is 0.0746967s
 INFO: [saveStatisticalResults:104] Total execution time for kernels is 1.55582s
 INFO: [run:16] m0 = 8260
 INFO: [activate:15] Activating GPU#0
 INFO: [selectTracesToBeUsedForMidpoint:113] Selecting traces for m0 = 8260
 INFO: [copyOnlySelectedTracesToDevice:118] Selected 1421 traces
 INFO: [copyOnlySelectedTracesToDevice:152] Copy time is 0.0166218
 INFO: [selectTracesToBeUsedForMidpoint:181] Execution time for copying traces is 0.0192275s
 INFO: [saveStatisticalResults:102] Total execution time for selecting traces is 0.0745507s
 INFO: [saveStatisticalResults:104] Total execution time for kernels is 1.5519s
 INFO: [run:16] m0 = 8420
 INFO: [activate:15] Activating GPU#0
 INFO: [selectTracesToBeUsedForMidpoint:113] Selecting traces for m0 = 8420
 INFO: [copyOnlySelectedTracesToDevice:118] Selected 1383 traces
 INFO: [copyOnlySelectedTracesToDevice:152] Copy time is 0.0161232
 INFO: [selectTracesToBeUsedForMidpoint:181] Execution time for copying traces is 0.0186447s
 INFO: [saveStatisticalResults:102] Total execution time for selecting traces is 0.072739s
 INFO: [saveStatisticalResults:104] Total execution time for kernels is 1.52726s
 INFO: [run:16] m0 = 8580
 INFO: [activate:15] Activating GPU#0
 INFO: [selectTracesToBeUsedForMidpoint:113] Selecting traces for m0 = 8580
 INFO: [copyOnlySelectedTracesToDevice:118] Selected 1329 traces
 INFO: [copyOnlySelectedTracesToDevice:152] Copy time is 0.0153623
 INFO: [selectTracesToBeUsedForMidpoint:181] Execution time for copying traces is 0.0178605s
 INFO: [saveStatisticalResults:102] Total execution time for selecting traces is 0.0744206s
 INFO: [saveStatisticalResults:104] Total execution time for kernels is 1.51182s
 INFO: [run:16] m0 = 8740
 INFO: [activate:15] Activating GPU#0
 INFO: [selectTracesToBeUsedForMidpoint:113] Selecting traces for m0 = 8740
 INFO: [copyOnlySelectedTracesToDevice:118] Selected 1259 traces
 INFO: [copyOnlySelectedTracesToDevice:152] Copy time is 0.014663
 INFO: [selectTracesToBeUsedForMidpoint:181] Execution time for copying traces is 0.017048s
 INFO: [saveStatisticalResults:102] Total execution time for selecting traces is 0.0720159s
 INFO: [saveStatisticalResults:104] Total execution time for kernels is 1.45196s
 INFO: [run:16] m0 = 8900
 INFO: [activate:15] Activating GPU#0
 INFO: [selectTracesToBeUsedForMidpoint:113] Selecting traces for m0 = 8900
 INFO: [copyOnlySelectedTracesToDevice:118] Selected 1173 traces
 INFO: [copyOnlySelectedTracesToDevice:152] Copy time is 0.0136755
 INFO: [selectTracesToBeUsedForMidpoint:181] Execution time for copying traces is 0.0159751s
 INFO: [saveStatisticalResults:102] Total execution time for selecting traces is 0.0719999s
 INFO: [saveStatisticalResults:104] Total execution time for kernels is 1.36646s
 INFO: [run:16] m0 = 9060
 INFO: [activate:15] Activating GPU#0
 INFO: [selectTracesToBeUsedForMidpoint:113] Selecting traces for m0 = 9060
 INFO: [copyOnlySelectedTracesToDevice:118] Selected 1071 traces
 INFO: [copyOnlySelectedTracesToDevice:152] Copy time is 0.0124663
 INFO: [selectTracesToBeUsedForMidpoint:181] Execution time for copying traces is 0.0145253s
 INFO: [saveStatisticalResults:102] Total execution time for selecting traces is 0.0677059s
 INFO: [saveStatisticalResults:104] Total execution time for kernels is 1.21567s
 INFO: [run:16] m0 = 9220
 INFO: [activate:15] Activating GPU#0
 INFO: [selectTracesToBeUsedForMidpoint:113] Selecting traces for m0 = 9220
 INFO: [copyOnlySelectedTracesToDevice:118] Selected 953 traces
 INFO: [copyOnlySelectedTracesToDevice:152] Copy time is 0.0111985
 INFO: [selectTracesToBeUsedForMidpoint:181] Execution time for copying traces is 0.0131908s
 INFO: [saveStatisticalResults:102] Total execution time for selecting traces is 0.0697281s
 INFO: [saveStatisticalResults:104] Total execution time for kernels is 1.03401s
 INFO: [run:16] m0 = 9380
 INFO: [activate:15] Activating GPU#0
 INFO: [selectTracesToBeUsedForMidpoint:113] Selecting traces for m0 = 9380
 INFO: [copyOnlySelectedTracesToDevice:118] Selected 819 traces
 INFO: [copyOnlySelectedTracesToDevice:152] Copy time is 0.00963047
 INFO: [selectTracesToBeUsedForMidpoint:181] Execution time for copying traces is 0.0113994s
 INFO: [saveStatisticalResults:102] Total execution time for selecting traces is 0.067983s
 INFO: [saveStatisticalResults:104] Total execution time for kernels is 0.793427s
 INFO: [run:16] m0 = 9540
 INFO: [activate:15] Activating GPU#0
 INFO: [selectTracesToBeUsedForMidpoint:113] Selecting traces for m0 = 9540
 INFO: [copyOnlySelectedTracesToDevice:118] Selected 669 traces
 INFO: [copyOnlySelectedTracesToDevice:152] Copy time is 0.00781667
 INFO: [selectTracesToBeUsedForMidpoint:181] Execution time for copying traces is 0.0093844s
 INFO: [saveStatisticalResults:102] Total execution time for selecting traces is 0.0659707s
 INFO: [saveStatisticalResults:104] Total execution time for kernels is 0.533336s
 INFO: [run:16] m0 = 9700
 INFO: [activate:15] Activating GPU#0
 INFO: [selectTracesToBeUsedForMidpoint:113] Selecting traces for m0 = 9700
 INFO: [copyOnlySelectedTracesToDevice:118] Selected 503 traces
 INFO: [copyOnlySelectedTracesToDevice:152] Copy time is 0.00585827
 INFO: [selectTracesToBeUsedForMidpoint:181] Execution time for copying traces is 0.00718738s
 INFO: [saveStatisticalResults:102] Total execution time for selecting traces is 0.0652886s
 INFO: [saveStatisticalResults:104] Total execution time for kernels is 0.299031s
 INFO: [run:16] m0 = 9860
 INFO: [activate:15] Activating GPU#0
 INFO: [selectTracesToBeUsedForMidpoint:113] Selecting traces for m0 = 9860
 INFO: [copyOnlySelectedTracesToDevice:118] Selected 322 traces
 INFO: [copyOnlySelectedTracesToDevice:152] Copy time is 0.00376144
 INFO: [selectTracesToBeUsedForMidpoint:181] Execution time for copying traces is 0.00475535s
 INFO: [saveStatisticalResults:102] Total execution time for selecting traces is 0.0591224s
 INFO: [saveStatisticalResults:104] Total execution time for kernels is 0.120615s
 INFO: [run:16] m0 = 9880
 INFO: [activate:15] Activating GPU#0
 INFO: [selectTracesToBeUsedForMidpoint:113] Selecting traces for m0 = 9880
 INFO: [copyOnlySelectedTracesToDevice:118] Selected 276 traces
 INFO: [copyOnlySelectedTracesToDevice:152] Copy time is 0.00323567
 INFO: [selectTracesToBeUsedForMidpoint:181] Execution time for copying traces is 0.00403947s
 INFO: [saveStatisticalResults:102] Total execution time for selecting traces is 0.057247s
 INFO: [saveStatisticalResults:104] Total execution time for kernels is 0.103049s
