 INFO: Number of CDPs = 445
 INFO: Number of traces in the gather = 9200
 INFO: Number of samples per trace = 2502
 INFO: Starting worker threads...
 INFO: Computing semblance for m0 = 0
 INFO: Total execution time for kernels is 0.00148535s
 INFO: Computing semblance for m0 = 1080
 INFO: Total execution time for kernels is 0.0232635s
 INFO: Computing semblance for m0 = 1100
 INFO: Total execution time for kernels is 0.0285392s
 INFO: Computing semblance for m0 = 1120
 INFO: Total execution time for kernels is 0.0336852s
 INFO: Computing semblance for m0 = 1140
 INFO: Total execution time for kernels is 0.0399817s
 INFO: Computing semblance for m0 = 1160
 INFO: Total execution time for kernels is 0.0462181s
 INFO: Computing semblance for m0 = 1180
 INFO: Total execution time for kernels is 0.0351729s
 INFO: Computing semblance for m0 = 1200
 INFO: Total execution time for kernels is 0.0282369s
 INFO: Computing semblance for m0 = 1220
 INFO: Total execution time for kernels is 0.0320108s
 INFO: Computing semblance for m0 = 1240
 INFO: Total execution time for kernels is 0.034834s
 INFO: Computing semblance for m0 = 1260
 INFO: Total execution time for kernels is 0.0384035s
 INFO: Computing semblance for m0 = 1280
 INFO: Total execution time for kernels is 0.0421725s
 INFO: Computing semblance for m0 = 1300
 INFO: Total execution time for kernels is 0.0456478s
 INFO: Computing semblance for m0 = 1320
 INFO: Total execution time for kernels is 0.0491926s
 INFO: Computing semblance for m0 = 1340
 INFO: Total execution time for kernels is 0.0528037s
 INFO: Computing semblance for m0 = 1360
 INFO: Total execution time for kernels is 0.0553526s
 INFO: Computing semblance for m0 = 1380
 INFO: Total execution time for kernels is 0.0596462s
 INFO: Computing semblance for m0 = 1400
 INFO: Total execution time for kernels is 0.0619828s
 INFO: Computing semblance for m0 = 1420
 INFO: Total execution time for kernels is 0.0659803s
 INFO: Computing semblance for m0 = 1440
 INFO: Total execution time for kernels is 0.0686519s
 INFO: Computing semblance for m0 = 1460
 INFO: Total execution time for kernels is 0.0738189s
 INFO: Computing semblance for m0 = 1480
 INFO: Total execution time for kernels is 0.0771032s
 INFO: Computing semblance for m0 = 1500
 INFO: Total execution time for kernels is 0.0850237s
 INFO: Computing semblance for m0 = 1520
 INFO: Total execution time for kernels is 0.0875623s
 INFO: Computing semblance for m0 = 1540
 INFO: Total execution time for kernels is 0.0880777s
 INFO: Computing semblance for m0 = 1560
 INFO: Total execution time for kernels is 0.0916585s
 INFO: Computing semblance for m0 = 1580
 INFO: Total execution time for kernels is 0.0965581s
 INFO: Computing semblance for m0 = 1600
 INFO: Total execution time for kernels is 0.0997494s
 INFO: Computing semblance for m0 = 1620
 INFO: Total execution time for kernels is 0.102903s
 INFO: Computing semblance for m0 = 1640
 INFO: Total execution time for kernels is 0.108468s
 INFO: Computing semblance for m0 = 1660
 INFO: Total execution time for kernels is 0.111104s
 INFO: Computing semblance for m0 = 1680
 INFO: Total execution time for kernels is 0.11415s
 INFO: Computing semblance for m0 = 1700
 INFO: Total execution time for kernels is 0.118593s
 INFO: Computing semblance for m0 = 1720
 INFO: Total execution time for kernels is 0.121232s
 INFO: Computing semblance for m0 = 1740
 INFO: Total execution time for kernels is 0.128747s
 INFO: Computing semblance for m0 = 1760
 INFO: Total execution time for kernels is 0.130081s
 INFO: Computing semblance for m0 = 1780
 INFO: Total execution time for kernels is 0.133088s
 INFO: Computing semblance for m0 = 1800
 INFO: Total execution time for kernels is 0.135769s
 INFO: Computing semblance for m0 = 1820
 INFO: Total execution time for kernels is 0.141053s
 INFO: Computing semblance for m0 = 1840
 INFO: Total execution time for kernels is 0.145417s
 INFO: Computing semblance for m0 = 1860
 INFO: Total execution time for kernels is 0.146662s
 INFO: Computing semblance for m0 = 1880
 INFO: Total execution time for kernels is 0.151242s
 INFO: Computing semblance for m0 = 1900
 INFO: Total execution time for kernels is 0.154565s
 INFO: Computing semblance for m0 = 1920
 INFO: Total execution time for kernels is 0.156227s
 INFO: Computing semblance for m0 = 1940
 INFO: Total execution time for kernels is 0.158433s
 INFO: Computing semblance for m0 = 1960
 INFO: Total execution time for kernels is 0.16026s
 INFO: Computing semblance for m0 = 1980
 INFO: Total execution time for kernels is 0.162634s
 INFO: Computing semblance for m0 = 2000
 INFO: Total execution time for kernels is 0.164904s
 INFO: Computing semblance for m0 = 2020
 INFO: Total execution time for kernels is 0.166069s
 INFO: Computing semblance for m0 = 2040
 INFO: Total execution time for kernels is 0.166403s
 INFO: Computing semblance for m0 = 2060
 INFO: Total execution time for kernels is 0.168503s
 INFO: Computing semblance for m0 = 2080
 INFO: Total execution time for kernels is 0.168461s
 INFO: Computing semblance for m0 = 2100
 INFO: Total execution time for kernels is 0.166396s
 INFO: Computing semblance for m0 = 2120
 INFO: Total execution time for kernels is 0.168333s
 INFO: Computing semblance for m0 = 2140
 INFO: Total execution time for kernels is 0.169425s
 INFO: Computing semblance for m0 = 2160
 INFO: Total execution time for kernels is 0.168753s
 INFO: Computing semblance for m0 = 2180
 INFO: Total execution time for kernels is 0.167638s
 INFO: Computing semblance for m0 = 2200
 INFO: Total execution time for kernels is 0.168512s
 INFO: Computing semblance for m0 = 2220
 INFO: Total execution time for kernels is 0.168315s
 INFO: Computing semblance for m0 = 2240
 INFO: Total execution time for kernels is 0.167504s
 INFO: Computing semblance for m0 = 2260
 INFO: Total execution time for kernels is 0.168398s
 INFO: Computing semblance for m0 = 2280
 INFO: Total execution time for kernels is 0.168446s
 INFO: Computing semblance for m0 = 2300
 INFO: Total execution time for kernels is 0.1692s
 INFO: Computing semblance for m0 = 2320
 INFO: Total execution time for kernels is 0.168279s
 INFO: Computing semblance for m0 = 2340
 INFO: Total execution time for kernels is 0.168682s
 INFO: Computing semblance for m0 = 2360
 INFO: Total execution time for kernels is 0.169145s
 INFO: Computing semblance for m0 = 2380
 INFO: Total execution time for kernels is 0.169108s
 INFO: Computing semblance for m0 = 2400
 INFO: Total execution time for kernels is 0.168163s
 INFO: Computing semblance for m0 = 2420
 INFO: Total execution time for kernels is 0.169417s
 INFO: Computing semblance for m0 = 2440
 INFO: Total execution time for kernels is 0.169609s
 INFO: Computing semblance for m0 = 2460
 INFO: Total execution time for kernels is 0.170004s
 INFO: Computing semblance for m0 = 2480
 INFO: Total execution time for kernels is 0.170316s
 INFO: Computing semblance for m0 = 2500
 INFO: Total execution time for kernels is 0.169709s
 INFO: Computing semblance for m0 = 2520
 INFO: Total execution time for kernels is 0.169491s
 INFO: Computing semblance for m0 = 2540
 INFO: Total execution time for kernels is 0.169412s
 INFO: Computing semblance for m0 = 2560
 INFO: Total execution time for kernels is 0.16755s
 INFO: Computing semblance for m0 = 2580
 INFO: Total execution time for kernels is 0.170807s
 INFO: Computing semblance for m0 = 2600
 INFO: Total execution time for kernels is 0.169801s
 INFO: Computing semblance for m0 = 2620
 INFO: Total execution time for kernels is 0.170006s
 INFO: Computing semblance for m0 = 2640
 INFO: Total execution time for kernels is 0.170727s
 INFO: Computing semblance for m0 = 2660
 INFO: Total execution time for kernels is 0.170131s
 INFO: Computing semblance for m0 = 2680
 INFO: Total execution time for kernels is 0.169508s
 INFO: Computing semblance for m0 = 2700
 INFO: Total execution time for kernels is 0.16932s
 INFO: Computing semblance for m0 = 2720
 INFO: Total execution time for kernels is 0.168681s
 INFO: Computing semblance for m0 = 2740
 INFO: Total execution time for kernels is 0.169286s
 INFO: Computing semblance for m0 = 2760
 INFO: Total execution time for kernels is 0.170056s
 INFO: Computing semblance for m0 = 2780
 INFO: Total execution time for kernels is 0.168086s
 INFO: Computing semblance for m0 = 2800
 INFO: Total execution time for kernels is 0.167768s
 INFO: Computing semblance for m0 = 2820
 INFO: Total execution time for kernels is 0.169169s
 INFO: Computing semblance for m0 = 2840
 INFO: Total execution time for kernels is 0.169275s
 INFO: Computing semblance for m0 = 2860
 INFO: Total execution time for kernels is 0.168489s
 INFO: Computing semblance for m0 = 2880
 INFO: Total execution time for kernels is 0.16882s
 INFO: Computing semblance for m0 = 2900
 INFO: Total execution time for kernels is 0.168849s
 INFO: Computing semblance for m0 = 2920
 INFO: Total execution time for kernels is 0.168439s
 INFO: Computing semblance for m0 = 2940
 INFO: Total execution time for kernels is 0.168326s
 INFO: Computing semblance for m0 = 2960
 INFO: Total execution time for kernels is 0.167965s
 INFO: Computing semblance for m0 = 2980
 INFO: Total execution time for kernels is 0.168627s
 INFO: Computing semblance for m0 = 3000
 INFO: Total execution time for kernels is 0.169328s
 INFO: Computing semblance for m0 = 3020
 INFO: Total execution time for kernels is 0.168195s
 INFO: Computing semblance for m0 = 3040
 INFO: Total execution time for kernels is 0.168328s
 INFO: Computing semblance for m0 = 3060
 INFO: Total execution time for kernels is 0.169271s
 INFO: Computing semblance for m0 = 3080
 INFO: Total execution time for kernels is 0.169101s
 INFO: Computing semblance for m0 = 3100
 INFO: Total execution time for kernels is 0.169728s
 INFO: Computing semblance for m0 = 3120
 INFO: Total execution time for kernels is 0.169234s
 INFO: Computing semblance for m0 = 3140
 INFO: Total execution time for kernels is 0.169985s
 INFO: Computing semblance for m0 = 3160
 INFO: Total execution time for kernels is 0.169486s
 INFO: Computing semblance for m0 = 3180
 INFO: Total execution time for kernels is 0.169412s
 INFO: Computing semblance for m0 = 3200
 INFO: Total execution time for kernels is 0.169171s
 INFO: Computing semblance for m0 = 3220
 INFO: Total execution time for kernels is 0.16925s
 INFO: Computing semblance for m0 = 3240
 INFO: Total execution time for kernels is 0.167319s
 INFO: Computing semblance for m0 = 3260
 INFO: Total execution time for kernels is 0.169022s
 INFO: Computing semblance for m0 = 3280
 INFO: Total execution time for kernels is 0.168305s
 INFO: Computing semblance for m0 = 3300
 INFO: Total execution time for kernels is 0.168072s
 INFO: Computing semblance for m0 = 3320
 INFO: Total execution time for kernels is 0.169779s
 INFO: Computing semblance for m0 = 3340
 INFO: Total execution time for kernels is 0.168733s
 INFO: Computing semblance for m0 = 3360
 INFO: Total execution time for kernels is 0.168198s
 INFO: Computing semblance for m0 = 3380
 INFO: Total execution time for kernels is 0.166689s
 INFO: Computing semblance for m0 = 3400
 INFO: Total execution time for kernels is 0.169584s
 INFO: Computing semblance for m0 = 3420
 INFO: Total execution time for kernels is 0.169058s
 INFO: Computing semblance for m0 = 3440
 INFO: Total execution time for kernels is 0.167701s
 INFO: Computing semblance for m0 = 3460
 INFO: Total execution time for kernels is 0.168128s
 INFO: Computing semblance for m0 = 3480
 INFO: Total execution time for kernels is 0.168033s
 INFO: Computing semblance for m0 = 3500
 INFO: Total execution time for kernels is 0.166784s
 INFO: Computing semblance for m0 = 3520
 INFO: Total execution time for kernels is 0.167603s
 INFO: Computing semblance for m0 = 3540
 INFO: Total execution time for kernels is 0.168297s
 INFO: Computing semblance for m0 = 3560
 INFO: Total execution time for kernels is 0.169806s
 INFO: Computing semblance for m0 = 3580
 INFO: Total execution time for kernels is 0.16586s
 INFO: Computing semblance for m0 = 3600
 INFO: Total execution time for kernels is 0.16686s
 INFO: Computing semblance for m0 = 3620
 INFO: Total execution time for kernels is 0.167723s
 INFO: Computing semblance for m0 = 3640
 INFO: Total execution time for kernels is 0.166785s
 INFO: Computing semblance for m0 = 3660
 INFO: Total execution time for kernels is 0.167353s
 INFO: Computing semblance for m0 = 3680
 INFO: Total execution time for kernels is 0.169622s
 INFO: Computing semblance for m0 = 3700
 INFO: Total execution time for kernels is 0.16846s
 INFO: Computing semblance for m0 = 3720
 INFO: Total execution time for kernels is 0.167817s
 INFO: Computing semblance for m0 = 3740
 INFO: Total execution time for kernels is 0.16831s
 INFO: Computing semblance for m0 = 3760
 INFO: Total execution time for kernels is 0.168804s
 INFO: Computing semblance for m0 = 3780
 INFO: Total execution time for kernels is 0.168651s
 INFO: Computing semblance for m0 = 3800
 INFO: Total execution time for kernels is 0.169045s
 INFO: Computing semblance for m0 = 3820
 INFO: Total execution time for kernels is 0.16985s
 INFO: Computing semblance for m0 = 3840
 INFO: Total execution time for kernels is 0.168937s
 INFO: Computing semblance for m0 = 3860
 INFO: Total execution time for kernels is 0.167654s
 INFO: Computing semblance for m0 = 3880
 INFO: Total execution time for kernels is 0.168334s
 INFO: Computing semblance for m0 = 3900
 INFO: Total execution time for kernels is 0.169002s
 INFO: Computing semblance for m0 = 3920
 INFO: Total execution time for kernels is 0.169787s
 INFO: Computing semblance for m0 = 3940
 INFO: Total execution time for kernels is 0.169032s
 INFO: Computing semblance for m0 = 3960
 INFO: Total execution time for kernels is 0.166801s
 INFO: Computing semblance for m0 = 3980
 INFO: Total execution time for kernels is 0.168549s
 INFO: Computing semblance for m0 = 4000
 INFO: Total execution time for kernels is 0.169066s
 INFO: Computing semblance for m0 = 4020
 INFO: Total execution time for kernels is 0.168253s
 INFO: Computing semblance for m0 = 4040
 INFO: Total execution time for kernels is 0.168899s
 INFO: Computing semblance for m0 = 4060
 INFO: Total execution time for kernels is 0.169487s
 INFO: Computing semblance for m0 = 4080
 INFO: Total execution time for kernels is 0.168654s
 INFO: Computing semblance for m0 = 4100
 INFO: Total execution time for kernels is 0.16767s
 INFO: Computing semblance for m0 = 4120
 INFO: Total execution time for kernels is 0.168501s
 INFO: Computing semblance for m0 = 4140
 INFO: Total execution time for kernels is 0.168872s
 INFO: Computing semblance for m0 = 4160
 INFO: Total execution time for kernels is 0.170084s
 INFO: Computing semblance for m0 = 4180
 INFO: Total execution time for kernels is 0.169316s
 INFO: Computing semblance for m0 = 4200
 INFO: Total execution time for kernels is 0.167999s
 INFO: Computing semblance for m0 = 4220
 INFO: Total execution time for kernels is 0.170351s
 INFO: Computing semblance for m0 = 4240
 INFO: Total execution time for kernels is 0.170629s
 INFO: Computing semblance for m0 = 4260
 INFO: Total execution time for kernels is 0.17189s
 INFO: Computing semblance for m0 = 4280
 INFO: Total execution time for kernels is 0.171933s
 INFO: Computing semblance for m0 = 4300
 INFO: Total execution time for kernels is 0.170155s
 INFO: Computing semblance for m0 = 4320
 INFO: Total execution time for kernels is 0.169176s
 INFO: Computing semblance for m0 = 4340
 INFO: Total execution time for kernels is 0.169993s
 INFO: Computing semblance for m0 = 4360
 INFO: Total execution time for kernels is 0.171037s
 INFO: Computing semblance for m0 = 4380
 INFO: Total execution time for kernels is 0.170237s
 INFO: Computing semblance for m0 = 4400
 INFO: Total execution time for kernels is 0.172092s
 INFO: Computing semblance for m0 = 4420
 INFO: Total execution time for kernels is 0.169232s
 INFO: Computing semblance for m0 = 4440
 INFO: Total execution time for kernels is 0.169389s
 INFO: Computing semblance for m0 = 4460
 INFO: Total execution time for kernels is 0.170045s
 INFO: Computing semblance for m0 = 4480
 INFO: Total execution time for kernels is 0.169249s
 INFO: Computing semblance for m0 = 4500
 INFO: Total execution time for kernels is 0.171346s
 INFO: Computing semblance for m0 = 4520
 INFO: Total execution time for kernels is 0.170715s
 INFO: Computing semblance for m0 = 4540
 INFO: Total execution time for kernels is 0.169539s
 INFO: Computing semblance for m0 = 4560
 INFO: Total execution time for kernels is 0.169363s
 INFO: Computing semblance for m0 = 4580
 INFO: Total execution time for kernels is 0.170203s
 INFO: Computing semblance for m0 = 4600
 INFO: Total execution time for kernels is 0.169156s
 INFO: Computing semblance for m0 = 4620
 INFO: Total execution time for kernels is 0.168745s
 INFO: Computing semblance for m0 = 4640
 INFO: Total execution time for kernels is 0.168572s
 INFO: Computing semblance for m0 = 4660
 INFO: Total execution time for kernels is 0.168631s
 INFO: Computing semblance for m0 = 4680
 INFO: Total execution time for kernels is 0.168417s
 INFO: Computing semblance for m0 = 4700
 INFO: Total execution time for kernels is 0.167729s
 INFO: Computing semblance for m0 = 4720
 INFO: Total execution time for kernels is 0.168672s
 INFO: Computing semblance for m0 = 4740
 INFO: Total execution time for kernels is 0.169047s
 INFO: Computing semblance for m0 = 4760
 INFO: Total execution time for kernels is 0.170519s
 INFO: Computing semblance for m0 = 4780
 INFO: Total execution time for kernels is 0.171208s
 INFO: Computing semblance for m0 = 4800
 INFO: Total execution time for kernels is 0.16942s
 INFO: Computing semblance for m0 = 4820
 INFO: Total execution time for kernels is 0.16904s
 INFO: Computing semblance for m0 = 4840
 INFO: Total execution time for kernels is 0.168987s
 INFO: Computing semblance for m0 = 4860
 INFO: Total execution time for kernels is 0.170185s
 INFO: Computing semblance for m0 = 4880
 INFO: Total execution time for kernels is 0.171009s
 INFO: Computing semblance for m0 = 4900
 INFO: Total execution time for kernels is 0.169641s
 INFO: Computing semblance for m0 = 4920
 INFO: Total execution time for kernels is 0.169076s
 INFO: Computing semblance for m0 = 4940
 INFO: Total execution time for kernels is 0.169737s
 INFO: Computing semblance for m0 = 4960
 INFO: Total execution time for kernels is 0.171568s
 INFO: Computing semblance for m0 = 4980
 INFO: Total execution time for kernels is 0.169954s
 INFO: Computing semblance for m0 = 5000
 INFO: Total execution time for kernels is 0.171014s
 INFO: Computing semblance for m0 = 5020
 INFO: Total execution time for kernels is 0.170863s
 INFO: Computing semblance for m0 = 5040
 INFO: Total execution time for kernels is 0.169283s
 INFO: Computing semblance for m0 = 5060
 INFO: Total execution time for kernels is 0.170621s
 INFO: Computing semblance for m0 = 5080
 INFO: Total execution time for kernels is 0.172098s
 INFO: Computing semblance for m0 = 5100
 INFO: Total execution time for kernels is 0.171203s
 INFO: Computing semblance for m0 = 5120
 INFO: Total execution time for kernels is 0.172258s
 INFO: Computing semblance for m0 = 5140
 INFO: Total execution time for kernels is 0.171755s
 INFO: Computing semblance for m0 = 5160
 INFO: Total execution time for kernels is 0.169292s
 INFO: Computing semblance for m0 = 5180
 INFO: Total execution time for kernels is 0.171069s
 INFO: Computing semblance for m0 = 5200
 INFO: Total execution time for kernels is 0.17037s
 INFO: Computing semblance for m0 = 5220
 INFO: Total execution time for kernels is 0.170862s
 INFO: Computing semblance for m0 = 5240
 INFO: Total execution time for kernels is 0.171872s
 INFO: Computing semblance for m0 = 5260
 INFO: Total execution time for kernels is 0.170084s
 INFO: Computing semblance for m0 = 5280
 INFO: Total execution time for kernels is 0.16993s
 INFO: Computing semblance for m0 = 5300
 INFO: Total execution time for kernels is 0.168367s
 INFO: Computing semblance for m0 = 5320
 INFO: Total execution time for kernels is 0.169696s
 INFO: Computing semblance for m0 = 5340
 INFO: Total execution time for kernels is 0.17076s
 INFO: Computing semblance for m0 = 5360
 INFO: Total execution time for kernels is 0.171349s
 INFO: Computing semblance for m0 = 5380
 INFO: Total execution time for kernels is 0.17038s
 INFO: Computing semblance for m0 = 5400
 INFO: Total execution time for kernels is 0.168894s
 INFO: Computing semblance for m0 = 5420
 INFO: Total execution time for kernels is 0.168621s
 INFO: Computing semblance for m0 = 5440
 INFO: Total execution time for kernels is 0.168919s
 INFO: Computing semblance for m0 = 5460
 INFO: Total execution time for kernels is 0.169972s
 INFO: Computing semblance for m0 = 5480
 INFO: Total execution time for kernels is 0.172066s
 INFO: Computing semblance for m0 = 5500
 INFO: Total execution time for kernels is 0.169202s
 INFO: Computing semblance for m0 = 5520
 INFO: Total execution time for kernels is 0.16896s
 INFO: Computing semblance for m0 = 5540
 INFO: Total execution time for kernels is 0.169979s
 INFO: Computing semblance for m0 = 5560
 INFO: Total execution time for kernels is 0.170153s
 INFO: Computing semblance for m0 = 5580
 INFO: Total execution time for kernels is 0.172122s
 INFO: Computing semblance for m0 = 5600
 INFO: Total execution time for kernels is 0.170741s
 INFO: Computing semblance for m0 = 5620
 INFO: Total execution time for kernels is 0.170876s
 INFO: Computing semblance for m0 = 5640
 INFO: Total execution time for kernels is 0.170007s
 INFO: Computing semblance for m0 = 5660
 INFO: Total execution time for kernels is 0.171276s
 INFO: Computing semblance for m0 = 5680
 INFO: Total execution time for kernels is 0.172734s
 INFO: Computing semblance for m0 = 5700
 INFO: Total execution time for kernels is 0.172528s
 INFO: Computing semblance for m0 = 5720
 INFO: Total execution time for kernels is 0.173077s
 INFO: Computing semblance for m0 = 5740
 INFO: Total execution time for kernels is 0.171502s
 INFO: Computing semblance for m0 = 5760
 INFO: Total execution time for kernels is 0.171964s
 INFO: Computing semblance for m0 = 5780
 INFO: Total execution time for kernels is 0.172019s
 INFO: Computing semblance for m0 = 5800
 INFO: Total execution time for kernels is 0.17163s
 INFO: Computing semblance for m0 = 5820
 INFO: Total execution time for kernels is 0.171617s
 INFO: Computing semblance for m0 = 5840
 INFO: Total execution time for kernels is 0.170847s
 INFO: Computing semblance for m0 = 5860
 INFO: Total execution time for kernels is 0.171049s
 INFO: Computing semblance for m0 = 5880
 INFO: Total execution time for kernels is 0.171851s
 INFO: Computing semblance for m0 = 5900
 INFO: Total execution time for kernels is 0.172229s
 INFO: Computing semblance for m0 = 5920
 INFO: Total execution time for kernels is 0.171495s
 INFO: Computing semblance for m0 = 5940
 INFO: Total execution time for kernels is 0.171775s
 INFO: Computing semblance for m0 = 5960
 INFO: Total execution time for kernels is 0.17123s
 INFO: Computing semblance for m0 = 5980
 INFO: Total execution time for kernels is 0.170774s
 INFO: Computing semblance for m0 = 6000
 INFO: Total execution time for kernels is 0.168607s
 INFO: Computing semblance for m0 = 6020
 INFO: Total execution time for kernels is 0.168835s
 INFO: Computing semblance for m0 = 6040
 INFO: Total execution time for kernels is 0.16845s
 INFO: Computing semblance for m0 = 6060
 INFO: Total execution time for kernels is 0.17079s
 INFO: Computing semblance for m0 = 6080
 INFO: Total execution time for kernels is 0.170011s
 INFO: Computing semblance for m0 = 6100
 INFO: Total execution time for kernels is 0.169017s
 INFO: Computing semblance for m0 = 6120
 INFO: Total execution time for kernels is 0.168864s
 INFO: Computing semblance for m0 = 6140
 INFO: Total execution time for kernels is 0.169004s
 INFO: Computing semblance for m0 = 6160
 INFO: Total execution time for kernels is 0.170098s
 INFO: Computing semblance for m0 = 6180
 INFO: Total execution time for kernels is 0.17036s
 INFO: Computing semblance for m0 = 6200
 INFO: Total execution time for kernels is 0.169675s
 INFO: Computing semblance for m0 = 6220
 INFO: Total execution time for kernels is 0.170779s
 INFO: Computing semblance for m0 = 6240
 INFO: Total execution time for kernels is 0.169229s
 INFO: Computing semblance for m0 = 6260
 INFO: Total execution time for kernels is 0.169887s
 INFO: Computing semblance for m0 = 6280
 INFO: Total execution time for kernels is 0.171016s
 INFO: Computing semblance for m0 = 6300
 INFO: Total execution time for kernels is 0.16896s
 INFO: Computing semblance for m0 = 6320
 INFO: Total execution time for kernels is 0.168911s
 INFO: Computing semblance for m0 = 6340
 INFO: Total execution time for kernels is 0.169689s
 INFO: Computing semblance for m0 = 6360
 INFO: Total execution time for kernels is 0.169766s
 INFO: Computing semblance for m0 = 6380
 INFO: Total execution time for kernels is 0.171944s
 INFO: Computing semblance for m0 = 6400
 INFO: Total execution time for kernels is 0.169918s
 INFO: Computing semblance for m0 = 6420
 INFO: Total execution time for kernels is 0.168841s
 INFO: Computing semblance for m0 = 6440
 INFO: Total execution time for kernels is 0.170766s
 INFO: Computing semblance for m0 = 6460
 INFO: Total execution time for kernels is 0.168859s
 INFO: Computing semblance for m0 = 6480
 INFO: Total execution time for kernels is 0.170504s
 INFO: Computing semblance for m0 = 6500
 INFO: Total execution time for kernels is 0.171994s
 INFO: Computing semblance for m0 = 6520
 INFO: Total execution time for kernels is 0.168983s
 INFO: Computing semblance for m0 = 6540
 INFO: Total execution time for kernels is 0.169648s
 INFO: Computing semblance for m0 = 6560
 INFO: Total execution time for kernels is 0.169834s
 INFO: Computing semblance for m0 = 6580
 INFO: Total execution time for kernels is 0.170551s
 INFO: Computing semblance for m0 = 6600
 INFO: Total execution time for kernels is 0.172292s
 INFO: Computing semblance for m0 = 6620
 INFO: Total execution time for kernels is 0.169558s
 INFO: Computing semblance for m0 = 6640
 INFO: Total execution time for kernels is 0.170282s
 INFO: Computing semblance for m0 = 6660
 INFO: Total execution time for kernels is 0.16986s
 INFO: Computing semblance for m0 = 6680
 INFO: Total execution time for kernels is 0.168999s
 INFO: Computing semblance for m0 = 6700
 INFO: Total execution time for kernels is 0.171645s
 INFO: Computing semblance for m0 = 6720
 INFO: Total execution time for kernels is 0.171731s
 INFO: Computing semblance for m0 = 6740
 INFO: Total execution time for kernels is 0.17078s
 INFO: Computing semblance for m0 = 6760
 INFO: Total execution time for kernels is 0.169102s
 INFO: Computing semblance for m0 = 6780
 INFO: Total execution time for kernels is 0.169026s
 INFO: Computing semblance for m0 = 6800
 INFO: Total execution time for kernels is 0.169318s
 INFO: Computing semblance for m0 = 6820
 INFO: Total execution time for kernels is 0.170184s
 INFO: Computing semblance for m0 = 6840
 INFO: Total execution time for kernels is 0.171169s
 INFO: Computing semblance for m0 = 6860
 INFO: Total execution time for kernels is 0.169425s
 INFO: Computing semblance for m0 = 6880
 INFO: Total execution time for kernels is 0.168184s
 INFO: Computing semblance for m0 = 6900
 INFO: Total execution time for kernels is 0.170712s
 INFO: Computing semblance for m0 = 6920
 INFO: Total execution time for kernels is 0.169348s
 INFO: Computing semblance for m0 = 6940
 INFO: Total execution time for kernels is 0.170592s
 INFO: Computing semblance for m0 = 6960
 INFO: Total execution time for kernels is 0.169856s
 INFO: Computing semblance for m0 = 6980
 INFO: Total execution time for kernels is 0.169045s
 INFO: Computing semblance for m0 = 7000
 INFO: Total execution time for kernels is 0.169124s
 INFO: Computing semblance for m0 = 7020
 INFO: Total execution time for kernels is 0.170306s
 INFO: Computing semblance for m0 = 7040
 INFO: Total execution time for kernels is 0.171252s
 INFO: Computing semblance for m0 = 7060
 INFO: Total execution time for kernels is 0.171358s
 INFO: Computing semblance for m0 = 7080
 INFO: Total execution time for kernels is 0.17039s
 INFO: Computing semblance for m0 = 7100
 INFO: Total execution time for kernels is 0.171382s
 INFO: Computing semblance for m0 = 7120
 INFO: Total execution time for kernels is 0.171033s
 INFO: Computing semblance for m0 = 7140
 INFO: Total execution time for kernels is 0.171733s
 INFO: Computing semblance for m0 = 7160
 INFO: Total execution time for kernels is 0.171121s
 INFO: Computing semblance for m0 = 7180
 INFO: Total execution time for kernels is 0.171893s
 INFO: Computing semblance for m0 = 7200
 INFO: Total execution time for kernels is 0.170126s
 INFO: Computing semblance for m0 = 7220
 INFO: Total execution time for kernels is 0.170904s
 INFO: Computing semblance for m0 = 7240
 INFO: Total execution time for kernels is 0.170183s
 INFO: Computing semblance for m0 = 7260
 INFO: Total execution time for kernels is 0.17206s
 INFO: Computing semblance for m0 = 7280
 INFO: Total execution time for kernels is 0.171647s
 INFO: Computing semblance for m0 = 7300
 INFO: Total execution time for kernels is 0.172481s
 INFO: Computing semblance for m0 = 7320
 INFO: Total execution time for kernels is 0.172347s
 INFO: Computing semblance for m0 = 7340
 INFO: Total execution time for kernels is 0.171186s
 INFO: Computing semblance for m0 = 7360
 INFO: Total execution time for kernels is 0.169053s
 INFO: Computing semblance for m0 = 7380
 INFO: Total execution time for kernels is 0.170252s
 INFO: Computing semblance for m0 = 7400
 INFO: Total execution time for kernels is 0.171034s
 INFO: Computing semblance for m0 = 7420
 INFO: Total execution time for kernels is 0.171779s
 INFO: Computing semblance for m0 = 7440
 INFO: Total execution time for kernels is 0.171037s
 INFO: Computing semblance for m0 = 7460
 INFO: Total execution time for kernels is 0.172695s
 INFO: Computing semblance for m0 = 7480
 INFO: Total execution time for kernels is 0.169472s
 INFO: Computing semblance for m0 = 7500
 INFO: Total execution time for kernels is 0.169824s
 INFO: Computing semblance for m0 = 7520
 INFO: Total execution time for kernels is 0.170084s
 INFO: Computing semblance for m0 = 7540
 INFO: Total execution time for kernels is 0.171304s
 INFO: Computing semblance for m0 = 7560
 INFO: Total execution time for kernels is 0.172377s
 INFO: Computing semblance for m0 = 7580
 INFO: Total execution time for kernels is 0.171121s
 INFO: Computing semblance for m0 = 7600
 INFO: Total execution time for kernels is 0.170966s
 INFO: Computing semblance for m0 = 7620
 INFO: Total execution time for kernels is 0.168329s
 INFO: Computing semblance for m0 = 7640
 INFO: Total execution time for kernels is 0.169013s
 INFO: Computing semblance for m0 = 7660
 INFO: Total execution time for kernels is 0.169681s
 INFO: Computing semblance for m0 = 7680
 INFO: Total execution time for kernels is 0.170228s
 INFO: Computing semblance for m0 = 7700
 INFO: Total execution time for kernels is 0.170456s
 INFO: Computing semblance for m0 = 7720
 INFO: Total execution time for kernels is 0.169518s
 INFO: Computing semblance for m0 = 7740
 INFO: Total execution time for kernels is 0.169572s
 INFO: Computing semblance for m0 = 7760
 INFO: Total execution time for kernels is 0.169748s
 INFO: Computing semblance for m0 = 7780
 INFO: Total execution time for kernels is 0.170293s
 INFO: Computing semblance for m0 = 7800
 INFO: Total execution time for kernels is 0.17072s
 INFO: Computing semblance for m0 = 7820
 INFO: Total execution time for kernels is 0.169866s
 INFO: Computing semblance for m0 = 7840
 INFO: Total execution time for kernels is 0.169532s
 INFO: Computing semblance for m0 = 7860
 INFO: Total execution time for kernels is 0.17053s
 INFO: Computing semblance for m0 = 7880
 INFO: Total execution time for kernels is 0.170806s
 INFO: Computing semblance for m0 = 7900
 INFO: Total execution time for kernels is 0.171513s
 INFO: Computing semblance for m0 = 7920
 INFO: Total execution time for kernels is 0.17164s
 INFO: Computing semblance for m0 = 7940
 INFO: Total execution time for kernels is 0.169804s
 INFO: Computing semblance for m0 = 7960
 INFO: Total execution time for kernels is 0.168407s
 INFO: Computing semblance for m0 = 7980
 INFO: Total execution time for kernels is 0.169335s
 INFO: Computing semblance for m0 = 8000
 INFO: Total execution time for kernels is 0.169816s
 INFO: Computing semblance for m0 = 8020
 INFO: Total execution time for kernels is 0.169175s
 INFO: Computing semblance for m0 = 8040
 INFO: Total execution time for kernels is 0.169392s
 INFO: Computing semblance for m0 = 8060
 INFO: Total execution time for kernels is 0.168982s
 INFO: Computing semblance for m0 = 8080
 INFO: Total execution time for kernels is 0.16842s
 INFO: Computing semblance for m0 = 8100
 INFO: Total execution time for kernels is 0.16766s
 INFO: Computing semblance for m0 = 8120
 INFO: Total execution time for kernels is 0.169106s
 INFO: Computing semblance for m0 = 8140
 INFO: Total execution time for kernels is 0.169646s
 INFO: Computing semblance for m0 = 8160
 INFO: Total execution time for kernels is 0.168719s
 INFO: Computing semblance for m0 = 8180
 INFO: Total execution time for kernels is 0.167563s
 INFO: Computing semblance for m0 = 8200
 INFO: Total execution time for kernels is 0.166311s
 INFO: Computing semblance for m0 = 8220
 INFO: Total execution time for kernels is 0.16792s
 INFO: Computing semblance for m0 = 8240
 INFO: Total execution time for kernels is 0.168787s
 INFO: Computing semblance for m0 = 8260
 INFO: Total execution time for kernels is 0.168068s
 INFO: Computing semblance for m0 = 8280
 INFO: Total execution time for kernels is 0.168808s
 INFO: Computing semblance for m0 = 8300
 INFO: Total execution time for kernels is 0.168774s
 INFO: Computing semblance for m0 = 8320
 INFO: Total execution time for kernels is 0.167355s
 INFO: Computing semblance for m0 = 8340
 INFO: Total execution time for kernels is 0.167436s
 INFO: Computing semblance for m0 = 8360
 INFO: Total execution time for kernels is 0.167964s
 INFO: Computing semblance for m0 = 8380
 INFO: Total execution time for kernels is 0.168531s
 INFO: Computing semblance for m0 = 8400
 INFO: Total execution time for kernels is 0.168564s
 INFO: Computing semblance for m0 = 8420
 INFO: Total execution time for kernels is 0.168137s
 INFO: Computing semblance for m0 = 8440
 INFO: Total execution time for kernels is 0.169187s
 INFO: Computing semblance for m0 = 8460
 INFO: Total execution time for kernels is 0.167262s
 INFO: Computing semblance for m0 = 8480
 INFO: Total execution time for kernels is 0.167659s
 INFO: Computing semblance for m0 = 8500
 INFO: Total execution time for kernels is 0.168307s
 INFO: Computing semblance for m0 = 8520
 INFO: Total execution time for kernels is 0.169172s
 INFO: Computing semblance for m0 = 8540
 INFO: Total execution time for kernels is 0.166167s
 INFO: Computing semblance for m0 = 8560
 INFO: Total execution time for kernels is 0.168706s
 INFO: Computing semblance for m0 = 8580
 INFO: Total execution time for kernels is 0.168333s
 INFO: Computing semblance for m0 = 8600
 INFO: Total execution time for kernels is 0.167908s
 INFO: Computing semblance for m0 = 8620
 INFO: Total execution time for kernels is 0.167936s
 INFO: Computing semblance for m0 = 8640
 INFO: Total execution time for kernels is 0.168375s
 INFO: Computing semblance for m0 = 8660
 INFO: Total execution time for kernels is 0.167317s
 INFO: Computing semblance for m0 = 8680
 INFO: Total execution time for kernels is 0.167872s
 INFO: Computing semblance for m0 = 8700
 INFO: Total execution time for kernels is 0.16791s
 INFO: Computing semblance for m0 = 8720
 INFO: Total execution time for kernels is 0.169083s
 INFO: Computing semblance for m0 = 8740
 INFO: Total execution time for kernels is 0.16756s
 INFO: Computing semblance for m0 = 8760
 INFO: Total execution time for kernels is 0.168595s
 INFO: Computing semblance for m0 = 8780
 INFO: Total execution time for kernels is 0.169318s
 INFO: Computing semblance for m0 = 8800
 INFO: Total execution time for kernels is 0.167902s
 INFO: Computing semblance for m0 = 8820
 INFO: Total execution time for kernels is 0.167698s
 INFO: Computing semblance for m0 = 8840
 INFO: Total execution time for kernels is 0.169711s
 INFO: Computing semblance for m0 = 8860
 INFO: Total execution time for kernels is 0.16984s
 INFO: Computing semblance for m0 = 8880
 INFO: Total execution time for kernels is 0.168175s
 INFO: Computing semblance for m0 = 8900
 INFO: Total execution time for kernels is 0.167702s
 INFO: Computing semblance for m0 = 8920
 INFO: Total execution time for kernels is 0.169448s
 INFO: Computing semblance for m0 = 8940
 INFO: Total execution time for kernels is 0.169422s
 INFO: Computing semblance for m0 = 8960
 INFO: Total execution time for kernels is 0.168604s
 INFO: Computing semblance for m0 = 8980
 INFO: Total execution time for kernels is 0.166403s
 INFO: Computing semblance for m0 = 9000
 INFO: Total execution time for kernels is 0.1664s
 INFO: Computing semblance for m0 = 9020
 INFO: Total execution time for kernels is 0.165498s
 INFO: Computing semblance for m0 = 9040
 INFO: Total execution time for kernels is 0.163802s
 INFO: Computing semblance for m0 = 9060
 INFO: Total execution time for kernels is 0.162576s
 INFO: Computing semblance for m0 = 9080
 INFO: Total execution time for kernels is 0.158326s
 INFO: Computing semblance for m0 = 9100
 INFO: Total execution time for kernels is 0.156749s
 INFO: Computing semblance for m0 = 9120
 INFO: Total execution time for kernels is 0.154555s
 INFO: Computing semblance for m0 = 9140
 INFO: Total execution time for kernels is 0.150609s
 INFO: Computing semblance for m0 = 9160
 INFO: Total execution time for kernels is 0.146043s
 INFO: Computing semblance for m0 = 9180
 INFO: Total execution time for kernels is 0.142829s
 INFO: Computing semblance for m0 = 9200
 INFO: Total execution time for kernels is 0.138623s
 INFO: Computing semblance for m0 = 9220
 INFO: Total execution time for kernels is 0.136297s
 INFO: Computing semblance for m0 = 9240
 INFO: Total execution time for kernels is 0.132073s
 INFO: Computing semblance for m0 = 9260
 INFO: Total execution time for kernels is 0.128571s
 INFO: Computing semblance for m0 = 9280
 INFO: Total execution time for kernels is 0.121403s
 INFO: Computing semblance for m0 = 9300
 INFO: Total execution time for kernels is 0.118929s
 INFO: Computing semblance for m0 = 9320
 INFO: Total execution time for kernels is 0.114728s
 INFO: Computing semblance for m0 = 9340
 INFO: Total execution time for kernels is 0.109835s
 INFO: Computing semblance for m0 = 9360
 INFO: Total execution time for kernels is 0.108065s
 INFO: Computing semblance for m0 = 9380
 INFO: Total execution time for kernels is 0.101283s
 INFO: Computing semblance for m0 = 9400
 INFO: Total execution time for kernels is 0.100009s
 INFO: Computing semblance for m0 = 9420
 INFO: Total execution time for kernels is 0.0959043s
 INFO: Computing semblance for m0 = 9440
 INFO: Total execution time for kernels is 0.0913826s
 INFO: Computing semblance for m0 = 9460
 INFO: Total execution time for kernels is 0.0880533s
 INFO: Computing semblance for m0 = 9480
 INFO: Total execution time for kernels is 0.0843692s
 INFO: Computing semblance for m0 = 9500
 INFO: Total execution time for kernels is 0.0800241s
 INFO: Computing semblance for m0 = 9520
 INFO: Total execution time for kernels is 0.0772456s
 INFO: Computing semblance for m0 = 9540
 INFO: Total execution time for kernels is 0.0721845s
 INFO: Computing semblance for m0 = 9560
 INFO: Total execution time for kernels is 0.0699977s
 INFO: Computing semblance for m0 = 9580
 INFO: Total execution time for kernels is 0.0644821s
 INFO: Computing semblance for m0 = 9600
 INFO: Total execution time for kernels is 0.0620854s
 INFO: Computing semblance for m0 = 9620
 INFO: Total execution time for kernels is 0.0573203s
 INFO: Computing semblance for m0 = 9640
 INFO: Total execution time for kernels is 0.0546598s
 INFO: Computing semblance for m0 = 9660
 INFO: Total execution time for kernels is 0.0504196s
 INFO: Computing semblance for m0 = 9680
 INFO: Total execution time for kernels is 0.0476407s
 INFO: Computing semblance for m0 = 9700
 INFO: Total execution time for kernels is 0.0434471s
 INFO: Computing semblance for m0 = 9720
 INFO: Total execution time for kernels is 0.039817s
 INFO: Computing semblance for m0 = 9740
 INFO: Total execution time for kernels is 0.0374768s
 INFO: Computing semblance for m0 = 9760
 INFO: Total execution time for kernels is 0.033958s
 INFO: Computing semblance for m0 = 9780
 INFO: Total execution time for kernels is 0.0305039s
 INFO: Computing semblance for m0 = 9800
 INFO: Total execution time for kernels is 0.0267992s
 INFO: Computing semblance for m0 = 9820
 INFO: Total execution time for kernels is 0.023013s
 INFO: Computing semblance for m0 = 9840
 INFO: Total execution time for kernels is 0.0198036s
 INFO: Computing semblance for m0 = 9860
 INFO: Total execution time for kernels is 0.0169854s
 INFO: Computing semblance for m0 = 9880
 INFO: Total execution time for kernels is 0.0146594s
 INFO: Computing semblance for m0 = 9900
 INFO: Total execution time for kernels is 0.0123344s
 INFO: Computing semblance for m0 = 9920
 INFO: Total execution time for kernels is 0.010477s
 INFO: Computing semblance for m0 = 9940
 INFO: Total execution time for kernels is 0.00861146s
 INFO: Average of efficiency is 1
 INFO: Average of interpolations_per_sec is 9.91259e+10
 INFO: Average of selected_traces is 309.888
 INFO: Average of total_selection_kernel_exec_time is 0.00294863
 INFO: Average of total_kernel_exec_time is 0.152008
 INFO: Driver init. duration is 0.0412642 s
 INFO: Read gather duration is 0.0979967 s
 INFO: Parse args. duration is 0.000177504 s
 INFO: Worker threads duration is 71.2667 s
 INFO: Dump results duration is 0.533222 s
 INFO: Thread/block is 32
 INFO: Results written to /home/ubuntu/nfs/out/55766d4e2_master_g4dn.xlarge/zocrs/de/cuda/simple-synthetic_32_3/simple-synthetic_de_zocrs_20210307_1904/
 INFO: It took 71.9492s to compute.
