 INFO: [readGatherFromFile:119] Number of CDPs = 445
 INFO: [readGatherFromFile:120] Number of traces in the gather = 9200
 INFO: [readGatherFromFile:121] Number of samples per trace = 2502
 INFO: [initialize:24] Initializing traveltime
 INFO: [initialize:28] Factory initialized
 INFO: [create_worker:27] Device count is 0
 INFO: [parseComputeAlgorithm:28] Generations = 32
 INFO: [parseComputeAlgorithm:32] Individuals per population = 32
 INFO: [run:16] m0 = 0
 INFO: [activate:15] Activating GPU#0
 INFO: [activate:15] Activating GPU#0
 INFO: [activate:15] Activating GPU#0
 INFO: [selectTracesToBeUsedForMidpoint:113] Selecting traces for m0 = 0
 INFO: [copyOnlySelectedTracesToDevice:118] Selected 0 traces
 INFO: [copyOnlySelectedTracesToDevice:152] Copy time is 0
 INFO: [selectTracesToBeUsedForMidpoint:181] Execution time for copying traces is 1.7417e-05s
 INFO: [saveStatisticalResults:102] Total execution time for selecting traces is 0.0425717s
 INFO: [saveStatisticalResults:104] Total execution time for kernels is 0.00226537s
 INFO: [run:16] m0 = 1220
 INFO: [activate:15] Activating GPU#0
 INFO: [selectTracesToBeUsedForMidpoint:113] Selecting traces for m0 = 1220
 INFO: [copyOnlySelectedTracesToDevice:118] Selected 496 traces
 INFO: [copyOnlySelectedTracesToDevice:152] Copy time is 0.00463288
 INFO: [selectTracesToBeUsedForMidpoint:181] Execution time for copying traces is 0.00498158s
 INFO: [saveStatisticalResults:102] Total execution time for selecting traces is 0.0475438s
 INFO: [saveStatisticalResults:104] Total execution time for kernels is 0.119924s
 INFO: [run:16] m0 = 1380
 INFO: [activate:15] Activating GPU#0
 INFO: [selectTracesToBeUsedForMidpoint:113] Selecting traces for m0 = 1380
 INFO: [copyOnlySelectedTracesToDevice:118] Selected 630 traces
 INFO: [copyOnlySelectedTracesToDevice:152] Copy time is 0.00559125
 INFO: [selectTracesToBeUsedForMidpoint:181] Execution time for copying traces is 0.00612541s
 INFO: [saveStatisticalResults:102] Total execution time for selecting traces is 0.0386407s
 INFO: [saveStatisticalResults:104] Total execution time for kernels is 0.178879s
 INFO: [run:16] m0 = 1540
 INFO: [activate:15] Activating GPU#0
 INFO: [selectTracesToBeUsedForMidpoint:113] Selecting traces for m0 = 1540
 INFO: [copyOnlySelectedTracesToDevice:118] Selected 780 traces
 INFO: [copyOnlySelectedTracesToDevice:152] Copy time is 0.00698071
 INFO: [selectTracesToBeUsedForMidpoint:181] Execution time for copying traces is 0.0076718s
 INFO: [saveStatisticalResults:102] Total execution time for selecting traces is 0.0393898s
 INFO: [saveStatisticalResults:104] Total execution time for kernels is 0.287717s
 INFO: [run:16] m0 = 1700
 INFO: [activate:15] Activating GPU#0
 INFO: [selectTracesToBeUsedForMidpoint:113] Selecting traces for m0 = 1700
 INFO: [copyOnlySelectedTracesToDevice:118] Selected 946 traces
 INFO: [copyOnlySelectedTracesToDevice:152] Copy time is 0.0075022
 INFO: [selectTracesToBeUsedForMidpoint:181] Execution time for copying traces is 0.00802476s
 INFO: [saveStatisticalResults:102] Total execution time for selecting traces is 0.0243496s
 INFO: [saveStatisticalResults:104] Total execution time for kernels is 0.393176s
 INFO: [run:16] m0 = 1860
 INFO: [activate:15] Activating GPU#0
 INFO: [selectTracesToBeUsedForMidpoint:113] Selecting traces for m0 = 1860
 INFO: [copyOnlySelectedTracesToDevice:118] Selected 1127 traces
 INFO: [copyOnlySelectedTracesToDevice:152] Copy time is 0.00899299
 INFO: [selectTracesToBeUsedForMidpoint:181] Execution time for copying traces is 0.0096018s
 INFO: [saveStatisticalResults:102] Total execution time for selecting traces is 0.0259309s
 INFO: [saveStatisticalResults:104] Total execution time for kernels is 0.563885s
 INFO: [run:16] m0 = 2020
 INFO: [activate:15] Activating GPU#0
 INFO: [selectTracesToBeUsedForMidpoint:113] Selecting traces for m0 = 2020
 INFO: [copyOnlySelectedTracesToDevice:118] Selected 1311 traces
 INFO: [copyOnlySelectedTracesToDevice:152] Copy time is 0.0105115
 INFO: [selectTracesToBeUsedForMidpoint:181] Execution time for copying traces is 0.0111615s
 INFO: [saveStatisticalResults:102] Total execution time for selecting traces is 0.0274932s
 INFO: [saveStatisticalResults:104] Total execution time for kernels is 0.682175s
 INFO: [run:16] m0 = 2180
 INFO: [activate:15] Activating GPU#0
 INFO: [selectTracesToBeUsedForMidpoint:113] Selecting traces for m0 = 2180
 INFO: [copyOnlySelectedTracesToDevice:118] Selected 1449 traces
 INFO: [copyOnlySelectedTracesToDevice:152] Copy time is 0.0114766
 INFO: [selectTracesToBeUsedForMidpoint:181] Execution time for copying traces is 0.0123111s
 INFO: [saveStatisticalResults:102] Total execution time for selecting traces is 0.0286371s
 INFO: [saveStatisticalResults:104] Total execution time for kernels is 0.673011s
 INFO: [run:16] m0 = 2340
 INFO: [activate:15] Activating GPU#0
 INFO: [selectTracesToBeUsedForMidpoint:113] Selecting traces for m0 = 2340
 INFO: [copyOnlySelectedTracesToDevice:118] Selected 1449 traces
 INFO: [copyOnlySelectedTracesToDevice:152] Copy time is 0.0115778
 INFO: [selectTracesToBeUsedForMidpoint:181] Execution time for copying traces is 0.012387s
 INFO: [saveStatisticalResults:102] Total execution time for selecting traces is 0.0287426s
 INFO: [saveStatisticalResults:104] Total execution time for kernels is 0.686998s
 INFO: [run:16] m0 = 2500
 INFO: [activate:15] Activating GPU#0
 INFO: [selectTracesToBeUsedForMidpoint:113] Selecting traces for m0 = 2500
 INFO: [copyOnlySelectedTracesToDevice:118] Selected 1449 traces
 INFO: [copyOnlySelectedTracesToDevice:152] Copy time is 0.0115073
 INFO: [selectTracesToBeUsedForMidpoint:181] Execution time for copying traces is 0.0123178s
 INFO: [saveStatisticalResults:102] Total execution time for selecting traces is 0.0286319s
 INFO: [saveStatisticalResults:104] Total execution time for kernels is 0.680003s
 INFO: [run:16] m0 = 2660
 INFO: [activate:15] Activating GPU#0
 INFO: [selectTracesToBeUsedForMidpoint:113] Selecting traces for m0 = 2660
 INFO: [copyOnlySelectedTracesToDevice:118] Selected 1449 traces
 INFO: [copyOnlySelectedTracesToDevice:152] Copy time is 0.011562
 INFO: [selectTracesToBeUsedForMidpoint:181] Execution time for copying traces is 0.0123622s
 INFO: [saveStatisticalResults:102] Total execution time for selecting traces is 0.0287308s
 INFO: [saveStatisticalResults:104] Total execution time for kernels is 0.692951s
 INFO: [run:16] m0 = 2820
 INFO: [activate:15] Activating GPU#0
 INFO: [selectTracesToBeUsedForMidpoint:113] Selecting traces for m0 = 2820
 INFO: [copyOnlySelectedTracesToDevice:118] Selected 1449 traces
 INFO: [copyOnlySelectedTracesToDevice:152] Copy time is 0.0115041
 INFO: [selectTracesToBeUsedForMidpoint:181] Execution time for copying traces is 0.0122461s
 INFO: [saveStatisticalResults:102] Total execution time for selecting traces is 0.0285887s
 INFO: [saveStatisticalResults:104] Total execution time for kernels is 0.686316s
 INFO: [run:16] m0 = 2980
 INFO: [activate:15] Activating GPU#0
 INFO: [selectTracesToBeUsedForMidpoint:113] Selecting traces for m0 = 2980
 INFO: [copyOnlySelectedTracesToDevice:118] Selected 1449 traces
 INFO: [copyOnlySelectedTracesToDevice:152] Copy time is 0.0115766
 INFO: [selectTracesToBeUsedForMidpoint:181] Execution time for copying traces is 0.0123967s
 INFO: [saveStatisticalResults:102] Total execution time for selecting traces is 0.0287405s
 INFO: [saveStatisticalResults:104] Total execution time for kernels is 0.680365s
 INFO: [run:16] m0 = 3140
 INFO: [activate:15] Activating GPU#0
 INFO: [selectTracesToBeUsedForMidpoint:113] Selecting traces for m0 = 3140
 INFO: [copyOnlySelectedTracesToDevice:118] Selected 1449 traces
 INFO: [copyOnlySelectedTracesToDevice:152] Copy time is 0.011655
 INFO: [selectTracesToBeUsedForMidpoint:181] Execution time for copying traces is 0.0124651s
 INFO: [saveStatisticalResults:102] Total execution time for selecting traces is 0.0287762s
 INFO: [saveStatisticalResults:104] Total execution time for kernels is 0.683016s
 INFO: [run:16] m0 = 3300
 INFO: [activate:15] Activating GPU#0
 INFO: [selectTracesToBeUsedForMidpoint:113] Selecting traces for m0 = 3300
 INFO: [copyOnlySelectedTracesToDevice:118] Selected 1449 traces
 INFO: [copyOnlySelectedTracesToDevice:152] Copy time is 0.0115665
 INFO: [selectTracesToBeUsedForMidpoint:181] Execution time for copying traces is 0.0123824s
 INFO: [saveStatisticalResults:102] Total execution time for selecting traces is 0.0286957s
 INFO: [saveStatisticalResults:104] Total execution time for kernels is 0.691515s
 INFO: [run:16] m0 = 3460
 INFO: [activate:15] Activating GPU#0
 INFO: [selectTracesToBeUsedForMidpoint:113] Selecting traces for m0 = 3460
 INFO: [copyOnlySelectedTracesToDevice:118] Selected 1449 traces
 INFO: [copyOnlySelectedTracesToDevice:152] Copy time is 0.0115472
 INFO: [selectTracesToBeUsedForMidpoint:181] Execution time for copying traces is 0.0123573s
 INFO: [saveStatisticalResults:102] Total execution time for selecting traces is 0.0286747s
 INFO: [saveStatisticalResults:104] Total execution time for kernels is 0.681163s
 INFO: [run:16] m0 = 3620
 INFO: [activate:15] Activating GPU#0
 INFO: [selectTracesToBeUsedForMidpoint:113] Selecting traces for m0 = 3620
 INFO: [copyOnlySelectedTracesToDevice:118] Selected 1449 traces
 INFO: [copyOnlySelectedTracesToDevice:152] Copy time is 0.0116348
 INFO: [selectTracesToBeUsedForMidpoint:181] Execution time for copying traces is 0.0124598s
 INFO: [saveStatisticalResults:102] Total execution time for selecting traces is 0.0287938s
 INFO: [saveStatisticalResults:104] Total execution time for kernels is 0.679715s
 INFO: [run:16] m0 = 3780
 INFO: [activate:15] Activating GPU#0
 INFO: [selectTracesToBeUsedForMidpoint:113] Selecting traces for m0 = 3780
 INFO: [copyOnlySelectedTracesToDevice:118] Selected 1449 traces
 INFO: [copyOnlySelectedTracesToDevice:152] Copy time is 0.0114949
 INFO: [selectTracesToBeUsedForMidpoint:181] Execution time for copying traces is 0.0123176s
 INFO: [saveStatisticalResults:102] Total execution time for selecting traces is 0.0286313s
 INFO: [saveStatisticalResults:104] Total execution time for kernels is 0.679503s
 INFO: [run:16] m0 = 3940
 INFO: [activate:15] Activating GPU#0
 INFO: [selectTracesToBeUsedForMidpoint:113] Selecting traces for m0 = 3940
 INFO: [copyOnlySelectedTracesToDevice:118] Selected 1449 traces
 INFO: [copyOnlySelectedTracesToDevice:152] Copy time is 0.0115342
 INFO: [selectTracesToBeUsedForMidpoint:181] Execution time for copying traces is 0.0123438s
 INFO: [saveStatisticalResults:102] Total execution time for selecting traces is 0.0286815s
 INFO: [saveStatisticalResults:104] Total execution time for kernels is 0.685736s
 INFO: [run:16] m0 = 4100
 INFO: [activate:15] Activating GPU#0
 INFO: [selectTracesToBeUsedForMidpoint:113] Selecting traces for m0 = 4100
 INFO: [copyOnlySelectedTracesToDevice:118] Selected 1449 traces
 INFO: [copyOnlySelectedTracesToDevice:152] Copy time is 0.0115724
 INFO: [selectTracesToBeUsedForMidpoint:181] Execution time for copying traces is 0.0123634s
 INFO: [saveStatisticalResults:102] Total execution time for selecting traces is 0.0286878s
 INFO: [saveStatisticalResults:104] Total execution time for kernels is 0.670298s
 INFO: [run:16] m0 = 4260
 INFO: [activate:15] Activating GPU#0
 INFO: [selectTracesToBeUsedForMidpoint:113] Selecting traces for m0 = 4260
 INFO: [copyOnlySelectedTracesToDevice:118] Selected 1449 traces
 INFO: [copyOnlySelectedTracesToDevice:152] Copy time is 0.0115862
 INFO: [selectTracesToBeUsedForMidpoint:181] Execution time for copying traces is 0.0123804s
 INFO: [saveStatisticalResults:102] Total execution time for selecting traces is 0.0286962s
 INFO: [saveStatisticalResults:104] Total execution time for kernels is 0.69435s
 INFO: [run:16] m0 = 4420
 INFO: [activate:15] Activating GPU#0
 INFO: [selectTracesToBeUsedForMidpoint:113] Selecting traces for m0 = 4420
 INFO: [copyOnlySelectedTracesToDevice:118] Selected 1449 traces
 INFO: [copyOnlySelectedTracesToDevice:152] Copy time is 0.0115412
 INFO: [selectTracesToBeUsedForMidpoint:181] Execution time for copying traces is 0.0123536s
 INFO: [saveStatisticalResults:102] Total execution time for selecting traces is 0.0286867s
 INFO: [saveStatisticalResults:104] Total execution time for kernels is 0.691271s
 INFO: [run:16] m0 = 4580
 INFO: [activate:15] Activating GPU#0
 INFO: [selectTracesToBeUsedForMidpoint:113] Selecting traces for m0 = 4580
 INFO: [copyOnlySelectedTracesToDevice:118] Selected 1449 traces
 INFO: [copyOnlySelectedTracesToDevice:152] Copy time is 0.0115537
 INFO: [selectTracesToBeUsedForMidpoint:181] Execution time for copying traces is 0.012347s
 INFO: [saveStatisticalResults:102] Total execution time for selecting traces is 0.028709s
 INFO: [saveStatisticalResults:104] Total execution time for kernels is 0.690656s
 INFO: [run:16] m0 = 4740
 INFO: [activate:15] Activating GPU#0
 INFO: [selectTracesToBeUsedForMidpoint:113] Selecting traces for m0 = 4740
 INFO: [copyOnlySelectedTracesToDevice:118] Selected 1449 traces
 INFO: [copyOnlySelectedTracesToDevice:152] Copy time is 0.011533
 INFO: [selectTracesToBeUsedForMidpoint:181] Execution time for copying traces is 0.012338s
 INFO: [saveStatisticalResults:102] Total execution time for selecting traces is 0.0286548s
 INFO: [saveStatisticalResults:104] Total execution time for kernels is 0.690396s
 INFO: [run:16] m0 = 4900
 INFO: [activate:15] Activating GPU#0
 INFO: [selectTracesToBeUsedForMidpoint:113] Selecting traces for m0 = 4900
 INFO: [copyOnlySelectedTracesToDevice:118] Selected 1449 traces
 INFO: [copyOnlySelectedTracesToDevice:152] Copy time is 0.0115583
 INFO: [selectTracesToBeUsedForMidpoint:181] Execution time for copying traces is 0.0122885s
 INFO: [saveStatisticalResults:102] Total execution time for selecting traces is 0.0285943s
 INFO: [saveStatisticalResults:104] Total execution time for kernels is 0.703234s
 INFO: [run:16] m0 = 5060
 INFO: [activate:15] Activating GPU#0
 INFO: [selectTracesToBeUsedForMidpoint:113] Selecting traces for m0 = 5060
 INFO: [copyOnlySelectedTracesToDevice:118] Selected 1449 traces
 INFO: [copyOnlySelectedTracesToDevice:152] Copy time is 0.01168
 INFO: [selectTracesToBeUsedForMidpoint:181] Execution time for copying traces is 0.0124954s
 INFO: [saveStatisticalResults:102] Total execution time for selecting traces is 0.0288442s
 INFO: [saveStatisticalResults:104] Total execution time for kernels is 0.686746s
 INFO: [run:16] m0 = 5220
 INFO: [activate:15] Activating GPU#0
 INFO: [selectTracesToBeUsedForMidpoint:113] Selecting traces for m0 = 5220
 INFO: [copyOnlySelectedTracesToDevice:118] Selected 1449 traces
 INFO: [copyOnlySelectedTracesToDevice:152] Copy time is 0.0116129
 INFO: [selectTracesToBeUsedForMidpoint:181] Execution time for copying traces is 0.0123837s
 INFO: [saveStatisticalResults:102] Total execution time for selecting traces is 0.0287312s
 INFO: [saveStatisticalResults:104] Total execution time for kernels is 0.699246s
 INFO: [run:16] m0 = 5380
 INFO: [activate:15] Activating GPU#0
 INFO: [selectTracesToBeUsedForMidpoint:113] Selecting traces for m0 = 5380
 INFO: [copyOnlySelectedTracesToDevice:118] Selected 1449 traces
 INFO: [copyOnlySelectedTracesToDevice:152] Copy time is 0.011624
 INFO: [selectTracesToBeUsedForMidpoint:181] Execution time for copying traces is 0.0124257s
 INFO: [saveStatisticalResults:102] Total execution time for selecting traces is 0.0287616s
 INFO: [saveStatisticalResults:104] Total execution time for kernels is 0.688334s
 INFO: [run:16] m0 = 5540
 INFO: [activate:15] Activating GPU#0
 INFO: [selectTracesToBeUsedForMidpoint:113] Selecting traces for m0 = 5540
 INFO: [copyOnlySelectedTracesToDevice:118] Selected 1449 traces
 INFO: [copyOnlySelectedTracesToDevice:152] Copy time is 0.0115101
 INFO: [selectTracesToBeUsedForMidpoint:181] Execution time for copying traces is 0.0122824s
 INFO: [saveStatisticalResults:102] Total execution time for selecting traces is 0.0286191s
 INFO: [saveStatisticalResults:104] Total execution time for kernels is 0.692047s
 INFO: [run:16] m0 = 5700
 INFO: [activate:15] Activating GPU#0
 INFO: [selectTracesToBeUsedForMidpoint:113] Selecting traces for m0 = 5700
 INFO: [copyOnlySelectedTracesToDevice:118] Selected 1449 traces
 INFO: [copyOnlySelectedTracesToDevice:152] Copy time is 0.0116233
 INFO: [selectTracesToBeUsedForMidpoint:181] Execution time for copying traces is 0.0124394s
 INFO: [saveStatisticalResults:102] Total execution time for selecting traces is 0.0287666s
 INFO: [saveStatisticalResults:104] Total execution time for kernels is 0.684499s
 INFO: [run:16] m0 = 5860
 INFO: [activate:15] Activating GPU#0
 INFO: [selectTracesToBeUsedForMidpoint:113] Selecting traces for m0 = 5860
 INFO: [copyOnlySelectedTracesToDevice:118] Selected 1449 traces
 INFO: [copyOnlySelectedTracesToDevice:152] Copy time is 0.0116919
 INFO: [selectTracesToBeUsedForMidpoint:181] Execution time for copying traces is 0.012473s
 INFO: [saveStatisticalResults:102] Total execution time for selecting traces is 0.0288074s
 INFO: [saveStatisticalResults:104] Total execution time for kernels is 0.700169s
 INFO: [run:16] m0 = 6020
 INFO: [activate:15] Activating GPU#0
 INFO: [selectTracesToBeUsedForMidpoint:113] Selecting traces for m0 = 6020
 INFO: [copyOnlySelectedTracesToDevice:118] Selected 1449 traces
 INFO: [copyOnlySelectedTracesToDevice:152] Copy time is 0.0116594
 INFO: [selectTracesToBeUsedForMidpoint:181] Execution time for copying traces is 0.0124562s
 INFO: [saveStatisticalResults:102] Total execution time for selecting traces is 0.0287566s
 INFO: [saveStatisticalResults:104] Total execution time for kernels is 0.681072s
 INFO: [run:16] m0 = 6180
 INFO: [activate:15] Activating GPU#0
 INFO: [selectTracesToBeUsedForMidpoint:113] Selecting traces for m0 = 6180
 INFO: [copyOnlySelectedTracesToDevice:118] Selected 1449 traces
 INFO: [copyOnlySelectedTracesToDevice:152] Copy time is 0.0116365
 INFO: [selectTracesToBeUsedForMidpoint:181] Execution time for copying traces is 0.0124492s
 INFO: [saveStatisticalResults:102] Total execution time for selecting traces is 0.0287237s
 INFO: [saveStatisticalResults:104] Total execution time for kernels is 0.691034s
 INFO: [run:16] m0 = 6340
 INFO: [activate:15] Activating GPU#0
 INFO: [selectTracesToBeUsedForMidpoint:113] Selecting traces for m0 = 6340
 INFO: [copyOnlySelectedTracesToDevice:118] Selected 1449 traces
 INFO: [copyOnlySelectedTracesToDevice:152] Copy time is 0.0116354
 INFO: [selectTracesToBeUsedForMidpoint:181] Execution time for copying traces is 0.0124275s
 INFO: [saveStatisticalResults:102] Total execution time for selecting traces is 0.0286927s
 INFO: [saveStatisticalResults:104] Total execution time for kernels is 0.690325s
 INFO: [run:16] m0 = 6500
 INFO: [activate:15] Activating GPU#0
 INFO: [selectTracesToBeUsedForMidpoint:113] Selecting traces for m0 = 6500
 INFO: [copyOnlySelectedTracesToDevice:118] Selected 1449 traces
 INFO: [copyOnlySelectedTracesToDevice:152] Copy time is 0.0116053
 INFO: [selectTracesToBeUsedForMidpoint:181] Execution time for copying traces is 0.0124306s
 INFO: [saveStatisticalResults:102] Total execution time for selecting traces is 0.0287567s
 INFO: [saveStatisticalResults:104] Total execution time for kernels is 0.689913s
 INFO: [run:16] m0 = 6660
 INFO: [activate:15] Activating GPU#0
 INFO: [selectTracesToBeUsedForMidpoint:113] Selecting traces for m0 = 6660
 INFO: [copyOnlySelectedTracesToDevice:118] Selected 1449 traces
 INFO: [copyOnlySelectedTracesToDevice:152] Copy time is 0.0115951
 INFO: [selectTracesToBeUsedForMidpoint:181] Execution time for copying traces is 0.0124178s
 INFO: [saveStatisticalResults:102] Total execution time for selecting traces is 0.0287434s
 INFO: [saveStatisticalResults:104] Total execution time for kernels is 0.687324s
 INFO: [run:16] m0 = 6820
 INFO: [activate:15] Activating GPU#0
 INFO: [selectTracesToBeUsedForMidpoint:113] Selecting traces for m0 = 6820
 INFO: [copyOnlySelectedTracesToDevice:118] Selected 1449 traces
 INFO: [copyOnlySelectedTracesToDevice:152] Copy time is 0.0115634
 INFO: [selectTracesToBeUsedForMidpoint:181] Execution time for copying traces is 0.0123054s
 INFO: [saveStatisticalResults:102] Total execution time for selecting traces is 0.0286177s
 INFO: [saveStatisticalResults:104] Total execution time for kernels is 0.688893s
 INFO: [run:16] m0 = 6980
 INFO: [activate:15] Activating GPU#0
 INFO: [selectTracesToBeUsedForMidpoint:113] Selecting traces for m0 = 6980
 INFO: [copyOnlySelectedTracesToDevice:118] Selected 1449 traces
 INFO: [copyOnlySelectedTracesToDevice:152] Copy time is 0.0116292
 INFO: [selectTracesToBeUsedForMidpoint:181] Execution time for copying traces is 0.0124364s
 INFO: [saveStatisticalResults:102] Total execution time for selecting traces is 0.0287534s
 INFO: [saveStatisticalResults:104] Total execution time for kernels is 0.68079s
 INFO: [run:16] m0 = 7140
 INFO: [activate:15] Activating GPU#0
 INFO: [selectTracesToBeUsedForMidpoint:113] Selecting traces for m0 = 7140
 INFO: [copyOnlySelectedTracesToDevice:118] Selected 1449 traces
 INFO: [copyOnlySelectedTracesToDevice:152] Copy time is 0.0115542
 INFO: [selectTracesToBeUsedForMidpoint:181] Execution time for copying traces is 0.0122771s
 INFO: [saveStatisticalResults:102] Total execution time for selecting traces is 0.0285916s
 INFO: [saveStatisticalResults:104] Total execution time for kernels is 0.691912s
 INFO: [run:16] m0 = 7300
 INFO: [activate:15] Activating GPU#0
 INFO: [selectTracesToBeUsedForMidpoint:113] Selecting traces for m0 = 7300
 INFO: [copyOnlySelectedTracesToDevice:118] Selected 1449 traces
 INFO: [copyOnlySelectedTracesToDevice:152] Copy time is 0.0115357
 INFO: [selectTracesToBeUsedForMidpoint:181] Execution time for copying traces is 0.0122676s
 INFO: [saveStatisticalResults:102] Total execution time for selecting traces is 0.0285802s
 INFO: [saveStatisticalResults:104] Total execution time for kernels is 0.682747s
 INFO: [run:16] m0 = 7460
 INFO: [activate:15] Activating GPU#0
 INFO: [selectTracesToBeUsedForMidpoint:113] Selecting traces for m0 = 7460
 INFO: [copyOnlySelectedTracesToDevice:118] Selected 1449 traces
 INFO: [copyOnlySelectedTracesToDevice:152] Copy time is 0.0116486
 INFO: [selectTracesToBeUsedForMidpoint:181] Execution time for copying traces is 0.01241s
 INFO: [saveStatisticalResults:102] Total execution time for selecting traces is 0.0295641s
 INFO: [saveStatisticalResults:104] Total execution time for kernels is 0.698541s
 INFO: [run:16] m0 = 7620
 INFO: [activate:15] Activating GPU#0
 INFO: [selectTracesToBeUsedForMidpoint:113] Selecting traces for m0 = 7620
 INFO: [copyOnlySelectedTracesToDevice:118] Selected 1449 traces
 INFO: [copyOnlySelectedTracesToDevice:152] Copy time is 0.0114913
 INFO: [selectTracesToBeUsedForMidpoint:181] Execution time for copying traces is 0.0122451s
 INFO: [saveStatisticalResults:102] Total execution time for selecting traces is 0.0285606s
 INFO: [saveStatisticalResults:104] Total execution time for kernels is 0.686283s
 INFO: [run:16] m0 = 7780
 INFO: [activate:15] Activating GPU#0
 INFO: [selectTracesToBeUsedForMidpoint:113] Selecting traces for m0 = 7780
 INFO: [copyOnlySelectedTracesToDevice:118] Selected 1449 traces
 INFO: [copyOnlySelectedTracesToDevice:152] Copy time is 0.0114957
 INFO: [selectTracesToBeUsedForMidpoint:181] Execution time for copying traces is 0.0122473s
 INFO: [saveStatisticalResults:102] Total execution time for selecting traces is 0.0285637s
 INFO: [saveStatisticalResults:104] Total execution time for kernels is 0.675611s
 INFO: [run:16] m0 = 7940
 INFO: [activate:15] Activating GPU#0
 INFO: [selectTracesToBeUsedForMidpoint:113] Selecting traces for m0 = 7940
 INFO: [copyOnlySelectedTracesToDevice:118] Selected 1449 traces
 INFO: [copyOnlySelectedTracesToDevice:152] Copy time is 0.011521
 INFO: [selectTracesToBeUsedForMidpoint:181] Execution time for copying traces is 0.01224s
 INFO: [saveStatisticalResults:102] Total execution time for selecting traces is 0.0285505s
 INFO: [saveStatisticalResults:104] Total execution time for kernels is 0.678789s
 INFO: [run:16] m0 = 8100
 INFO: [activate:15] Activating GPU#0
 INFO: [selectTracesToBeUsedForMidpoint:113] Selecting traces for m0 = 8100
 INFO: [copyOnlySelectedTracesToDevice:118] Selected 1443 traces
 INFO: [copyOnlySelectedTracesToDevice:152] Copy time is 0.0114223
 INFO: [selectTracesToBeUsedForMidpoint:181] Execution time for copying traces is 0.0121998s
 INFO: [saveStatisticalResults:102] Total execution time for selecting traces is 0.0285359s
 INFO: [saveStatisticalResults:104] Total execution time for kernels is 0.682953s
 INFO: [run:16] m0 = 8260
 INFO: [activate:15] Activating GPU#0
 INFO: [selectTracesToBeUsedForMidpoint:113] Selecting traces for m0 = 8260
 INFO: [copyOnlySelectedTracesToDevice:118] Selected 1421 traces
 INFO: [copyOnlySelectedTracesToDevice:152] Copy time is 0.0113052
 INFO: [selectTracesToBeUsedForMidpoint:181] Execution time for copying traces is 0.0120216s
 INFO: [saveStatisticalResults:102] Total execution time for selecting traces is 0.028338s
 INFO: [saveStatisticalResults:104] Total execution time for kernels is 0.676395s
 INFO: [run:16] m0 = 8420
 INFO: [activate:15] Activating GPU#0
 INFO: [selectTracesToBeUsedForMidpoint:113] Selecting traces for m0 = 8420
 INFO: [copyOnlySelectedTracesToDevice:118] Selected 1383 traces
 INFO: [copyOnlySelectedTracesToDevice:152] Copy time is 0.0110665
 INFO: [selectTracesToBeUsedForMidpoint:181] Execution time for copying traces is 0.011879s
 INFO: [saveStatisticalResults:102] Total execution time for selecting traces is 0.0281655s
 INFO: [saveStatisticalResults:104] Total execution time for kernels is 0.683671s
 INFO: [run:16] m0 = 8580
 INFO: [activate:15] Activating GPU#0
 INFO: [selectTracesToBeUsedForMidpoint:113] Selecting traces for m0 = 8580
 INFO: [copyOnlySelectedTracesToDevice:118] Selected 1329 traces
 INFO: [copyOnlySelectedTracesToDevice:152] Copy time is 0.0106226
 INFO: [selectTracesToBeUsedForMidpoint:181] Execution time for copying traces is 0.0113987s
 INFO: [saveStatisticalResults:102] Total execution time for selecting traces is 0.0276974s
 INFO: [saveStatisticalResults:104] Total execution time for kernels is 0.657164s
 INFO: [run:16] m0 = 8740
 INFO: [activate:15] Activating GPU#0
 INFO: [selectTracesToBeUsedForMidpoint:113] Selecting traces for m0 = 8740
 INFO: [copyOnlySelectedTracesToDevice:118] Selected 1259 traces
 INFO: [copyOnlySelectedTracesToDevice:152] Copy time is 0.0100313
 INFO: [selectTracesToBeUsedForMidpoint:181] Execution time for copying traces is 0.0108124s
 INFO: [saveStatisticalResults:102] Total execution time for selecting traces is 0.0271571s
 INFO: [saveStatisticalResults:104] Total execution time for kernels is 0.639945s
 INFO: [run:16] m0 = 8900
 INFO: [activate:15] Activating GPU#0
 INFO: [selectTracesToBeUsedForMidpoint:113] Selecting traces for m0 = 8900
 INFO: [copyOnlySelectedTracesToDevice:118] Selected 1173 traces
 INFO: [copyOnlySelectedTracesToDevice:152] Copy time is 0.00939056
 INFO: [selectTracesToBeUsedForMidpoint:181] Execution time for copying traces is 0.0101434s
 INFO: [saveStatisticalResults:102] Total execution time for selecting traces is 0.026469s
 INFO: [saveStatisticalResults:104] Total execution time for kernels is 0.597423s
 INFO: [run:16] m0 = 9060
 INFO: [activate:15] Activating GPU#0
 INFO: [selectTracesToBeUsedForMidpoint:113] Selecting traces for m0 = 9060
 INFO: [copyOnlySelectedTracesToDevice:118] Selected 1071 traces
 INFO: [copyOnlySelectedTracesToDevice:152] Copy time is 0.00850961
 INFO: [selectTracesToBeUsedForMidpoint:181] Execution time for copying traces is 0.0092022s
 INFO: [saveStatisticalResults:102] Total execution time for selecting traces is 0.0254961s
 INFO: [saveStatisticalResults:104] Total execution time for kernels is 0.531369s
 INFO: [run:16] m0 = 9220
 INFO: [activate:15] Activating GPU#0
 INFO: [selectTracesToBeUsedForMidpoint:113] Selecting traces for m0 = 9220
 INFO: [copyOnlySelectedTracesToDevice:118] Selected 953 traces
 INFO: [copyOnlySelectedTracesToDevice:152] Copy time is 0.00760255
 INFO: [selectTracesToBeUsedForMidpoint:181] Execution time for copying traces is 0.00825221s
 INFO: [saveStatisticalResults:102] Total execution time for selecting traces is 0.0245638s
 INFO: [saveStatisticalResults:104] Total execution time for kernels is 0.437034s
 INFO: [run:16] m0 = 9380
 INFO: [activate:15] Activating GPU#0
 INFO: [selectTracesToBeUsedForMidpoint:113] Selecting traces for m0 = 9380
 INFO: [copyOnlySelectedTracesToDevice:118] Selected 819 traces
 INFO: [copyOnlySelectedTracesToDevice:152] Copy time is 0.00654743
 INFO: [selectTracesToBeUsedForMidpoint:181] Execution time for copying traces is 0.00714807s
 INFO: [saveStatisticalResults:102] Total execution time for selecting traces is 0.0234581s
 INFO: [saveStatisticalResults:104] Total execution time for kernels is 0.316194s
 INFO: [run:16] m0 = 9540
 INFO: [activate:15] Activating GPU#0
 INFO: [selectTracesToBeUsedForMidpoint:113] Selecting traces for m0 = 9540
 INFO: [copyOnlySelectedTracesToDevice:118] Selected 669 traces
 INFO: [copyOnlySelectedTracesToDevice:152] Copy time is 0.00533178
 INFO: [selectTracesToBeUsedForMidpoint:181] Execution time for copying traces is 0.00584503s
 INFO: [saveStatisticalResults:102] Total execution time for selecting traces is 0.0221585s
 INFO: [saveStatisticalResults:104] Total execution time for kernels is 0.183255s
 INFO: [run:16] m0 = 9700
 INFO: [activate:15] Activating GPU#0
 INFO: [selectTracesToBeUsedForMidpoint:113] Selecting traces for m0 = 9700
 INFO: [copyOnlySelectedTracesToDevice:118] Selected 503 traces
 INFO: [copyOnlySelectedTracesToDevice:152] Copy time is 0.0041616
 INFO: [selectTracesToBeUsedForMidpoint:181] Execution time for copying traces is 0.0046751s
 INFO: [saveStatisticalResults:102] Total execution time for selecting traces is 0.023255s
 INFO: [saveStatisticalResults:104] Total execution time for kernels is 0.0905247s
 INFO: [run:16] m0 = 9860
 INFO: [activate:15] Activating GPU#0
 INFO: [selectTracesToBeUsedForMidpoint:113] Selecting traces for m0 = 9860
 INFO: [copyOnlySelectedTracesToDevice:118] Selected 322 traces
 INFO: [copyOnlySelectedTracesToDevice:152] Copy time is 0.00281376
 INFO: [selectTracesToBeUsedForMidpoint:181] Execution time for copying traces is 0.00334914s
 INFO: [saveStatisticalResults:102] Total execution time for selecting traces is 0.0459251s
 INFO: [saveStatisticalResults:104] Total execution time for kernels is 0.0485688s
 INFO: [run:16] m0 = 9880
 INFO: [activate:15] Activating GPU#0
 INFO: [selectTracesToBeUsedForMidpoint:113] Selecting traces for m0 = 9880
 INFO: [copyOnlySelectedTracesToDevice:118] Selected 276 traces
 INFO: [copyOnlySelectedTracesToDevice:152] Copy time is 0.00243748
 INFO: [selectTracesToBeUsedForMidpoint:181] Execution time for copying traces is 0.00289061s
 INFO: [saveStatisticalResults:102] Total execution time for selecting traces is 0.0454639s
 INFO: [saveStatisticalResults:104] Total execution time for kernels is 0.0424948s
