 INFO: Number of CDPs = 445
 INFO: Number of traces in the gather = 9200
 INFO: Number of samples per trace = 2502
 INFO: Computing semblance for m0 = 0
 INFO: No trace has been selected for m0 = 0. Skipping.
 INFO: Computing semblance for m0 = 1080
 INFO: Computing semblance for m0 = 1100
 INFO: Computing semblance for m0 = 1120
 INFO: Total execution time for kernels is 1.7037e-05s
 INFO: Computing semblance for m0 = 1140
 INFO: Total execution time for kernels is 0.0511211s
 INFO: Computing semblance for m0 = 1160
 INFO: Total execution time for kernels is 0.0617516s
 INFO: Computing semblance for m0 = 1180
 INFO: Total execution time for kernels is 0.0725614s
 INFO: Computing semblance for m0 = 1200
 INFO: Total execution time for kernels is 0.0863081s
 INFO: Computing semblance for m0 = 1220
 INFO: Total execution time for kernels is 0.100641s
 INFO: Computing semblance for m0 = 1240
 INFO: Total execution time for kernels is 0.117023s
 INFO: Computing semblance for m0 = 1260
 INFO: Total execution time for kernels is 0.132635s
 INFO: Computing semblance for m0 = 1280
 INFO: Total execution time for kernels is 0.152171s
 INFO: Computing semblance for m0 = 1300
 INFO: Total execution time for kernels is 0.167566s
 INFO: Computing semblance for m0 = 1320
 INFO: Total execution time for kernels is 0.185754s
 INFO: Computing semblance for m0 = 1340
 INFO: Total execution time for kernels is 0.202257s
 INFO: Computing semblance for m0 = 1360
 INFO: Total execution time for kernels is 0.222258s
 INFO: Computing semblance for m0 = 1380
 INFO: Total execution time for kernels is 0.238981s
 INFO: Computing semblance for m0 = 1400
 INFO: Total execution time for kernels is 0.25827s
 INFO: Computing semblance for m0 = 1420
 INFO: Total execution time for kernels is 0.27581s
 INFO: Computing semblance for m0 = 1440
 INFO: Total execution time for kernels is 0.296497s
 INFO: Computing semblance for m0 = 1460
 INFO: Total execution time for kernels is 0.313513s
 INFO: Computing semblance for m0 = 1480
 INFO: Total execution time for kernels is 0.332549s
 INFO: Computing semblance for m0 = 1500
 INFO: Total execution time for kernels is 0.350033s
 INFO: Computing semblance for m0 = 1520
 INFO: Total execution time for kernels is 0.370733s
 INFO: Computing semblance for m0 = 1540
 INFO: Total execution time for kernels is 0.388157s
 INFO: Computing semblance for m0 = 1560
 INFO: Total execution time for kernels is 0.407506s
 INFO: Computing semblance for m0 = 1580
 INFO: Total execution time for kernels is 0.426246s
 INFO: Computing semblance for m0 = 1600
 INFO: Total execution time for kernels is 0.446717s
 INFO: Computing semblance for m0 = 1620
 INFO: Total execution time for kernels is 0.464167s
 INFO: Computing semblance for m0 = 1640
 INFO: Total execution time for kernels is 0.482154s
 INFO: Computing semblance for m0 = 1660
 INFO: Total execution time for kernels is 0.500304s
 INFO: Computing semblance for m0 = 1680
 INFO: Total execution time for kernels is 0.522798s
 INFO: Computing semblance for m0 = 1700
 INFO: Total execution time for kernels is 0.539545s
 INFO: Computing semblance for m0 = 1720
 INFO: Total execution time for kernels is 0.557857s
 INFO: Computing semblance for m0 = 1740
 INFO: Total execution time for kernels is 0.576548s
 INFO: Computing semblance for m0 = 1760
 INFO: Total execution time for kernels is 0.596898s
 INFO: Computing semblance for m0 = 1780
 INFO: Total execution time for kernels is 0.614654s
 INFO: Computing semblance for m0 = 1800
 INFO: Total execution time for kernels is 0.632236s
 INFO: Computing semblance for m0 = 1820
 INFO: Total execution time for kernels is 0.649337s
 INFO: Computing semblance for m0 = 1840
 INFO: Total execution time for kernels is 0.672599s
 INFO: Computing semblance for m0 = 1860
 INFO: Total execution time for kernels is 0.689962s
 INFO: Computing semblance for m0 = 1880
 INFO: Total execution time for kernels is 0.708456s
 INFO: Computing semblance for m0 = 1900
 INFO: Total execution time for kernels is 0.724612s
 INFO: Computing semblance for m0 = 1920
 INFO: Total execution time for kernels is 0.744109s
 INFO: Computing semblance for m0 = 1940
 INFO: Total execution time for kernels is 0.760141s
 INFO: Computing semblance for m0 = 1960
 INFO: Total execution time for kernels is 0.771451s
 INFO: Computing semblance for m0 = 1980
 INFO: Total execution time for kernels is 0.784166s
 INFO: Computing semblance for m0 = 2000
 INFO: Total execution time for kernels is 0.799238s
 INFO: Computing semblance for m0 = 2020
 INFO: Total execution time for kernels is 0.806851s
 INFO: Computing semblance for m0 = 2040
 INFO: Total execution time for kernels is 0.814588s
 INFO: Computing semblance for m0 = 2060
 INFO: Total execution time for kernels is 0.827163s
 INFO: Computing semblance for m0 = 2080
 INFO: Total execution time for kernels is 0.833183s
 INFO: Computing semblance for m0 = 2100
 INFO: Total execution time for kernels is 0.840309s
 INFO: Computing semblance for m0 = 2120
 INFO: Total execution time for kernels is 0.842603s
 INFO: Computing semblance for m0 = 2140
 INFO: Total execution time for kernels is 0.845754s
 INFO: Computing semblance for m0 = 2160
 INFO: Total execution time for kernels is 0.849932s
 INFO: Computing semblance for m0 = 2180
 INFO: Total execution time for kernels is 0.849466s
 INFO: Computing semblance for m0 = 2200
 INFO: Total execution time for kernels is 0.847905s
 INFO: Computing semblance for m0 = 2220
 INFO: Total execution time for kernels is 0.848689s
 INFO: Computing semblance for m0 = 2240
 INFO: Total execution time for kernels is 0.85176s
 INFO: Computing semblance for m0 = 2260
 INFO: Total execution time for kernels is 0.851008s
 INFO: Computing semblance for m0 = 2280
 INFO: Total execution time for kernels is 0.84877s
 INFO: Computing semblance for m0 = 2300
 INFO: Total execution time for kernels is 0.848198s
 INFO: Computing semblance for m0 = 2320
 INFO: Total execution time for kernels is 0.850819s
 INFO: Computing semblance for m0 = 2340
 INFO: Total execution time for kernels is 0.850333s
 INFO: Computing semblance for m0 = 2360
 INFO: Total execution time for kernels is 0.848275s
 INFO: Computing semblance for m0 = 2380
 INFO: Total execution time for kernels is 0.847551s
 INFO: Computing semblance for m0 = 2400
 INFO: Total execution time for kernels is 0.852253s
 INFO: Computing semblance for m0 = 2420
 INFO: Total execution time for kernels is 0.850769s
 INFO: Computing semblance for m0 = 2440
 INFO: Total execution time for kernels is 0.849576s
 INFO: Computing semblance for m0 = 2460
 INFO: Total execution time for kernels is 0.849333s
 INFO: Computing semblance for m0 = 2480
 INFO: Total execution time for kernels is 0.853177s
 INFO: Computing semblance for m0 = 2500
 INFO: Total execution time for kernels is 0.853238s
 INFO: Computing semblance for m0 = 2520
 INFO: Total execution time for kernels is 0.847939s
 INFO: Computing semblance for m0 = 2540
 INFO: Total execution time for kernels is 0.849341s
 INFO: Computing semblance for m0 = 2560
 INFO: Total execution time for kernels is 0.851376s
 INFO: Computing semblance for m0 = 2580
 INFO: Total execution time for kernels is 0.854127s
 INFO: Computing semblance for m0 = 2600
 INFO: Total execution time for kernels is 0.847646s
 INFO: Computing semblance for m0 = 2620
 INFO: Total execution time for kernels is 0.847761s
 INFO: Computing semblance for m0 = 2640
 INFO: Total execution time for kernels is 0.851376s
 INFO: Computing semblance for m0 = 2660
 INFO: Total execution time for kernels is 0.851972s
 INFO: Computing semblance for m0 = 2680
 INFO: Total execution time for kernels is 0.850011s
 INFO: Computing semblance for m0 = 2700
 INFO: Total execution time for kernels is 0.848148s
 INFO: Computing semblance for m0 = 2720
 INFO: Total execution time for kernels is 0.850627s
 INFO: Computing semblance for m0 = 2740
 INFO: Total execution time for kernels is 0.851669s
 INFO: Computing semblance for m0 = 2760
 INFO: Total execution time for kernels is 0.848176s
 INFO: Computing semblance for m0 = 2780
 INFO: Total execution time for kernels is 0.8492s
 INFO: Computing semblance for m0 = 2800
 INFO: Total execution time for kernels is 0.851388s
 INFO: Computing semblance for m0 = 2820
 INFO: Total execution time for kernels is 0.849643s
 INFO: Computing semblance for m0 = 2840
 INFO: Total execution time for kernels is 0.850091s
 INFO: Computing semblance for m0 = 2860
 INFO: Total execution time for kernels is 0.848688s
 INFO: Computing semblance for m0 = 2880
 INFO: Total execution time for kernels is 0.852744s
 INFO: Computing semblance for m0 = 2900
 INFO: Total execution time for kernels is 0.851871s
 INFO: Computing semblance for m0 = 2920
 INFO: Total execution time for kernels is 0.849569s
 INFO: Computing semblance for m0 = 2940
 INFO: Total execution time for kernels is 0.848929s
 INFO: Computing semblance for m0 = 2960
 INFO: Total execution time for kernels is 0.853353s
 INFO: Computing semblance for m0 = 2980
 INFO: Total execution time for kernels is 0.851678s
 INFO: Computing semblance for m0 = 3000
 INFO: Total execution time for kernels is 0.848999s
 INFO: Computing semblance for m0 = 3020
 INFO: Total execution time for kernels is 0.848212s
 INFO: Computing semblance for m0 = 3040
 INFO: Total execution time for kernels is 0.850622s
 INFO: Computing semblance for m0 = 3060
 INFO: Total execution time for kernels is 0.851902s
 INFO: Computing semblance for m0 = 3080
 INFO: Total execution time for kernels is 0.848229s
 INFO: Computing semblance for m0 = 3100
 INFO: Total execution time for kernels is 0.849444s
 INFO: Computing semblance for m0 = 3120
 INFO: Total execution time for kernels is 0.85349s
 INFO: Computing semblance for m0 = 3140
 INFO: Total execution time for kernels is 0.850727s
 INFO: Computing semblance for m0 = 3160
 INFO: Total execution time for kernels is 0.847997s
 INFO: Computing semblance for m0 = 3180
 INFO: Total execution time for kernels is 0.848591s
 INFO: Computing semblance for m0 = 3200
 INFO: Total execution time for kernels is 0.852176s
 INFO: Computing semblance for m0 = 3220
 INFO: Total execution time for kernels is 0.850146s
 INFO: Computing semblance for m0 = 3240
 INFO: Total execution time for kernels is 0.851319s
 INFO: Computing semblance for m0 = 3260
 INFO: Total execution time for kernels is 0.849014s
 INFO: Computing semblance for m0 = 3280
 INFO: Total execution time for kernels is 0.853375s
 INFO: Computing semblance for m0 = 3300
 INFO: Total execution time for kernels is 0.851422s
 INFO: Computing semblance for m0 = 3320
 INFO: Total execution time for kernels is 0.848923s
 INFO: Computing semblance for m0 = 3340
 INFO: Total execution time for kernels is 0.847108s
 INFO: Computing semblance for m0 = 3360
 INFO: Total execution time for kernels is 0.851871s
 INFO: Computing semblance for m0 = 3380
 INFO: Total execution time for kernels is 0.850054s
 INFO: Computing semblance for m0 = 3400
 INFO: Total execution time for kernels is 0.848962s
 INFO: Computing semblance for m0 = 3420
 INFO: Total execution time for kernels is 0.849135s
 INFO: Computing semblance for m0 = 3440
 INFO: Total execution time for kernels is 0.852832s
 INFO: Computing semblance for m0 = 3460
 INFO: Total execution time for kernels is 0.851423s
 INFO: Computing semblance for m0 = 3480
 INFO: Total execution time for kernels is 0.847828s
 INFO: Computing semblance for m0 = 3500
 INFO: Total execution time for kernels is 0.847668s
 INFO: Computing semblance for m0 = 3520
 INFO: Total execution time for kernels is 0.852774s
 INFO: Computing semblance for m0 = 3540
 INFO: Total execution time for kernels is 0.852668s
 INFO: Computing semblance for m0 = 3560
 INFO: Total execution time for kernels is 0.849403s
 INFO: Computing semblance for m0 = 3580
 INFO: Total execution time for kernels is 0.849609s
 INFO: Computing semblance for m0 = 3600
 INFO: Total execution time for kernels is 0.852713s
 INFO: Computing semblance for m0 = 3620
 INFO: Total execution time for kernels is 0.848987s
 INFO: Computing semblance for m0 = 3640
 INFO: Total execution time for kernels is 0.849451s
 INFO: Computing semblance for m0 = 3660
 INFO: Total execution time for kernels is 0.847765s
 INFO: Computing semblance for m0 = 3680
 INFO: Total execution time for kernels is 0.850642s
 INFO: Computing semblance for m0 = 3700
 INFO: Total execution time for kernels is 0.84856s
 INFO: Computing semblance for m0 = 3720
 INFO: Total execution time for kernels is 0.848361s
 INFO: Computing semblance for m0 = 3740
 INFO: Total execution time for kernels is 0.847322s
 INFO: Computing semblance for m0 = 3760
 INFO: Total execution time for kernels is 0.852502s
 INFO: Computing semblance for m0 = 3780
 INFO: Total execution time for kernels is 0.8493s
 INFO: Computing semblance for m0 = 3800
 INFO: Total execution time for kernels is 0.85015s
 INFO: Computing semblance for m0 = 3820
 INFO: Total execution time for kernels is 0.846681s
 INFO: Computing semblance for m0 = 3840
 INFO: Total execution time for kernels is 0.851446s
 INFO: Computing semblance for m0 = 3860
 INFO: Total execution time for kernels is 0.848834s
 INFO: Computing semblance for m0 = 3880
 INFO: Total execution time for kernels is 0.846569s
 INFO: Computing semblance for m0 = 3900
 INFO: Total execution time for kernels is 0.847894s
 INFO: Computing semblance for m0 = 3920
 INFO: Total execution time for kernels is 0.851585s
 INFO: Computing semblance for m0 = 3940
 INFO: Total execution time for kernels is 0.849851s
 INFO: Computing semblance for m0 = 3960
 INFO: Total execution time for kernels is 0.84917s
 INFO: Computing semblance for m0 = 3980
 INFO: Total execution time for kernels is 0.84696s
 INFO: Computing semblance for m0 = 4000
 INFO: Total execution time for kernels is 0.849333s
 INFO: Computing semblance for m0 = 4020
 INFO: Total execution time for kernels is 0.849351s
 INFO: Computing semblance for m0 = 4040
 INFO: Total execution time for kernels is 0.848305s
 INFO: Computing semblance for m0 = 4060
 INFO: Total execution time for kernels is 0.848074s
 INFO: Computing semblance for m0 = 4080
 INFO: Total execution time for kernels is 0.851045s
 INFO: Computing semblance for m0 = 4100
 INFO: Total execution time for kernels is 0.851881s
 INFO: Computing semblance for m0 = 4120
 INFO: Total execution time for kernels is 0.849119s
 INFO: Computing semblance for m0 = 4140
 INFO: Total execution time for kernels is 0.846338s
 INFO: Computing semblance for m0 = 4160
 INFO: Total execution time for kernels is 0.851462s
 INFO: Computing semblance for m0 = 4180
 INFO: Total execution time for kernels is 0.850387s
 INFO: Computing semblance for m0 = 4200
 INFO: Total execution time for kernels is 0.848384s
 INFO: Computing semblance for m0 = 4220
 INFO: Total execution time for kernels is 0.848432s
 INFO: Computing semblance for m0 = 4240
 INFO: Total execution time for kernels is 0.851161s
 INFO: Computing semblance for m0 = 4260
 INFO: Total execution time for kernels is 0.84876s
 INFO: Computing semblance for m0 = 4280
 INFO: Total execution time for kernels is 0.849372s
 INFO: Computing semblance for m0 = 4300
 INFO: Total execution time for kernels is 0.84704s
 INFO: Computing semblance for m0 = 4320
 INFO: Total execution time for kernels is 0.848687s
 INFO: Computing semblance for m0 = 4340
 INFO: Total execution time for kernels is 0.848702s
 INFO: Computing semblance for m0 = 4360
 INFO: Total execution time for kernels is 0.849014s
 INFO: Computing semblance for m0 = 4380
 INFO: Total execution time for kernels is 0.846785s
 INFO: Computing semblance for m0 = 4400
 INFO: Total execution time for kernels is 0.854813s
 INFO: Computing semblance for m0 = 4420
 INFO: Total execution time for kernels is 0.850186s
 INFO: Computing semblance for m0 = 4440
 INFO: Total execution time for kernels is 0.849038s
 INFO: Computing semblance for m0 = 4460
 INFO: Total execution time for kernels is 0.846099s
 INFO: Computing semblance for m0 = 4480
 INFO: Total execution time for kernels is 0.850726s
 INFO: Computing semblance for m0 = 4500
 INFO: Total execution time for kernels is 0.850014s
 INFO: Computing semblance for m0 = 4520
 INFO: Total execution time for kernels is 0.847744s
 INFO: Computing semblance for m0 = 4540
 INFO: Total execution time for kernels is 0.847618s
 INFO: Computing semblance for m0 = 4560
 INFO: Total execution time for kernels is 0.851167s
 INFO: Computing semblance for m0 = 4580
 INFO: Total execution time for kernels is 0.849309s
 INFO: Computing semblance for m0 = 4600
 INFO: Total execution time for kernels is 0.847991s
 INFO: Computing semblance for m0 = 4620
 INFO: Total execution time for kernels is 0.84573s
 INFO: Computing semblance for m0 = 4640
 INFO: Total execution time for kernels is 0.850459s
 INFO: Computing semblance for m0 = 4660
 INFO: Total execution time for kernels is 0.850558s
 INFO: Computing semblance for m0 = 4680
 INFO: Total execution time for kernels is 0.848019s
 INFO: Computing semblance for m0 = 4700
 INFO: Total execution time for kernels is 0.847444s
 INFO: Computing semblance for m0 = 4720
 INFO: Total execution time for kernels is 0.851298s
 INFO: Computing semblance for m0 = 4740
 INFO: Total execution time for kernels is 0.850236s
 INFO: Computing semblance for m0 = 4760
 INFO: Total execution time for kernels is 0.848668s
 INFO: Computing semblance for m0 = 4780
 INFO: Total execution time for kernels is 0.846173s
 INFO: Computing semblance for m0 = 4800
 INFO: Total execution time for kernels is 0.850205s
 INFO: Computing semblance for m0 = 4820
 INFO: Total execution time for kernels is 0.850089s
 INFO: Computing semblance for m0 = 4840
 INFO: Total execution time for kernels is 0.849161s
 INFO: Computing semblance for m0 = 4860
 INFO: Total execution time for kernels is 0.847857s
 INFO: Computing semblance for m0 = 4880
 INFO: Total execution time for kernels is 0.852259s
 INFO: Computing semblance for m0 = 4900
 INFO: Total execution time for kernels is 0.848399s
 INFO: Computing semblance for m0 = 4920
 INFO: Total execution time for kernels is 0.848386s
 INFO: Computing semblance for m0 = 4940
 INFO: Total execution time for kernels is 0.845892s
 INFO: Computing semblance for m0 = 4960
 INFO: Total execution time for kernels is 0.85115s
 INFO: Computing semblance for m0 = 4980
 INFO: Total execution time for kernels is 0.851868s
 INFO: Computing semblance for m0 = 5000
 INFO: Total execution time for kernels is 0.849057s
 INFO: Computing semblance for m0 = 5020
 INFO: Total execution time for kernels is 0.84913s
 INFO: Computing semblance for m0 = 5040
 INFO: Total execution time for kernels is 0.854313s
 INFO: Computing semblance for m0 = 5060
 INFO: Total execution time for kernels is 0.851369s
 INFO: Computing semblance for m0 = 5080
 INFO: Total execution time for kernels is 0.849728s
 INFO: Computing semblance for m0 = 5100
 INFO: Total execution time for kernels is 0.847877s
 INFO: Computing semblance for m0 = 5120
 INFO: Total execution time for kernels is 0.850312s
 INFO: Computing semblance for m0 = 5140
 INFO: Total execution time for kernels is 0.850976s
 INFO: Computing semblance for m0 = 5160
 INFO: Total execution time for kernels is 0.848675s
 INFO: Computing semblance for m0 = 5180
 INFO: Total execution time for kernels is 0.849042s
 INFO: Computing semblance for m0 = 5200
 INFO: Total execution time for kernels is 0.851934s
 INFO: Computing semblance for m0 = 5220
 INFO: Total execution time for kernels is 0.851326s
 INFO: Computing semblance for m0 = 5240
 INFO: Total execution time for kernels is 0.850138s
 INFO: Computing semblance for m0 = 5260
 INFO: Total execution time for kernels is 0.848997s
 INFO: Computing semblance for m0 = 5280
 INFO: Total execution time for kernels is 0.851779s
 INFO: Computing semblance for m0 = 5300
 INFO: Total execution time for kernels is 0.851824s
 INFO: Computing semblance for m0 = 5320
 INFO: Total execution time for kernels is 0.849162s
 INFO: Computing semblance for m0 = 5340
 INFO: Total execution time for kernels is 0.849934s
 INFO: Computing semblance for m0 = 5360
 INFO: Total execution time for kernels is 0.851382s
 INFO: Computing semblance for m0 = 5380
 INFO: Total execution time for kernels is 0.851564s
 INFO: Computing semblance for m0 = 5400
 INFO: Total execution time for kernels is 0.848342s
 INFO: Computing semblance for m0 = 5420
 INFO: Total execution time for kernels is 0.848829s
 INFO: Computing semblance for m0 = 5440
 INFO: Total execution time for kernels is 0.851609s
 INFO: Computing semblance for m0 = 5460
 INFO: Total execution time for kernels is 0.851218s
 INFO: Computing semblance for m0 = 5480
 INFO: Total execution time for kernels is 0.848993s
 INFO: Computing semblance for m0 = 5500
 INFO: Total execution time for kernels is 0.84897s
 INFO: Computing semblance for m0 = 5520
 INFO: Total execution time for kernels is 0.853259s
 INFO: Computing semblance for m0 = 5540
 INFO: Total execution time for kernels is 0.850269s
 INFO: Computing semblance for m0 = 5560
 INFO: Total execution time for kernels is 0.849808s
 INFO: Computing semblance for m0 = 5580
 INFO: Total execution time for kernels is 0.848488s
 INFO: Computing semblance for m0 = 5600
 INFO: Total execution time for kernels is 0.851648s
 INFO: Computing semblance for m0 = 5620
 INFO: Total execution time for kernels is 0.851561s
 INFO: Computing semblance for m0 = 5640
 INFO: Total execution time for kernels is 0.849336s
 INFO: Computing semblance for m0 = 5660
 INFO: Total execution time for kernels is 0.849445s
 INFO: Computing semblance for m0 = 5680
 INFO: Total execution time for kernels is 0.853398s
 INFO: Computing semblance for m0 = 5700
 INFO: Total execution time for kernels is 0.850453s
 INFO: Computing semblance for m0 = 5720
 INFO: Total execution time for kernels is 0.848965s
 INFO: Computing semblance for m0 = 5740
 INFO: Total execution time for kernels is 0.848414s
 INFO: Computing semblance for m0 = 5760
 INFO: Total execution time for kernels is 0.850766s
 INFO: Computing semblance for m0 = 5780
 INFO: Total execution time for kernels is 0.851429s
 INFO: Computing semblance for m0 = 5800
 INFO: Total execution time for kernels is 0.847882s
 INFO: Computing semblance for m0 = 5820
 INFO: Total execution time for kernels is 0.848933s
 INFO: Computing semblance for m0 = 5840
 INFO: Total execution time for kernels is 0.851882s
 INFO: Computing semblance for m0 = 5860
 INFO: Total execution time for kernels is 0.85078s
 INFO: Computing semblance for m0 = 5880
 INFO: Total execution time for kernels is 0.850027s
 INFO: Computing semblance for m0 = 5900
 INFO: Total execution time for kernels is 0.847371s
 INFO: Computing semblance for m0 = 5920
 INFO: Total execution time for kernels is 0.850549s
 INFO: Computing semblance for m0 = 5940
 INFO: Total execution time for kernels is 0.851691s
 INFO: Computing semblance for m0 = 5960
 INFO: Total execution time for kernels is 0.849273s
 INFO: Computing semblance for m0 = 5980
 INFO: Total execution time for kernels is 0.849257s
 INFO: Computing semblance for m0 = 6000
 INFO: Total execution time for kernels is 0.852364s
 INFO: Computing semblance for m0 = 6020
 INFO: Total execution time for kernels is 0.849456s
 INFO: Computing semblance for m0 = 6040
 INFO: Total execution time for kernels is 0.84945s
 INFO: Computing semblance for m0 = 6060
 INFO: Total execution time for kernels is 0.848098s
 INFO: Computing semblance for m0 = 6080
 INFO: Total execution time for kernels is 0.850669s
 INFO: Computing semblance for m0 = 6100
 INFO: Total execution time for kernels is 0.851344s
 INFO: Computing semblance for m0 = 6120
 INFO: Total execution time for kernels is 0.848068s
 INFO: Computing semblance for m0 = 6140
 INFO: Total execution time for kernels is 0.848347s
 INFO: Computing semblance for m0 = 6160
 INFO: Total execution time for kernels is 0.85466s
 INFO: Computing semblance for m0 = 6180
 INFO: Total execution time for kernels is 0.84956s
 INFO: Computing semblance for m0 = 6200
 INFO: Total execution time for kernels is 0.849355s
 INFO: Computing semblance for m0 = 6220
 INFO: Total execution time for kernels is 0.84761s
 INFO: Computing semblance for m0 = 6240
 INFO: Total execution time for kernels is 0.854492s
 INFO: Computing semblance for m0 = 6260
 INFO: Total execution time for kernels is 0.851555s
 INFO: Computing semblance for m0 = 6280
 INFO: Total execution time for kernels is 0.84913s
 INFO: Computing semblance for m0 = 6300
 INFO: Total execution time for kernels is 0.849176s
 INFO: Computing semblance for m0 = 6320
 INFO: Total execution time for kernels is 0.854347s
 INFO: Computing semblance for m0 = 6340
 INFO: Total execution time for kernels is 0.851224s
 INFO: Computing semblance for m0 = 6360
 INFO: Total execution time for kernels is 0.849676s
 INFO: Computing semblance for m0 = 6380
 INFO: Total execution time for kernels is 0.848355s
 INFO: Computing semblance for m0 = 6400
 INFO: Total execution time for kernels is 0.85375s
 INFO: Computing semblance for m0 = 6420
 INFO: Total execution time for kernels is 0.851446s
 INFO: Computing semblance for m0 = 6440
 INFO: Total execution time for kernels is 0.848407s
 INFO: Computing semblance for m0 = 6460
 INFO: Total execution time for kernels is 0.848988s
 INFO: Computing semblance for m0 = 6480
 INFO: Total execution time for kernels is 0.854316s
 INFO: Computing semblance for m0 = 6500
 INFO: Total execution time for kernels is 0.850923s
 INFO: Computing semblance for m0 = 6520
 INFO: Total execution time for kernels is 0.850468s
 INFO: Computing semblance for m0 = 6540
 INFO: Total execution time for kernels is 0.848537s
 INFO: Computing semblance for m0 = 6560
 INFO: Total execution time for kernels is 0.854349s
 INFO: Computing semblance for m0 = 6580
 INFO: Total execution time for kernels is 0.852007s
 INFO: Computing semblance for m0 = 6600
 INFO: Total execution time for kernels is 0.8491s
 INFO: Computing semblance for m0 = 6620
 INFO: Total execution time for kernels is 0.849091s
 INFO: Computing semblance for m0 = 6640
 INFO: Total execution time for kernels is 0.855051s
 INFO: Computing semblance for m0 = 6660
 INFO: Total execution time for kernels is 0.851379s
 INFO: Computing semblance for m0 = 6680
 INFO: Total execution time for kernels is 0.849953s
 INFO: Computing semblance for m0 = 6700
 INFO: Total execution time for kernels is 0.848579s
 INFO: Computing semblance for m0 = 6720
 INFO: Total execution time for kernels is 0.853158s
 INFO: Computing semblance for m0 = 6740
 INFO: Total execution time for kernels is 0.851129s
 INFO: Computing semblance for m0 = 6760
 INFO: Total execution time for kernels is 0.849355s
 INFO: Computing semblance for m0 = 6780
 INFO: Total execution time for kernels is 0.848817s
 INFO: Computing semblance for m0 = 6800
 INFO: Total execution time for kernels is 0.854329s
 INFO: Computing semblance for m0 = 6820
 INFO: Total execution time for kernels is 0.851024s
 INFO: Computing semblance for m0 = 6840
 INFO: Total execution time for kernels is 0.850241s
 INFO: Computing semblance for m0 = 6860
 INFO: Total execution time for kernels is 0.847831s
 INFO: Computing semblance for m0 = 6880
 INFO: Total execution time for kernels is 0.853529s
 INFO: Computing semblance for m0 = 6900
 INFO: Total execution time for kernels is 0.851086s
 INFO: Computing semblance for m0 = 6920
 INFO: Total execution time for kernels is 0.848945s
 INFO: Computing semblance for m0 = 6940
 INFO: Total execution time for kernels is 0.84973s
 INFO: Computing semblance for m0 = 6960
 INFO: Total execution time for kernels is 0.854427s
 INFO: Computing semblance for m0 = 6980
 INFO: Total execution time for kernels is 0.850058s
 INFO: Computing semblance for m0 = 7000
 INFO: Total execution time for kernels is 0.84903s
 INFO: Computing semblance for m0 = 7020
 INFO: Total execution time for kernels is 0.848002s
 INFO: Computing semblance for m0 = 7040
 INFO: Total execution time for kernels is 0.852674s
 INFO: Computing semblance for m0 = 7060
 INFO: Total execution time for kernels is 0.85157s
 INFO: Computing semblance for m0 = 7080
 INFO: Total execution time for kernels is 0.849054s
 INFO: Computing semblance for m0 = 7100
 INFO: Total execution time for kernels is 0.848498s
 INFO: Computing semblance for m0 = 7120
 INFO: Total execution time for kernels is 0.853762s
 INFO: Computing semblance for m0 = 7140
 INFO: Total execution time for kernels is 0.850625s
 INFO: Computing semblance for m0 = 7160
 INFO: Total execution time for kernels is 0.848849s
 INFO: Computing semblance for m0 = 7180
 INFO: Total execution time for kernels is 0.849141s
 INFO: Computing semblance for m0 = 7200
 INFO: Total execution time for kernels is 0.853947s
 INFO: Computing semblance for m0 = 7220
 INFO: Total execution time for kernels is 0.851974s
 INFO: Computing semblance for m0 = 7240
 INFO: Total execution time for kernels is 0.848351s
 INFO: Computing semblance for m0 = 7260
 INFO: Total execution time for kernels is 0.849156s
 INFO: Computing semblance for m0 = 7280
 INFO: Total execution time for kernels is 0.854925s
 INFO: Computing semblance for m0 = 7300
 INFO: Total execution time for kernels is 0.849605s
 INFO: Computing semblance for m0 = 7320
 INFO: Total execution time for kernels is 0.848785s
 INFO: Computing semblance for m0 = 7340
 INFO: Total execution time for kernels is 0.848559s
 INFO: Computing semblance for m0 = 7360
 INFO: Total execution time for kernels is 0.853315s
 INFO: Computing semblance for m0 = 7380
 INFO: Total execution time for kernels is 0.850805s
 INFO: Computing semblance for m0 = 7400
 INFO: Total execution time for kernels is 0.849107s
 INFO: Computing semblance for m0 = 7420
 INFO: Total execution time for kernels is 0.848488s
 INFO: Computing semblance for m0 = 7440
 INFO: Total execution time for kernels is 0.853415s
 INFO: Computing semblance for m0 = 7460
 INFO: Total execution time for kernels is 0.851594s
 INFO: Computing semblance for m0 = 7480
 INFO: Total execution time for kernels is 0.849434s
 INFO: Computing semblance for m0 = 7500
 INFO: Total execution time for kernels is 0.847961s
 INFO: Computing semblance for m0 = 7520
 INFO: Total execution time for kernels is 0.852493s
 INFO: Computing semblance for m0 = 7540
 INFO: Total execution time for kernels is 0.851953s
 INFO: Computing semblance for m0 = 7560
 INFO: Total execution time for kernels is 0.848681s
 INFO: Computing semblance for m0 = 7580
 INFO: Total execution time for kernels is 0.849641s
 INFO: Computing semblance for m0 = 7600
 INFO: Total execution time for kernels is 0.854641s
 INFO: Computing semblance for m0 = 7620
 INFO: Total execution time for kernels is 0.850567s
 INFO: Computing semblance for m0 = 7640
 INFO: Total execution time for kernels is 0.85013s
 INFO: Computing semblance for m0 = 7660
 INFO: Total execution time for kernels is 0.847583s
 INFO: Computing semblance for m0 = 7680
 INFO: Total execution time for kernels is 0.853486s
 INFO: Computing semblance for m0 = 7700
 INFO: Total execution time for kernels is 0.8516s
 INFO: Computing semblance for m0 = 7720
 INFO: Total execution time for kernels is 0.848661s
 INFO: Computing semblance for m0 = 7740
 INFO: Total execution time for kernels is 0.849498s
 INFO: Computing semblance for m0 = 7760
 INFO: Total execution time for kernels is 0.854s
 INFO: Computing semblance for m0 = 7780
 INFO: Total execution time for kernels is 0.851117s
 INFO: Computing semblance for m0 = 7800
 INFO: Total execution time for kernels is 0.849607s
 INFO: Computing semblance for m0 = 7820
 INFO: Total execution time for kernels is 0.848936s
 INFO: Computing semblance for m0 = 7840
 INFO: Total execution time for kernels is 0.85321s
 INFO: Computing semblance for m0 = 7860
 INFO: Total execution time for kernels is 0.851799s
 INFO: Computing semblance for m0 = 7880
 INFO: Total execution time for kernels is 0.848549s
 INFO: Computing semblance for m0 = 7900
 INFO: Total execution time for kernels is 0.84905s
 INFO: Computing semblance for m0 = 7920
 INFO: Total execution time for kernels is 0.853803s
 INFO: Computing semblance for m0 = 7940
 INFO: Total execution time for kernels is 0.850472s
 INFO: Computing semblance for m0 = 7960
 INFO: Total execution time for kernels is 0.850681s
 INFO: Computing semblance for m0 = 7980
 INFO: Total execution time for kernels is 0.847757s
 INFO: Computing semblance for m0 = 8000
 INFO: Total execution time for kernels is 0.853522s
 INFO: Computing semblance for m0 = 8020
 INFO: Total execution time for kernels is 0.851937s
 INFO: Computing semblance for m0 = 8040
 INFO: Total execution time for kernels is 0.848413s
 INFO: Computing semblance for m0 = 8060
 INFO: Total execution time for kernels is 0.848684s
 INFO: Computing semblance for m0 = 8080
 INFO: Total execution time for kernels is 0.855208s
 INFO: Computing semblance for m0 = 8100
 INFO: Total execution time for kernels is 0.850637s
 INFO: Computing semblance for m0 = 8120
 INFO: Total execution time for kernels is 0.849162s
 INFO: Computing semblance for m0 = 8140
 INFO: Total execution time for kernels is 0.848134s
 INFO: Computing semblance for m0 = 8160
 INFO: Total execution time for kernels is 0.853376s
 INFO: Computing semblance for m0 = 8180
 INFO: Total execution time for kernels is 0.851744s
 INFO: Computing semblance for m0 = 8200
 INFO: Total execution time for kernels is 0.84747s
 INFO: Computing semblance for m0 = 8220
 INFO: Total execution time for kernels is 0.85019s
 INFO: Computing semblance for m0 = 8240
 INFO: Total execution time for kernels is 0.854822s
 INFO: Computing semblance for m0 = 8260
 INFO: Total execution time for kernels is 0.852161s
 INFO: Computing semblance for m0 = 8280
 INFO: Total execution time for kernels is 0.849928s
 INFO: Computing semblance for m0 = 8300
 INFO: Total execution time for kernels is 0.848256s
 INFO: Computing semblance for m0 = 8320
 INFO: Total execution time for kernels is 0.853886s
 INFO: Computing semblance for m0 = 8340
 INFO: Total execution time for kernels is 0.85174s
 INFO: Computing semblance for m0 = 8360
 INFO: Total execution time for kernels is 0.849228s
 INFO: Computing semblance for m0 = 8380
 INFO: Total execution time for kernels is 0.849052s
 INFO: Computing semblance for m0 = 8400
 INFO: Total execution time for kernels is 0.854462s
 INFO: Computing semblance for m0 = 8420
 INFO: Total execution time for kernels is 0.850617s
 INFO: Computing semblance for m0 = 8440
 INFO: Total execution time for kernels is 0.849564s
 INFO: Computing semblance for m0 = 8460
 INFO: Total execution time for kernels is 0.847685s
 INFO: Computing semblance for m0 = 8480
 INFO: Total execution time for kernels is 0.854345s
 INFO: Computing semblance for m0 = 8500
 INFO: Total execution time for kernels is 0.851295s
 INFO: Computing semblance for m0 = 8520
 INFO: Total execution time for kernels is 0.849127s
 INFO: Computing semblance for m0 = 8540
 INFO: Total execution time for kernels is 0.848403s
 INFO: Computing semblance for m0 = 8560
 INFO: Total execution time for kernels is 0.854904s
 INFO: Computing semblance for m0 = 8580
 INFO: Total execution time for kernels is 0.851241s
 INFO: Computing semblance for m0 = 8600
 INFO: Total execution time for kernels is 0.850051s
 INFO: Computing semblance for m0 = 8620
 INFO: Total execution time for kernels is 0.848944s
 INFO: Computing semblance for m0 = 8640
 INFO: Total execution time for kernels is 0.853906s
 INFO: Computing semblance for m0 = 8660
 INFO: Total execution time for kernels is 0.85157s
 INFO: Computing semblance for m0 = 8680
 INFO: Total execution time for kernels is 0.848139s
 INFO: Computing semblance for m0 = 8700
 INFO: Total execution time for kernels is 0.848226s
 INFO: Computing semblance for m0 = 8720
 INFO: Total execution time for kernels is 0.855476s
 INFO: Computing semblance for m0 = 8740
 INFO: Total execution time for kernels is 0.851277s
 INFO: Computing semblance for m0 = 8760
 INFO: Total execution time for kernels is 0.850745s
 INFO: Computing semblance for m0 = 8780
 INFO: Total execution time for kernels is 0.849165s
 INFO: Computing semblance for m0 = 8800
 INFO: Total execution time for kernels is 0.853719s
 INFO: Computing semblance for m0 = 8820
 INFO: Total execution time for kernels is 0.852027s
 INFO: Computing semblance for m0 = 8840
 INFO: Total execution time for kernels is 0.849597s
 INFO: Computing semblance for m0 = 8860
 INFO: Total execution time for kernels is 0.849287s
 INFO: Computing semblance for m0 = 8880
 INFO: Total execution time for kernels is 0.855219s
 INFO: Computing semblance for m0 = 8900
 INFO: Total execution time for kernels is 0.851375s
 INFO: Computing semblance for m0 = 8920
 INFO: Total execution time for kernels is 0.850246s
 INFO: Computing semblance for m0 = 8940
 INFO: Total execution time for kernels is 0.847975s
 INFO: Computing semblance for m0 = 8960
 INFO: Total execution time for kernels is 0.854116s
 INFO: Computing semblance for m0 = 8980
 INFO: Total execution time for kernels is 0.852214s
 INFO: Computing semblance for m0 = 9000
 INFO: Total execution time for kernels is 0.846452s
 INFO: Computing semblance for m0 = 9020
 INFO: Total execution time for kernels is 0.843743s
 INFO: Computing semblance for m0 = 9040
 INFO: Total execution time for kernels is 0.842163s
 INFO: Computing semblance for m0 = 9060
 INFO: Total execution time for kernels is 0.834064s
 INFO: Computing semblance for m0 = 9080
 INFO: Total execution time for kernels is 0.82375s
 INFO: Computing semblance for m0 = 9100
 INFO: Total execution time for kernels is 0.814415s
 INFO: Computing semblance for m0 = 9120
 INFO: Total execution time for kernels is 0.808593s
 INFO: Computing semblance for m0 = 9140
 INFO: Total execution time for kernels is 0.7953s
 INFO: Computing semblance for m0 = 9160
 INFO: Total execution time for kernels is 0.778063s
 INFO: Computing semblance for m0 = 9180
 INFO: Total execution time for kernels is 0.765857s
 INFO: Computing semblance for m0 = 9200
 INFO: Total execution time for kernels is 0.753643s
 INFO: Computing semblance for m0 = 9220
 INFO: Total execution time for kernels is 0.733363s
 INFO: Computing semblance for m0 = 9240
 INFO: Total execution time for kernels is 0.713139s
 INFO: Computing semblance for m0 = 9260
 INFO: Total execution time for kernels is 0.693966s
 INFO: Computing semblance for m0 = 9280
 INFO: Total execution time for kernels is 0.675792s
 INFO: Computing semblance for m0 = 9300
 INFO: Total execution time for kernels is 0.654161s
 INFO: Computing semblance for m0 = 9320
 INFO: Total execution time for kernels is 0.631647s
 INFO: Computing semblance for m0 = 9340
 INFO: Total execution time for kernels is 0.613359s
 INFO: Computing semblance for m0 = 9360
 INFO: Total execution time for kernels is 0.595543s
 INFO: Computing semblance for m0 = 9380
 INFO: Total execution time for kernels is 0.573373s
 INFO: Computing semblance for m0 = 9400
 INFO: Total execution time for kernels is 0.552793s
 INFO: Computing semblance for m0 = 9420
 INFO: Total execution time for kernels is 0.534405s
 INFO: Computing semblance for m0 = 9440
 INFO: Total execution time for kernels is 0.516835s
 INFO: Total execution time for kernels is 0.473871s
 INFO: Computing semblance for m0 = 9460
 INFO: Computing semblance for m0 = 9480
 INFO: Total execution time for kernels is 0.496506s
 INFO: Computing semblance for m0 = 9500
 INFO: Total execution time for kernels is 0.457151s
 INFO: Computing semblance for m0 = 9520
 INFO: Total execution time for kernels is 0.398714s
 INFO: Computing semblance for m0 = 9540
 INFO: Total execution time for kernels is 0.418652s
 INFO: Computing semblance for m0 = 9560
 INFO: Total execution time for kernels is 0.437433s
 INFO: Computing semblance for m0 = 9580
 INFO: Total execution time for kernels is 0.381249s
 INFO: Computing semblance for m0 = 9600
 INFO: Total execution time for kernels is 0.323076s
 INFO: Total execution time for kernels is 0.342836s
 INFO: Computing semblance for m0 = 9620
 INFO: Computing semblance for m0 = 9640
 INFO: Total execution time for kernels is 0.360969s
 INFO: Total execution time for kernels is 0.306102s
 INFO: Computing semblance for m0 = 9660
 INFO: Computing semblance for m0 = 9680
 INFO: Total execution time for kernels is 0.232441s
 INFO: Computing semblance for m0 = 9700
 INFO: Total execution time for kernels is 0.24988s
 INFO: Computing semblance for m0 = 9720
 INFO: Total execution time for kernels is 0.26818s
 INFO: Computing semblance for m0 = 9740
 INFO: Total execution time for kernels is 0.286189s
 INFO: Computing semblance for m0 = 9760
 INFO: Total execution time for kernels is 0.164956s
 INFO: Total execution time for kernels is 0.179444s
 INFO: Computing semblance for m0 = 9780
 INFO: Computing semblance for m0 = 9800
 INFO: Total execution time for kernels is 0.213306s
 INFO: Total execution time for kernels is 0.197799s
 INFO: Computing semblance for m0 = 9820
 INFO: Computing semblance for m0 = 9840
 INFO: Total execution time for kernels is 0.0993302s
 INFO: Computing semblance for m0 = 9860
 INFO: Total execution time for kernels is 0.113428s
 INFO: Computing semblance for m0 = 9880
 INFO: Total execution time for kernels is 0.130545s
 INFO: Computing semblance for m0 = 9900
 INFO: Total execution time for kernels is 0.146969s
 INFO: Computing semblance for m0 = 9920
 INFO: Total execution time for kernels is 0.084407s
 INFO: Total execution time for kernels is 0.0607752s
 INFO: Total execution time for kernels is 0.072609s
 INFO: Total execution time for kernels is 0.0519569s
 INFO: Computing semblance for m0 = 9940
 INFO: Total execution time for kernels is 0.0427069s
 INFO: Average of efficiency is 1
 INFO: Average of interpolations_per_sec is 1.9482e+11
 INFO: Average of selected_traces is 309.888
 INFO: Average of total_selection_kernel_exec_time is 0.00387756
 INFO: Average of total_kernel_exec_time is 0.760524
 INFO: Results written to /home/ubuntu/nfs/out/0447d1c_p3.8xlarge/zocrs/greedy/cuda/simple-synthetic_3/simple-synthetic_greedy_zocrs_20210101_0215/
 INFO: It took 103.174s to compute.
