 INFO: Number of CDPs = 445
 INFO: Number of traces in the gather = 9200
 INFO: Number of samples per trace = 2502
 INFO: Starting worker threads...
 INFO: Computing semblance for m0 = 0
 INFO: Total execution time for kernels is 0.000905028s
 INFO: Computing semblance for m0 = 1080
 INFO: Total execution time for kernels is 0.00144355s
 INFO: Computing semblance for m0 = 1100
 INFO: Total execution time for kernels is 0.00142604s
 INFO: Computing semblance for m0 = 1120
 INFO: Total execution time for kernels is 0.001774s
 INFO: Computing semblance for m0 = 1140
 INFO: Computing semblance for m0 = 1160
 INFO: Total execution time for kernels is 0.00178409s
 INFO: Computing semblance for m0 = 1180
 INFO: Total execution time for kernels is 0.00234558s
 INFO: Computing semblance for m0 = 1200
 INFO: Total execution time for kernels is 0.00213857s
 INFO: Computing semblance for m0 = 1220
 INFO: Total execution time for kernels is 0.00247057s
 INFO: Computing semblance for m0 = 1240
 INFO: Total execution time for kernels is 0.002428s
 INFO: Computing semblance for m0 = 1260
 INFO: Total execution time for kernels is 0.00278057s
 INFO: Computing semblance for m0 = 1280
 INFO: Total execution time for kernels is 0.00274077s
 INFO: Computing semblance for m0 = 1300
 INFO: Total execution time for kernels is 0.00306272s
 INFO: Computing semblance for m0 = 1320
 INFO: Total execution time for kernels is 0.00311333s
 INFO: Computing semblance for m0 = 1340
 INFO: Computing semblance for m0 = 1360
 INFO: Computing semblance for m0 = 1380
 INFO: Total execution time for kernels is 0.00328507s
 INFO: Computing semblance for m0 = 1400
 INFO: Total execution time for kernels is 0.00330568s
 INFO: Computing semblance for m0 = 1420
 INFO: Total execution time for kernels is 0.00383112s
 INFO: Computing semblance for m0 = 1440
 INFO: Total execution time for kernels is 0.00384107s
 INFO: Computing semblance for m0 = 1460
 INFO: Total execution time for kernels is 0.00381579s
 INFO: Computing semblance for m0 = 1480
 INFO: Total execution time for kernels is 0.00384326s
 INFO: Computing semblance for m0 = 1500
 INFO: Total execution time for kernels is 0.00413673s
 INFO: Computing semblance for m0 = 1520
 INFO: Total execution time for kernels is 0.00419065s
 INFO: Computing semblance for m0 = 1540
 INFO: Total execution time for kernels is 0.00439079s
 INFO: Computing semblance for m0 = 1560
 INFO: Total execution time for kernels is 0.00443221s
 INFO: Computing semblance for m0 = 1580
 INFO: Total execution time for kernels is 0.004758s
 INFO: Computing semblance for m0 = 1600
 INFO: Total execution time for kernels is 0.00475447s
 INFO: Computing semblance for m0 = 1620
 INFO: Total execution time for kernels is 0.00504039s
 INFO: Computing semblance for m0 = 1640
 INFO: Total execution time for kernels is 0.00505442s
 INFO: Computing semblance for m0 = 1660
 INFO: Total execution time for kernels is 0.00527759s
 INFO: Computing semblance for m0 = 1680
 INFO: Total execution time for kernels is 0.00537089s
 INFO: Computing semblance for m0 = 1700
 INFO: Total execution time for kernels is 0.00569041s
 INFO: Computing semblance for m0 = 1720
 INFO: Total execution time for kernels is 0.00577486s
 INFO: Computing semblance for m0 = 1740
 INFO: Total execution time for kernels is 0.00605182s
 INFO: Computing semblance for m0 = 1760
 INFO: Total execution time for kernels is 0.00600732s
 INFO: Computing semblance for m0 = 1780
 INFO: Total execution time for kernels is 0.00618177s
 INFO: Computing semblance for m0 = 1800
 INFO: Total execution time for kernels is 0.00642655s
 INFO: Computing semblance for m0 = 1820
 INFO: Total execution time for kernels is 0.00661632s
 INFO: Computing semblance for m0 = 1840
 INFO: Total execution time for kernels is 0.00671054s
 INFO: Computing semblance for m0 = 1860
 INFO: Total execution time for kernels is 0.00695636s
 INFO: Computing semblance for m0 = 1880
 INFO: Total execution time for kernels is 0.00709533s
 INFO: Computing semblance for m0 = 1900
 INFO: Total execution time for kernels is 0.00730159s
 INFO: Computing semblance for m0 = 1920
 INFO: Total execution time for kernels is 0.00743243s
 INFO: Computing semblance for m0 = 1940
 INFO: Total execution time for kernels is 0.00763616s
 INFO: Computing semblance for m0 = 1960
 INFO: Total execution time for kernels is 0.00778693s
 INFO: Computing semblance for m0 = 1980
 INFO: Total execution time for kernels is 0.00821994s
 INFO: Computing semblance for m0 = 2000
 INFO: Total execution time for kernels is 0.00812188s
 INFO: Computing semblance for m0 = 2020
 INFO: Total execution time for kernels is 0.00844461s
 INFO: Computing semblance for m0 = 2040
 INFO: Total execution time for kernels is 0.00860741s
 INFO: Computing semblance for m0 = 2060
 INFO: Total execution time for kernels is 0.00856725s
 INFO: Computing semblance for m0 = 2080
 INFO: Total execution time for kernels is 0.00851589s
 INFO: Computing semblance for m0 = 2100
 INFO: Total execution time for kernels is 0.00854528s
 INFO: Computing semblance for m0 = 2120
 INFO: Total execution time for kernels is 0.00857477s
 INFO: Computing semblance for m0 = 2140
 INFO: Total execution time for kernels is 0.00856516s
 INFO: Computing semblance for m0 = 2160
 INFO: Total execution time for kernels is 0.0085297s
 INFO: Computing semblance for m0 = 2180
 INFO: Total execution time for kernels is 0.00846672s
 INFO: Computing semblance for m0 = 2200
 INFO: Total execution time for kernels is 0.00862534s
 INFO: Computing semblance for m0 = 2220
 INFO: Total execution time for kernels is 0.00855005s
 INFO: Computing semblance for m0 = 2240
 INFO: Total execution time for kernels is 0.00831914s
 INFO: Computing semblance for m0 = 2260
 INFO: Total execution time for kernels is 0.00850514s
 INFO: Computing semblance for m0 = 2280
 INFO: Total execution time for kernels is 0.00860403s
 INFO: Computing semblance for m0 = 2300
 INFO: Total execution time for kernels is 0.00857272s
 INFO: Computing semblance for m0 = 2320
 INFO: Total execution time for kernels is 0.00842089s
 INFO: Computing semblance for m0 = 2340
 INFO: Total execution time for kernels is 0.00852645s
 INFO: Computing semblance for m0 = 2360
 INFO: Total execution time for kernels is 0.00847052s
 INFO: Computing semblance for m0 = 2380
 INFO: Total execution time for kernels is 0.00852727s
 INFO: Computing semblance for m0 = 2400
 INFO: Total execution time for kernels is 0.00836726s
 INFO: Computing semblance for m0 = 2420
 INFO: Total execution time for kernels is 0.00844494s
 INFO: Computing semblance for m0 = 2440
 INFO: Total execution time for kernels is 0.00831553s
 INFO: Computing semblance for m0 = 2460
 INFO: Total execution time for kernels is 0.00851532s
 INFO: Computing semblance for m0 = 2480
 INFO: Total execution time for kernels is 0.00840773s
 INFO: Computing semblance for m0 = 2500
 INFO: Total execution time for kernels is 0.00850446s
 INFO: Computing semblance for m0 = 2520
 INFO: Total execution time for kernels is 0.0084125s
 INFO: Computing semblance for m0 = 2540
 INFO: Total execution time for kernels is 0.0083965s
 INFO: Computing semblance for m0 = 2560
 INFO: Total execution time for kernels is 0.00854308s
 INFO: Computing semblance for m0 = 2580
 INFO: Total execution time for kernels is 0.00862853s
 INFO: Computing semblance for m0 = 2600
 INFO: Total execution time for kernels is 0.00835464s
 INFO: Computing semblance for m0 = 2620
 INFO: Total execution time for kernels is 0.00848161s
 INFO: Computing semblance for m0 = 2640
 INFO: Total execution time for kernels is 0.00842829s
 INFO: Computing semblance for m0 = 2660
 INFO: Total execution time for kernels is 0.00846707s
 INFO: Computing semblance for m0 = 2680
 INFO: Total execution time for kernels is 0.00851093s
 INFO: Computing semblance for m0 = 2700
 INFO: Total execution time for kernels is 0.00827426s
 INFO: Computing semblance for m0 = 2720
 INFO: Total execution time for kernels is 0.00838509s
 INFO: Computing semblance for m0 = 2740
 INFO: Total execution time for kernels is 0.00837325s
 INFO: Computing semblance for m0 = 2760
 INFO: Total execution time for kernels is 0.00859246s
 INFO: Computing semblance for m0 = 2780
 INFO: Total execution time for kernels is 0.00835043s
 INFO: Computing semblance for m0 = 2800
 INFO: Total execution time for kernels is 0.00847934s
 INFO: Computing semblance for m0 = 2820
 INFO: Total execution time for kernels is 0.00833944s
 INFO: Computing semblance for m0 = 2840
 INFO: Total execution time for kernels is 0.00831046s
 INFO: Computing semblance for m0 = 2860
 INFO: Total execution time for kernels is 0.00826473s
 INFO: Computing semblance for m0 = 2880
 INFO: Total execution time for kernels is 0.00844658s
 INFO: Computing semblance for m0 = 2900
 INFO: Total execution time for kernels is 0.00826956s
 INFO: Computing semblance for m0 = 2920
 INFO: Total execution time for kernels is 0.00835153s
 INFO: Computing semblance for m0 = 2940
 INFO: Total execution time for kernels is 0.00826729s
 INFO: Computing semblance for m0 = 2960
 INFO: Total execution time for kernels is 0.00835444s
 INFO: Computing semblance for m0 = 2980
 INFO: Total execution time for kernels is 0.00831059s
 INFO: Computing semblance for m0 = 3000
 INFO: Total execution time for kernels is 0.00836899s
 INFO: Computing semblance for m0 = 3020
 INFO: Total execution time for kernels is 0.00836913s
 INFO: Computing semblance for m0 = 3040
 INFO: Total execution time for kernels is 0.00850535s
 INFO: Computing semblance for m0 = 3060
 INFO: Total execution time for kernels is 0.0084618s
 INFO: Computing semblance for m0 = 3080
 INFO: Total execution time for kernels is 0.00835022s
 INFO: Computing semblance for m0 = 3100
 INFO: Total execution time for kernels is 0.0082498s
 INFO: Computing semblance for m0 = 3120
 INFO: Total execution time for kernels is 0.00846948s
 INFO: Computing semblance for m0 = 3140
 INFO: Total execution time for kernels is 0.00838185s
 INFO: Computing semblance for m0 = 3160
 INFO: Total execution time for kernels is 0.00834871s
 INFO: Computing semblance for m0 = 3180
 INFO: Total execution time for kernels is 0.00835673s
 INFO: Computing semblance for m0 = 3200
 INFO: Total execution time for kernels is 0.00834883s
 INFO: Computing semblance for m0 = 3220
 INFO: Total execution time for kernels is 0.00841901s
 INFO: Computing semblance for m0 = 3240
 INFO: Total execution time for kernels is 0.00842478s
 INFO: Computing semblance for m0 = 3260
 INFO: Total execution time for kernels is 0.00836287s
 INFO: Computing semblance for m0 = 3280
 INFO: Total execution time for kernels is 0.0084308s
 INFO: Computing semblance for m0 = 3300
 INFO: Total execution time for kernels is 0.00845384s
 INFO: Computing semblance for m0 = 3320
 INFO: Total execution time for kernels is 0.00837988s
 INFO: Computing semblance for m0 = 3340
 INFO: Total execution time for kernels is 0.00835435s
 INFO: Computing semblance for m0 = 3360
 INFO: Total execution time for kernels is 0.00837605s
 INFO: Computing semblance for m0 = 3380
 INFO: Total execution time for kernels is 0.00829696s
 INFO: Computing semblance for m0 = 3400
 INFO: Total execution time for kernels is 0.00836481s
 INFO: Computing semblance for m0 = 3420
 INFO: Total execution time for kernels is 0.00827551s
 INFO: Computing semblance for m0 = 3440
 INFO: Total execution time for kernels is 0.00823104s
 INFO: Computing semblance for m0 = 3460
 INFO: Total execution time for kernels is 0.00836216s
 INFO: Computing semblance for m0 = 3480
 INFO: Total execution time for kernels is 0.00830908s
 INFO: Computing semblance for m0 = 3500
 INFO: Total execution time for kernels is 0.0083535s
 INFO: Computing semblance for m0 = 3520
 INFO: Total execution time for kernels is 0.00836645s
 INFO: Computing semblance for m0 = 3540
 INFO: Total execution time for kernels is 0.00837028s
 INFO: Computing semblance for m0 = 3560
 INFO: Total execution time for kernels is 0.00835178s
 INFO: Computing semblance for m0 = 3580
 INFO: Total execution time for kernels is 0.00825727s
 INFO: Computing semblance for m0 = 3600
 INFO: Total execution time for kernels is 0.0082957s
 INFO: Computing semblance for m0 = 3620
 INFO: Total execution time for kernels is 0.00828221s
 INFO: Computing semblance for m0 = 3640
 INFO: Total execution time for kernels is 0.00824682s
 INFO: Computing semblance for m0 = 3660
 INFO: Total execution time for kernels is 0.00823434s
 INFO: Computing semblance for m0 = 3680
 INFO: Total execution time for kernels is 0.00833251s
 INFO: Computing semblance for m0 = 3700
 INFO: Total execution time for kernels is 0.00818331s
 INFO: Computing semblance for m0 = 3720
 INFO: Total execution time for kernels is 0.00828479s
 INFO: Computing semblance for m0 = 3740
 INFO: Total execution time for kernels is 0.00832557s
 INFO: Computing semblance for m0 = 3760
 INFO: Total execution time for kernels is 0.00831062s
 INFO: Computing semblance for m0 = 3780
 INFO: Total execution time for kernels is 0.0082204s
 INFO: Computing semblance for m0 = 3800
 INFO: Total execution time for kernels is 0.00833705s
 INFO: Computing semblance for m0 = 3820
 INFO: Total execution time for kernels is 0.00835776s
 INFO: Computing semblance for m0 = 3840
 INFO: Total execution time for kernels is 0.00833797s
 INFO: Computing semblance for m0 = 3860
 INFO: Total execution time for kernels is 0.00826382s
 INFO: Computing semblance for m0 = 3880
 INFO: Total execution time for kernels is 0.00826089s
 INFO: Computing semblance for m0 = 3900
 INFO: Total execution time for kernels is 0.00827251s
 INFO: Computing semblance for m0 = 3920
 INFO: Total execution time for kernels is 0.00827044s
 INFO: Computing semblance for m0 = 3940
 INFO: Total execution time for kernels is 0.00829341s
 INFO: Computing semblance for m0 = 3960
 INFO: Total execution time for kernels is 0.00829767s
 INFO: Computing semblance for m0 = 3980
 INFO: Total execution time for kernels is 0.00820207s
 INFO: Computing semblance for m0 = 4000
 INFO: Total execution time for kernels is 0.00828589s
 INFO: Computing semblance for m0 = 4020
 INFO: Total execution time for kernels is 0.00841765s
 INFO: Computing semblance for m0 = 4040
 INFO: Total execution time for kernels is 0.00837064s
 INFO: Computing semblance for m0 = 4060
 INFO: Total execution time for kernels is 0.00824773s
 INFO: Computing semblance for m0 = 4080
 INFO: Total execution time for kernels is 0.00829457s
 INFO: Computing semblance for m0 = 4100
 INFO: Total execution time for kernels is 0.0083411s
 INFO: Computing semblance for m0 = 4120
 INFO: Total execution time for kernels is 0.00832306s
 INFO: Computing semblance for m0 = 4140
 INFO: Total execution time for kernels is 0.00829447s
 INFO: Computing semblance for m0 = 4160
 INFO: Total execution time for kernels is 0.00827806s
 INFO: Computing semblance for m0 = 4180
 INFO: Total execution time for kernels is 0.00828555s
 INFO: Computing semblance for m0 = 4200
 INFO: Total execution time for kernels is 0.00825202s
 INFO: Computing semblance for m0 = 4220
 INFO: Total execution time for kernels is 0.00822091s
 INFO: Computing semblance for m0 = 4240
 INFO: Total execution time for kernels is 0.00837419s
 INFO: Computing semblance for m0 = 4260
 INFO: Total execution time for kernels is 0.008169s
 INFO: Computing semblance for m0 = 4280
 INFO: Total execution time for kernels is 0.00821251s
 INFO: Computing semblance for m0 = 4300
 INFO: Total execution time for kernels is 0.00820393s
 INFO: Computing semblance for m0 = 4320
 INFO: Total execution time for kernels is 0.00838631s
 INFO: Computing semblance for m0 = 4340
 INFO: Total execution time for kernels is 0.00818289s
 INFO: Computing semblance for m0 = 4360
 INFO: Total execution time for kernels is 0.00826654s
 INFO: Computing semblance for m0 = 4380
 INFO: Total execution time for kernels is 0.00832012s
 INFO: Computing semblance for m0 = 4400
 INFO: Total execution time for kernels is 0.00825048s
 INFO: Computing semblance for m0 = 4420
 INFO: Total execution time for kernels is 0.00838068s
 INFO: Computing semblance for m0 = 4440
 INFO: Total execution time for kernels is 0.00823824s
 INFO: Computing semblance for m0 = 4460
 INFO: Total execution time for kernels is 0.00832274s
 INFO: Computing semblance for m0 = 4480
 INFO: Total execution time for kernels is 0.00829514s
 INFO: Computing semblance for m0 = 4500
 INFO: Total execution time for kernels is 0.00833611s
 INFO: Computing semblance for m0 = 4520
 INFO: Total execution time for kernels is 0.00838924s
 INFO: Computing semblance for m0 = 4540
 INFO: Total execution time for kernels is 0.00819199s
 INFO: Computing semblance for m0 = 4560
 INFO: Total execution time for kernels is 0.00828225s
 INFO: Computing semblance for m0 = 4580
 INFO: Total execution time for kernels is 0.00815131s
 INFO: Computing semblance for m0 = 4600
 INFO: Total execution time for kernels is 0.0082365s
 INFO: Computing semblance for m0 = 4620
 INFO: Total execution time for kernels is 0.00824002s
 INFO: Computing semblance for m0 = 4640
 INFO: Total execution time for kernels is 0.00840891s
 INFO: Computing semblance for m0 = 4660
 INFO: Total execution time for kernels is 0.00826772s
 INFO: Computing semblance for m0 = 4680
 INFO: Total execution time for kernels is 0.00826387s
 INFO: Computing semblance for m0 = 4700
 INFO: Total execution time for kernels is 0.00832347s
 INFO: Computing semblance for m0 = 4720
 INFO: Total execution time for kernels is 0.00817453s
 INFO: Computing semblance for m0 = 4740
 INFO: Total execution time for kernels is 0.00826772s
 INFO: Computing semblance for m0 = 4760
 INFO: Total execution time for kernels is 0.00832487s
 INFO: Computing semblance for m0 = 4780
 INFO: Total execution time for kernels is 0.00814564s
 INFO: Computing semblance for m0 = 4800
 INFO: Total execution time for kernels is 0.00839743s
 INFO: Computing semblance for m0 = 4820
 INFO: Total execution time for kernels is 0.0083386s
 INFO: Computing semblance for m0 = 4840
 INFO: Total execution time for kernels is 0.0082324s
 INFO: Computing semblance for m0 = 4860
 INFO: Total execution time for kernels is 0.00826561s
 INFO: Computing semblance for m0 = 4880
 INFO: Total execution time for kernels is 0.00823677s
 INFO: Computing semblance for m0 = 4900
 INFO: Total execution time for kernels is 0.00834269s
 INFO: Computing semblance for m0 = 4920
 INFO: Total execution time for kernels is 0.00821971s
 INFO: Computing semblance for m0 = 4940
 INFO: Total execution time for kernels is 0.00826397s
 INFO: Computing semblance for m0 = 4960
 INFO: Total execution time for kernels is 0.00826953s
 INFO: Computing semblance for m0 = 4980
 INFO: Total execution time for kernels is 0.00833015s
 INFO: Computing semblance for m0 = 5000
 INFO: Total execution time for kernels is 0.00822723s
 INFO: Computing semblance for m0 = 5020
 INFO: Total execution time for kernels is 0.0082496s
 INFO: Computing semblance for m0 = 5040
 INFO: Total execution time for kernels is 0.00830704s
 INFO: Computing semblance for m0 = 5060
 INFO: Total execution time for kernels is 0.00842644s
 INFO: Computing semblance for m0 = 5080
 INFO: Total execution time for kernels is 0.00822438s
 INFO: Computing semblance for m0 = 5100
 INFO: Total execution time for kernels is 0.00819464s
 INFO: Computing semblance for m0 = 5120
 INFO: Total execution time for kernels is 0.00824392s
 INFO: Computing semblance for m0 = 5140
 INFO: Total execution time for kernels is 0.00822031s
 INFO: Computing semblance for m0 = 5160
 INFO: Total execution time for kernels is 0.00824927s
 INFO: Computing semblance for m0 = 5180
 INFO: Total execution time for kernels is 0.00827416s
 INFO: Computing semblance for m0 = 5200
 INFO: Total execution time for kernels is 0.00831248s
 INFO: Computing semblance for m0 = 5220
 INFO: Total execution time for kernels is 0.00817456s
 INFO: Computing semblance for m0 = 5240
 INFO: Total execution time for kernels is 0.00828168s
 INFO: Computing semblance for m0 = 5260
 INFO: Total execution time for kernels is 0.00834716s
 INFO: Computing semblance for m0 = 5280
 INFO: Total execution time for kernels is 0.00827519s
 INFO: Computing semblance for m0 = 5300
 INFO: Total execution time for kernels is 0.00831629s
 INFO: Computing semblance for m0 = 5320
 INFO: Total execution time for kernels is 0.00824232s
 INFO: Computing semblance for m0 = 5340
 INFO: Total execution time for kernels is 0.0083114s
 INFO: Computing semblance for m0 = 5360
 INFO: Total execution time for kernels is 0.00833381s
 INFO: Computing semblance for m0 = 5380
 INFO: Total execution time for kernels is 0.00829424s
 INFO: Total execution time for kernels is 0.00815744s
 INFO: Computing semblance for m0 = 5400
 INFO: Computing semblance for m0 = 5420
 INFO: Total execution time for kernels is 0.00830268s
 INFO: Computing semblance for m0 = 5440
 INFO: Total execution time for kernels is 0.00831936s
 INFO: Computing semblance for m0 = 5460
 INFO: Total execution time for kernels is 0.00817987s
 INFO: Computing semblance for m0 = 5480
 INFO: Total execution time for kernels is 0.0083006s
 INFO: Computing semblance for m0 = 5500
 INFO: Total execution time for kernels is 0.00824258s
 INFO: Computing semblance for m0 = 5520
 INFO: Total execution time for kernels is 0.00845055s
 INFO: Computing semblance for m0 = 5540
 INFO: Total execution time for kernels is 0.00821475s
 INFO: Computing semblance for m0 = 5560
 INFO: Total execution time for kernels is 0.00827073s
 INFO: Computing semblance for m0 = 5580
 INFO: Total execution time for kernels is 0.00822958s
 INFO: Computing semblance for m0 = 5600
 INFO: Total execution time for kernels is 0.00830444s
 INFO: Computing semblance for m0 = 5620
 INFO: Total execution time for kernels is 0.00811907s
 INFO: Computing semblance for m0 = 5640
 INFO: Total execution time for kernels is 0.00821796s
 INFO: Computing semblance for m0 = 5660
 INFO: Total execution time for kernels is 0.00827569s
 INFO: Computing semblance for m0 = 5680
 INFO: Total execution time for kernels is 0.00829181s
 INFO: Computing semblance for m0 = 5700
 INFO: Total execution time for kernels is 0.00814305s
 INFO: Computing semblance for m0 = 5720
 INFO: Total execution time for kernels is 0.00822466s
 INFO: Computing semblance for m0 = 5740
 INFO: Total execution time for kernels is 0.00828015s
 INFO: Computing semblance for m0 = 5760
 INFO: Total execution time for kernels is 0.00834686s
 INFO: Computing semblance for m0 = 5780
 INFO: Total execution time for kernels is 0.0083139s
 INFO: Computing semblance for m0 = 5800
 INFO: Total execution time for kernels is 0.008287s
 INFO: Computing semblance for m0 = 5820
 INFO: Total execution time for kernels is 0.00836337s
 INFO: Computing semblance for m0 = 5840
 INFO: Total execution time for kernels is 0.00831997s
 INFO: Computing semblance for m0 = 5860
 INFO: Total execution time for kernels is 0.00833438s
 INFO: Computing semblance for m0 = 5880
 INFO: Total execution time for kernels is 0.00832441s
 INFO: Computing semblance for m0 = 5900
 INFO: Total execution time for kernels is 0.00823992s
 INFO: Computing semblance for m0 = 5920
 INFO: Total execution time for kernels is 0.00827977s
 INFO: Computing semblance for m0 = 5940
 INFO: Total execution time for kernels is 0.00809368s
 INFO: Computing semblance for m0 = 5960
 INFO: Total execution time for kernels is 0.00823515s
 INFO: Computing semblance for m0 = 5980
 INFO: Total execution time for kernels is 0.00838388s
 INFO: Computing semblance for m0 = 6000
 INFO: Total execution time for kernels is 0.00819542s
 INFO: Computing semblance for m0 = 6020
 INFO: Total execution time for kernels is 0.00838062s
 INFO: Computing semblance for m0 = 6040
 INFO: Total execution time for kernels is 0.00833116s
 INFO: Computing semblance for m0 = 6060
 INFO: Total execution time for kernels is 0.00831602s
 INFO: Computing semblance for m0 = 6080
 INFO: Total execution time for kernels is 0.00824702s
 INFO: Computing semblance for m0 = 6100
 INFO: Total execution time for kernels is 0.00821152s
 INFO: Computing semblance for m0 = 6120
 INFO: Total execution time for kernels is 0.00823768s
 INFO: Computing semblance for m0 = 6140
 INFO: Total execution time for kernels is 0.00820321s
 INFO: Computing semblance for m0 = 6160
 INFO: Total execution time for kernels is 0.00817895s
 INFO: Computing semblance for m0 = 6180
 INFO: Total execution time for kernels is 0.0082733s
 INFO: Computing semblance for m0 = 6200
 INFO: Total execution time for kernels is 0.0081813s
 INFO: Computing semblance for m0 = 6220
 INFO: Total execution time for kernels is 0.00840333s
 INFO: Computing semblance for m0 = 6240
 INFO: Total execution time for kernels is 0.00819999s
 INFO: Computing semblance for m0 = 6260
 INFO: Total execution time for kernels is 0.00835335s
 INFO: Computing semblance for m0 = 6280
 INFO: Total execution time for kernels is 0.00820047s
 INFO: Computing semblance for m0 = 6300
 INFO: Total execution time for kernels is 0.00818915s
 INFO: Computing semblance for m0 = 6320
 INFO: Total execution time for kernels is 0.00826184s
 INFO: Computing semblance for m0 = 6340
 INFO: Total execution time for kernels is 0.00823183s
 INFO: Computing semblance for m0 = 6360
 INFO: Total execution time for kernels is 0.00829422s
 INFO: Computing semblance for m0 = 6380
 INFO: Total execution time for kernels is 0.00814488s
 INFO: Computing semblance for m0 = 6400
 INFO: Total execution time for kernels is 0.00825562s
 INFO: Computing semblance for m0 = 6420
 INFO: Total execution time for kernels is 0.00835754s
 INFO: Computing semblance for m0 = 6440
 INFO: Total execution time for kernels is 0.00822427s
 INFO: Computing semblance for m0 = 6460
 INFO: Total execution time for kernels is 0.00824663s
 INFO: Computing semblance for m0 = 6480
 INFO: Total execution time for kernels is 0.00826512s
 INFO: Computing semblance for m0 = 6500
 INFO: Total execution time for kernels is 0.00828252s
 INFO: Computing semblance for m0 = 6520
 INFO: Total execution time for kernels is 0.00834796s
 INFO: Computing semblance for m0 = 6540
 INFO: Total execution time for kernels is 0.00823994s
 INFO: Computing semblance for m0 = 6560
 INFO: Total execution time for kernels is 0.00822455s
 INFO: Computing semblance for m0 = 6580
 INFO: Total execution time for kernels is 0.00827152s
 INFO: Computing semblance for m0 = 6600
 INFO: Total execution time for kernels is 0.00826599s
 INFO: Computing semblance for m0 = 6620
 INFO: Total execution time for kernels is 0.00839081s
 INFO: Computing semblance for m0 = 6640
 INFO: Total execution time for kernels is 0.00825658s
 INFO: Computing semblance for m0 = 6660
 INFO: Total execution time for kernels is 0.00832899s
 INFO: Total execution time for kernels is 0.00829703s
 INFO: Computing semblance for m0 = 6680
 INFO: Computing semblance for m0 = 6700
 INFO: Total execution time for kernels is 0.00830195s
 INFO: Computing semblance for m0 = 6720
 INFO: Total execution time for kernels is 0.00819849s
 INFO: Computing semblance for m0 = 6740
 INFO: Total execution time for kernels is 0.00827538s
 INFO: Computing semblance for m0 = 6760
 INFO: Total execution time for kernels is 0.00836336s
 INFO: Computing semblance for m0 = 6780
 INFO: Total execution time for kernels is 0.00833183s
 INFO: Computing semblance for m0 = 6800
 INFO: Total execution time for kernels is 0.00823131s
 INFO: Computing semblance for m0 = 6820
 INFO: Total execution time for kernels is 0.00822976s
 INFO: Computing semblance for m0 = 6840
 INFO: Total execution time for kernels is 0.00835066s
 INFO: Computing semblance for m0 = 6860
 INFO: Total execution time for kernels is 0.0081822s
 INFO: Computing semblance for m0 = 6880
 INFO: Total execution time for kernels is 0.0082169s
 INFO: Computing semblance for m0 = 6900
 INFO: Total execution time for kernels is 0.0082353s
 INFO: Computing semblance for m0 = 6920
 INFO: Total execution time for kernels is 0.00826694s
 INFO: Computing semblance for m0 = 6940
 INFO: Total execution time for kernels is 0.00833237s
 INFO: Computing semblance for m0 = 6960
 INFO: Total execution time for kernels is 0.00833805s
 INFO: Computing semblance for m0 = 6980
 INFO: Total execution time for kernels is 0.00810667s
 INFO: Computing semblance for m0 = 7000
 INFO: Total execution time for kernels is 0.00833955s
 INFO: Computing semblance for m0 = 7020
 INFO: Total execution time for kernels is 0.00825941s
 INFO: Computing semblance for m0 = 7040
 INFO: Total execution time for kernels is 0.00826356s
 INFO: Computing semblance for m0 = 7060
 INFO: Total execution time for kernels is 0.00812792s
 INFO: Computing semblance for m0 = 7080
 INFO: Total execution time for kernels is 0.00830836s
 INFO: Computing semblance for m0 = 7100
 INFO: Total execution time for kernels is 0.00818973s
 INFO: Computing semblance for m0 = 7120
 INFO: Total execution time for kernels is 0.0081901s
 INFO: Computing semblance for m0 = 7140
 INFO: Total execution time for kernels is 0.00826699s
 INFO: Computing semblance for m0 = 7160
 INFO: Total execution time for kernels is 0.00824813s
 INFO: Computing semblance for m0 = 7180
 INFO: Total execution time for kernels is 0.00823407s
 INFO: Computing semblance for m0 = 7200
 INFO: Total execution time for kernels is 0.00824242s
 INFO: Computing semblance for m0 = 7220
 INFO: Total execution time for kernels is 0.008236s
 INFO: Computing semblance for m0 = 7240
 INFO: Total execution time for kernels is 0.00836639s
 INFO: Computing semblance for m0 = 7260
 INFO: Total execution time for kernels is 0.00825172s
 INFO: Computing semblance for m0 = 7280
 INFO: Total execution time for kernels is 0.00828318s
 INFO: Computing semblance for m0 = 7300
 INFO: Total execution time for kernels is 0.00825582s
 INFO: Computing semblance for m0 = 7320
 INFO: Total execution time for kernels is 0.00833622s
 INFO: Computing semblance for m0 = 7340
 INFO: Total execution time for kernels is 0.00828168s
 INFO: Computing semblance for m0 = 7360
 INFO: Total execution time for kernels is 0.00826119s
 INFO: Computing semblance for m0 = 7380
 INFO: Total execution time for kernels is 0.00824847s
 INFO: Computing semblance for m0 = 7400
 INFO: Total execution time for kernels is 0.00838072s
 INFO: Computing semblance for m0 = 7420
 INFO: Total execution time for kernels is 0.00822901s
 INFO: Computing semblance for m0 = 7440
 INFO: Total execution time for kernels is 0.00830087s
 INFO: Computing semblance for m0 = 7460
 INFO: Total execution time for kernels is 0.00823602s
 INFO: Computing semblance for m0 = 7480
 INFO: Total execution time for kernels is 0.00838187s
 INFO: Computing semblance for m0 = 7500
 INFO: Total execution time for kernels is 0.00826948s
 INFO: Computing semblance for m0 = 7520
 INFO: Total execution time for kernels is 0.00825313s
 INFO: Computing semblance for m0 = 7540
 INFO: Total execution time for kernels is 0.00826385s
 INFO: Computing semblance for m0 = 7560
 INFO: Total execution time for kernels is 0.00825523s
 INFO: Computing semblance for m0 = 7580
 INFO: Total execution time for kernels is 0.00818237s
 INFO: Computing semblance for m0 = 7600
 INFO: Total execution time for kernels is 0.00810951s
 INFO: Computing semblance for m0 = 7620
 INFO: Total execution time for kernels is 0.00829143s
 INFO: Computing semblance for m0 = 7640
 INFO: Total execution time for kernels is 0.00828343s
 INFO: Computing semblance for m0 = 7660
 INFO: Total execution time for kernels is 0.00827673s
 INFO: Computing semblance for m0 = 7680
 INFO: Total execution time for kernels is 0.00825029s
 INFO: Computing semblance for m0 = 7700
 INFO: Total execution time for kernels is 0.00823302s
 INFO: Computing semblance for m0 = 7720
 INFO: Total execution time for kernels is 0.00821255s
 INFO: Computing semblance for m0 = 7740
 INFO: Total execution time for kernels is 0.00823989s
 INFO: Computing semblance for m0 = 7760
 INFO: Total execution time for kernels is 0.00818799s
 INFO: Total execution time for kernels is 0.00824662s
 INFO: Computing semblance for m0 = 7780
 INFO: Computing semblance for m0 = 7800
 INFO: Total execution time for kernels is 0.0082929s
 INFO: Computing semblance for m0 = 7820
 INFO: Total execution time for kernels is 0.00826512s
 INFO: Computing semblance for m0 = 7840
 INFO: Total execution time for kernels is 0.00820636s
 INFO: Computing semblance for m0 = 7860
 INFO: Total execution time for kernels is 0.00831523s
 INFO: Computing semblance for m0 = 7880
 INFO: Total execution time for kernels is 0.00823286s
 INFO: Computing semblance for m0 = 7900
 INFO: Total execution time for kernels is 0.00838732s
 INFO: Computing semblance for m0 = 7920
 INFO: Total execution time for kernels is 0.00816529s
 INFO: Computing semblance for m0 = 7940
 INFO: Total execution time for kernels is 0.00837176s
 INFO: Computing semblance for m0 = 7960
 INFO: Total execution time for kernels is 0.00835251s
 INFO: Computing semblance for m0 = 7980
 INFO: Total execution time for kernels is 0.00823603s
 INFO: Computing semblance for m0 = 8000
 INFO: Total execution time for kernels is 0.00816748s
 INFO:  INFO: Computing semblance for m0 = 8020
Total execution time for kernels is 0.0081432s
 INFO: Computing semblance for m0 = 8040
 INFO: Total execution time for kernels is 0.00839736s
 INFO: Computing semblance for m0 = 8060
 INFO: Total execution time for kernels is 0.00823494s
 INFO: Computing semblance for m0 = 8080
 INFO: Total execution time for kernels is 0.00818994s
 INFO: Computing semblance for m0 = 8100
 INFO: Total execution time for kernels is 0.00821843s
 INFO: Computing semblance for m0 = 8120
 INFO: Total execution time for kernels is 0.00827302s
 INFO: Computing semblance for m0 = 8140
 INFO: Total execution time for kernels is 0.00812867s
 INFO: Computing semblance for m0 = 8160
 INFO: Total execution time for kernels is 0.00824819s
 INFO:  INFO: Total execution time for kernels is 0.00827367sComputing semblance for m0 = 8180

 INFO: Computing semblance for m0 = 8200
 INFO: Total execution time for kernels is 0.00837771s
 INFO: Computing semblance for m0 = 8220
 INFO: Total execution time for kernels is 0.00814822s
 INFO: Computing semblance for m0 = 8240
 INFO: Total execution time for kernels is 0.00821393s
 INFO: Computing semblance for m0 = 8260
 INFO: Total execution time for kernels is 0.00828841s
 INFO: Computing semblance for m0 = 8280
 INFO: Total execution time for kernels is 0.00831439s
 INFO: Computing semblance for m0 = 8300
 INFO: Total execution time for kernels is 0.00814524s
 INFO: Computing semblance for m0 = 8320
 INFO: Total execution time for kernels is 0.00814136s
 INFO: Total execution time for kernels is 0.00824885s
 INFO: Computing semblance for m0 = 8340
 INFO: Computing semblance for m0 = 8360
 INFO: Total execution time for kernels is 0.00827208s
 INFO: Computing semblance for m0 = 8380
 INFO: Total execution time for kernels is 0.00828419s
 INFO: Computing semblance for m0 = 8400
 INFO: Total execution time for kernels is 0.0081799s
 INFO: Computing semblance for m0 = 8420
 INFO: Total execution time for kernels is 0.00822068s
 INFO: Computing semblance for m0 = 8440
 INFO: Total execution time for kernels is 0.00814282s
 INFO: Computing semblance for m0 = 8460
 INFO: Total execution time for kernels is 0.0082882s
 INFO: Computing semblance for m0 = 8480
 INFO: Total execution time for kernels is 0.00816881s
 INFO: Computing semblance for m0 = 8500
 INFO: Total execution time for kernels is 0.0082728s
 INFO: Computing semblance for m0 = 8520
 INFO: Total execution time for kernels is 0.00835952s
 INFO: Computing semblance for m0 = 8540
 INFO: Total execution time for kernels is 0.00842899s
 INFO: Computing semblance for m0 = 8560
 INFO: Total execution time for kernels is 0.00818492s
 INFO: Computing semblance for m0 = 8580
 INFO: Total execution time for kernels is 0.00834842s
 INFO: Computing semblance for m0 = 8600
 INFO: Total execution time for kernels is 0.00836969s
 INFO: Computing semblance for m0 = 8620
 INFO: Total execution time for kernels is 0.00819881s
 INFO: Computing semblance for m0 = 8640
 INFO: Total execution time for kernels is 0.00829578s
 INFO: Computing semblance for m0 = 8660
 INFO: Total execution time for kernels is 0.00829241s
 INFO: Computing semblance for m0 = 8680
 INFO: Total execution time for kernels is 0.00822072s
 INFO: Computing semblance for m0 = 8700
 INFO: Total execution time for kernels is 0.00830501s
 INFO: Computing semblance for m0 = 8720
 INFO: Total execution time for kernels is 0.00823114s
 INFO: Computing semblance for m0 = 8740
 INFO: Total execution time for kernels is 0.00827618s
 INFO: Computing semblance for m0 = 8760
 INFO: Total execution time for kernels is 0.00836451s
 INFO: Computing semblance for m0 = 8780
 INFO: Total execution time for kernels is 0.00824053s
 INFO: Computing semblance for m0 = 8800
 INFO: Total execution time for kernels is 0.00816845s
 INFO: Total execution time for kernels is 0.00829646s
 INFO: Computing semblance for m0 = 8820
 INFO: Computing semblance for m0 = 8840
 INFO: Total execution time for kernels is 0.00836956s
 INFO: Computing semblance for m0 = 8860
 INFO: Total execution time for kernels is 0.00819097s
 INFO: Computing semblance for m0 = 8880
 INFO: Total execution time for kernels is 0.00818891s
 INFO: Computing semblance for m0 = 8900
 INFO: Total execution time for kernels is 0.00823043s
 INFO: Computing semblance for m0 = 8920
 INFO: Total execution time for kernels is 0.00824085s
 INFO: Computing semblance for m0 = 8940
 INFO: Total execution time for kernels is 0.00837713s
 INFO: Computing semblance for m0 = 8960
 INFO: Total execution time for kernels is 0.00811483s
 INFO: Computing semblance for m0 = 8980
 INFO: Total execution time for kernels is 0.00820811s
 INFO: Computing semblance for m0 = 9000
 INFO: Total execution time for kernels is 0.00822601s
 INFO: Computing semblance for m0 = 9020
 INFO: Total execution time for kernels is 0.00833046s
 INFO: Computing semblance for m0 = 9040
 INFO: Total execution time for kernels is 0.0082942s
 INFO: Computing semblance for m0 = 9060
 INFO: Total execution time for kernels is 0.00824758s
 INFO: Computing semblance for m0 = 9080
 INFO: Total execution time for kernels is 0.00829131s
 INFO: Computing semblance for m0 = 9100
 INFO: Total execution time for kernels is 0.00820647s
 INFO: Computing semblance for m0 = 9120
 INFO: Total execution time for kernels is 0.00798435s
 INFO: Computing semblance for m0 = 9140
 INFO: Total execution time for kernels is 0.00822248s
 INFO: Computing semblance for m0 = 9160
 INFO: Total execution time for kernels is 0.00803973s
 INFO: Computing semblance for m0 = 9180
 INFO: Total execution time for kernels is 0.00763258s
 INFO: Computing semblance for m0 = 9200
 INFO: Total execution time for kernels is 0.00745313s
 INFO: Total execution time for kernels is 0.00769857s
 INFO: Computing semblance for m0 = 9220
 INFO: Computing semblance for m0 = 9240
 INFO: Total execution time for kernels is 0.0074765s
 INFO: Computing semblance for m0 = 9260
 INFO: Total execution time for kernels is 0.00710679s
 INFO: Computing semblance for m0 = 9280
 INFO: Total execution time for kernels is 0.00665779s
 INFO: Computing semblance for m0 = 9300
 INFO: Total execution time for kernels is 0.00712157s
 INFO: Computing semblance for m0 = 9320
 INFO: Total execution time for kernels is 0.00674085s
 INFO: Computing semblance for m0 = 9340
 INFO: Total execution time for kernels is 0.00649514s
 INFO: Computing semblance for m0 = 9360
 INFO: Total execution time for kernels is 0.00641982s
 INFO: Computing semblance for m0 = 9380
 INFO: Total execution time for kernels is 0.00610472s
 INFO: Computing semblance for m0 = 9400
 INFO: Total execution time for kernels is 0.00616637s
 INFO: Computing semblance for m0 = 9420
 INFO: Total execution time for kernels is 0.00588337s
 INFO: Computing semblance for m0 = 9440
 INFO: Total execution time for kernels is 0.00554805s
 INFO: Computing semblance for m0 = 9460
 INFO: Total execution time for kernels is 0.00581327s
 INFO: Computing semblance for m0 = 9480
 INFO: Total execution time for kernels is 0.00555883s
 INFO: Computing semblance for m0 = 9500
 INFO: Total execution time for kernels is 0.0052361s
 INFO: Computing semblance for m0 = 9520
 INFO: Total execution time for kernels is 0.00490233s
 INFO: Computing semblance for m0 = 9540
 INFO: Total execution time for kernels is 0.00523118s
 INFO: Computing semblance for m0 = 9560
 INFO: Total execution time for kernels is 0.00493466s
 INFO: Computing semblance for m0 = 9580
 INFO: Total execution time for kernels is 0.00464982s
 INFO: Computing semblance for m0 = 9600
 INFO: Total execution time for kernels is 0.00426933s
 INFO: Computing semblance for m0 = 9620
 INFO: Total execution time for kernels is 0.00459685s
 INFO: Computing semblance for m0 = 9640
 INFO: Total execution time for kernels is 0.0042743s
 INFO: Computing semblance for m0 = 9660
 INFO: Total execution time for kernels is 0.00396689s
 INFO: Computing semblance for m0 = 9680
 INFO: Total execution time for kernels is 0.00359764s
 INFO: Computing semblance for m0 = 9700
 INFO: Total execution time for kernels is 0.00393382s
 INFO: Computing semblance for m0 = 9720
 INFO: Total execution time for kernels is 0.00360504s
 INFO: Computing semblance for m0 = 9740
 INFO: Total execution time for kernels is 0.00332932s
 INFO: Computing semblance for m0 = 9760
 INFO: Total execution time for kernels is 0.00299781s
 INFO: Total execution time for kernels is 0.00331389s
 INFO: Computing semblance for m0 = 9780
 INFO: Computing semblance for m0 = 9800
 INFO: Total execution time for kernels is 0.00298607s
 INFO: Computing semblance for m0 = 9820
 INFO: Total execution time for kernels is 0.00269536s
 INFO: Computing semblance for m0 = 9840
 INFO: Total execution time for kernels is 0.00236498s
 INFO: Computing semblance for m0 = 9860
 INFO: Total execution time for kernels is 0.00268555s
 INFO: Computing semblance for m0 = 9880
 INFO: Total execution time for kernels is 0.00235929s
 INFO: Computing semblance for m0 = 9900
 INFO: Total execution time for kernels is 0.00204249s
 INFO: Computing semblance for m0 = 9920
 INFO: Total execution time for kernels is 0.00171404s
 INFO: Computing semblance for m0 = 9940
 INFO: Total execution time for kernels is 0.00201848s
 INFO: Total execution time for kernels is 0.00169521s
 INFO: Total execution time for kernels is 0.001361s
 INFO: Total execution time for kernels is 0.00134129s
 INFO: Average of efficiency is 1
 INFO: Average of interpolations_per_sec is 1.29427e+11
 INFO: Average of selected_traces is 20.6742
 INFO: Average of total_selection_kernel_exec_time is 0.000408118
 INFO: Average of total_kernel_exec_time is 0.00757466
 INFO: Driver init. duration is 0.18229 s
 INFO: Read gather duration is 0.107572 s
 INFO: Parse args. duration is 0.000222821 s
 INFO: Worker threads duration is 2.0028 s
 INFO: Dump results duration is 0.296836 s
 INFO: Results written to /home/ubuntu/nfs/out/d4e9b53e_master_p3.8xlarge_32/cmp/de/cuda/simple-synthetic_4/simple-synthetic_de_cmp_20210303_1158/
 INFO: It took 2.59773s to compute.
