 INFO: [readGatherFromFile:119] Number of CDPs = 445
 INFO: [readGatherFromFile:120] Number of traces in the gather = 9200
 INFO: [readGatherFromFile:121] Number of samples per trace = 2502
 INFO: [initialize:24] Initializing traveltime
 INFO: [buildZeroOffsetCommonReflectionSurface:66] Upper bound for A is 0.000866025
 INFO: [buildZeroOffsetCommonReflectionSurface:67] Upper bound for B is 1.97531e-06
 INFO: [initialize:28] Factory initialized
 INFO: [create_worker:27] Device count is 0
 INFO: [parseComputeAlgorithm:28] Generations = 32
 INFO: [parseComputeAlgorithm:32] Individuals per population = 32
 INFO: [run:16] m0 = 1080
 INFO: [activate:15] Activating GPU#0
 INFO: [activate:15] Activating GPU#0
 INFO: [activate:15] Activating GPU#0
 INFO: [selectTracesToBeUsedForMidpoint:113] Selecting traces for m0 = 1080
 INFO: [copyOnlySelectedTracesToDevice:118] Selected 20 traces
 INFO: [copyOnlySelectedTracesToDevice:152] Copy time is 0.000262616
 INFO: [selectTracesToBeUsedForMidpoint:181] Execution time for copying traces is 0.000361861s
 INFO: [saveStatisticalResults:102] Total execution time for selecting traces is 0.000450754s
 INFO: [saveStatisticalResults:104] Total execution time for kernels is 0.0952667s
 INFO: [run:16] m0 = 1160
 INFO: [activate:15] Activating GPU#0
 INFO: [selectTracesToBeUsedForMidpoint:113] Selecting traces for m0 = 1160
 INFO: [copyOnlySelectedTracesToDevice:118] Selected 42 traces
 INFO: [copyOnlySelectedTracesToDevice:152] Copy time is 0.000576158
 INFO: [selectTracesToBeUsedForMidpoint:181] Execution time for copying traces is 0.000745793s
 INFO: [saveStatisticalResults:102] Total execution time for selecting traces is 0.000835931s
 INFO: [saveStatisticalResults:104] Total execution time for kernels is 0.184789s
 INFO: [run:16] m0 = 1240
 INFO: [activate:15] Activating GPU#0
 INFO: [selectTracesToBeUsedForMidpoint:113] Selecting traces for m0 = 1240
 INFO: [copyOnlySelectedTracesToDevice:118] Selected 71 traces
 INFO: [copyOnlySelectedTracesToDevice:152] Copy time is 0.000931665
 INFO: [selectTracesToBeUsedForMidpoint:181] Execution time for copying traces is 0.00142488s
 INFO: [saveStatisticalResults:102] Total execution time for selecting traces is 0.00154646s
 INFO: [saveStatisticalResults:104] Total execution time for kernels is 0.272963s
 INFO: [run:16] m0 = 1320
 INFO: [activate:15] Activating GPU#0
 INFO: [selectTracesToBeUsedForMidpoint:113] Selecting traces for m0 = 1320
 INFO: [copyOnlySelectedTracesToDevice:118] Selected 101 traces
 INFO: [copyOnlySelectedTracesToDevice:152] Copy time is 0.00129737
 INFO: [selectTracesToBeUsedForMidpoint:181] Execution time for copying traces is 0.00192459s
 INFO: [saveStatisticalResults:102] Total execution time for selecting traces is 0.00207854s
 INFO: [saveStatisticalResults:104] Total execution time for kernels is 0.327675s
 INFO: [run:16] m0 = 1400
 INFO: [activate:15] Activating GPU#0
 INFO: [selectTracesToBeUsedForMidpoint:113] Selecting traces for m0 = 1400
 INFO: [copyOnlySelectedTracesToDevice:118] Selected 131 traces
 INFO: [copyOnlySelectedTracesToDevice:152] Copy time is 0.00165477
 INFO: [selectTracesToBeUsedForMidpoint:181] Execution time for copying traces is 0.00228234s
 INFO: [saveStatisticalResults:102] Total execution time for selecting traces is 0.00239322s
 INFO: [saveStatisticalResults:104] Total execution time for kernels is 0.394713s
 INFO: [run:16] m0 = 1480
 INFO: [activate:15] Activating GPU#0
 INFO: [selectTracesToBeUsedForMidpoint:113] Selecting traces for m0 = 1480
 INFO: [copyOnlySelectedTracesToDevice:118] Selected 161 traces
 INFO: [copyOnlySelectedTracesToDevice:152] Copy time is 0.00189642
 INFO: [selectTracesToBeUsedForMidpoint:181] Execution time for copying traces is 0.00252409s
 INFO: [saveStatisticalResults:102] Total execution time for selecting traces is 0.00262261s
 INFO: [saveStatisticalResults:104] Total execution time for kernels is 0.476079s
 INFO: [run:16] m0 = 1560
 INFO: [activate:15] Activating GPU#0
 INFO: [selectTracesToBeUsedForMidpoint:113] Selecting traces for m0 = 1560
 INFO: [copyOnlySelectedTracesToDevice:118] Selected 191 traces
 INFO: [copyOnlySelectedTracesToDevice:152] Copy time is 0.00215884
 INFO: [selectTracesToBeUsedForMidpoint:181] Execution time for copying traces is 0.00288841s
 INFO: [saveStatisticalResults:102] Total execution time for selecting traces is 0.00303113s
 INFO: [saveStatisticalResults:104] Total execution time for kernels is 0.567121s
 INFO: [run:16] m0 = 1640
 INFO: [activate:15] Activating GPU#0
 INFO: [selectTracesToBeUsedForMidpoint:113] Selecting traces for m0 = 1640
 INFO: [copyOnlySelectedTracesToDevice:118] Selected 221 traces
 INFO: [copyOnlySelectedTracesToDevice:152] Copy time is 0.00256938
 INFO: [selectTracesToBeUsedForMidpoint:181] Execution time for copying traces is 0.00329879s
 INFO: [saveStatisticalResults:102] Total execution time for selecting traces is 0.00342665s
 INFO: [saveStatisticalResults:104] Total execution time for kernels is 0.653701s
 INFO: [run:16] m0 = 1720
 INFO: [activate:15] Activating GPU#0
 INFO: [selectTracesToBeUsedForMidpoint:113] Selecting traces for m0 = 1720
 INFO: [copyOnlySelectedTracesToDevice:118] Selected 251 traces
 INFO: [copyOnlySelectedTracesToDevice:152] Copy time is 0.0030117
 INFO: [selectTracesToBeUsedForMidpoint:181] Execution time for copying traces is 0.00371092s
 INFO: [saveStatisticalResults:102] Total execution time for selecting traces is 0.00380982s
 INFO: [saveStatisticalResults:104] Total execution time for kernels is 0.741997s
 INFO: [run:16] m0 = 1800
 INFO: [activate:15] Activating GPU#0
 INFO: [selectTracesToBeUsedForMidpoint:113] Selecting traces for m0 = 1800
 INFO: [copyOnlySelectedTracesToDevice:118] Selected 281 traces
 INFO: [copyOnlySelectedTracesToDevice:152] Copy time is 0.00333167
 INFO: [selectTracesToBeUsedForMidpoint:181] Execution time for copying traces is 0.00409032s
 INFO: [saveStatisticalResults:102] Total execution time for selecting traces is 0.00419633s
 INFO: [saveStatisticalResults:104] Total execution time for kernels is 0.81484s
 INFO: [run:16] m0 = 1880
 INFO: [activate:15] Activating GPU#0
 INFO: [selectTracesToBeUsedForMidpoint:113] Selecting traces for m0 = 1880
 INFO: [copyOnlySelectedTracesToDevice:118] Selected 309 traces
 INFO: [copyOnlySelectedTracesToDevice:152] Copy time is 0.00351917
 INFO: [selectTracesToBeUsedForMidpoint:181] Execution time for copying traces is 0.00433676s
 INFO: [saveStatisticalResults:102] Total execution time for selecting traces is 0.00444053s
 INFO: [saveStatisticalResults:104] Total execution time for kernels is 0.875943s
 INFO: [run:16] m0 = 1960
 INFO: [activate:15] Activating GPU#0
 INFO: [selectTracesToBeUsedForMidpoint:113] Selecting traces for m0 = 1960
 INFO: [copyOnlySelectedTracesToDevice:118] Selected 329 traces
 INFO: [copyOnlySelectedTracesToDevice:152] Copy time is 0.00386655
 INFO: [selectTracesToBeUsedForMidpoint:181] Execution time for copying traces is 0.0047608s
 INFO: [saveStatisticalResults:102] Total execution time for selecting traces is 0.00486921s
 INFO: [saveStatisticalResults:104] Total execution time for kernels is 0.917739s
 INFO: [run:16] m0 = 2040
 INFO: [activate:15] Activating GPU#0
 INFO: [selectTracesToBeUsedForMidpoint:113] Selecting traces for m0 = 2040
 INFO: [copyOnlySelectedTracesToDevice:118] Selected 341 traces
 INFO: [copyOnlySelectedTracesToDevice:152] Copy time is 0.00393079
 INFO: [selectTracesToBeUsedForMidpoint:181] Execution time for copying traces is 0.00482405s
 INFO: [saveStatisticalResults:102] Total execution time for selecting traces is 0.00493212s
 INFO: [saveStatisticalResults:104] Total execution time for kernels is 0.944635s
 INFO: [run:16] m0 = 2120
 INFO: [activate:15] Activating GPU#0
 INFO: [selectTracesToBeUsedForMidpoint:113] Selecting traces for m0 = 2120
 INFO: [copyOnlySelectedTracesToDevice:118] Selected 345 traces
 INFO: [copyOnlySelectedTracesToDevice:152] Copy time is 0.00406386
 INFO: [selectTracesToBeUsedForMidpoint:181] Execution time for copying traces is 0.00495268s
 INFO: [saveStatisticalResults:102] Total execution time for selecting traces is 0.00505464s
 INFO: [saveStatisticalResults:104] Total execution time for kernels is 0.957389s
 INFO: [run:16] m0 = 2200
 INFO: [activate:15] Activating GPU#0
 INFO: [selectTracesToBeUsedForMidpoint:113] Selecting traces for m0 = 2200
 INFO: [copyOnlySelectedTracesToDevice:118] Selected 345 traces
 INFO: [copyOnlySelectedTracesToDevice:152] Copy time is 0.00412196
 INFO: [selectTracesToBeUsedForMidpoint:181] Execution time for copying traces is 0.00499386s
 INFO: [saveStatisticalResults:102] Total execution time for selecting traces is 0.00509788s
 INFO: [saveStatisticalResults:104] Total execution time for kernels is 0.959171s
 INFO: [run:16] m0 = 2280
 INFO: [activate:15] Activating GPU#0
 INFO: [selectTracesToBeUsedForMidpoint:113] Selecting traces for m0 = 2280
 INFO: [copyOnlySelectedTracesToDevice:118] Selected 345 traces
 INFO: [copyOnlySelectedTracesToDevice:152] Copy time is 0.00409828
 INFO: [selectTracesToBeUsedForMidpoint:181] Execution time for copying traces is 0.00497353s
 INFO: [saveStatisticalResults:102] Total execution time for selecting traces is 0.00509364s
 INFO: [saveStatisticalResults:104] Total execution time for kernels is 0.958792s
 INFO: [run:16] m0 = 2360
 INFO: [activate:15] Activating GPU#0
 INFO: [selectTracesToBeUsedForMidpoint:113] Selecting traces for m0 = 2360
 INFO: [copyOnlySelectedTracesToDevice:118] Selected 345 traces
 INFO: [copyOnlySelectedTracesToDevice:152] Copy time is 0.00383806
 INFO: [selectTracesToBeUsedForMidpoint:181] Execution time for copying traces is 0.00472126s
 INFO: [saveStatisticalResults:102] Total execution time for selecting traces is 0.0048449s
 INFO: [saveStatisticalResults:104] Total execution time for kernels is 0.963864s
 INFO: [run:16] m0 = 2440
 INFO: [activate:15] Activating GPU#0
 INFO: [selectTracesToBeUsedForMidpoint:113] Selecting traces for m0 = 2440
 INFO: [copyOnlySelectedTracesToDevice:118] Selected 345 traces
 INFO: [copyOnlySelectedTracesToDevice:152] Copy time is 0.00410396
 INFO: [selectTracesToBeUsedForMidpoint:181] Execution time for copying traces is 0.00500699s
 INFO: [saveStatisticalResults:102] Total execution time for selecting traces is 0.00510731s
 INFO: [saveStatisticalResults:104] Total execution time for kernels is 0.972509s
 INFO: [run:16] m0 = 2520
 INFO: [activate:15] Activating GPU#0
 INFO: [selectTracesToBeUsedForMidpoint:113] Selecting traces for m0 = 2520
 INFO: [copyOnlySelectedTracesToDevice:118] Selected 345 traces
 INFO: [copyOnlySelectedTracesToDevice:152] Copy time is 0.00413394
 INFO: [selectTracesToBeUsedForMidpoint:181] Execution time for copying traces is 0.00501039s
 INFO: [saveStatisticalResults:102] Total execution time for selecting traces is 0.00512063s
 INFO: [saveStatisticalResults:104] Total execution time for kernels is 0.971807s
 INFO: [run:16] m0 = 2600
 INFO: [activate:15] Activating GPU#0
 INFO: [selectTracesToBeUsedForMidpoint:113] Selecting traces for m0 = 2600
 INFO: [copyOnlySelectedTracesToDevice:118] Selected 345 traces
 INFO: [copyOnlySelectedTracesToDevice:152] Copy time is 0.0040342
 INFO: [selectTracesToBeUsedForMidpoint:181] Execution time for copying traces is 0.00490833s
 INFO: [saveStatisticalResults:102] Total execution time for selecting traces is 0.00502067s
 INFO: [saveStatisticalResults:104] Total execution time for kernels is 0.981596s
 INFO: [run:16] m0 = 2680
 INFO: [activate:15] Activating GPU#0
 INFO: [selectTracesToBeUsedForMidpoint:113] Selecting traces for m0 = 2680
 INFO: [copyOnlySelectedTracesToDevice:118] Selected 345 traces
 INFO: [copyOnlySelectedTracesToDevice:152] Copy time is 0.00410328
 INFO: [selectTracesToBeUsedForMidpoint:181] Execution time for copying traces is 0.00501697s
 INFO: [saveStatisticalResults:102] Total execution time for selecting traces is 0.00512036s
 INFO: [saveStatisticalResults:104] Total execution time for kernels is 0.978966s
 INFO: [run:16] m0 = 2760
 INFO: [activate:15] Activating GPU#0
 INFO: [selectTracesToBeUsedForMidpoint:113] Selecting traces for m0 = 2760
 INFO: [copyOnlySelectedTracesToDevice:118] Selected 345 traces
 INFO: [copyOnlySelectedTracesToDevice:152] Copy time is 0.00383997
 INFO: [selectTracesToBeUsedForMidpoint:181] Execution time for copying traces is 0.00475246s
 INFO: [saveStatisticalResults:102] Total execution time for selecting traces is 0.00489882s
 INFO: [saveStatisticalResults:104] Total execution time for kernels is 0.961598s
 INFO: [run:16] m0 = 2840
 INFO: [activate:15] Activating GPU#0
 INFO: [selectTracesToBeUsedForMidpoint:113] Selecting traces for m0 = 2840
 INFO: [copyOnlySelectedTracesToDevice:118] Selected 345 traces
 INFO: [copyOnlySelectedTracesToDevice:152] Copy time is 0.0041142
 INFO: [selectTracesToBeUsedForMidpoint:181] Execution time for copying traces is 0.0049895s
 INFO: [saveStatisticalResults:102] Total execution time for selecting traces is 0.00508988s
 INFO: [saveStatisticalResults:104] Total execution time for kernels is 0.957329s
 INFO: [run:16] m0 = 2920
 INFO: [activate:15] Activating GPU#0
 INFO: [selectTracesToBeUsedForMidpoint:113] Selecting traces for m0 = 2920
 INFO: [copyOnlySelectedTracesToDevice:118] Selected 345 traces
 INFO: [copyOnlySelectedTracesToDevice:152] Copy time is 0.00410482
 INFO: [selectTracesToBeUsedForMidpoint:181] Execution time for copying traces is 0.00500613s
 INFO: [saveStatisticalResults:102] Total execution time for selecting traces is 0.00511087s
 INFO: [saveStatisticalResults:104] Total execution time for kernels is 0.961653s
 INFO: [run:16] m0 = 3000
 INFO: [activate:15] Activating GPU#0
 INFO: [selectTracesToBeUsedForMidpoint:113] Selecting traces for m0 = 3000
 INFO: [copyOnlySelectedTracesToDevice:118] Selected 345 traces
 INFO: [copyOnlySelectedTracesToDevice:152] Copy time is 0.00408187
 INFO: [selectTracesToBeUsedForMidpoint:181] Execution time for copying traces is 0.00495971s
 INFO: [saveStatisticalResults:102] Total execution time for selecting traces is 0.0050615s
 INFO: [saveStatisticalResults:104] Total execution time for kernels is 0.964911s
 INFO: [run:16] m0 = 3080
 INFO: [activate:15] Activating GPU#0
 INFO: [selectTracesToBeUsedForMidpoint:113] Selecting traces for m0 = 3080
 INFO: [copyOnlySelectedTracesToDevice:118] Selected 345 traces
 INFO: [copyOnlySelectedTracesToDevice:152] Copy time is 0.00410906
 INFO: [selectTracesToBeUsedForMidpoint:181] Execution time for copying traces is 0.00498416s
 INFO: [saveStatisticalResults:102] Total execution time for selecting traces is 0.00508718s
 INFO: [saveStatisticalResults:104] Total execution time for kernels is 0.965071s
 INFO: [run:16] m0 = 3160
 INFO: [activate:15] Activating GPU#0
 INFO: [selectTracesToBeUsedForMidpoint:113] Selecting traces for m0 = 3160
 INFO: [copyOnlySelectedTracesToDevice:118] Selected 345 traces
 INFO: [copyOnlySelectedTracesToDevice:152] Copy time is 0.00411055
 INFO: [selectTracesToBeUsedForMidpoint:181] Execution time for copying traces is 0.00500127s
 INFO: [saveStatisticalResults:102] Total execution time for selecting traces is 0.00513973s
 INFO: [saveStatisticalResults:104] Total execution time for kernels is 0.96599s
 INFO: [run:16] m0 = 3240
 INFO: [activate:15] Activating GPU#0
 INFO: [selectTracesToBeUsedForMidpoint:113] Selecting traces for m0 = 3240
 INFO: [copyOnlySelectedTracesToDevice:118] Selected 345 traces
 INFO: [copyOnlySelectedTracesToDevice:152] Copy time is 0.00390942
 INFO: [selectTracesToBeUsedForMidpoint:181] Execution time for copying traces is 0.00478157s
 INFO: [saveStatisticalResults:102] Total execution time for selecting traces is 0.0048838s
 INFO: [saveStatisticalResults:104] Total execution time for kernels is 0.948763s
 INFO: [run:16] m0 = 3320
 INFO: [activate:15] Activating GPU#0
 INFO: [selectTracesToBeUsedForMidpoint:113] Selecting traces for m0 = 3320
 INFO: [copyOnlySelectedTracesToDevice:118] Selected 345 traces
 INFO: [copyOnlySelectedTracesToDevice:152] Copy time is 0.00410756
 INFO: [selectTracesToBeUsedForMidpoint:181] Execution time for copying traces is 0.00500028s
 INFO: [saveStatisticalResults:102] Total execution time for selecting traces is 0.00511612s
 INFO: [saveStatisticalResults:104] Total execution time for kernels is 0.9606s
 INFO: [run:16] m0 = 3400
 INFO: [activate:15] Activating GPU#0
 INFO: [selectTracesToBeUsedForMidpoint:113] Selecting traces for m0 = 3400
 INFO: [copyOnlySelectedTracesToDevice:118] Selected 345 traces
 INFO: [copyOnlySelectedTracesToDevice:152] Copy time is 0.00407531
 INFO: [selectTracesToBeUsedForMidpoint:181] Execution time for copying traces is 0.00494367s
 INFO: [saveStatisticalResults:102] Total execution time for selecting traces is 0.00506665s
 INFO: [saveStatisticalResults:104] Total execution time for kernels is 0.95119s
 INFO: [run:16] m0 = 3480
 INFO: [activate:15] Activating GPU#0
 INFO: [selectTracesToBeUsedForMidpoint:113] Selecting traces for m0 = 3480
 INFO: [copyOnlySelectedTracesToDevice:118] Selected 345 traces
 INFO: [copyOnlySelectedTracesToDevice:152] Copy time is 0.0040497
 INFO: [selectTracesToBeUsedForMidpoint:181] Execution time for copying traces is 0.00493348s
 INFO: [saveStatisticalResults:102] Total execution time for selecting traces is 0.00504255s
 INFO: [saveStatisticalResults:104] Total execution time for kernels is 0.951287s
 INFO: [run:16] m0 = 3560
 INFO: [activate:15] Activating GPU#0
 INFO: [selectTracesToBeUsedForMidpoint:113] Selecting traces for m0 = 3560
 INFO: [copyOnlySelectedTracesToDevice:118] Selected 345 traces
 INFO: [copyOnlySelectedTracesToDevice:152] Copy time is 0.00407258
 INFO: [selectTracesToBeUsedForMidpoint:181] Execution time for copying traces is 0.00495848s
 INFO: [saveStatisticalResults:102] Total execution time for selecting traces is 0.0050643s
 INFO: [saveStatisticalResults:104] Total execution time for kernels is 0.947934s
 INFO: [run:16] m0 = 3640
 INFO: [activate:15] Activating GPU#0
 INFO: [selectTracesToBeUsedForMidpoint:113] Selecting traces for m0 = 3640
 INFO: [copyOnlySelectedTracesToDevice:118] Selected 345 traces
 INFO: [copyOnlySelectedTracesToDevice:152] Copy time is 0.00401768
 INFO: [selectTracesToBeUsedForMidpoint:181] Execution time for copying traces is 0.00490436s
 INFO: [saveStatisticalResults:102] Total execution time for selecting traces is 0.00500551s
 INFO: [saveStatisticalResults:104] Total execution time for kernels is 0.948872s
 INFO: [run:16] m0 = 3720
 INFO: [activate:15] Activating GPU#0
 INFO: [selectTracesToBeUsedForMidpoint:113] Selecting traces for m0 = 3720
 INFO: [copyOnlySelectedTracesToDevice:118] Selected 345 traces
 INFO: [copyOnlySelectedTracesToDevice:152] Copy time is 0.00408136
 INFO: [selectTracesToBeUsedForMidpoint:181] Execution time for copying traces is 0.00496401s
 INFO: [saveStatisticalResults:102] Total execution time for selecting traces is 0.00507756s
 INFO: [saveStatisticalResults:104] Total execution time for kernels is 0.955342s
 INFO: [run:16] m0 = 3800
 INFO: [activate:15] Activating GPU#0
 INFO: [selectTracesToBeUsedForMidpoint:113] Selecting traces for m0 = 3800
 INFO: [copyOnlySelectedTracesToDevice:118] Selected 345 traces
 INFO: [copyOnlySelectedTracesToDevice:152] Copy time is 0.00402897
 INFO: [selectTracesToBeUsedForMidpoint:181] Execution time for copying traces is 0.00492144s
 INFO: [saveStatisticalResults:102] Total execution time for selecting traces is 0.0050312s
 INFO: [saveStatisticalResults:104] Total execution time for kernels is 0.948506s
 INFO: [run:16] m0 = 3880
 INFO: [activate:15] Activating GPU#0
 INFO: [selectTracesToBeUsedForMidpoint:113] Selecting traces for m0 = 3880
 INFO: [copyOnlySelectedTracesToDevice:118] Selected 345 traces
 INFO: [copyOnlySelectedTracesToDevice:152] Copy time is 0.00411519
 INFO: [selectTracesToBeUsedForMidpoint:181] Execution time for copying traces is 0.00498674s
 INFO: [saveStatisticalResults:102] Total execution time for selecting traces is 0.00508566s
 INFO: [saveStatisticalResults:104] Total execution time for kernels is 0.951649s
 INFO: [run:16] m0 = 3960
 INFO: [activate:15] Activating GPU#0
 INFO: [selectTracesToBeUsedForMidpoint:113] Selecting traces for m0 = 3960
 INFO: [copyOnlySelectedTracesToDevice:118] Selected 345 traces
 INFO: [copyOnlySelectedTracesToDevice:152] Copy time is 0.00411568
 INFO: [selectTracesToBeUsedForMidpoint:181] Execution time for copying traces is 0.00507469s
 INFO: [saveStatisticalResults:102] Total execution time for selecting traces is 0.00518541s
 INFO: [saveStatisticalResults:104] Total execution time for kernels is 0.948741s
 INFO: [run:16] m0 = 4040
 INFO: [activate:15] Activating GPU#0
 INFO: [selectTracesToBeUsedForMidpoint:113] Selecting traces for m0 = 4040
 INFO: [copyOnlySelectedTracesToDevice:118] Selected 345 traces
 INFO: [copyOnlySelectedTracesToDevice:152] Copy time is 0.00410356
 INFO: [selectTracesToBeUsedForMidpoint:181] Execution time for copying traces is 0.00498754s
 INFO: [saveStatisticalResults:102] Total execution time for selecting traces is 0.00510999s
 INFO: [saveStatisticalResults:104] Total execution time for kernels is 0.950585s
 INFO: [run:16] m0 = 4120
 INFO: [activate:15] Activating GPU#0
 INFO: [selectTracesToBeUsedForMidpoint:113] Selecting traces for m0 = 4120
 INFO: [copyOnlySelectedTracesToDevice:118] Selected 345 traces
 INFO: [copyOnlySelectedTracesToDevice:152] Copy time is 0.00405466
 INFO: [selectTracesToBeUsedForMidpoint:181] Execution time for copying traces is 0.00492984s
 INFO: [saveStatisticalResults:102] Total execution time for selecting traces is 0.00507253s
 INFO: [saveStatisticalResults:104] Total execution time for kernels is 0.947954s
 INFO: [run:16] m0 = 4200
 INFO: [activate:15] Activating GPU#0
 INFO: [selectTracesToBeUsedForMidpoint:113] Selecting traces for m0 = 4200
 INFO: [copyOnlySelectedTracesToDevice:118] Selected 345 traces
 INFO: [copyOnlySelectedTracesToDevice:152] Copy time is 0.00406792
 INFO: [selectTracesToBeUsedForMidpoint:181] Execution time for copying traces is 0.00499133s
 INFO: [saveStatisticalResults:102] Total execution time for selecting traces is 0.00508796s
 INFO: [saveStatisticalResults:104] Total execution time for kernels is 0.953685s
 INFO: [run:16] m0 = 4280
 INFO: [activate:15] Activating GPU#0
 INFO: [selectTracesToBeUsedForMidpoint:113] Selecting traces for m0 = 4280
 INFO: [copyOnlySelectedTracesToDevice:118] Selected 345 traces
 INFO: [copyOnlySelectedTracesToDevice:152] Copy time is 0.00410479
 INFO: [selectTracesToBeUsedForMidpoint:181] Execution time for copying traces is 0.00504835s
 INFO: [saveStatisticalResults:102] Total execution time for selecting traces is 0.00515174s
 INFO: [saveStatisticalResults:104] Total execution time for kernels is 0.969708s
 INFO: [run:16] m0 = 4360
 INFO: [activate:15] Activating GPU#0
 INFO: [selectTracesToBeUsedForMidpoint:113] Selecting traces for m0 = 4360
 INFO: [copyOnlySelectedTracesToDevice:118] Selected 345 traces
 INFO: [copyOnlySelectedTracesToDevice:152] Copy time is 0.00407885
 INFO: [selectTracesToBeUsedForMidpoint:181] Execution time for copying traces is 0.00501828s
 INFO: [saveStatisticalResults:102] Total execution time for selecting traces is 0.00515201s
 INFO: [saveStatisticalResults:104] Total execution time for kernels is 0.969558s
 INFO: [run:16] m0 = 4440
 INFO: [activate:15] Activating GPU#0
 INFO: [selectTracesToBeUsedForMidpoint:113] Selecting traces for m0 = 4440
 INFO: [copyOnlySelectedTracesToDevice:118] Selected 345 traces
 INFO: [copyOnlySelectedTracesToDevice:152] Copy time is 0.0041291
 INFO: [selectTracesToBeUsedForMidpoint:181] Execution time for copying traces is 0.00504095s
 INFO: [saveStatisticalResults:102] Total execution time for selecting traces is 0.00518432s
 INFO: [saveStatisticalResults:104] Total execution time for kernels is 0.966958s
 INFO: [run:16] m0 = 4520
 INFO: [activate:15] Activating GPU#0
 INFO: [selectTracesToBeUsedForMidpoint:113] Selecting traces for m0 = 4520
 INFO: [copyOnlySelectedTracesToDevice:118] Selected 345 traces
 INFO: [copyOnlySelectedTracesToDevice:152] Copy time is 0.00406955
 INFO: [selectTracesToBeUsedForMidpoint:181] Execution time for copying traces is 0.00494656s
 INFO: [saveStatisticalResults:102] Total execution time for selecting traces is 0.00505129s
 INFO: [saveStatisticalResults:104] Total execution time for kernels is 0.963871s
 INFO: [run:16] m0 = 4600
 INFO: [activate:15] Activating GPU#0
 INFO: [selectTracesToBeUsedForMidpoint:113] Selecting traces for m0 = 4600
 INFO: [copyOnlySelectedTracesToDevice:118] Selected 345 traces
 INFO: [copyOnlySelectedTracesToDevice:152] Copy time is 0.00387034
 INFO: [selectTracesToBeUsedForMidpoint:181] Execution time for copying traces is 0.00474159s
 INFO: [saveStatisticalResults:102] Total execution time for selecting traces is 0.00489445s
 INFO: [saveStatisticalResults:104] Total execution time for kernels is 0.964671s
 INFO: [run:16] m0 = 4680
 INFO: [activate:15] Activating GPU#0
 INFO: [selectTracesToBeUsedForMidpoint:113] Selecting traces for m0 = 4680
 INFO: [copyOnlySelectedTracesToDevice:118] Selected 345 traces
 INFO: [copyOnlySelectedTracesToDevice:152] Copy time is 0.00404139
 INFO: [selectTracesToBeUsedForMidpoint:181] Execution time for copying traces is 0.00490676s
 INFO: [saveStatisticalResults:102] Total execution time for selecting traces is 0.00501009s
 INFO: [saveStatisticalResults:104] Total execution time for kernels is 0.951895s
 INFO: [run:16] m0 = 4760
 INFO: [activate:15] Activating GPU#0
 INFO: [selectTracesToBeUsedForMidpoint:113] Selecting traces for m0 = 4760
 INFO: [copyOnlySelectedTracesToDevice:118] Selected 345 traces
 INFO: [copyOnlySelectedTracesToDevice:152] Copy time is 0.00407481
 INFO: [selectTracesToBeUsedForMidpoint:181] Execution time for copying traces is 0.00494888s
 INFO: [saveStatisticalResults:102] Total execution time for selecting traces is 0.00505831s
 INFO: [saveStatisticalResults:104] Total execution time for kernels is 0.963525s
 INFO: [run:16] m0 = 4840
 INFO: [activate:15] Activating GPU#0
 INFO: [selectTracesToBeUsedForMidpoint:113] Selecting traces for m0 = 4840
 INFO: [copyOnlySelectedTracesToDevice:118] Selected 345 traces
 INFO: [copyOnlySelectedTracesToDevice:152] Copy time is 0.00412188
 INFO: [selectTracesToBeUsedForMidpoint:181] Execution time for copying traces is 0.00499588s
 INFO: [saveStatisticalResults:102] Total execution time for selecting traces is 0.00510165s
 INFO: [saveStatisticalResults:104] Total execution time for kernels is 0.967031s
 INFO: [run:16] m0 = 4920
 INFO: [activate:15] Activating GPU#0
 INFO: [selectTracesToBeUsedForMidpoint:113] Selecting traces for m0 = 4920
 INFO: [copyOnlySelectedTracesToDevice:118] Selected 345 traces
 INFO: [copyOnlySelectedTracesToDevice:152] Copy time is 0.00405102
 INFO: [selectTracesToBeUsedForMidpoint:181] Execution time for copying traces is 0.00495279s
 INFO: [saveStatisticalResults:102] Total execution time for selecting traces is 0.00505373s
 INFO: [saveStatisticalResults:104] Total execution time for kernels is 0.969061s
 INFO: [run:16] m0 = 5000
 INFO: [activate:15] Activating GPU#0
 INFO: [selectTracesToBeUsedForMidpoint:113] Selecting traces for m0 = 5000
 INFO: [copyOnlySelectedTracesToDevice:118] Selected 345 traces
 INFO: [copyOnlySelectedTracesToDevice:152] Copy time is 0.00404485
 INFO: [selectTracesToBeUsedForMidpoint:181] Execution time for copying traces is 0.00493741s
 INFO: [saveStatisticalResults:102] Total execution time for selecting traces is 0.00505914s
 INFO: [saveStatisticalResults:104] Total execution time for kernels is 0.973063s
 INFO: [run:16] m0 = 5080
 INFO: [activate:15] Activating GPU#0
 INFO: [selectTracesToBeUsedForMidpoint:113] Selecting traces for m0 = 5080
 INFO: [copyOnlySelectedTracesToDevice:118] Selected 345 traces
 INFO: [copyOnlySelectedTracesToDevice:152] Copy time is 0.00408707
 INFO: [selectTracesToBeUsedForMidpoint:181] Execution time for copying traces is 0.00498234s
 INFO: [saveStatisticalResults:102] Total execution time for selecting traces is 0.0050789s
 INFO: [saveStatisticalResults:104] Total execution time for kernels is 0.981606s
 INFO: [run:16] m0 = 5160
 INFO: [activate:15] Activating GPU#0
 INFO: [selectTracesToBeUsedForMidpoint:113] Selecting traces for m0 = 5160
 INFO: [copyOnlySelectedTracesToDevice:118] Selected 345 traces
 INFO: [copyOnlySelectedTracesToDevice:152] Copy time is 0.00410651
 INFO: [selectTracesToBeUsedForMidpoint:181] Execution time for copying traces is 0.00498573s
 INFO: [saveStatisticalResults:102] Total execution time for selecting traces is 0.00508342s
 INFO: [saveStatisticalResults:104] Total execution time for kernels is 0.976337s
 INFO: [run:16] m0 = 5240
 INFO: [activate:15] Activating GPU#0
 INFO: [selectTracesToBeUsedForMidpoint:113] Selecting traces for m0 = 5240
 INFO: [copyOnlySelectedTracesToDevice:118] Selected 345 traces
 INFO: [copyOnlySelectedTracesToDevice:152] Copy time is 0.00406144
 INFO: [selectTracesToBeUsedForMidpoint:181] Execution time for copying traces is 0.00494223s
 INFO: [saveStatisticalResults:102] Total execution time for selecting traces is 0.00506857s
 INFO: [saveStatisticalResults:104] Total execution time for kernels is 0.96296s
 INFO: [run:16] m0 = 5320
 INFO: [activate:15] Activating GPU#0
 INFO: [selectTracesToBeUsedForMidpoint:113] Selecting traces for m0 = 5320
 INFO: [copyOnlySelectedTracesToDevice:118] Selected 345 traces
 INFO: [copyOnlySelectedTracesToDevice:152] Copy time is 0.00407438
 INFO: [selectTracesToBeUsedForMidpoint:181] Execution time for copying traces is 0.00493483s
 INFO: [saveStatisticalResults:102] Total execution time for selecting traces is 0.00503964s
 INFO: [saveStatisticalResults:104] Total execution time for kernels is 0.967885s
 INFO: [run:16] m0 = 5400
 INFO: [activate:15] Activating GPU#0
 INFO: [selectTracesToBeUsedForMidpoint:113] Selecting traces for m0 = 5400
 INFO: [copyOnlySelectedTracesToDevice:118] Selected 345 traces
 INFO: [copyOnlySelectedTracesToDevice:152] Copy time is 0.00409215
 INFO: [selectTracesToBeUsedForMidpoint:181] Execution time for copying traces is 0.00496783s
 INFO: [saveStatisticalResults:102] Total execution time for selecting traces is 0.00507381s
 INFO: [saveStatisticalResults:104] Total execution time for kernels is 0.964922s
 INFO: [run:16] m0 = 5480
 INFO: [activate:15] Activating GPU#0
 INFO: [selectTracesToBeUsedForMidpoint:113] Selecting traces for m0 = 5480
 INFO: [copyOnlySelectedTracesToDevice:118] Selected 345 traces
 INFO: [copyOnlySelectedTracesToDevice:152] Copy time is 0.00407885
 INFO: [selectTracesToBeUsedForMidpoint:181] Execution time for copying traces is 0.00495354s
 INFO: [saveStatisticalResults:102] Total execution time for selecting traces is 0.00505712s
 INFO: [saveStatisticalResults:104] Total execution time for kernels is 0.972786s
 INFO: [run:16] m0 = 5560
 INFO: [activate:15] Activating GPU#0
 INFO: [selectTracesToBeUsedForMidpoint:113] Selecting traces for m0 = 5560
 INFO: [copyOnlySelectedTracesToDevice:118] Selected 345 traces
 INFO: [copyOnlySelectedTracesToDevice:152] Copy time is 0.00410084
 INFO: [selectTracesToBeUsedForMidpoint:181] Execution time for copying traces is 0.0049773s
 INFO: [saveStatisticalResults:102] Total execution time for selecting traces is 0.00507829s
 INFO: [saveStatisticalResults:104] Total execution time for kernels is 0.966414s
 INFO: [run:16] m0 = 5640
 INFO: [activate:15] Activating GPU#0
 INFO: [selectTracesToBeUsedForMidpoint:113] Selecting traces for m0 = 5640
 INFO: [copyOnlySelectedTracesToDevice:118] Selected 345 traces
 INFO: [copyOnlySelectedTracesToDevice:152] Copy time is 0.00417036
 INFO: [selectTracesToBeUsedForMidpoint:181] Execution time for copying traces is 0.00505547s
 INFO: [saveStatisticalResults:102] Total execution time for selecting traces is 0.00515493s
 INFO: [saveStatisticalResults:104] Total execution time for kernels is 0.982462s
 INFO: [run:16] m0 = 5720
 INFO: [activate:15] Activating GPU#0
 INFO: [selectTracesToBeUsedForMidpoint:113] Selecting traces for m0 = 5720
 INFO: [copyOnlySelectedTracesToDevice:118] Selected 345 traces
 INFO: [copyOnlySelectedTracesToDevice:152] Copy time is 0.00413002
 INFO: [selectTracesToBeUsedForMidpoint:181] Execution time for copying traces is 0.00503816s
 INFO: [saveStatisticalResults:102] Total execution time for selecting traces is 0.00513847s
 INFO: [saveStatisticalResults:104] Total execution time for kernels is 0.982449s
 INFO: [run:16] m0 = 5800
 INFO: [activate:15] Activating GPU#0
 INFO: [selectTracesToBeUsedForMidpoint:113] Selecting traces for m0 = 5800
 INFO: [copyOnlySelectedTracesToDevice:118] Selected 345 traces
 INFO: [copyOnlySelectedTracesToDevice:152] Copy time is 0.00402577
 INFO: [selectTracesToBeUsedForMidpoint:181] Execution time for copying traces is 0.00494102s
 INFO: [saveStatisticalResults:102] Total execution time for selecting traces is 0.00504485s
 INFO: [saveStatisticalResults:104] Total execution time for kernels is 0.98379s
 INFO: [run:16] m0 = 5880
 INFO: [activate:15] Activating GPU#0
 INFO: [selectTracesToBeUsedForMidpoint:113] Selecting traces for m0 = 5880
 INFO: [copyOnlySelectedTracesToDevice:118] Selected 345 traces
 INFO: [copyOnlySelectedTracesToDevice:152] Copy time is 0.00397013
 INFO: [selectTracesToBeUsedForMidpoint:181] Execution time for copying traces is 0.00486919s
 INFO: [saveStatisticalResults:102] Total execution time for selecting traces is 0.0049967s
 INFO: [saveStatisticalResults:104] Total execution time for kernels is 0.979247s
 INFO: [run:16] m0 = 5960
 INFO: [activate:15] Activating GPU#0
 INFO: [selectTracesToBeUsedForMidpoint:113] Selecting traces for m0 = 5960
 INFO: [copyOnlySelectedTracesToDevice:118] Selected 345 traces
 INFO: [copyOnlySelectedTracesToDevice:152] Copy time is 0.00405718
 INFO: [selectTracesToBeUsedForMidpoint:181] Execution time for copying traces is 0.00492521s
 INFO: [saveStatisticalResults:102] Total execution time for selecting traces is 0.00502516s
 INFO: [saveStatisticalResults:104] Total execution time for kernels is 0.975809s
 INFO: [run:16] m0 = 6040
 INFO: [activate:15] Activating GPU#0
 INFO: [selectTracesToBeUsedForMidpoint:113] Selecting traces for m0 = 6040
 INFO: [copyOnlySelectedTracesToDevice:118] Selected 345 traces
 INFO: [copyOnlySelectedTracesToDevice:152] Copy time is 0.00410889
 INFO: [selectTracesToBeUsedForMidpoint:181] Execution time for copying traces is 0.0049917s
 INFO: [saveStatisticalResults:102] Total execution time for selecting traces is 0.00510282s
 INFO: [saveStatisticalResults:104] Total execution time for kernels is 0.955669s
 INFO: [run:16] m0 = 6120
 INFO: [activate:15] Activating GPU#0
 INFO: [selectTracesToBeUsedForMidpoint:113] Selecting traces for m0 = 6120
 INFO: [copyOnlySelectedTracesToDevice:118] Selected 345 traces
 INFO: [copyOnlySelectedTracesToDevice:152] Copy time is 0.00410429
 INFO: [selectTracesToBeUsedForMidpoint:181] Execution time for copying traces is 0.00498113s
 INFO: [saveStatisticalResults:102] Total execution time for selecting traces is 0.00509121s
 INFO: [saveStatisticalResults:104] Total execution time for kernels is 0.950546s
 INFO: [run:16] m0 = 6200
 INFO: [activate:15] Activating GPU#0
 INFO: [selectTracesToBeUsedForMidpoint:113] Selecting traces for m0 = 6200
 INFO: [copyOnlySelectedTracesToDevice:118] Selected 345 traces
 INFO: [copyOnlySelectedTracesToDevice:152] Copy time is 0.00409254
 INFO: [selectTracesToBeUsedForMidpoint:181] Execution time for copying traces is 0.00497597s
 INFO: [saveStatisticalResults:102] Total execution time for selecting traces is 0.0051059s
 INFO: [saveStatisticalResults:104] Total execution time for kernels is 0.960812s
 INFO: [run:16] m0 = 6280
 INFO: [activate:15] Activating GPU#0
 INFO: [selectTracesToBeUsedForMidpoint:113] Selecting traces for m0 = 6280
 INFO: [copyOnlySelectedTracesToDevice:118] Selected 345 traces
 INFO: [copyOnlySelectedTracesToDevice:152] Copy time is 0.00399534
 INFO: [selectTracesToBeUsedForMidpoint:181] Execution time for copying traces is 0.00489983s
 INFO: [saveStatisticalResults:102] Total execution time for selecting traces is 0.00500308s
 INFO: [saveStatisticalResults:104] Total execution time for kernels is 0.96266s
 INFO: [run:16] m0 = 6360
 INFO: [activate:15] Activating GPU#0
 INFO: [selectTracesToBeUsedForMidpoint:113] Selecting traces for m0 = 6360
 INFO: [copyOnlySelectedTracesToDevice:118] Selected 345 traces
 INFO: [copyOnlySelectedTracesToDevice:152] Copy time is 0.00400983
 INFO: [selectTracesToBeUsedForMidpoint:181] Execution time for copying traces is 0.00488573s
 INFO: [saveStatisticalResults:102] Total execution time for selecting traces is 0.00500127s
 INFO: [saveStatisticalResults:104] Total execution time for kernels is 0.961051s
 INFO: [run:16] m0 = 6440
 INFO: [activate:15] Activating GPU#0
 INFO: [selectTracesToBeUsedForMidpoint:113] Selecting traces for m0 = 6440
 INFO: [copyOnlySelectedTracesToDevice:118] Selected 345 traces
 INFO: [copyOnlySelectedTracesToDevice:152] Copy time is 0.00411363
 INFO: [selectTracesToBeUsedForMidpoint:181] Execution time for copying traces is 0.00499092s
 INFO: [saveStatisticalResults:102] Total execution time for selecting traces is 0.00509487s
 INFO: [saveStatisticalResults:104] Total execution time for kernels is 0.963193s
 INFO: [run:16] m0 = 6520
 INFO: [activate:15] Activating GPU#0
 INFO: [selectTracesToBeUsedForMidpoint:113] Selecting traces for m0 = 6520
 INFO: [copyOnlySelectedTracesToDevice:118] Selected 345 traces
 INFO: [copyOnlySelectedTracesToDevice:152] Copy time is 0.00405396
 INFO: [selectTracesToBeUsedForMidpoint:181] Execution time for copying traces is 0.00497012s
 INFO: [saveStatisticalResults:102] Total execution time for selecting traces is 0.00507392s
 INFO: [saveStatisticalResults:104] Total execution time for kernels is 0.963345s
 INFO: [run:16] m0 = 6600
 INFO: [activate:15] Activating GPU#0
 INFO: [selectTracesToBeUsedForMidpoint:113] Selecting traces for m0 = 6600
 INFO: [copyOnlySelectedTracesToDevice:118] Selected 345 traces
 INFO: [copyOnlySelectedTracesToDevice:152] Copy time is 0.00408873
 INFO: [selectTracesToBeUsedForMidpoint:181] Execution time for copying traces is 0.00497293s
 INFO: [saveStatisticalResults:102] Total execution time for selecting traces is 0.00508678s
 INFO: [saveStatisticalResults:104] Total execution time for kernels is 0.964556s
 INFO: [run:16] m0 = 6680
 INFO: [activate:15] Activating GPU#0
 INFO: [selectTracesToBeUsedForMidpoint:113] Selecting traces for m0 = 6680
 INFO: [copyOnlySelectedTracesToDevice:118] Selected 345 traces
 INFO: [copyOnlySelectedTracesToDevice:152] Copy time is 0.00411576
 INFO: [selectTracesToBeUsedForMidpoint:181] Execution time for copying traces is 0.00498138s
 INFO: [saveStatisticalResults:102] Total execution time for selecting traces is 0.00508226s
 INFO: [saveStatisticalResults:104] Total execution time for kernels is 0.962261s
 INFO: [run:16] m0 = 6760
 INFO: [activate:15] Activating GPU#0
 INFO: [selectTracesToBeUsedForMidpoint:113] Selecting traces for m0 = 6760
 INFO: [copyOnlySelectedTracesToDevice:118] Selected 345 traces
 INFO: [copyOnlySelectedTracesToDevice:152] Copy time is 0.00392814
 INFO: [selectTracesToBeUsedForMidpoint:181] Execution time for copying traces is 0.0048251s
 INFO: [saveStatisticalResults:102] Total execution time for selecting traces is 0.0049324s
 INFO: [saveStatisticalResults:104] Total execution time for kernels is 0.959794s
 INFO: [run:16] m0 = 6840
 INFO: [activate:15] Activating GPU#0
 INFO: [selectTracesToBeUsedForMidpoint:113] Selecting traces for m0 = 6840
 INFO: [copyOnlySelectedTracesToDevice:118] Selected 345 traces
 INFO: [copyOnlySelectedTracesToDevice:152] Copy time is 0.00414141
 INFO: [selectTracesToBeUsedForMidpoint:181] Execution time for copying traces is 0.0050509s
 INFO: [saveStatisticalResults:102] Total execution time for selecting traces is 0.00518139s
 INFO: [saveStatisticalResults:104] Total execution time for kernels is 0.957901s
 INFO: [run:16] m0 = 6920
 INFO: [activate:15] Activating GPU#0
 INFO: [selectTracesToBeUsedForMidpoint:113] Selecting traces for m0 = 6920
 INFO: [copyOnlySelectedTracesToDevice:118] Selected 345 traces
 INFO: [copyOnlySelectedTracesToDevice:152] Copy time is 0.00406617
 INFO: [selectTracesToBeUsedForMidpoint:181] Execution time for copying traces is 0.00494756s
 INFO: [saveStatisticalResults:102] Total execution time for selecting traces is 0.0050563s
 INFO: [saveStatisticalResults:104] Total execution time for kernels is 0.960139s
 INFO: [run:16] m0 = 7000
 INFO: [activate:15] Activating GPU#0
 INFO: [selectTracesToBeUsedForMidpoint:113] Selecting traces for m0 = 7000
 INFO: [copyOnlySelectedTracesToDevice:118] Selected 345 traces
 INFO: [copyOnlySelectedTracesToDevice:152] Copy time is 0.00407723
 INFO: [selectTracesToBeUsedForMidpoint:181] Execution time for copying traces is 0.00499503s
 INFO: [saveStatisticalResults:102] Total execution time for selecting traces is 0.00510547s
 INFO: [saveStatisticalResults:104] Total execution time for kernels is 0.965748s
 INFO: [run:16] m0 = 7080
 INFO: [activate:15] Activating GPU#0
 INFO: [selectTracesToBeUsedForMidpoint:113] Selecting traces for m0 = 7080
 INFO: [copyOnlySelectedTracesToDevice:118] Selected 345 traces
 INFO: [copyOnlySelectedTracesToDevice:152] Copy time is 0.00409319
 INFO: [selectTracesToBeUsedForMidpoint:181] Execution time for copying traces is 0.00497137s
 INFO: [saveStatisticalResults:102] Total execution time for selecting traces is 0.00507343s
 INFO: [saveStatisticalResults:104] Total execution time for kernels is 0.970451s
 INFO: [run:16] m0 = 7160
 INFO: [activate:15] Activating GPU#0
 INFO: [selectTracesToBeUsedForMidpoint:113] Selecting traces for m0 = 7160
 INFO: [copyOnlySelectedTracesToDevice:118] Selected 345 traces
 INFO: [copyOnlySelectedTracesToDevice:152] Copy time is 0.00406474
 INFO: [selectTracesToBeUsedForMidpoint:181] Execution time for copying traces is 0.00496578s
 INFO: [saveStatisticalResults:102] Total execution time for selecting traces is 0.00509632s
 INFO: [saveStatisticalResults:104] Total execution time for kernels is 0.972757s
 INFO: [run:16] m0 = 7240
 INFO: [activate:15] Activating GPU#0
 INFO: [selectTracesToBeUsedForMidpoint:113] Selecting traces for m0 = 7240
 INFO: [copyOnlySelectedTracesToDevice:118] Selected 345 traces
 INFO: [copyOnlySelectedTracesToDevice:152] Copy time is 0.00406894
 INFO: [selectTracesToBeUsedForMidpoint:181] Execution time for copying traces is 0.00494662s
 INFO: [saveStatisticalResults:102] Total execution time for selecting traces is 0.00506991s
 INFO: [saveStatisticalResults:104] Total execution time for kernels is 0.971536s
 INFO: [run:16] m0 = 7320
 INFO: [activate:15] Activating GPU#0
 INFO: [selectTracesToBeUsedForMidpoint:113] Selecting traces for m0 = 7320
 INFO: [copyOnlySelectedTracesToDevice:118] Selected 345 traces
 INFO: [copyOnlySelectedTracesToDevice:152] Copy time is 0.00413522
 INFO: [selectTracesToBeUsedForMidpoint:181] Execution time for copying traces is 0.00501538s
 INFO: [saveStatisticalResults:102] Total execution time for selecting traces is 0.00514086s
 INFO: [saveStatisticalResults:104] Total execution time for kernels is 0.976904s
 INFO: [run:16] m0 = 7400
 INFO: [activate:15] Activating GPU#0
 INFO: [selectTracesToBeUsedForMidpoint:113] Selecting traces for m0 = 7400
 INFO: [copyOnlySelectedTracesToDevice:118] Selected 345 traces
 INFO: [copyOnlySelectedTracesToDevice:152] Copy time is 0.004079
 INFO: [selectTracesToBeUsedForMidpoint:181] Execution time for copying traces is 0.00494923s
 INFO: [saveStatisticalResults:102] Total execution time for selecting traces is 0.00508069s
 INFO: [saveStatisticalResults:104] Total execution time for kernels is 0.973965s
 INFO: [run:16] m0 = 7480
 INFO: [activate:15] Activating GPU#0
 INFO: [selectTracesToBeUsedForMidpoint:113] Selecting traces for m0 = 7480
 INFO: [copyOnlySelectedTracesToDevice:118] Selected 345 traces
 INFO: [copyOnlySelectedTracesToDevice:152] Copy time is 0.00408353
 INFO: [selectTracesToBeUsedForMidpoint:181] Execution time for copying traces is 0.00494247s
 INFO: [saveStatisticalResults:102] Total execution time for selecting traces is 0.00503743s
 INFO: [saveStatisticalResults:104] Total execution time for kernels is 0.977347s
 INFO: [run:16] m0 = 7560
 INFO: [activate:15] Activating GPU#0
 INFO: [selectTracesToBeUsedForMidpoint:113] Selecting traces for m0 = 7560
 INFO: [copyOnlySelectedTracesToDevice:118] Selected 345 traces
 INFO: [copyOnlySelectedTracesToDevice:152] Copy time is 0.00408067
 INFO: [selectTracesToBeUsedForMidpoint:181] Execution time for copying traces is 0.00494082s
 INFO: [saveStatisticalResults:102] Total execution time for selecting traces is 0.00504059s
 INFO: [saveStatisticalResults:104] Total execution time for kernels is 0.97351s
 INFO: [run:16] m0 = 7640
 INFO: [activate:15] Activating GPU#0
 INFO: [selectTracesToBeUsedForMidpoint:113] Selecting traces for m0 = 7640
 INFO: [copyOnlySelectedTracesToDevice:118] Selected 345 traces
 INFO: [copyOnlySelectedTracesToDevice:152] Copy time is 0.0038285
 INFO: [selectTracesToBeUsedForMidpoint:181] Execution time for copying traces is 0.00468669s
 INFO: [saveStatisticalResults:102] Total execution time for selecting traces is 0.0047884s
 INFO: [saveStatisticalResults:104] Total execution time for kernels is 0.961261s
 INFO: [run:16] m0 = 7720
 INFO: [activate:15] Activating GPU#0
 INFO: [selectTracesToBeUsedForMidpoint:113] Selecting traces for m0 = 7720
 INFO: [copyOnlySelectedTracesToDevice:118] Selected 345 traces
 INFO: [copyOnlySelectedTracesToDevice:152] Copy time is 0.00405067
 INFO: [selectTracesToBeUsedForMidpoint:181] Execution time for copying traces is 0.00496873s
 INFO: [saveStatisticalResults:102] Total execution time for selecting traces is 0.00507746s
 INFO: [saveStatisticalResults:104] Total execution time for kernels is 0.958723s
 INFO: [run:16] m0 = 7800
 INFO: [activate:15] Activating GPU#0
 INFO: [selectTracesToBeUsedForMidpoint:113] Selecting traces for m0 = 7800
 INFO: [copyOnlySelectedTracesToDevice:118] Selected 345 traces
 INFO: [copyOnlySelectedTracesToDevice:152] Copy time is 0.00407033
 INFO: [selectTracesToBeUsedForMidpoint:181] Execution time for copying traces is 0.00493112s
 INFO: [saveStatisticalResults:102] Total execution time for selecting traces is 0.00503607s
 INFO: [saveStatisticalResults:104] Total execution time for kernels is 0.968308s
 INFO: [run:16] m0 = 7880
 INFO: [activate:15] Activating GPU#0
 INFO: [selectTracesToBeUsedForMidpoint:113] Selecting traces for m0 = 7880
 INFO: [copyOnlySelectedTracesToDevice:118] Selected 345 traces
 INFO: [copyOnlySelectedTracesToDevice:152] Copy time is 0.0040925
 INFO: [selectTracesToBeUsedForMidpoint:181] Execution time for copying traces is 0.0049777s
 INFO: [saveStatisticalResults:102] Total execution time for selecting traces is 0.00507924s
 INFO: [saveStatisticalResults:104] Total execution time for kernels is 0.972056s
 INFO: [run:16] m0 = 7960
 INFO: [activate:15] Activating GPU#0
 INFO: [selectTracesToBeUsedForMidpoint:113] Selecting traces for m0 = 7960
 INFO: [copyOnlySelectedTracesToDevice:118] Selected 345 traces
 INFO: [copyOnlySelectedTracesToDevice:152] Copy time is 0.00407577
 INFO: [selectTracesToBeUsedForMidpoint:181] Execution time for copying traces is 0.00495245s
 INFO: [saveStatisticalResults:102] Total execution time for selecting traces is 0.0050622s
 INFO: [saveStatisticalResults:104] Total execution time for kernels is 0.955477s
 INFO: [run:16] m0 = 8040
 INFO: [activate:15] Activating GPU#0
 INFO: [selectTracesToBeUsedForMidpoint:113] Selecting traces for m0 = 8040
 INFO: [copyOnlySelectedTracesToDevice:118] Selected 345 traces
 INFO: [copyOnlySelectedTracesToDevice:152] Copy time is 0.00404223
 INFO: [selectTracesToBeUsedForMidpoint:181] Execution time for copying traces is 0.00493765s
 INFO: [saveStatisticalResults:102] Total execution time for selecting traces is 0.00503796s
 INFO: [saveStatisticalResults:104] Total execution time for kernels is 0.952132s
 INFO: [run:16] m0 = 8120
 INFO: [activate:15] Activating GPU#0
 INFO: [selectTracesToBeUsedForMidpoint:113] Selecting traces for m0 = 8120
 INFO: [copyOnlySelectedTracesToDevice:118] Selected 345 traces
 INFO: [copyOnlySelectedTracesToDevice:152] Copy time is 0.00404511
 INFO: [selectTracesToBeUsedForMidpoint:181] Execution time for copying traces is 0.00494754s
 INFO: [saveStatisticalResults:102] Total execution time for selecting traces is 0.00506856s
 INFO: [saveStatisticalResults:104] Total execution time for kernels is 0.942915s
 INFO: [run:16] m0 = 8200
 INFO: [activate:15] Activating GPU#0
 INFO: [selectTracesToBeUsedForMidpoint:113] Selecting traces for m0 = 8200
 INFO: [copyOnlySelectedTracesToDevice:118] Selected 345 traces
 INFO: [copyOnlySelectedTracesToDevice:152] Copy time is 0.0040362
 INFO: [selectTracesToBeUsedForMidpoint:181] Execution time for copying traces is 0.00494142s
 INFO: [saveStatisticalResults:102] Total execution time for selecting traces is 0.00505234s
 INFO: [saveStatisticalResults:104] Total execution time for kernels is 0.940482s
 INFO: [run:16] m0 = 8280
 INFO: [activate:15] Activating GPU#0
 INFO: [selectTracesToBeUsedForMidpoint:113] Selecting traces for m0 = 8280
 INFO: [copyOnlySelectedTracesToDevice:118] Selected 345 traces
 INFO: [copyOnlySelectedTracesToDevice:152] Copy time is 0.00409548
 INFO: [selectTracesToBeUsedForMidpoint:181] Execution time for copying traces is 0.00498536s
 INFO: [saveStatisticalResults:102] Total execution time for selecting traces is 0.00509239s
 INFO: [saveStatisticalResults:104] Total execution time for kernels is 0.938551s
 INFO: [run:16] m0 = 8360
 INFO: [activate:15] Activating GPU#0
 INFO: [selectTracesToBeUsedForMidpoint:113] Selecting traces for m0 = 8360
 INFO: [copyOnlySelectedTracesToDevice:118] Selected 345 traces
 INFO: [copyOnlySelectedTracesToDevice:152] Copy time is 0.0041426
 INFO: [selectTracesToBeUsedForMidpoint:181] Execution time for copying traces is 0.00501744s
 INFO: [saveStatisticalResults:102] Total execution time for selecting traces is 0.00511735s
 INFO: [saveStatisticalResults:104] Total execution time for kernels is 0.943874s
 INFO: [run:16] m0 = 8440
 INFO: [activate:15] Activating GPU#0
 INFO: [selectTracesToBeUsedForMidpoint:113] Selecting traces for m0 = 8440
 INFO: [copyOnlySelectedTracesToDevice:118] Selected 345 traces
 INFO: [copyOnlySelectedTracesToDevice:152] Copy time is 0.00403863
 INFO: [selectTracesToBeUsedForMidpoint:181] Execution time for copying traces is 0.00497319s
 INFO: [saveStatisticalResults:102] Total execution time for selecting traces is 0.00507307s
 INFO: [saveStatisticalResults:104] Total execution time for kernels is 0.943158s
 INFO: [run:16] m0 = 8520
 INFO: [activate:15] Activating GPU#0
 INFO: [selectTracesToBeUsedForMidpoint:113] Selecting traces for m0 = 8520
 INFO: [copyOnlySelectedTracesToDevice:118] Selected 345 traces
 INFO: [copyOnlySelectedTracesToDevice:152] Copy time is 0.00405085
 INFO: [selectTracesToBeUsedForMidpoint:181] Execution time for copying traces is 0.00493012s
 INFO: [saveStatisticalResults:102] Total execution time for selecting traces is 0.00505788s
 INFO: [saveStatisticalResults:104] Total execution time for kernels is 0.938491s
 INFO: [run:16] m0 = 8600
 INFO: [activate:15] Activating GPU#0
 INFO: [selectTracesToBeUsedForMidpoint:113] Selecting traces for m0 = 8600
 INFO: [copyOnlySelectedTracesToDevice:118] Selected 345 traces
 INFO: [copyOnlySelectedTracesToDevice:152] Copy time is 0.00404042
 INFO: [selectTracesToBeUsedForMidpoint:181] Execution time for copying traces is 0.0049637s
 INFO: [saveStatisticalResults:102] Total execution time for selecting traces is 0.00507036s
 INFO: [saveStatisticalResults:104] Total execution time for kernels is 0.943196s
 INFO: [run:16] m0 = 8680
 INFO: [activate:15] Activating GPU#0
 INFO: [selectTracesToBeUsedForMidpoint:113] Selecting traces for m0 = 8680
 INFO: [copyOnlySelectedTracesToDevice:118] Selected 345 traces
 INFO: [copyOnlySelectedTracesToDevice:152] Copy time is 0.00412411
 INFO: [selectTracesToBeUsedForMidpoint:181] Execution time for copying traces is 0.00499355s
 INFO: [saveStatisticalResults:102] Total execution time for selecting traces is 0.00509918s
 INFO: [saveStatisticalResults:104] Total execution time for kernels is 0.941558s
 INFO: [run:16] m0 = 8760
 INFO: [activate:15] Activating GPU#0
 INFO: [selectTracesToBeUsedForMidpoint:113] Selecting traces for m0 = 8760
 INFO: [copyOnlySelectedTracesToDevice:118] Selected 345 traces
 INFO: [copyOnlySelectedTracesToDevice:152] Copy time is 0.00405615
 INFO: [selectTracesToBeUsedForMidpoint:181] Execution time for copying traces is 0.00493112s
 INFO: [saveStatisticalResults:102] Total execution time for selecting traces is 0.00505176s
 INFO: [saveStatisticalResults:104] Total execution time for kernels is 0.947758s
 INFO: [run:16] m0 = 8840
 INFO: [activate:15] Activating GPU#0
 INFO: [selectTracesToBeUsedForMidpoint:113] Selecting traces for m0 = 8840
 INFO: [copyOnlySelectedTracesToDevice:118] Selected 345 traces
 INFO: [copyOnlySelectedTracesToDevice:152] Copy time is 0.00414848
 INFO: [selectTracesToBeUsedForMidpoint:181] Execution time for copying traces is 0.00510898s
 INFO: [saveStatisticalResults:102] Total execution time for selecting traces is 0.00522691s
 INFO: [saveStatisticalResults:104] Total execution time for kernels is 0.948598s
 INFO: [run:16] m0 = 8920
 INFO: [activate:15] Activating GPU#0
 INFO: [selectTracesToBeUsedForMidpoint:113] Selecting traces for m0 = 8920
 INFO: [copyOnlySelectedTracesToDevice:118] Selected 345 traces
 INFO: [copyOnlySelectedTracesToDevice:152] Copy time is 0.00410782
 INFO: [selectTracesToBeUsedForMidpoint:181] Execution time for copying traces is 0.00498712s
 INFO: [saveStatisticalResults:102] Total execution time for selecting traces is 0.00510631s
 INFO: [saveStatisticalResults:104] Total execution time for kernels is 0.952002s
 INFO: [run:16] m0 = 9000
 INFO: [activate:15] Activating GPU#0
 INFO: [selectTracesToBeUsedForMidpoint:113] Selecting traces for m0 = 9000
 INFO: [copyOnlySelectedTracesToDevice:118] Selected 339 traces
 INFO: [copyOnlySelectedTracesToDevice:152] Copy time is 0.00399829
 INFO: [selectTracesToBeUsedForMidpoint:181] Execution time for copying traces is 0.00486726s
 INFO: [saveStatisticalResults:102] Total execution time for selecting traces is 0.00497386s
 INFO: [saveStatisticalResults:104] Total execution time for kernels is 0.934105s
 INFO: [run:16] m0 = 9080
 INFO: [activate:15] Activating GPU#0
 INFO: [selectTracesToBeUsedForMidpoint:113] Selecting traces for m0 = 9080
 INFO: [copyOnlySelectedTracesToDevice:118] Selected 325 traces
 INFO: [copyOnlySelectedTracesToDevice:152] Copy time is 0.00387395
 INFO: [selectTracesToBeUsedForMidpoint:181] Execution time for copying traces is 0.00472575s
 INFO: [saveStatisticalResults:102] Total execution time for selecting traces is 0.00482682s
 INFO: [saveStatisticalResults:104] Total execution time for kernels is 0.892164s
 INFO: [run:16] m0 = 9160
 INFO: [activate:15] Activating GPU#0
 INFO: [selectTracesToBeUsedForMidpoint:113] Selecting traces for m0 = 9160
 INFO: [copyOnlySelectedTracesToDevice:118] Selected 303 traces
 INFO: [copyOnlySelectedTracesToDevice:152] Copy time is 0.0035707
 INFO: [selectTracesToBeUsedForMidpoint:181] Execution time for copying traces is 0.00443025s
 INFO: [saveStatisticalResults:102] Total execution time for selecting traces is 0.00453086s
 INFO: [saveStatisticalResults:104] Total execution time for kernels is 0.812929s
 INFO: [run:16] m0 = 9240
 INFO: [activate:15] Activating GPU#0
 INFO: [selectTracesToBeUsedForMidpoint:113] Selecting traces for m0 = 9240
 INFO: [copyOnlySelectedTracesToDevice:118] Selected 274 traces
 INFO: [copyOnlySelectedTracesToDevice:152] Copy time is 0.00323452
 INFO: [selectTracesToBeUsedForMidpoint:181] Execution time for copying traces is 0.00405343s
 INFO: [saveStatisticalResults:102] Total execution time for selecting traces is 0.00417117s
 INFO: [saveStatisticalResults:104] Total execution time for kernels is 0.715207s
 INFO: [run:16] m0 = 9320
 INFO: [activate:15] Activating GPU#0
 INFO: [selectTracesToBeUsedForMidpoint:113] Selecting traces for m0 = 9320
 INFO: [copyOnlySelectedTracesToDevice:118] Selected 244 traces
 INFO: [copyOnlySelectedTracesToDevice:152] Copy time is 0.00287255
 INFO: [selectTracesToBeUsedForMidpoint:181] Execution time for copying traces is 0.00365526s
 INFO: [saveStatisticalResults:102] Total execution time for selecting traces is 0.00375691s
 INFO: [saveStatisticalResults:104] Total execution time for kernels is 0.61821s
 INFO: [run:16] m0 = 9400
 INFO: [activate:15] Activating GPU#0
 INFO: [selectTracesToBeUsedForMidpoint:113] Selecting traces for m0 = 9400
 INFO: [copyOnlySelectedTracesToDevice:118] Selected 214 traces
 INFO: [copyOnlySelectedTracesToDevice:152] Copy time is 0.00256458
 INFO: [selectTracesToBeUsedForMidpoint:181] Execution time for copying traces is 0.00328862s
 INFO: [saveStatisticalResults:102] Total execution time for selecting traces is 0.00338932s
 INFO: [saveStatisticalResults:104] Total execution time for kernels is 0.531366s
 INFO: [run:16] m0 = 9480
 INFO: [activate:15] Activating GPU#0
 INFO: [selectTracesToBeUsedForMidpoint:113] Selecting traces for m0 = 9480
 INFO: [copyOnlySelectedTracesToDevice:118] Selected 184 traces
 INFO: [copyOnlySelectedTracesToDevice:152] Copy time is 0.00219716
 INFO: [selectTracesToBeUsedForMidpoint:181] Execution time for copying traces is 0.00289564s
 INFO: [saveStatisticalResults:102] Total execution time for selecting traces is 0.00299655s
 INFO: [saveStatisticalResults:104] Total execution time for kernels is 0.442632s
 INFO: [run:16] m0 = 9560
 INFO: [activate:15] Activating GPU#0
 INFO: [selectTracesToBeUsedForMidpoint:113] Selecting traces for m0 = 9560
 INFO: [copyOnlySelectedTracesToDevice:118] Selected 154 traces
 INFO: [copyOnlySelectedTracesToDevice:152] Copy time is 0.00186914
 INFO: [selectTracesToBeUsedForMidpoint:181] Execution time for copying traces is 0.00248385s
 INFO: [saveStatisticalResults:102] Total execution time for selecting traces is 0.00258507s
 INFO: [saveStatisticalResults:104] Total execution time for kernels is 0.353022s
 INFO: [run:16] m0 = 9640
 INFO: [activate:15] Activating GPU#0
 INFO: [selectTracesToBeUsedForMidpoint:113] Selecting traces for m0 = 9640
 INFO: [copyOnlySelectedTracesToDevice:118] Selected 124 traces
 INFO: [copyOnlySelectedTracesToDevice:152] Copy time is 0.00144633
 INFO: [selectTracesToBeUsedForMidpoint:181] Execution time for copying traces is 0.00210373s
 INFO: [saveStatisticalResults:102] Total execution time for selecting traces is 0.00223072s
 INFO: [saveStatisticalResults:104] Total execution time for kernels is 0.27727s
 INFO: [run:16] m0 = 9720
 INFO: [activate:15] Activating GPU#0
 INFO: [selectTracesToBeUsedForMidpoint:113] Selecting traces for m0 = 9720
 INFO: [copyOnlySelectedTracesToDevice:118] Selected 94 traces
 INFO: [copyOnlySelectedTracesToDevice:152] Copy time is 0.00111332
 INFO: [selectTracesToBeUsedForMidpoint:181] Execution time for copying traces is 0.00168704s
 INFO: [saveStatisticalResults:102] Total execution time for selecting traces is 0.00178999s
 INFO: [saveStatisticalResults:104] Total execution time for kernels is 0.200966s
 INFO: [run:16] m0 = 9800
 INFO: [activate:15] Activating GPU#0
 INFO: [selectTracesToBeUsedForMidpoint:113] Selecting traces for m0 = 9800
 INFO: [copyOnlySelectedTracesToDevice:118] Selected 64 traces
 INFO: [copyOnlySelectedTracesToDevice:152] Copy time is 0.000748221
 INFO: [selectTracesToBeUsedForMidpoint:181] Execution time for copying traces is 0.00129734s
 INFO: [saveStatisticalResults:102] Total execution time for selecting traces is 0.00139597s
 INFO: [saveStatisticalResults:104] Total execution time for kernels is 0.132009s
 INFO: [run:16] m0 = 9880
 INFO: [activate:15] Activating GPU#0
 INFO: [selectTracesToBeUsedForMidpoint:113] Selecting traces for m0 = 9880
 INFO: [copyOnlySelectedTracesToDevice:118] Selected 36 traces
 INFO: [copyOnlySelectedTracesToDevice:152] Copy time is 0.000425578
 INFO: [selectTracesToBeUsedForMidpoint:181] Execution time for copying traces is 0.000812893s
 INFO: [saveStatisticalResults:102] Total execution time for selecting traces is 0.000940994s
 INFO: [saveStatisticalResults:104] Total execution time for kernels is 0.0735292s
