 INFO: Sorting time = 0.00155901 s
 INFO: Number of CDPs = 445
 INFO: Number of traces in the gather = 9200
 INFO: Number of samples per trace = 2502
 INFO: Computing semblance for m0 = 0
 INFO: No trace has been selected for m0 = 0. Skipping.
 INFO: Total execution time for selecting traces is 6.1299e-05s
 INFO: Total execution time for kernels is 1.1374e-05s
 INFO: Computing semblance for m0 = 1080
 INFO: Total execution time for selecting traces is 3.5632e-05s
 INFO: Total execution time for kernels is 0.00415667s
 INFO: Computing semblance for m0 = 1100
 INFO: Total execution time for selecting traces is 4.1555e-05s
 INFO: Total execution time for kernels is 0.00414414s
 INFO: Computing semblance for m0 = 1120
 INFO: Total execution time for selecting traces is 3.9778e-05s
 INFO: Total execution time for kernels is 0.00536923s
 INFO: Computing semblance for m0 = 1140
 INFO: Total execution time for selecting traces is 3.8128e-05s
 INFO: Total execution time for kernels is 0.00537301s
 INFO: Computing semblance for m0 = 1160
 INFO: Total execution time for selecting traces is 3.8744e-05s
 INFO: Total execution time for kernels is 0.00657994s
 INFO: Computing semblance for m0 = 1180
 INFO: Total execution time for selecting traces is 3.8579e-05s
 INFO: Total execution time for kernels is 0.00661022s
 INFO: Computing semblance for m0 = 1200
 INFO: Total execution time for selecting traces is 3.9395e-05s
 INFO: Total execution time for kernels is 0.00788793s
 INFO: Computing semblance for m0 = 1220
 INFO: Total execution time for selecting traces is 3.8708e-05s
 INFO: Total execution time for kernels is 0.00789717s
 INFO: Computing semblance for m0 = 1240
 INFO: Total execution time for selecting traces is 3.7862e-05s
 INFO: Total execution time for kernels is 0.00919637s
 INFO: Computing semblance for m0 = 1260
 INFO: Total execution time for selecting traces is 3.9269e-05s
 INFO: Total execution time for kernels is 0.00913811s
 INFO: Computing semblance for m0 = 1280
 INFO: Total execution time for selecting traces is 3.9735e-05s
 INFO: Total execution time for kernels is 0.0103978s
 INFO: Computing semblance for m0 = 1300
 INFO: Total execution time for selecting traces is 3.9521e-05s
 INFO: Total execution time for kernels is 0.0104133s
 INFO: Computing semblance for m0 = 1320
 INFO: Total execution time for selecting traces is 3.8991e-05s
 INFO: Total execution time for kernels is 0.0116841s
 INFO: Computing semblance for m0 = 1340
 INFO: Total execution time for selecting traces is 3.2024e-05s
 INFO: Total execution time for kernels is 0.0117226s
 INFO: Computing semblance for m0 = 1360
 INFO: Total execution time for selecting traces is 4.0825e-05s
 INFO: Total execution time for kernels is 0.0129657s
 INFO: Computing semblance for m0 = 1380
 INFO: Total execution time for selecting traces is 4.0843e-05s
 INFO: Total execution time for kernels is 0.0130314s
 INFO: Computing semblance for m0 = 1400
 INFO: Total execution time for selecting traces is 3.9866e-05s
 INFO: Total execution time for kernels is 0.0141994s
 INFO: Computing semblance for m0 = 1420
 INFO: Total execution time for selecting traces is 3.6341e-05s
 INFO: Total execution time for kernels is 0.0129291s
 INFO: Computing semblance for m0 = 1440
 INFO: Total execution time for selecting traces is 4.232e-05s
 INFO: Total execution time for kernels is 0.0140642s
 INFO: Computing semblance for m0 = 1460
 INFO: Total execution time for selecting traces is 4.0785e-05s
 INFO: Total execution time for kernels is 0.0140587s
 INFO: Computing semblance for m0 = 1480
 INFO: Total execution time for selecting traces is 4.1355e-05s
 INFO: Total execution time for kernels is 0.0152784s
 INFO: Computing semblance for m0 = 1500
 INFO: Total execution time for selecting traces is 4.0556e-05s
 INFO: Total execution time for kernels is 0.0153486s
 INFO: Computing semblance for m0 = 1520
 INFO: Total execution time for selecting traces is 4.0898e-05s
 INFO: Total execution time for kernels is 0.0166416s
 INFO: Computing semblance for m0 = 1540
 INFO: Total execution time for selecting traces is 4.1076e-05s
 INFO: Total execution time for kernels is 0.0166776s
 INFO: Computing semblance for m0 = 1560
 INFO: Total execution time for selecting traces is 4.277e-05s
 INFO: Total execution time for kernels is 0.0176512s
 INFO: Computing semblance for m0 = 1580
 INFO: Total execution time for selecting traces is 3.198e-05s
 INFO: Total execution time for kernels is 0.0176242s
 INFO: Computing semblance for m0 = 1600
 INFO: Total execution time for selecting traces is 4.1354e-05s
 INFO: Total execution time for kernels is 0.018761s
 INFO: Computing semblance for m0 = 1620
 INFO: Total execution time for selecting traces is 4.257e-05s
 INFO: Total execution time for kernels is 0.0187511s
 INFO: Computing semblance for m0 = 1640
 INFO: Total execution time for selecting traces is 4.0831e-05s
 INFO: Total execution time for kernels is 0.0200527s
 INFO: Computing semblance for m0 = 1660
 INFO: Total execution time for selecting traces is 4.1704e-05s
 INFO: Total execution time for kernels is 0.0200643s
 INFO: Computing semblance for m0 = 1680
 INFO: Total execution time for selecting traces is 4.1281e-05s
 INFO: Total execution time for kernels is 0.02119s
 INFO: Computing semblance for m0 = 1700
 INFO: Total execution time for selecting traces is 4.1763e-05s
 INFO: Total execution time for kernels is 0.0213009s
 INFO: Computing semblance for m0 = 1720
 INFO: Total execution time for selecting traces is 4.2977e-05s
 INFO: Total execution time for kernels is 0.0224405s
 INFO: Computing semblance for m0 = 1740
 INFO: Total execution time for selecting traces is 4.183e-05s
 INFO: Total execution time for kernels is 0.0223157s
 INFO: Computing semblance for m0 = 1760
 INFO: Total execution time for selecting traces is 4.3045e-05s
 INFO: Total execution time for kernels is 0.0236003s
 INFO: Computing semblance for m0 = 1780
 INFO: Total execution time for selecting traces is 4.1081e-05s
 INFO: Total execution time for kernels is 0.0235213s
 INFO: Computing semblance for m0 = 1800
 INFO: Total execution time for selecting traces is 4.1599e-05s
 INFO: Total execution time for kernels is 0.0247832s
 INFO: Computing semblance for m0 = 1820
 INFO: Total execution time for selecting traces is 4.0866e-05s
 INFO: Total execution time for kernels is 0.0246811s
 INFO: Computing semblance for m0 = 1840
 INFO: Total execution time for selecting traces is 4.2931e-05s
 INFO: Total execution time for kernels is 0.0259257s
 INFO: Computing semblance for m0 = 1860
 INFO: Total execution time for selecting traces is 4.0349e-05s
 INFO: Total execution time for kernels is 0.0259387s
 INFO: Computing semblance for m0 = 1880
 INFO: Total execution time for selecting traces is 4.0958e-05s
 INFO: Total execution time for kernels is 0.0271207s
 INFO: Computing semblance for m0 = 1900
 INFO: Total execution time for selecting traces is 4.1672e-05s
 INFO: Total execution time for kernels is 0.0270966s
 INFO: Computing semblance for m0 = 1920
 INFO: Total execution time for selecting traces is 4.1191e-05s
 INFO: Total execution time for kernels is 0.0283423s
 INFO: Computing semblance for m0 = 1940
 INFO: Total execution time for selecting traces is 4.1721e-05s
 INFO: Total execution time for kernels is 0.0283569s
 INFO: Computing semblance for m0 = 1960
 INFO: Total execution time for selecting traces is 4.2778e-05s
 INFO: Total execution time for kernels is 0.0294937s
 INFO: Computing semblance for m0 = 1980
 INFO: Total execution time for selecting traces is 4.2112e-05s
 INFO: Total execution time for kernels is 0.0294093s
 INFO: Computing semblance for m0 = 2000
 INFO: Total execution time for selecting traces is 4.0744e-05s
 INFO: Total execution time for kernels is 0.0295667s
 INFO: Computing semblance for m0 = 2020
 INFO: Total execution time for selecting traces is 4.2183e-05s
 INFO: Total execution time for kernels is 0.0296051s
 INFO: Computing semblance for m0 = 2040
 INFO: Total execution time for selecting traces is 3.1356e-05s
 INFO: Total execution time for kernels is 0.0294463s
 INFO: Computing semblance for m0 = 2060
 INFO: Total execution time for selecting traces is 4.3047e-05s
 INFO: Total execution time for kernels is 0.0295574s
 INFO: Computing semblance for m0 = 2080
 INFO: Total execution time for selecting traces is 4.2441e-05s
 INFO: Total execution time for kernels is 0.0294578s
 INFO: Computing semblance for m0 = 2100
 INFO: Total execution time for selecting traces is 4.1154e-05s
 INFO: Total execution time for kernels is 0.0293426s
 INFO: Computing semblance for m0 = 2120
 INFO: Total execution time for selecting traces is 4.3106e-05s
 INFO: Total execution time for kernels is 0.0294513s
 INFO: Computing semblance for m0 = 2140
 INFO: Total execution time for selecting traces is 4.1714e-05s
 INFO: Total execution time for kernels is 0.0293986s
 INFO: Computing semblance for m0 = 2160
 INFO: Total execution time for selecting traces is 4.0817e-05s
 INFO: Total execution time for kernels is 0.029615s
 INFO: Computing semblance for m0 = 2180
 INFO: Total execution time for selecting traces is 4.2731e-05s
 INFO: Total execution time for kernels is 0.0294617s
 INFO: Computing semblance for m0 = 2200
 INFO: Total execution time for selecting traces is 4.1497e-05s
 INFO: Total execution time for kernels is 0.029489s
 INFO: Computing semblance for m0 = 2220
 INFO: Total execution time for selecting traces is 4.1193e-05s
 INFO: Total execution time for kernels is 0.029565s
 INFO: Computing semblance for m0 = 2240
 INFO: Total execution time for selecting traces is 4.2318e-05s
 INFO: Total execution time for kernels is 0.0293432s
 INFO: Computing semblance for m0 = 2260
 INFO: Total execution time for selecting traces is 4.2475e-05s
 INFO: Total execution time for kernels is 0.0295072s
 INFO: Computing semblance for m0 = 2280
 INFO: Total execution time for selecting traces is 4.1245e-05s
 INFO: Total execution time for kernels is 0.0295204s
 INFO: Computing semblance for m0 = 2300
 INFO: Total execution time for selecting traces is 4.2805e-05s
 INFO: Total execution time for kernels is 0.0293816s
 INFO: Computing semblance for m0 = 2320
 INFO: Total execution time for selecting traces is 4.2303e-05s
 INFO: Total execution time for kernels is 0.0294491s
 INFO: Computing semblance for m0 = 2340
 INFO: Total execution time for selecting traces is 4.2324e-05s
 INFO: Total execution time for kernels is 0.0294215s
 INFO: Computing semblance for m0 = 2360
 INFO: Total execution time for selecting traces is 4.0987e-05s
 INFO: Total execution time for kernels is 0.0294829s
 INFO: Computing semblance for m0 = 2380
 INFO: Total execution time for selecting traces is 4.0734e-05s
 INFO: Total execution time for kernels is 0.0300772s
 INFO: Computing semblance for m0 = 2400
 INFO: Total execution time for selecting traces is 4.1254e-05s
 INFO: Total execution time for kernels is 0.0297821s
 INFO: Computing semblance for m0 = 2420
 INFO: Total execution time for selecting traces is 4.2751e-05s
 INFO: Total execution time for kernels is 0.0296329s
 INFO: Computing semblance for m0 = 2440
 INFO: Total execution time for selecting traces is 4.0365e-05s
 INFO: Total execution time for kernels is 0.0293877s
 INFO: Computing semblance for m0 = 2460
 INFO: Total execution time for selecting traces is 4.2148e-05s
 INFO: Total execution time for kernels is 0.0294446s
 INFO: Computing semblance for m0 = 2480
 INFO: Total execution time for selecting traces is 4.1961e-05s
 INFO: Total execution time for kernels is 0.0296003s
 INFO: Computing semblance for m0 = 2500
 INFO: Total execution time for selecting traces is 4.1647e-05s
 INFO: Total execution time for kernels is 0.0294504s
 INFO: Computing semblance for m0 = 2520
 INFO: Total execution time for selecting traces is 4.3422e-05s
 INFO: Total execution time for kernels is 0.0293595s
 INFO: Computing semblance for m0 = 2540
 INFO: Total execution time for selecting traces is 4.1879e-05s
 INFO: Total execution time for kernels is 0.02954s
 INFO: Computing semblance for m0 = 2560
 INFO: Total execution time for selecting traces is 4.2955e-05s
 INFO: Total execution time for kernels is 0.0294556s
 INFO: Computing semblance for m0 = 2580
 INFO: Total execution time for selecting traces is 4.1481e-05s
 INFO: Total execution time for kernels is 0.0294637s
 INFO: Computing semblance for m0 = 2600
 INFO: Total execution time for selecting traces is 3.0213e-05s
 INFO: Total execution time for kernels is 0.0294223s
 INFO: Computing semblance for m0 = 2620
 INFO: Total execution time for selecting traces is 4.2327e-05s
 INFO: Total execution time for kernels is 0.0294458s
 INFO: Computing semblance for m0 = 2640
 INFO: Total execution time for selecting traces is 4.0733e-05s
 INFO: Total execution time for kernels is 0.029498s
 INFO: Computing semblance for m0 = 2660
 INFO: Total execution time for selecting traces is 4.0563e-05s
 INFO: Total execution time for kernels is 0.0299795s
 INFO: Computing semblance for m0 = 2680
 INFO: Total execution time for selecting traces is 4.3034e-05s
 INFO: Total execution time for kernels is 0.0296565s
 INFO: Computing semblance for m0 = 2700
 INFO: Total execution time for selecting traces is 4.2011e-05s
 INFO: Total execution time for kernels is 0.0295353s
 INFO: Computing semblance for m0 = 2720
 INFO: Total execution time for selecting traces is 4.1222e-05s
 INFO: Total execution time for kernels is 0.0294707s
 INFO: Computing semblance for m0 = 2740
 INFO: Total execution time for selecting traces is 3.2411e-05s
 INFO: Total execution time for kernels is 0.0293778s
 INFO: Computing semblance for m0 = 2760
 INFO: Total execution time for selecting traces is 4.2166e-05s
 INFO: Total execution time for kernels is 0.0293377s
 INFO: Computing semblance for m0 = 2780
 INFO: Total execution time for selecting traces is 4.1445e-05s
 INFO: Total execution time for kernels is 0.0295012s
 INFO: Computing semblance for m0 = 2800
 INFO: Total execution time for selecting traces is 4.232e-05s
 INFO: Total execution time for kernels is 0.0295272s
 INFO: Computing semblance for m0 = 2820
 INFO: Total execution time for selecting traces is 4.3509e-05s
 INFO: Total execution time for kernels is 0.0294798s
 INFO: Computing semblance for m0 = 2840
 INFO: Total execution time for selecting traces is 4.2643e-05s
 INFO: Total execution time for kernels is 0.0293721s
 INFO: Computing semblance for m0 = 2860
 INFO: Total execution time for selecting traces is 4.2985e-05s
 INFO: Total execution time for kernels is 0.0295731s
 INFO: Computing semblance for m0 = 2880
 INFO: Total execution time for selecting traces is 4.2883e-05s
 INFO: Total execution time for kernels is 0.0295778s
 INFO: Computing semblance for m0 = 2900
 INFO: Total execution time for selecting traces is 4.3074e-05s
 INFO: Total execution time for kernels is 0.0296333s
 INFO: Computing semblance for m0 = 2920
 INFO: Total execution time for selecting traces is 4.2518e-05s
 INFO: Total execution time for kernels is 0.0294142s
 INFO: Computing semblance for m0 = 2940
 INFO: Total execution time for selecting traces is 4.2033e-05s
 INFO: Total execution time for kernels is 0.0294075s
 INFO: Computing semblance for m0 = 2960
 INFO: Total execution time for selecting traces is 4.2392e-05s
 INFO: Total execution time for kernels is 0.0294725s
 INFO: Computing semblance for m0 = 2980
 INFO: Total execution time for selecting traces is 4.175e-05s
 INFO: Total execution time for kernels is 0.0295984s
 INFO: Computing semblance for m0 = 3000
 INFO: Total execution time for selecting traces is 4.0926e-05s
 INFO: Total execution time for kernels is 0.029561s
 INFO: Computing semblance for m0 = 3020
 INFO: Total execution time for selecting traces is 4.1697e-05s
 INFO: Total execution time for kernels is 0.0293859s
 INFO: Computing semblance for m0 = 3040
 INFO: Total execution time for selecting traces is 2.9934e-05s
 INFO: Total execution time for kernels is 0.029362s
 INFO: Computing semblance for m0 = 3060
 INFO: Total execution time for selecting traces is 4.1789e-05s
 INFO: Total execution time for kernels is 0.0296001s
 INFO: Computing semblance for m0 = 3080
 INFO: Total execution time for selecting traces is 4.2558e-05s
 INFO: Total execution time for kernels is 0.0294637s
 INFO: Computing semblance for m0 = 3100
 INFO: Total execution time for selecting traces is 4.4281e-05s
 INFO: Total execution time for kernels is 0.0295455s
 INFO: Computing semblance for m0 = 3120
 INFO: Total execution time for selecting traces is 4.3291e-05s
 INFO: Total execution time for kernels is 0.0294145s
 INFO: Computing semblance for m0 = 3140
 INFO: Total execution time for selecting traces is 4.0182e-05s
 INFO: Total execution time for kernels is 0.029441s
 INFO: Computing semblance for m0 = 3160
 INFO: Total execution time for selecting traces is 4.3234e-05s
 INFO: Total execution time for kernels is 0.0295788s
 INFO: Computing semblance for m0 = 3180
 INFO: Total execution time for selecting traces is 3.1506e-05s
 INFO: Total execution time for kernels is 0.0294984s
 INFO: Computing semblance for m0 = 3200
 INFO: Total execution time for selecting traces is 4.2256e-05s
 INFO: Total execution time for kernels is 0.0296043s
 INFO: Computing semblance for m0 = 3220
 INFO: Total execution time for selecting traces is 4.061e-05s
 INFO: Total execution time for kernels is 0.0299969s
 INFO: Computing semblance for m0 = 3240
 INFO: Total execution time for selecting traces is 3.1956e-05s
 INFO: Total execution time for kernels is 0.0293491s
 INFO: Computing semblance for m0 = 3260
 INFO: Total execution time for selecting traces is 5.0737e-05s
 INFO: Total execution time for kernels is 0.0295727s
 INFO: Computing semblance for m0 = 3280
 INFO: Total execution time for selecting traces is 4.3949e-05s
 INFO: Total execution time for kernels is 0.0294851s
 INFO: Computing semblance for m0 = 3300
 INFO: Total execution time for selecting traces is 4.3135e-05s
 INFO: Total execution time for kernels is 0.0294449s
 INFO: Computing semblance for m0 = 3320
 INFO: Total execution time for selecting traces is 4.1562e-05s
 INFO: Total execution time for kernels is 0.0294331s
 INFO: Computing semblance for m0 = 3340
 INFO: Total execution time for selecting traces is 4.3054e-05s
 INFO: Total execution time for kernels is 0.0294826s
 INFO: Computing semblance for m0 = 3360
 INFO: Total execution time for selecting traces is 4.1209e-05s
 INFO: Total execution time for kernels is 0.0295406s
 INFO: Computing semblance for m0 = 3380
 INFO: Total execution time for selecting traces is 4.1915e-05s
 INFO: Total execution time for kernels is 0.0294777s
 INFO: Computing semblance for m0 = 3400
 INFO: Total execution time for selecting traces is 4.3537e-05s
 INFO: Total execution time for kernels is 0.0294274s
 INFO: Computing semblance for m0 = 3420
 INFO: Total execution time for selecting traces is 3.0644e-05s
 INFO: Total execution time for kernels is 0.0295017s
 INFO: Computing semblance for m0 = 3440
 INFO: Total execution time for selecting traces is 4.2827e-05s
 INFO: Total execution time for kernels is 0.0295045s
 INFO: Computing semblance for m0 = 3460
 INFO: Total execution time for selecting traces is 3.1823e-05s
 INFO: Total execution time for kernels is 0.0296416s
 INFO: Computing semblance for m0 = 3480
 INFO: Total execution time for selecting traces is 4.2168e-05s
 INFO: Total execution time for kernels is 0.0295894s
 INFO: Computing semblance for m0 = 3500
 INFO: Total execution time for selecting traces is 4.0459e-05s
 INFO: Total execution time for kernels is 0.0295325s
 INFO: Computing semblance for m0 = 3520
 INFO: Total execution time for selecting traces is 4.2176e-05s
 INFO: Total execution time for kernels is 0.029441s
 INFO: Computing semblance for m0 = 3540
 INFO: Total execution time for selecting traces is 2.9059e-05s
 INFO: Total execution time for kernels is 0.0294831s
 INFO: Computing semblance for m0 = 3560
 INFO: Total execution time for selecting traces is 4.2011e-05s
 INFO: Total execution time for kernels is 0.029386s
 INFO: Computing semblance for m0 = 3580
 INFO: Total execution time for selecting traces is 4.03e-05s
 INFO: Total execution time for kernels is 0.0296043s
 INFO: Computing semblance for m0 = 3600
 INFO: Total execution time for selecting traces is 3.977e-05s
 INFO: Total execution time for kernels is 0.0297416s
 INFO: Computing semblance for m0 = 3620
 INFO: Total execution time for selecting traces is 4.3263e-05s
 INFO: Total execution time for kernels is 0.0296292s
 INFO: Computing semblance for m0 = 3640
 INFO: Total execution time for selecting traces is 4.1165e-05s
 INFO: Total execution time for kernels is 0.0294704s
 INFO: Computing semblance for m0 = 3660
 INFO: Total execution time for selecting traces is 4.0938e-05s
 INFO: Total execution time for kernels is 0.0294307s
 INFO: Computing semblance for m0 = 3680
 INFO: Total execution time for selecting traces is 3.0181e-05s
 INFO: Total execution time for kernels is 0.0295018s
 INFO: Computing semblance for m0 = 3700
 INFO: Total execution time for selecting traces is 4.0661e-05s
 INFO: Total execution time for kernels is 0.0296722s
 INFO: Computing semblance for m0 = 3720
 INFO: Total execution time for selecting traces is 4.3821e-05s
 INFO: Total execution time for kernels is 0.0294672s
 INFO: Computing semblance for m0 = 3740
 INFO: Total execution time for selecting traces is 3.0002e-05s
 INFO: Total execution time for kernels is 0.0295069s
 INFO: Computing semblance for m0 = 3760
 INFO: Total execution time for selecting traces is 4.2019e-05s
 INFO: Total execution time for kernels is 0.0296961s
 INFO: Computing semblance for m0 = 3780
 INFO: Total execution time for selecting traces is 4.1471e-05s
 INFO: Total execution time for kernels is 0.0294987s
 INFO: Computing semblance for m0 = 3800
 INFO: Total execution time for selecting traces is 4.1854e-05s
 INFO: Total execution time for kernels is 0.0296541s
 INFO: Computing semblance for m0 = 3820
 INFO: Total execution time for selecting traces is 4.1008e-05s
 INFO: Total execution time for kernels is 0.0294754s
 INFO: Computing semblance for m0 = 3840
 INFO: Total execution time for selecting traces is 4.1395e-05s
 INFO: Total execution time for kernels is 0.0295916s
 INFO: Computing semblance for m0 = 3860
 INFO: Total execution time for selecting traces is 3.0981e-05s
 INFO: Total execution time for kernels is 0.0295243s
 INFO: Computing semblance for m0 = 3880
 INFO: Total execution time for selecting traces is 4.1046e-05s
 INFO: Total execution time for kernels is 0.0296309s
 INFO: Computing semblance for m0 = 3900
 INFO: Total execution time for selecting traces is 3.1332e-05s
 INFO: Total execution time for kernels is 0.0295499s
 INFO: Computing semblance for m0 = 3920
 INFO: Total execution time for selecting traces is 2.8729e-05s
 INFO: Total execution time for kernels is 0.0294924s
 INFO: Computing semblance for m0 = 3940
 INFO: Total execution time for selecting traces is 2.9986e-05s
 INFO: Total execution time for kernels is 0.0295627s
 INFO: Computing semblance for m0 = 3960
 INFO: Total execution time for selecting traces is 4.1395e-05s
 INFO: Total execution time for kernels is 0.0294902s
 INFO: Computing semblance for m0 = 3980
 INFO: Total execution time for selecting traces is 4.1946e-05s
 INFO: Total execution time for kernels is 0.0295552s
 INFO: Computing semblance for m0 = 4000
 INFO: Total execution time for selecting traces is 3.22e-05s
 INFO: Total execution time for kernels is 0.0295414s
 INFO: Computing semblance for m0 = 4020
 INFO: Total execution time for selecting traces is 3.0626e-05s
 INFO: Total execution time for kernels is 0.029454s
 INFO: Computing semblance for m0 = 4040
 INFO: Total execution time for selecting traces is 4.1798e-05s
 INFO: Total execution time for kernels is 0.0295382s
 INFO: Computing semblance for m0 = 4060
 INFO: Total execution time for selecting traces is 4.1952e-05s
 INFO: Total execution time for kernels is 0.0294044s
 INFO: Computing semblance for m0 = 4080
 INFO: Total execution time for selecting traces is 4.1219e-05s
 INFO: Total execution time for kernels is 0.0294605s
 INFO: Computing semblance for m0 = 4100
 INFO: Total execution time for selecting traces is 4.0317e-05s
 INFO: Total execution time for kernels is 0.0294727s
 INFO: Computing semblance for m0 = 4120
 INFO: Total execution time for selecting traces is 4.2843e-05s
 INFO: Total execution time for kernels is 0.0294072s
 INFO: Computing semblance for m0 = 4140
 INFO: Total execution time for selecting traces is 4.1211e-05s
 INFO: Total execution time for kernels is 0.0296181s
 INFO: Computing semblance for m0 = 4160
 INFO: Total execution time for selecting traces is 4.0691e-05s
 INFO: Total execution time for kernels is 0.0296163s
 INFO: Computing semblance for m0 = 4180
 INFO: Total execution time for selecting traces is 4.1503e-05s
 INFO: Total execution time for kernels is 0.0297577s
 INFO: Computing semblance for m0 = 4200
 INFO: Total execution time for selecting traces is 4.1762e-05s
 INFO: Total execution time for kernels is 0.0299249s
 INFO: Computing semblance for m0 = 4220
 INFO: Total execution time for selecting traces is 2.9869e-05s
 INFO: Total execution time for kernels is 0.0295266s
 INFO: Computing semblance for m0 = 4240
 INFO: Total execution time for selecting traces is 2.9314e-05s
 INFO: Total execution time for kernels is 0.0294045s
 INFO: Computing semblance for m0 = 4260
 INFO: Total execution time for selecting traces is 4.2618e-05s
 INFO: Total execution time for kernels is 0.0295029s
 INFO: Computing semblance for m0 = 4280
 INFO: Total execution time for selecting traces is 4.2951e-05s
 INFO: Total execution time for kernels is 0.0295434s
 INFO: Computing semblance for m0 = 4300
 INFO: Total execution time for selecting traces is 4.2328e-05s
 INFO: Total execution time for kernels is 0.0293393s
 INFO: Computing semblance for m0 = 4320
 INFO: Total execution time for selecting traces is 4.0862e-05s
 INFO: Total execution time for kernels is 0.029486s
 INFO: Computing semblance for m0 = 4340
 INFO: Total execution time for selecting traces is 3.0007e-05s
 INFO: Total execution time for kernels is 0.0295302s
 INFO: Computing semblance for m0 = 4360
 INFO: Total execution time for selecting traces is 4.027e-05s
 INFO: Total execution time for kernels is 0.029458s
 INFO: Computing semblance for m0 = 4380
 INFO: Total execution time for selecting traces is 4.0359e-05s
 INFO: Total execution time for kernels is 0.029703s
 INFO: Computing semblance for m0 = 4400
 INFO: Total execution time for selecting traces is 4.2346e-05s
 INFO: Total execution time for kernels is 0.0295538s
 INFO: Computing semblance for m0 = 4420
 INFO: Total execution time for selecting traces is 4.1072e-05s
 INFO: Total execution time for kernels is 0.02951s
 INFO: Computing semblance for m0 = 4440
 INFO: Total execution time for selecting traces is 4.1102e-05s
 INFO: Total execution time for kernels is 0.0294861s
 INFO: Computing semblance for m0 = 4460
 INFO: Total execution time for selecting traces is 4.1278e-05s
 INFO: Total execution time for kernels is 0.0295191s
 INFO: Computing semblance for m0 = 4480
 INFO: Total execution time for selecting traces is 4.0084e-05s
 INFO: Total execution time for kernels is 0.0294311s
 INFO: Computing semblance for m0 = 4500
 INFO: Total execution time for selecting traces is 2.9317e-05s
 INFO: Total execution time for kernels is 0.0294296s
 INFO: Computing semblance for m0 = 4520
 INFO: Total execution time for selecting traces is 4.2175e-05s
 INFO: Total execution time for kernels is 0.0295091s
 INFO: Computing semblance for m0 = 4540
 INFO: Total execution time for selecting traces is 4.1871e-05s
 INFO: Total execution time for kernels is 0.0295336s
 INFO: Computing semblance for m0 = 4560
 INFO: Total execution time for selecting traces is 4.2504e-05s
 INFO: Total execution time for kernels is 0.0294375s
 INFO: Computing semblance for m0 = 4580
 INFO: Total execution time for selecting traces is 4.1563e-05s
 INFO: Total execution time for kernels is 0.0294366s
 INFO: Computing semblance for m0 = 4600
 INFO: Total execution time for selecting traces is 4.0524e-05s
 INFO: Total execution time for kernels is 0.029506s
 INFO: Computing semblance for m0 = 4620
 INFO: Total execution time for selecting traces is 2.9854e-05s
 INFO: Total execution time for kernels is 0.0296213s
 INFO: Computing semblance for m0 = 4640
 INFO: Total execution time for selecting traces is 4.256e-05s
 INFO: Total execution time for kernels is 0.0295918s
 INFO: Computing semblance for m0 = 4660
 INFO: Total execution time for selecting traces is 4.1922e-05s
 INFO: Total execution time for kernels is 0.0295295s
 INFO: Computing semblance for m0 = 4680
 INFO: Total execution time for selecting traces is 4.2311e-05s
 INFO: Total execution time for kernels is 0.0293301s
 INFO: Computing semblance for m0 = 4700
 INFO: Total execution time for selecting traces is 4.2391e-05s
 INFO: Total execution time for kernels is 0.0295827s
 INFO: Computing semblance for m0 = 4720
 INFO: Total execution time for selecting traces is 4.1122e-05s
 INFO: Total execution time for kernels is 0.0294741s
 INFO: Computing semblance for m0 = 4740
 INFO: Total execution time for selecting traces is 4.0713e-05s
 INFO: Total execution time for kernels is 0.029403s
 INFO: Computing semblance for m0 = 4760
 INFO: Total execution time for selecting traces is 4.1696e-05s
 INFO: Total execution time for kernels is 0.0295414s
 INFO: Computing semblance for m0 = 4780
 INFO: Total execution time for selecting traces is 3.0358e-05s
 INFO: Total execution time for kernels is 0.0295056s
 INFO: Computing semblance for m0 = 4800
 INFO: Total execution time for selecting traces is 4.2293e-05s
 INFO: Total execution time for kernels is 0.0295695s
 INFO: Computing semblance for m0 = 4820
 INFO: Total execution time for selecting traces is 4.1532e-05s
 INFO: Total execution time for kernels is 0.0295865s
 INFO: Computing semblance for m0 = 4840
 INFO: Total execution time for selecting traces is 3.1122e-05s
 INFO: Total execution time for kernels is 0.0296139s
 INFO: Computing semblance for m0 = 4860
 INFO: Total execution time for selecting traces is 2.9818e-05s
 INFO: Total execution time for kernels is 0.0294451s
 INFO: Computing semblance for m0 = 4880
 INFO: Total execution time for selecting traces is 4.0533e-05s
 INFO: Total execution time for kernels is 0.0295735s
 INFO: Computing semblance for m0 = 4900
 INFO: Total execution time for selecting traces is 3.0599e-05s
 INFO: Total execution time for kernels is 0.0294909s
 INFO: Computing semblance for m0 = 4920
 INFO: Total execution time for selecting traces is 4.1169e-05s
 INFO: Total execution time for kernels is 0.0295152s
 INFO: Computing semblance for m0 = 4940
 INFO: Total execution time for selecting traces is 4.0984e-05s
 INFO: Total execution time for kernels is 0.0295112s
 INFO: Computing semblance for m0 = 4960
 INFO: Total execution time for selecting traces is 4.1808e-05s
 INFO: Total execution time for kernels is 0.0294922s
 INFO: Computing semblance for m0 = 4980
 INFO: Total execution time for selecting traces is 4.1854e-05s
 INFO: Total execution time for kernels is 0.0294486s
 INFO: Computing semblance for m0 = 5000
 INFO: Total execution time for selecting traces is 4.1008e-05s
 INFO: Total execution time for kernels is 0.0294738s
 INFO: Computing semblance for m0 = 5020
 INFO: Total execution time for selecting traces is 4.161e-05s
 INFO: Total execution time for kernels is 0.0295068s
 INFO: Computing semblance for m0 = 5040
 INFO: Total execution time for selecting traces is 4.0855e-05s
 INFO: Total execution time for kernels is 0.0294859s
 INFO: Computing semblance for m0 = 5060
 INFO: Total execution time for selecting traces is 3.0609e-05s
 INFO: Total execution time for kernels is 0.0295011s
 INFO: Computing semblance for m0 = 5080
 INFO: Total execution time for selecting traces is 4.2313e-05s
 INFO: Total execution time for kernels is 0.0295307s
 INFO: Computing semblance for m0 = 5100
 INFO: Total execution time for selecting traces is 2.879e-05s
 INFO: Total execution time for kernels is 0.0293952s
 INFO: Computing semblance for m0 = 5120
 INFO: Total execution time for selecting traces is 3.1605e-05s
 INFO: Total execution time for kernels is 0.029627s
 INFO: Computing semblance for m0 = 5140
 INFO: Total execution time for selecting traces is 4.058e-05s
 INFO: Total execution time for kernels is 0.0295289s
 INFO: Computing semblance for m0 = 5160
 INFO: Total execution time for selecting traces is 4.0374e-05s
 INFO: Total execution time for kernels is 0.0294015s
 INFO: Computing semblance for m0 = 5180
 INFO: Total execution time for selecting traces is 2.996e-05s
 INFO: Total execution time for kernels is 0.0295522s
 INFO: Computing semblance for m0 = 5200
 INFO: Total execution time for selecting traces is 4.0807e-05s
 INFO: Total execution time for kernels is 0.0295247s
 INFO: Computing semblance for m0 = 5220
 INFO: Total execution time for selecting traces is 4.0218e-05s
 INFO: Total execution time for kernels is 0.0298564s
 INFO: Computing semblance for m0 = 5240
 INFO: Total execution time for selecting traces is 4.0836e-05s
 INFO: Total execution time for kernels is 0.0296005s
 INFO: Computing semblance for m0 = 5260
 INFO: Total execution time for selecting traces is 4.0955e-05s
 INFO: Total execution time for kernels is 0.0294743s
 INFO: Computing semblance for m0 = 5280
 INFO: Total execution time for selecting traces is 4.1082e-05s
 INFO: Total execution time for kernels is 0.0296522s
 INFO: Computing semblance for m0 = 5300
 INFO: Total execution time for selecting traces is 2.8968e-05s
 INFO: Total execution time for kernels is 0.0294925s
 INFO: Computing semblance for m0 = 5320
 INFO: Total execution time for selecting traces is 4.1662e-05s
 INFO: Total execution time for kernels is 0.0295626s
 INFO: Computing semblance for m0 = 5340
 INFO: Total execution time for selecting traces is 2.9881e-05s
 INFO: Total execution time for kernels is 0.0294615s
 INFO: Computing semblance for m0 = 5360
 INFO: Total execution time for selecting traces is 4.0354e-05s
 INFO: Total execution time for kernels is 0.0296148s
 INFO: Computing semblance for m0 = 5380
 INFO: Total execution time for selecting traces is 4.1497e-05s
 INFO: Total execution time for kernels is 0.029516s
 INFO: Computing semblance for m0 = 5400
 INFO: Total execution time for selecting traces is 4.3673e-05s
 INFO: Total execution time for kernels is 0.0294024s
 INFO: Computing semblance for m0 = 5420
 INFO: Total execution time for selecting traces is 2.916e-05s
 INFO: Total execution time for kernels is 0.0295494s
 INFO: Computing semblance for m0 = 5440
 INFO: Total execution time for selecting traces is 4.0152e-05s
 INFO: Total execution time for kernels is 0.0295868s
 INFO: Computing semblance for m0 = 5460
 INFO: Total execution time for selecting traces is 3.0446e-05s
 INFO: Total execution time for kernels is 0.0294266s
 INFO: Computing semblance for m0 = 5480
 INFO: Total execution time for selecting traces is 4.0748e-05s
 INFO: Total execution time for kernels is 0.0294118s
 INFO: Computing semblance for m0 = 5500
 INFO: Total execution time for selecting traces is 4.0446e-05s
 INFO: Total execution time for kernels is 0.0294418s
 INFO: Computing semblance for m0 = 5520
 INFO: Total execution time for selecting traces is 4.1731e-05s
 INFO: Total execution time for kernels is 0.0296038s
 INFO: Computing semblance for m0 = 5540
 INFO: Total execution time for selecting traces is 3.9902e-05s
 INFO: Total execution time for kernels is 0.02941s
 INFO: Computing semblance for m0 = 5560
 INFO: Total execution time for selecting traces is 4.0808e-05s
 INFO: Total execution time for kernels is 0.0296423s
 INFO: Computing semblance for m0 = 5580
 INFO: Total execution time for selecting traces is 4.2128e-05s
 INFO: Total execution time for kernels is 0.0294157s
 INFO: Computing semblance for m0 = 5600
 INFO: Total execution time for selecting traces is 4.2461e-05s
 INFO: Total execution time for kernels is 0.0293892s
 INFO: Computing semblance for m0 = 5620
 INFO: Total execution time for selecting traces is 4.2736e-05s
 INFO: Total execution time for kernels is 0.0296543s
 INFO: Computing semblance for m0 = 5640
 INFO: Total execution time for selecting traces is 4.3098e-05s
 INFO: Total execution time for kernels is 0.0295737s
 INFO: Computing semblance for m0 = 5660
 INFO: Total execution time for selecting traces is 4.165e-05s
 INFO: Total execution time for kernels is 0.0296157s
 INFO: Computing semblance for m0 = 5680
 INFO: Total execution time for selecting traces is 3.1563e-05s
 INFO: Total execution time for kernels is 0.0295347s
 INFO: Computing semblance for m0 = 5700
 INFO: Total execution time for selecting traces is 4.1245e-05s
 INFO: Total execution time for kernels is 0.0294979s
 INFO: Computing semblance for m0 = 5720
 INFO: Total execution time for selecting traces is 4.1195e-05s
 INFO: Total execution time for kernels is 0.0294556s
 INFO: Computing semblance for m0 = 5740
 INFO: Total execution time for selecting traces is 4.1459e-05s
 INFO: Total execution time for kernels is 0.0295608s
 INFO: Computing semblance for m0 = 5760
 INFO: Total execution time for selecting traces is 2.9383e-05s
 INFO: Total execution time for kernels is 0.0295534s
 INFO: Computing semblance for m0 = 5780
 INFO: Total execution time for selecting traces is 4.0775e-05s
 INFO: Total execution time for kernels is 0.0293879s
 INFO: Computing semblance for m0 = 5800
 INFO: Total execution time for selecting traces is 3.0775e-05s
 INFO: Total execution time for kernels is 0.02973s
 INFO: Computing semblance for m0 = 5820
 INFO: Total execution time for selecting traces is 2.8722e-05s
 INFO: Total execution time for kernels is 0.0295935s
 INFO: Computing semblance for m0 = 5840
 INFO: Total execution time for selecting traces is 3.082e-05s
 INFO: Total execution time for kernels is 0.0294736s
 INFO: Computing semblance for m0 = 5860
 INFO: Total execution time for selecting traces is 4.1471e-05s
 INFO: Total execution time for kernels is 0.0295539s
 INFO: Computing semblance for m0 = 5880
 INFO: Total execution time for selecting traces is 4.2806e-05s
 INFO: Total execution time for kernels is 0.0295293s
 INFO: Computing semblance for m0 = 5900
 INFO: Total execution time for selecting traces is 4.3639e-05s
 INFO: Total execution time for kernels is 0.029545s
 INFO: Computing semblance for m0 = 5920
 INFO: Total execution time for selecting traces is 2.9465e-05s
 INFO: Total execution time for kernels is 0.029929s
 INFO: Computing semblance for m0 = 5940
 INFO: Total execution time for selecting traces is 4.1865e-05s
 INFO: Total execution time for kernels is 0.0296143s
 INFO: Computing semblance for m0 = 5960
 INFO: Total execution time for selecting traces is 4.3478e-05s
 INFO: Total execution time for kernels is 0.0295068s
 INFO: Computing semblance for m0 = 5980
 INFO: Total execution time for selecting traces is 4.0735e-05s
 INFO: Total execution time for kernels is 0.0294901s
 INFO: Computing semblance for m0 = 6000
 INFO: Total execution time for selecting traces is 4.0974e-05s
 INFO: Total execution time for kernels is 0.0295454s
 INFO: Computing semblance for m0 = 6020
 INFO: Total execution time for selecting traces is 2.9596e-05s
 INFO: Total execution time for kernels is 0.0293946s
 INFO: Computing semblance for m0 = 6040
 INFO: Total execution time for selecting traces is 4.0887e-05s
 INFO: Total execution time for kernels is 0.0295225s
 INFO: Computing semblance for m0 = 6060
 INFO: Total execution time for selecting traces is 4.0243e-05s
 INFO: Total execution time for kernels is 0.0295525s
 INFO: Computing semblance for m0 = 6080
 INFO: Total execution time for selecting traces is 4.2318e-05s
 INFO: Total execution time for kernels is 0.0294561s
 INFO: Computing semblance for m0 = 6100
 INFO: Total execution time for selecting traces is 4.1559e-05s
 INFO: Total execution time for kernels is 0.0295891s
 INFO: Computing semblance for m0 = 6120
 INFO: Total execution time for selecting traces is 4.271e-05s
 INFO: Total execution time for kernels is 0.0294286s
 INFO: Computing semblance for m0 = 6140
 INFO: Total execution time for selecting traces is 4.1139e-05s
 INFO: Total execution time for kernels is 0.0296229s
 INFO: Computing semblance for m0 = 6160
 INFO: Total execution time for selecting traces is 4.0698e-05s
 INFO: Total execution time for kernels is 0.0294256s
 INFO: Computing semblance for m0 = 6180
 INFO: Total execution time for selecting traces is 4.2517e-05s
 INFO: Total execution time for kernels is 0.0296395s
 INFO: Computing semblance for m0 = 6200
 INFO: Total execution time for selecting traces is 4.3671e-05s
 INFO: Total execution time for kernels is 0.0297819s
 INFO: Computing semblance for m0 = 6220
 INFO: Total execution time for selecting traces is 4.1452e-05s
 INFO: Total execution time for kernels is 0.0296036s
 INFO: Computing semblance for m0 = 6240
 INFO: Total execution time for selecting traces is 4.3794e-05s
 INFO: Total execution time for kernels is 0.0295713s
 INFO: Computing semblance for m0 = 6260
 INFO: Total execution time for selecting traces is 4.1401e-05s
 INFO: Total execution time for kernels is 0.0295137s
 INFO: Computing semblance for m0 = 6280
 INFO: Total execution time for selecting traces is 4.1468e-05s
 INFO: Total execution time for kernels is 0.0295203s
 INFO: Computing semblance for m0 = 6300
 INFO: Total execution time for selecting traces is 4.1734e-05s
 INFO: Total execution time for kernels is 0.029458s
 INFO: Computing semblance for m0 = 6320
 INFO: Total execution time for selecting traces is 4.173e-05s
 INFO: Total execution time for kernels is 0.0296117s
 INFO: Computing semblance for m0 = 6340
 INFO: Total execution time for selecting traces is 4.0873e-05s
 INFO: Total execution time for kernels is 0.0294459s
 INFO: Computing semblance for m0 = 6360
 INFO: Total execution time for selecting traces is 4.1486e-05s
 INFO: Total execution time for kernels is 0.029381s
 INFO: Computing semblance for m0 = 6380
 INFO: Total execution time for selecting traces is 4.0307e-05s
 INFO: Total execution time for kernels is 0.0295985s
 INFO: Computing semblance for m0 = 6400
 INFO: Total execution time for selecting traces is 4.2313e-05s
 INFO: Total execution time for kernels is 0.0293957s
 INFO: Computing semblance for m0 = 6420
 INFO: Total execution time for selecting traces is 3.0226e-05s
 INFO: Total execution time for kernels is 0.0295285s
 INFO: Computing semblance for m0 = 6440
 INFO: Total execution time for selecting traces is 2.9856e-05s
 INFO: Total execution time for kernels is 0.0296885s
 INFO: Computing semblance for m0 = 6460
 INFO: Total execution time for selecting traces is 4.1621e-05s
 INFO: Total execution time for kernels is 0.0294787s
 INFO: Computing semblance for m0 = 6480
 INFO: Total execution time for selecting traces is 2.8874e-05s
 INFO: Total execution time for kernels is 0.0295408s
 INFO: Computing semblance for m0 = 6500
 INFO: Total execution time for selecting traces is 4.0356e-05s
 INFO: Total execution time for kernels is 0.0293916s
 INFO: Computing semblance for m0 = 6520
 INFO: Total execution time for selecting traces is 4.2629e-05s
 INFO: Total execution time for kernels is 0.0295115s
 INFO: Computing semblance for m0 = 6540
 INFO: Total execution time for selecting traces is 4.0386e-05s
 INFO: Total execution time for kernels is 0.0295089s
 INFO: Computing semblance for m0 = 6560
 INFO: Total execution time for selecting traces is 2.9062e-05s
 INFO: Total execution time for kernels is 0.0295436s
 INFO: Computing semblance for m0 = 6580
 INFO: Total execution time for selecting traces is 3.0572e-05s
 INFO: Total execution time for kernels is 0.0294834s
 INFO: Computing semblance for m0 = 6600
 INFO: Total execution time for selecting traces is 2.8497e-05s
 INFO: Total execution time for kernels is 0.0294068s
 INFO: Computing semblance for m0 = 6620
 INFO: Total execution time for selecting traces is 4.0771e-05s
 INFO: Total execution time for kernels is 0.0297202s
 INFO: Computing semblance for m0 = 6640
 INFO: Total execution time for selecting traces is 3.0385e-05s
 INFO: Total execution time for kernels is 0.0295076s
 INFO: Computing semblance for m0 = 6660
 INFO: Total execution time for selecting traces is 4.1154e-05s
 INFO: Total execution time for kernels is 0.0294856s
 INFO: Computing semblance for m0 = 6680
 INFO: Total execution time for selecting traces is 4.1971e-05s
 INFO: Total execution time for kernels is 0.0294477s
 INFO: Computing semblance for m0 = 6700
 INFO: Total execution time for selecting traces is 4.0104e-05s
 INFO: Total execution time for kernels is 0.0295411s
 INFO: Computing semblance for m0 = 6720
 INFO: Total execution time for selecting traces is 4.2051e-05s
 INFO: Total execution time for kernels is 0.0295754s
 INFO: Computing semblance for m0 = 6740
 INFO: Total execution time for selecting traces is 3.0049e-05s
 INFO: Total execution time for kernels is 0.0295415s
 INFO: Computing semblance for m0 = 6760
 INFO: Total execution time for selecting traces is 3.1193e-05s
 INFO: Total execution time for kernels is 0.0294718s
 INFO: Computing semblance for m0 = 6780
 INFO: Total execution time for selecting traces is 4.0337e-05s
 INFO: Total execution time for kernels is 0.0295125s
 INFO: Computing semblance for m0 = 6800
 INFO: Total execution time for selecting traces is 4.4735e-05s
 INFO: Total execution time for kernels is 0.0294797s
 INFO: Computing semblance for m0 = 6820
 INFO: Total execution time for selecting traces is 4.0342e-05s
 INFO: Total execution time for kernels is 0.0295811s
 INFO: Computing semblance for m0 = 6840
 INFO: Total execution time for selecting traces is 4.0546e-05s
 INFO: Total execution time for kernels is 0.0294661s
 INFO: Computing semblance for m0 = 6860
 INFO: Total execution time for selecting traces is 4.1289e-05s
 INFO: Total execution time for kernels is 0.029579s
 INFO: Computing semblance for m0 = 6880
 INFO: Total execution time for selecting traces is 4.1635e-05s
 INFO: Total execution time for kernels is 0.0297219s
 INFO: Computing semblance for m0 = 6900
 INFO: Total execution time for selecting traces is 4.1502e-05s
 INFO: Total execution time for kernels is 0.029952s
 INFO: Computing semblance for m0 = 6920
 INFO: Total execution time for selecting traces is 4.1912e-05s
 INFO: Total execution time for kernels is 0.0293948s
 INFO: Computing semblance for m0 = 6940
 INFO: Total execution time for selecting traces is 4.0858e-05s
 INFO: Total execution time for kernels is 0.0294348s
 INFO: Computing semblance for m0 = 6960
 INFO: Total execution time for selecting traces is 4.2314e-05s
 INFO: Total execution time for kernels is 0.029546s
 INFO: Computing semblance for m0 = 6980
 INFO: Total execution time for selecting traces is 4.169e-05s
 INFO: Total execution time for kernels is 0.0295489s
 INFO: Computing semblance for m0 = 7000
 INFO: Total execution time for selecting traces is 4.1848e-05s
 INFO: Total execution time for kernels is 0.0295467s
 INFO: Computing semblance for m0 = 7020
 INFO: Total execution time for selecting traces is 4.2723e-05s
 INFO: Total execution time for kernels is 0.0297021s
 INFO: Computing semblance for m0 = 7040
 INFO: Total execution time for selecting traces is 4.0523e-05s
 INFO: Total execution time for kernels is 0.0294246s
 INFO: Computing semblance for m0 = 7060
 INFO: Total execution time for selecting traces is 3.039e-05s
 INFO: Total execution time for kernels is 0.0295152s
 INFO: Computing semblance for m0 = 7080
 INFO: Total execution time for selecting traces is 3.0651e-05s
 INFO: Total execution time for kernels is 0.0294007s
 INFO: Computing semblance for m0 = 7100
 INFO: Total execution time for selecting traces is 2.8538e-05s
 INFO: Total execution time for kernels is 0.0296552s
 INFO: Computing semblance for m0 = 7120
 INFO: Total execution time for selecting traces is 3.0022e-05s
 INFO: Total execution time for kernels is 0.0294817s
 INFO: Computing semblance for m0 = 7140
 INFO: Total execution time for selecting traces is 2.8576e-05s
 INFO: Total execution time for kernels is 0.0294178s
 INFO: Computing semblance for m0 = 7160
 INFO: Total execution time for selecting traces is 4.017e-05s
 INFO: Total execution time for kernels is 0.029525s
 INFO: Computing semblance for m0 = 7180
 INFO: Total execution time for selecting traces is 4.285e-05s
 INFO: Total execution time for kernels is 0.0295647s
 INFO: Computing semblance for m0 = 7200
 INFO: Total execution time for selecting traces is 4.2693e-05s
 INFO: Total execution time for kernels is 0.0294801s
 INFO: Computing semblance for m0 = 7220
 INFO: Total execution time for selecting traces is 4.1205e-05s
 INFO: Total execution time for kernels is 0.029458s
 INFO: Computing semblance for m0 = 7240
 INFO: Total execution time for selecting traces is 4.1871e-05s
 INFO: Total execution time for kernels is 0.029326s
 INFO: Computing semblance for m0 = 7260
 INFO: Total execution time for selecting traces is 4.0737e-05s
 INFO: Total execution time for kernels is 0.0293787s
 INFO: Computing semblance for m0 = 7280
 INFO: Total execution time for selecting traces is 2.9702e-05s
 INFO: Total execution time for kernels is 0.0294924s
 INFO: Computing semblance for m0 = 7300
 INFO: Total execution time for selecting traces is 4.1327e-05s
 INFO: Total execution time for kernels is 0.0295839s
 INFO: Computing semblance for m0 = 7320
 INFO: Total execution time for selecting traces is 4.1849e-05s
 INFO: Total execution time for kernels is 0.0293451s
 INFO: Computing semblance for m0 = 7340
 INFO: Total execution time for selecting traces is 2.9821e-05s
 INFO: Total execution time for kernels is 0.0294484s
 INFO: Computing semblance for m0 = 7360
 INFO: Total execution time for selecting traces is 3.1366e-05s
 INFO: Total execution time for kernels is 0.0294769s
 INFO: Computing semblance for m0 = 7380
 INFO: Total execution time for selecting traces is 4.0254e-05s
 INFO: Total execution time for kernels is 0.0295787s
 INFO: Computing semblance for m0 = 7400
 INFO: Total execution time for selecting traces is 4.0615e-05s
 INFO: Total execution time for kernels is 0.0295161s
 INFO: Computing semblance for m0 = 7420
 INFO: Total execution time for selecting traces is 4.0569e-05s
 INFO: Total execution time for kernels is 0.0295179s
 INFO: Computing semblance for m0 = 7440
 INFO: Total execution time for selecting traces is 4.0461e-05s
 INFO: Total execution time for kernels is 0.0295087s
 INFO: Computing semblance for m0 = 7460
 INFO: Total execution time for selecting traces is 4.2902e-05s
 INFO: Total execution time for kernels is 0.0294683s
 INFO: Computing semblance for m0 = 7480
 INFO: Total execution time for selecting traces is 4.0325e-05s
 INFO: Total execution time for kernels is 0.0294322s
 INFO: Computing semblance for m0 = 7500
 INFO: Total execution time for selecting traces is 4.1094e-05s
 INFO: Total execution time for kernels is 0.0293994s
 INFO: Computing semblance for m0 = 7520
 INFO: Total execution time for selecting traces is 4.1849e-05s
 INFO: Total execution time for kernels is 0.0297272s
 INFO: Computing semblance for m0 = 7540
 INFO: Total execution time for selecting traces is 4.1687e-05s
 INFO: Total execution time for kernels is 0.0299345s
 INFO: Computing semblance for m0 = 7560
 INFO: Total execution time for selecting traces is 4.1507e-05s
 INFO: Total execution time for kernels is 0.0294391s
 INFO: Computing semblance for m0 = 7580
 INFO: Total execution time for selecting traces is 4.2139e-05s
 INFO: Total execution time for kernels is 0.0296006s
 INFO: Computing semblance for m0 = 7600
 INFO: Total execution time for selecting traces is 4.0708e-05s
 INFO: Total execution time for kernels is 0.0295074s
 INFO: Computing semblance for m0 = 7620
 INFO: Total execution time for selecting traces is 4.163e-05s
 INFO: Total execution time for kernels is 0.0295673s
 INFO: Computing semblance for m0 = 7640
 INFO: Total execution time for selecting traces is 4.1767e-05s
 INFO: Total execution time for kernels is 0.0294095s
 INFO: Computing semblance for m0 = 7660
 INFO: Total execution time for selecting traces is 4.0697e-05s
 INFO: Total execution time for kernels is 0.0295037s
 INFO: Computing semblance for m0 = 7680
 INFO: Total execution time for selecting traces is 4.2413e-05s
 INFO: Total execution time for kernels is 0.0294646s
 INFO: Computing semblance for m0 = 7700
 INFO: Total execution time for selecting traces is 4.0559e-05s
 INFO: Total execution time for kernels is 0.0294489s
 INFO: Computing semblance for m0 = 7720
 INFO: Total execution time for selecting traces is 3.98e-05s
 INFO: Total execution time for kernels is 0.0295911s
 INFO: Computing semblance for m0 = 7740
 INFO: Total execution time for selecting traces is 4.2063e-05s
 INFO: Total execution time for kernels is 0.0295172s
 INFO: Computing semblance for m0 = 7760
 INFO: Total execution time for selecting traces is 4.1991e-05s
 INFO: Total execution time for kernels is 0.029522s
 INFO: Computing semblance for m0 = 7780
 INFO: Total execution time for selecting traces is 4.0393e-05s
 INFO: Total execution time for kernels is 0.0296901s
 INFO: Computing semblance for m0 = 7800
 INFO: Total execution time for selecting traces is 4.1694e-05s
 INFO: Total execution time for kernels is 0.0295105s
 INFO: Computing semblance for m0 = 7820
 INFO: Total execution time for selecting traces is 4.0468e-05s
 INFO: Total execution time for kernels is 0.0295831s
 INFO: Computing semblance for m0 = 7840
 INFO: Total execution time for selecting traces is 4.1887e-05s
 INFO: Total execution time for kernels is 0.0293432s
 INFO: Computing semblance for m0 = 7860
 INFO: Total execution time for selecting traces is 4.2843e-05s
 INFO: Total execution time for kernels is 0.0294729s
 INFO: Computing semblance for m0 = 7880
 INFO: Total execution time for selecting traces is 4.1582e-05s
 INFO: Total execution time for kernels is 0.0294116s
 INFO: Computing semblance for m0 = 7900
 INFO: Total execution time for selecting traces is 4.2996e-05s
 INFO: Total execution time for kernels is 0.0295555s
 INFO: Computing semblance for m0 = 7920
 INFO: Total execution time for selecting traces is 4.2085e-05s
 INFO: Total execution time for kernels is 0.0296406s
 INFO: Computing semblance for m0 = 7940
 INFO: Total execution time for selecting traces is 4.0347e-05s
 INFO: Total execution time for kernels is 0.0295707s
 INFO: Computing semblance for m0 = 7960
 INFO: Total execution time for selecting traces is 4.2369e-05s
 INFO: Total execution time for kernels is 0.0294732s
 INFO: Computing semblance for m0 = 7980
 INFO: Total execution time for selecting traces is 2.9684e-05s
 INFO: Total execution time for kernels is 0.0295093s
 INFO: Computing semblance for m0 = 8000
 INFO: Total execution time for selecting traces is 4.0668e-05s
 INFO: Total execution time for kernels is 0.029603s
 INFO: Computing semblance for m0 = 8020
 INFO: Total execution time for selecting traces is 4.2234e-05s
 INFO: Total execution time for kernels is 0.0295685s
 INFO: Computing semblance for m0 = 8040
 INFO: Total execution time for selecting traces is 4.0803e-05s
 INFO: Total execution time for kernels is 0.0293914s
 INFO: Computing semblance for m0 = 8060
 INFO: Total execution time for selecting traces is 2.906e-05s
 INFO: Total execution time for kernels is 0.0294971s
 INFO: Computing semblance for m0 = 8080
 INFO: Total execution time for selecting traces is 4.2216e-05s
 INFO: Total execution time for kernels is 0.029484s
 INFO: Computing semblance for m0 = 8100
 INFO: Total execution time for selecting traces is 3.0114e-05s
 INFO: Total execution time for kernels is 0.0295301s
 INFO: Computing semblance for m0 = 8120
 INFO: Total execution time for selecting traces is 4.1395e-05s
 INFO: Total execution time for kernels is 0.0295228s
 INFO: Computing semblance for m0 = 8140
 INFO: Total execution time for selecting traces is 4.2205e-05s
 INFO: Total execution time for kernels is 0.0293217s
 INFO: Computing semblance for m0 = 8160
 INFO: Total execution time for selecting traces is 3.9691e-05s
 INFO: Total execution time for kernels is 0.0295423s
 INFO: Computing semblance for m0 = 8180
 INFO: Total execution time for selecting traces is 4.2059e-05s
 INFO: Total execution time for kernels is 0.0294092s
 INFO: Computing semblance for m0 = 8200
 INFO: Total execution time for selecting traces is 4.183e-05s
 INFO: Total execution time for kernels is 0.0295231s
 INFO: Computing semblance for m0 = 8220
 INFO: Total execution time for selecting traces is 4.0282e-05s
 INFO: Total execution time for kernels is 0.0293629s
 INFO: Computing semblance for m0 = 8240
 INFO: Total execution time for selecting traces is 4.295e-05s
 INFO: Total execution time for kernels is 0.0295983s
 INFO: Computing semblance for m0 = 8260
 INFO: Total execution time for selecting traces is 4.1226e-05s
 INFO: Total execution time for kernels is 0.0299836s
 INFO: Computing semblance for m0 = 8280
 INFO: Total execution time for selecting traces is 4.0457e-05s
 INFO: Total execution time for kernels is 0.0295999s
 INFO: Computing semblance for m0 = 8300
 INFO: Total execution time for selecting traces is 4.2958e-05s
 INFO: Total execution time for kernels is 0.0296183s
 INFO: Computing semblance for m0 = 8320
 INFO: Total execution time for selecting traces is 4.1482e-05s
 INFO: Total execution time for kernels is 0.0295467s
 INFO: Computing semblance for m0 = 8340
 INFO: Total execution time for selecting traces is 4.1785e-05s
 INFO: Total execution time for kernels is 0.0294519s
 INFO: Computing semblance for m0 = 8360
 INFO: Total execution time for selecting traces is 4.2677e-05s
 INFO: Total execution time for kernels is 0.0294891s
 INFO: Computing semblance for m0 = 8380
 INFO: Total execution time for selecting traces is 3.0471e-05s
 INFO: Total execution time for kernels is 0.0294572s
 INFO: Computing semblance for m0 = 8400
 INFO: Total execution time for selecting traces is 2.9967e-05s
 INFO: Total execution time for kernels is 0.0295461s
 INFO: Computing semblance for m0 = 8420
 INFO: Total execution time for selecting traces is 4.2975e-05s
 INFO: Total execution time for kernels is 0.0295272s
 INFO: Computing semblance for m0 = 8440
 INFO: Total execution time for selecting traces is 3.4375e-05s
 INFO: Total execution time for kernels is 0.029596s
 INFO: Computing semblance for m0 = 8460
 INFO: Total execution time for selecting traces is 3.438e-05s
 INFO: Total execution time for kernels is 0.0292758s
 INFO: Computing semblance for m0 = 8480
 INFO: Total execution time for selecting traces is 3.1629e-05s
 INFO: Total execution time for kernels is 0.0296934s
 INFO: Computing semblance for m0 = 8500
 INFO: Total execution time for selecting traces is 3.1967e-05s
 INFO: Total execution time for kernels is 0.0295694s
 INFO: Computing semblance for m0 = 8520
 INFO: Total execution time for selecting traces is 3.1203e-05s
 INFO: Total execution time for kernels is 0.0294544s
 INFO: Computing semblance for m0 = 8540
 INFO: Total execution time for selecting traces is 3.0702e-05s
 INFO: Total execution time for kernels is 0.0296183s
 INFO: Computing semblance for m0 = 8560
 INFO: Total execution time for selecting traces is 4.3783e-05s
 INFO: Total execution time for kernels is 0.0295551s
 INFO: Computing semblance for m0 = 8580
 INFO: Total execution time for selecting traces is 3.2094e-05s
 INFO: Total execution time for kernels is 0.0295274s
 INFO: Computing semblance for m0 = 8600
 INFO: Total execution time for selecting traces is 4.2352e-05s
 INFO: Total execution time for kernels is 0.029442s
 INFO: Computing semblance for m0 = 8620
 INFO: Total execution time for selecting traces is 4.3428e-05s
 INFO: Total execution time for kernels is 0.0295107s
 INFO: Computing semblance for m0 = 8640
 INFO: Total execution time for selecting traces is 3.1612e-05s
 INFO: Total execution time for kernels is 0.029569s
 INFO: Computing semblance for m0 = 8660
 INFO: Total execution time for selecting traces is 3.1552e-05s
 INFO: Total execution time for kernels is 0.0295519s
 INFO: Computing semblance for m0 = 8680
 INFO: Total execution time for selecting traces is 3.2282e-05s
 INFO: Total execution time for kernels is 0.0296712s
 INFO: Computing semblance for m0 = 8700
 INFO: Total execution time for selecting traces is 3.1116e-05s
 INFO: Total execution time for kernels is 0.0294827s
 INFO: Computing semblance for m0 = 8720
 INFO: Total execution time for selecting traces is 3.1046e-05s
 INFO: Total execution time for kernels is 0.02959s
 INFO: Computing semblance for m0 = 8740
 INFO: Total execution time for selecting traces is 3.2624e-05s
 INFO: Total execution time for kernels is 0.0294043s
 INFO: Computing semblance for m0 = 8760
 INFO: Total execution time for selecting traces is 3.1586e-05s
 INFO: Total execution time for kernels is 0.0295674s
 INFO: Computing semblance for m0 = 8780
 INFO: Total execution time for selecting traces is 3.2119e-05s
 INFO: Total execution time for kernels is 0.0294451s
 INFO: Computing semblance for m0 = 8800
 INFO: Total execution time for selecting traces is 3.2813e-05s
 INFO: Total execution time for kernels is 0.0294362s
 INFO: Computing semblance for m0 = 8820
 INFO: Total execution time for selecting traces is 3.1231e-05s
 INFO: Total execution time for kernels is 0.0294829s
 INFO: Computing semblance for m0 = 8840
 INFO: Total execution time for selecting traces is 3.1735e-05s
 INFO: Total execution time for kernels is 0.029631s
 INFO: Computing semblance for m0 = 8860
 INFO: Total execution time for selecting traces is 3.1681e-05s
 INFO: Total execution time for kernels is 0.0295249s
 INFO: Computing semblance for m0 = 8880
 INFO: Total execution time for selecting traces is 3.0873e-05s
 INFO: Total execution time for kernels is 0.029617s
 INFO: Computing semblance for m0 = 8900
 INFO: Total execution time for selecting traces is 3.1114e-05s
 INFO: Total execution time for kernels is 0.0294075s
 INFO: Computing semblance for m0 = 8920
 INFO: Total execution time for selecting traces is 3.1274e-05s
 INFO: Total execution time for kernels is 0.0295864s
 INFO: Computing semblance for m0 = 8940
 INFO: Total execution time for selecting traces is 3.1323e-05s
 INFO: Total execution time for kernels is 0.0295372s
 INFO: Computing semblance for m0 = 8960
 INFO: Total execution time for selecting traces is 3.2881e-05s
 INFO: Total execution time for kernels is 0.0294834s
 INFO: Computing semblance for m0 = 8980
 INFO: Total execution time for selecting traces is 3.2325e-05s
 INFO: Total execution time for kernels is 0.029488s
 INFO: Computing semblance for m0 = 9000
 INFO: Total execution time for selecting traces is 4.2514e-05s
 INFO: Total execution time for kernels is 0.0294959s
 INFO: Computing semblance for m0 = 9020
 INFO: Total execution time for selecting traces is 3.3116e-05s
 INFO: Total execution time for kernels is 0.0296797s
 INFO: Computing semblance for m0 = 9040
 INFO: Total execution time for selecting traces is 3.175e-05s
 INFO: Total execution time for kernels is 0.0294898s
 INFO: Computing semblance for m0 = 9060
 INFO: Total execution time for selecting traces is 3.2026e-05s
 INFO: Total execution time for kernels is 0.0296298s
 INFO: Computing semblance for m0 = 9080
 INFO: Total execution time for selecting traces is 4.3782e-05s
 INFO: Total execution time for kernels is 0.0282543s
 INFO: Computing semblance for m0 = 9100
 INFO: Total execution time for selecting traces is 3.1936e-05s
 INFO: Total execution time for kernels is 0.0283409s
 INFO: Computing semblance for m0 = 9120
 INFO: Total execution time for selecting traces is 3.0939e-05s
 INFO: Total execution time for kernels is 0.0270893s
 INFO: Computing semblance for m0 = 9140
 INFO: Total execution time for selecting traces is 4.3197e-05s
 INFO: Total execution time for kernels is 0.0271689s
 INFO: Computing semblance for m0 = 9160
 INFO: Total execution time for selecting traces is 3.0146e-05s
 INFO: Total execution time for kernels is 0.0259926s
 INFO: Computing semblance for m0 = 9180
 INFO: Total execution time for selecting traces is 3.1007e-05s
 INFO: Total execution time for kernels is 0.025949s
 INFO: Computing semblance for m0 = 9200
 INFO: Total execution time for selecting traces is 3.1243e-05s
 INFO: Total execution time for kernels is 0.0248415s
 INFO: Computing semblance for m0 = 9220
 INFO: Total execution time for selecting traces is 3.086e-05s
 INFO: Total execution time for kernels is 0.0248347s
 INFO: Computing semblance for m0 = 9240
 INFO: Total execution time for selecting traces is 3.1568e-05s
 INFO: Total execution time for kernels is 0.0236357s
 INFO: Computing semblance for m0 = 9260
 INFO: Total execution time for selecting traces is 3.3251e-05s
 INFO: Total execution time for kernels is 0.0236185s
 INFO: Computing semblance for m0 = 9280
 INFO: Total execution time for selecting traces is 3.1672e-05s
 INFO: Total execution time for kernels is 0.0226719s
 INFO: Computing semblance for m0 = 9300
 INFO: Total execution time for selecting traces is 3.023e-05s
 INFO: Total execution time for kernels is 0.0228782s
 INFO: Computing semblance for m0 = 9320
 INFO: Total execution time for selecting traces is 3.1931e-05s
 INFO: Total execution time for kernels is 0.0213495s
 INFO: Computing semblance for m0 = 9340
 INFO: Total execution time for selecting traces is 3.1263e-05s
 INFO: Total execution time for kernels is 0.0213845s
 INFO: Computing semblance for m0 = 9360
 INFO: Total execution time for selecting traces is 3.0116e-05s
 INFO: Total execution time for kernels is 0.0201252s
 INFO: Computing semblance for m0 = 9380
 INFO: Total execution time for selecting traces is 3.1476e-05s
 INFO: Total execution time for kernels is 0.0202133s
 INFO: Computing semblance for m0 = 9400
 INFO: Total execution time for selecting traces is 3.1213e-05s
 INFO: Total execution time for kernels is 0.0189714s
 INFO: Computing semblance for m0 = 9420
 INFO: Total execution time for selecting traces is 3.1129e-05s
 INFO: Total execution time for kernels is 0.018905s
 INFO: Computing semblance for m0 = 9440
 INFO: Total execution time for selecting traces is 4.2771e-05s
 INFO: Total execution time for kernels is 0.0177925s
 INFO: Computing semblance for m0 = 9460
 INFO: Total execution time for selecting traces is 3.1746e-05s
 INFO: Total execution time for kernels is 0.0178595s
 INFO: Computing semblance for m0 = 9480
 INFO: Total execution time for selecting traces is 3.1166e-05s
 INFO: Total execution time for kernels is 0.0166054s
 INFO: Computing semblance for m0 = 9500
 INFO: Total execution time for selecting traces is 3.2038e-05s
 INFO: Total execution time for kernels is 0.0165963s
 INFO: Computing semblance for m0 = 9520
 INFO: Total execution time for selecting traces is 3.0557e-05s
 INFO: Total execution time for kernels is 0.0154788s
 INFO: Computing semblance for m0 = 9540
 INFO: Total execution time for selecting traces is 3.062e-05s
 INFO: Total execution time for kernels is 0.0155525s
 INFO: Computing semblance for m0 = 9560
 INFO: Total execution time for selecting traces is 4.3046e-05s
 INFO: Total execution time for kernels is 0.0143658s
 INFO: Computing semblance for m0 = 9580
 INFO: Total execution time for selecting traces is 3.1065e-05s
 INFO: Total execution time for kernels is 0.0143446s
 INFO: Computing semblance for m0 = 9600
 INFO: Total execution time for selecting traces is 3.052e-05s
 INFO: Total execution time for kernels is 0.0132297s
 INFO: Computing semblance for m0 = 9620
 INFO: Total execution time for selecting traces is 3.0436e-05s
 INFO: Total execution time for kernels is 0.0131787s
 INFO: Computing semblance for m0 = 9640
 INFO: Total execution time for selecting traces is 3.0899e-05s
 INFO: Total execution time for kernels is 0.0119342s
 INFO: Computing semblance for m0 = 9660
 INFO: Total execution time for selecting traces is 3.0785e-05s
 INFO: Total execution time for kernels is 0.0120147s
 INFO: Computing semblance for m0 = 9680
 INFO: Total execution time for selecting traces is 3.1135e-05s
 INFO: Total execution time for kernels is 0.0109134s
 INFO: Computing semblance for m0 = 9700
 INFO: Total execution time for selecting traces is 3.1413e-05s
 INFO: Total execution time for kernels is 0.0108898s
 INFO: Computing semblance for m0 = 9720
 INFO: Total execution time for selecting traces is 3.0779e-05s
 INFO: Total execution time for kernels is 0.00969499s
 INFO: Computing semblance for m0 = 9740
 INFO: Total execution time for selecting traces is 3.0456e-05s
 INFO: Total execution time for kernels is 0.0096128s
 INFO: Computing semblance for m0 = 9760
 INFO: Total execution time for selecting traces is 3.2392e-05s
 INFO: Total execution time for kernels is 0.0084547s
 INFO: Computing semblance for m0 = 9780
 INFO: Total execution time for selecting traces is 3.1516e-05s
 INFO: Total execution time for kernels is 0.00854756s
 INFO: Computing semblance for m0 = 9800
 INFO: Total execution time for selecting traces is 3.0872e-05s
 INFO: Total execution time for kernels is 0.00740615s
 INFO: Computing semblance for m0 = 9820
 INFO: Total execution time for selecting traces is 3.12e-05s
 INFO: Total execution time for kernels is 0.00733618s
 INFO: Computing semblance for m0 = 9840
 INFO: Total execution time for selecting traces is 3.0562e-05s
 INFO: Total execution time for kernels is 0.00614936s
 INFO: Computing semblance for m0 = 9860
 INFO: Total execution time for selecting traces is 3.067e-05s
 INFO: Total execution time for kernels is 0.00611916s
 INFO: Computing semblance for m0 = 9880
 INFO: Total execution time for selecting traces is 4.2106e-05s
 INFO: Total execution time for kernels is 0.00504999s
 INFO: Computing semblance for m0 = 9900
 INFO: Total execution time for selecting traces is 3.1875e-05s
 INFO: Total execution time for kernels is 0.00503811s
 INFO: Computing semblance for m0 = 9920
 INFO: Total execution time for selecting traces is 4.3328e-05s
 INFO: Total execution time for kernels is 0.00380694s
 INFO: Computing semblance for m0 = 9940
 INFO: Total execution time for selecting traces is 3.1176e-05s
 INFO: Total execution time for kernels is 0.00380827s
 INFO: Queue mutex blocked time = 9.0133e-05 s
 INFO: Average of efficiency is 1
 INFO: Average of interpolations_per_sec is 3.66611e+10
 INFO: Average of selected_traces is 20.6742
 INFO: Average of total_selection_kernel_exec_time is 3.8477e-05
 INFO: Average of total_kernel_exec_time is 0.0268176
 INFO: Average of total_statistic_compute_time is 0.00637354
 INFO: Average of total_statistic_copy_time is 0
 INFO: Read time is 0.084517 s
 INFO: Dump time is 0.176362 s
 INFO: Results written to /home/gustavociotto/repo/v2/master-degree-refactored/out/c51bf56ee/cmp/greedy/cuda/simple-synthetic_64_3/simple-synthetic_greedy_cmp_20210130_2119/
 INFO: It took 15.6333s to compute.
