 INFO: Number of CDPs = 445
 INFO: Number of traces in the gather = 9200
 INFO: Number of samples per trace = 2502
 INFO: Starting worker threads...
 INFO: Computing semblance for m0 = 0
 INFO: No trace has been selected for m0 = 0. Skipping.
 INFO: Total execution time for kernels is 0.000162085s
 INFO: Computing semblance for m0 = 1080
 INFO: Computing semblance for m0 = 1100
 INFO: Computing semblance for m0 = 1120
 INFO: Computing semblance for m0 = 1140
 INFO: Computing semblance for m0 = 1160
 INFO: Computing semblance for m0 = 1180
 INFO: Computing semblance for m0 = 1200
 INFO: Computing semblance for m0 = 1220
 INFO: Computing semblance for m0 = 1240
 INFO: Computing semblance for m0 = 1260
 INFO: Computing semblance for m0 = 1280
 INFO: Computing semblance for m0 = 1300
 INFO: Computing semblance for m0 = 1320
 INFO: Computing semblance for m0 = 1340
 INFO: Computing semblance for m0 = 1360
 INFO: Computing semblance for m0 = 1380
 INFO: Total execution time for kernels is 1.44445s
 INFO: Computing semblance for m0 = 1400
 INFO: Total execution time for kernels is 1.56669s
 INFO: Computing semblance for m0 = 1420
 INFO: Total execution time for kernels is 1.66316s
 INFO: Computing semblance for m0 = 1440
 INFO: Total execution time for kernels is 1.76821s
 INFO: Computing semblance for m0 = 1460
 INFO: Total execution time for kernels is 1.88377s
 INFO: Computing semblance for m0 = 1480
 INFO: Total execution time for kernels is 2.00508s
 INFO: Computing semblance for m0 = 1500
 INFO: Total execution time for kernels is 2.12333s
 INFO: Computing semblance for m0 = 1520
 INFO: Total execution time for kernels is 2.19419s
 INFO: Computing semblance for m0 = 1540
 INFO: Total execution time for kernels is 2.37183s
 INFO: Computing semblance for m0 = 1560
 INFO: Total execution time for kernels is 2.43396s
 INFO: Computing semblance for m0 = 1580
 INFO: Total execution time for kernels is 2.62043s
 INFO: Computing semblance for m0 = 1600
 INFO: Total execution time for kernels is 2.69183s
 INFO: Computing semblance for m0 = 1620
 INFO: Total execution time for kernels is 2.89483s
 INFO: Computing semblance for m0 = 1640
 INFO: Total execution time for kernels is 3.07728s
 INFO: Computing semblance for m0 = 1660
 INFO: Total execution time for kernels is 3.18424s
 INFO: Computing semblance for m0 = 1680
 INFO: Total execution time for kernels is 3.48215s
 INFO: Computing semblance for m0 = 1700
 INFO: Total execution time for kernels is 3.47223s
 INFO: Computing semblance for m0 = 1720
 INFO: Total execution time for kernels is 3.79539s
 INFO: Computing semblance for m0 = 1740
 INFO: Total execution time for kernels is 4.07253s
 INFO: Computing semblance for m0 = 1760
 INFO: Total execution time for kernels is 4.26373s
 INFO: Computing semblance for m0 = 1780
 INFO: Total execution time for kernels is 4.4016s
 INFO: Computing semblance for m0 = 1800
 INFO: Total execution time for kernels is 4.43064s
 INFO: Computing semblance for m0 = 1820
 INFO: Total execution time for kernels is 4.83191s
 INFO: Computing semblance for m0 = 1840
 INFO: Total execution time for kernels is 4.98188s
 INFO: Computing semblance for m0 = 1860
 INFO: Total execution time for kernels is 5.13168s
 INFO: Computing semblance for m0 = 1880
 INFO: Total execution time for kernels is 5.24121s
 INFO: Computing semblance for m0 = 1900
 INFO: Total execution time for kernels is 5.39217s
 INFO: Computing semblance for m0 = 1920
 INFO: Total execution time for kernels is 5.52s
 INFO: Computing semblance for m0 = 1940
 INFO: Total execution time for kernels is 6.02754s
 INFO: Computing semblance for m0 = 1960
 INFO: Total execution time for kernels is 6.2436s
 INFO: Computing semblance for m0 = 1980
 INFO: Total execution time for kernels is 6.38951s
 INFO: Computing semblance for m0 = 2000
 INFO: Total execution time for kernels is 6.70783s
 INFO: Computing semblance for m0 = 2020
 INFO: Total execution time for kernels is 6.52755s
 INFO: Computing semblance for m0 = 2040
 INFO: Total execution time for kernels is 7.05511s
 INFO: Computing semblance for m0 = 2060
 INFO: Total execution time for kernels is 7.37625s
 INFO: Computing semblance for m0 = 2080
 INFO: Total execution time for kernels is 7.56827s
 INFO: Computing semblance for m0 = 2100
 INFO: Total execution time for kernels is 7.65591s
 INFO: Computing semblance for m0 = 2120
 INFO: Total execution time for kernels is 7.46349s
 INFO: Computing semblance for m0 = 2140
 INFO: Total execution time for kernels is 8.05277s
 INFO: Computing semblance for m0 = 2160
 INFO: Total execution time for kernels is 8.17389s
 INFO: Computing semblance for m0 = 2180
 INFO: Total execution time for kernels is 7.90161s
 INFO: Computing semblance for m0 = 2200
 INFO: Total execution time for kernels is 8.54894s
 INFO: Computing semblance for m0 = 2220
 INFO: Total execution time for kernels is 8.22082s
 INFO: Computing semblance for m0 = 2240
 INFO: Total execution time for kernels is 8.24896s
 INFO: Computing semblance for m0 = 2260
 INFO: Total execution time for kernels is 8.86035s
 INFO: Computing semblance for m0 = 2280
 INFO: Total execution time for kernels is 8.96533s
 INFO: Computing semblance for m0 = 2300
 INFO: Total execution time for kernels is 8.97272s
 INFO: Computing semblance for m0 = 2320
 INFO: Total execution time for kernels is 9.18124s
 INFO: Computing semblance for m0 = 2340
 INFO: Total execution time for kernels is 8.68075s
 INFO: Computing semblance for m0 = 2360
 INFO: Total execution time for kernels is 9.17554s
 INFO: Computing semblance for m0 = 2380
 INFO: Total execution time for kernels is 9.43145s
 INFO: Computing semblance for m0 = 2400
 INFO: Total execution time for kernels is 8.86175s
 INFO: Computing semblance for m0 = 2420
 INFO: Total execution time for kernels is 9.38714s
 INFO: Computing semblance for m0 = 2440
 INFO: Total execution time for kernels is 9.25583s
 INFO: Computing semblance for m0 = 2460
 INFO: Total execution time for kernels is 9.27909s
 INFO: Computing semblance for m0 = 2480
 INFO: Total execution time for kernels is 8.77106s
 INFO: Computing semblance for m0 = 2500
 INFO: Total execution time for kernels is 9.18844s
 INFO: Computing semblance for m0 = 2520
 INFO: Total execution time for kernels is 8.86406s
 INFO: Computing semblance for m0 = 2540
 INFO: Total execution time for kernels is 8.73308s
 INFO: Computing semblance for m0 = 2560
 INFO: Total execution time for kernels is 9.24908s
 INFO: Computing semblance for m0 = 2580
 INFO: Total execution time for kernels is 9.23572s
 INFO: Computing semblance for m0 = 2600
 INFO: Total execution time for kernels is 9.24972s
 INFO: Computing semblance for m0 = 2620
 INFO: Total execution time for kernels is 9.19826s
 INFO: Computing semblance for m0 = 2640
 INFO: Total execution time for kernels is 9.33385s
 INFO: Computing semblance for m0 = 2660
 INFO: Total execution time for kernels is 8.78393s
 INFO: Computing semblance for m0 = 2680
 INFO: Total execution time for kernels is 9.22822s
 INFO: Computing semblance for m0 = 2700
 INFO: Total execution time for kernels is 8.88227s
 INFO: Computing semblance for m0 = 2720
 INFO: Total execution time for kernels is 9.46291s
 INFO: Computing semblance for m0 = 2740
 INFO: Total execution time for kernels is 9.44927s
 INFO: Computing semblance for m0 = 2760
 INFO: Total execution time for kernels is 9.24886s
 INFO: Computing semblance for m0 = 2780
 INFO: Total execution time for kernels is 8.77931s
 INFO: Computing semblance for m0 = 2800
 INFO: Total execution time for kernels is 9.30339s
 INFO: Computing semblance for m0 = 2820
 INFO: Total execution time for kernels is 9.2384s
 INFO: Computing semblance for m0 = 2840
 INFO: Total execution time for kernels is 8.76252s
 INFO: Computing semblance for m0 = 2860
 INFO: Total execution time for kernels is 8.87756s
 INFO: Computing semblance for m0 = 2880
 INFO: Total execution time for kernels is 9.25462s
 INFO: Computing semblance for m0 = 2900
 INFO: Total execution time for kernels is 9.25965s
 INFO: Computing semblance for m0 = 2920
 INFO: Total execution time for kernels is 9.25625s
 INFO: Computing semblance for m0 = 2940
 INFO: Total execution time for kernels is 9.19987s
 INFO: Computing semblance for m0 = 2960
 INFO: Total execution time for kernels is 8.78986s
 INFO: Computing semblance for m0 = 2980
 INFO: Total execution time for kernels is 9.35196s
 INFO: Computing semblance for m0 = 3000
 INFO: Total execution time for kernels is 9.23348s
 INFO: Computing semblance for m0 = 3020
 INFO: Total execution time for kernels is 8.88477s
 INFO: Computing semblance for m0 = 3040
 INFO: Total execution time for kernels is 9.43371s
 INFO: Computing semblance for m0 = 3060
 INFO: Total execution time for kernels is 9.25848s
 INFO: Computing semblance for m0 = 3080
 INFO: Total execution time for kernels is 9.45467s
 INFO: Computing semblance for m0 = 3100
 INFO: Total execution time for kernels is 8.79821s
 INFO: Computing semblance for m0 = 3120
 INFO: Total execution time for kernels is 8.75818s
 INFO: Computing semblance for m0 = 3140
 INFO: Total execution time for kernels is 8.8832s
 INFO: Computing semblance for m0 = 3160
 INFO: Total execution time for kernels is 9.2835s
 INFO: Computing semblance for m0 = 3180
 INFO: Total execution time for kernels is 9.22728s
 INFO: Computing semblance for m0 = 3200
 INFO: Total execution time for kernels is 9.26408s
 INFO: Computing semblance for m0 = 3220
 INFO: Total execution time for kernels is 9.25771s
 INFO: Computing semblance for m0 = 3240
 INFO: Total execution time for kernels is 9.26114s
 INFO: Computing semblance for m0 = 3260
 INFO: Total execution time for kernels is 9.21443s
 INFO: Computing semblance for m0 = 3280
 INFO: Total execution time for kernels is 8.77668s
 INFO: Computing semblance for m0 = 3300
 INFO: Total execution time for kernels is 9.36849s
 INFO: Computing semblance for m0 = 3320
 INFO: Total execution time for kernels is 9.23495s
 INFO: Computing semblance for m0 = 3340
 INFO: Total execution time for kernels is 8.89119s
 INFO: Computing semblance for m0 = 3360
 INFO: Total execution time for kernels is 8.79573s
 INFO: Computing semblance for m0 = 3380
 INFO: Total execution time for kernels is 9.29452s
 INFO: Computing semblance for m0 = 3400
 INFO: Total execution time for kernels is 9.4752s
 INFO: Computing semblance for m0 = 3420
 INFO: Total execution time for kernels is 9.43051s
 INFO: Computing semblance for m0 = 3440
 INFO: Total execution time for kernels is 8.75557s
 INFO: Computing semblance for m0 = 3460
 INFO: Total execution time for kernels is 8.89732s
 INFO: Computing semblance for m0 = 3480
 INFO: Total execution time for kernels is 9.30689s
 INFO: Computing semblance for m0 = 3500
 INFO: Total execution time for kernels is 9.24426s
 INFO: Computing semblance for m0 = 3520
 INFO: Total execution time for kernels is 9.26445s
 INFO: Computing semblance for m0 = 3540
 INFO: Total execution time for kernels is 9.266s
 INFO: Computing semblance for m0 = 3560
 INFO: Total execution time for kernels is 8.7881s
 INFO: Computing semblance for m0 = 3580
 INFO: Total execution time for kernels is 9.26865s
 INFO: Computing semblance for m0 = 3600
 INFO: Total execution time for kernels is 9.21915s
 INFO: Computing semblance for m0 = 3620
 INFO: Total execution time for kernels is 9.35935s
 INFO: Computing semblance for m0 = 3640
 INFO: Total execution time for kernels is 8.88342s
 INFO: Computing semblance for m0 = 3660
 INFO: Total execution time for kernels is 9.24605s
 INFO: Computing semblance for m0 = 3680
 INFO: Total execution time for kernels is 8.7894s
 INFO: Computing semblance for m0 = 3700
 INFO: Total execution time for kernels is 9.29355s
 INFO: Computing semblance for m0 = 3720
 INFO: Total execution time for kernels is 8.76384s
 INFO: Computing semblance for m0 = 3740
 INFO: Total execution time for kernels is 9.47165s
 INFO: Computing semblance for m0 = 3760
 INFO: Total execution time for kernels is 9.4923s
 INFO: Computing semblance for m0 = 3780
 INFO: Total execution time for kernels is 8.91061s
 INFO: Computing semblance for m0 = 3800
 INFO: Total execution time for kernels is 9.30967s
 INFO: Computing semblance for m0 = 3820
 INFO: Total execution time for kernels is 9.24308s
 INFO: Computing semblance for m0 = 3840
 INFO: Total execution time for kernels is 9.27589s
 INFO: Computing semblance for m0 = 3860
 INFO: Total execution time for kernels is 8.78798s
 INFO: Computing semblance for m0 = 3880
 INFO: Total execution time for kernels is 9.26786s
 INFO: Computing semblance for m0 = 3900
 INFO: Total execution time for kernels is 9.17106s
 INFO: Computing semblance for m0 = 3920
 INFO: Total execution time for kernels is 9.30597s
 INFO: Computing semblance for m0 = 3940
 INFO: Total execution time for kernels is 9.36689s
 INFO: Computing semblance for m0 = 3960
 INFO: Total execution time for kernels is 8.88534s
 INFO: Computing semblance for m0 = 3980
 INFO: Total execution time for kernels is 9.27845s
 INFO: Computing semblance for m0 = 4000
 INFO: Total execution time for kernels is 8.79445s
 INFO: Computing semblance for m0 = 4020
 INFO: Total execution time for kernels is 8.76757s
 INFO: Computing semblance for m0 = 4040
 INFO: Total execution time for kernels is 9.29602s
 INFO: Computing semblance for m0 = 4060
 INFO: Total execution time for kernels is 8.92619s
 INFO: Computing semblance for m0 = 4080
 INFO: Total execution time for kernels is 9.49989s
 INFO: Computing semblance for m0 = 4100
 INFO: Total execution time for kernels is 9.40937s
 INFO: Computing semblance for m0 = 4120
 INFO: Total execution time for kernels is 9.31727s
 INFO: Computing semblance for m0 = 4140
 INFO: Total execution time for kernels is 9.25437s
 INFO: Computing semblance for m0 = 4160
 INFO: Total execution time for kernels is 9.27426s
 INFO: Computing semblance for m0 = 4180
 INFO: Total execution time for kernels is 8.80264s
 INFO: Computing semblance for m0 = 4200
 INFO: Total execution time for kernels is 9.23963s
 INFO: Computing semblance for m0 = 4220
 INFO: Total execution time for kernels is 9.25778s
 INFO: Computing semblance for m0 = 4240
 INFO: Total execution time for kernels is 9.25135s
 INFO: Computing semblance for m0 = 4260
 INFO: Total execution time for kernels is 9.37126s
 INFO: Computing semblance for m0 = 4280
 INFO: Total execution time for kernels is 8.89218s
 INFO: Computing semblance for m0 = 4300
 INFO: Total execution time for kernels is 9.27921s
 INFO: Computing semblance for m0 = 4320
 INFO: Total execution time for kernels is 8.79693s
 INFO: Computing semblance for m0 = 4340
 INFO: Total execution time for kernels is 8.78794s
 INFO: Computing semblance for m0 = 4360
 INFO: Total execution time for kernels is 8.916s
 INFO: Computing semblance for m0 = 4380
 INFO: Total execution time for kernels is 9.25931s
 INFO: Computing semblance for m0 = 4400
 INFO: Total execution time for kernels is 9.41079s
 INFO: Computing semblance for m0 = 4420
 INFO: Total execution time for kernels is 9.44938s
 INFO: Computing semblance for m0 = 4440
 INFO: Total execution time for kernels is 9.26754s
 INFO: Computing semblance for m0 = 4460
 INFO: Total execution time for kernels is 9.32021s
 INFO: Computing semblance for m0 = 4480
 INFO: Total execution time for kernels is 9.28086s
 INFO: Computing semblance for m0 = 4500
 INFO: Total execution time for kernels is 8.81475s
 INFO: Computing semblance for m0 = 4520
 INFO: Total execution time for kernels is 9.26446s
 INFO: Computing semblance for m0 = 4540
 INFO: Total execution time for kernels is 9.24849s
 INFO: Computing semblance for m0 = 4560
 INFO: Total execution time for kernels is 9.24027s
 INFO: Computing semblance for m0 = 4580
 INFO: Total execution time for kernels is 9.37197s
 INFO: Computing semblance for m0 = 4600
 INFO: Total execution time for kernels is 8.89483s
 INFO: Computing semblance for m0 = 4620
 INFO: Total execution time for kernels is 8.80231s
 INFO: Computing semblance for m0 = 4640
 INFO: Total execution time for kernels is 9.28717s
 INFO: Computing semblance for m0 = 4660
 INFO: Total execution time for kernels is 8.79689s
 INFO: Computing semblance for m0 = 4680
 INFO: Total execution time for kernels is 8.92318s
 INFO: Computing semblance for m0 = 4700
 INFO: Total execution time for kernels is 9.31501s
 INFO: Computing semblance for m0 = 4720
 INFO: Total execution time for kernels is 9.42053s
 INFO: Computing semblance for m0 = 4740
 INFO: Total execution time for kernels is 9.44994s
 INFO: Computing semblance for m0 = 4760
 INFO: Total execution time for kernels is 9.20661s
 INFO: Computing semblance for m0 = 4780
 INFO: Total execution time for kernels is 9.32851s
 INFO: Computing semblance for m0 = 4800
 INFO: Total execution time for kernels is 9.27133s
 INFO: Computing semblance for m0 = 4820
 INFO: Total execution time for kernels is 8.82166s
 INFO: Computing semblance for m0 = 4840
 INFO: Total execution time for kernels is 9.26921s
 INFO: Computing semblance for m0 = 4860
 INFO: Total execution time for kernels is 9.26063s
 INFO: Computing semblance for m0 = 4880
 INFO: Total execution time for kernels is 9.28015s
 INFO: Computing semblance for m0 = 4900
 INFO: Total execution time for kernels is 9.37011s
 INFO: Computing semblance for m0 = 4920
 INFO: Total execution time for kernels is 8.90267s
 INFO: Computing semblance for m0 = 4940
 INFO: Total execution time for kernels is 8.81305s
 INFO: Computing semblance for m0 = 4960
 INFO: Total execution time for kernels is 8.80197s
 INFO: Computing semblance for m0 = 4980
 INFO: Total execution time for kernels is 9.25007s
 INFO: Computing semblance for m0 = 5000
 INFO: Total execution time for kernels is 8.93447s
 INFO: Computing semblance for m0 = 5020
 INFO: Total execution time for kernels is 9.30939s
 INFO: Computing semblance for m0 = 5040
 INFO: Total execution time for kernels is 9.41981s
 INFO: Computing semblance for m0 = 5060
 INFO: Total execution time for kernels is 9.46321s
 INFO: Computing semblance for m0 = 5080
 INFO: Total execution time for kernels is 9.25545s
 INFO: Computing semblance for m0 = 5100
 INFO: Total execution time for kernels is 9.32767s
 INFO: Computing semblance for m0 = 5120
 INFO: Total execution time for kernels is 8.82769s
 INFO: Computing semblance for m0 = 5140
 INFO: Total execution time for kernels is 9.27278s
 INFO: Computing semblance for m0 = 5160
 INFO: Total execution time for kernels is 9.26355s
 INFO: Computing semblance for m0 = 5180
 INFO: Total execution time for kernels is 9.25777s
 INFO: Computing semblance for m0 = 5200
 INFO: Total execution time for kernels is 9.28643s
 INFO: Computing semblance for m0 = 5220
 INFO: Total execution time for kernels is 9.36738s
 INFO: Computing semblance for m0 = 5240
 INFO: Total execution time for kernels is 8.89218s
 INFO: Computing semblance for m0 = 5260
 INFO: Total execution time for kernels is 8.85329s
 INFO: Computing semblance for m0 = 5280
 INFO: Total execution time for kernels is 8.80005s
 INFO: Computing semblance for m0 = 5300
 INFO: Total execution time for kernels is 9.30481s
 INFO: Computing semblance for m0 = 5320
 INFO: Total execution time for kernels is 8.93082s
 INFO: Computing semblance for m0 = 5340
 INFO: Total execution time for kernels is 9.30897s
 INFO: Computing semblance for m0 = 5360
 INFO: Total execution time for kernels is 9.41989s
 INFO: Computing semblance for m0 = 5380
 INFO: Total execution time for kernels is 9.46055s
 INFO: Computing semblance for m0 = 5400
 INFO: Total execution time for kernels is 9.26048s
 INFO: Computing semblance for m0 = 5420
 INFO: Total execution time for kernels is 8.81401s
 INFO: Computing semblance for m0 = 5440
 INFO: Total execution time for kernels is 9.32608s
 INFO: Computing semblance for m0 = 5460
 INFO: Total execution time for kernels is 9.30596s
 INFO: Computing semblance for m0 = 5480
 INFO: Total execution time for kernels is 9.27181s
 INFO: Computing semblance for m0 = 5500
 INFO: Total execution time for kernels is 9.26603s
 INFO: Computing semblance for m0 = 5520
 INFO: Total execution time for kernels is 9.2779s
 INFO: Computing semblance for m0 = 5540
 INFO: Total execution time for kernels is 9.37051s
 INFO: Computing semblance for m0 = 5560
 INFO: Total execution time for kernels is 8.89349s
 INFO: Computing semblance for m0 = 5580
 INFO: Total execution time for kernels is 8.85975s
 INFO: Computing semblance for m0 = 5600
 INFO: Total execution time for kernels is 8.79593s
 INFO: Computing semblance for m0 = 5620
 INFO: Total execution time for kernels is 8.92895s
 INFO: Computing semblance for m0 = 5640
 INFO: Total execution time for kernels is 9.29023s
 INFO: Computing semblance for m0 = 5660
 INFO: Total execution time for kernels is 9.30756s
 INFO: Computing semblance for m0 = 5680
 INFO: Total execution time for kernels is 8.83074s
 INFO: Computing semblance for m0 = 5700
 INFO: Total execution time for kernels is 9.40821s
 INFO: Computing semblance for m0 = 5720
 INFO: Total execution time for kernels is 9.26003s
 INFO: Computing semblance for m0 = 5740
 INFO: Total execution time for kernels is 9.4701s
 INFO: Computing semblance for m0 = 5760
 INFO: Total execution time for kernels is 9.30348s
 INFO: Computing semblance for m0 = 5780
 INFO: Total execution time for kernels is 9.30062s
 INFO: Computing semblance for m0 = 5800
 INFO: Total execution time for kernels is 9.26628s
 INFO: Computing semblance for m0 = 5820
 INFO: Total execution time for kernels is 9.26175s
 INFO: Computing semblance for m0 = 5840
 INFO: Total execution time for kernels is 9.28703s
 INFO: Computing semblance for m0 = 5860
 INFO: Total execution time for kernels is 8.89512s
 INFO: Computing semblance for m0 = 5880
 INFO: Total execution time for kernels is 9.37695s
 INFO: Computing semblance for m0 = 5900
 INFO: Total execution time for kernels is 8.86467s
 INFO: Computing semblance for m0 = 5920
 INFO: Total execution time for kernels is 8.8196s
 INFO: Computing semblance for m0 = 5940
 INFO: Total execution time for kernels is 8.93037s
 INFO: Computing semblance for m0 = 5960
 INFO: Total execution time for kernels is 9.24965s
 INFO: Computing semblance for m0 = 5980
 INFO: Total execution time for kernels is 9.30719s
 INFO: Computing semblance for m0 = 6000
 INFO: Total execution time for kernels is 8.82965s
 INFO: Computing semblance for m0 = 6020
 INFO: Total execution time for kernels is 9.27258s
 INFO: Computing semblance for m0 = 6040
 INFO: Total execution time for kernels is 9.45184s
 INFO: Computing semblance for m0 = 6060
 INFO: Total execution time for kernels is 9.46015s
 INFO: Computing semblance for m0 = 6080
 INFO: Total execution time for kernels is 9.31563s
 INFO: Computing semblance for m0 = 6100
 INFO: Total execution time for kernels is 9.30346s
 INFO: Computing semblance for m0 = 6120
 INFO: Total execution time for kernels is 9.2684s
 INFO: Computing semblance for m0 = 6140
 INFO: Total execution time for kernels is 9.25717s
 INFO: Computing semblance for m0 = 6160
 INFO: Total execution time for kernels is 9.28912s
 INFO: Computing semblance for m0 = 6180
 INFO: Total execution time for kernels is 8.89929s
 INFO: Computing semblance for m0 = 6200
 INFO: Total execution time for kernels is 9.30977s
 INFO: Computing semblance for m0 = 6220
 INFO: Total execution time for kernels is 8.86114s
 INFO: Computing semblance for m0 = 6240
 INFO: Total execution time for kernels is 8.82187s
 INFO: Computing semblance for m0 = 6260
 INFO: Total execution time for kernels is 8.92073s
 INFO: Computing semblance for m0 = 6280
 INFO: Total execution time for kernels is 9.26923s
 INFO: Computing semblance for m0 = 6300
 INFO: Total execution time for kernels is 9.30777s
 INFO: Computing semblance for m0 = 6320
 INFO: Total execution time for kernels is 8.85521s
 INFO: Computing semblance for m0 = 6340
 INFO: Total execution time for kernels is 9.28448s
 INFO: Computing semblance for m0 = 6360
 INFO: Total execution time for kernels is 9.42263s
 INFO: Computing semblance for m0 = 6380
 INFO: Total execution time for kernels is 9.4662s
 INFO: Computing semblance for m0 = 6400
 INFO: Total execution time for kernels is 9.31682s
 INFO: Computing semblance for m0 = 6420
 INFO: Total execution time for kernels is 9.30517s
 INFO: Computing semblance for m0 = 6440
 INFO: Total execution time for kernels is 9.26982s
 INFO: Computing semblance for m0 = 6460
 INFO: Total execution time for kernels is 9.24994s
 INFO: Computing semblance for m0 = 6480
 INFO: Total execution time for kernels is 9.28529s
 INFO: Computing semblance for m0 = 6500
 INFO: Total execution time for kernels is 8.89098s
 INFO: Computing semblance for m0 = 6520
 INFO: Total execution time for kernels is 8.85027s
 INFO: Computing semblance for m0 = 6540
 INFO: Total execution time for kernels is 8.82102s
 INFO: Computing semblance for m0 = 6560
 INFO: Total execution time for kernels is 9.36613s
 INFO: Computing semblance for m0 = 6580
 INFO: Total execution time for kernels is 8.92247s
 INFO: Computing semblance for m0 = 6600
 INFO: Total execution time for kernels is 9.26848s
 INFO: Computing semblance for m0 = 6620
 INFO: Total execution time for kernels is 8.85447s
 INFO: Computing semblance for m0 = 6640
 INFO: Total execution time for kernels is 9.30551s
 INFO: Computing semblance for m0 = 6660
 INFO: Total execution time for kernels is 9.2805s
 INFO: Computing semblance for m0 = 6680
 INFO: Total execution time for kernels is 9.46881s
 INFO: Computing semblance for m0 = 6700
 INFO: Total execution time for kernels is 9.31738s
 INFO: Computing semblance for m0 = 6720
 INFO: Total execution time for kernels is 9.46545s
 INFO: Computing semblance for m0 = 6740
 INFO: Total execution time for kernels is 9.30905s
 INFO: Computing semblance for m0 = 6760
 INFO: Total execution time for kernels is 9.2581s
 INFO: Computing semblance for m0 = 6780
 INFO: Total execution time for kernels is 9.25526s
 INFO: Computing semblance for m0 = 6800
 INFO: Total execution time for kernels is 9.28408s
 INFO: Computing semblance for m0 = 6820
 INFO: Total execution time for kernels is 8.89188s
 INFO: Computing semblance for m0 = 6840
 INFO: Total execution time for kernels is 8.82599s
 INFO: Computing semblance for m0 = 6860
 INFO: Total execution time for kernels is 8.8043s
 INFO: Computing semblance for m0 = 6880
 INFO: Total execution time for kernels is 9.36544s
 INFO: Computing semblance for m0 = 6900
 INFO: Total execution time for kernels is 8.90993s
 INFO: Computing semblance for m0 = 6920
 INFO: Total execution time for kernels is 9.26797s
 INFO: Computing semblance for m0 = 6940
 INFO: Total execution time for kernels is 8.8388s
 INFO: Computing semblance for m0 = 6960
 INFO: Total execution time for kernels is 9.27128s
 INFO: Computing semblance for m0 = 6980
 INFO: Total execution time for kernels is 9.27853s
 INFO: Computing semblance for m0 = 7000
 INFO: Total execution time for kernels is 9.32943s
 INFO: Total execution time for kernels is 9.46397s
 INFO: Computing semblance for m0 = 7020
 INFO: Computing semblance for m0 = 7040
 INFO: Total execution time for kernels is 9.38551s
 INFO: Computing semblance for m0 = 7060
 INFO: Total execution time for kernels is 9.30436s
 INFO: Computing semblance for m0 = 7080
 INFO: Total execution time for kernels is 9.25927s
 INFO: Computing semblance for m0 = 7100
 INFO: Total execution time for kernels is 9.24782s
 INFO: Computing semblance for m0 = 7120
 INFO: Total execution time for kernels is 9.28655s
 INFO: Computing semblance for m0 = 7140
 INFO: Total execution time for kernels is 8.89085s
 INFO: Computing semblance for m0 = 7160
 INFO: Total execution time for kernels is 8.82045s
 INFO: Computing semblance for m0 = 7180
 INFO: Total execution time for kernels is 8.79879s
 INFO: Computing semblance for m0 = 7200
 INFO: Total execution time for kernels is 9.36187s
 INFO: Computing semblance for m0 = 7220
 INFO: Total execution time for kernels is 8.90199s
 INFO: Computing semblance for m0 = 7240
 INFO: Total execution time for kernels is 9.26726s
 INFO: Computing semblance for m0 = 7260
 INFO: Total execution time for kernels is 8.81887s
 INFO: Computing semblance for m0 = 7280
 INFO: Total execution time for kernels is 9.28127s
 INFO: Computing semblance for m0 = 7300
 INFO: Total execution time for kernels is 9.27692s
 INFO: Computing semblance for m0 = 7320
 INFO: Total execution time for kernels is 9.31926s
 INFO: Computing semblance for m0 = 7340
 INFO: Total execution time for kernels is 9.48626s
 INFO: Computing semblance for m0 = 7360
 INFO: Total execution time for kernels is 9.49213s
 INFO: Computing semblance for m0 = 7380
 INFO: Total execution time for kernels is 9.31016s
 INFO: Computing semblance for m0 = 7400
 INFO: Total execution time for kernels is 9.25346s
 INFO: Computing semblance for m0 = 7420
 INFO: Total execution time for kernels is 9.25329s
 INFO: Computing semblance for m0 = 7440
 INFO: Total execution time for kernels is 9.29129s
 INFO: Computing semblance for m0 = 7460
 INFO: Total execution time for kernels is 8.89777s
 INFO: Computing semblance for m0 = 7480
 INFO: Total execution time for kernels is 8.8169s
 INFO: Computing semblance for m0 = 7500
 INFO: Total execution time for kernels is 8.7888s
 INFO: Computing semblance for m0 = 7520
 INFO: Total execution time for kernels is 9.35599s
 INFO: Computing semblance for m0 = 7540
 INFO: Total execution time for kernels is 8.89423s
 INFO: Computing semblance for m0 = 7560
 INFO: Total execution time for kernels is 9.26602s
 INFO: Computing semblance for m0 = 7580
 INFO: Total execution time for kernels is 8.81864s
 INFO: Computing semblance for m0 = 7600
 INFO: Total execution time for kernels is 9.28396s
 INFO: Computing semblance for m0 = 7620
 INFO: Total execution time for kernels is 9.279s
 INFO: Computing semblance for m0 = 7640
 INFO: Total execution time for kernels is 9.29874s
 INFO: Computing semblance for m0 = 7660
 INFO: Total execution time for kernels is 9.47279s
 INFO: Computing semblance for m0 = 7680
 INFO: Total execution time for kernels is 9.46979s
 INFO: Computing semblance for m0 = 7700
 INFO: Total execution time for kernels is 9.30173s
 INFO: Computing semblance for m0 = 7720
 INFO: Total execution time for kernels is 9.26508s
 INFO: Total execution time for kernels is 9.24986s
 INFO: Computing semblance for m0 = 7740
 INFO: Computing semblance for m0 = 7760
 INFO: Total execution time for kernels is 8.89041s
 INFO: Computing semblance for m0 = 7780
 INFO: Total execution time for kernels is 9.28567s
 INFO: Computing semblance for m0 = 7800
 INFO: Total execution time for kernels is 8.80604s
 INFO: Computing semblance for m0 = 7820
 INFO: Total execution time for kernels is 8.78733s
 INFO: Computing semblance for m0 = 7840
 INFO: Total execution time for kernels is 8.8964s
 INFO: Computing semblance for m0 = 7860
 INFO: Total execution time for kernels is 9.36458s
 INFO: Computing semblance for m0 = 7880
 INFO: Total execution time for kernels is 8.80969s
 INFO: Computing semblance for m0 = 7900
 INFO: Total execution time for kernels is 9.26699s
 INFO: Computing semblance for m0 = 7920
 INFO: Total execution time for kernels is 9.2851s
 INFO: Computing semblance for m0 = 7940
 INFO: Total execution time for kernels is 9.28056s
 INFO: Computing semblance for m0 = 7960
 INFO: Total execution time for kernels is 9.30271s
 INFO: Computing semblance for m0 = 7980
 INFO: Total execution time for kernels is 9.31053s
 INFO: Computing semblance for m0 = 8000
 INFO: Total execution time for kernels is 9.45979s
 INFO: Computing semblance for m0 = 8020
 INFO: Total execution time for kernels is 9.46915s
 INFO: Computing semblance for m0 = 8040
 INFO: Total execution time for kernels is 8.87682s
 INFO: Computing semblance for m0 = 8060
 INFO: Total execution time for kernels is 9.2516s
 INFO: Total execution time for kernels is 9.25495s
 INFO: Computing semblance for m0 = 8080
 INFO: Computing semblance for m0 = 8100
 INFO: Total execution time for kernels is 8.79073s
 INFO: Computing semblance for m0 = 8120
 INFO: Total execution time for kernels is 8.79022s
 INFO: Computing semblance for m0 = 8140
 INFO: Total execution time for kernels is 9.31521s
 INFO: Computing semblance for m0 = 8160
 INFO: Total execution time for kernels is 8.88792s
 INFO: Computing semblance for m0 = 8180
 INFO: Total execution time for kernels is 9.37535s
 INFO: Computing semblance for m0 = 8200
 INFO: Total execution time for kernels is 8.79431s
 INFO: Computing semblance for m0 = 8220
 INFO: Total execution time for kernels is 9.29696s
 INFO: Computing semblance for m0 = 8240
 INFO: Total execution time for kernels is 9.28612s
 INFO: Computing semblance for m0 = 8260
 INFO: Total execution time for kernels is 9.28091s
 INFO: Computing semblance for m0 = 8280
 INFO: Total execution time for kernels is 9.30126s
 INFO: Computing semblance for m0 = 8300
 INFO: Total execution time for kernels is 9.3061s
 INFO: Computing semblance for m0 = 8320
 INFO: Total execution time for kernels is 9.44199s
 INFO: Computing semblance for m0 = 8340
 INFO: Total execution time for kernels is 9.49031s
 INFO: Computing semblance for m0 = 8360
 INFO: Total execution time for kernels is 8.88215s
 INFO: Computing semblance for m0 = 8380
 INFO: Total execution time for kernels is 8.80189s
 INFO: Computing semblance for m0 = 8400
 INFO: Total execution time for kernels is 8.77471s
 INFO: Computing semblance for m0 = 8420
 INFO: Total execution time for kernels is 9.23914s
 INFO: Computing semblance for m0 = 8440
 INFO: Total execution time for kernels is 9.2676s
 INFO: Computing semblance for m0 = 8460
 INFO: Total execution time for kernels is 9.32214s
 INFO: Computing semblance for m0 = 8480
 INFO: Total execution time for kernels is 8.87948s
 INFO: Computing semblance for m0 = 8500
 INFO: Total execution time for kernels is 9.36974s
 INFO: Computing semblance for m0 = 8520
 INFO: Total execution time for kernels is 8.78594s
 INFO: Computing semblance for m0 = 8540
 INFO: Total execution time for kernels is 9.27716s
 INFO: Computing semblance for m0 = 8560
 INFO: Total execution time for kernels is 9.27782s
 INFO: Computing semblance for m0 = 8580
 INFO: Total execution time for kernels is 9.27056s
 INFO: Computing semblance for m0 = 8600
 INFO: Total execution time for kernels is 9.28248s
 INFO: Computing semblance for m0 = 8620
 INFO: Total execution time for kernels is 9.28675s
 INFO: Computing semblance for m0 = 8640
 INFO: Total execution time for kernels is 9.45093s
 INFO: Computing semblance for m0 = 8660
 INFO: Total execution time for kernels is 9.46717s
 INFO: Computing semblance for m0 = 8680
 INFO: Total execution time for kernels is 8.83807s
 INFO: Computing semblance for m0 = 8700
 INFO: Total execution time for kernels is 8.78003s
 INFO: Computing semblance for m0 = 8720
 INFO: Total execution time for kernels is 8.73196s
 INFO: Computing semblance for m0 = 8740
 INFO: Total execution time for kernels is 9.22109s
 INFO: Computing semblance for m0 = 8760
 INFO: Total execution time for kernels is 9.22264s
 INFO: Computing semblance for m0 = 8780
 INFO: Total execution time for kernels is 9.27488s
 INFO: Computing semblance for m0 = 8800
 INFO: Total execution time for kernels is 8.80188s
 INFO: Computing semblance for m0 = 8820
 INFO: Total execution time for kernels is 9.28353s
 INFO: Computing semblance for m0 = 8840
 INFO: Total execution time for kernels is 8.71018s
 INFO: Computing semblance for m0 = 8860
 INFO: Total execution time for kernels is 9.19376s
 INFO: Computing semblance for m0 = 8880
 INFO: Total execution time for kernels is 9.18605s
 INFO: Computing semblance for m0 = 8900
 INFO: Total execution time for kernels is 9.15662s
 INFO: Computing semblance for m0 = 8920
 INFO: Total execution time for kernels is 9.18453s
 INFO: Computing semblance for m0 = 8940
 INFO: Total execution time for kernels is 8.63716s
 INFO: Computing semblance for m0 = 8960
 INFO: Total execution time for kernels is 9.17442s
 INFO: Computing semblance for m0 = 8980
 INFO: Total execution time for kernels is 8.58589s
 INFO: Computing semblance for m0 = 9000
 INFO: Total execution time for kernels is 8.53111s
 INFO: Computing semblance for m0 = 9020
 INFO: Total execution time for kernels is 9.33702s
 INFO: Computing semblance for m0 = 9040
 INFO: Total execution time for kernels is 9.30998s
 INFO: Computing semblance for m0 = 9060
 INFO: Total execution time for kernels is 8.95112s
 INFO: Computing semblance for m0 = 9080
 INFO: Total execution time for kernels is 8.94788s
 INFO: Computing semblance for m0 = 9100
 INFO: Total execution time for kernels is 8.96485s
 INFO: Computing semblance for m0 = 9120
 INFO: Total execution time for kernels is 8.45854s
 INFO: Computing semblance for m0 = 9140
 INFO: Total execution time for kernels is 8.33992s
 INFO: Computing semblance for m0 = 9160
 INFO: Total execution time for kernels is 8.90902s
 INFO: Computing semblance for m0 = 9180
 INFO: Total execution time for kernels is 8.78252s
 INFO: Computing semblance for m0 = 9200
 INFO: Total execution time for kernels is 8.68348s
 INFO: Computing semblance for m0 = 9220
 INFO: Total execution time for kernels is 8.65335s
 INFO: Computing semblance for m0 = 9240
 INFO: Total execution time for kernels is 7.81894s
 INFO: Computing semblance for m0 = 9260
 INFO: Total execution time for kernels is 8.10413s
 INFO: Computing semblance for m0 = 9280
 INFO: Total execution time for kernels is 7.93815s
 INFO: Computing semblance for m0 = 9300
 INFO: Total execution time for kernels is 8.62645s
 INFO: Computing semblance for m0 = 9320
 INFO: Total execution time for kernels is 8.48303s
 INFO: Computing semblance for m0 = 9340
 INFO: Total execution time for kernels is 8.22308s
 INFO: Computing semblance for m0 = 9360
 INFO: Total execution time for kernels is 8.38793s
 INFO: Computing semblance for m0 = 9380
 INFO: Total execution time for kernels is 7.82778s
 INFO: Computing semblance for m0 = 9400
 INFO: Total execution time for kernels is 7.97455s
 INFO: Computing semblance for m0 = 9420
 INFO: Total execution time for kernels is 7.24066s
 INFO: Computing semblance for m0 = 9440
 INFO: Total execution time for kernels is 7.77298s
 INFO: Computing semblance for m0 = 9460
 INFO: Total execution time for kernels is 7.08973s
 INFO: Computing semblance for m0 = 9480
 INFO: Total execution time for kernels is 7.37251s
 INFO: Computing semblance for m0 = 9500
 INFO: Total execution time for kernels is 7.19958s
 INFO: Computing semblance for m0 = 9520
 INFO: Total execution time for kernels is 7.01221s
 INFO: Computing semblance for m0 = 9540
 INFO: Total execution time for kernels is 6.06078s
 INFO: Computing semblance for m0 = 9560
 INFO: Total execution time for kernels is 6.27019s
 INFO: Computing semblance for m0 = 9580
 INFO: Total execution time for kernels is 6.35518s
 INFO: Computing semblance for m0 = 9600
 INFO: Total execution time for kernels is 5.19905s
 INFO: Computing semblance for m0 = 9620
 INFO: Total execution time for kernels is 5.99242s
 INFO: Computing semblance for m0 = 9640
 INFO: Total execution time for kernels is 6.87582s
 INFO: Computing semblance for m0 = 9660
 INFO: Total execution time for kernels is 6.20388s
 INFO: Computing semblance for m0 = 9680
 INFO: Total execution time for kernels is 4.82705s
 INFO: Computing semblance for m0 = 9700
 INFO: Total execution time for kernels is 5.41044s
 INFO: Computing semblance for m0 = 9720
 INFO: Total execution time for kernels is 4.90249s
 INFO: Computing semblance for m0 = 9740
 INFO: Total execution time for kernels is 5.72451s
 INFO: Computing semblance for m0 = 9760
 INFO: Total execution time for kernels is 5.96027s
 INFO: Computing semblance for m0 = 9780
 INFO: Total execution time for kernels is 4.44185s
 INFO: Computing semblance for m0 = 9800
 INFO: Total execution time for kernels is 4.48941s
 INFO: Computing semblance for m0 = 9820
 INFO: Total execution time for kernels is 4.23886s
 INFO: Computing semblance for m0 = 9840
 INFO: Total execution time for kernels is 1.80642s
 INFO: Computing semblance for m0 = 9860
 INFO: Total execution time for kernels is 1.97625s
 INFO: Computing semblance for m0 = 9880
 INFO: Total execution time for kernels is 2.17176s
 INFO: Computing semblance for m0 = 9900
 INFO: Total execution time for kernels is 2.31227s
 INFO: Computing semblance for m0 = 9920
 INFO: Total execution time for kernels is 2.53493s
 INFO: Computing semblance for m0 = 9940
 INFO: Total execution time for kernels is 2.72848s
 INFO: Total execution time for kernels is 4.05191s
 INFO: Total execution time for kernels is 2.86405s
 INFO: Total execution time for kernels is 1.58949s
 INFO: Total execution time for kernels is 3.0837s
 INFO: Total execution time for kernels is 3.22261s
 INFO: Total execution time for kernels is 3.33458s
 INFO: Total execution time for kernels is 3.72371s
 INFO: Total execution time for kernels is 3.58767s
 INFO: Total execution time for kernels is 1.50882s
 INFO: Total execution time for kernels is 1.27963s
 INFO: Total execution time for kernels is 0.877433s
 INFO: Total execution time for kernels is 0.750125s
 INFO: Total execution time for kernels is 1.1491s
 INFO: Total execution time for kernels is 0.981632s
 INFO: Total execution time for kernels is 0.671505s
 INFO: Average of efficiency is 0.120139
 INFO: Average of interpolations_per_sec is 8.89127e+09
 INFO: Average of selected_traces is 1264.16
 INFO: Average of total_selection_kernel_exec_time is 1.65812
 INFO: Average of total_kernel_exec_time is 8.19749
 INFO: Driver init. duration is 0.999477 s
 INFO: Read gather duration is 0.118029 s
 INFO: Parse args. duration is 0.000241174 s
 INFO: Worker threads duration is 284.687 s
 INFO: Dump results duration is 0.448579 s
 INFO: Thread/block is 64
 INFO: Results written to /home/ubuntu/nfs/out/55766d4e2_master_p2.16xlarge/oct/greedy/cuda/simple-synthetic_2/simple-synthetic_greedy_oct_20210308_0219/
 INFO: It took 286.263s to compute.
