 INFO: Number of CDPs = 445
 INFO: Number of traces in the gather = 9200
 INFO: Number of samples per trace = 2502
 INFO: Computing semblance for m0 = 0
 INFO: No trace has been selected for m0 = 0. Skipping.
 INFO: Total execution time for kernels is 9.304e-06s
 INFO: Computing semblance for m0 = 1080
 INFO: Total execution time for kernels is 0.00186847s
 INFO: Computing semblance for m0 = 1100
 INFO: Total execution time for kernels is 0.00186998s
 INFO: Computing semblance for m0 = 1120
 INFO: Total execution time for kernels is 0.0024354s
 INFO: Computing semblance for m0 = 1140
 INFO: Total execution time for kernels is 0.0024339s
 INFO: Computing semblance for m0 = 1160
 INFO: Total execution time for kernels is 0.00302233s
 INFO: Computing semblance for m0 = 1180
 INFO: Total execution time for kernels is 0.00303017s
 INFO: Computing semblance for m0 = 1200
 INFO: Total execution time for kernels is 0.0036235s
 INFO: Computing semblance for m0 = 1220
 INFO: Total execution time for kernels is 0.00362654s
 INFO: Computing semblance for m0 = 1240
 INFO: Total execution time for kernels is 0.00421762s
 INFO: Computing semblance for m0 = 1260
 INFO: Total execution time for kernels is 0.00424034s
 INFO: Computing semblance for m0 = 1280
 INFO: Total execution time for kernels is 0.00483974s
 INFO: Computing semblance for m0 = 1300
 INFO: Total execution time for kernels is 0.00482803s
 INFO: Computing semblance for m0 = 1320
 INFO: Total execution time for kernels is 0.00542538s
 INFO: Computing semblance for m0 = 1340
 INFO: Total execution time for kernels is 0.00542184s
 INFO: Computing semblance for m0 = 1360
 INFO: Total execution time for kernels is 0.00601733s
 INFO: Computing semblance for m0 = 1380
 INFO: Total execution time for kernels is 0.00601205s
 INFO: Computing semblance for m0 = 1400
 INFO: Total execution time for kernels is 0.00661589s
 INFO: Computing semblance for m0 = 1420
 INFO: Total execution time for kernels is 0.00661587s
 INFO: Computing semblance for m0 = 1440
 INFO: Total execution time for kernels is 0.00721574s
 INFO: Computing semblance for m0 = 1460
 INFO: Total execution time for kernels is 0.00720715s
 INFO: Computing semblance for m0 = 1480
 INFO: Total execution time for kernels is 0.00780254s
 INFO: Computing semblance for m0 = 1500
 INFO: Total execution time for kernels is 0.00778795s
 INFO: Computing semblance for m0 = 1520
 INFO: Total execution time for kernels is 0.00839478s
 INFO: Computing semblance for m0 = 1540
 INFO: Total execution time for kernels is 0.00837453s
 INFO: Computing semblance for m0 = 1560
 INFO: Total execution time for kernels is 0.00819683s
 INFO: Computing semblance for m0 = 1580
 INFO: Total execution time for kernels is 0.00598144s
 INFO: Computing semblance for m0 = 1600
 INFO: Total execution time for kernels is 0.00637139s
 INFO: Computing semblance for m0 = 1620
 INFO: Total execution time for kernels is 0.00636024s
 INFO: Computing semblance for m0 = 1640
 INFO: Total execution time for kernels is 0.00674895s
 INFO: Computing semblance for m0 = 1660
 INFO: Total execution time for kernels is 0.00674572s
 INFO: Computing semblance for m0 = 1680
 INFO: Total execution time for kernels is 0.00712544s
 INFO: Computing semblance for m0 = 1700
 INFO: Total execution time for kernels is 0.00713006s
 INFO: Computing semblance for m0 = 1720
 INFO: Total execution time for kernels is 0.00752193s
 INFO: Computing semblance for m0 = 1740
 INFO: Total execution time for kernels is 0.0075254s
 INFO: Computing semblance for m0 = 1760
 INFO: Total execution time for kernels is 0.00790938s
 INFO: Computing semblance for m0 = 1780
 INFO: Total execution time for kernels is 0.00790236s
 INFO: Computing semblance for m0 = 1800
 INFO: Total execution time for kernels is 0.00829102s
 INFO: Computing semblance for m0 = 1820
 INFO: Total execution time for kernels is 0.00827465s
 INFO: Computing semblance for m0 = 1840
 INFO: Total execution time for kernels is 0.00751621s
 INFO: Computing semblance for m0 = 1860
 INFO: Total execution time for kernels is 0.00563739s
 INFO: Computing semblance for m0 = 1880
 INFO: Total execution time for kernels is 0.00589557s
 INFO: Computing semblance for m0 = 1900
 INFO: Total execution time for kernels is 0.00588681s
 INFO: Computing semblance for m0 = 1920
 INFO: Total execution time for kernels is 0.0061402s
 INFO: Computing semblance for m0 = 1940
 INFO: Total execution time for kernels is 0.00613745s
 INFO: Computing semblance for m0 = 1960
 INFO: Total execution time for kernels is 0.00638485s
 INFO: Computing semblance for m0 = 1980
 INFO: Total execution time for kernels is 0.00657229s
 INFO: Computing semblance for m0 = 2000
 INFO: Total execution time for kernels is 0.00657529s
 INFO: Computing semblance for m0 = 2020
 INFO: Total execution time for kernels is 0.00638183s
 INFO: Computing semblance for m0 = 2040
 INFO: Total execution time for kernels is 0.0067769s
 INFO: Computing semblance for m0 = 2060
 INFO: Total execution time for kernels is 0.00669013s
 INFO: Computing semblance for m0 = 2080
 INFO: Total execution time for kernels is 0.00639341s
 INFO: Computing semblance for m0 = 2100
 INFO: Total execution time for kernels is 0.00666792s
 INFO: Computing semblance for m0 = 2120
 INFO: Total execution time for kernels is 0.00655475s
 INFO: Computing semblance for m0 = 2140
 INFO: Total execution time for kernels is 0.00633719s
 INFO: Computing semblance for m0 = 2160
 INFO: Total execution time for kernels is 0.00652536s
 INFO: Computing semblance for m0 = 2180
 INFO: Total execution time for kernels is 0.00641212s
 INFO: Computing semblance for m0 = 2200
 INFO: Total execution time for kernels is 0.00626303s
 INFO: Computing semblance for m0 = 2220
 INFO: Total execution time for kernels is 0.00652982s
 INFO: Computing semblance for m0 = 2240
 INFO: Total execution time for kernels is 0.00642929s
 INFO: Computing semblance for m0 = 2260
 INFO: Total execution time for kernels is 0.00631586s
 INFO: Computing semblance for m0 = 2280
 INFO: Total execution time for kernels is 0.00645504s
 INFO: Computing semblance for m0 = 2300
 INFO: Total execution time for kernels is 0.00636972s
 INFO: Computing semblance for m0 = 2320
 INFO: Total execution time for kernels is 0.0063128s
 INFO: Computing semblance for m0 = 2340
 INFO: Total execution time for kernels is 0.00644943s
 INFO: Computing semblance for m0 = 2360
 INFO: Total execution time for kernels is 0.00631826s
 INFO: Computing semblance for m0 = 2380
 INFO: Total execution time for kernels is 0.00625623s
 INFO: Computing semblance for m0 = 2400
 INFO: Total execution time for kernels is 0.00645577s
 INFO: Computing semblance for m0 = 2420
 INFO: Total execution time for kernels is 0.0063512s
 INFO: Computing semblance for m0 = 2440
 INFO: Total execution time for kernels is 0.0063174s
 INFO: Computing semblance for m0 = 2460
 INFO: Total execution time for kernels is 0.00630584s
 INFO: Computing semblance for m0 = 2480
 INFO: Total execution time for kernels is 0.00625601s
 INFO: Computing semblance for m0 = 2500
 INFO: Total execution time for kernels is 0.0062477s
 INFO: Computing semblance for m0 = 2520
 INFO: Total execution time for kernels is 0.00626083s
 INFO: Computing semblance for m0 = 2540
 INFO: Total execution time for kernels is 0.00625912s
 INFO: Computing semblance for m0 = 2560
 INFO: Total execution time for kernels is 0.00626531s
 INFO: Computing semblance for m0 = 2580
 INFO: Total execution time for kernels is 0.00626449s
 INFO: Computing semblance for m0 = 2600
 INFO: Total execution time for kernels is 0.00625828s
 INFO: Computing semblance for m0 = 2620
 INFO: Total execution time for kernels is 0.00625187s
 INFO: Computing semblance for m0 = 2640
 INFO: Total execution time for kernels is 0.00619354s
 INFO: Computing semblance for m0 = 2660
 INFO: Total execution time for kernels is 0.0062016s
 INFO: Computing semblance for m0 = 2680
 INFO: Total execution time for kernels is 0.00618912s
 INFO: Computing semblance for m0 = 2700
 INFO: Total execution time for kernels is 0.00618684s
 INFO: Computing semblance for m0 = 2720
 INFO: Total execution time for kernels is 0.00619554s
 INFO: Computing semblance for m0 = 2740
 INFO: Total execution time for kernels is 0.00618413s
 INFO: Computing semblance for m0 = 2760
 INFO: Total execution time for kernels is 0.00618838s
 INFO: Computing semblance for m0 = 2780
 INFO: Total execution time for kernels is 0.00617708s
 INFO: Computing semblance for m0 = 2800
 INFO: Total execution time for kernels is 0.00618341s
 INFO: Computing semblance for m0 = 2820
 INFO: Total execution time for kernels is 0.00617891s
 INFO: Computing semblance for m0 = 2840
 INFO: Total execution time for kernels is 0.0061522s
 INFO: Computing semblance for m0 = 2860
 INFO: Total execution time for kernels is 0.00612294s
 INFO: Computing semblance for m0 = 2880
 INFO: Total execution time for kernels is 0.00624835s
 INFO: Computing semblance for m0 = 2900
 INFO: Total execution time for kernels is 0.00624957s
 INFO: Computing semblance for m0 = 2920
 INFO: Total execution time for kernels is 0.00624931s
 INFO: Computing semblance for m0 = 2940
 INFO: Total execution time for kernels is 0.00624592s
 INFO: Computing semblance for m0 = 2960
 INFO: Total execution time for kernels is 0.00625013s
 INFO: Computing semblance for m0 = 2980
 INFO: Total execution time for kernels is 0.00624336s
 INFO: Computing semblance for m0 = 3000
 INFO: Total execution time for kernels is 0.00625209s
 INFO: Computing semblance for m0 = 3020
 INFO: Total execution time for kernels is 0.00619158s
 INFO: Computing semblance for m0 = 3040
 INFO: Total execution time for kernels is 0.00618372s
 INFO: Computing semblance for m0 = 3060
 INFO: Total execution time for kernels is 0.00618143s
 INFO: Computing semblance for m0 = 3080
 INFO: Total execution time for kernels is 0.00618536s
 INFO: Computing semblance for m0 = 3100
 INFO: Total execution time for kernels is 0.00617789s
 INFO: Computing semblance for m0 = 3120
 INFO: Total execution time for kernels is 0.0061878s
 INFO: Computing semblance for m0 = 3140
 INFO: Total execution time for kernels is 0.00618666s
 INFO: Computing semblance for m0 = 3160
 INFO: Total execution time for kernels is 0.00618813s
 INFO: Computing semblance for m0 = 3180
 INFO: Total execution time for kernels is 0.00609751s
 INFO: Computing semblance for m0 = 3200
 INFO: Total execution time for kernels is 0.00617296s
 INFO: Computing semblance for m0 = 3220
 INFO: Total execution time for kernels is 0.00618595s
 INFO: Computing semblance for m0 = 3240
 INFO: Total execution time for kernels is 0.0061842s
 INFO: Computing semblance for m0 = 3260
 INFO: Total execution time for kernels is 0.00617991s
 INFO: Computing semblance for m0 = 3280
 INFO: Total execution time for kernels is 0.00618561s
 INFO: Computing semblance for m0 = 3300
 INFO: Total execution time for kernels is 0.00617943s
 INFO: Computing semblance for m0 = 3320
 INFO: Total execution time for kernels is 0.0061858s
 INFO: Computing semblance for m0 = 3340
 INFO: Total execution time for kernels is 0.00618453s
 INFO: Computing semblance for m0 = 3360
 INFO: Total execution time for kernels is 0.00625798s
 INFO: Computing semblance for m0 = 3380
 INFO: Total execution time for kernels is 0.00625233s
 INFO: Computing semblance for m0 = 3400
 INFO: Total execution time for kernels is 0.00625431s
 INFO: Computing semblance for m0 = 3420
 INFO: Total execution time for kernels is 0.00624928s
 INFO: Computing semblance for m0 = 3440
 INFO: Total execution time for kernels is 0.00631881s
 INFO: Computing semblance for m0 = 3460
 INFO: Total execution time for kernels is 0.00631164s
 INFO: Computing semblance for m0 = 3480
 INFO: Total execution time for kernels is 0.00631621s
 INFO: Computing semblance for m0 = 3500
 INFO: Total execution time for kernels is 0.00651327s
 INFO: Computing semblance for m0 = 3520
 INFO: Total execution time for kernels is 0.00650006s
 INFO: Computing semblance for m0 = 3540
 INFO: Total execution time for kernels is 0.00610118s
 INFO: Computing semblance for m0 = 3560
 INFO: Total execution time for kernels is 0.00652433s
 INFO: Computing semblance for m0 = 3580
 INFO: Total execution time for kernels is 0.00643146s
 INFO: Computing semblance for m0 = 3600
 INFO: Total execution time for kernels is 0.00618722s
 INFO: Computing semblance for m0 = 3620
 INFO: Total execution time for kernels is 0.00677559s
 INFO: Computing semblance for m0 = 3640
 INFO: Total execution time for kernels is 0.00661265s
 INFO: Computing semblance for m0 = 3660
 INFO: Total execution time for kernels is 0.00637276s
 INFO: Computing semblance for m0 = 3680
 INFO: Total execution time for kernels is 0.00659365s
 INFO: Computing semblance for m0 = 3700
 INFO: Total execution time for kernels is 0.00641255s
 INFO: Computing semblance for m0 = 3720
 INFO: Total execution time for kernels is 0.00624649s
 INFO: Computing semblance for m0 = 3740
 INFO: Total execution time for kernels is 0.00658677s
 INFO: Computing semblance for m0 = 3760
 INFO: Total execution time for kernels is 0.00646098s
 INFO: Computing semblance for m0 = 3780
 INFO: Total execution time for kernels is 0.00637211s
 INFO: Computing semblance for m0 = 3800
 INFO: Total execution time for kernels is 0.00637551s
 INFO: Computing semblance for m0 = 3820
 INFO: Total execution time for kernels is 0.00631561s
 INFO: Computing semblance for m0 = 3840
 INFO: Total execution time for kernels is 0.00630595s
 INFO: Computing semblance for m0 = 3860
 INFO: Total execution time for kernels is 0.00624665s
 INFO: Computing semblance for m0 = 3880
 INFO: Total execution time for kernels is 0.00638342s
 INFO: Computing semblance for m0 = 3900
 INFO: Total execution time for kernels is 0.00633446s
 INFO: Computing semblance for m0 = 3920
 INFO: Total execution time for kernels is 0.00605465s
 INFO: Computing semblance for m0 = 3940
 INFO: Total execution time for kernels is 0.00644114s
 INFO: Computing semblance for m0 = 3960
 INFO: Total execution time for kernels is 0.00639736s
 INFO: Computing semblance for m0 = 3980
 INFO: Total execution time for kernels is 0.00609233s
 INFO: Computing semblance for m0 = 4000
 INFO: Total execution time for kernels is 0.00651637s
 INFO: Computing semblance for m0 = 4020
 INFO: Total execution time for kernels is 0.00644314s
 INFO: Computing semblance for m0 = 4040
 INFO: Total execution time for kernels is 0.00617645s
 INFO: Computing semblance for m0 = 4060
 INFO: Total execution time for kernels is 0.00676224s
 INFO: Computing semblance for m0 = 4080
 INFO: Total execution time for kernels is 0.00665515s
 INFO: Computing semblance for m0 = 4100
 INFO: Total execution time for kernels is 0.00629667s
 INFO: Computing semblance for m0 = 4120
 INFO: Total execution time for kernels is 0.00665739s
 INFO: Computing semblance for m0 = 4140
 INFO: Total execution time for kernels is 0.00650627s
 INFO: Computing semblance for m0 = 4160
 INFO: Total execution time for kernels is 0.00630433s
 INFO: Computing semblance for m0 = 4180
 INFO: Total execution time for kernels is 0.00650835s
 INFO: Computing semblance for m0 = 4200
 INFO: Total execution time for kernels is 0.00640697s
 INFO: Computing semblance for m0 = 4220
 INFO: Total execution time for kernels is 0.00629977s
 INFO: Computing semblance for m0 = 4240
 INFO: Total execution time for kernels is 0.00644487s
 INFO: Computing semblance for m0 = 4260
 INFO: Total execution time for kernels is 0.00630108s
 INFO: Computing semblance for m0 = 4280
 INFO: Total execution time for kernels is 0.00618086s
 INFO: Computing semblance for m0 = 4300
 INFO: Total execution time for kernels is 0.00651038s
 INFO: Computing semblance for m0 = 4320
 INFO: Total execution time for kernels is 0.00639896s
 INFO: Computing semblance for m0 = 4340
 INFO: Total execution time for kernels is 0.0063014s
 INFO: Computing semblance for m0 = 4360
 INFO: Total execution time for kernels is 0.00644425s
 INFO: Computing semblance for m0 = 4380
 INFO: Total execution time for kernels is 0.00635239s
 INFO: Computing semblance for m0 = 4400
 INFO: Total execution time for kernels is 0.0063117s
 INFO: Computing semblance for m0 = 4420
 INFO: Total execution time for kernels is 0.00644031s
 INFO: Computing semblance for m0 = 4440
 INFO: Total execution time for kernels is 0.00631554s
 INFO: Computing semblance for m0 = 4460
 INFO: Total execution time for kernels is 0.00623468s
 INFO: Computing semblance for m0 = 4480
 INFO: Total execution time for kernels is 0.00644512s
 INFO: Computing semblance for m0 = 4500
 INFO: Total execution time for kernels is 0.0063415s
 INFO: Computing semblance for m0 = 4520
 INFO: Total execution time for kernels is 0.00630683s
 INFO: Computing semblance for m0 = 4540
 INFO: Total execution time for kernels is 0.00629447s
 INFO: Computing semblance for m0 = 4560
 INFO: Total execution time for kernels is 0.00625753s
 INFO: Computing semblance for m0 = 4580
 INFO: Total execution time for kernels is 0.00623493s
 INFO: Computing semblance for m0 = 4600
 INFO: Total execution time for kernels is 0.00624464s
 INFO: Computing semblance for m0 = 4620
 INFO: Total execution time for kernels is 0.00623712s
 INFO: Computing semblance for m0 = 4640
 INFO: Total execution time for kernels is 0.00624939s
 INFO: Computing semblance for m0 = 4660
 INFO: Total execution time for kernels is 0.00630605s
 INFO: Computing semblance for m0 = 4680
 INFO: Total execution time for kernels is 0.00631318s
 INFO: Computing semblance for m0 = 4700
 INFO: Total execution time for kernels is 0.00629701s
 INFO: Computing semblance for m0 = 4720
 INFO: Total execution time for kernels is 0.00623796s
 INFO: Computing semblance for m0 = 4740
 INFO: Total execution time for kernels is 0.00616896s
 INFO: Computing semblance for m0 = 4760
 INFO: Total execution time for kernels is 0.00618262s
 INFO: Computing semblance for m0 = 4780
 INFO: Total execution time for kernels is 0.00631541s
 INFO: Computing semblance for m0 = 4800
 INFO: Total execution time for kernels is 0.00626176s
 INFO: Computing semblance for m0 = 4820
 INFO: Total execution time for kernels is 0.00624546s
 INFO: Computing semblance for m0 = 4840
 INFO: Total execution time for kernels is 0.00632199s
 INFO: Computing semblance for m0 = 4860
 INFO: Total execution time for kernels is 0.00631384s
 INFO: Computing semblance for m0 = 4880
 INFO: Total execution time for kernels is 0.00632331s
 INFO: Computing semblance for m0 = 4900
 INFO: Total execution time for kernels is 0.00624467s
 INFO: Computing semblance for m0 = 4920
 INFO: Total execution time for kernels is 0.00618731s
 INFO: Computing semblance for m0 = 4940
 INFO: Total execution time for kernels is 0.00617802s
 INFO: Computing semblance for m0 = 4960
 INFO: Total execution time for kernels is 0.00631532s
 INFO: Computing semblance for m0 = 4980
 INFO: Total execution time for kernels is 0.00625103s
 INFO: Computing semblance for m0 = 5000
 INFO: Total execution time for kernels is 0.00624763s
 INFO: Computing semblance for m0 = 5020
 INFO: Total execution time for kernels is 0.00630829s
 INFO: Computing semblance for m0 = 5040
 INFO: Total execution time for kernels is 0.00625659s
 INFO: Computing semblance for m0 = 5060
 INFO: Total execution time for kernels is 0.00623636s
 INFO: Computing semblance for m0 = 5080
 INFO: Total execution time for kernels is 0.00624037s
 INFO: Computing semblance for m0 = 5100
 INFO: Total execution time for kernels is 0.00623953s
 INFO: Computing semblance for m0 = 5120
 INFO: Total execution time for kernels is 0.00624718s
 INFO: Computing semblance for m0 = 5140
 INFO: Total execution time for kernels is 0.00624119s
 INFO: Computing semblance for m0 = 5160
 INFO: Total execution time for kernels is 0.00624802s
 INFO: Computing semblance for m0 = 5180
 INFO: Total execution time for kernels is 0.00623951s
 INFO: Computing semblance for m0 = 5200
 INFO: Total execution time for kernels is 0.00618967s
 INFO: Computing semblance for m0 = 5220
 INFO: Total execution time for kernels is 0.00618086s
 INFO: Computing semblance for m0 = 5240
 INFO: Total execution time for kernels is 0.00618294s
 INFO: Computing semblance for m0 = 5260
 INFO: Total execution time for kernels is 0.00618433s
 INFO: Computing semblance for m0 = 5280
 INFO: Total execution time for kernels is 0.00618394s
 INFO: Computing semblance for m0 = 5300
 INFO: Total execution time for kernels is 0.00617443s
 INFO: Computing semblance for m0 = 5320
 INFO: Total execution time for kernels is 0.00618204s
 INFO: Computing semblance for m0 = 5340
 INFO: Total execution time for kernels is 0.00617149s
 INFO: Computing semblance for m0 = 5360
 INFO: Total execution time for kernels is 0.00617659s
 INFO: Computing semblance for m0 = 5380
 INFO: Total execution time for kernels is 0.00617248s
 INFO: Computing semblance for m0 = 5400
 INFO: Total execution time for kernels is 0.00623688s
 INFO: Computing semblance for m0 = 5420
 INFO: Total execution time for kernels is 0.00623482s
 INFO: Computing semblance for m0 = 5440
 INFO: Total execution time for kernels is 0.00623963s
 INFO: Computing semblance for m0 = 5460
 INFO: Total execution time for kernels is 0.00641727s
 INFO: Computing semblance for m0 = 5480
 INFO: Total execution time for kernels is 0.00644304s
 INFO: Computing semblance for m0 = 5500
 INFO: Total execution time for kernels is 0.00630809s
 INFO: Computing semblance for m0 = 5520
 INFO: Total execution time for kernels is 0.0063108s
 INFO: Computing semblance for m0 = 5540
 INFO: Total execution time for kernels is 0.00630411s
 INFO: Computing semblance for m0 = 5560
 INFO: Total execution time for kernels is 0.00630857s
 INFO: Computing semblance for m0 = 5580
 INFO: Total execution time for kernels is 0.00642093s
 INFO: Computing semblance for m0 = 5600
 INFO: Total execution time for kernels is 0.00643533s
 INFO: Computing semblance for m0 = 5620
 INFO: Total execution time for kernels is 0.00630189s
 INFO: Computing semblance for m0 = 5640
 INFO: Total execution time for kernels is 0.00642987s
 INFO: Computing semblance for m0 = 5660
 INFO: Total execution time for kernels is 0.006426s
 INFO: Computing semblance for m0 = 5680
 INFO: Total execution time for kernels is 0.00623949s
 INFO: Computing semblance for m0 = 5700
 INFO: Total execution time for kernels is 0.0065065s
 INFO: Computing semblance for m0 = 5720
 INFO: Total execution time for kernels is 0.00651028s
 INFO: Computing semblance for m0 = 5740
 INFO: Total execution time for kernels is 0.00636281s
 INFO: Computing semblance for m0 = 5760
 INFO: Total execution time for kernels is 0.00658102s
 INFO: Computing semblance for m0 = 5780
 INFO: Total execution time for kernels is 0.00655462s
 INFO: Computing semblance for m0 = 5800
 INFO: Total execution time for kernels is 0.00623988s
 INFO: Computing semblance for m0 = 5820
 INFO: Total execution time for kernels is 0.00658325s
 INFO: Computing semblance for m0 = 5840
 INFO: Total execution time for kernels is 0.00651162s
 INFO: Computing semblance for m0 = 5860
 INFO: Total execution time for kernels is 0.0061744s
 INFO: Computing semblance for m0 = 5880
 INFO: Total execution time for kernels is 0.00677782s
 INFO: Computing semblance for m0 = 5900
 INFO: Total execution time for kernels is 0.00661451s
 INFO: Computing semblance for m0 = 5920
 INFO: Total execution time for kernels is 0.00631169s
 INFO: Computing semblance for m0 = 5940
 INFO: Total execution time for kernels is 0.00665554s
 INFO: Computing semblance for m0 = 5960
 INFO: Total execution time for kernels is 0.00649409s
 INFO: Computing semblance for m0 = 5980
 INFO: Total execution time for kernels is 0.00630277s
 INFO: Computing semblance for m0 = 6000
 INFO: Total execution time for kernels is 0.00651785s
 INFO: Computing semblance for m0 = 6020
 INFO: Total execution time for kernels is 0.00637315s
 INFO: Computing semblance for m0 = 6040
 INFO: Total execution time for kernels is 0.00630554s
 INFO: Computing semblance for m0 = 6060
 INFO: Total execution time for kernels is 0.0063647s
 INFO: Computing semblance for m0 = 6080
 INFO: Total execution time for kernels is 0.00628119s
 INFO: Computing semblance for m0 = 6100
 INFO: Total execution time for kernels is 0.0062324s
 INFO: Computing semblance for m0 = 6120
 INFO: Total execution time for kernels is 0.00644598s
 INFO: Computing semblance for m0 = 6140
 INFO: Total execution time for kernels is 0.00633988s
 INFO: Computing semblance for m0 = 6160
 INFO: Total execution time for kernels is 0.00630873s
 INFO: Computing semblance for m0 = 6180
 INFO: Total execution time for kernels is 0.00629922s
 INFO: Computing semblance for m0 = 6200
 INFO: Total execution time for kernels is 0.0062556s
 INFO: Computing semblance for m0 = 6220
 INFO: Total execution time for kernels is 0.00623768s
 INFO: Computing semblance for m0 = 6240
 INFO: Total execution time for kernels is 0.00625291s
 INFO: Computing semblance for m0 = 6260
 INFO: Total execution time for kernels is 0.00623878s
 INFO: Computing semblance for m0 = 6280
 INFO: Total execution time for kernels is 0.00624861s
 INFO: Computing semblance for m0 = 6300
 INFO: Total execution time for kernels is 0.00623825s
 INFO: Computing semblance for m0 = 6320
 INFO: Total execution time for kernels is 0.00625519s
 INFO: Computing semblance for m0 = 6340
 INFO: Total execution time for kernels is 0.00624216s
 INFO: Computing semblance for m0 = 6360
 INFO: Total execution time for kernels is 0.00619006s
 INFO: Computing semblance for m0 = 6380
 INFO: Total execution time for kernels is 0.00617972s
 INFO: Computing semblance for m0 = 6400
 INFO: Total execution time for kernels is 0.00618875s
 INFO: Computing semblance for m0 = 6420
 INFO: Total execution time for kernels is 0.00617681s
 INFO: Computing semblance for m0 = 6440
 INFO: Total execution time for kernels is 0.00629944s
 INFO: Computing semblance for m0 = 6460
 INFO: Total execution time for kernels is 0.0063065s
 INFO: Computing semblance for m0 = 6480
 INFO: Total execution time for kernels is 0.00625303s
 INFO: Computing semblance for m0 = 6500
 INFO: Total execution time for kernels is 0.00630002s
 INFO: Computing semblance for m0 = 6520
 INFO: Total execution time for kernels is 0.00630989s
 INFO: Computing semblance for m0 = 6540
 INFO: Total execution time for kernels is 0.00617851s
 INFO: Computing semblance for m0 = 6560
 INFO: Total execution time for kernels is 0.00618698s
 INFO: Computing semblance for m0 = 6580
 INFO: Total execution time for kernels is 0.0061826s
 INFO: Computing semblance for m0 = 6600
 INFO: Total execution time for kernels is 0.00618125s
 INFO: Computing semblance for m0 = 6620
 INFO: Total execution time for kernels is 0.00623419s
 INFO: Computing semblance for m0 = 6640
 INFO: Total execution time for kernels is 0.00625045s
 INFO: Computing semblance for m0 = 6660
 INFO: Total execution time for kernels is 0.00624222s
 INFO: Computing semblance for m0 = 6680
 INFO: Total execution time for kernels is 0.00637572s
 INFO: Computing semblance for m0 = 6700
 INFO: Total execution time for kernels is 0.00637289s
 INFO: Computing semblance for m0 = 6720
 INFO: Total execution time for kernels is 0.00625358s
 INFO: Computing semblance for m0 = 6740
 INFO: Total execution time for kernels is 0.00636263s
 INFO: Computing semblance for m0 = 6760
 INFO: Total execution time for kernels is 0.00637347s
 INFO: Computing semblance for m0 = 6780
 INFO: Total execution time for kernels is 0.00617898s
 INFO: Computing semblance for m0 = 6800
 INFO: Total execution time for kernels is 0.00630528s
 INFO: Computing semblance for m0 = 6820
 INFO: Total execution time for kernels is 0.00630732s
 INFO: Computing semblance for m0 = 6840
 INFO: Total execution time for kernels is 0.00619203s
 INFO: Computing semblance for m0 = 6860
 INFO: Total execution time for kernels is 0.00636271s
 INFO: Computing semblance for m0 = 6880
 INFO: Total execution time for kernels is 0.00637355s
 INFO: Computing semblance for m0 = 6900
 INFO: Total execution time for kernels is 0.00618494s
 INFO: Computing semblance for m0 = 6920
 INFO: Total execution time for kernels is 0.00644312s
 INFO: Computing semblance for m0 = 6940
 INFO: Total execution time for kernels is 0.00643724s
 INFO: Computing semblance for m0 = 6960
 INFO: Total execution time for kernels is 0.00625276s
 INFO: Computing semblance for m0 = 6980
 INFO: Total execution time for kernels is 0.0064427s
 INFO: Computing semblance for m0 = 7000
 INFO: Total execution time for kernels is 0.00644623s
 INFO: Computing semblance for m0 = 7020
 INFO: Total execution time for kernels is 0.00618534s
 INFO: Computing semblance for m0 = 7040
 INFO: Total execution time for kernels is 0.00659701s
 INFO: Computing semblance for m0 = 7060
 INFO: Total execution time for kernels is 0.00653907s
 INFO: Computing semblance for m0 = 7080
 INFO: Total execution time for kernels is 0.00618751s
 INFO: Computing semblance for m0 = 7100
 INFO: Total execution time for kernels is 0.00658765s
 INFO: Computing semblance for m0 = 7120
 INFO: Total execution time for kernels is 0.00652121s
 INFO: Computing semblance for m0 = 7140
 INFO: Total execution time for kernels is 0.00618248s
 INFO: Computing semblance for m0 = 7160
 INFO: Total execution time for kernels is 0.00666249s
 INFO: Computing semblance for m0 = 7180
 INFO: Total execution time for kernels is 0.00655252s
 INFO: Computing semblance for m0 = 7200
 INFO: Total execution time for kernels is 0.00631536s
 INFO: Computing semblance for m0 = 7220
 INFO: Total execution time for kernels is 0.00658567s
 INFO: Computing semblance for m0 = 7240
 INFO: Total execution time for kernels is 0.00643472s
 INFO: Computing semblance for m0 = 7260
 INFO: Total execution time for kernels is 0.0062365s
 INFO: Computing semblance for m0 = 7280
 INFO: Total execution time for kernels is 0.00652419s
 INFO: Computing semblance for m0 = 7300
 INFO: Total execution time for kernels is 0.00640167s
 INFO: Computing semblance for m0 = 7320
 INFO: Total execution time for kernels is 0.00631103s
 INFO: Computing semblance for m0 = 7340
 INFO: Total execution time for kernels is 0.00644039s
 INFO: Computing semblance for m0 = 7360
 INFO: Total execution time for kernels is 0.00636581s
 INFO: Computing semblance for m0 = 7380
 INFO: Total execution time for kernels is 0.00630789s
 INFO: Computing semblance for m0 = 7400
 INFO: Total execution time for kernels is 0.00652468s
 INFO: Computing semblance for m0 = 7420
 INFO: Total execution time for kernels is 0.00636237s
 INFO: Computing semblance for m0 = 7440
 INFO: Total execution time for kernels is 0.00632014s
 INFO: Computing semblance for m0 = 7460
 INFO: Total execution time for kernels is 0.00631412s
 INFO: Computing semblance for m0 = 7480
 INFO: Total execution time for kernels is 0.00627438s
 INFO: Computing semblance for m0 = 7500
 INFO: Total execution time for kernels is 0.00624299s
 INFO: Computing semblance for m0 = 7520
 INFO: Total execution time for kernels is 0.00633241s
 INFO: Computing semblance for m0 = 7540
 INFO: Total execution time for kernels is 0.00631312s
 INFO: Computing semblance for m0 = 7560
 INFO: Total execution time for kernels is 0.00631981s
 INFO: Computing semblance for m0 = 7580
 INFO: Total execution time for kernels is 0.00623994s
 INFO: Computing semblance for m0 = 7600
 INFO: Total execution time for kernels is 0.00624677s
 INFO: Computing semblance for m0 = 7620
 INFO: Total execution time for kernels is 0.00624971s
 INFO: Computing semblance for m0 = 7640
 INFO: Total execution time for kernels is 0.00618998s
 INFO: Computing semblance for m0 = 7660
 INFO: Total execution time for kernels is 0.00629361s
 INFO: Computing semblance for m0 = 7680
 INFO: Total execution time for kernels is 0.00630914s
 INFO: Computing semblance for m0 = 7700
 INFO: Total execution time for kernels is 0.00623922s
 INFO: Computing semblance for m0 = 7720
 INFO: Total execution time for kernels is 0.00625354s
 INFO: Computing semblance for m0 = 7740
 INFO: Total execution time for kernels is 0.00624746s
 INFO: Computing semblance for m0 = 7760
 INFO: Total execution time for kernels is 0.00625509s
 INFO: Computing semblance for m0 = 7780
 INFO: Total execution time for kernels is 0.00636663s
 INFO: Computing semblance for m0 = 7800
 INFO: Total execution time for kernels is 0.00637961s
 INFO: Computing semblance for m0 = 7820
 INFO: Total execution time for kernels is 0.00624165s
 INFO: Computing semblance for m0 = 7840
 INFO: Total execution time for kernels is 0.00637048s
 INFO: Computing semblance for m0 = 7860
 INFO: Total execution time for kernels is 0.00636101s
 INFO: Computing semblance for m0 = 7880
 INFO: Total execution time for kernels is 0.00619336s
 INFO: Computing semblance for m0 = 7900
 INFO: Total execution time for kernels is 0.00643286s
 INFO: Computing semblance for m0 = 7920
 INFO: Total execution time for kernels is 0.00644147s
 INFO: Computing semblance for m0 = 7940
 INFO: Total execution time for kernels is 0.00618111s
 INFO: Computing semblance for m0 = 7960
 INFO: Total execution time for kernels is 0.00643938s
 INFO: Computing semblance for m0 = 7980
 INFO: Total execution time for kernels is 0.00642969s
 INFO: Computing semblance for m0 = 8000
 INFO: Total execution time for kernels is 0.00619368s
 INFO: Computing semblance for m0 = 8020
 INFO: Total execution time for kernels is 0.00651947s
 INFO: Computing semblance for m0 = 8040
 INFO: Total execution time for kernels is 0.00646623s
 INFO: Computing semblance for m0 = 8060
 INFO: Total execution time for kernels is 0.0060987s
 INFO: Computing semblance for m0 = 8080
 INFO: Total execution time for kernels is 0.00651207s
 INFO: Computing semblance for m0 = 8100
 INFO: Total execution time for kernels is 0.00643929s
 INFO: Computing semblance for m0 = 8120
 INFO: Total execution time for kernels is 0.0061825s
 INFO: Computing semblance for m0 = 8140
 INFO: Total execution time for kernels is 0.00658833s
 INFO: Computing semblance for m0 = 8160
 INFO: Total execution time for kernels is 0.00651016s
 INFO: Computing semblance for m0 = 8180
 INFO: Total execution time for kernels is 0.00624406s
 INFO: Computing semblance for m0 = 8200
 INFO: Total execution time for kernels is 0.00667299s
 INFO: Computing semblance for m0 = 8220
 INFO: Total execution time for kernels is 0.00651712s
 INFO: Computing semblance for m0 = 8240
 INFO: Total execution time for kernels is 0.00631845s
 INFO: Computing semblance for m0 = 8260
 INFO: Total execution time for kernels is 0.0065232s
 INFO: Computing semblance for m0 = 8280
 INFO: Total execution time for kernels is 0.00641296s
 INFO: Computing semblance for m0 = 8300
 INFO: Total execution time for kernels is 0.00630753s
 INFO: Computing semblance for m0 = 8320
 INFO: Total execution time for kernels is 0.0064515s
 INFO: Computing semblance for m0 = 8340
 INFO: Total execution time for kernels is 0.00631777s
 INFO: Computing semblance for m0 = 8360
 INFO: Total execution time for kernels is 0.00624868s
 INFO: Computing semblance for m0 = 8380
 INFO: Total execution time for kernels is 0.00644287s
 INFO: Computing semblance for m0 = 8400
 INFO: Total execution time for kernels is 0.00636336s
 INFO: Computing semblance for m0 = 8420
 INFO: Total execution time for kernels is 0.00631557s
 INFO: Computing semblance for m0 = 8440
 INFO: Total execution time for kernels is 0.00632367s
 INFO: Computing semblance for m0 = 8460
 INFO: Total execution time for kernels is 0.00625077s
 INFO: Computing semblance for m0 = 8480
 INFO: Total execution time for kernels is 0.00624612s
 INFO: Computing semblance for m0 = 8500
 INFO: Total execution time for kernels is 0.00631489s
 INFO: Computing semblance for m0 = 8520
 INFO: Total execution time for kernels is 0.00626919s
 INFO: Computing semblance for m0 = 8540
 INFO: Total execution time for kernels is 0.00625218s
 INFO: Computing semblance for m0 = 8560
 INFO: Total execution time for kernels is 0.00632769s
 INFO: Computing semblance for m0 = 8580
 INFO: Total execution time for kernels is 0.00625294s
 INFO: Computing semblance for m0 = 8600
 INFO: Total execution time for kernels is 0.00624979s
 INFO: Computing semblance for m0 = 8620
 INFO: Total execution time for kernels is 0.00632587s
 INFO: Computing semblance for m0 = 8640
 INFO: Total execution time for kernels is 0.00633048s
 INFO: Computing semblance for m0 = 8660
 INFO: Total execution time for kernels is 0.00631411s
 INFO: Computing semblance for m0 = 8680
 INFO: Total execution time for kernels is 0.00625373s
 INFO: Computing semblance for m0 = 8700
 INFO: Total execution time for kernels is 0.00625008s
 INFO: Computing semblance for m0 = 8720
 INFO: Total execution time for kernels is 0.00625497s
 INFO: Computing semblance for m0 = 8740
 INFO: Total execution time for kernels is 0.0062422s
 INFO: Computing semblance for m0 = 8760
 INFO: Total execution time for kernels is 0.00632337s
 INFO: Computing semblance for m0 = 8780
 INFO: Total execution time for kernels is 0.00630896s
 INFO: Computing semblance for m0 = 8800
 INFO: Total execution time for kernels is 0.00625585s
 INFO: Computing semblance for m0 = 8820
 INFO: Total execution time for kernels is 0.00624174s
 INFO: Computing semblance for m0 = 8840
 INFO: Total execution time for kernels is 0.0062576s
 INFO: Computing semblance for m0 = 8860
 INFO: Total execution time for kernels is 0.00625229s
 INFO: Computing semblance for m0 = 8880
 INFO: Total execution time for kernels is 0.00632659s
 INFO: Computing semblance for m0 = 8900
 INFO: Total execution time for kernels is 0.00631478s
 INFO: Computing semblance for m0 = 8920
 INFO: Total execution time for kernels is 0.00626131s
 INFO: Computing semblance for m0 = 8940
 INFO: Total execution time for kernels is 0.00630195s
 INFO: Computing semblance for m0 = 8960
 INFO: Total execution time for kernels is 0.00631305s
 INFO: Computing semblance for m0 = 8980
 INFO: Total execution time for kernels is 0.00618215s
 INFO: Computing semblance for m0 = 9000
 INFO: Total execution time for kernels is 0.00638334s
 INFO: Computing semblance for m0 = 9020
 INFO: Total execution time for kernels is 0.00637465s
 INFO: Computing semblance for m0 = 9040
 INFO: Total execution time for kernels is 0.00626136s
 INFO: Computing semblance for m0 = 9060
 INFO: Total execution time for kernels is 0.00636754s
 INFO: Computing semblance for m0 = 9080
 INFO: Total execution time for kernels is 0.00612356s
 INFO: Computing semblance for m0 = 9100
 INFO: Total execution time for kernels is 0.00593723s
 INFO: Computing semblance for m0 = 9120
 INFO: Total execution time for kernels is 0.00579894s
 INFO: Computing semblance for m0 = 9140
 INFO: Total execution time for kernels is 0.00579336s
 INFO: Computing semblance for m0 = 9160
 INFO: Total execution time for kernels is 0.00542323s
 INFO: Computing semblance for m0 = 9180
 INFO: Total execution time for kernels is 0.00541479s
 INFO: Computing semblance for m0 = 9200
 INFO: Total execution time for kernels is 0.00517957s
 INFO: Computing semblance for m0 = 9220
 INFO: Total execution time for kernels is 0.00528154s
 INFO: Computing semblance for m0 = 9240
 INFO: Total execution time for kernels is 0.00502523s
 INFO: Computing semblance for m0 = 9260
 INFO: Total execution time for kernels is 0.00477044s
 INFO: Computing semblance for m0 = 9280
 INFO: Total execution time for kernels is 0.00452548s
 INFO: Computing semblance for m0 = 9300
 INFO: Total execution time for kernels is 0.0045187s
 INFO: Computing semblance for m0 = 9320
 INFO: Total execution time for kernels is 0.00446469s
 INFO: Computing semblance for m0 = 9340
 INFO: Total execution time for kernels is 0.00446329s
 INFO: Computing semblance for m0 = 9360
 INFO: Total execution time for kernels is 0.00405078s
 INFO: Computing semblance for m0 = 9380
 INFO: Total execution time for kernels is 0.00398846s
 INFO: Computing semblance for m0 = 9400
 INFO: Total execution time for kernels is 0.00368747s
 INFO: Computing semblance for m0 = 9420
 INFO: Total execution time for kernels is 0.00367286s
 INFO: Computing semblance for m0 = 9440
 INFO: Total execution time for kernels is 0.00344494s
 INFO: Computing semblance for m0 = 9460
 INFO: Total execution time for kernels is 0.00344933s
 INFO: Computing semblance for m0 = 9480
 INFO: Total execution time for kernels is 0.00321935s
 INFO: Computing semblance for m0 = 9500
 INFO: Total execution time for kernels is 0.00327687s
 INFO: Computing semblance for m0 = 9520
 INFO: Total execution time for kernels is 0.00305568s
 INFO: Computing semblance for m0 = 9540
 INFO: Total execution time for kernels is 0.00302391s
 INFO: Computing semblance for m0 = 9560
 INFO: Total execution time for kernels is 0.00281778s
 INFO: Computing semblance for m0 = 9580
 INFO: Total execution time for kernels is 0.00278508s
 INFO: Computing semblance for m0 = 9600
 INFO: Total execution time for kernels is 0.00257028s
 INFO: Computing semblance for m0 = 9620
 INFO: Total execution time for kernels is 0.00252761s
 INFO: Computing semblance for m0 = 9640
 INFO: Total execution time for kernels is 0.00237265s
 INFO: Computing semblance for m0 = 9660
 INFO: Total execution time for kernels is 0.0023686s
 INFO: Computing semblance for m0 = 9680
 INFO: Total execution time for kernels is 0.0022468s
 INFO: Computing semblance for m0 = 9700
 INFO: Total execution time for kernels is 0.00226955s
 INFO: Computing semblance for m0 = 9720
 INFO: Total execution time for kernels is 0.00217215s
 INFO: Computing semblance for m0 = 9740
 INFO: Total execution time for kernels is 0.00218566s
 INFO: Computing semblance for m0 = 9760
 INFO: Total execution time for kernels is 0.00208812s
 INFO: Computing semblance for m0 = 9780
 INFO: Total execution time for kernels is 0.00212473s
 INFO: Computing semblance for m0 = 9800
 INFO: Total execution time for kernels is 0.00203868s
 INFO: Computing semblance for m0 = 9820
 INFO: Total execution time for kernels is 0.00204372s
 INFO: Computing semblance for m0 = 9840
 INFO: Total execution time for kernels is 0.00194037s
 INFO: Computing semblance for m0 = 9860
 INFO: Total execution time for kernels is 0.00195375s
 INFO: Computing semblance for m0 = 9880
 INFO: Total execution time for kernels is 0.00183091s
 INFO: Computing semblance for m0 = 9900
 INFO: Total execution time for kernels is 0.00185205s
 INFO: Computing semblance for m0 = 9920
 INFO: Total execution time for kernels is 0.00159753s
 INFO: Computing semblance for m0 = 9940
 INFO: Total execution time for kernels is 0.00161263s
 INFO: Average of efficiency is 1
 INFO: Average of interpolations_per_sec is 1.65297e+11
 INFO: Average of selected_traces is 20.6742
 INFO: Average of total_selection_kernel_exec_time is 0.000387298
 INFO: Average of total_kernel_exec_time is 0.00598765
 INFO: Results written to /home/ubuntu/nfs/out/0447d1c_g4dn.xlarge/cmp/greedy/cuda/simple-synthetic_32_2/simple-synthetic_greedy_cmp_20210102_1303/
 INFO: It took 6.99035s to compute.
