 INFO: Sorting time = 0.00155022 s
 INFO: Number of CDPs = 445
 INFO: Number of traces in the gather = 9200
 INFO: Number of samples per trace = 2502
 INFO: Computing semblance for m0 = 0
 INFO: No trace has been selected for m0 = 0. Skipping.
 INFO: Total execution time for selecting traces is 6.0656e-05s
 INFO: Total execution time for kernels is 1.1365e-05s
 INFO: Computing semblance for m0 = 1080
 INFO: Total execution time for selecting traces is 4.7166e-05s
 INFO: Total execution time for kernels is 0.00413954s
 INFO: Computing semblance for m0 = 1100
 INFO: Total execution time for selecting traces is 4.076e-05s
 INFO: Total execution time for kernels is 0.00413697s
 INFO: Computing semblance for m0 = 1120
 INFO: Total execution time for selecting traces is 4.0441e-05s
 INFO: Total execution time for kernels is 0.00537089s
 INFO: Computing semblance for m0 = 1140
 INFO: Total execution time for selecting traces is 3.8503e-05s
 INFO: Total execution time for kernels is 0.00537952s
 INFO: Computing semblance for m0 = 1160
 INFO: Total execution time for selecting traces is 3.8753e-05s
 INFO: Total execution time for kernels is 0.0066288s
 INFO: Computing semblance for m0 = 1180
 INFO: Total execution time for selecting traces is 3.9091e-05s
 INFO: Total execution time for kernels is 0.00660302s
 INFO: Computing semblance for m0 = 1200
 INFO: Total execution time for selecting traces is 3.9579e-05s
 INFO: Total execution time for kernels is 0.0078834s
 INFO: Computing semblance for m0 = 1220
 INFO: Total execution time for selecting traces is 4.0053e-05s
 INFO: Total execution time for kernels is 0.00786451s
 INFO: Computing semblance for m0 = 1240
 INFO: Total execution time for selecting traces is 3.8829e-05s
 INFO: Total execution time for kernels is 0.00912082s
 INFO: Computing semblance for m0 = 1260
 INFO: Total execution time for selecting traces is 4.0075e-05s
 INFO: Total execution time for kernels is 0.00914333s
 INFO: Computing semblance for m0 = 1280
 INFO: Total execution time for selecting traces is 3.966e-05s
 INFO: Total execution time for kernels is 0.0103263s
 INFO: Computing semblance for m0 = 1300
 INFO: Total execution time for selecting traces is 3.9374e-05s
 INFO: Total execution time for kernels is 0.010442s
 INFO: Computing semblance for m0 = 1320
 INFO: Total execution time for selecting traces is 3.935e-05s
 INFO: Total execution time for kernels is 0.0117276s
 INFO: Computing semblance for m0 = 1340
 INFO: Total execution time for selecting traces is 4.0551e-05s
 INFO: Total execution time for kernels is 0.0116942s
 INFO: Computing semblance for m0 = 1360
 INFO: Total execution time for selecting traces is 3.8971e-05s
 INFO: Total execution time for kernels is 0.0129907s
 INFO: Computing semblance for m0 = 1380
 INFO: Total execution time for selecting traces is 4.1084e-05s
 INFO: Total execution time for kernels is 0.0130091s
 INFO: Computing semblance for m0 = 1400
 INFO: Total execution time for selecting traces is 4.0525e-05s
 INFO: Total execution time for kernels is 0.0139696s
 INFO: Computing semblance for m0 = 1420
 INFO: Total execution time for selecting traces is 3.255e-05s
 INFO: Total execution time for kernels is 0.0129591s
 INFO: Computing semblance for m0 = 1440
 INFO: Total execution time for selecting traces is 3.8751e-05s
 INFO: Total execution time for kernels is 0.0140168s
 INFO: Computing semblance for m0 = 1460
 INFO: Total execution time for selecting traces is 3.7596e-05s
 INFO: Total execution time for kernels is 0.0141429s
 INFO: Computing semblance for m0 = 1480
 INFO: Total execution time for selecting traces is 3.8852e-05s
 INFO: Total execution time for kernels is 0.0152603s
 INFO: Computing semblance for m0 = 1500
 INFO: Total execution time for selecting traces is 3.7125e-05s
 INFO: Total execution time for kernels is 0.0153025s
 INFO: Computing semblance for m0 = 1520
 INFO: Total execution time for selecting traces is 3.6831e-05s
 INFO: Total execution time for kernels is 0.0165851s
 INFO: Computing semblance for m0 = 1540
 INFO: Total execution time for selecting traces is 3.7824e-05s
 INFO: Total execution time for kernels is 0.0166257s
 INFO: Computing semblance for m0 = 1560
 INFO: Total execution time for selecting traces is 3.8888e-05s
 INFO: Total execution time for kernels is 0.0177303s
 INFO: Computing semblance for m0 = 1580
 INFO: Total execution time for selecting traces is 3.9725e-05s
 INFO: Total execution time for kernels is 0.0177354s
 INFO: Computing semblance for m0 = 1600
 INFO: Total execution time for selecting traces is 3.8105e-05s
 INFO: Total execution time for kernels is 0.0187856s
 INFO: Computing semblance for m0 = 1620
 INFO: Total execution time for selecting traces is 3.8446e-05s
 INFO: Total execution time for kernels is 0.0188333s
 INFO: Computing semblance for m0 = 1640
 INFO: Total execution time for selecting traces is 2.5941e-05s
 INFO: Total execution time for kernels is 0.0200339s
 INFO: Computing semblance for m0 = 1660
 INFO: Total execution time for selecting traces is 3.8213e-05s
 INFO: Total execution time for kernels is 0.0200023s
 INFO: Computing semblance for m0 = 1680
 INFO: Total execution time for selecting traces is 3.771e-05s
 INFO: Total execution time for kernels is 0.021063s
 INFO: Computing semblance for m0 = 1700
 INFO: Total execution time for selecting traces is 3.8397e-05s
 INFO: Total execution time for kernels is 0.0212855s
 INFO: Computing semblance for m0 = 1720
 INFO: Total execution time for selecting traces is 3.9293e-05s
 INFO: Total execution time for kernels is 0.0224154s
 INFO: Computing semblance for m0 = 1740
 INFO: Total execution time for selecting traces is 3.784e-05s
 INFO: Total execution time for kernels is 0.0223691s
 INFO: Computing semblance for m0 = 1760
 INFO: Total execution time for selecting traces is 3.9651e-05s
 INFO: Total execution time for kernels is 0.0236016s
 INFO: Computing semblance for m0 = 1780
 INFO: Total execution time for selecting traces is 3.7777e-05s
 INFO: Total execution time for kernels is 0.0234763s
 INFO: Computing semblance for m0 = 1800
 INFO: Total execution time for selecting traces is 3.9416e-05s
 INFO: Total execution time for kernels is 0.0247748s
 INFO: Computing semblance for m0 = 1820
 INFO: Total execution time for selecting traces is 3.8221e-05s
 INFO: Total execution time for kernels is 0.0247403s
 INFO: Computing semblance for m0 = 1840
 INFO: Total execution time for selecting traces is 3.9851e-05s
 INFO: Total execution time for kernels is 0.0257615s
 INFO: Computing semblance for m0 = 1860
 INFO: Total execution time for selecting traces is 3.7806e-05s
 INFO: Total execution time for kernels is 0.0258664s
 INFO: Computing semblance for m0 = 1880
 INFO: Total execution time for selecting traces is 3.7426e-05s
 INFO: Total execution time for kernels is 0.0271108s
 INFO: Computing semblance for m0 = 1900
 INFO: Total execution time for selecting traces is 3.9123e-05s
 INFO: Total execution time for kernels is 0.027143s
 INFO: Computing semblance for m0 = 1920
 INFO: Total execution time for selecting traces is 2.607e-05s
 INFO: Total execution time for kernels is 0.0282851s
 INFO: Computing semblance for m0 = 1940
 INFO: Total execution time for selecting traces is 3.7139e-05s
 INFO: Total execution time for kernels is 0.0282878s
 INFO: Computing semblance for m0 = 1960
 INFO: Total execution time for selecting traces is 3.9167e-05s
 INFO: Total execution time for kernels is 0.0293716s
 INFO: Computing semblance for m0 = 1980
 INFO: Total execution time for selecting traces is 3.7325e-05s
 INFO: Total execution time for kernels is 0.0293958s
 INFO: Computing semblance for m0 = 2000
 INFO: Total execution time for selecting traces is 3.7748e-05s
 INFO: Total execution time for kernels is 0.029462s
 INFO: Computing semblance for m0 = 2020
 INFO: Total execution time for selecting traces is 3.8851e-05s
 INFO: Total execution time for kernels is 0.0295101s
 INFO: Computing semblance for m0 = 2040
 INFO: Total execution time for selecting traces is 3.7116e-05s
 INFO: Total execution time for kernels is 0.0294657s
 INFO: Computing semblance for m0 = 2060
 INFO: Total execution time for selecting traces is 4.0107e-05s
 INFO: Total execution time for kernels is 0.0294641s
 INFO: Computing semblance for m0 = 2080
 INFO: Total execution time for selecting traces is 3.8513e-05s
 INFO: Total execution time for kernels is 0.029442s
 INFO: Computing semblance for m0 = 2100
 INFO: Total execution time for selecting traces is 3.8248e-05s
 INFO: Total execution time for kernels is 0.0293347s
 INFO: Computing semblance for m0 = 2120
 INFO: Total execution time for selecting traces is 3.9217e-05s
 INFO: Total execution time for kernels is 0.0295076s
 INFO: Computing semblance for m0 = 2140
 INFO: Total execution time for selecting traces is 3.9335e-05s
 INFO: Total execution time for kernels is 0.0293369s
 INFO: Computing semblance for m0 = 2160
 INFO: Total execution time for selecting traces is 3.853e-05s
 INFO: Total execution time for kernels is 0.0296245s
 INFO: Computing semblance for m0 = 2180
 INFO: Total execution time for selecting traces is 3.886e-05s
 INFO: Total execution time for kernels is 0.0292608s
 INFO: Computing semblance for m0 = 2200
 INFO: Total execution time for selecting traces is 3.7331e-05s
 INFO: Total execution time for kernels is 0.029544s
 INFO: Computing semblance for m0 = 2220
 INFO: Total execution time for selecting traces is 3.7297e-05s
 INFO: Total execution time for kernels is 0.0295282s
 INFO: Computing semblance for m0 = 2240
 INFO: Total execution time for selecting traces is 3.9717e-05s
 INFO: Total execution time for kernels is 0.0293077s
 INFO: Computing semblance for m0 = 2260
 INFO: Total execution time for selecting traces is 3.9793e-05s
 INFO: Total execution time for kernels is 0.0294535s
 INFO: Computing semblance for m0 = 2280
 INFO: Total execution time for selecting traces is 4.0322e-05s
 INFO: Total execution time for kernels is 0.0294058s
 INFO: Computing semblance for m0 = 2300
 INFO: Total execution time for selecting traces is 3.8711e-05s
 INFO: Total execution time for kernels is 0.0293238s
 INFO: Computing semblance for m0 = 2320
 INFO: Total execution time for selecting traces is 3.7952e-05s
 INFO: Total execution time for kernels is 0.029459s
 INFO: Computing semblance for m0 = 2340
 INFO: Total execution time for selecting traces is 3.3206e-05s
 INFO: Total execution time for kernels is 0.029521s
 INFO: Computing semblance for m0 = 2360
 INFO: Total execution time for selecting traces is 2.6642e-05s
 INFO: Total execution time for kernels is 0.0294151s
 INFO: Computing semblance for m0 = 2380
 INFO: Total execution time for selecting traces is 3.8682e-05s
 INFO: Total execution time for kernels is 0.029958s
 INFO: Computing semblance for m0 = 2400
 INFO: Total execution time for selecting traces is 3.9732e-05s
 INFO: Total execution time for kernels is 0.0297111s
 INFO: Computing semblance for m0 = 2420
 INFO: Total execution time for selecting traces is 4.0066e-05s
 INFO: Total execution time for kernels is 0.0295572s
 INFO: Computing semblance for m0 = 2440
 INFO: Total execution time for selecting traces is 3.7416e-05s
 INFO: Total execution time for kernels is 0.02943s
 INFO: Computing semblance for m0 = 2460
 INFO: Total execution time for selecting traces is 3.8929e-05s
 INFO: Total execution time for kernels is 0.0293429s
 INFO: Computing semblance for m0 = 2480
 INFO: Total execution time for selecting traces is 3.8351e-05s
 INFO: Total execution time for kernels is 0.0294632s
 INFO: Computing semblance for m0 = 2500
 INFO: Total execution time for selecting traces is 3.8154e-05s
 INFO: Total execution time for kernels is 0.0294195s
 INFO: Computing semblance for m0 = 2520
 INFO: Total execution time for selecting traces is 4.0031e-05s
 INFO: Total execution time for kernels is 0.0293869s
 INFO: Computing semblance for m0 = 2540
 INFO: Total execution time for selecting traces is 3.7489e-05s
 INFO: Total execution time for kernels is 0.0294257s
 INFO: Computing semblance for m0 = 2560
 INFO: Total execution time for selecting traces is 3.9772e-05s
 INFO: Total execution time for kernels is 0.0293918s
 INFO: Computing semblance for m0 = 2580
 INFO: Total execution time for selecting traces is 3.8001e-05s
 INFO: Total execution time for kernels is 0.0294704s
 INFO: Computing semblance for m0 = 2600
 INFO: Total execution time for selecting traces is 3.8156e-05s
 INFO: Total execution time for kernels is 0.0294453s
 INFO: Computing semblance for m0 = 2620
 INFO: Total execution time for selecting traces is 4.1212e-05s
 INFO: Total execution time for kernels is 0.0295039s
 INFO: Computing semblance for m0 = 2640
 INFO: Total execution time for selecting traces is 3.8957e-05s
 INFO: Total execution time for kernels is 0.0294493s
 INFO: Computing semblance for m0 = 2660
 INFO: Total execution time for selecting traces is 2.59e-05s
 INFO: Total execution time for kernels is 0.0299076s
 INFO: Computing semblance for m0 = 2680
 INFO: Total execution time for selecting traces is 4.0133e-05s
 INFO: Total execution time for kernels is 0.0296149s
 INFO: Computing semblance for m0 = 2700
 INFO: Total execution time for selecting traces is 3.6923e-05s
 INFO: Total execution time for kernels is 0.0295123s
 INFO: Computing semblance for m0 = 2720
 INFO: Total execution time for selecting traces is 3.7653e-05s
 INFO: Total execution time for kernels is 0.0294912s
 INFO: Computing semblance for m0 = 2740
 INFO: Total execution time for selecting traces is 4.0274e-05s
 INFO: Total execution time for kernels is 0.0295566s
 INFO: Computing semblance for m0 = 2760
 INFO: Total execution time for selecting traces is 3.8094e-05s
 INFO: Total execution time for kernels is 0.0295312s
 INFO: Computing semblance for m0 = 2780
 INFO: Total execution time for selecting traces is 2.5112e-05s
 INFO: Total execution time for kernels is 0.0297802s
 INFO: Computing semblance for m0 = 2800
 INFO: Total execution time for selecting traces is 2.789e-05s
 INFO: Total execution time for kernels is 0.0296663s
 INFO: Computing semblance for m0 = 2820
 INFO: Total execution time for selecting traces is 2.5029e-05s
 INFO: Total execution time for kernels is 0.0295323s
 INFO: Computing semblance for m0 = 2840
 INFO: Total execution time for selecting traces is 2.9122e-05s
 INFO: Total execution time for kernels is 0.030035s
 INFO: Computing semblance for m0 = 2860
 INFO: Total execution time for selecting traces is 3.7968e-05s
 INFO: Total execution time for kernels is 0.0300561s
 INFO: Computing semblance for m0 = 2880
 INFO: Total execution time for selecting traces is 3.7671e-05s
 INFO: Total execution time for kernels is 0.0303134s
 INFO: Computing semblance for m0 = 2900
 INFO: Total execution time for selecting traces is 4.0961e-05s
 INFO: Total execution time for kernels is 0.0306278s
 INFO: Computing semblance for m0 = 2920
 INFO: Total execution time for selecting traces is 3.8078e-05s
 INFO: Total execution time for kernels is 0.03059s
 INFO: Computing semblance for m0 = 2940
 INFO: Total execution time for selecting traces is 2.6549e-05s
 INFO: Total execution time for kernels is 0.0306097s
 INFO: Computing semblance for m0 = 2960
 INFO: Total execution time for selecting traces is 4.6759e-05s
 INFO: Total execution time for kernels is 0.0304393s
 INFO: Computing semblance for m0 = 2980
 INFO: Total execution time for selecting traces is 2.9041e-05s
 INFO: Total execution time for kernels is 0.0306998s
 INFO: Computing semblance for m0 = 3000
 INFO: Total execution time for selecting traces is 3.9841e-05s
 INFO: Total execution time for kernels is 0.0310326s
 INFO: Computing semblance for m0 = 3020
 INFO: Total execution time for selecting traces is 3.7553e-05s
 INFO: Total execution time for kernels is 0.0310031s
 INFO: Computing semblance for m0 = 3040
 INFO: Total execution time for selecting traces is 3.7822e-05s
 INFO: Total execution time for kernels is 0.0309618s
 INFO: Computing semblance for m0 = 3060
 INFO: Total execution time for selecting traces is 3.8674e-05s
 INFO: Total execution time for kernels is 0.0311633s
 INFO: Computing semblance for m0 = 3080
 INFO: Total execution time for selecting traces is 3.9441e-05s
 INFO: Total execution time for kernels is 0.0310201s
 INFO: Computing semblance for m0 = 3100
 INFO: Total execution time for selecting traces is 2.6284e-05s
 INFO: Total execution time for kernels is 0.0311192s
 INFO: Computing semblance for m0 = 3120
 INFO: Total execution time for selecting traces is 3.8258e-05s
 INFO: Total execution time for kernels is 0.031133s
 INFO: Computing semblance for m0 = 3140
 INFO: Total execution time for selecting traces is 3.8324e-05s
 INFO: Total execution time for kernels is 0.0309378s
 INFO: Computing semblance for m0 = 3160
 INFO: Total execution time for selecting traces is 2.9811e-05s
 INFO: Total execution time for kernels is 0.0316809s
 INFO: Computing semblance for m0 = 3180
 INFO: Total execution time for selecting traces is 3.7396e-05s
 INFO: Total execution time for kernels is 0.0314443s
 INFO: Computing semblance for m0 = 3200
 INFO: Total execution time for selecting traces is 3.9728e-05s
 INFO: Total execution time for kernels is 0.0315993s
 INFO: Computing semblance for m0 = 3220
 INFO: Total execution time for selecting traces is 3.8504e-05s
 INFO: Total execution time for kernels is 0.0317493s
 INFO: Computing semblance for m0 = 3240
 INFO: Total execution time for selecting traces is 3.7468e-05s
 INFO: Total execution time for kernels is 0.0315296s
 INFO: Computing semblance for m0 = 3260
 INFO: Total execution time for selecting traces is 3.9009e-05s
 INFO: Total execution time for kernels is 0.0314797s
 INFO: Computing semblance for m0 = 3280
 INFO: Total execution time for selecting traces is 3.8271e-05s
 INFO: Total execution time for kernels is 0.0315219s
 INFO: Computing semblance for m0 = 3300
 INFO: Total execution time for selecting traces is 3.6885e-05s
 INFO: Total execution time for kernels is 0.0314013s
 INFO: Computing semblance for m0 = 3320
 INFO: Total execution time for selecting traces is 3.7696e-05s
 INFO: Total execution time for kernels is 0.031467s
 INFO: Computing semblance for m0 = 3340
 INFO: Total execution time for selecting traces is 3.6479e-05s
 INFO: Total execution time for kernels is 0.0316099s
 INFO: Computing semblance for m0 = 3360
 INFO: Total execution time for selecting traces is 3.8381e-05s
 INFO: Total execution time for kernels is 0.0315646s
 INFO: Computing semblance for m0 = 3380
 INFO: Total execution time for selecting traces is 3.9005e-05s
 INFO: Total execution time for kernels is 0.0315959s
 INFO: Computing semblance for m0 = 3400
 INFO: Total execution time for selecting traces is 3.8986e-05s
 INFO: Total execution time for kernels is 0.0314265s
 INFO: Computing semblance for m0 = 3420
 INFO: Total execution time for selecting traces is 3.8129e-05s
 INFO: Total execution time for kernels is 0.0314206s
 INFO: Computing semblance for m0 = 3440
 INFO: Total execution time for selecting traces is 3.886e-05s
 INFO: Total execution time for kernels is 0.0315671s
 INFO: Computing semblance for m0 = 3460
 INFO: Total execution time for selecting traces is 3.7268e-05s
 INFO: Total execution time for kernels is 0.0315887s
 INFO: Computing semblance for m0 = 3480
 INFO: Total execution time for selecting traces is 3.9317e-05s
 INFO: Total execution time for kernels is 0.0316771s
 INFO: Computing semblance for m0 = 3500
 INFO: Total execution time for selecting traces is 3.7679e-05s
 INFO: Total execution time for kernels is 0.0314532s
 INFO: Computing semblance for m0 = 3520
 INFO: Total execution time for selecting traces is 3.8485e-05s
 INFO: Total execution time for kernels is 0.0315233s
 INFO: Computing semblance for m0 = 3540
 INFO: Total execution time for selecting traces is 3.8373e-05s
 INFO: Total execution time for kernels is 0.0314818s
 INFO: Computing semblance for m0 = 3560
 INFO: Total execution time for selecting traces is 3.8022e-05s
 INFO: Total execution time for kernels is 0.0313653s
 INFO: Computing semblance for m0 = 3580
 INFO: Total execution time for selecting traces is 3.855e-05s
 INFO: Total execution time for kernels is 0.0315752s
 INFO: Computing semblance for m0 = 3600
 INFO: Total execution time for selecting traces is 2.7442e-05s
 INFO: Total execution time for kernels is 0.0316394s
 INFO: Computing semblance for m0 = 3620
 INFO: Total execution time for selecting traces is 3.6894e-05s
 INFO: Total execution time for kernels is 0.0316315s
 INFO: Computing semblance for m0 = 3640
 INFO: Total execution time for selecting traces is 3.8932e-05s
 INFO: Total execution time for kernels is 0.0315565s
 INFO: Computing semblance for m0 = 3660
 INFO: Total execution time for selecting traces is 3.7189e-05s
 INFO: Total execution time for kernels is 0.0314638s
 INFO: Computing semblance for m0 = 3680
 INFO: Total execution time for selecting traces is 3.8102e-05s
 INFO: Total execution time for kernels is 0.0314753s
 INFO: Computing semblance for m0 = 3700
 INFO: Total execution time for selecting traces is 3.8552e-05s
 INFO: Total execution time for kernels is 0.0317785s
 INFO: Computing semblance for m0 = 3720
 INFO: Total execution time for selecting traces is 3.8027e-05s
 INFO: Total execution time for kernels is 0.0314311s
 INFO: Computing semblance for m0 = 3740
 INFO: Total execution time for selecting traces is 3.9237e-05s
 INFO: Total execution time for kernels is 0.0314682s
 INFO: Computing semblance for m0 = 3760
 INFO: Total execution time for selecting traces is 3.7507e-05s
 INFO: Total execution time for kernels is 0.0315097s
 INFO: Computing semblance for m0 = 3780
 INFO: Total execution time for selecting traces is 4.2455e-05s
 INFO: Total execution time for kernels is 0.0313748s
 INFO: Computing semblance for m0 = 3800
 INFO: Total execution time for selecting traces is 3.8984e-05s
 INFO: Total execution time for kernels is 0.0315917s
 INFO: Computing semblance for m0 = 3820
 INFO: Total execution time for selecting traces is 3.7076e-05s
 INFO: Total execution time for kernels is 0.0315047s
 INFO: Computing semblance for m0 = 3840
 INFO: Total execution time for selecting traces is 3.8312e-05s
 INFO: Total execution time for kernels is 0.031616s
 INFO: Computing semblance for m0 = 3860
 INFO: Total execution time for selecting traces is 3.7687e-05s
 INFO: Total execution time for kernels is 0.0314763s
 INFO: Computing semblance for m0 = 3880
 INFO: Total execution time for selecting traces is 3.7642e-05s
 INFO: Total execution time for kernels is 0.0316029s
 INFO: Computing semblance for m0 = 3900
 INFO: Total execution time for selecting traces is 2.8573e-05s
 INFO: Total execution time for kernels is 0.031485s
 INFO: Computing semblance for m0 = 3920
 INFO: Total execution time for selecting traces is 3.84e-05s
 INFO: Total execution time for kernels is 0.0314359s
 INFO: Computing semblance for m0 = 3940
 INFO: Total execution time for selecting traces is 3.7823e-05s
 INFO: Total execution time for kernels is 0.0314431s
 INFO: Computing semblance for m0 = 3960
 INFO: Total execution time for selecting traces is 3.85e-05s
 INFO: Total execution time for kernels is 0.0315202s
 INFO: Computing semblance for m0 = 3980
 INFO: Total execution time for selecting traces is 2.556e-05s
 INFO: Total execution time for kernels is 0.0315796s
 INFO: Computing semblance for m0 = 4000
 INFO: Total execution time for selecting traces is 3.8044e-05s
 INFO: Total execution time for kernels is 0.0315034s
 INFO: Computing semblance for m0 = 4020
 INFO: Total execution time for selecting traces is 3.824e-05s
 INFO: Total execution time for kernels is 0.0316871s
 INFO: Computing semblance for m0 = 4040
 INFO: Total execution time for selecting traces is 3.7976e-05s
 INFO: Total execution time for kernels is 0.031474s
 INFO: Computing semblance for m0 = 4060
 INFO: Total execution time for selecting traces is 3.8573e-05s
 INFO: Total execution time for kernels is 0.0315055s
 INFO: Computing semblance for m0 = 4080
 INFO: Total execution time for selecting traces is 3.7026e-05s
 INFO: Total execution time for kernels is 0.0314084s
 INFO: Computing semblance for m0 = 4100
 INFO: Total execution time for selecting traces is 3.7226e-05s
 INFO: Total execution time for kernels is 0.0315505s
 INFO: Computing semblance for m0 = 4120
 INFO: Total execution time for selecting traces is 3.7948e-05s
 INFO: Total execution time for kernels is 0.0314541s
 INFO: Computing semblance for m0 = 4140
 INFO: Total execution time for selecting traces is 3.6763e-05s
 INFO: Total execution time for kernels is 0.0316276s
 INFO: Computing semblance for m0 = 4160
 INFO: Total execution time for selecting traces is 2.6095e-05s
 INFO: Total execution time for kernels is 0.0314684s
 INFO: Computing semblance for m0 = 4180
 INFO: Total execution time for selecting traces is 3.7399e-05s
 INFO: Total execution time for kernels is 0.0316453s
 INFO: Computing semblance for m0 = 4200
 INFO: Total execution time for selecting traces is 3.7628e-05s
 INFO: Total execution time for kernels is 0.0319807s
 INFO: Computing semblance for m0 = 4220
 INFO: Total execution time for selecting traces is 3.9033e-05s
 INFO: Total execution time for kernels is 0.0315007s
 INFO: Computing semblance for m0 = 4240
 INFO: Total execution time for selecting traces is 3.6989e-05s
 INFO: Total execution time for kernels is 0.031469s
 INFO: Computing semblance for m0 = 4260
 INFO: Total execution time for selecting traces is 3.7399e-05s
 INFO: Total execution time for kernels is 0.031527s
 INFO: Computing semblance for m0 = 4280
 INFO: Total execution time for selecting traces is 3.8591e-05s
 INFO: Total execution time for kernels is 0.0315828s
 INFO: Computing semblance for m0 = 4300
 INFO: Total execution time for selecting traces is 3.7144e-05s
 INFO: Total execution time for kernels is 0.0315236s
 INFO: Computing semblance for m0 = 4320
 INFO: Total execution time for selecting traces is 3.8353e-05s
 INFO: Total execution time for kernels is 0.0315076s
 INFO: Computing semblance for m0 = 4340
 INFO: Total execution time for selecting traces is 3.7361e-05s
 INFO: Total execution time for kernels is 0.031652s
 INFO: Computing semblance for m0 = 4360
 INFO: Total execution time for selecting traces is 3.8897e-05s
 INFO: Total execution time for kernels is 0.0314202s
 INFO: Computing semblance for m0 = 4380
 INFO: Total execution time for selecting traces is 3.7943e-05s
 INFO: Total execution time for kernels is 0.0317413s
 INFO: Computing semblance for m0 = 4400
 INFO: Total execution time for selecting traces is 3.7353e-05s
 INFO: Total execution time for kernels is 0.0315138s
 INFO: Computing semblance for m0 = 4420
 INFO: Total execution time for selecting traces is 3.8244e-05s
 INFO: Total execution time for kernels is 0.031521s
 INFO: Computing semblance for m0 = 4440
 INFO: Total execution time for selecting traces is 3.8843e-05s
 INFO: Total execution time for kernels is 0.0316017s
 INFO: Computing semblance for m0 = 4460
 INFO: Total execution time for selecting traces is 2.5802e-05s
 INFO: Total execution time for kernels is 0.0313452s
 INFO: Computing semblance for m0 = 4480
 INFO: Total execution time for selecting traces is 3.8996e-05s
 INFO: Total execution time for kernels is 0.0314468s
 INFO: Computing semblance for m0 = 4500
 INFO: Total execution time for selecting traces is 3.7229e-05s
 INFO: Total execution time for kernels is 0.0314547s
 INFO: Computing semblance for m0 = 4520
 INFO: Total execution time for selecting traces is 2.5475e-05s
 INFO: Total execution time for kernels is 0.0315247s
 INFO: Computing semblance for m0 = 4540
 INFO: Total execution time for selecting traces is 3.8344e-05s
 INFO: Total execution time for kernels is 0.0315928s
 INFO: Computing semblance for m0 = 4560
 INFO: Total execution time for selecting traces is 2.572e-05s
 INFO: Total execution time for kernels is 0.0316237s
 INFO: Computing semblance for m0 = 4580
 INFO: Total execution time for selecting traces is 2.5922e-05s
 INFO: Total execution time for kernels is 0.0314215s
 INFO: Computing semblance for m0 = 4600
 INFO: Total execution time for selecting traces is 3.8625e-05s
 INFO: Total execution time for kernels is 0.0314304s
 INFO: Computing semblance for m0 = 4620
 INFO: Total execution time for selecting traces is 3.6711e-05s
 INFO: Total execution time for kernels is 0.0315483s
 INFO: Computing semblance for m0 = 4640
 INFO: Total execution time for selecting traces is 3.878e-05s
 INFO: Total execution time for kernels is 0.0316341s
 INFO: Computing semblance for m0 = 4660
 INFO: Total execution time for selecting traces is 3.752e-05s
 INFO: Total execution time for kernels is 0.0315035s
 INFO: Computing semblance for m0 = 4680
 INFO: Total execution time for selecting traces is 3.7255e-05s
 INFO: Total execution time for kernels is 0.0312586s
 INFO: Computing semblance for m0 = 4700
 INFO: Total execution time for selecting traces is 3.7927e-05s
 INFO: Total execution time for kernels is 0.0316394s
 INFO: Computing semblance for m0 = 4720
 INFO: Total execution time for selecting traces is 3.6793e-05s
 INFO: Total execution time for kernels is 0.0313902s
 INFO: Computing semblance for m0 = 4740
 INFO: Total execution time for selecting traces is 3.8538e-05s
 INFO: Total execution time for kernels is 0.0315169s
 INFO: Computing semblance for m0 = 4760
 INFO: Total execution time for selecting traces is 3.7987e-05s
 INFO: Total execution time for kernels is 0.0313948s
 INFO: Computing semblance for m0 = 4780
 INFO: Total execution time for selecting traces is 3.8164e-05s
 INFO: Total execution time for kernels is 0.0313825s
 INFO: Computing semblance for m0 = 4800
 INFO: Total execution time for selecting traces is 3.9288e-05s
 INFO: Total execution time for kernels is 0.0315704s
 INFO: Computing semblance for m0 = 4820
 INFO: Total execution time for selecting traces is 3.6965e-05s
 INFO: Total execution time for kernels is 0.0316189s
 INFO: Computing semblance for m0 = 4840
 INFO: Total execution time for selecting traces is 3.8633e-05s
 INFO: Total execution time for kernels is 0.0315267s
 INFO: Computing semblance for m0 = 4860
 INFO: Total execution time for selecting traces is 3.7972e-05s
 INFO: Total execution time for kernels is 0.0313613s
 INFO: Computing semblance for m0 = 4880
 INFO: Total execution time for selecting traces is 3.7415e-05s
 INFO: Total execution time for kernels is 0.0314373s
 INFO: Computing semblance for m0 = 4900
 INFO: Total execution time for selecting traces is 3.7844e-05s
 INFO: Total execution time for kernels is 0.0312945s
 INFO: Computing semblance for m0 = 4920
 INFO: Total execution time for selecting traces is 3.7307e-05s
 INFO: Total execution time for kernels is 0.0315498s
 INFO: Computing semblance for m0 = 4940
 INFO: Total execution time for selecting traces is 3.6912e-05s
 INFO: Total execution time for kernels is 0.0314986s
 INFO: Computing semblance for m0 = 4960
 INFO: Total execution time for selecting traces is 3.9986e-05s
 INFO: Total execution time for kernels is 0.0315173s
 INFO: Computing semblance for m0 = 4980
 INFO: Total execution time for selecting traces is 3.7317e-05s
 INFO: Total execution time for kernels is 0.0315473s
 INFO: Computing semblance for m0 = 5000
 INFO: Total execution time for selecting traces is 3.7374e-05s
 INFO: Total execution time for kernels is 0.0316121s
 INFO: Computing semblance for m0 = 5020
 INFO: Total execution time for selecting traces is 3.8389e-05s
 INFO: Total execution time for kernels is 0.0316431s
 INFO: Computing semblance for m0 = 5040
 INFO: Total execution time for selecting traces is 3.703e-05s
 INFO: Total execution time for kernels is 0.0314622s
 INFO: Computing semblance for m0 = 5060
 INFO: Total execution time for selecting traces is 3.9026e-05s
 INFO: Total execution time for kernels is 0.0315518s
 INFO: Computing semblance for m0 = 5080
 INFO: Total execution time for selecting traces is 3.7205e-05s
 INFO: Total execution time for kernels is 0.0314265s
 INFO: Computing semblance for m0 = 5100
 INFO: Total execution time for selecting traces is 3.7819e-05s
 INFO: Total execution time for kernels is 0.0313723s
 INFO: Computing semblance for m0 = 5120
 INFO: Total execution time for selecting traces is 3.8823e-05s
 INFO: Total execution time for kernels is 0.03163s
 INFO: Computing semblance for m0 = 5140
 INFO: Total execution time for selecting traces is 3.7517e-05s
 INFO: Total execution time for kernels is 0.0315017s
 INFO: Computing semblance for m0 = 5160
 INFO: Total execution time for selecting traces is 3.9025e-05s
 INFO: Total execution time for kernels is 0.0315855s
 INFO: Computing semblance for m0 = 5180
 INFO: Total execution time for selecting traces is 3.758e-05s
 INFO: Total execution time for kernels is 0.0314749s
 INFO: Computing semblance for m0 = 5200
 INFO: Total execution time for selecting traces is 3.743e-05s
 INFO: Total execution time for kernels is 0.0316297s
 INFO: Computing semblance for m0 = 5220
 INFO: Total execution time for selecting traces is 3.8493e-05s
 INFO: Total execution time for kernels is 0.0319468s
 INFO: Computing semblance for m0 = 5240
 INFO: Total execution time for selecting traces is 3.7416e-05s
 INFO: Total execution time for kernels is 0.0315452s
 INFO: Computing semblance for m0 = 5260
 INFO: Total execution time for selecting traces is 3.7861e-05s
 INFO: Total execution time for kernels is 0.0314956s
 INFO: Computing semblance for m0 = 5280
 INFO: Total execution time for selecting traces is 3.8161e-05s
 INFO: Total execution time for kernels is 0.0316844s
 INFO: Computing semblance for m0 = 5300
 INFO: Total execution time for selecting traces is 3.6716e-05s
 INFO: Total execution time for kernels is 0.0315427s
 INFO: Computing semblance for m0 = 5320
 INFO: Total execution time for selecting traces is 3.8753e-05s
 INFO: Total execution time for kernels is 0.0314502s
 INFO: Computing semblance for m0 = 5340
 INFO: Total execution time for selecting traces is 3.7531e-05s
 INFO: Total execution time for kernels is 0.0315835s
 INFO: Computing semblance for m0 = 5360
 INFO: Total execution time for selecting traces is 3.6869e-05s
 INFO: Total execution time for kernels is 0.0314911s
 INFO: Computing semblance for m0 = 5380
 INFO: Total execution time for selecting traces is 3.8103e-05s
 INFO: Total execution time for kernels is 0.0314388s
 INFO: Computing semblance for m0 = 5400
 INFO: Total execution time for selecting traces is 3.776e-05s
 INFO: Total execution time for kernels is 0.0313861s
 INFO: Computing semblance for m0 = 5420
 INFO: Total execution time for selecting traces is 3.6639e-05s
 INFO: Total execution time for kernels is 0.0314764s
 INFO: Computing semblance for m0 = 5440
 INFO: Total execution time for selecting traces is 3.7928e-05s
 INFO: Total execution time for kernels is 0.0317497s
 INFO: Computing semblance for m0 = 5460
 INFO: Total execution time for selecting traces is 3.7098e-05s
 INFO: Total execution time for kernels is 0.0314419s
 INFO: Computing semblance for m0 = 5480
 INFO: Total execution time for selecting traces is 3.9174e-05s
 INFO: Total execution time for kernels is 0.0313725s
 INFO: Computing semblance for m0 = 5500
 INFO: Total execution time for selecting traces is 2.5792e-05s
 INFO: Total execution time for kernels is 0.0313935s
 INFO: Computing semblance for m0 = 5520
 INFO: Total execution time for selecting traces is 3.8551e-05s
 INFO: Total execution time for kernels is 0.0316962s
 INFO: Computing semblance for m0 = 5540
 INFO: Total execution time for selecting traces is 3.9669e-05s
 INFO: Total execution time for kernels is 0.0314812s
 INFO: Computing semblance for m0 = 5560
 INFO: Total execution time for selecting traces is 3.6963e-05s
 INFO: Total execution time for kernels is 0.0317258s
 INFO: Computing semblance for m0 = 5580
 INFO: Total execution time for selecting traces is 3.7349e-05s
 INFO: Total execution time for kernels is 0.0314874s
 INFO: Computing semblance for m0 = 5600
 INFO: Total execution time for selecting traces is 3.8404e-05s
 INFO: Total execution time for kernels is 0.0316195s
 INFO: Computing semblance for m0 = 5620
 INFO: Total execution time for selecting traces is 3.8178e-05s
 INFO: Total execution time for kernels is 0.0315845s
 INFO: Computing semblance for m0 = 5640
 INFO: Total execution time for selecting traces is 3.8193e-05s
 INFO: Total execution time for kernels is 0.0316457s
 INFO: Computing semblance for m0 = 5660
 INFO: Total execution time for selecting traces is 3.7232e-05s
 INFO: Total execution time for kernels is 0.0316018s
 INFO: Computing semblance for m0 = 5680
 INFO: Total execution time for selecting traces is 3.8639e-05s
 INFO: Total execution time for kernels is 0.0314122s
 INFO: Computing semblance for m0 = 5700
 INFO: Total execution time for selecting traces is 3.9863e-05s
 INFO: Total execution time for kernels is 0.0316354s
 INFO: Computing semblance for m0 = 5720
 INFO: Total execution time for selecting traces is 3.7045e-05s
 INFO: Total execution time for kernels is 0.0313987s
 INFO: Computing semblance for m0 = 5740
 INFO: Total execution time for selecting traces is 3.7446e-05s
 INFO: Total execution time for kernels is 0.0314592s
 INFO: Computing semblance for m0 = 5760
 INFO: Total execution time for selecting traces is 3.7651e-05s
 INFO: Total execution time for kernels is 0.0316231s
 INFO: Computing semblance for m0 = 5780
 INFO: Total execution time for selecting traces is 3.6781e-05s
 INFO: Total execution time for kernels is 0.0315132s
 INFO: Computing semblance for m0 = 5800
 INFO: Total execution time for selecting traces is 2.7245e-05s
 INFO: Total execution time for kernels is 0.0316731s
 INFO: Computing semblance for m0 = 5820
 INFO: Total execution time for selecting traces is 3.8428e-05s
 INFO: Total execution time for kernels is 0.0316495s
 INFO: Computing semblance for m0 = 5840
 INFO: Total execution time for selecting traces is 3.7738e-05s
 INFO: Total execution time for kernels is 0.0314778s
 INFO: Computing semblance for m0 = 5860
 INFO: Total execution time for selecting traces is 3.8796e-05s
 INFO: Total execution time for kernels is 0.0316288s
 INFO: Computing semblance for m0 = 5880
 INFO: Total execution time for selecting traces is 3.7668e-05s
 INFO: Total execution time for kernels is 0.031528s
 INFO: Computing semblance for m0 = 5900
 INFO: Total execution time for selecting traces is 3.7506e-05s
 INFO: Total execution time for kernels is 0.0314006s
 INFO: Computing semblance for m0 = 5920
 INFO: Total execution time for selecting traces is 4.3311e-05s
 INFO: Total execution time for kernels is 0.0318344s
 INFO: Computing semblance for m0 = 5940
 INFO: Total execution time for selecting traces is 3.7484e-05s
 INFO: Total execution time for kernels is 0.0315698s
 INFO: Computing semblance for m0 = 5960
 INFO: Total execution time for selecting traces is 3.8767e-05s
 INFO: Total execution time for kernels is 0.03147s
 INFO: Computing semblance for m0 = 5980
 INFO: Total execution time for selecting traces is 3.7268e-05s
 INFO: Total execution time for kernels is 0.0315956s
 INFO: Computing semblance for m0 = 6000
 INFO: Total execution time for selecting traces is 3.8132e-05s
 INFO: Total execution time for kernels is 0.0314488s
 INFO: Computing semblance for m0 = 6020
 INFO: Total execution time for selecting traces is 3.7613e-05s
 INFO: Total execution time for kernels is 0.0314723s
 INFO: Computing semblance for m0 = 6040
 INFO: Total execution time for selecting traces is 3.6881e-05s
 INFO: Total execution time for kernels is 0.0314422s
 INFO: Computing semblance for m0 = 6060
 INFO: Total execution time for selecting traces is 2.6079e-05s
 INFO: Total execution time for kernels is 0.0316227s
 INFO: Computing semblance for m0 = 6080
 INFO: Total execution time for selecting traces is 3.723e-05s
 INFO: Total execution time for kernels is 0.0314107s
 INFO: Computing semblance for m0 = 6100
 INFO: Total execution time for selecting traces is 3.7311e-05s
 INFO: Total execution time for kernels is 0.0316804s
 INFO: Computing semblance for m0 = 6120
 INFO: Total execution time for selecting traces is 3.8907e-05s
 INFO: Total execution time for kernels is 0.0314966s
 INFO: Computing semblance for m0 = 6140
 INFO: Total execution time for selecting traces is 3.9164e-05s
 INFO: Total execution time for kernels is 0.031517s
 INFO: Computing semblance for m0 = 6160
 INFO: Total execution time for selecting traces is 3.7944e-05s
 INFO: Total execution time for kernels is 0.0314764s
 INFO: Computing semblance for m0 = 6180
 INFO: Total execution time for selecting traces is 3.777e-05s
 INFO: Total execution time for kernels is 0.031682s
 INFO: Computing semblance for m0 = 6200
 INFO: Total execution time for selecting traces is 3.8465e-05s
 INFO: Total execution time for kernels is 0.0318265s
 INFO: Computing semblance for m0 = 6220
 INFO: Total execution time for selecting traces is 3.8281e-05s
 INFO: Total execution time for kernels is 0.0314922s
 INFO: Computing semblance for m0 = 6240
 INFO: Total execution time for selecting traces is 2.6008e-05s
 INFO: Total execution time for kernels is 0.0315365s
 INFO: Computing semblance for m0 = 6260
 INFO: Total execution time for selecting traces is 3.709e-05s
 INFO: Total execution time for kernels is 0.0315292s
 INFO: Computing semblance for m0 = 6280
 INFO: Total execution time for selecting traces is 3.961e-05s
 INFO: Total execution time for kernels is 0.0314207s
 INFO: Computing semblance for m0 = 6300
 INFO: Total execution time for selecting traces is 3.6713e-05s
 INFO: Total execution time for kernels is 0.0314366s
 INFO: Computing semblance for m0 = 6320
 INFO: Total execution time for selecting traces is 3.8709e-05s
 INFO: Total execution time for kernels is 0.0314916s
 INFO: Computing semblance for m0 = 6340
 INFO: Total execution time for selecting traces is 3.9321e-05s
 INFO: Total execution time for kernels is 0.0314234s
 INFO: Computing semblance for m0 = 6360
 INFO: Total execution time for selecting traces is 3.669e-05s
 INFO: Total execution time for kernels is 0.0314371s
 INFO: Computing semblance for m0 = 6380
 INFO: Total execution time for selecting traces is 3.8e-05s
 INFO: Total execution time for kernels is 0.0314781s
 INFO: Computing semblance for m0 = 6400
 INFO: Total execution time for selecting traces is 3.7276e-05s
 INFO: Total execution time for kernels is 0.0314385s
 INFO: Computing semblance for m0 = 6420
 INFO: Total execution time for selecting traces is 3.9569e-05s
 INFO: Total execution time for kernels is 0.0315083s
 INFO: Computing semblance for m0 = 6440
 INFO: Total execution time for selecting traces is 3.8764e-05s
 INFO: Total execution time for kernels is 0.0315966s
 INFO: Computing semblance for m0 = 6460
 INFO: Total execution time for selecting traces is 3.6826e-05s
 INFO: Total execution time for kernels is 0.0315194s
 INFO: Computing semblance for m0 = 6480
 INFO: Total execution time for selecting traces is 3.814e-05s
 INFO: Total execution time for kernels is 0.0315142s
 INFO: Computing semblance for m0 = 6500
 INFO: Total execution time for selecting traces is 3.7965e-05s
 INFO: Total execution time for kernels is 0.031469s
 INFO: Computing semblance for m0 = 6520
 INFO: Total execution time for selecting traces is 3.8582e-05s
 INFO: Total execution time for kernels is 0.0315541s
 INFO: Computing semblance for m0 = 6540
 INFO: Total execution time for selecting traces is 2.8389e-05s
 INFO: Total execution time for kernels is 0.0314684s
 INFO: Computing semblance for m0 = 6560
 INFO: Total execution time for selecting traces is 3.905e-05s
 INFO: Total execution time for kernels is 0.0315525s
 INFO: Computing semblance for m0 = 6580
 INFO: Total execution time for selecting traces is 3.7962e-05s
 INFO: Total execution time for kernels is 0.0315116s
 INFO: Computing semblance for m0 = 6600
 INFO: Total execution time for selecting traces is 3.7944e-05s
 INFO: Total execution time for kernels is 0.0313545s
 INFO: Computing semblance for m0 = 6620
 INFO: Total execution time for selecting traces is 4.1793e-05s
 INFO: Total execution time for kernels is 0.0315782s
 INFO: Computing semblance for m0 = 6640
 INFO: Total execution time for selecting traces is 3.7714e-05s
 INFO: Total execution time for kernels is 0.0315112s
 INFO: Computing semblance for m0 = 6660
 INFO: Total execution time for selecting traces is 3.6842e-05s
 INFO: Total execution time for kernels is 0.0315142s
 INFO: Computing semblance for m0 = 6680
 INFO: Total execution time for selecting traces is 3.8148e-05s
 INFO: Total execution time for kernels is 0.0314514s
 INFO: Computing semblance for m0 = 6700
 INFO: Total execution time for selecting traces is 3.8239e-05s
 INFO: Total execution time for kernels is 0.0315079s
 INFO: Computing semblance for m0 = 6720
 INFO: Total execution time for selecting traces is 3.809e-05s
 INFO: Total execution time for kernels is 0.0315185s
 INFO: Computing semblance for m0 = 6740
 INFO: Total execution time for selecting traces is 2.6619e-05s
 INFO: Total execution time for kernels is 0.0316411s
 INFO: Computing semblance for m0 = 6760
 INFO: Total execution time for selecting traces is 3.8448e-05s
 INFO: Total execution time for kernels is 0.0315031s
 INFO: Computing semblance for m0 = 6780
 INFO: Total execution time for selecting traces is 3.7128e-05s
 INFO: Total execution time for kernels is 0.0314907s
 INFO: Computing semblance for m0 = 6800
 INFO: Total execution time for selecting traces is 3.8272e-05s
 INFO: Total execution time for kernels is 0.0315199s
 INFO: Computing semblance for m0 = 6820
 INFO: Total execution time for selecting traces is 3.7143e-05s
 INFO: Total execution time for kernels is 0.0315874s
 INFO: Computing semblance for m0 = 6840
 INFO: Total execution time for selecting traces is 3.6935e-05s
 INFO: Total execution time for kernels is 0.0314725s
 INFO: Computing semblance for m0 = 6860
 INFO: Total execution time for selecting traces is 3.847e-05s
 INFO: Total execution time for kernels is 0.0314061s
 INFO: Computing semblance for m0 = 6880
 INFO: Total execution time for selecting traces is 3.7762e-05s
 INFO: Total execution time for kernels is 0.0318737s
 INFO: Computing semblance for m0 = 6900
 INFO: Total execution time for selecting traces is 3.7912e-05s
 INFO: Total execution time for kernels is 0.0318847s
 INFO: Computing semblance for m0 = 6920
 INFO: Total execution time for selecting traces is 3.8837e-05s
 INFO: Total execution time for kernels is 0.0313511s
 INFO: Computing semblance for m0 = 6940
 INFO: Total execution time for selecting traces is 3.6898e-05s
 INFO: Total execution time for kernels is 0.0314868s
 INFO: Computing semblance for m0 = 6960
 INFO: Total execution time for selecting traces is 3.7668e-05s
 INFO: Total execution time for kernels is 0.0316001s
 INFO: Computing semblance for m0 = 6980
 INFO: Total execution time for selecting traces is 3.7021e-05s
 INFO: Total execution time for kernels is 0.031612s
 INFO: Computing semblance for m0 = 7000
 INFO: Total execution time for selecting traces is 3.7131e-05s
 INFO: Total execution time for kernels is 0.0315215s
 INFO: Computing semblance for m0 = 7020
 INFO: Total execution time for selecting traces is 3.7387e-05s
 INFO: Total execution time for kernels is 0.031669s
 INFO: Computing semblance for m0 = 7040
 INFO: Total execution time for selecting traces is 3.6724e-05s
 INFO: Total execution time for kernels is 0.031295s
 INFO: Computing semblance for m0 = 7060
 INFO: Total execution time for selecting traces is 2.6494e-05s
 INFO: Total execution time for kernels is 0.0316163s
 INFO: Computing semblance for m0 = 7080
 INFO: Total execution time for selecting traces is 3.856e-05s
 INFO: Total execution time for kernels is 0.0314089s
 INFO: Computing semblance for m0 = 7100
 INFO: Total execution time for selecting traces is 3.6695e-05s
 INFO: Total execution time for kernels is 0.0317386s
 INFO: Computing semblance for m0 = 7120
 INFO: Total execution time for selecting traces is 3.895e-05s
 INFO: Total execution time for kernels is 0.031519s
 INFO: Computing semblance for m0 = 7140
 INFO: Total execution time for selecting traces is 3.7855e-05s
 INFO: Total execution time for kernels is 0.0314061s
 INFO: Computing semblance for m0 = 7160
 INFO: Total execution time for selecting traces is 2.5504e-05s
 INFO: Total execution time for kernels is 0.0315435s
 INFO: Computing semblance for m0 = 7180
 INFO: Total execution time for selecting traces is 4.108e-05s
 INFO: Total execution time for kernels is 0.031555s
 INFO: Computing semblance for m0 = 7200
 INFO: Total execution time for selecting traces is 3.8437e-05s
 INFO: Total execution time for kernels is 0.0315245s
 INFO: Computing semblance for m0 = 7220
 INFO: Total execution time for selecting traces is 3.7713e-05s
 INFO: Total execution time for kernels is 0.0314377s
 INFO: Computing semblance for m0 = 7240
 INFO: Total execution time for selecting traces is 3.7789e-05s
 INFO: Total execution time for kernels is 0.0315139s
 INFO: Computing semblance for m0 = 7260
 INFO: Total execution time for selecting traces is 3.7378e-05s
 INFO: Total execution time for kernels is 0.0315863s
 INFO: Computing semblance for m0 = 7280
 INFO: Total execution time for selecting traces is 3.8058e-05s
 INFO: Total execution time for kernels is 0.0314163s
 INFO: Computing semblance for m0 = 7300
 INFO: Total execution time for selecting traces is 3.7814e-05s
 INFO: Total execution time for kernels is 0.0315568s
 INFO: Computing semblance for m0 = 7320
 INFO: Total execution time for selecting traces is 3.7567e-05s
 INFO: Total execution time for kernels is 0.0314932s
 INFO: Computing semblance for m0 = 7340
 INFO: Total execution time for selecting traces is 3.8099e-05s
 INFO: Total execution time for kernels is 0.031557s
 INFO: Computing semblance for m0 = 7360
 INFO: Total execution time for selecting traces is 2.7482e-05s
 INFO: Total execution time for kernels is 0.031461s
 INFO: Computing semblance for m0 = 7380
 INFO: Total execution time for selecting traces is 2.8701e-05s
 INFO: Total execution time for kernels is 0.0315381s
 INFO: Computing semblance for m0 = 7400
 INFO: Total execution time for selecting traces is 2.591e-05s
 INFO: Total execution time for kernels is 0.0313857s
 INFO: Computing semblance for m0 = 7420
 INFO: Total execution time for selecting traces is 2.5646e-05s
 INFO: Total execution time for kernels is 0.031455s
 INFO: Computing semblance for m0 = 7440
 INFO: Total execution time for selecting traces is 3.8215e-05s
 INFO: Total execution time for kernels is 0.0313735s
 INFO: Computing semblance for m0 = 7460
 INFO: Total execution time for selecting traces is 3.7207e-05s
 INFO: Total execution time for kernels is 0.0315932s
 INFO: Computing semblance for m0 = 7480
 INFO: Total execution time for selecting traces is 3.7887e-05s
 INFO: Total execution time for kernels is 0.0314465s
 INFO: Computing semblance for m0 = 7500
 INFO: Total execution time for selecting traces is 3.8077e-05s
 INFO: Total execution time for kernels is 0.0314737s
 INFO: Computing semblance for m0 = 7520
 INFO: Total execution time for selecting traces is 3.7219e-05s
 INFO: Total execution time for kernels is 0.0317847s
 INFO: Computing semblance for m0 = 7540
 INFO: Total execution time for selecting traces is 3.7511e-05s
 INFO: Total execution time for kernels is 0.031884s
 INFO: Computing semblance for m0 = 7560
 INFO: Total execution time for selecting traces is 3.6989e-05s
 INFO: Total execution time for kernels is 0.0315843s
 INFO: Computing semblance for m0 = 7580
 INFO: Total execution time for selecting traces is 3.7955e-05s
 INFO: Total execution time for kernels is 0.0315921s
 INFO: Computing semblance for m0 = 7600
 INFO: Total execution time for selecting traces is 2.7114e-05s
 INFO: Total execution time for kernels is 0.0316283s
 INFO: Computing semblance for m0 = 7620
 INFO: Total execution time for selecting traces is 3.7799e-05s
 INFO: Total execution time for kernels is 0.0315585s
 INFO: Computing semblance for m0 = 7640
 INFO: Total execution time for selecting traces is 3.5803e-05s
 INFO: Total execution time for kernels is 0.0313937s
 INFO: Computing semblance for m0 = 7660
 INFO: Total execution time for selecting traces is 2.6055e-05s
 INFO: Total execution time for kernels is 0.0314876s
 INFO: Computing semblance for m0 = 7680
 INFO: Total execution time for selecting traces is 3.8468e-05s
 INFO: Total execution time for kernels is 0.0314575s
 INFO: Computing semblance for m0 = 7700
 INFO: Total execution time for selecting traces is 3.9063e-05s
 INFO: Total execution time for kernels is 0.0315131s
 INFO: Computing semblance for m0 = 7720
 INFO: Total execution time for selecting traces is 3.8791e-05s
 INFO: Total execution time for kernels is 0.0315072s
 INFO: Computing semblance for m0 = 7740
 INFO: Total execution time for selecting traces is 3.8061e-05s
 INFO: Total execution time for kernels is 0.0315986s
 INFO: Computing semblance for m0 = 7760
 INFO: Total execution time for selecting traces is 3.8596e-05s
 INFO: Total execution time for kernels is 0.0313822s
 INFO: Computing semblance for m0 = 7780
 INFO: Total execution time for selecting traces is 3.7726e-05s
 INFO: Total execution time for kernels is 0.031617s
 INFO: Computing semblance for m0 = 7800
 INFO: Total execution time for selecting traces is 2.7021e-05s
 INFO: Total execution time for kernels is 0.0315405s
 INFO: Computing semblance for m0 = 7820
 INFO: Total execution time for selecting traces is 3.6986e-05s
 INFO: Total execution time for kernels is 0.0315886s
 INFO: Computing semblance for m0 = 7840
 INFO: Total execution time for selecting traces is 3.9306e-05s
 INFO: Total execution time for kernels is 0.0315033s
 INFO: Computing semblance for m0 = 7860
 INFO: Total execution time for selecting traces is 3.7662e-05s
 INFO: Total execution time for kernels is 0.0314753s
 INFO: Computing semblance for m0 = 7880
 INFO: Total execution time for selecting traces is 3.7169e-05s
 INFO: Total execution time for kernels is 0.0314573s
 INFO: Computing semblance for m0 = 7900
 INFO: Total execution time for selecting traces is 2.6539e-05s
 INFO: Total execution time for kernels is 0.0315492s
 INFO: Computing semblance for m0 = 7920
 INFO: Total execution time for selecting traces is 3.9158e-05s
 INFO: Total execution time for kernels is 0.0316048s
 INFO: Computing semblance for m0 = 7940
 INFO: Total execution time for selecting traces is 3.8297e-05s
 INFO: Total execution time for kernels is 0.0315417s
 INFO: Computing semblance for m0 = 7960
 INFO: Total execution time for selecting traces is 2.7317e-05s
 INFO: Total execution time for kernels is 0.0314047s
 INFO: Computing semblance for m0 = 7980
 INFO: Total execution time for selecting traces is 2.613e-05s
 INFO: Total execution time for kernels is 0.031601s
 INFO: Computing semblance for m0 = 8000
 INFO: Total execution time for selecting traces is 3.7098e-05s
 INFO: Total execution time for kernels is 0.0315788s
 INFO: Computing semblance for m0 = 8020
 INFO: Total execution time for selecting traces is 2.6116e-05s
 INFO: Total execution time for kernels is 0.0315784s
 INFO: Computing semblance for m0 = 8040
 INFO: Total execution time for selecting traces is 3.7214e-05s
 INFO: Total execution time for kernels is 0.0315508s
 INFO: Computing semblance for m0 = 8060
 INFO: Total execution time for selecting traces is 3.7125e-05s
 INFO: Total execution time for kernels is 0.0315539s
 INFO: Computing semblance for m0 = 8080
 INFO: Total execution time for selecting traces is 3.7706e-05s
 INFO: Total execution time for kernels is 0.0315425s
 INFO: Computing semblance for m0 = 8100
 INFO: Total execution time for selecting traces is 3.7936e-05s
 INFO: Total execution time for kernels is 0.0316623s
 INFO: Computing semblance for m0 = 8120
 INFO: Total execution time for selecting traces is 3.9319e-05s
 INFO: Total execution time for kernels is 0.031537s
 INFO: Computing semblance for m0 = 8140
 INFO: Total execution time for selecting traces is 3.7805e-05s
 INFO: Total execution time for kernels is 0.0313566s
 INFO: Computing semblance for m0 = 8160
 INFO: Total execution time for selecting traces is 3.7107e-05s
 INFO: Total execution time for kernels is 0.0314932s
 INFO: Computing semblance for m0 = 8180
 INFO: Total execution time for selecting traces is 3.766e-05s
 INFO: Total execution time for kernels is 0.0314582s
 INFO: Computing semblance for m0 = 8200
 INFO: Total execution time for selecting traces is 3.7088e-05s
 INFO: Total execution time for kernels is 0.0314645s
 INFO: Computing semblance for m0 = 8220
 INFO: Total execution time for selecting traces is 3.8915e-05s
 INFO: Total execution time for kernels is 0.031439s
 INFO: Computing semblance for m0 = 8240
 INFO: Total execution time for selecting traces is 3.8593e-05s
 INFO: Total execution time for kernels is 0.0316148s
 INFO: Computing semblance for m0 = 8260
 INFO: Total execution time for selecting traces is 3.7922e-05s
 INFO: Total execution time for kernels is 0.031973s
 INFO: Computing semblance for m0 = 8280
 INFO: Total execution time for selecting traces is 3.8123e-05s
 INFO: Total execution time for kernels is 0.031596s
 INFO: Computing semblance for m0 = 8300
 INFO: Total execution time for selecting traces is 3.6873e-05s
 INFO: Total execution time for kernels is 0.0315474s
 INFO: Computing semblance for m0 = 8320
 INFO: Total execution time for selecting traces is 3.8567e-05s
 INFO: Total execution time for kernels is 0.0315899s
 INFO: Computing semblance for m0 = 8340
 INFO: Total execution time for selecting traces is 3.7911e-05s
 INFO: Total execution time for kernels is 0.0314828s
 INFO: Computing semblance for m0 = 8360
 INFO: Total execution time for selecting traces is 3.8926e-05s
 INFO: Total execution time for kernels is 0.0314981s
 INFO: Computing semblance for m0 = 8380
 INFO: Total execution time for selecting traces is 3.918e-05s
 INFO: Total execution time for kernels is 0.031671s
 INFO: Computing semblance for m0 = 8400
 INFO: Total execution time for selecting traces is 3.778e-05s
 INFO: Total execution time for kernels is 0.0314118s
 INFO: Computing semblance for m0 = 8420
 INFO: Total execution time for selecting traces is 3.8385e-05s
 INFO: Total execution time for kernels is 0.0314125s
 INFO: Computing semblance for m0 = 8440
 INFO: Total execution time for selecting traces is 2.7637e-05s
 INFO: Total execution time for kernels is 0.031685s
 INFO: Computing semblance for m0 = 8460
 INFO: Total execution time for selecting traces is 3.3216e-05s
 INFO: Total execution time for kernels is 0.031317s
 INFO: Computing semblance for m0 = 8480
 INFO: Total execution time for selecting traces is 2.9112e-05s
 INFO: Total execution time for kernels is 0.0315827s
 INFO: Computing semblance for m0 = 8500
 INFO: Total execution time for selecting traces is 3.9742e-05s
 INFO: Total execution time for kernels is 0.0316749s
 INFO: Computing semblance for m0 = 8520
 INFO: Total execution time for selecting traces is 3.9337e-05s
 INFO: Total execution time for kernels is 0.0314268s
 INFO: Computing semblance for m0 = 8540
 INFO: Total execution time for selecting traces is 4.1302e-05s
 INFO: Total execution time for kernels is 0.0315068s
 INFO: Computing semblance for m0 = 8560
 INFO: Total execution time for selecting traces is 3.851e-05s
 INFO: Total execution time for kernels is 0.0317217s
 INFO: Computing semblance for m0 = 8580
 INFO: Total execution time for selecting traces is 3.9783e-05s
 INFO: Total execution time for kernels is 0.031432s
 INFO: Computing semblance for m0 = 8600
 INFO: Total execution time for selecting traces is 4.1367e-05s
 INFO: Total execution time for kernels is 0.0309584s
 INFO: Computing semblance for m0 = 8620
 INFO: Total execution time for selecting traces is 3.8786e-05s
 INFO: Total execution time for kernels is 0.0308989s
 INFO: Computing semblance for m0 = 8640
 INFO: Total execution time for selecting traces is 4.1406e-05s
 INFO: Total execution time for kernels is 0.0310379s
 INFO: Computing semblance for m0 = 8660
 INFO: Total execution time for selecting traces is 4.0467e-05s
 INFO: Total execution time for kernels is 0.0309429s
 INFO: Computing semblance for m0 = 8680
 INFO: Total execution time for selecting traces is 3.9727e-05s
 INFO: Total execution time for kernels is 0.0311968s
 INFO: Computing semblance for m0 = 8700
 INFO: Total execution time for selecting traces is 4.0291e-05s
 INFO: Total execution time for kernels is 0.0310464s
 INFO: Computing semblance for m0 = 8720
 INFO: Total execution time for selecting traces is 3.8735e-05s
 INFO: Total execution time for kernels is 0.0310374s
 INFO: Computing semblance for m0 = 8740
 INFO: Total execution time for selecting traces is 3.9155e-05s
 INFO: Total execution time for kernels is 0.0310153s
 INFO: Computing semblance for m0 = 8760
 INFO: Total execution time for selecting traces is 4.0329e-05s
 INFO: Total execution time for kernels is 0.0309166s
 INFO: Computing semblance for m0 = 8780
 INFO: Total execution time for selecting traces is 3.9041e-05s
 INFO: Total execution time for kernels is 0.031045s
 INFO: Computing semblance for m0 = 8800
 INFO: Total execution time for selecting traces is 3.9494e-05s
 INFO: Total execution time for kernels is 0.0310709s
 INFO: Computing semblance for m0 = 8820
 INFO: Total execution time for selecting traces is 3.8268e-05s
 INFO: Total execution time for kernels is 0.0308731s
 INFO: Computing semblance for m0 = 8840
 INFO: Total execution time for selecting traces is 3.8433e-05s
 INFO: Total execution time for kernels is 0.0310315s
 INFO: Computing semblance for m0 = 8860
 INFO: Total execution time for selecting traces is 4.0433e-05s
 INFO: Total execution time for kernels is 0.0310116s
 INFO: Computing semblance for m0 = 8880
 INFO: Total execution time for selecting traces is 2.875e-05s
 INFO: Total execution time for kernels is 0.0309286s
 INFO: Computing semblance for m0 = 8900
 INFO: Total execution time for selecting traces is 3.8627e-05s
 INFO: Total execution time for kernels is 0.0309681s
 INFO: Computing semblance for m0 = 8920
 INFO: Total execution time for selecting traces is 3.9448e-05s
 INFO: Total execution time for kernels is 0.0311004s
 INFO: Computing semblance for m0 = 8940
 INFO: Total execution time for selecting traces is 3.816e-05s
 INFO: Total execution time for kernels is 0.0309448s
 INFO: Computing semblance for m0 = 8960
 INFO: Total execution time for selecting traces is 4.0392e-05s
 INFO: Total execution time for kernels is 0.0311019s
 INFO: Computing semblance for m0 = 8980
 INFO: Total execution time for selecting traces is 3.9002e-05s
 INFO: Total execution time for kernels is 0.0311039s
 INFO: Computing semblance for m0 = 9000
 INFO: Total execution time for selecting traces is 3.9831e-05s
 INFO: Total execution time for kernels is 0.0308888s
 INFO: Computing semblance for m0 = 9020
 INFO: Total execution time for selecting traces is 2.8252e-05s
 INFO: Total execution time for kernels is 0.0309763s
 INFO: Computing semblance for m0 = 9040
 INFO: Total execution time for selecting traces is 3.8901e-05s
 INFO: Total execution time for kernels is 0.0309837s
 INFO: Computing semblance for m0 = 9060
 INFO: Total execution time for selecting traces is 2.7159e-05s
 INFO: Total execution time for kernels is 0.031122s
 INFO: Computing semblance for m0 = 9080
 INFO: Total execution time for selecting traces is 4.0264e-05s
 INFO: Total execution time for kernels is 0.0298041s
 INFO: Computing semblance for m0 = 9100
 INFO: Total execution time for selecting traces is 3.8466e-05s
 INFO: Total execution time for kernels is 0.0298429s
 INFO: Computing semblance for m0 = 9120
 INFO: Total execution time for selecting traces is 3.9333e-05s
 INFO: Total execution time for kernels is 0.0284359s
 INFO: Computing semblance for m0 = 9140
 INFO: Total execution time for selecting traces is 3.8303e-05s
 INFO: Total execution time for kernels is 0.0285839s
 INFO: Computing semblance for m0 = 9160
 INFO: Total execution time for selecting traces is 3.8771e-05s
 INFO: Total execution time for kernels is 0.0273604s
 INFO: Computing semblance for m0 = 9180
 INFO: Total execution time for selecting traces is 4.0326e-05s
 INFO: Total execution time for kernels is 0.0272371s
 INFO: Computing semblance for m0 = 9200
 INFO: Total execution time for selecting traces is 3.9057e-05s
 INFO: Total execution time for kernels is 0.0261786s
 INFO: Computing semblance for m0 = 9220
 INFO: Total execution time for selecting traces is 3.8826e-05s
 INFO: Total execution time for kernels is 0.0260936s
 INFO: Computing semblance for m0 = 9240
 INFO: Total execution time for selecting traces is 4.0627e-05s
 INFO: Total execution time for kernels is 0.0247649s
 INFO: Computing semblance for m0 = 9260
 INFO: Total execution time for selecting traces is 3.9166e-05s
 INFO: Total execution time for kernels is 0.0249166s
 INFO: Computing semblance for m0 = 9280
 INFO: Total execution time for selecting traces is 3.8645e-05s
 INFO: Total execution time for kernels is 0.0238218s
 INFO: Computing semblance for m0 = 9300
 INFO: Total execution time for selecting traces is 3.9549e-05s
 INFO: Total execution time for kernels is 0.0239743s
 INFO: Computing semblance for m0 = 9320
 INFO: Total execution time for selecting traces is 3.9811e-05s
 INFO: Total execution time for kernels is 0.0224556s
 INFO: Computing semblance for m0 = 9340
 INFO: Total execution time for selecting traces is 2.8288e-05s
 INFO: Total execution time for kernels is 0.0223662s
 INFO: Computing semblance for m0 = 9360
 INFO: Total execution time for selecting traces is 3.1086e-05s
 INFO: Total execution time for kernels is 0.0211546s
 INFO: Computing semblance for m0 = 9380
 INFO: Total execution time for selecting traces is 4.005e-05s
 INFO: Total execution time for kernels is 0.0212448s
 INFO: Computing semblance for m0 = 9400
 INFO: Total execution time for selecting traces is 3.8455e-05s
 INFO: Total execution time for kernels is 0.0198815s
 INFO: Computing semblance for m0 = 9420
 INFO: Total execution time for selecting traces is 3.9387e-05s
 INFO: Total execution time for kernels is 0.0198858s
 INFO: Computing semblance for m0 = 9440
 INFO: Total execution time for selecting traces is 2.7508e-05s
 INFO: Total execution time for kernels is 0.0187262s
 INFO: Computing semblance for m0 = 9460
 INFO: Total execution time for selecting traces is 3.8942e-05s
 INFO: Total execution time for kernels is 0.0185569s
 INFO: Computing semblance for m0 = 9480
 INFO: Total execution time for selecting traces is 4.0994e-05s
 INFO: Total execution time for kernels is 0.0172157s
 INFO: Computing semblance for m0 = 9500
 INFO: Total execution time for selecting traces is 3.8408e-05s
 INFO: Total execution time for kernels is 0.0171919s
 INFO: Computing semblance for m0 = 9520
 INFO: Total execution time for selecting traces is 3.9203e-05s
 INFO: Total execution time for kernels is 0.0160703s
 INFO: Computing semblance for m0 = 9540
 INFO: Total execution time for selecting traces is 3.8973e-05s
 INFO: Total execution time for kernels is 0.0160235s
 INFO: Computing semblance for m0 = 9560
 INFO: Total execution time for selecting traces is 3.8114e-05s
 INFO: Total execution time for kernels is 0.0148794s
 INFO: Computing semblance for m0 = 9580
 INFO: Total execution time for selecting traces is 3.8947e-05s
 INFO: Total execution time for kernels is 0.0148853s
 INFO: Computing semblance for m0 = 9600
 INFO: Total execution time for selecting traces is 3.8901e-05s
 INFO: Total execution time for kernels is 0.0137003s
 INFO: Computing semblance for m0 = 9620
 INFO: Total execution time for selecting traces is 4.1601e-05s
 INFO: Total execution time for kernels is 0.0133767s
 INFO: Computing semblance for m0 = 9640
 INFO: Total execution time for selecting traces is 3.8612e-05s
 INFO: Total execution time for kernels is 0.0121989s
 INFO: Computing semblance for m0 = 9660
 INFO: Total execution time for selecting traces is 2.7119e-05s
 INFO: Total execution time for kernels is 0.0122665s
 INFO: Computing semblance for m0 = 9680
 INFO: Total execution time for selecting traces is 3.8096e-05s
 INFO: Total execution time for kernels is 0.0111343s
 INFO: Computing semblance for m0 = 9700
 INFO: Total execution time for selecting traces is 3.7997e-05s
 INFO: Total execution time for kernels is 0.0111142s
 INFO: Computing semblance for m0 = 9720
 INFO: Total execution time for selecting traces is 3.9844e-05s
 INFO: Total execution time for kernels is 0.00985041s
 INFO: Computing semblance for m0 = 9740
 INFO: Total execution time for selecting traces is 2.6681e-05s
 INFO: Total execution time for kernels is 0.00981486s
 INFO: Computing semblance for m0 = 9760
 INFO: Total execution time for selecting traces is 3.9158e-05s
 INFO: Total execution time for kernels is 0.00863167s
 INFO: Computing semblance for m0 = 9780
 INFO: Total execution time for selecting traces is 3.8601e-05s
 INFO: Total execution time for kernels is 0.00871712s
 INFO: Computing semblance for m0 = 9800
 INFO: Total execution time for selecting traces is 3.9048e-05s
 INFO: Total execution time for kernels is 0.00755708s
 INFO: Computing semblance for m0 = 9820
 INFO: Total execution time for selecting traces is 3.8404e-05s
 INFO: Total execution time for kernels is 0.0074839s
 INFO: Computing semblance for m0 = 9840
 INFO: Total execution time for selecting traces is 3.8606e-05s
 INFO: Total execution time for kernels is 0.00627766s
 INFO: Computing semblance for m0 = 9860
 INFO: Total execution time for selecting traces is 4.5906e-05s
 INFO: Total execution time for kernels is 0.00625258s
 INFO: Computing semblance for m0 = 9880
 INFO: Total execution time for selecting traces is 3.8677e-05s
 INFO: Total execution time for kernels is 0.00514626s
 INFO: Computing semblance for m0 = 9900
 INFO: Total execution time for selecting traces is 3.8756e-05s
 INFO: Total execution time for kernels is 0.00513666s
 INFO: Computing semblance for m0 = 9920
 INFO: Total execution time for selecting traces is 3.8857e-05s
 INFO: Total execution time for kernels is 0.00387899s
 INFO: Computing semblance for m0 = 9940
 INFO: Total execution time for selecting traces is 2.6769e-05s
 INFO: Total execution time for kernels is 0.00389136s
 INFO: Queue mutex blocked time = 4.8621e-05 s
 INFO: Average of efficiency is 1
 INFO: Average of interpolations_per_sec is 3.49224e+10
 INFO: Average of selected_traces is 20.6742
 INFO: Average of total_selection_kernel_exec_time is 3.7188e-05
 INFO: Average of total_kernel_exec_time is 0.0282316
 INFO: Average of total_statistic_compute_time is 0.0063659
 INFO: Average of total_statistic_copy_time is 0
 INFO: Read time is 0.0855776 s
 INFO: Dump time is 0.184921 s
 INFO: Results written to /home/gustavociotto/repo/v2/master-degree-refactored/out/c51bf56ee/cmp/greedy/cuda/simple-synthetic_64_4/simple-synthetic_greedy_cmp_20210130_2120/
 INFO: It took 16.2654s to compute.
