 INFO: [readGatherFromFile:119] Number of CDPs = 445
 INFO: [readGatherFromFile:120] Number of traces in the gather = 9200
 INFO: [readGatherFromFile:121] Number of samples per trace = 2502
 INFO: [initialize:24] Initializing traveltime
 INFO: [initialize:28] Factory initialized
 INFO: [create_worker:27] Device count is 0
 INFO: [parseComputeAlgorithm:28] Generations = 32
 INFO: [parseComputeAlgorithm:32] Individuals per population = 32
 INFO: [run:16] m0 = 1120
 INFO: [activate:15] Activating GPU#0
 INFO: [activate:15] Activating GPU#0
 INFO: [activate:15] Activating GPU#0
 INFO: [selectTracesToBeUsedForMidpoint:113] Selecting traces for m0 = 1120
 INFO: [copyOnlySelectedTracesToDevice:118] Selected 406 traces
 INFO: [copyOnlySelectedTracesToDevice:152] Copy time is 0.00392108
 INFO: [selectTracesToBeUsedForMidpoint:181] Execution time for copying traces is 0.0042408s
 INFO: [saveStatisticalResults:102] Total execution time for selecting traces is 0.0469276s
 INFO: [saveStatisticalResults:104] Total execution time for kernels is 0.0966887s
 INFO: [run:16] m0 = 1280
 INFO: [activate:15] Activating GPU#0
 INFO: [selectTracesToBeUsedForMidpoint:113] Selecting traces for m0 = 1280
 INFO: [copyOnlySelectedTracesToDevice:118] Selected 528 traces
 INFO: [copyOnlySelectedTracesToDevice:152] Copy time is 0.00473248
 INFO: [selectTracesToBeUsedForMidpoint:181] Execution time for copying traces is 0.00522244s
 INFO: [saveStatisticalResults:102] Total execution time for selecting traces is 0.047921s
 INFO: [saveStatisticalResults:104] Total execution time for kernels is 0.108063s
 INFO: [run:16] m0 = 1440
 INFO: [activate:15] Activating GPU#0
 INFO: [selectTracesToBeUsedForMidpoint:113] Selecting traces for m0 = 1440
 INFO: [copyOnlySelectedTracesToDevice:118] Selected 666 traces
 INFO: [copyOnlySelectedTracesToDevice:152] Copy time is 0.00595594
 INFO: [selectTracesToBeUsedForMidpoint:181] Execution time for copying traces is 0.00656014s
 INFO: [saveStatisticalResults:102] Total execution time for selecting traces is 0.0492809s
 INFO: [saveStatisticalResults:104] Total execution time for kernels is 0.215608s
 INFO: [run:16] m0 = 1600
 INFO: [activate:15] Activating GPU#0
 INFO: [selectTracesToBeUsedForMidpoint:113] Selecting traces for m0 = 1600
 INFO: [copyOnlySelectedTracesToDevice:118] Selected 820 traces
 INFO: [copyOnlySelectedTracesToDevice:152] Copy time is 0.0067578
 INFO: [selectTracesToBeUsedForMidpoint:181] Execution time for copying traces is 0.00733141s
 INFO: [saveStatisticalResults:102] Total execution time for selecting traces is 0.025035s
 INFO: [saveStatisticalResults:104] Total execution time for kernels is 0.345461s
 INFO: [run:16] m0 = 1760
 INFO: [activate:15] Activating GPU#0
 INFO: [selectTracesToBeUsedForMidpoint:113] Selecting traces for m0 = 1760
 INFO: [copyOnlySelectedTracesToDevice:118] Selected 990 traces
 INFO: [copyOnlySelectedTracesToDevice:152] Copy time is 0.00792266
 INFO: [selectTracesToBeUsedForMidpoint:181] Execution time for copying traces is 0.00847533s
 INFO: [saveStatisticalResults:102] Total execution time for selecting traces is 0.0248742s
 INFO: [saveStatisticalResults:104] Total execution time for kernels is 0.456416s
 INFO: [run:16] m0 = 1920
 INFO: [activate:15] Activating GPU#0
 INFO: [selectTracesToBeUsedForMidpoint:113] Selecting traces for m0 = 1920
 INFO: [copyOnlySelectedTracesToDevice:118] Selected 1173 traces
 INFO: [copyOnlySelectedTracesToDevice:152] Copy time is 0.00952524
 INFO: [selectTracesToBeUsedForMidpoint:181] Execution time for copying traces is 0.0101569s
 INFO: [saveStatisticalResults:102] Total execution time for selecting traces is 0.0275145s
 INFO: [saveStatisticalResults:104] Total execution time for kernels is 0.618324s
 INFO: [run:16] m0 = 2080
 INFO: [activate:15] Activating GPU#0
 INFO: [selectTracesToBeUsedForMidpoint:113] Selecting traces for m0 = 2080
 INFO: [copyOnlySelectedTracesToDevice:118] Selected 1357 traces
 INFO: [copyOnlySelectedTracesToDevice:152] Copy time is 0.0109068
 INFO: [selectTracesToBeUsedForMidpoint:181] Execution time for copying traces is 0.0115915s
 INFO: [saveStatisticalResults:102] Total execution time for selecting traces is 0.0280074s
 INFO: [saveStatisticalResults:104] Total execution time for kernels is 0.689891s
 INFO: [run:16] m0 = 2240
 INFO: [activate:15] Activating GPU#0
 INFO: [selectTracesToBeUsedForMidpoint:113] Selecting traces for m0 = 2240
 INFO: [copyOnlySelectedTracesToDevice:118] Selected 1403 traces
 INFO: [copyOnlySelectedTracesToDevice:152] Copy time is 0.0112804
 INFO: [selectTracesToBeUsedForMidpoint:181] Execution time for copying traces is 0.0120907s
 INFO: [saveStatisticalResults:102] Total execution time for selecting traces is 0.0284989s
 INFO: [saveStatisticalResults:104] Total execution time for kernels is 0.691075s
 INFO: [run:16] m0 = 2400
 INFO: [activate:15] Activating GPU#0
 INFO: [selectTracesToBeUsedForMidpoint:113] Selecting traces for m0 = 2400
 INFO: [copyOnlySelectedTracesToDevice:118] Selected 1403 traces
 INFO: [copyOnlySelectedTracesToDevice:152] Copy time is 0.0112087
 INFO: [selectTracesToBeUsedForMidpoint:181] Execution time for copying traces is 0.0119484s
 INFO: [saveStatisticalResults:102] Total execution time for selecting traces is 0.0283813s
 INFO: [saveStatisticalResults:104] Total execution time for kernels is 0.687087s
 INFO: [run:16] m0 = 2560
 INFO: [activate:15] Activating GPU#0
 INFO: [selectTracesToBeUsedForMidpoint:113] Selecting traces for m0 = 2560
 INFO: [copyOnlySelectedTracesToDevice:118] Selected 1403 traces
 INFO: [copyOnlySelectedTracesToDevice:152] Copy time is 0.0111816
 INFO: [selectTracesToBeUsedForMidpoint:181] Execution time for copying traces is 0.0119335s
 INFO: [saveStatisticalResults:102] Total execution time for selecting traces is 0.0283416s
 INFO: [saveStatisticalResults:104] Total execution time for kernels is 0.68664s
 INFO: [run:16] m0 = 2720
 INFO: [activate:15] Activating GPU#0
 INFO: [selectTracesToBeUsedForMidpoint:113] Selecting traces for m0 = 2720
 INFO: [copyOnlySelectedTracesToDevice:118] Selected 1403 traces
 INFO: [copyOnlySelectedTracesToDevice:152] Copy time is 0.0111776
 INFO: [selectTracesToBeUsedForMidpoint:181] Execution time for copying traces is 0.0119483s
 INFO: [saveStatisticalResults:102] Total execution time for selecting traces is 0.0283639s
 INFO: [saveStatisticalResults:104] Total execution time for kernels is 0.683391s
 INFO: [run:16] m0 = 2880
 INFO: [activate:15] Activating GPU#0
 INFO: [selectTracesToBeUsedForMidpoint:113] Selecting traces for m0 = 2880
 INFO: [copyOnlySelectedTracesToDevice:118] Selected 1403 traces
 INFO: [copyOnlySelectedTracesToDevice:152] Copy time is 0.0111705
 INFO: [selectTracesToBeUsedForMidpoint:181] Execution time for copying traces is 0.0119158s
 INFO: [saveStatisticalResults:102] Total execution time for selecting traces is 0.0283144s
 INFO: [saveStatisticalResults:104] Total execution time for kernels is 0.692473s
 INFO: [run:16] m0 = 3040
 INFO: [activate:15] Activating GPU#0
 INFO: [selectTracesToBeUsedForMidpoint:113] Selecting traces for m0 = 3040
 INFO: [copyOnlySelectedTracesToDevice:118] Selected 1403 traces
 INFO: [copyOnlySelectedTracesToDevice:152] Copy time is 0.0113977
 INFO: [selectTracesToBeUsedForMidpoint:181] Execution time for copying traces is 0.0121731s
 INFO: [saveStatisticalResults:102] Total execution time for selecting traces is 0.0300167s
 INFO: [saveStatisticalResults:104] Total execution time for kernels is 0.686274s
 INFO: [run:16] m0 = 3200
 INFO: [activate:15] Activating GPU#0
 INFO: [selectTracesToBeUsedForMidpoint:113] Selecting traces for m0 = 3200
 INFO: [copyOnlySelectedTracesToDevice:118] Selected 1403 traces
 INFO: [copyOnlySelectedTracesToDevice:152] Copy time is 0.0111971
 INFO: [selectTracesToBeUsedForMidpoint:181] Execution time for copying traces is 0.0119639s
 INFO: [saveStatisticalResults:102] Total execution time for selecting traces is 0.0283518s
 INFO: [saveStatisticalResults:104] Total execution time for kernels is 0.692073s
 INFO: [run:16] m0 = 3360
 INFO: [activate:15] Activating GPU#0
 INFO: [selectTracesToBeUsedForMidpoint:113] Selecting traces for m0 = 3360
 INFO: [copyOnlySelectedTracesToDevice:118] Selected 1403 traces
 INFO: [copyOnlySelectedTracesToDevice:152] Copy time is 0.0111853
 INFO: [selectTracesToBeUsedForMidpoint:181] Execution time for copying traces is 0.0119315s
 INFO: [saveStatisticalResults:102] Total execution time for selecting traces is 0.0283402s
 INFO: [saveStatisticalResults:104] Total execution time for kernels is 0.694937s
 INFO: [run:16] m0 = 3520
 INFO: [activate:15] Activating GPU#0
 INFO: [selectTracesToBeUsedForMidpoint:113] Selecting traces for m0 = 3520
 INFO: [copyOnlySelectedTracesToDevice:118] Selected 1403 traces
 INFO: [copyOnlySelectedTracesToDevice:152] Copy time is 0.0112255
 INFO: [selectTracesToBeUsedForMidpoint:181] Execution time for copying traces is 0.0119863s
 INFO: [saveStatisticalResults:102] Total execution time for selecting traces is 0.0283944s
 INFO: [saveStatisticalResults:104] Total execution time for kernels is 0.679939s
 INFO: [run:16] m0 = 3680
 INFO: [activate:15] Activating GPU#0
 INFO: [selectTracesToBeUsedForMidpoint:113] Selecting traces for m0 = 3680
 INFO: [copyOnlySelectedTracesToDevice:118] Selected 1403 traces
 INFO: [copyOnlySelectedTracesToDevice:152] Copy time is 0.0111517
 INFO: [selectTracesToBeUsedForMidpoint:181] Execution time for copying traces is 0.011923s
 INFO: [saveStatisticalResults:102] Total execution time for selecting traces is 0.0281936s
 INFO: [saveStatisticalResults:104] Total execution time for kernels is 0.688202s
 INFO: [run:16] m0 = 3840
 INFO: [activate:15] Activating GPU#0
 INFO: [selectTracesToBeUsedForMidpoint:113] Selecting traces for m0 = 3840
 INFO: [copyOnlySelectedTracesToDevice:118] Selected 1403 traces
 INFO: [copyOnlySelectedTracesToDevice:152] Copy time is 0.011237
 INFO: [selectTracesToBeUsedForMidpoint:181] Execution time for copying traces is 0.0120263s
 INFO: [saveStatisticalResults:102] Total execution time for selecting traces is 0.0284384s
 INFO: [saveStatisticalResults:104] Total execution time for kernels is 0.677616s
 INFO: [run:16] m0 = 4000
 INFO: [activate:15] Activating GPU#0
 INFO: [selectTracesToBeUsedForMidpoint:113] Selecting traces for m0 = 4000
 INFO: [copyOnlySelectedTracesToDevice:118] Selected 1403 traces
 INFO: [copyOnlySelectedTracesToDevice:152] Copy time is 0.0112169
 INFO: [selectTracesToBeUsedForMidpoint:181] Execution time for copying traces is 0.0120108s
 INFO: [saveStatisticalResults:102] Total execution time for selecting traces is 0.0284216s
 INFO: [saveStatisticalResults:104] Total execution time for kernels is 0.685254s
 INFO: [run:16] m0 = 4160
 INFO: [activate:15] Activating GPU#0
 INFO: [selectTracesToBeUsedForMidpoint:113] Selecting traces for m0 = 4160
 INFO: [copyOnlySelectedTracesToDevice:118] Selected 1403 traces
 INFO: [copyOnlySelectedTracesToDevice:152] Copy time is 0.0112483
 INFO: [selectTracesToBeUsedForMidpoint:181] Execution time for copying traces is 0.0120084s
 INFO: [saveStatisticalResults:102] Total execution time for selecting traces is 0.028402s
 INFO: [saveStatisticalResults:104] Total execution time for kernels is 0.681696s
 INFO: [run:16] m0 = 4320
 INFO: [activate:15] Activating GPU#0
 INFO: [selectTracesToBeUsedForMidpoint:113] Selecting traces for m0 = 4320
 INFO: [copyOnlySelectedTracesToDevice:118] Selected 1403 traces
 INFO: [copyOnlySelectedTracesToDevice:152] Copy time is 0.0112468
 INFO: [selectTracesToBeUsedForMidpoint:181] Execution time for copying traces is 0.0120023s
 INFO: [saveStatisticalResults:102] Total execution time for selecting traces is 0.0282569s
 INFO: [saveStatisticalResults:104] Total execution time for kernels is 0.68605s
 INFO: [run:16] m0 = 4480
 INFO: [activate:15] Activating GPU#0
 INFO: [selectTracesToBeUsedForMidpoint:113] Selecting traces for m0 = 4480
 INFO: [copyOnlySelectedTracesToDevice:118] Selected 1403 traces
 INFO: [copyOnlySelectedTracesToDevice:152] Copy time is 0.0112956
 INFO: [selectTracesToBeUsedForMidpoint:181] Execution time for copying traces is 0.0120429s
 INFO: [saveStatisticalResults:102] Total execution time for selecting traces is 0.028462s
 INFO: [saveStatisticalResults:104] Total execution time for kernels is 0.68978s
 INFO: [run:16] m0 = 4640
 INFO: [activate:15] Activating GPU#0
 INFO: [selectTracesToBeUsedForMidpoint:113] Selecting traces for m0 = 4640
 INFO: [copyOnlySelectedTracesToDevice:118] Selected 1403 traces
 INFO: [copyOnlySelectedTracesToDevice:152] Copy time is 0.0113223
 INFO: [selectTracesToBeUsedForMidpoint:181] Execution time for copying traces is 0.0120972s
 INFO: [saveStatisticalResults:102] Total execution time for selecting traces is 0.0285044s
 INFO: [saveStatisticalResults:104] Total execution time for kernels is 0.682827s
 INFO: [run:16] m0 = 4800
 INFO: [activate:15] Activating GPU#0
 INFO: [selectTracesToBeUsedForMidpoint:113] Selecting traces for m0 = 4800
 INFO: [copyOnlySelectedTracesToDevice:118] Selected 1403 traces
 INFO: [copyOnlySelectedTracesToDevice:152] Copy time is 0.0112206
 INFO: [selectTracesToBeUsedForMidpoint:181] Execution time for copying traces is 0.0119863s
 INFO: [saveStatisticalResults:102] Total execution time for selecting traces is 0.0284057s
 INFO: [saveStatisticalResults:104] Total execution time for kernels is 0.689306s
 INFO: [run:16] m0 = 4960
 INFO: [activate:15] Activating GPU#0
 INFO: [selectTracesToBeUsedForMidpoint:113] Selecting traces for m0 = 4960
 INFO: [copyOnlySelectedTracesToDevice:118] Selected 1403 traces
 INFO: [copyOnlySelectedTracesToDevice:152] Copy time is 0.0112845
 INFO: [selectTracesToBeUsedForMidpoint:181] Execution time for copying traces is 0.0120276s
 INFO: [saveStatisticalResults:102] Total execution time for selecting traces is 0.0284877s
 INFO: [saveStatisticalResults:104] Total execution time for kernels is 0.69615s
 INFO: [run:16] m0 = 5120
 INFO: [activate:15] Activating GPU#0
 INFO: [selectTracesToBeUsedForMidpoint:113] Selecting traces for m0 = 5120
 INFO: [copyOnlySelectedTracesToDevice:118] Selected 1403 traces
 INFO: [copyOnlySelectedTracesToDevice:152] Copy time is 0.0112366
 INFO: [selectTracesToBeUsedForMidpoint:181] Execution time for copying traces is 0.0120001s
 INFO: [saveStatisticalResults:102] Total execution time for selecting traces is 0.0282608s
 INFO: [saveStatisticalResults:104] Total execution time for kernels is 0.697566s
 INFO: [run:16] m0 = 5280
 INFO: [activate:15] Activating GPU#0
 INFO: [selectTracesToBeUsedForMidpoint:113] Selecting traces for m0 = 5280
 INFO: [copyOnlySelectedTracesToDevice:118] Selected 1403 traces
 INFO: [copyOnlySelectedTracesToDevice:152] Copy time is 0.0112969
 INFO: [selectTracesToBeUsedForMidpoint:181] Execution time for copying traces is 0.0120644s
 INFO: [saveStatisticalResults:102] Total execution time for selecting traces is 0.0284578s
 INFO: [saveStatisticalResults:104] Total execution time for kernels is 0.688176s
 INFO: [run:16] m0 = 5440
 INFO: [activate:15] Activating GPU#0
 INFO: [selectTracesToBeUsedForMidpoint:113] Selecting traces for m0 = 5440
 INFO: [copyOnlySelectedTracesToDevice:118] Selected 1403 traces
 INFO: [copyOnlySelectedTracesToDevice:152] Copy time is 0.0112417
 INFO: [selectTracesToBeUsedForMidpoint:181] Execution time for copying traces is 0.0119791s
 INFO: [saveStatisticalResults:102] Total execution time for selecting traces is 0.0282408s
 INFO: [saveStatisticalResults:104] Total execution time for kernels is 0.682876s
 INFO: [run:16] m0 = 5600
 INFO: [activate:15] Activating GPU#0
 INFO: [selectTracesToBeUsedForMidpoint:113] Selecting traces for m0 = 5600
 INFO: [copyOnlySelectedTracesToDevice:118] Selected 1403 traces
 INFO: [copyOnlySelectedTracesToDevice:152] Copy time is 0.0112987
 INFO: [selectTracesToBeUsedForMidpoint:181] Execution time for copying traces is 0.0120359s
 INFO: [saveStatisticalResults:102] Total execution time for selecting traces is 0.0284445s
 INFO: [saveStatisticalResults:104] Total execution time for kernels is 0.687243s
 INFO: [run:16] m0 = 5760
 INFO: [activate:15] Activating GPU#0
 INFO: [selectTracesToBeUsedForMidpoint:113] Selecting traces for m0 = 5760
 INFO: [copyOnlySelectedTracesToDevice:118] Selected 1403 traces
 INFO: [copyOnlySelectedTracesToDevice:152] Copy time is 0.0113428
 INFO: [selectTracesToBeUsedForMidpoint:181] Execution time for copying traces is 0.0121339s
 INFO: [saveStatisticalResults:102] Total execution time for selecting traces is 0.0285259s
 INFO: [saveStatisticalResults:104] Total execution time for kernels is 0.686062s
 INFO: [run:16] m0 = 5920
 INFO: [activate:15] Activating GPU#0
 INFO: [selectTracesToBeUsedForMidpoint:113] Selecting traces for m0 = 5920
 INFO: [copyOnlySelectedTracesToDevice:118] Selected 1403 traces
 INFO: [copyOnlySelectedTracesToDevice:152] Copy time is 0.0113453
 INFO: [selectTracesToBeUsedForMidpoint:181] Execution time for copying traces is 0.0121481s
 INFO: [saveStatisticalResults:102] Total execution time for selecting traces is 0.0285467s
 INFO: [saveStatisticalResults:104] Total execution time for kernels is 0.687804s
 INFO: [run:16] m0 = 6080
 INFO: [activate:15] Activating GPU#0
 INFO: [selectTracesToBeUsedForMidpoint:113] Selecting traces for m0 = 6080
 INFO: [copyOnlySelectedTracesToDevice:118] Selected 1403 traces
 INFO: [copyOnlySelectedTracesToDevice:152] Copy time is 0.0112623
 INFO: [selectTracesToBeUsedForMidpoint:181] Execution time for copying traces is 0.0120069s
 INFO: [saveStatisticalResults:102] Total execution time for selecting traces is 0.028406s
 INFO: [saveStatisticalResults:104] Total execution time for kernels is 0.681013s
 INFO: [run:16] m0 = 6240
 INFO: [activate:15] Activating GPU#0
 INFO: [selectTracesToBeUsedForMidpoint:113] Selecting traces for m0 = 6240
 INFO: [copyOnlySelectedTracesToDevice:118] Selected 1403 traces
 INFO: [copyOnlySelectedTracesToDevice:152] Copy time is 0.0112101
 INFO: [selectTracesToBeUsedForMidpoint:181] Execution time for copying traces is 0.0119553s
 INFO: [saveStatisticalResults:102] Total execution time for selecting traces is 0.02831s
 INFO: [saveStatisticalResults:104] Total execution time for kernels is 0.695823s
 INFO: [run:16] m0 = 6400
 INFO: [activate:15] Activating GPU#0
 INFO: [selectTracesToBeUsedForMidpoint:113] Selecting traces for m0 = 6400
 INFO: [copyOnlySelectedTracesToDevice:118] Selected 1403 traces
 INFO: [copyOnlySelectedTracesToDevice:152] Copy time is 0.0112261
 INFO: [selectTracesToBeUsedForMidpoint:181] Execution time for copying traces is 0.0120038s
 INFO: [saveStatisticalResults:102] Total execution time for selecting traces is 0.0284119s
 INFO: [saveStatisticalResults:104] Total execution time for kernels is 0.690961s
 INFO: [run:16] m0 = 6560
 INFO: [activate:15] Activating GPU#0
 INFO: [selectTracesToBeUsedForMidpoint:113] Selecting traces for m0 = 6560
 INFO: [copyOnlySelectedTracesToDevice:118] Selected 1403 traces
 INFO: [copyOnlySelectedTracesToDevice:152] Copy time is 0.0111864
 INFO: [selectTracesToBeUsedForMidpoint:181] Execution time for copying traces is 0.0119626s
 INFO: [saveStatisticalResults:102] Total execution time for selecting traces is 0.0283752s
 INFO: [saveStatisticalResults:104] Total execution time for kernels is 0.691787s
 INFO: [run:16] m0 = 6720
 INFO: [activate:15] Activating GPU#0
 INFO: [selectTracesToBeUsedForMidpoint:113] Selecting traces for m0 = 6720
 INFO: [copyOnlySelectedTracesToDevice:118] Selected 1403 traces
 INFO: [copyOnlySelectedTracesToDevice:152] Copy time is 0.0114054
 INFO: [selectTracesToBeUsedForMidpoint:181] Execution time for copying traces is 0.0121613s
 INFO: [saveStatisticalResults:102] Total execution time for selecting traces is 0.0285828s
 INFO: [saveStatisticalResults:104] Total execution time for kernels is 0.698582s
 INFO: [run:16] m0 = 6880
 INFO: [activate:15] Activating GPU#0
 INFO: [selectTracesToBeUsedForMidpoint:113] Selecting traces for m0 = 6880
 INFO: [copyOnlySelectedTracesToDevice:118] Selected 1403 traces
 INFO: [copyOnlySelectedTracesToDevice:152] Copy time is 0.0113098
 INFO: [selectTracesToBeUsedForMidpoint:181] Execution time for copying traces is 0.0120868s
 INFO: [saveStatisticalResults:102] Total execution time for selecting traces is 0.0284961s
 INFO: [saveStatisticalResults:104] Total execution time for kernels is 0.699141s
 INFO: [run:16] m0 = 7040
 INFO: [activate:15] Activating GPU#0
 INFO: [selectTracesToBeUsedForMidpoint:113] Selecting traces for m0 = 7040
 INFO: [copyOnlySelectedTracesToDevice:118] Selected 1403 traces
 INFO: [copyOnlySelectedTracesToDevice:152] Copy time is 0.0111909
 INFO: [selectTracesToBeUsedForMidpoint:181] Execution time for copying traces is 0.0119659s
 INFO: [saveStatisticalResults:102] Total execution time for selecting traces is 0.0283706s
 INFO: [saveStatisticalResults:104] Total execution time for kernels is 0.694383s
 INFO: [run:16] m0 = 7200
 INFO: [activate:15] Activating GPU#0
 INFO: [selectTracesToBeUsedForMidpoint:113] Selecting traces for m0 = 7200
 INFO: [copyOnlySelectedTracesToDevice:118] Selected 1403 traces
 INFO: [copyOnlySelectedTracesToDevice:152] Copy time is 0.0112571
 INFO: [selectTracesToBeUsedForMidpoint:181] Execution time for copying traces is 0.012022s
 INFO: [saveStatisticalResults:102] Total execution time for selecting traces is 0.0284373s
 INFO: [saveStatisticalResults:104] Total execution time for kernels is 0.690647s
 INFO: [run:16] m0 = 7360
 INFO: [activate:15] Activating GPU#0
 INFO: [selectTracesToBeUsedForMidpoint:113] Selecting traces for m0 = 7360
 INFO: [copyOnlySelectedTracesToDevice:118] Selected 1403 traces
 INFO: [copyOnlySelectedTracesToDevice:152] Copy time is 0.0112135
 INFO: [selectTracesToBeUsedForMidpoint:181] Execution time for copying traces is 0.0119673s
 INFO: [saveStatisticalResults:102] Total execution time for selecting traces is 0.0282444s
 INFO: [saveStatisticalResults:104] Total execution time for kernels is 0.688327s
 INFO: [run:16] m0 = 7520
 INFO: [activate:15] Activating GPU#0
 INFO: [selectTracesToBeUsedForMidpoint:113] Selecting traces for m0 = 7520
 INFO: [copyOnlySelectedTracesToDevice:118] Selected 1403 traces
 INFO: [copyOnlySelectedTracesToDevice:152] Copy time is 0.0112938
 INFO: [selectTracesToBeUsedForMidpoint:181] Execution time for copying traces is 0.0120362s
 INFO: [saveStatisticalResults:102] Total execution time for selecting traces is 0.0282962s
 INFO: [saveStatisticalResults:104] Total execution time for kernels is 0.691006s
 INFO: [run:16] m0 = 7680
 INFO: [activate:15] Activating GPU#0
 INFO: [selectTracesToBeUsedForMidpoint:113] Selecting traces for m0 = 7680
 INFO: [copyOnlySelectedTracesToDevice:118] Selected 1403 traces
 INFO: [copyOnlySelectedTracesToDevice:152] Copy time is 0.0112997
 INFO: [selectTracesToBeUsedForMidpoint:181] Execution time for copying traces is 0.0120736s
 INFO: [saveStatisticalResults:102] Total execution time for selecting traces is 0.028508s
 INFO: [saveStatisticalResults:104] Total execution time for kernels is 0.680454s
 INFO: [run:16] m0 = 7840
 INFO: [activate:15] Activating GPU#0
 INFO: [selectTracesToBeUsedForMidpoint:113] Selecting traces for m0 = 7840
 INFO: [copyOnlySelectedTracesToDevice:118] Selected 1403 traces
 INFO: [copyOnlySelectedTracesToDevice:152] Copy time is 0.0112285
 INFO: [selectTracesToBeUsedForMidpoint:181] Execution time for copying traces is 0.0120197s
 INFO: [saveStatisticalResults:102] Total execution time for selecting traces is 0.0283052s
 INFO: [saveStatisticalResults:104] Total execution time for kernels is 0.683518s
 INFO: [run:16] m0 = 8000
 INFO: [activate:15] Activating GPU#0
 INFO: [selectTracesToBeUsedForMidpoint:113] Selecting traces for m0 = 8000
 INFO: [copyOnlySelectedTracesToDevice:118] Selected 1403 traces
 INFO: [copyOnlySelectedTracesToDevice:152] Copy time is 0.0112753
 INFO: [selectTracesToBeUsedForMidpoint:181] Execution time for copying traces is 0.0120268s
 INFO: [saveStatisticalResults:102] Total execution time for selecting traces is 0.0284399s
 INFO: [saveStatisticalResults:104] Total execution time for kernels is 0.672337s
 INFO: [run:16] m0 = 8160
 INFO: [activate:15] Activating GPU#0
 INFO: [selectTracesToBeUsedForMidpoint:113] Selecting traces for m0 = 8160
 INFO: [copyOnlySelectedTracesToDevice:118] Selected 1393 traces
 INFO: [copyOnlySelectedTracesToDevice:152] Copy time is 0.0112678
 INFO: [selectTracesToBeUsedForMidpoint:181] Execution time for copying traces is 0.0120399s
 INFO: [saveStatisticalResults:102] Total execution time for selecting traces is 0.0284466s
 INFO: [saveStatisticalResults:104] Total execution time for kernels is 0.673929s
 INFO: [run:16] m0 = 8320
 INFO: [activate:15] Activating GPU#0
 INFO: [selectTracesToBeUsedForMidpoint:113] Selecting traces for m0 = 8320
 INFO: [copyOnlySelectedTracesToDevice:118] Selected 1367 traces
 INFO: [copyOnlySelectedTracesToDevice:152] Copy time is 0.0109762
 INFO: [selectTracesToBeUsedForMidpoint:181] Execution time for copying traces is 0.0117389s
 INFO: [saveStatisticalResults:102] Total execution time for selecting traces is 0.028203s
 INFO: [saveStatisticalResults:104] Total execution time for kernels is 0.679748s
 INFO: [run:16] m0 = 8480
 INFO: [activate:15] Activating GPU#0
 INFO: [selectTracesToBeUsedForMidpoint:113] Selecting traces for m0 = 8480
 INFO: [copyOnlySelectedTracesToDevice:118] Selected 1325 traces
 INFO: [copyOnlySelectedTracesToDevice:152] Copy time is 0.0107027
 INFO: [selectTracesToBeUsedForMidpoint:181] Execution time for copying traces is 0.0114621s
 INFO: [saveStatisticalResults:102] Total execution time for selecting traces is 0.0278368s
 INFO: [saveStatisticalResults:104] Total execution time for kernels is 0.674089s
 INFO: [run:16] m0 = 8640
 INFO: [activate:15] Activating GPU#0
 INFO: [selectTracesToBeUsedForMidpoint:113] Selecting traces for m0 = 8640
 INFO: [copyOnlySelectedTracesToDevice:118] Selected 1267 traces
 INFO: [copyOnlySelectedTracesToDevice:152] Copy time is 0.0101705
 INFO: [selectTracesToBeUsedForMidpoint:181] Execution time for copying traces is 0.0108994s
 INFO: [saveStatisticalResults:102] Total execution time for selecting traces is 0.0272927s
 INFO: [saveStatisticalResults:104] Total execution time for kernels is 0.666587s
 INFO: [run:16] m0 = 8800
 INFO: [activate:15] Activating GPU#0
 INFO: [selectTracesToBeUsedForMidpoint:113] Selecting traces for m0 = 8800
 INFO: [copyOnlySelectedTracesToDevice:118] Selected 1193 traces
 INFO: [copyOnlySelectedTracesToDevice:152] Copy time is 0.0095614
 INFO: [selectTracesToBeUsedForMidpoint:181] Execution time for copying traces is 0.0102866s
 INFO: [saveStatisticalResults:102] Total execution time for selecting traces is 0.0266713s
 INFO: [saveStatisticalResults:104] Total execution time for kernels is 0.623445s
 INFO: [run:16] m0 = 8960
 INFO: [activate:15] Activating GPU#0
 INFO: [selectTracesToBeUsedForMidpoint:113] Selecting traces for m0 = 8960
 INFO: [copyOnlySelectedTracesToDevice:118] Selected 1103 traces
 INFO: [copyOnlySelectedTracesToDevice:152] Copy time is 0.00885101
 INFO: [selectTracesToBeUsedForMidpoint:181] Execution time for copying traces is 0.00956174s
 INFO: [saveStatisticalResults:102] Total execution time for selecting traces is 0.0259574s
 INFO: [saveStatisticalResults:104] Total execution time for kernels is 0.583957s
 INFO: [run:16] m0 = 9120
 INFO: [activate:15] Activating GPU#0
 INFO: [selectTracesToBeUsedForMidpoint:113] Selecting traces for m0 = 9120
 INFO: [copyOnlySelectedTracesToDevice:118] Selected 997 traces
 INFO: [copyOnlySelectedTracesToDevice:152] Copy time is 0.0080009
 INFO: [selectTracesToBeUsedForMidpoint:181] Execution time for copying traces is 0.00866266s
 INFO: [saveStatisticalResults:102] Total execution time for selecting traces is 0.0250328s
 INFO: [saveStatisticalResults:104] Total execution time for kernels is 0.501161s
 INFO: [run:16] m0 = 9280
 INFO: [activate:15] Activating GPU#0
 INFO: [selectTracesToBeUsedForMidpoint:113] Selecting traces for m0 = 9280
 INFO: [copyOnlySelectedTracesToDevice:118] Selected 875 traces
 INFO: [copyOnlySelectedTracesToDevice:152] Copy time is 0.0070414
 INFO: [selectTracesToBeUsedForMidpoint:181] Execution time for copying traces is 0.00765352s
 INFO: [saveStatisticalResults:102] Total execution time for selecting traces is 0.0240272s
 INFO: [saveStatisticalResults:104] Total execution time for kernels is 0.394488s
 INFO: [run:16] m0 = 9440
 INFO: [activate:15] Activating GPU#0
 INFO: [selectTracesToBeUsedForMidpoint:113] Selecting traces for m0 = 9440
 INFO: [copyOnlySelectedTracesToDevice:118] Selected 737 traces
 INFO: [copyOnlySelectedTracesToDevice:152] Copy time is 0.00594641
 INFO: [selectTracesToBeUsedForMidpoint:181] Execution time for copying traces is 0.0065573s
 INFO: [saveStatisticalResults:102] Total execution time for selecting traces is 0.02295s
 INFO: [saveStatisticalResults:104] Total execution time for kernels is 0.268469s
 INFO: [run:16] m0 = 9600
 INFO: [activate:15] Activating GPU#0
 INFO: [selectTracesToBeUsedForMidpoint:113] Selecting traces for m0 = 9600
 INFO: [copyOnlySelectedTracesToDevice:118] Selected 583 traces
 INFO: [copyOnlySelectedTracesToDevice:152] Copy time is 0.00470991
 INFO: [selectTracesToBeUsedForMidpoint:181] Execution time for copying traces is 0.00521307s
 INFO: [saveStatisticalResults:102] Total execution time for selecting traces is 0.0215887s
 INFO: [saveStatisticalResults:104] Total execution time for kernels is 0.145549s
 INFO: [run:16] m0 = 9760
 INFO: [activate:15] Activating GPU#0
 INFO: [selectTracesToBeUsedForMidpoint:113] Selecting traces for m0 = 9760
 INFO: [copyOnlySelectedTracesToDevice:118] Selected 413 traces
 INFO: [copyOnlySelectedTracesToDevice:152] Copy time is 0.0037663
 INFO: [selectTracesToBeUsedForMidpoint:181] Execution time for copying traces is 0.00433883s
 INFO: [saveStatisticalResults:102] Total execution time for selecting traces is 0.0469245s
 INFO: [saveStatisticalResults:104] Total execution time for kernels is 0.086666s
 INFO: [run:16] m0 = 9920
 INFO: [activate:15] Activating GPU#0
 INFO: [selectTracesToBeUsedForMidpoint:113] Selecting traces for m0 = 9920
 INFO: [copyOnlySelectedTracesToDevice:118] Selected 230 traces
 INFO: [copyOnlySelectedTracesToDevice:152] Copy time is 0.00207603
 INFO: [selectTracesToBeUsedForMidpoint:181] Execution time for copying traces is 0.00253611s
 INFO: [saveStatisticalResults:102] Total execution time for selecting traces is 0.0451065s
 INFO: [saveStatisticalResults:104] Total execution time for kernels is 0.0338975s
