 INFO: [readGatherFromFile:119] Number of CDPs = 445
 INFO: [readGatherFromFile:120] Number of traces in the gather = 9200
 INFO: [readGatherFromFile:121] Number of samples per trace = 2502
 INFO: [initialize:24] Initializing traveltime
 INFO: [buildZeroOffsetCommonReflectionSurface:66] Upper bound for A is 0.000866025
 INFO: [buildZeroOffsetCommonReflectionSurface:67] Upper bound for B is 1.97531e-06
 INFO: [initialize:28] Factory initialized
 INFO: [create_worker:27] Device count is 0
 INFO: [parseComputeAlgorithm:28] Generations = 32
 INFO: [parseComputeAlgorithm:32] Individuals per population = 32
 INFO: [run:16] m0 = 1200
 INFO: [activate:15] Activating GPU#0
 INFO: [activate:15] Activating GPU#0
 INFO: [activate:15] Activating GPU#0
 INFO: [selectTracesToBeUsedForMidpoint:113] Selecting traces for m0 = 1200
 INFO: [copyOnlySelectedTracesToDevice:118] Selected 56 traces
 INFO: [copyOnlySelectedTracesToDevice:152] Copy time is 0.000543773
 INFO: [selectTracesToBeUsedForMidpoint:181] Execution time for copying traces is 0.000613787s
 INFO: [saveStatisticalResults:102] Total execution time for selecting traces is 0.000678155s
 INFO: [saveStatisticalResults:104] Total execution time for kernels is 0.0620291s
 INFO: [run:16] m0 = 1360
 INFO: [activate:15] Activating GPU#0
 INFO: [selectTracesToBeUsedForMidpoint:113] Selecting traces for m0 = 1360
 INFO: [copyOnlySelectedTracesToDevice:118] Selected 116 traces
 INFO: [copyOnlySelectedTracesToDevice:152] Copy time is 0.00113783
 INFO: [selectTracesToBeUsedForMidpoint:181] Execution time for copying traces is 0.00126459s
 INFO: [saveStatisticalResults:102] Total execution time for selecting traces is 0.00134057s
 INFO: [saveStatisticalResults:104] Total execution time for kernels is 0.117071s
 INFO: [run:16] m0 = 1520
 INFO: [activate:15] Activating GPU#0
 INFO: [selectTracesToBeUsedForMidpoint:113] Selecting traces for m0 = 1520
 INFO: [copyOnlySelectedTracesToDevice:118] Selected 176 traces
 INFO: [copyOnlySelectedTracesToDevice:152] Copy time is 0.00172376
 INFO: [selectTracesToBeUsedForMidpoint:181] Execution time for copying traces is 0.00213864s
 INFO: [saveStatisticalResults:102] Total execution time for selecting traces is 0.00221821s
 INFO: [saveStatisticalResults:104] Total execution time for kernels is 0.176218s
 INFO: [run:16] m0 = 1680
 INFO: [activate:15] Activating GPU#0
 INFO: [selectTracesToBeUsedForMidpoint:113] Selecting traces for m0 = 1680
 INFO: [copyOnlySelectedTracesToDevice:118] Selected 236 traces
 INFO: [copyOnlySelectedTracesToDevice:152] Copy time is 0.00214924
 INFO: [selectTracesToBeUsedForMidpoint:181] Execution time for copying traces is 0.00262274s
 INFO: [saveStatisticalResults:102] Total execution time for selecting traces is 0.0027197s
 INFO: [saveStatisticalResults:104] Total execution time for kernels is 0.217402s
 INFO: [run:16] m0 = 1840
 INFO: [activate:15] Activating GPU#0
 INFO: [selectTracesToBeUsedForMidpoint:113] Selecting traces for m0 = 1840
 INFO: [copyOnlySelectedTracesToDevice:118] Selected 296 traces
 INFO: [copyOnlySelectedTracesToDevice:152] Copy time is 0.00250061
 INFO: [selectTracesToBeUsedForMidpoint:181] Execution time for copying traces is 0.00295239s
 INFO: [saveStatisticalResults:102] Total execution time for selecting traces is 0.00302676s
 INFO: [saveStatisticalResults:104] Total execution time for kernels is 0.246886s
 INFO: [run:16] m0 = 2000
 INFO: [activate:15] Activating GPU#0
 INFO: [selectTracesToBeUsedForMidpoint:113] Selecting traces for m0 = 2000
 INFO: [copyOnlySelectedTracesToDevice:118] Selected 336 traces
 INFO: [copyOnlySelectedTracesToDevice:152] Copy time is 0.00278006
 INFO: [selectTracesToBeUsedForMidpoint:181] Execution time for copying traces is 0.00326034s
 INFO: [saveStatisticalResults:102] Total execution time for selecting traces is 0.00334446s
 INFO: [saveStatisticalResults:104] Total execution time for kernels is 0.324012s
 INFO: [run:16] m0 = 2160
 INFO: [activate:15] Activating GPU#0
 INFO: [selectTracesToBeUsedForMidpoint:113] Selecting traces for m0 = 2160
 INFO: [copyOnlySelectedTracesToDevice:118] Selected 345 traces
 INFO: [copyOnlySelectedTracesToDevice:152] Copy time is 0.00281395
 INFO: [selectTracesToBeUsedForMidpoint:181] Execution time for copying traces is 0.00329191s
 INFO: [saveStatisticalResults:102] Total execution time for selecting traces is 0.00337375s
 INFO: [saveStatisticalResults:104] Total execution time for kernels is 0.303958s
 INFO: [run:16] m0 = 2320
 INFO: [activate:15] Activating GPU#0
 INFO: [selectTracesToBeUsedForMidpoint:113] Selecting traces for m0 = 2320
 INFO: [copyOnlySelectedTracesToDevice:118] Selected 345 traces
 INFO: [copyOnlySelectedTracesToDevice:152] Copy time is 0.00278697
 INFO: [selectTracesToBeUsedForMidpoint:181] Execution time for copying traces is 0.00321901s
 INFO: [saveStatisticalResults:102] Total execution time for selecting traces is 0.00328986s
 INFO: [saveStatisticalResults:104] Total execution time for kernels is 0.304073s
 INFO: [run:16] m0 = 2480
 INFO: [activate:15] Activating GPU#0
 INFO: [selectTracesToBeUsedForMidpoint:113] Selecting traces for m0 = 2480
 INFO: [copyOnlySelectedTracesToDevice:118] Selected 345 traces
 INFO: [copyOnlySelectedTracesToDevice:152] Copy time is 0.00283787
 INFO: [selectTracesToBeUsedForMidpoint:181] Execution time for copying traces is 0.00327402s
 INFO: [saveStatisticalResults:102] Total execution time for selecting traces is 0.00335184s
 INFO: [saveStatisticalResults:104] Total execution time for kernels is 0.304361s
 INFO: [run:16] m0 = 2640
 INFO: [activate:15] Activating GPU#0
 INFO: [selectTracesToBeUsedForMidpoint:113] Selecting traces for m0 = 2640
 INFO: [copyOnlySelectedTracesToDevice:118] Selected 345 traces
 INFO: [copyOnlySelectedTracesToDevice:152] Copy time is 0.00277575
 INFO: [selectTracesToBeUsedForMidpoint:181] Execution time for copying traces is 0.0032099s
 INFO: [saveStatisticalResults:102] Total execution time for selecting traces is 0.00329487s
 INFO: [saveStatisticalResults:104] Total execution time for kernels is 0.30151s
 INFO: [run:16] m0 = 2800
 INFO: [activate:15] Activating GPU#0
 INFO: [selectTracesToBeUsedForMidpoint:113] Selecting traces for m0 = 2800
 INFO: [copyOnlySelectedTracesToDevice:118] Selected 345 traces
 INFO: [copyOnlySelectedTracesToDevice:152] Copy time is 0.0028042
 INFO: [selectTracesToBeUsedForMidpoint:181] Execution time for copying traces is 0.00325397s
 INFO: [saveStatisticalResults:102] Total execution time for selecting traces is 0.00333268s
 INFO: [saveStatisticalResults:104] Total execution time for kernels is 0.308024s
 INFO: [run:16] m0 = 2960
 INFO: [activate:15] Activating GPU#0
 INFO: [selectTracesToBeUsedForMidpoint:113] Selecting traces for m0 = 2960
 INFO: [copyOnlySelectedTracesToDevice:118] Selected 345 traces
 INFO: [copyOnlySelectedTracesToDevice:152] Copy time is 0.00276885
 INFO: [selectTracesToBeUsedForMidpoint:181] Execution time for copying traces is 0.00319518s
 INFO: [saveStatisticalResults:102] Total execution time for selecting traces is 0.0032717s
 INFO: [saveStatisticalResults:104] Total execution time for kernels is 0.305944s
 INFO: [run:16] m0 = 3120
 INFO: [activate:15] Activating GPU#0
 INFO: [selectTracesToBeUsedForMidpoint:113] Selecting traces for m0 = 3120
 INFO: [copyOnlySelectedTracesToDevice:118] Selected 345 traces
 INFO: [copyOnlySelectedTracesToDevice:152] Copy time is 0.00288286
 INFO: [selectTracesToBeUsedForMidpoint:181] Execution time for copying traces is 0.00334847s
 INFO: [saveStatisticalResults:102] Total execution time for selecting traces is 0.00343367s
 INFO: [saveStatisticalResults:104] Total execution time for kernels is 0.304332s
 INFO: [run:16] m0 = 3280
 INFO: [activate:15] Activating GPU#0
 INFO: [selectTracesToBeUsedForMidpoint:113] Selecting traces for m0 = 3280
 INFO: [copyOnlySelectedTracesToDevice:118] Selected 345 traces
 INFO: [copyOnlySelectedTracesToDevice:152] Copy time is 0.00276746
 INFO: [selectTracesToBeUsedForMidpoint:181] Execution time for copying traces is 0.00321088s
 INFO: [saveStatisticalResults:102] Total execution time for selecting traces is 0.00329261s
 INFO: [saveStatisticalResults:104] Total execution time for kernels is 0.314945s
 INFO: [run:16] m0 = 3440
 INFO: [activate:15] Activating GPU#0
 INFO: [selectTracesToBeUsedForMidpoint:113] Selecting traces for m0 = 3440
 INFO: [copyOnlySelectedTracesToDevice:118] Selected 345 traces
 INFO: [copyOnlySelectedTracesToDevice:152] Copy time is 0.00278757
 INFO: [selectTracesToBeUsedForMidpoint:181] Execution time for copying traces is 0.00327593s
 INFO: [saveStatisticalResults:102] Total execution time for selecting traces is 0.00334871s
 INFO: [saveStatisticalResults:104] Total execution time for kernels is 0.304827s
 INFO: [run:16] m0 = 3600
 INFO: [activate:15] Activating GPU#0
 INFO: [selectTracesToBeUsedForMidpoint:113] Selecting traces for m0 = 3600
 INFO: [copyOnlySelectedTracesToDevice:118] Selected 345 traces
 INFO: [copyOnlySelectedTracesToDevice:152] Copy time is 0.00276478
 INFO: [selectTracesToBeUsedForMidpoint:181] Execution time for copying traces is 0.00319085s
 INFO: [saveStatisticalResults:102] Total execution time for selecting traces is 0.00326104s
 INFO: [saveStatisticalResults:104] Total execution time for kernels is 0.302229s
 INFO: [run:16] m0 = 3760
 INFO: [activate:15] Activating GPU#0
 INFO: [selectTracesToBeUsedForMidpoint:113] Selecting traces for m0 = 3760
 INFO: [copyOnlySelectedTracesToDevice:118] Selected 345 traces
 INFO: [copyOnlySelectedTracesToDevice:152] Copy time is 0.00280215
 INFO: [selectTracesToBeUsedForMidpoint:181] Execution time for copying traces is 0.00324353s
 INFO: [saveStatisticalResults:102] Total execution time for selecting traces is 0.0033163s
 INFO: [saveStatisticalResults:104] Total execution time for kernels is 0.312382s
 INFO: [run:16] m0 = 3920
 INFO: [activate:15] Activating GPU#0
 INFO: [selectTracesToBeUsedForMidpoint:113] Selecting traces for m0 = 3920
 INFO: [copyOnlySelectedTracesToDevice:118] Selected 345 traces
 INFO: [copyOnlySelectedTracesToDevice:152] Copy time is 0.0027641
 INFO: [selectTracesToBeUsedForMidpoint:181] Execution time for copying traces is 0.00320927s
 INFO: [saveStatisticalResults:102] Total execution time for selecting traces is 0.00328292s
 INFO: [saveStatisticalResults:104] Total execution time for kernels is 0.312099s
 INFO: [run:16] m0 = 4080
 INFO: [activate:15] Activating GPU#0
 INFO: [selectTracesToBeUsedForMidpoint:113] Selecting traces for m0 = 4080
 INFO: [copyOnlySelectedTracesToDevice:118] Selected 345 traces
 INFO: [copyOnlySelectedTracesToDevice:152] Copy time is 0.00281457
 INFO: [selectTracesToBeUsedForMidpoint:181] Execution time for copying traces is 0.0033098s
 INFO: [saveStatisticalResults:102] Total execution time for selecting traces is 0.00340088s
 INFO: [saveStatisticalResults:104] Total execution time for kernels is 0.304846s
 INFO: [run:16] m0 = 4240
 INFO: [activate:15] Activating GPU#0
 INFO: [selectTracesToBeUsedForMidpoint:113] Selecting traces for m0 = 4240
 INFO: [copyOnlySelectedTracesToDevice:118] Selected 345 traces
 INFO: [copyOnlySelectedTracesToDevice:152] Copy time is 0.00283899
 INFO: [selectTracesToBeUsedForMidpoint:181] Execution time for copying traces is 0.00331112s
 INFO: [saveStatisticalResults:102] Total execution time for selecting traces is 0.00340161s
 INFO: [saveStatisticalResults:104] Total execution time for kernels is 0.306779s
 INFO: [run:16] m0 = 4400
 INFO: [activate:15] Activating GPU#0
 INFO: [selectTracesToBeUsedForMidpoint:113] Selecting traces for m0 = 4400
 INFO: [copyOnlySelectedTracesToDevice:118] Selected 345 traces
 INFO: [copyOnlySelectedTracesToDevice:152] Copy time is 0.0028131
 INFO: [selectTracesToBeUsedForMidpoint:181] Execution time for copying traces is 0.00329332s
 INFO: [saveStatisticalResults:102] Total execution time for selecting traces is 0.00338696s
 INFO: [saveStatisticalResults:104] Total execution time for kernels is 0.306615s
 INFO: [run:16] m0 = 4560
 INFO: [activate:15] Activating GPU#0
 INFO: [selectTracesToBeUsedForMidpoint:113] Selecting traces for m0 = 4560
 INFO: [copyOnlySelectedTracesToDevice:118] Selected 345 traces
 INFO: [copyOnlySelectedTracesToDevice:152] Copy time is 0.00283501
 INFO: [selectTracesToBeUsedForMidpoint:181] Execution time for copying traces is 0.0033025s
 INFO: [saveStatisticalResults:102] Total execution time for selecting traces is 0.00340386s
 INFO: [saveStatisticalResults:104] Total execution time for kernels is 0.296336s
 INFO: [run:16] m0 = 4720
 INFO: [activate:15] Activating GPU#0
 INFO: [selectTracesToBeUsedForMidpoint:113] Selecting traces for m0 = 4720
 INFO: [copyOnlySelectedTracesToDevice:118] Selected 345 traces
 INFO: [copyOnlySelectedTracesToDevice:152] Copy time is 0.00276155
 INFO: [selectTracesToBeUsedForMidpoint:181] Execution time for copying traces is 0.00319953s
 INFO: [saveStatisticalResults:102] Total execution time for selecting traces is 0.00327094s
 INFO: [saveStatisticalResults:104] Total execution time for kernels is 0.331051s
 INFO: [run:16] m0 = 4880
 INFO: [activate:15] Activating GPU#0
 INFO: [selectTracesToBeUsedForMidpoint:113] Selecting traces for m0 = 4880
 INFO: [copyOnlySelectedTracesToDevice:118] Selected 345 traces
 INFO: [copyOnlySelectedTracesToDevice:152] Copy time is 0.00279495
 INFO: [selectTracesToBeUsedForMidpoint:181] Execution time for copying traces is 0.00323785s
 INFO: [saveStatisticalResults:102] Total execution time for selecting traces is 0.00331061s
 INFO: [saveStatisticalResults:104] Total execution time for kernels is 0.303532s
 INFO: [run:16] m0 = 5040
 INFO: [activate:15] Activating GPU#0
 INFO: [selectTracesToBeUsedForMidpoint:113] Selecting traces for m0 = 5040
 INFO: [copyOnlySelectedTracesToDevice:118] Selected 345 traces
 INFO: [copyOnlySelectedTracesToDevice:152] Copy time is 0.00283717
 INFO: [selectTracesToBeUsedForMidpoint:181] Execution time for copying traces is 0.00330595s
 INFO: [saveStatisticalResults:102] Total execution time for selecting traces is 0.00338953s
 INFO: [saveStatisticalResults:104] Total execution time for kernels is 0.3093s
 INFO: [run:16] m0 = 5200
 INFO: [activate:15] Activating GPU#0
 INFO: [selectTracesToBeUsedForMidpoint:113] Selecting traces for m0 = 5200
 INFO: [copyOnlySelectedTracesToDevice:118] Selected 345 traces
 INFO: [copyOnlySelectedTracesToDevice:152] Copy time is 0.00284009
 INFO: [selectTracesToBeUsedForMidpoint:181] Execution time for copying traces is 0.0033202s
 INFO: [saveStatisticalResults:102] Total execution time for selecting traces is 0.00342154s
 INFO: [saveStatisticalResults:104] Total execution time for kernels is 0.305048s
 INFO: [run:16] m0 = 5360
 INFO: [activate:15] Activating GPU#0
 INFO: [selectTracesToBeUsedForMidpoint:113] Selecting traces for m0 = 5360
 INFO: [copyOnlySelectedTracesToDevice:118] Selected 345 traces
 INFO: [copyOnlySelectedTracesToDevice:152] Copy time is 0.00279738
 INFO: [selectTracesToBeUsedForMidpoint:181] Execution time for copying traces is 0.00329155s
 INFO: [saveStatisticalResults:102] Total execution time for selecting traces is 0.00339555s
 INFO: [saveStatisticalResults:104] Total execution time for kernels is 0.304825s
 INFO: [run:16] m0 = 5520
 INFO: [activate:15] Activating GPU#0
 INFO: [selectTracesToBeUsedForMidpoint:113] Selecting traces for m0 = 5520
 INFO: [copyOnlySelectedTracesToDevice:118] Selected 345 traces
 INFO: [copyOnlySelectedTracesToDevice:152] Copy time is 0.00280262
 INFO: [selectTracesToBeUsedForMidpoint:181] Execution time for copying traces is 0.00326412s
 INFO: [saveStatisticalResults:102] Total execution time for selecting traces is 0.00336167s
 INFO: [saveStatisticalResults:104] Total execution time for kernels is 0.301964s
 INFO: [run:16] m0 = 5680
 INFO: [activate:15] Activating GPU#0
 INFO: [selectTracesToBeUsedForMidpoint:113] Selecting traces for m0 = 5680
 INFO: [copyOnlySelectedTracesToDevice:118] Selected 345 traces
 INFO: [copyOnlySelectedTracesToDevice:152] Copy time is 0.00284597
 INFO: [selectTracesToBeUsedForMidpoint:181] Execution time for copying traces is 0.00332383s
 INFO: [saveStatisticalResults:102] Total execution time for selecting traces is 0.0034044s
 INFO: [saveStatisticalResults:104] Total execution time for kernels is 0.304569s
 INFO: [run:16] m0 = 5840
 INFO: [activate:15] Activating GPU#0
 INFO: [selectTracesToBeUsedForMidpoint:113] Selecting traces for m0 = 5840
 INFO: [copyOnlySelectedTracesToDevice:118] Selected 345 traces
 INFO: [copyOnlySelectedTracesToDevice:152] Copy time is 0.00282287
 INFO: [selectTracesToBeUsedForMidpoint:181] Execution time for copying traces is 0.00329477s
 INFO: [saveStatisticalResults:102] Total execution time for selecting traces is 0.00338702s
 INFO: [saveStatisticalResults:104] Total execution time for kernels is 0.311194s
 INFO: [run:16] m0 = 6000
 INFO: [activate:15] Activating GPU#0
 INFO: [selectTracesToBeUsedForMidpoint:113] Selecting traces for m0 = 6000
 INFO: [copyOnlySelectedTracesToDevice:118] Selected 345 traces
 INFO: [copyOnlySelectedTracesToDevice:152] Copy time is 0.00284083
 INFO: [selectTracesToBeUsedForMidpoint:181] Execution time for copying traces is 0.00330139s
 INFO: [saveStatisticalResults:102] Total execution time for selecting traces is 0.00338695s
 INFO: [saveStatisticalResults:104] Total execution time for kernels is 0.301189s
 INFO: [run:16] m0 = 6160
 INFO: [activate:15] Activating GPU#0
 INFO: [selectTracesToBeUsedForMidpoint:113] Selecting traces for m0 = 6160
 INFO: [copyOnlySelectedTracesToDevice:118] Selected 345 traces
 INFO: [copyOnlySelectedTracesToDevice:152] Copy time is 0.00279235
 INFO: [selectTracesToBeUsedForMidpoint:181] Execution time for copying traces is 0.00323926s
 INFO: [saveStatisticalResults:102] Total execution time for selecting traces is 0.00331351s
 INFO: [saveStatisticalResults:104] Total execution time for kernels is 0.303112s
 INFO: [run:16] m0 = 6320
 INFO: [activate:15] Activating GPU#0
 INFO: [selectTracesToBeUsedForMidpoint:113] Selecting traces for m0 = 6320
 INFO: [copyOnlySelectedTracesToDevice:118] Selected 345 traces
 INFO: [copyOnlySelectedTracesToDevice:152] Copy time is 0.00280291
 INFO: [selectTracesToBeUsedForMidpoint:181] Execution time for copying traces is 0.00330306s
 INFO: [saveStatisticalResults:102] Total execution time for selecting traces is 0.00338005s
 INFO: [saveStatisticalResults:104] Total execution time for kernels is 0.305614s
 INFO: [run:16] m0 = 6480
 INFO: [activate:15] Activating GPU#0
 INFO: [selectTracesToBeUsedForMidpoint:113] Selecting traces for m0 = 6480
 INFO: [copyOnlySelectedTracesToDevice:118] Selected 345 traces
 INFO: [copyOnlySelectedTracesToDevice:152] Copy time is 0.00282959
 INFO: [selectTracesToBeUsedForMidpoint:181] Execution time for copying traces is 0.00330428s
 INFO: [saveStatisticalResults:102] Total execution time for selecting traces is 0.00337972s
 INFO: [saveStatisticalResults:104] Total execution time for kernels is 0.301779s
 INFO: [run:16] m0 = 6640
 INFO: [activate:15] Activating GPU#0
 INFO: [selectTracesToBeUsedForMidpoint:113] Selecting traces for m0 = 6640
 INFO: [copyOnlySelectedTracesToDevice:118] Selected 345 traces
 INFO: [copyOnlySelectedTracesToDevice:152] Copy time is 0.00285028
 INFO: [selectTracesToBeUsedForMidpoint:181] Execution time for copying traces is 0.00333937s
 INFO: [saveStatisticalResults:102] Total execution time for selecting traces is 0.00341843s
 INFO: [saveStatisticalResults:104] Total execution time for kernels is 0.30359s
 INFO: [run:16] m0 = 6800
 INFO: [activate:15] Activating GPU#0
 INFO: [selectTracesToBeUsedForMidpoint:113] Selecting traces for m0 = 6800
 INFO: [copyOnlySelectedTracesToDevice:118] Selected 345 traces
 INFO: [copyOnlySelectedTracesToDevice:152] Copy time is 0.00282557
 INFO: [selectTracesToBeUsedForMidpoint:181] Execution time for copying traces is 0.0032909s
 INFO: [saveStatisticalResults:102] Total execution time for selecting traces is 0.00336829s
 INFO: [saveStatisticalResults:104] Total execution time for kernels is 0.308062s
 INFO: [run:16] m0 = 6960
 INFO: [activate:15] Activating GPU#0
 INFO: [selectTracesToBeUsedForMidpoint:113] Selecting traces for m0 = 6960
 INFO: [copyOnlySelectedTracesToDevice:118] Selected 345 traces
 INFO: [copyOnlySelectedTracesToDevice:152] Copy time is 0.0028092
 INFO: [selectTracesToBeUsedForMidpoint:181] Execution time for copying traces is 0.00327955s
 INFO: [saveStatisticalResults:102] Total execution time for selecting traces is 0.00336698s
 INFO: [saveStatisticalResults:104] Total execution time for kernels is 0.302484s
 INFO: [run:16] m0 = 7120
 INFO: [activate:15] Activating GPU#0
 INFO: [selectTracesToBeUsedForMidpoint:113] Selecting traces for m0 = 7120
 INFO: [copyOnlySelectedTracesToDevice:118] Selected 345 traces
 INFO: [copyOnlySelectedTracesToDevice:152] Copy time is 0.00283524
 INFO: [selectTracesToBeUsedForMidpoint:181] Execution time for copying traces is 0.00330606s
 INFO: [saveStatisticalResults:102] Total execution time for selecting traces is 0.00340929s
 INFO: [saveStatisticalResults:104] Total execution time for kernels is 0.307495s
 INFO: [run:16] m0 = 7280
 INFO: [activate:15] Activating GPU#0
 INFO: [selectTracesToBeUsedForMidpoint:113] Selecting traces for m0 = 7280
 INFO: [copyOnlySelectedTracesToDevice:118] Selected 345 traces
 INFO: [copyOnlySelectedTracesToDevice:152] Copy time is 0.00282616
 INFO: [selectTracesToBeUsedForMidpoint:181] Execution time for copying traces is 0.0032958s
 INFO: [saveStatisticalResults:102] Total execution time for selecting traces is 0.00337755s
 INFO: [saveStatisticalResults:104] Total execution time for kernels is 0.332739s
 INFO: [run:16] m0 = 7440
 INFO: [activate:15] Activating GPU#0
 INFO: [selectTracesToBeUsedForMidpoint:113] Selecting traces for m0 = 7440
 INFO: [copyOnlySelectedTracesToDevice:118] Selected 345 traces
 INFO: [copyOnlySelectedTracesToDevice:152] Copy time is 0.0028621
 INFO: [selectTracesToBeUsedForMidpoint:181] Execution time for copying traces is 0.00333389s
 INFO: [saveStatisticalResults:102] Total execution time for selecting traces is 0.00341445s
 INFO: [saveStatisticalResults:104] Total execution time for kernels is 0.307316s
 INFO: [run:16] m0 = 7600
 INFO: [activate:15] Activating GPU#0
 INFO: [selectTracesToBeUsedForMidpoint:113] Selecting traces for m0 = 7600
 INFO: [copyOnlySelectedTracesToDevice:118] Selected 345 traces
 INFO: [copyOnlySelectedTracesToDevice:152] Copy time is 0.00279187
 INFO: [selectTracesToBeUsedForMidpoint:181] Execution time for copying traces is 0.00327115s
 INFO: [saveStatisticalResults:102] Total execution time for selecting traces is 0.0033571s
 INFO: [saveStatisticalResults:104] Total execution time for kernels is 0.302294s
 INFO: [run:16] m0 = 7760
 INFO: [activate:15] Activating GPU#0
 INFO: [selectTracesToBeUsedForMidpoint:113] Selecting traces for m0 = 7760
 INFO: [copyOnlySelectedTracesToDevice:118] Selected 345 traces
 INFO: [copyOnlySelectedTracesToDevice:152] Copy time is 0.00282061
 INFO: [selectTracesToBeUsedForMidpoint:181] Execution time for copying traces is 0.00328818s
 INFO: [saveStatisticalResults:102] Total execution time for selecting traces is 0.00338238s
 INFO: [saveStatisticalResults:104] Total execution time for kernels is 0.302028s
 INFO: [run:16] m0 = 7920
 INFO: [activate:15] Activating GPU#0
 INFO: [selectTracesToBeUsedForMidpoint:113] Selecting traces for m0 = 7920
 INFO: [copyOnlySelectedTracesToDevice:118] Selected 345 traces
 INFO: [copyOnlySelectedTracesToDevice:152] Copy time is 0.0028552
 INFO: [selectTracesToBeUsedForMidpoint:181] Execution time for copying traces is 0.00332143s
 INFO: [saveStatisticalResults:102] Total execution time for selecting traces is 0.00340474s
 INFO: [saveStatisticalResults:104] Total execution time for kernels is 0.301674s
 INFO: [run:16] m0 = 8080
 INFO: [activate:15] Activating GPU#0
 INFO: [selectTracesToBeUsedForMidpoint:113] Selecting traces for m0 = 8080
 INFO: [copyOnlySelectedTracesToDevice:118] Selected 345 traces
 INFO: [copyOnlySelectedTracesToDevice:152] Copy time is 0.00287957
 INFO: [selectTracesToBeUsedForMidpoint:181] Execution time for copying traces is 0.00336389s
 INFO: [saveStatisticalResults:102] Total execution time for selecting traces is 0.00344322s
 INFO: [saveStatisticalResults:104] Total execution time for kernels is 0.308768s
 INFO: [run:16] m0 = 8240
 INFO: [activate:15] Activating GPU#0
 INFO: [selectTracesToBeUsedForMidpoint:113] Selecting traces for m0 = 8240
 INFO: [copyOnlySelectedTracesToDevice:118] Selected 345 traces
 INFO: [copyOnlySelectedTracesToDevice:152] Copy time is 0.00282971
 INFO: [selectTracesToBeUsedForMidpoint:181] Execution time for copying traces is 0.00332951s
 INFO: [saveStatisticalResults:102] Total execution time for selecting traces is 0.00341518s
 INFO: [saveStatisticalResults:104] Total execution time for kernels is 0.308423s
 INFO: [run:16] m0 = 8400
 INFO: [activate:15] Activating GPU#0
 INFO: [selectTracesToBeUsedForMidpoint:113] Selecting traces for m0 = 8400
 INFO: [copyOnlySelectedTracesToDevice:118] Selected 345 traces
 INFO: [copyOnlySelectedTracesToDevice:152] Copy time is 0.0028314
 INFO: [selectTracesToBeUsedForMidpoint:181] Execution time for copying traces is 0.00328895s
 INFO: [saveStatisticalResults:102] Total execution time for selecting traces is 0.00336775s
 INFO: [saveStatisticalResults:104] Total execution time for kernels is 0.299341s
 INFO: [run:16] m0 = 8560
 INFO: [activate:15] Activating GPU#0
 INFO: [selectTracesToBeUsedForMidpoint:113] Selecting traces for m0 = 8560
 INFO: [copyOnlySelectedTracesToDevice:118] Selected 345 traces
 INFO: [copyOnlySelectedTracesToDevice:152] Copy time is 0.00285093
 INFO: [selectTracesToBeUsedForMidpoint:181] Execution time for copying traces is 0.00332598s
 INFO: [saveStatisticalResults:102] Total execution time for selecting traces is 0.00340355s
 INFO: [saveStatisticalResults:104] Total execution time for kernels is 0.332365s
 INFO: [run:16] m0 = 8720
 INFO: [activate:15] Activating GPU#0
 INFO: [selectTracesToBeUsedForMidpoint:113] Selecting traces for m0 = 8720
 INFO: [copyOnlySelectedTracesToDevice:118] Selected 345 traces
 INFO: [copyOnlySelectedTracesToDevice:152] Copy time is 0.00287461
 INFO: [selectTracesToBeUsedForMidpoint:181] Execution time for copying traces is 0.00334789s
 INFO: [saveStatisticalResults:102] Total execution time for selecting traces is 0.00343306s
 INFO: [saveStatisticalResults:104] Total execution time for kernels is 0.305107s
 INFO: [run:16] m0 = 8880
 INFO: [activate:15] Activating GPU#0
 INFO: [selectTracesToBeUsedForMidpoint:113] Selecting traces for m0 = 8880
 INFO: [copyOnlySelectedTracesToDevice:118] Selected 345 traces
 INFO: [copyOnlySelectedTracesToDevice:152] Copy time is 0.00282471
 INFO: [selectTracesToBeUsedForMidpoint:181] Execution time for copying traces is 0.00331191s
 INFO: [saveStatisticalResults:102] Total execution time for selecting traces is 0.00338853s
 INFO: [saveStatisticalResults:104] Total execution time for kernels is 0.305553s
 INFO: [run:16] m0 = 9040
 INFO: [activate:15] Activating GPU#0
 INFO: [selectTracesToBeUsedForMidpoint:113] Selecting traces for m0 = 9040
 INFO: [copyOnlySelectedTracesToDevice:118] Selected 333 traces
 INFO: [copyOnlySelectedTracesToDevice:152] Copy time is 0.00268418
 INFO: [selectTracesToBeUsedForMidpoint:181] Execution time for copying traces is 0.00313518s
 INFO: [saveStatisticalResults:102] Total execution time for selecting traces is 0.00324455s
 INFO: [saveStatisticalResults:104] Total execution time for kernels is 0.290968s
 INFO: [run:16] m0 = 9200
 INFO: [activate:15] Activating GPU#0
 INFO: [selectTracesToBeUsedForMidpoint:113] Selecting traces for m0 = 9200
 INFO: [copyOnlySelectedTracesToDevice:118] Selected 289 traces
 INFO: [copyOnlySelectedTracesToDevice:152] Copy time is 0.00238865
 INFO: [selectTracesToBeUsedForMidpoint:181] Execution time for copying traces is 0.00287106s
 INFO: [saveStatisticalResults:102] Total execution time for selecting traces is 0.00294899s
 INFO: [saveStatisticalResults:104] Total execution time for kernels is 0.244506s
 INFO: [run:16] m0 = 9360
 INFO: [activate:15] Activating GPU#0
 INFO: [selectTracesToBeUsedForMidpoint:113] Selecting traces for m0 = 9360
 INFO: [copyOnlySelectedTracesToDevice:118] Selected 229 traces
 INFO: [copyOnlySelectedTracesToDevice:152] Copy time is 0.00189341
 INFO: [selectTracesToBeUsedForMidpoint:181] Execution time for copying traces is 0.00234369s
 INFO: [saveStatisticalResults:102] Total execution time for selecting traces is 0.00242005s
 INFO: [saveStatisticalResults:104] Total execution time for kernels is 0.18622s
 INFO: [run:16] m0 = 9520
 INFO: [activate:15] Activating GPU#0
 INFO: [selectTracesToBeUsedForMidpoint:113] Selecting traces for m0 = 9520
 INFO: [copyOnlySelectedTracesToDevice:118] Selected 169 traces
 INFO: [copyOnlySelectedTracesToDevice:152] Copy time is 0.00138951
 INFO: [selectTracesToBeUsedForMidpoint:181] Execution time for copying traces is 0.00180239s
 INFO: [saveStatisticalResults:102] Total execution time for selecting traces is 0.00187693s
 INFO: [saveStatisticalResults:104] Total execution time for kernels is 0.132156s
 INFO: [run:16] m0 = 9680
 INFO: [activate:15] Activating GPU#0
 INFO: [selectTracesToBeUsedForMidpoint:113] Selecting traces for m0 = 9680
 INFO: [copyOnlySelectedTracesToDevice:118] Selected 109 traces
 INFO: [copyOnlySelectedTracesToDevice:152] Copy time is 0.00105004
 INFO: [selectTracesToBeUsedForMidpoint:181] Execution time for copying traces is 0.00132315s
 INFO: [saveStatisticalResults:102] Total execution time for selecting traces is 0.00142979s
 INFO: [saveStatisticalResults:104] Total execution time for kernels is 0.0875853s
 INFO: [run:16] m0 = 9840
 INFO: [activate:15] Activating GPU#0
 INFO: [selectTracesToBeUsedForMidpoint:113] Selecting traces for m0 = 9840
 INFO: [copyOnlySelectedTracesToDevice:118] Selected 49 traces
 INFO: [copyOnlySelectedTracesToDevice:152] Copy time is 0.000441298
 INFO: [selectTracesToBeUsedForMidpoint:181] Execution time for copying traces is 0.000568114s
 INFO: [saveStatisticalResults:102] Total execution time for selecting traces is 0.000655093s
 INFO: [saveStatisticalResults:104] Total execution time for kernels is 0.0395424s
