 INFO: Number of CDPs = 445
 INFO: Number of traces in the gather = 9200
 INFO: Number of samples per trace = 2502
 INFO: Starting worker threads...
 INFO: Computing semblance for m0 = 0
 INFO: Total execution time for kernels is 0.00387369s
 INFO: Computing semblance for m0 = 1080
 INFO: Total execution time for kernels is 0.286485s
 INFO: Computing semblance for m0 = 1100
 INFO: Total execution time for kernels is 0.251712s
 INFO: Computing semblance for m0 = 1120
 INFO: Total execution time for kernels is 0.24122s
 INFO: Computing semblance for m0 = 1140
 INFO: Total execution time for kernels is 0.253923s
 INFO: Computing semblance for m0 = 1160
 INFO: Total execution time for kernels is 0.265937s
 INFO: Computing semblance for m0 = 1180
 INFO: Total execution time for kernels is 0.277035s
 INFO: Computing semblance for m0 = 1200
 INFO: Total execution time for kernels is 0.289282s
 INFO: Computing semblance for m0 = 1220
 INFO: Total execution time for kernels is 0.294793s
 INFO: Computing semblance for m0 = 1240
 INFO: Total execution time for kernels is 0.302219s
 INFO: Computing semblance for m0 = 1260
 INFO: Total execution time for kernels is 0.315842s
 INFO: Computing semblance for m0 = 1280
 INFO: Total execution time for kernels is 0.329541s
 INFO: Computing semblance for m0 = 1300
 INFO: Total execution time for kernels is 0.342981s
 INFO: Computing semblance for m0 = 1320
 INFO: Total execution time for kernels is 0.361074s
 INFO: Computing semblance for m0 = 1340
 INFO: Total execution time for kernels is 0.378843s
 INFO: Computing semblance for m0 = 1360
 INFO: Total execution time for kernels is 0.39816s
 INFO: Computing semblance for m0 = 1380
 INFO: Total execution time for kernels is 0.421278s
 INFO: Computing semblance for m0 = 1400
 INFO: Total execution time for kernels is 0.446527s
 INFO: Computing semblance for m0 = 1420
 INFO: Total execution time for kernels is 0.481465s
 INFO: Computing semblance for m0 = 1440
 INFO: Total execution time for kernels is 0.505472s
 INFO: Computing semblance for m0 = 1460
 INFO: Total execution time for kernels is 0.534153s
 INFO: Computing semblance for m0 = 1480
 INFO: Total execution time for kernels is 0.565417s
 INFO: Computing semblance for m0 = 1500
 INFO: Total execution time for kernels is 0.606067s
 INFO: Computing semblance for m0 = 1520
 INFO: Total execution time for kernels is 0.642484s
 INFO: Computing semblance for m0 = 1540
 INFO: Total execution time for kernels is 0.686615s
 INFO: Computing semblance for m0 = 1560
 INFO: Total execution time for kernels is 0.721379s
 INFO: Computing semblance for m0 = 1580
 INFO: Total execution time for kernels is 0.759054s
 INFO: Computing semblance for m0 = 1600
 INFO: Total execution time for kernels is 0.796873s
 INFO: Computing semblance for m0 = 1620
 INFO: Total execution time for kernels is 0.829761s
 INFO: Computing semblance for m0 = 1640
 INFO: Total execution time for kernels is 0.864732s
 INFO: Computing semblance for m0 = 1660
 INFO: Total execution time for kernels is 0.903249s
 INFO: Computing semblance for m0 = 1680
 INFO: Total execution time for kernels is 0.944745s
 INFO: Computing semblance for m0 = 1700
 INFO: Total execution time for kernels is 0.979855s
 INFO: Computing semblance for m0 = 1720
 INFO: Total execution time for kernels is 1.01396s
 INFO: Computing semblance for m0 = 1740
 INFO: Total execution time for kernels is 1.05917s
 INFO: Computing semblance for m0 = 1760
 INFO: Total execution time for kernels is 1.09441s
 INFO: Computing semblance for m0 = 1780
 INFO: Total execution time for kernels is 1.13564s
 INFO: Computing semblance for m0 = 1800
 INFO: Total execution time for kernels is 1.1795s
 INFO: Computing semblance for m0 = 1820
 INFO: Total execution time for kernels is 1.21899s
 INFO: Computing semblance for m0 = 1840
 INFO: Total execution time for kernels is 1.25598s
 INFO: Computing semblance for m0 = 1860
 INFO: Total execution time for kernels is 1.28464s
 INFO: Computing semblance for m0 = 1880
 INFO: Total execution time for kernels is 1.32597s
 INFO: Computing semblance for m0 = 1900
 INFO: Total execution time for kernels is 1.34847s
 INFO: Computing semblance for m0 = 1920
 INFO: Total execution time for kernels is 1.37558s
 INFO: Computing semblance for m0 = 1940
 INFO: Total execution time for kernels is 1.39953s
 INFO: Computing semblance for m0 = 1960
 INFO: Total execution time for kernels is 1.42244s
 INFO: Computing semblance for m0 = 1980
 INFO: Total execution time for kernels is 1.43914s
 INFO: Computing semblance for m0 = 2000
 INFO: Total execution time for kernels is 1.45952s
 INFO: Computing semblance for m0 = 2020
 INFO: Total execution time for kernels is 1.46656s
 INFO: Computing semblance for m0 = 2040
 INFO: Total execution time for kernels is 1.4794s
 INFO: Computing semblance for m0 = 2060
 INFO: Total execution time for kernels is 1.48977s
 INFO: Computing semblance for m0 = 2080
 INFO: Total execution time for kernels is 1.50069s
 INFO: Computing semblance for m0 = 2100
 INFO: Total execution time for kernels is 1.49595s
 INFO: Computing semblance for m0 = 2120
 INFO: Total execution time for kernels is 1.50498s
 INFO: Computing semblance for m0 = 2140
 INFO: Total execution time for kernels is 1.50748s
 INFO: Computing semblance for m0 = 2160
 INFO: Total execution time for kernels is 1.5105s
 INFO: Computing semblance for m0 = 2180
 INFO: Total execution time for kernels is 1.50135s
 INFO: Computing semblance for m0 = 2200
 INFO: Total execution time for kernels is 1.5052s
 INFO: Computing semblance for m0 = 2220
 INFO: Total execution time for kernels is 1.50871s
 INFO: Computing semblance for m0 = 2240
 INFO: Total execution time for kernels is 1.5007s
 INFO: Computing semblance for m0 = 2260
 INFO: Total execution time for kernels is 1.51398s
 INFO: Computing semblance for m0 = 2280
 INFO: Total execution time for kernels is 1.50912s
 INFO: Computing semblance for m0 = 2300
 INFO: Total execution time for kernels is 1.50482s
 INFO: Computing semblance for m0 = 2320
 INFO: Total execution time for kernels is 1.50519s
 INFO: Computing semblance for m0 = 2340
 INFO: Total execution time for kernels is 1.5134s
 INFO: Computing semblance for m0 = 2360
 INFO: Total execution time for kernels is 1.50772s
 INFO: Computing semblance for m0 = 2380
 INFO: Total execution time for kernels is 1.50443s
 INFO: Computing semblance for m0 = 2400
 INFO: Total execution time for kernels is 1.50319s
 INFO: Computing semblance for m0 = 2420
 INFO: Total execution time for kernels is 1.51467s
 INFO: Computing semblance for m0 = 2440
 INFO: Total execution time for kernels is 1.51726s
 INFO: Computing semblance for m0 = 2460
 INFO: Total execution time for kernels is 1.51677s
 INFO: Computing semblance for m0 = 2480
 INFO: Total execution time for kernels is 1.51147s
 INFO: Computing semblance for m0 = 2500
 INFO: Total execution time for kernels is 1.511s
 INFO: Computing semblance for m0 = 2520
 INFO: Total execution time for kernels is 1.51927s
 INFO: Computing semblance for m0 = 2540
 INFO: Total execution time for kernels is 1.51869s
 INFO: Computing semblance for m0 = 2560
 INFO: Total execution time for kernels is 1.50546s
 INFO: Computing semblance for m0 = 2580
 INFO: Total execution time for kernels is 1.51067s
 INFO: Computing semblance for m0 = 2600
 INFO: Total execution time for kernels is 1.52595s
 INFO: Computing semblance for m0 = 2620
 INFO: Total execution time for kernels is 1.51836s
 INFO: Computing semblance for m0 = 2640
 INFO: Total execution time for kernels is 1.52112s
 INFO: Computing semblance for m0 = 2660
 INFO: Total execution time for kernels is 1.5201s
 INFO: Computing semblance for m0 = 2680
 INFO: Total execution time for kernels is 1.52433s
 INFO: Computing semblance for m0 = 2700
 INFO: Total execution time for kernels is 1.52888s
 INFO: Computing semblance for m0 = 2720
 INFO: Total execution time for kernels is 1.51207s
 INFO: Computing semblance for m0 = 2740
 INFO: Total execution time for kernels is 1.52747s
 INFO: Computing semblance for m0 = 2760
 INFO: Total execution time for kernels is 1.52214s
 INFO: Computing semblance for m0 = 2780
 INFO: Total execution time for kernels is 1.52159s
 INFO: Computing semblance for m0 = 2800
 INFO: Total execution time for kernels is 1.51385s
 INFO: Computing semblance for m0 = 2820
 INFO: Total execution time for kernels is 1.51226s
 INFO: Computing semblance for m0 = 2840
 INFO: Total execution time for kernels is 1.52251s
 INFO: Computing semblance for m0 = 2860
 INFO: Total execution time for kernels is 1.52481s
 INFO: Computing semblance for m0 = 2880
 INFO: Total execution time for kernels is 1.52766s
 INFO: Computing semblance for m0 = 2900
 INFO: Total execution time for kernels is 1.52135s
 INFO: Computing semblance for m0 = 2920
 INFO: Total execution time for kernels is 1.51879s
 INFO: Computing semblance for m0 = 2940
 INFO: Total execution time for kernels is 1.51822s
 INFO: Computing semblance for m0 = 2960
 INFO: Total execution time for kernels is 1.50742s
 INFO: Computing semblance for m0 = 2980
 INFO: Total execution time for kernels is 1.51284s
 INFO: Computing semblance for m0 = 3000
 INFO: Total execution time for kernels is 1.51462s
 INFO: Computing semblance for m0 = 3020
 INFO: Total execution time for kernels is 1.51228s
 INFO: Computing semblance for m0 = 3040
 INFO: Total execution time for kernels is 1.50939s
 INFO: Computing semblance for m0 = 3060
 INFO: Total execution time for kernels is 1.51625s
 INFO: Computing semblance for m0 = 3080
 INFO: Total execution time for kernels is 1.52512s
 INFO: Computing semblance for m0 = 3100
 INFO: Total execution time for kernels is 1.51447s
 INFO: Computing semblance for m0 = 3120
 INFO: Total execution time for kernels is 1.51761s
 INFO: Computing semblance for m0 = 3140
 INFO: Total execution time for kernels is 1.51861s
 INFO: Computing semblance for m0 = 3160
 INFO: Total execution time for kernels is 1.51778s
 INFO: Computing semblance for m0 = 3180
 INFO: Total execution time for kernels is 1.51881s
 INFO: Computing semblance for m0 = 3200
 INFO: Total execution time for kernels is 1.51289s
 INFO: Computing semblance for m0 = 3220
 INFO: Total execution time for kernels is 1.51667s
 INFO: Computing semblance for m0 = 3240
 INFO: Total execution time for kernels is 1.51018s
 INFO: Computing semblance for m0 = 3260
 INFO: Total execution time for kernels is 1.51369s
 INFO: Computing semblance for m0 = 3280
 INFO: Total execution time for kernels is 1.50567s
 INFO: Computing semblance for m0 = 3300
 INFO: Total execution time for kernels is 1.5047s
 INFO: Computing semblance for m0 = 3320
 INFO: Total execution time for kernels is 1.50249s
 INFO: Computing semblance for m0 = 3340
 INFO: Total execution time for kernels is 1.50985s
 INFO: Computing semblance for m0 = 3360
 INFO: Total execution time for kernels is 1.50235s
 INFO: Computing semblance for m0 = 3380
 INFO: Total execution time for kernels is 1.5096s
 INFO: Computing semblance for m0 = 3400
 INFO: Total execution time for kernels is 1.50154s
 INFO: Computing semblance for m0 = 3420
 INFO: Total execution time for kernels is 1.5081s
 INFO: Computing semblance for m0 = 3440
 INFO: Total execution time for kernels is 1.50853s
 INFO: Computing semblance for m0 = 3460
 INFO: Total execution time for kernels is 1.5092s
 INFO: Computing semblance for m0 = 3480
 INFO: Total execution time for kernels is 1.50286s
 INFO: Computing semblance for m0 = 3500
 INFO: Total execution time for kernels is 1.50557s
 INFO: Computing semblance for m0 = 3520
 INFO: Total execution time for kernels is 1.49644s
 INFO: Computing semblance for m0 = 3540
 INFO: Total execution time for kernels is 1.49884s
 INFO: Computing semblance for m0 = 3560
 INFO: Total execution time for kernels is 1.50269s
 INFO: Computing semblance for m0 = 3580
 INFO: Total execution time for kernels is 1.4919s
 INFO: Computing semblance for m0 = 3600
 INFO: Total execution time for kernels is 1.4973s
 INFO: Computing semblance for m0 = 3620
 INFO: Total execution time for kernels is 1.50188s
 INFO: Computing semblance for m0 = 3640
 INFO: Total execution time for kernels is 1.49825s
 INFO: Computing semblance for m0 = 3660
 INFO: Total execution time for kernels is 1.49336s
 INFO: Computing semblance for m0 = 3680
 INFO: Total execution time for kernels is 1.49625s
 INFO: Computing semblance for m0 = 3700
 INFO: Total execution time for kernels is 1.49985s
 INFO: Computing semblance for m0 = 3720
 INFO: Total execution time for kernels is 1.49415s
 INFO: Computing semblance for m0 = 3740
 INFO: Total execution time for kernels is 1.50524s
 INFO: Computing semblance for m0 = 3760
 INFO: Total execution time for kernels is 1.50239s
 INFO: Computing semblance for m0 = 3780
 INFO: Total execution time for kernels is 1.50202s
 INFO: Computing semblance for m0 = 3800
 INFO: Total execution time for kernels is 1.49705s
 INFO: Computing semblance for m0 = 3820
 INFO: Total execution time for kernels is 1.50574s
 INFO: Computing semblance for m0 = 3840
 INFO: Total execution time for kernels is 1.49957s
 INFO: Computing semblance for m0 = 3860
 INFO: Total execution time for kernels is 1.50455s
 INFO: Computing semblance for m0 = 3880
 INFO: Total execution time for kernels is 1.50044s
 INFO: Computing semblance for m0 = 3900
 INFO: Total execution time for kernels is 1.50458s
 INFO: Computing semblance for m0 = 3920
 INFO: Total execution time for kernels is 1.49893s
 INFO: Computing semblance for m0 = 3940
 INFO: Total execution time for kernels is 1.50157s
 INFO: Computing semblance for m0 = 3960
 INFO: Total execution time for kernels is 1.50073s
 INFO: Computing semblance for m0 = 3980
 INFO: Total execution time for kernels is 1.5026s
 INFO: Computing semblance for m0 = 4000
 INFO: Total execution time for kernels is 1.49145s
 INFO: Computing semblance for m0 = 4020
 INFO: Total execution time for kernels is 1.49292s
 INFO: Computing semblance for m0 = 4040
 INFO: Total execution time for kernels is 1.48776s
 INFO: Computing semblance for m0 = 4060
 INFO: Total execution time for kernels is 1.49692s
 INFO: Computing semblance for m0 = 4080
 INFO: Total execution time for kernels is 1.49377s
 INFO: Computing semblance for m0 = 4100
 INFO: Total execution time for kernels is 1.49479s
 INFO: Computing semblance for m0 = 4120
 INFO: Total execution time for kernels is 1.49359s
 INFO: Computing semblance for m0 = 4140
 INFO: Total execution time for kernels is 1.49779s
 INFO: Computing semblance for m0 = 4160
 INFO: Total execution time for kernels is 1.4962s
 INFO: Computing semblance for m0 = 4180
 INFO: Total execution time for kernels is 1.49601s
 INFO: Computing semblance for m0 = 4200
 INFO: Total execution time for kernels is 1.49434s
 INFO: Computing semblance for m0 = 4220
 INFO: Total execution time for kernels is 1.50448s
 INFO: Computing semblance for m0 = 4240
 INFO: Total execution time for kernels is 1.50598s
 INFO: Computing semblance for m0 = 4260
 INFO: Total execution time for kernels is 1.50255s
 INFO: Computing semblance for m0 = 4280
 INFO: Total execution time for kernels is 1.50765s
 INFO: Computing semblance for m0 = 4300
 INFO: Total execution time for kernels is 1.50875s
 INFO: Computing semblance for m0 = 4320
 INFO: Total execution time for kernels is 1.49927s
 INFO: Computing semblance for m0 = 4340
 INFO: Total execution time for kernels is 1.502s
 INFO: Computing semblance for m0 = 4360
 INFO: Total execution time for kernels is 1.498s
 INFO: Computing semblance for m0 = 4380
 INFO: Total execution time for kernels is 1.50827s
 INFO: Computing semblance for m0 = 4400
 INFO: Total execution time for kernels is 1.49794s
 INFO: Computing semblance for m0 = 4420
 INFO: Total execution time for kernels is 1.50919s
 INFO: Computing semblance for m0 = 4440
 INFO: Total execution time for kernels is 1.50428s
 INFO: Computing semblance for m0 = 4460
 INFO: Total execution time for kernels is 1.51127s
 INFO: Computing semblance for m0 = 4480
 INFO: Total execution time for kernels is 1.50835s
 INFO: Computing semblance for m0 = 4500
 INFO: Total execution time for kernels is 1.50648s
 INFO: Computing semblance for m0 = 4520
 INFO: Total execution time for kernels is 1.50089s
 INFO: Computing semblance for m0 = 4540
 INFO: Total execution time for kernels is 1.50556s
 INFO: Computing semblance for m0 = 4560
 INFO: Total execution time for kernels is 1.50202s
 INFO: Computing semblance for m0 = 4580
 INFO: Total execution time for kernels is 1.50868s
 INFO: Computing semblance for m0 = 4600
 INFO: Total execution time for kernels is 1.5005s
 INFO: Computing semblance for m0 = 4620
 INFO: Total execution time for kernels is 1.49255s
 INFO: Computing semblance for m0 = 4640
 INFO: Total execution time for kernels is 1.49052s
 INFO: Computing semblance for m0 = 4660
 INFO: Total execution time for kernels is 1.49712s
 INFO: Computing semblance for m0 = 4680
 INFO: Total execution time for kernels is 1.49246s
 INFO: Computing semblance for m0 = 4700
 INFO: Total execution time for kernels is 1.49414s
 INFO: Computing semblance for m0 = 4720
 INFO: Total execution time for kernels is 1.49428s
 INFO: Computing semblance for m0 = 4740
 INFO: Total execution time for kernels is 1.50315s
 INFO: Computing semblance for m0 = 4760
 INFO: Total execution time for kernels is 1.50238s
 INFO: Computing semblance for m0 = 4780
 INFO: Total execution time for kernels is 1.50883s
 INFO: Computing semblance for m0 = 4800
 INFO: Total execution time for kernels is 1.50349s
 INFO: Computing semblance for m0 = 4820
 INFO: Total execution time for kernels is 1.51118s
 INFO: Computing semblance for m0 = 4840
 INFO: Total execution time for kernels is 1.50822s
 INFO: Computing semblance for m0 = 4860
 INFO: Total execution time for kernels is 1.51582s
 INFO: Computing semblance for m0 = 4880
 INFO: Total execution time for kernels is 1.51706s
 INFO: Computing semblance for m0 = 4900
 INFO: Total execution time for kernels is 1.51947s
 INFO: Computing semblance for m0 = 4920
 INFO: Total execution time for kernels is 1.51741s
 INFO: Computing semblance for m0 = 4940
 INFO: Total execution time for kernels is 1.51849s
 INFO: Computing semblance for m0 = 4960
 INFO: Total execution time for kernels is 1.51868s
 INFO: Computing semblance for m0 = 4980
 INFO: Total execution time for kernels is 1.52086s
 INFO: Computing semblance for m0 = 5000
 INFO: Total execution time for kernels is 1.52025s
 INFO: Computing semblance for m0 = 5020
 INFO: Total execution time for kernels is 1.52458s
 INFO: Computing semblance for m0 = 5040
 INFO: Total execution time for kernels is 1.51839s
 INFO: Computing semblance for m0 = 5060
 INFO: Total execution time for kernels is 1.52443s
 INFO: Computing semblance for m0 = 5080
 INFO: Total execution time for kernels is 1.51898s
 INFO: Computing semblance for m0 = 5100
 INFO: Total execution time for kernels is 1.51567s
 INFO: Computing semblance for m0 = 5120
 INFO: Total execution time for kernels is 1.51222s
 INFO: Computing semblance for m0 = 5140
 INFO: Total execution time for kernels is 1.51664s
 INFO: Computing semblance for m0 = 5160
 INFO: Total execution time for kernels is 1.514s
 INFO: Computing semblance for m0 = 5180
 INFO: Total execution time for kernels is 1.52306s
 INFO: Computing semblance for m0 = 5200
 INFO: Total execution time for kernels is 1.51865s
 INFO: Computing semblance for m0 = 5220
 INFO: Total execution time for kernels is 1.5244s
 INFO: Computing semblance for m0 = 5240
 INFO: Total execution time for kernels is 1.51822s
 INFO: Computing semblance for m0 = 5260
 INFO: Total execution time for kernels is 1.52239s
 INFO: Computing semblance for m0 = 5280
 INFO: Total execution time for kernels is 1.52384s
 INFO: Computing semblance for m0 = 5300
 INFO: Total execution time for kernels is 1.52322s
 INFO: Computing semblance for m0 = 5320
 INFO: Total execution time for kernels is 1.51789s
 INFO: Computing semblance for m0 = 5340
 INFO: Total execution time for kernels is 1.52316s
 INFO: Computing semblance for m0 = 5360
 INFO: Total execution time for kernels is 1.51168s
 INFO: Computing semblance for m0 = 5380
 INFO: Total execution time for kernels is 1.51893s
 INFO: Computing semblance for m0 = 5400
 INFO: Total execution time for kernels is 1.51731s
 INFO: Computing semblance for m0 = 5420
 INFO: Total execution time for kernels is 1.51487s
 INFO: Computing semblance for m0 = 5440
 INFO: Total execution time for kernels is 1.51042s
 INFO: Computing semblance for m0 = 5460
 INFO: Total execution time for kernels is 1.50861s
 INFO: Computing semblance for m0 = 5480
 INFO: Total execution time for kernels is 1.50482s
 INFO: Computing semblance for m0 = 5500
 INFO: Total execution time for kernels is 1.50722s
 INFO: Computing semblance for m0 = 5520
 INFO: Total execution time for kernels is 1.4989s
 INFO: Computing semblance for m0 = 5540
 INFO: Total execution time for kernels is 1.50751s
 INFO: Computing semblance for m0 = 5560
 INFO: Total execution time for kernels is 1.50628s
 INFO: Computing semblance for m0 = 5580
 INFO: Total execution time for kernels is 1.49971s
 INFO: Computing semblance for m0 = 5600
 INFO: Total execution time for kernels is 1.50785s
 INFO: Computing semblance for m0 = 5620
 INFO: Total execution time for kernels is 1.51239s
 INFO: Computing semblance for m0 = 5640
 INFO: Total execution time for kernels is 1.50823s
 INFO: Computing semblance for m0 = 5660
 INFO: Total execution time for kernels is 1.51031s
 INFO: Computing semblance for m0 = 5680
 INFO: Total execution time for kernels is 1.5161s
 INFO: Computing semblance for m0 = 5700
 INFO: Total execution time for kernels is 1.51995s
 INFO: Computing semblance for m0 = 5720
 INFO: Total execution time for kernels is 1.52298s
 INFO: Computing semblance for m0 = 5740
 INFO: Total execution time for kernels is 1.52275s
 INFO: Computing semblance for m0 = 5760
 INFO: Total execution time for kernels is 1.5256s
 INFO: Computing semblance for m0 = 5780
 INFO: Total execution time for kernels is 1.52245s
 INFO: Computing semblance for m0 = 5800
 INFO: Total execution time for kernels is 1.52129s
 INFO: Computing semblance for m0 = 5820
 INFO: Total execution time for kernels is 1.53227s
 INFO: Computing semblance for m0 = 5840
 INFO: Total execution time for kernels is 1.51654s
 INFO: Computing semblance for m0 = 5860
 INFO: Total execution time for kernels is 1.52572s
 INFO: Computing semblance for m0 = 5880
 INFO: Total execution time for kernels is 1.5181s
 INFO: Computing semblance for m0 = 5900
 INFO: Total execution time for kernels is 1.5226s
 INFO: Computing semblance for m0 = 5920
 INFO: Total execution time for kernels is 1.51718s
 INFO: Computing semblance for m0 = 5940
 INFO: Total execution time for kernels is 1.52282s
 INFO: Computing semblance for m0 = 5960
 INFO: Total execution time for kernels is 1.50773s
 INFO: Computing semblance for m0 = 5980
 INFO: Total execution time for kernels is 1.50143s
 INFO: Computing semblance for m0 = 6000
 INFO: Total execution time for kernels is 1.49992s
 INFO: Computing semblance for m0 = 6020
 INFO: Total execution time for kernels is 1.50383s
 INFO: Computing semblance for m0 = 6040
 INFO: Total execution time for kernels is 1.50153s
 INFO: Computing semblance for m0 = 6060
 INFO: Total execution time for kernels is 1.50888s
 INFO: Computing semblance for m0 = 6080
 INFO: Total execution time for kernels is 1.50316s
 INFO: Computing semblance for m0 = 6100
 INFO: Total execution time for kernels is 1.50292s
 INFO: Computing semblance for m0 = 6120
 INFO: Total execution time for kernels is 1.50453s
 INFO: Computing semblance for m0 = 6140
 INFO: Total execution time for kernels is 1.5183s
 INFO: Computing semblance for m0 = 6160
 INFO: Total execution time for kernels is 1.49978s
 INFO: Computing semblance for m0 = 6180
 INFO: Total execution time for kernels is 1.51059s
 INFO: Computing semblance for m0 = 6200
 INFO: Total execution time for kernels is 1.51284s
 INFO: Computing semblance for m0 = 6220
 INFO: Total execution time for kernels is 1.51584s
 INFO: Computing semblance for m0 = 6240
 INFO: Total execution time for kernels is 1.50505s
 INFO: Computing semblance for m0 = 6260
 INFO: Total execution time for kernels is 1.51202s
 INFO: Computing semblance for m0 = 6280
 INFO: Total execution time for kernels is 1.50372s
 INFO: Computing semblance for m0 = 6300
 INFO: Total execution time for kernels is 1.5114s
 INFO: Computing semblance for m0 = 6320
 INFO: Total execution time for kernels is 1.50732s
 INFO: Computing semblance for m0 = 6340
 INFO: Total execution time for kernels is 1.51413s
 INFO: Computing semblance for m0 = 6360
 INFO: Total execution time for kernels is 1.51095s
 INFO: Computing semblance for m0 = 6380
 INFO: Total execution time for kernels is 1.51675s
 INFO: Computing semblance for m0 = 6400
 INFO: Total execution time for kernels is 1.50772s
 INFO: Computing semblance for m0 = 6420
 INFO: Total execution time for kernels is 1.52323s
 INFO: Computing semblance for m0 = 6440
 INFO: Total execution time for kernels is 1.51767s
 INFO: Computing semblance for m0 = 6460
 INFO: Total execution time for kernels is 1.52768s
 INFO: Computing semblance for m0 = 6480
 INFO: Total execution time for kernels is 1.51253s
 INFO: Computing semblance for m0 = 6500
 INFO: Total execution time for kernels is 1.52057s
 INFO: Computing semblance for m0 = 6520
 INFO: Total execution time for kernels is 1.52055s
 INFO: Computing semblance for m0 = 6540
 INFO: Total execution time for kernels is 1.52007s
 INFO: Computing semblance for m0 = 6560
 INFO: Total execution time for kernels is 1.51931s
 INFO: Computing semblance for m0 = 6580
 INFO: Total execution time for kernels is 1.51614s
 INFO: Computing semblance for m0 = 6600
 INFO: Total execution time for kernels is 1.5181s
 INFO: Computing semblance for m0 = 6620
 INFO: Total execution time for kernels is 1.51507s
 INFO: Computing semblance for m0 = 6640
 INFO: Total execution time for kernels is 1.51689s
 INFO: Computing semblance for m0 = 6660
 INFO: Total execution time for kernels is 1.52002s
 INFO: Computing semblance for m0 = 6680
 INFO: Total execution time for kernels is 1.51255s
 INFO: Computing semblance for m0 = 6700
 INFO: Total execution time for kernels is 1.5159s
 INFO: Computing semblance for m0 = 6720
 INFO: Total execution time for kernels is 1.50823s
 INFO: Computing semblance for m0 = 6740
 INFO: Total execution time for kernels is 1.50956s
 INFO: Computing semblance for m0 = 6760
 INFO: Total execution time for kernels is 1.52019s
 INFO: Computing semblance for m0 = 6780
 INFO: Total execution time for kernels is 1.5229s
 INFO: Computing semblance for m0 = 6800
 INFO: Total execution time for kernels is 1.51085s
 INFO: Computing semblance for m0 = 6820
 INFO: Total execution time for kernels is 1.51827s
 INFO: Computing semblance for m0 = 6840
 INFO: Total execution time for kernels is 1.512s
 INFO: Computing semblance for m0 = 6860
 INFO: Total execution time for kernels is 1.51479s
 INFO: Computing semblance for m0 = 6880
 INFO: Total execution time for kernels is 1.51416s
 INFO: Computing semblance for m0 = 6900
 INFO: Total execution time for kernels is 1.52479s
 INFO: Computing semblance for m0 = 6920
 INFO: Total execution time for kernels is 1.52738s
 INFO: Computing semblance for m0 = 6940
 INFO: Total execution time for kernels is 1.52134s
 INFO: Computing semblance for m0 = 6960
 INFO: Total execution time for kernels is 1.51968s
 INFO: Computing semblance for m0 = 6980
 INFO: Total execution time for kernels is 1.52251s
 INFO: Computing semblance for m0 = 7000
 INFO: Total execution time for kernels is 1.51996s
 INFO: Computing semblance for m0 = 7020
 INFO: Total execution time for kernels is 1.52396s
 INFO: Computing semblance for m0 = 7040
 INFO: Total execution time for kernels is 1.52654s
 INFO: Computing semblance for m0 = 7060
 INFO: Total execution time for kernels is 1.53194s
 INFO: Computing semblance for m0 = 7080
 INFO: Total execution time for kernels is 1.53044s
 INFO: Computing semblance for m0 = 7100
 INFO: Total execution time for kernels is 1.53337s
 INFO: Computing semblance for m0 = 7120
 INFO: Total execution time for kernels is 1.53219s
 INFO: Computing semblance for m0 = 7140
 INFO: Total execution time for kernels is 1.53038s
 INFO: Computing semblance for m0 = 7160
 INFO: Total execution time for kernels is 1.53144s
 INFO: Computing semblance for m0 = 7180
 INFO: Total execution time for kernels is 1.5319s
 INFO: Computing semblance for m0 = 7200
 INFO: Total execution time for kernels is 1.5463s
 INFO: Computing semblance for m0 = 7220
 INFO: Total execution time for kernels is 1.54008s
 INFO: Computing semblance for m0 = 7240
 INFO: Total execution time for kernels is 1.53801s
 INFO: Computing semblance for m0 = 7260
 INFO: Total execution time for kernels is 1.54135s
 INFO: Computing semblance for m0 = 7280
 INFO: Total execution time for kernels is 1.52683s
 INFO: Computing semblance for m0 = 7300
 INFO: Total execution time for kernels is 1.52885s
 INFO: Computing semblance for m0 = 7320
 INFO: Total execution time for kernels is 1.53034s
 INFO: Computing semblance for m0 = 7340
 INFO: Total execution time for kernels is 1.52535s
 INFO: Computing semblance for m0 = 7360
 INFO: Total execution time for kernels is 1.52145s
 INFO: Computing semblance for m0 = 7380
 INFO: Total execution time for kernels is 1.5321s
 INFO: Computing semblance for m0 = 7400
 INFO: Total execution time for kernels is 1.53002s
 INFO: Computing semblance for m0 = 7420
 INFO: Total execution time for kernels is 1.53484s
 INFO: Computing semblance for m0 = 7440
 INFO: Total execution time for kernels is 1.53369s
 INFO: Computing semblance for m0 = 7460
 INFO: Total execution time for kernels is 1.54524s
 INFO: Computing semblance for m0 = 7480
 INFO: Total execution time for kernels is 1.53383s
 INFO: Computing semblance for m0 = 7500
 INFO: Total execution time for kernels is 1.53791s
 INFO: Computing semblance for m0 = 7520
 INFO: Total execution time for kernels is 1.54091s
 INFO: Computing semblance for m0 = 7540
 INFO: Total execution time for kernels is 1.53225s
 INFO: Computing semblance for m0 = 7560
 INFO: Total execution time for kernels is 1.52363s
 INFO: Computing semblance for m0 = 7580
 INFO: Total execution time for kernels is 1.53034s
 INFO: Computing semblance for m0 = 7600
 INFO: Total execution time for kernels is 1.53085s
 INFO: Computing semblance for m0 = 7620
 INFO: Total execution time for kernels is 1.53352s
 INFO: Computing semblance for m0 = 7640
 INFO: Total execution time for kernels is 1.53552s
 INFO: Computing semblance for m0 = 7660
 INFO: Total execution time for kernels is 1.53252s
 INFO: Computing semblance for m0 = 7680
 INFO: Total execution time for kernels is 1.5219s
 INFO: Computing semblance for m0 = 7700
 INFO: Total execution time for kernels is 1.5262s
 INFO: Computing semblance for m0 = 7720
 INFO: Total execution time for kernels is 1.51908s
 INFO: Computing semblance for m0 = 7740
 INFO: Total execution time for kernels is 1.52393s
 INFO: Computing semblance for m0 = 7760
 INFO: Total execution time for kernels is 1.51986s
 INFO: Computing semblance for m0 = 7780
 INFO: Total execution time for kernels is 1.53002s
 INFO: Computing semblance for m0 = 7800
 INFO: Total execution time for kernels is 1.52106s
 INFO: Computing semblance for m0 = 7820
 INFO: Total execution time for kernels is 1.52798s
 INFO: Computing semblance for m0 = 7840
 INFO: Total execution time for kernels is 1.52591s
 INFO: Computing semblance for m0 = 7860
 INFO: Total execution time for kernels is 1.52084s
 INFO: Computing semblance for m0 = 7880
 INFO: Total execution time for kernels is 1.52324s
 INFO: Computing semblance for m0 = 7900
 INFO: Total execution time for kernels is 1.5274s
 INFO: Computing semblance for m0 = 7920
 INFO: Total execution time for kernels is 1.51747s
 INFO: Computing semblance for m0 = 7940
 INFO: Total execution time for kernels is 1.52336s
 INFO: Computing semblance for m0 = 7960
 INFO: Total execution time for kernels is 1.51723s
 INFO: Computing semblance for m0 = 7980
 INFO: Total execution time for kernels is 1.52454s
 INFO: Computing semblance for m0 = 8000
 INFO: Total execution time for kernels is 1.51471s
 INFO: Computing semblance for m0 = 8020
 INFO: Total execution time for kernels is 1.52426s
 INFO: Computing semblance for m0 = 8040
 INFO: Total execution time for kernels is 1.51611s
 INFO: Computing semblance for m0 = 8060
 INFO: Total execution time for kernels is 1.52803s
 INFO: Computing semblance for m0 = 8080
 INFO: Total execution time for kernels is 1.51984s
 INFO: Computing semblance for m0 = 8100
 INFO: Total execution time for kernels is 1.52688s
 INFO: Computing semblance for m0 = 8120
 INFO: Total execution time for kernels is 1.52018s
 INFO: Computing semblance for m0 = 8140
 INFO: Total execution time for kernels is 1.52346s
 INFO: Computing semblance for m0 = 8160
 INFO: Total execution time for kernels is 1.51721s
 INFO: Computing semblance for m0 = 8180
 INFO: Total execution time for kernels is 1.51502s
 INFO: Computing semblance for m0 = 8200
 INFO: Total execution time for kernels is 1.51447s
 INFO: Computing semblance for m0 = 8220
 INFO: Total execution time for kernels is 1.52013s
 INFO: Computing semblance for m0 = 8240
 INFO: Total execution time for kernels is 1.50952s
 INFO: Computing semblance for m0 = 8260
 INFO: Total execution time for kernels is 1.5195s
 INFO: Computing semblance for m0 = 8280
 INFO: Total execution time for kernels is 1.50863s
 INFO: Computing semblance for m0 = 8300
 INFO: Total execution time for kernels is 1.5112s
 INFO: Computing semblance for m0 = 8320
 INFO: Total execution time for kernels is 1.51002s
 INFO: Computing semblance for m0 = 8340
 INFO: Total execution time for kernels is 1.51479s
 INFO: Computing semblance for m0 = 8360
 INFO: Total execution time for kernels is 1.50043s
 INFO: Computing semblance for m0 = 8380
 INFO: Total execution time for kernels is 1.50502s
 INFO: Computing semblance for m0 = 8400
 INFO: Total execution time for kernels is 1.49226s
 INFO: Computing semblance for m0 = 8420
 INFO: Total execution time for kernels is 1.49696s
 INFO: Computing semblance for m0 = 8440
 INFO: Total execution time for kernels is 1.49124s
 INFO: Computing semblance for m0 = 8460
 INFO: Total execution time for kernels is 1.4925s
 INFO: Computing semblance for m0 = 8480
 INFO: Total execution time for kernels is 1.48279s
 INFO: Computing semblance for m0 = 8500
 INFO: Total execution time for kernels is 1.47736s
 INFO: Computing semblance for m0 = 8520
 INFO: Total execution time for kernels is 1.47106s
 INFO: Computing semblance for m0 = 8540
 INFO: Total execution time for kernels is 1.48586s
 INFO: Computing semblance for m0 = 8560
 INFO: Total execution time for kernels is 1.46968s
 INFO: Computing semblance for m0 = 8580
 INFO: Total execution time for kernels is 1.4736s
 INFO: Computing semblance for m0 = 8600
 INFO: Total execution time for kernels is 1.46315s
 INFO: Computing semblance for m0 = 8620
 INFO: Total execution time for kernels is 1.46083s
 INFO: Computing semblance for m0 = 8640
 INFO: Total execution time for kernels is 1.45686s
 INFO: Computing semblance for m0 = 8660
 INFO: Total execution time for kernels is 1.45423s
 INFO: Computing semblance for m0 = 8680
 INFO: Total execution time for kernels is 1.4383s
 INFO: Computing semblance for m0 = 8700
 INFO: Total execution time for kernels is 1.43535s
 INFO: Computing semblance for m0 = 8720
 INFO: Total execution time for kernels is 1.42989s
 INFO: Computing semblance for m0 = 8740
 INFO: Total execution time for kernels is 1.41806s
 INFO: Computing semblance for m0 = 8760
 INFO: Total execution time for kernels is 1.41313s
 INFO: Computing semblance for m0 = 8780
 INFO: Total execution time for kernels is 1.40937s
 INFO: Computing semblance for m0 = 8800
 INFO: Total execution time for kernels is 1.38993s
 INFO: Computing semblance for m0 = 8820
 INFO: Total execution time for kernels is 1.37443s
 INFO: Computing semblance for m0 = 8840
 INFO: Total execution time for kernels is 1.36334s
 INFO: Computing semblance for m0 = 8860
 INFO: Total execution time for kernels is 1.3688s
 INFO: Computing semblance for m0 = 8880
 INFO: Total execution time for kernels is 1.3461s
 INFO: Computing semblance for m0 = 8900
 INFO: Total execution time for kernels is 1.338s
 INFO: Computing semblance for m0 = 8920
 INFO: Total execution time for kernels is 1.32379s
 INFO: Computing semblance for m0 = 8940
 INFO: Total execution time for kernels is 1.30924s
 INFO: Computing semblance for m0 = 8960
 INFO: Total execution time for kernels is 1.29907s
 INFO: Computing semblance for m0 = 8980
 INFO: Total execution time for kernels is 1.27868s
 INFO: Computing semblance for m0 = 9000
 INFO: Total execution time for kernels is 1.25857s
 INFO: Computing semblance for m0 = 9020
 INFO: Total execution time for kernels is 1.23457s
 INFO: Computing semblance for m0 = 9040
 INFO: Total execution time for kernels is 1.21437s
 INFO: Computing semblance for m0 = 9060
 INFO: Total execution time for kernels is 1.2046s
 INFO: Computing semblance for m0 = 9080
 INFO: Total execution time for kernels is 1.17767s
 INFO: Computing semblance for m0 = 9100
 INFO: Total execution time for kernels is 1.15559s
 INFO: Computing semblance for m0 = 9120
 INFO: Total execution time for kernels is 1.13831s
 INFO: Computing semblance for m0 = 9140
 INFO: Total execution time for kernels is 1.1122s
 INFO: Computing semblance for m0 = 9160
 INFO: Total execution time for kernels is 1.08247s
 INFO: Computing semblance for m0 = 9180
 INFO: Total execution time for kernels is 1.06327s
 INFO: Computing semblance for m0 = 9200
 INFO: Total execution time for kernels is 1.02909s
 INFO: Computing semblance for m0 = 9220
 INFO: Total execution time for kernels is 1.01078s
 INFO: Computing semblance for m0 = 9240
 INFO: Total execution time for kernels is 0.978381s
 INFO: Computing semblance for m0 = 9260
 INFO: Total execution time for kernels is 0.957194s
 INFO: Computing semblance for m0 = 9280
 INFO: Total execution time for kernels is 0.919947s
 INFO: Computing semblance for m0 = 9300
 INFO: Total execution time for kernels is 0.906253s
 INFO: Computing semblance for m0 = 9320
 INFO: Total execution time for kernels is 0.868503s
 INFO: Computing semblance for m0 = 9340
 INFO: Total execution time for kernels is 0.83561s
 INFO: Computing semblance for m0 = 9360
 INFO: Total execution time for kernels is 0.806732s
 INFO: Computing semblance for m0 = 9380
 INFO: Total execution time for kernels is 0.775083s
 INFO: Computing semblance for m0 = 9400
 INFO: Total execution time for kernels is 0.740433s
 INFO: Computing semblance for m0 = 9420
 INFO: Total execution time for kernels is 0.711684s
 INFO: Computing semblance for m0 = 9440
 INFO: Total execution time for kernels is 0.678813s
 INFO: Computing semblance for m0 = 9460
 INFO: Total execution time for kernels is 0.652174s
 INFO: Computing semblance for m0 = 9480
 INFO: Total execution time for kernels is 0.614731s
 INFO: Computing semblance for m0 = 9500
 INFO: Total execution time for kernels is 0.592631s
 INFO: Computing semblance for m0 = 9520
 INFO: Total execution time for kernels is 0.553511s
 INFO: Computing semblance for m0 = 9540
 INFO: Total execution time for kernels is 0.522947s
 INFO: Computing semblance for m0 = 9560
 INFO: Total execution time for kernels is 0.497313s
 INFO: Computing semblance for m0 = 9580
 INFO: Total execution time for kernels is 0.467558s
 INFO: Computing semblance for m0 = 9600
 INFO: Total execution time for kernels is 0.437807s
 INFO: Computing semblance for m0 = 9620
 INFO: Total execution time for kernels is 0.403637s
 INFO: Computing semblance for m0 = 9640
 INFO: Total execution time for kernels is 0.379815s
 INFO: Computing semblance for m0 = 9660
 INFO: Total execution time for kernels is 0.348399s
 INFO: Computing semblance for m0 = 9680
 INFO: Total execution time for kernels is 0.327104s
 INFO: Computing semblance for m0 = 9700
 INFO: Total execution time for kernels is 0.293902s
 INFO: Computing semblance for m0 = 9720
 INFO: Total execution time for kernels is 0.268237s
 INFO: Computing semblance for m0 = 9740
 INFO: Total execution time for kernels is 0.248822s
 INFO: Computing semblance for m0 = 9760
 INFO: Total execution time for kernels is 0.217674s
 INFO: Computing semblance for m0 = 9780
 INFO: Total execution time for kernels is 0.200655s
 INFO: Computing semblance for m0 = 9800
 INFO: Total execution time for kernels is 0.176432s
 INFO: Computing semblance for m0 = 9820
 INFO: Total execution time for kernels is 0.157388s
 INFO: Computing semblance for m0 = 9840
 INFO: Total execution time for kernels is 0.134913s
 INFO: Computing semblance for m0 = 9860
 INFO: Total execution time for kernels is 0.12049s
 INFO: Computing semblance for m0 = 9880
 INFO: Total execution time for kernels is 0.104018s
 INFO: Computing semblance for m0 = 9900
 INFO: Total execution time for kernels is 0.0921291s
 INFO: Computing semblance for m0 = 9920
 INFO: Total execution time for kernels is 0.077666s
 INFO: Computing semblance for m0 = 9940
 INFO: Total execution time for kernels is 0.0694759s
 INFO: Average of efficiency is 0.237894
 INFO: Average of interpolations_per_sec is 1.12646e+10
 INFO: Average of selected_traces is 1264.16
 INFO: Average of total_selection_kernel_exec_time is 0.0724386
 INFO: Average of total_kernel_exec_time is 1.32926
 INFO: Driver init. duration is 0.0507988 s
 INFO: Read gather duration is 0.110466 s
 INFO: Parse args. duration is 0.000216096 s
 INFO: Worker threads duration is 628.008 s
 INFO: Dump results duration is 0.508018 s
 INFO: Thread/block is 64
 INFO: Results written to /home/ubuntu/nfs/out/55766d4e2_master_p2.xlarge/oct/de/cuda/simple-synthetic_1/simple-synthetic_de_oct_20210307_2242/
 INFO: It took 628.688s to compute.
