 INFO: Number of CDPs = 445
 INFO: Number of traces in the gather = 9200
 INFO: Number of samples per trace = 2502
 INFO: Starting worker threads...
 INFO: Computing semblance for m0 = 0
 INFO: Total execution time for kernels is 0.00308359s
 INFO: Computing semblance for m0 = 1080
 INFO: Total execution time for kernels is 0.10891s
 INFO: Computing semblance for m0 = 1100
 INFO: Total execution time for kernels is 0.129694s
 INFO: Computing semblance for m0 = 1120
 INFO: Total execution time for kernels is 0.140175s
 INFO: Computing semblance for m0 = 1140
 INFO: Total execution time for kernels is 0.150846s
 INFO: Computing semblance for m0 = 1160
 INFO: Total execution time for kernels is 0.157328s
 INFO: Computing semblance for m0 = 1180
 INFO: Total execution time for kernels is 0.168253s
 INFO: Computing semblance for m0 = 1200
 INFO: Total execution time for kernels is 0.187973s
 INFO: Computing semblance for m0 = 1220
 INFO: Total execution time for kernels is 0.213118s
 INFO: Computing semblance for m0 = 1240
 INFO: Total execution time for kernels is 0.233762s
 INFO: Computing semblance for m0 = 1260
 INFO: Total execution time for kernels is 0.259513s
 INFO: Computing semblance for m0 = 1280
 INFO: Total execution time for kernels is 0.281623s
 INFO: Computing semblance for m0 = 1300
 INFO: Total execution time for kernels is 0.305775s
 INFO: Computing semblance for m0 = 1320
 INFO: Total execution time for kernels is 0.326369s
 INFO: Computing semblance for m0 = 1340
 INFO: Total execution time for kernels is 0.351839s
 INFO: Computing semblance for m0 = 1360
 INFO: Total execution time for kernels is 0.3663s
 INFO: Computing semblance for m0 = 1380
 INFO: Total execution time for kernels is 0.39373s
 INFO: Computing semblance for m0 = 1400
 INFO: Total execution time for kernels is 0.409456s
 INFO: Computing semblance for m0 = 1420
 INFO: Total execution time for kernels is 0.433839s
 INFO: Computing semblance for m0 = 1440
 INFO: Total execution time for kernels is 0.449106s
 INFO: Computing semblance for m0 = 1460
 INFO: Total execution time for kernels is 0.475978s
 INFO: Computing semblance for m0 = 1480
 INFO: Total execution time for kernels is 0.493799s
 INFO: Computing semblance for m0 = 1500
 INFO: Total execution time for kernels is 0.525342s
 INFO: Computing semblance for m0 = 1520
 INFO: Total execution time for kernels is 0.543665s
 INFO: Computing semblance for m0 = 1540
 INFO: Total execution time for kernels is 0.570355s
 INFO: Computing semblance for m0 = 1560
 INFO: Total execution time for kernels is 0.592303s
 INFO: Computing semblance for m0 = 1580
 INFO: Total execution time for kernels is 0.616219s
 INFO: Computing semblance for m0 = 1600
 INFO: Total execution time for kernels is 0.636305s
 INFO: Computing semblance for m0 = 1620
 INFO: Total execution time for kernels is 0.661074s
 INFO: Computing semblance for m0 = 1640
 INFO: Total execution time for kernels is 0.681845s
 INFO: Computing semblance for m0 = 1660
 INFO: Total execution time for kernels is 0.715527s
 INFO: Computing semblance for m0 = 1680
 INFO: Total execution time for kernels is 0.730867s
 INFO: Computing semblance for m0 = 1700
 INFO: Total execution time for kernels is 0.755431s
 INFO: Computing semblance for m0 = 1720
 INFO: Total execution time for kernels is 0.773929s
 INFO: Computing semblance for m0 = 1740
 INFO: Total execution time for kernels is 0.800411s
 INFO: Computing semblance for m0 = 1760
 INFO: Total execution time for kernels is 0.814991s
 INFO: Computing semblance for m0 = 1780
 INFO: Total execution time for kernels is 0.839592s
 INFO: Computing semblance for m0 = 1800
 INFO: Total execution time for kernels is 0.854287s
 INFO: Computing semblance for m0 = 1820
 INFO: Total execution time for kernels is 0.878944s
 INFO: Computing semblance for m0 = 1840
 INFO: Total execution time for kernels is 0.895898s
 INFO: Computing semblance for m0 = 1860
 INFO: Total execution time for kernels is 0.913298s
 INFO: Computing semblance for m0 = 1880
 INFO: Total execution time for kernels is 0.930056s
 INFO: Computing semblance for m0 = 1900
 INFO: Total execution time for kernels is 0.94088s
 INFO: Computing semblance for m0 = 1920
 INFO: Total execution time for kernels is 0.954654s
 INFO: Computing semblance for m0 = 1940
 INFO: Total execution time for kernels is 0.963727s
 INFO: Computing semblance for m0 = 1960
 INFO: Total execution time for kernels is 0.971057s
 INFO: Computing semblance for m0 = 1980
 INFO: Total execution time for kernels is 0.980448s
 INFO: Computing semblance for m0 = 2000
 INFO: Total execution time for kernels is 0.990341s
 INFO: Computing semblance for m0 = 2020
 INFO: Total execution time for kernels is 0.99975s
 INFO: Computing semblance for m0 = 2040
 INFO: Total execution time for kernels is 0.997721s
 INFO: Computing semblance for m0 = 2060
 INFO: Total execution time for kernels is 1.00251s
 INFO: Computing semblance for m0 = 2080
 INFO: Total execution time for kernels is 1.00308s
 INFO: Computing semblance for m0 = 2100
 INFO: Total execution time for kernels is 1.00585s
 INFO: Computing semblance for m0 = 2120
 INFO: Total execution time for kernels is 1.0041s
 INFO: Computing semblance for m0 = 2140
 INFO: Total execution time for kernels is 1.00609s
 INFO: Computing semblance for m0 = 2160
 INFO: Total execution time for kernels is 1.00136s
 INFO: Computing semblance for m0 = 2180
 INFO: Total execution time for kernels is 1.0037s
 INFO: Computing semblance for m0 = 2200
 INFO: Total execution time for kernels is 1.00726s
 INFO: Computing semblance for m0 = 2220
 INFO: Total execution time for kernels is 1.00824s
 INFO: Computing semblance for m0 = 2240
 INFO: Total execution time for kernels is 1.00644s
 INFO: Computing semblance for m0 = 2260
 INFO: Total execution time for kernels is 1.01044s
 INFO: Computing semblance for m0 = 2280
 INFO: Total execution time for kernels is 1.00375s
 INFO: Computing semblance for m0 = 2300
 INFO: Total execution time for kernels is 1.007s
 INFO: Computing semblance for m0 = 2320
 INFO: Total execution time for kernels is 1.0081s
 INFO: Computing semblance for m0 = 2340
 INFO: Total execution time for kernels is 1.01021s
 INFO: Computing semblance for m0 = 2360
 INFO: Total execution time for kernels is 1.00752s
 INFO: Computing semblance for m0 = 2380
 INFO: Total execution time for kernels is 1.01213s
 INFO: Computing semblance for m0 = 2400
 INFO: Total execution time for kernels is 1.01136s
 INFO: Computing semblance for m0 = 2420
 INFO: Total execution time for kernels is 1.01592s
 INFO: Computing semblance for m0 = 2440
 INFO: Total execution time for kernels is 1.01524s
 INFO: Computing semblance for m0 = 2460
 INFO: Total execution time for kernels is 1.01882s
 INFO: Computing semblance for m0 = 2480
 INFO: Total execution time for kernels is 1.00981s
 INFO: Computing semblance for m0 = 2500
 INFO: Total execution time for kernels is 1.02007s
 INFO: Computing semblance for m0 = 2520
 INFO: Total execution time for kernels is 1.01759s
 INFO: Computing semblance for m0 = 2540
 INFO: Total execution time for kernels is 1.0223s
 INFO: Computing semblance for m0 = 2560
 INFO: Total execution time for kernels is 1.02198s
 INFO: Computing semblance for m0 = 2580
 INFO: Total execution time for kernels is 1.0307s
 INFO: Computing semblance for m0 = 2600
 INFO: Total execution time for kernels is 1.0244s
 INFO: Computing semblance for m0 = 2620
 INFO: Total execution time for kernels is 1.03104s
 INFO: Computing semblance for m0 = 2640
 INFO: Total execution time for kernels is 1.02875s
 INFO: Computing semblance for m0 = 2660
 INFO: Total execution time for kernels is 1.0236s
 INFO: Computing semblance for m0 = 2680
 INFO: Total execution time for kernels is 1.02281s
 INFO: Computing semblance for m0 = 2700
 INFO: Total execution time for kernels is 1.01367s
 INFO: Computing semblance for m0 = 2720
 INFO: Total execution time for kernels is 1.00914s
 INFO: Computing semblance for m0 = 2740
 INFO: Total execution time for kernels is 1.00431s
 INFO: Computing semblance for m0 = 2760
 INFO: Total execution time for kernels is 1.00552s
 INFO: Computing semblance for m0 = 2780
 INFO: Total execution time for kernels is 1.00199s
 INFO: Computing semblance for m0 = 2800
 INFO: Total execution time for kernels is 1.00073s
 INFO: Computing semblance for m0 = 2820
 INFO: Total execution time for kernels is 0.999747s
 INFO: Computing semblance for m0 = 2840
 INFO: Total execution time for kernels is 1.00118s
 INFO: Computing semblance for m0 = 2860
 INFO: Total execution time for kernels is 1.00481s
 INFO: Computing semblance for m0 = 2880
 INFO: Total execution time for kernels is 1.00571s
 INFO: Computing semblance for m0 = 2900
 INFO: Total execution time for kernels is 1.00238s
 INFO: Computing semblance for m0 = 2920
 INFO: Total execution time for kernels is 1.00336s
 INFO: Computing semblance for m0 = 2940
 INFO: Total execution time for kernels is 1.01131s
 INFO: Computing semblance for m0 = 2960
 INFO: Total execution time for kernels is 1.01367s
 INFO: Computing semblance for m0 = 2980
 INFO: Total execution time for kernels is 1.00993s
 INFO: Computing semblance for m0 = 3000
 INFO: Total execution time for kernels is 1.01171s
 INFO: Computing semblance for m0 = 3020
 INFO: Total execution time for kernels is 1.01074s
 INFO: Computing semblance for m0 = 3040
 INFO: Total execution time for kernels is 1.00689s
 INFO: Computing semblance for m0 = 3060
 INFO: Total execution time for kernels is 1.01465s
 INFO: Computing semblance for m0 = 3080
 INFO: Total execution time for kernels is 1.01487s
 INFO: Computing semblance for m0 = 3100
 INFO: Total execution time for kernels is 1.01335s
 INFO: Computing semblance for m0 = 3120
 INFO: Total execution time for kernels is 1.01394s
 INFO: Computing semblance for m0 = 3140
 INFO: Total execution time for kernels is 1.01492s
 INFO: Computing semblance for m0 = 3160
 INFO: Total execution time for kernels is 1.00851s
 INFO: Computing semblance for m0 = 3180
 INFO: Total execution time for kernels is 1.00834s
 INFO: Computing semblance for m0 = 3200
 INFO: Total execution time for kernels is 1.00532s
 INFO: Computing semblance for m0 = 3220
 INFO: Total execution time for kernels is 1.00833s
 INFO: Computing semblance for m0 = 3240
 INFO: Total execution time for kernels is 1.00007s
 INFO: Computing semblance for m0 = 3260
 INFO: Total execution time for kernels is 1.00346s
 INFO: Computing semblance for m0 = 3280
 INFO: Total execution time for kernels is 1.00203s
 INFO: Computing semblance for m0 = 3300
 INFO: Total execution time for kernels is 0.999729s
 INFO: Computing semblance for m0 = 3320
 INFO: Total execution time for kernels is 1.00369s
 INFO: Computing semblance for m0 = 3340
 INFO: Total execution time for kernels is 0.998193s
 INFO: Computing semblance for m0 = 3360
 INFO: Total execution time for kernels is 1.00242s
 INFO: Computing semblance for m0 = 3380
 INFO: Total execution time for kernels is 0.99716s
 INFO: Computing semblance for m0 = 3400
 INFO: Total execution time for kernels is 1.00139s
 INFO: Computing semblance for m0 = 3420
 INFO: Total execution time for kernels is 0.999646s
 INFO: Computing semblance for m0 = 3440
 INFO: Total execution time for kernels is 1.00206s
 INFO: Computing semblance for m0 = 3460
 INFO: Total execution time for kernels is 0.998166s
 INFO: Computing semblance for m0 = 3480
 INFO: Total execution time for kernels is 0.998845s
 INFO: Computing semblance for m0 = 3500
 INFO: Total execution time for kernels is 0.998767s
 INFO: Computing semblance for m0 = 3520
 INFO: Total execution time for kernels is 0.993053s
 INFO: Computing semblance for m0 = 3540
 INFO: Total execution time for kernels is 0.993258s
 INFO: Computing semblance for m0 = 3560
 INFO: Total execution time for kernels is 0.994325s
 INFO: Computing semblance for m0 = 3580
 INFO: Total execution time for kernels is 0.995329s
 INFO: Computing semblance for m0 = 3600
 INFO: Total execution time for kernels is 0.993729s
 INFO: Computing semblance for m0 = 3620
 INFO: Total execution time for kernels is 0.992434s
 INFO: Computing semblance for m0 = 3640
 INFO: Total execution time for kernels is 0.996836s
 INFO: Computing semblance for m0 = 3660
 INFO: Total execution time for kernels is 0.994333s
 INFO: Computing semblance for m0 = 3680
 INFO: Total execution time for kernels is 0.99965s
 INFO: Computing semblance for m0 = 3700
 INFO: Total execution time for kernels is 1.00341s
 INFO: Computing semblance for m0 = 3720
 INFO: Total execution time for kernels is 0.998596s
 INFO: Computing semblance for m0 = 3740
 INFO: Total execution time for kernels is 1.00318s
 INFO: Computing semblance for m0 = 3760
 INFO: Total execution time for kernels is 0.998907s
 INFO: Computing semblance for m0 = 3780
 INFO: Total execution time for kernels is 0.996614s
 INFO: Computing semblance for m0 = 3800
 INFO: Total execution time for kernels is 0.991886s
 INFO: Computing semblance for m0 = 3820
 INFO: Total execution time for kernels is 0.99762s
 INFO: Computing semblance for m0 = 3840
 INFO: Total execution time for kernels is 0.998033s
 INFO: Computing semblance for m0 = 3860
 INFO: Total execution time for kernels is 0.996532s
 INFO: Computing semblance for m0 = 3880
 INFO: Total execution time for kernels is 0.99768s
 INFO: Computing semblance for m0 = 3900
 INFO: Total execution time for kernels is 1.00408s
 INFO: Computing semblance for m0 = 3920
 INFO: Total execution time for kernels is 0.995515s
 INFO: Computing semblance for m0 = 3940
 INFO: Total execution time for kernels is 1.00032s
 INFO: Computing semblance for m0 = 3960
 INFO: Total execution time for kernels is 0.994049s
 INFO: Computing semblance for m0 = 3980
 INFO: Total execution time for kernels is 1.00025s
 INFO: Computing semblance for m0 = 4000
 INFO: Total execution time for kernels is 0.996338s
 INFO: Computing semblance for m0 = 4020
 INFO: Total execution time for kernels is 0.998912s
 INFO: Computing semblance for m0 = 4040
 INFO: Total execution time for kernels is 0.996326s
 INFO: Computing semblance for m0 = 4060
 INFO: Total execution time for kernels is 1.00428s
 INFO: Computing semblance for m0 = 4080
 INFO: Total execution time for kernels is 0.995862s
 INFO: Computing semblance for m0 = 4100
 INFO: Total execution time for kernels is 0.99881s
 INFO: Computing semblance for m0 = 4120
 INFO: Total execution time for kernels is 0.99851s
 INFO: Computing semblance for m0 = 4140
 INFO: Total execution time for kernels is 1.00028s
 INFO: Computing semblance for m0 = 4160
 INFO: Total execution time for kernels is 0.995606s
 INFO: Computing semblance for m0 = 4180
 INFO: Total execution time for kernels is 1.00192s
 INFO: Computing semblance for m0 = 4200
 INFO: Total execution time for kernels is 1.00256s
 INFO: Computing semblance for m0 = 4220
 INFO: Total execution time for kernels is 1.01832s
 INFO: Computing semblance for m0 = 4240
 INFO: Total execution time for kernels is 1.01535s
 INFO: Computing semblance for m0 = 4260
 INFO: Total execution time for kernels is 1.02093s
 INFO: Computing semblance for m0 = 4280
 INFO: Total execution time for kernels is 1.0135s
 INFO: Computing semblance for m0 = 4300
 INFO: Total execution time for kernels is 1.01366s
 INFO: Computing semblance for m0 = 4320
 INFO: Total execution time for kernels is 1.01354s
 INFO: Computing semblance for m0 = 4340
 INFO: Total execution time for kernels is 1.01809s
 INFO: Computing semblance for m0 = 4360
 INFO: Total execution time for kernels is 1.01659s
 INFO: Computing semblance for m0 = 4380
 INFO: Total execution time for kernels is 1.01491s
 INFO: Computing semblance for m0 = 4400
 INFO: Total execution time for kernels is 1.01324s
 INFO: Computing semblance for m0 = 4420
 INFO: Total execution time for kernels is 1.01301s
 INFO: Computing semblance for m0 = 4440
 INFO: Total execution time for kernels is 1.01747s
 INFO: Computing semblance for m0 = 4460
 INFO: Total execution time for kernels is 1.01289s
 INFO: Computing semblance for m0 = 4480
 INFO: Total execution time for kernels is 1.00955s
 INFO: Computing semblance for m0 = 4500
 INFO: Total execution time for kernels is 1.01171s
 INFO: Computing semblance for m0 = 4520
 INFO: Total execution time for kernels is 1.00641s
 INFO: Computing semblance for m0 = 4540
 INFO: Total execution time for kernels is 1.00958s
 INFO: Computing semblance for m0 = 4560
 INFO: Total execution time for kernels is 1.00925s
 INFO: Computing semblance for m0 = 4580
 INFO: Total execution time for kernels is 1.01056s
 INFO: Computing semblance for m0 = 4600
 INFO: Total execution time for kernels is 1.00879s
 INFO: Computing semblance for m0 = 4620
 INFO: Total execution time for kernels is 1.00429s
 INFO: Computing semblance for m0 = 4640
 INFO: Total execution time for kernels is 0.997501s
 INFO: Computing semblance for m0 = 4660
 INFO: Total execution time for kernels is 1.00043s
 INFO: Computing semblance for m0 = 4680
 INFO: Total execution time for kernels is 0.999835s
 INFO: Computing semblance for m0 = 4700
 INFO: Total execution time for kernels is 1.00227s
 INFO: Computing semblance for m0 = 4720
 INFO: Total execution time for kernels is 1.00345s
 INFO: Computing semblance for m0 = 4740
 INFO: Total execution time for kernels is 1.00533s
 INFO: Computing semblance for m0 = 4760
 INFO: Total execution time for kernels is 1.01027s
 INFO: Computing semblance for m0 = 4780
 INFO: Total execution time for kernels is 1.01009s
 INFO: Computing semblance for m0 = 4800
 INFO: Total execution time for kernels is 1.00545s
 INFO: Computing semblance for m0 = 4820
 INFO: Total execution time for kernels is 1.00815s
 INFO: Computing semblance for m0 = 4840
 INFO: Total execution time for kernels is 1.00709s
 INFO: Computing semblance for m0 = 4860
 INFO: Total execution time for kernels is 1.01306s
 INFO: Computing semblance for m0 = 4880
 INFO: Total execution time for kernels is 1.01302s
 INFO: Computing semblance for m0 = 4900
 INFO: Total execution time for kernels is 1.01717s
 INFO: Computing semblance for m0 = 4920
 INFO: Total execution time for kernels is 1.01677s
 INFO: Computing semblance for m0 = 4940
 INFO: Total execution time for kernels is 1.01413s
 INFO: Computing semblance for m0 = 4960
 INFO: Total execution time for kernels is 1.01278s
 INFO: Computing semblance for m0 = 4980
 INFO: Total execution time for kernels is 1.01465s
 INFO: Computing semblance for m0 = 5000
 INFO: Total execution time for kernels is 1.01802s
 INFO: Computing semblance for m0 = 5020
 INFO: Total execution time for kernels is 1.01517s
 INFO: Computing semblance for m0 = 5040
 INFO: Total execution time for kernels is 1.01918s
 INFO: Computing semblance for m0 = 5060
 INFO: Total execution time for kernels is 1.0194s
 INFO: Computing semblance for m0 = 5080
 INFO: Total execution time for kernels is 1.0248s
 INFO: Computing semblance for m0 = 5100
 INFO: Total execution time for kernels is 1.02345s
 INFO: Computing semblance for m0 = 5120
 INFO: Total execution time for kernels is 1.02349s
 INFO: Computing semblance for m0 = 5140
 INFO: Total execution time for kernels is 1.02698s
 INFO: Computing semblance for m0 = 5160
 INFO: Total execution time for kernels is 1.02377s
 INFO: Computing semblance for m0 = 5180
 INFO: Total execution time for kernels is 1.022s
 INFO: Computing semblance for m0 = 5200
 INFO: Total execution time for kernels is 1.01454s
 INFO: Computing semblance for m0 = 5220
 INFO: Total execution time for kernels is 1.02065s
 INFO: Computing semblance for m0 = 5240
 INFO: Total execution time for kernels is 1.01319s
 INFO: Computing semblance for m0 = 5260
 INFO: Total execution time for kernels is 1.0126s
 INFO: Computing semblance for m0 = 5280
 INFO: Total execution time for kernels is 1.00853s
 INFO: Computing semblance for m0 = 5300
 INFO: Total execution time for kernels is 1.0123s
 INFO: Computing semblance for m0 = 5320
 INFO: Total execution time for kernels is 1.01057s
 INFO: Computing semblance for m0 = 5340
 INFO: Total execution time for kernels is 1.01134s
 INFO: Computing semblance for m0 = 5360
 INFO: Total execution time for kernels is 1.00529s
 INFO: Computing semblance for m0 = 5380
 INFO: Total execution time for kernels is 1.00797s
 INFO: Computing semblance for m0 = 5400
 INFO: Total execution time for kernels is 1.00894s
 INFO: Computing semblance for m0 = 5420
 INFO: Total execution time for kernels is 1.0115s
 INFO: Computing semblance for m0 = 5440
 INFO: Total execution time for kernels is 1.01281s
 INFO: Computing semblance for m0 = 5460
 INFO: Total execution time for kernels is 1.01815s
 INFO: Computing semblance for m0 = 5480
 INFO: Total execution time for kernels is 1.01188s
 INFO: Computing semblance for m0 = 5500
 INFO: Total execution time for kernels is 1.01845s
 INFO: Computing semblance for m0 = 5520
 INFO: Total execution time for kernels is 1.0148s
 INFO: Computing semblance for m0 = 5540
 INFO: Total execution time for kernels is 1.01478s
 INFO: Computing semblance for m0 = 5560
 INFO: Total execution time for kernels is 1.01094s
 INFO: Computing semblance for m0 = 5580
 INFO: Total execution time for kernels is 1.01484s
 INFO: Computing semblance for m0 = 5600
 INFO: Total execution time for kernels is 1.01572s
 INFO: Computing semblance for m0 = 5620
 INFO: Total execution time for kernels is 1.02978s
 INFO: Computing semblance for m0 = 5640
 INFO: Total execution time for kernels is 1.02416s
 INFO: Computing semblance for m0 = 5660
 INFO: Total execution time for kernels is 1.02908s
 INFO: Computing semblance for m0 = 5680
 INFO: Total execution time for kernels is 1.03083s
 INFO: Computing semblance for m0 = 5700
 INFO: Total execution time for kernels is 1.02926s
 INFO: Computing semblance for m0 = 5720
 INFO: Total execution time for kernels is 1.02447s
 INFO: Computing semblance for m0 = 5740
 INFO: Total execution time for kernels is 1.02476s
 INFO: Computing semblance for m0 = 5760
 INFO: Total execution time for kernels is 1.02348s
 INFO: Computing semblance for m0 = 5780
 INFO: Total execution time for kernels is 1.02518s
 INFO: Computing semblance for m0 = 5800
 INFO: Total execution time for kernels is 1.0287s
 INFO: Computing semblance for m0 = 5820
 INFO: Total execution time for kernels is 1.03098s
 INFO: Computing semblance for m0 = 5840
 INFO: Total execution time for kernels is 1.02471s
 INFO: Computing semblance for m0 = 5860
 INFO: Total execution time for kernels is 1.02666s
 INFO: Computing semblance for m0 = 5880
 INFO: Total execution time for kernels is 1.0274s
 INFO: Computing semblance for m0 = 5900
 INFO: Total execution time for kernels is 1.02658s
 INFO: Computing semblance for m0 = 5920
 INFO: Total execution time for kernels is 1.0222s
 INFO: Computing semblance for m0 = 5940
 INFO: Total execution time for kernels is 1.02089s
 INFO: Computing semblance for m0 = 5960
 INFO: Total execution time for kernels is 1.0181s
 INFO: Computing semblance for m0 = 5980
 INFO: Total execution time for kernels is 1.00616s
 INFO: Computing semblance for m0 = 6000
 INFO: Total execution time for kernels is 1.00162s
 INFO: Computing semblance for m0 = 6020
 INFO: Total execution time for kernels is 1.00485s
 INFO: Computing semblance for m0 = 6040
 INFO: Total execution time for kernels is 1.00537s
 INFO: Computing semblance for m0 = 6060
 INFO: Total execution time for kernels is 1.00801s
 INFO: Computing semblance for m0 = 6080
 INFO: Total execution time for kernels is 1.00239s
 INFO: Computing semblance for m0 = 6100
 INFO: Total execution time for kernels is 1.00144s
 INFO: Computing semblance for m0 = 6120
 INFO: Total execution time for kernels is 1.00025s
 INFO: Computing semblance for m0 = 6140
 INFO: Total execution time for kernels is 0.999516s
 INFO: Computing semblance for m0 = 6160
 INFO: Total execution time for kernels is 0.999069s
 INFO: Computing semblance for m0 = 6180
 INFO: Total execution time for kernels is 1.00447s
 INFO: Computing semblance for m0 = 6200
 INFO: Total execution time for kernels is 1.00812s
 INFO: Computing semblance for m0 = 6220
 INFO: Total execution time for kernels is 1.00636s
 INFO: Computing semblance for m0 = 6240
 INFO: Total execution time for kernels is 1.01111s
 INFO: Computing semblance for m0 = 6260
 INFO: Total execution time for kernels is 1.00545s
 INFO: Computing semblance for m0 = 6280
 INFO: Total execution time for kernels is 1.00524s
 INFO: Computing semblance for m0 = 6300
 INFO: Total execution time for kernels is 1.0131s
 INFO: Computing semblance for m0 = 6320
 INFO: Total execution time for kernels is 1.01066s
 INFO: Computing semblance for m0 = 6340
 INFO: Total execution time for kernels is 1.01005s
 INFO: Computing semblance for m0 = 6360
 INFO: Total execution time for kernels is 1.0096s
 INFO: Computing semblance for m0 = 6380
 INFO: Total execution time for kernels is 1.01363s
 INFO: Computing semblance for m0 = 6400
 INFO: Total execution time for kernels is 1.01339s
 INFO: Computing semblance for m0 = 6420
 INFO: Total execution time for kernels is 1.01274s
 INFO: Computing semblance for m0 = 6440
 INFO: Total execution time for kernels is 1.00779s
 INFO: Computing semblance for m0 = 6460
 INFO: Total execution time for kernels is 1.0134s
 INFO: Computing semblance for m0 = 6480
 INFO: Total execution time for kernels is 1.0113s
 INFO: Computing semblance for m0 = 6500
 INFO: Total execution time for kernels is 1.01943s
 INFO: Computing semblance for m0 = 6520
 INFO: Total execution time for kernels is 1.0133s
 INFO: Computing semblance for m0 = 6540
 INFO: Total execution time for kernels is 1.01296s
 INFO: Computing semblance for m0 = 6560
 INFO: Total execution time for kernels is 1.01022s
 INFO: Computing semblance for m0 = 6580
 INFO: Total execution time for kernels is 1.01656s
 INFO: Computing semblance for m0 = 6600
 INFO: Total execution time for kernels is 1.01298s
 INFO: Computing semblance for m0 = 6620
 INFO: Total execution time for kernels is 1.01581s
 INFO: Computing semblance for m0 = 6640
 INFO: Total execution time for kernels is 1.01663s
 INFO: Computing semblance for m0 = 6660
 INFO: Total execution time for kernels is 1.01925s
 INFO: Computing semblance for m0 = 6680
 INFO: Total execution time for kernels is 1.01322s
 INFO: Computing semblance for m0 = 6700
 INFO: Total execution time for kernels is 1.01478s
 INFO: Computing semblance for m0 = 6720
 INFO: Total execution time for kernels is 1.00949s
 INFO: Computing semblance for m0 = 6740
 INFO: Total execution time for kernels is 1.0129s
 INFO: Computing semblance for m0 = 6760
 INFO: Total execution time for kernels is 1.00607s
 INFO: Computing semblance for m0 = 6780
 INFO: Total execution time for kernels is 1.00916s
 INFO: Computing semblance for m0 = 6800
 INFO: Total execution time for kernels is 1.00371s
 INFO: Computing semblance for m0 = 6820
 INFO: Total execution time for kernels is 1.00677s
 INFO: Computing semblance for m0 = 6840
 INFO: Total execution time for kernels is 1.0084s
 INFO: Computing semblance for m0 = 6860
 INFO: Total execution time for kernels is 1.01253s
 INFO: Computing semblance for m0 = 6880
 INFO: Total execution time for kernels is 1.00633s
 INFO: Computing semblance for m0 = 6900
 INFO: Total execution time for kernels is 1.01478s
 INFO: Computing semblance for m0 = 6920
 INFO: Total execution time for kernels is 1.01199s
 INFO: Computing semblance for m0 = 6940
 INFO: Total execution time for kernels is 1.01287s
 INFO: Computing semblance for m0 = 6960
 INFO: Total execution time for kernels is 1.00624s
 INFO: Computing semblance for m0 = 6980
 INFO: Total execution time for kernels is 1.01494s
 INFO: Computing semblance for m0 = 7000
 INFO: Total execution time for kernels is 1.01254s
 INFO: Computing semblance for m0 = 7020
 INFO: Total execution time for kernels is 1.0178s
 INFO: Computing semblance for m0 = 7040
 INFO: Total execution time for kernels is 1.01432s
 INFO: Computing semblance for m0 = 7060
 INFO: Total execution time for kernels is 1.01807s
 INFO: Computing semblance for m0 = 7080
 INFO: Total execution time for kernels is 1.01484s
 INFO: Computing semblance for m0 = 7100
 INFO: Total execution time for kernels is 1.01736s
 INFO: Computing semblance for m0 = 7120
 INFO: Total execution time for kernels is 1.0171s
 INFO: Computing semblance for m0 = 7140
 INFO: Total execution time for kernels is 1.01781s
 INFO: Computing semblance for m0 = 7160
 INFO: Total execution time for kernels is 1.01704s
 INFO: Computing semblance for m0 = 7180
 INFO: Total execution time for kernels is 1.01978s
 INFO: Computing semblance for m0 = 7200
 INFO: Total execution time for kernels is 1.0175s
 INFO: Computing semblance for m0 = 7220
 INFO: Total execution time for kernels is 1.02182s
 INFO: Computing semblance for m0 = 7240
 INFO: Total execution time for kernels is 1.01627s
 INFO: Computing semblance for m0 = 7260
 INFO: Total execution time for kernels is 1.02039s
 INFO: Computing semblance for m0 = 7280
 INFO: Total execution time for kernels is 1.02061s
 INFO: Computing semblance for m0 = 7300
 INFO: Total execution time for kernels is 1.02509s
 INFO: Computing semblance for m0 = 7320
 INFO: Total execution time for kernels is 1.02219s
 INFO: Computing semblance for m0 = 7340
 INFO: Total execution time for kernels is 1.02264s
 INFO: Computing semblance for m0 = 7360
 INFO: Total execution time for kernels is 1.01556s
 INFO: Computing semblance for m0 = 7380
 INFO: Total execution time for kernels is 1.02343s
 INFO: Computing semblance for m0 = 7400
 INFO: Total execution time for kernels is 1.01684s
 INFO: Computing semblance for m0 = 7420
 INFO: Total execution time for kernels is 1.02187s
 INFO: Computing semblance for m0 = 7440
 INFO: Total execution time for kernels is 1.01527s
 INFO: Computing semblance for m0 = 7460
 INFO: Total execution time for kernels is 1.02018s
 INFO: Computing semblance for m0 = 7480
 INFO: Total execution time for kernels is 1.01829s
 INFO: Computing semblance for m0 = 7500
 INFO: Total execution time for kernels is 1.01457s
 INFO: Computing semblance for m0 = 7520
 INFO: Total execution time for kernels is 1.01536s
 INFO: Computing semblance for m0 = 7540
 INFO: Total execution time for kernels is 1.02011s
 INFO: Computing semblance for m0 = 7560
 INFO: Total execution time for kernels is 1.01503s
 INFO: Computing semblance for m0 = 7580
 INFO: Total execution time for kernels is 1.01285s
 INFO: Computing semblance for m0 = 7600
 INFO: Total execution time for kernels is 1.0085s
 INFO: Computing semblance for m0 = 7620
 INFO: Total execution time for kernels is 1.0096s
 INFO: Computing semblance for m0 = 7640
 INFO: Total execution time for kernels is 1.00301s
 INFO: Computing semblance for m0 = 7660
 INFO: Total execution time for kernels is 1.00774s
 INFO: Computing semblance for m0 = 7680
 INFO: Total execution time for kernels is 1.01019s
 INFO: Computing semblance for m0 = 7700
 INFO: Total execution time for kernels is 1.00867s
 INFO: Computing semblance for m0 = 7720
 INFO: Total execution time for kernels is 1.00833s
 INFO: Computing semblance for m0 = 7740
 INFO: Total execution time for kernels is 1.00277s
 INFO: Computing semblance for m0 = 7760
 INFO: Total execution time for kernels is 1.00852s
 INFO: Computing semblance for m0 = 7780
 INFO: Total execution time for kernels is 1.00722s
 INFO: Computing semblance for m0 = 7800
 INFO: Total execution time for kernels is 1.00947s
 INFO: Computing semblance for m0 = 7820
 INFO: Total execution time for kernels is 1.00975s
 INFO: Computing semblance for m0 = 7840
 INFO: Total execution time for kernels is 1.00925s
 INFO: Computing semblance for m0 = 7860
 INFO: Total execution time for kernels is 1.01432s
 INFO: Computing semblance for m0 = 7880
 INFO: Total execution time for kernels is 1.01204s
 INFO: Computing semblance for m0 = 7900
 INFO: Total execution time for kernels is 1.01182s
 INFO: Computing semblance for m0 = 7920
 INFO: Total execution time for kernels is 1.00977s
 INFO: Computing semblance for m0 = 7940
 INFO: Total execution time for kernels is 1.00731s
 INFO: Computing semblance for m0 = 7960
 INFO: Total execution time for kernels is 1.00366s
 INFO: Computing semblance for m0 = 7980
 INFO: Total execution time for kernels is 0.998273s
 INFO: Computing semblance for m0 = 8000
 INFO: Total execution time for kernels is 1.00102s
 INFO: Computing semblance for m0 = 8020
 INFO: Total execution time for kernels is 0.995942s
 INFO: Computing semblance for m0 = 8040
 INFO: Total execution time for kernels is 1.00168s
 INFO: Computing semblance for m0 = 8060
 INFO: Total execution time for kernels is 0.998085s
 INFO: Computing semblance for m0 = 8080
 INFO: Total execution time for kernels is 0.988817s
 INFO: Computing semblance for m0 = 8100
 INFO: Total execution time for kernels is 0.988216s
 INFO: Computing semblance for m0 = 8120
 INFO: Total execution time for kernels is 0.991267s
 INFO: Computing semblance for m0 = 8140
 INFO: Total execution time for kernels is 0.994354s
 INFO: Computing semblance for m0 = 8160
 INFO: Total execution time for kernels is 0.98583s
 INFO: Computing semblance for m0 = 8180
 INFO: Total execution time for kernels is 0.991319s
 INFO: Computing semblance for m0 = 8200
 INFO: Total execution time for kernels is 0.988808s
 INFO: Computing semblance for m0 = 8220
 INFO: Total execution time for kernels is 0.99015s
 INFO: Computing semblance for m0 = 8240
 INFO: Total execution time for kernels is 0.988459s
 INFO: Computing semblance for m0 = 8260
 INFO: Total execution time for kernels is 0.991066s
 INFO: Computing semblance for m0 = 8280
 INFO: Total execution time for kernels is 0.987867s
 INFO: Computing semblance for m0 = 8300
 INFO: Total execution time for kernels is 0.987332s
 INFO: Computing semblance for m0 = 8320
 INFO: Total execution time for kernels is 0.990442s
 INFO: Computing semblance for m0 = 8340
 INFO: Total execution time for kernels is 0.991675s
 INFO: Computing semblance for m0 = 8360
 INFO: Total execution time for kernels is 0.989388s
 INFO: Computing semblance for m0 = 8380
 INFO: Total execution time for kernels is 0.996475s
 INFO: Computing semblance for m0 = 8400
 INFO: Total execution time for kernels is 0.989907s
 INFO: Computing semblance for m0 = 8420
 INFO: Total execution time for kernels is 0.990544s
 INFO: Computing semblance for m0 = 8440
 INFO: Total execution time for kernels is 0.986494s
 INFO: Computing semblance for m0 = 8460
 INFO: Total execution time for kernels is 0.987003s
 INFO: Computing semblance for m0 = 8480
 INFO: Total execution time for kernels is 0.986955s
 INFO: Computing semblance for m0 = 8500
 INFO: Total execution time for kernels is 0.983052s
 INFO: Computing semblance for m0 = 8520
 INFO: Total execution time for kernels is 0.987476s
 INFO: Computing semblance for m0 = 8540
 INFO: Total execution time for kernels is 0.986013s
 INFO: Computing semblance for m0 = 8560
 INFO: Total execution time for kernels is 0.987252s
 INFO: Computing semblance for m0 = 8580
 INFO: Total execution time for kernels is 0.989117s
 INFO: Computing semblance for m0 = 8600
 INFO: Total execution time for kernels is 0.988937s
 INFO: Computing semblance for m0 = 8620
 INFO: Total execution time for kernels is 0.986263s
 INFO: Computing semblance for m0 = 8640
 INFO: Total execution time for kernels is 0.990356s
 INFO: Computing semblance for m0 = 8660
 INFO: Total execution time for kernels is 0.992063s
 INFO: Computing semblance for m0 = 8680
 INFO: Total execution time for kernels is 0.991967s
 INFO: Computing semblance for m0 = 8700
 INFO: Total execution time for kernels is 0.993805s
 INFO: Computing semblance for m0 = 8720
 INFO: Total execution time for kernels is 0.992534s
 INFO: Computing semblance for m0 = 8740
 INFO: Total execution time for kernels is 0.995133s
 INFO: Computing semblance for m0 = 8760
 INFO: Total execution time for kernels is 0.998072s
 INFO: Computing semblance for m0 = 8780
 INFO: Total execution time for kernels is 0.996389s
 INFO: Computing semblance for m0 = 8800
 INFO: Total execution time for kernels is 1.0006s
 INFO: Computing semblance for m0 = 8820
 INFO: Total execution time for kernels is 0.996483s
 INFO: Computing semblance for m0 = 8840
 INFO: Total execution time for kernels is 1.00046s
 INFO: Computing semblance for m0 = 8860
 INFO: Total execution time for kernels is 0.996494s
 INFO: Computing semblance for m0 = 8880
 INFO: Total execution time for kernels is 0.999347s
 INFO: Computing semblance for m0 = 8900
 INFO: Total execution time for kernels is 0.997187s
 INFO: Computing semblance for m0 = 8920
 INFO: Total execution time for kernels is 1.00415s
 INFO: Computing semblance for m0 = 8940
 INFO: Total execution time for kernels is 0.997694s
 INFO: Computing semblance for m0 = 8960
 INFO: Total execution time for kernels is 0.991599s
 INFO: Computing semblance for m0 = 8980
 INFO: Total execution time for kernels is 0.987508s
 INFO: Computing semblance for m0 = 9000
 INFO: Total execution time for kernels is 0.983821s
 INFO: Computing semblance for m0 = 9020
 INFO: Total execution time for kernels is 0.974627s
 INFO: Computing semblance for m0 = 9040
 INFO: Total execution time for kernels is 0.96741s
 INFO: Computing semblance for m0 = 9060
 INFO: Total execution time for kernels is 0.945774s
 INFO: Computing semblance for m0 = 9080
 INFO: Total execution time for kernels is 0.936295s
 INFO: Computing semblance for m0 = 9100
 INFO: Total execution time for kernels is 0.922714s
 INFO: Computing semblance for m0 = 9120
 INFO: Total execution time for kernels is 0.902135s
 INFO: Computing semblance for m0 = 9140
 INFO: Total execution time for kernels is 0.882545s
 INFO: Computing semblance for m0 = 9160
 INFO: Total execution time for kernels is 0.857143s
 INFO: Computing semblance for m0 = 9180
 INFO: Total execution time for kernels is 0.832944s
 INFO: Computing semblance for m0 = 9200
 INFO: Total execution time for kernels is 0.809675s
 INFO: Computing semblance for m0 = 9220
 INFO: Total execution time for kernels is 0.781209s
 INFO: Computing semblance for m0 = 9240
 INFO: Total execution time for kernels is 0.756386s
 INFO: Computing semblance for m0 = 9260
 INFO: Total execution time for kernels is 0.731355s
 INFO: Computing semblance for m0 = 9280
 INFO: Total execution time for kernels is 0.708832s
 INFO: Computing semblance for m0 = 9300
 INFO: Total execution time for kernels is 0.679233s
 INFO: Computing semblance for m0 = 9320
 INFO: Total execution time for kernels is 0.65626s
 INFO: Computing semblance for m0 = 9340
 INFO: Total execution time for kernels is 0.631785s
 INFO: Computing semblance for m0 = 9360
 INFO: Total execution time for kernels is 0.611291s
 INFO: Computing semblance for m0 = 9380
 INFO: Total execution time for kernels is 0.587692s
 INFO: Computing semblance for m0 = 9400
 INFO: Total execution time for kernels is 0.565757s
 INFO: Computing semblance for m0 = 9420
 INFO: Total execution time for kernels is 0.545152s
 INFO: Computing semblance for m0 = 9440
 INFO: Total execution time for kernels is 0.523312s
 INFO: Computing semblance for m0 = 9460
 INFO: Total execution time for kernels is 0.498571s
 INFO: Computing semblance for m0 = 9480
 INFO: Total execution time for kernels is 0.475373s
 INFO: Computing semblance for m0 = 9500
 INFO: Total execution time for kernels is 0.452943s
 INFO: Computing semblance for m0 = 9520
 INFO: Total execution time for kernels is 0.431172s
 INFO: Computing semblance for m0 = 9540
 INFO: Total execution time for kernels is 0.405824s
 INFO: Computing semblance for m0 = 9560
 INFO: Total execution time for kernels is 0.384562s
 INFO: Computing semblance for m0 = 9580
 INFO: Total execution time for kernels is 0.362516s
 INFO: Computing semblance for m0 = 9600
 INFO: Total execution time for kernels is 0.341217s
 INFO: Computing semblance for m0 = 9620
 INFO: Total execution time for kernels is 0.320689s
 INFO: Computing semblance for m0 = 9640
 INFO: Total execution time for kernels is 0.300838s
 INFO: Computing semblance for m0 = 9660
 INFO: Total execution time for kernels is 0.278996s
 INFO: Computing semblance for m0 = 9680
 INFO: Total execution time for kernels is 0.259733s
 INFO: Computing semblance for m0 = 9700
 INFO: Total execution time for kernels is 0.239063s
 INFO: Computing semblance for m0 = 9720
 INFO: Total execution time for kernels is 0.221315s
 INFO: Computing semblance for m0 = 9740
 INFO: Total execution time for kernels is 0.200664s
 INFO: Computing semblance for m0 = 9760
 INFO: Total execution time for kernels is 0.183132s
 INFO: Computing semblance for m0 = 9780
 INFO: Total execution time for kernels is 0.163357s
 INFO: Computing semblance for m0 = 9800
 INFO: Total execution time for kernels is 0.146292s
 INFO: Computing semblance for m0 = 9820
 INFO: Total execution time for kernels is 0.127752s
 INFO: Computing semblance for m0 = 9840
 INFO: Total execution time for kernels is 0.111829s
 INFO: Computing semblance for m0 = 9860
 INFO: Total execution time for kernels is 0.0956029s
 INFO: Computing semblance for m0 = 9880
 INFO: Total execution time for kernels is 0.0817855s
 INFO: Computing semblance for m0 = 9900
 INFO: Total execution time for kernels is 0.0682224s
 INFO: Computing semblance for m0 = 9920
 INFO: Total execution time for kernels is 0.0580494s
 INFO: Computing semblance for m0 = 9940
 INFO: Total execution time for kernels is 0.0474073s
 INFO: Average of efficiency is 1
 INFO: Average of interpolations_per_sec is 1.67145e+10
 INFO: Average of selected_traces is 309.888
 INFO: Average of total_selection_kernel_exec_time is 0.00441372
 INFO: Average of total_kernel_exec_time is 0.90418
 INFO: Driver init. duration is 0.0473689 s
 INFO: Read gather duration is 0.116212 s
 INFO: Parse args. duration is 0.000208641 s
 INFO: Worker threads duration is 409.886 s
 INFO: Dump results duration is 0.584273 s
 INFO: Thread/block is 32
 INFO: Results written to /home/ubuntu/nfs/out/55766d4e2_master_p2.xlarge/zocrs/de/cuda/simple-synthetic_32_1/simple-synthetic_de_zocrs_20210307_1915/
 INFO: It took 410.642s to compute.
