 INFO: Number of CDPs = 445
 INFO: Number of traces in the gather = 9200
 INFO: Number of samples per trace = 2502
 INFO: Computing semblance for m0 = 0
 INFO: Total execution time for kernels is 0.00159088s
 INFO: Computing semblance for m0 = 1080
 INFO: Total execution time for kernels is 0.00239047s
 INFO: Computing semblance for m0 = 1100
 INFO: Total execution time for kernels is 0.00240434s
 INFO: Computing semblance for m0 = 1120
 INFO: Total execution time for kernels is 0.00309502s
 INFO: Computing semblance for m0 = 1140
 INFO: Total execution time for kernels is 0.00312517s
 INFO: Computing semblance for m0 = 1160
 INFO: Total execution time for kernels is 0.00398715s
 INFO: Computing semblance for m0 = 1180
 INFO: Total execution time for kernels is 0.00392673s
 INFO: Computing semblance for m0 = 1200
 INFO: Total execution time for kernels is 0.00478519s
 INFO: Computing semblance for m0 = 1220
 INFO: Total execution time for kernels is 0.00477661s
 INFO: Computing semblance for m0 = 1240
 INFO: Total execution time for kernels is 0.00555147s
 INFO: Computing semblance for m0 = 1260
 INFO: Total execution time for kernels is 0.00557708s
 INFO: Computing semblance for m0 = 1280
 INFO: Total execution time for kernels is 0.00587832s
 INFO: Computing semblance for m0 = 1300
 INFO: Total execution time for kernels is 0.00572678s
 INFO: Computing semblance for m0 = 1320
 INFO: Total execution time for kernels is 0.006515s
 INFO: Computing semblance for m0 = 1340
 INFO: Total execution time for kernels is 0.00637091s
 INFO: Computing semblance for m0 = 1360
 INFO: Total execution time for kernels is 0.00716835s
 INFO: Computing semblance for m0 = 1380
 INFO: Total execution time for kernels is 0.00702532s
 INFO: Computing semblance for m0 = 1400
 INFO: Total execution time for kernels is 0.00770203s
 INFO: Computing semblance for m0 = 1420
 INFO: Total execution time for kernels is 0.00782203s
 INFO: Computing semblance for m0 = 1440
 INFO: Total execution time for kernels is 0.00855457s
 INFO: Computing semblance for m0 = 1460
 INFO: Total execution time for kernels is 0.00861288s
 INFO: Computing semblance for m0 = 1480
 INFO: Total execution time for kernels is 0.00921028s
 INFO: Computing semblance for m0 = 1500
 INFO: Total execution time for kernels is 0.00904755s
 INFO: Computing semblance for m0 = 1520
 INFO: Total execution time for kernels is 0.00985944s
 INFO: Computing semblance for m0 = 1540
 INFO: Total execution time for kernels is 0.00978544s
 INFO: Computing semblance for m0 = 1560
 INFO: Total execution time for kernels is 0.0106525s
 INFO: Computing semblance for m0 = 1580
 INFO: Total execution time for kernels is 0.0104664s
 INFO: Computing semblance for m0 = 1600
 INFO: Total execution time for kernels is 0.00667983s
 INFO: Computing semblance for m0 = 1620
 INFO: Total execution time for kernels is 0.00613335s
 INFO: Computing semblance for m0 = 1640
 INFO: Total execution time for kernels is 0.00657115s
 INFO: Computing semblance for m0 = 1660
 INFO: Total execution time for kernels is 0.00631652s
 INFO: Computing semblance for m0 = 1680
 INFO: Total execution time for kernels is 0.00670636s
 INFO: Computing semblance for m0 = 1700
 INFO: Total execution time for kernels is 0.00665716s
 INFO: Computing semblance for m0 = 1720
 INFO: Total execution time for kernels is 0.00692879s
 INFO: Computing semblance for m0 = 1740
 INFO: Total execution time for kernels is 0.00687965s
 INFO: Computing semblance for m0 = 1760
 INFO: Total execution time for kernels is 0.00725111s
 INFO: Computing semblance for m0 = 1780
 INFO: Total execution time for kernels is 0.00733418s
 INFO: Computing semblance for m0 = 1800
 INFO: Total execution time for kernels is 0.00759848s
 INFO: Computing semblance for m0 = 1820
 INFO: Total execution time for kernels is 0.00764242s
 INFO: Computing semblance for m0 = 1840
 INFO: Total execution time for kernels is 0.00808931s
 INFO: Computing semblance for m0 = 1860
 INFO: Total execution time for kernels is 0.00808444s
 INFO: Computing semblance for m0 = 1880
 INFO: Total execution time for kernels is 0.00846885s
 INFO: Computing semblance for m0 = 1900
 INFO: Total execution time for kernels is 0.00857736s
 INFO: Computing semblance for m0 = 1920
 INFO: Total execution time for kernels is 0.00907329s
 INFO: Computing semblance for m0 = 1940
 INFO: Total execution time for kernels is 0.00875406s
 INFO: Computing semblance for m0 = 1960
 INFO: Total execution time for kernels is 0.00900452s
 INFO: Computing semblance for m0 = 1980
 INFO: Total execution time for kernels is 0.00904145s
 INFO: Computing semblance for m0 = 2000
 INFO: Total execution time for kernels is 0.00912198s
 INFO: Computing semblance for m0 = 2020
 INFO: Total execution time for kernels is 0.00910306s
 INFO: Computing semblance for m0 = 2040
 INFO: Total execution time for kernels is 0.00924511s
 INFO: Computing semblance for m0 = 2060
 INFO: Total execution time for kernels is 0.00913844s
 INFO: Computing semblance for m0 = 2080
 INFO: Total execution time for kernels is 0.00926254s
 INFO: Computing semblance for m0 = 2100
 INFO: Total execution time for kernels is 0.00940433s
 INFO: Computing semblance for m0 = 2120
 INFO: Total execution time for kernels is 0.00946061s
 INFO: Computing semblance for m0 = 2140
 INFO: Total execution time for kernels is 0.00951731s
 INFO: Computing semblance for m0 = 2160
 INFO: Total execution time for kernels is 0.00945224s
 INFO: Computing semblance for m0 = 2180
 INFO: Total execution time for kernels is 0.00899428s
 INFO: Computing semblance for m0 = 2200
 INFO: Total execution time for kernels is 0.00950169s
 INFO: Computing semblance for m0 = 2220
 INFO: Total execution time for kernels is 0.00960444s
 INFO: Computing semblance for m0 = 2240
 INFO: Total execution time for kernels is 0.00953976s
 INFO: Computing semblance for m0 = 2260
 INFO: Total execution time for kernels is 0.00936334s
 INFO: Computing semblance for m0 = 2280
 INFO: Total execution time for kernels is 0.00951009s
 INFO: Computing semblance for m0 = 2300
 INFO: Total execution time for kernels is 0.00921211s
 INFO: Computing semblance for m0 = 2320
 INFO: Total execution time for kernels is 0.00935831s
 INFO: Computing semblance for m0 = 2340
 INFO: Total execution time for kernels is 0.00939023s
 INFO: Computing semblance for m0 = 2360
 INFO: Total execution time for kernels is 0.0094539s
 INFO: Computing semblance for m0 = 2380
 INFO: Total execution time for kernels is 0.00920278s
 INFO: Computing semblance for m0 = 2400
 INFO: Total execution time for kernels is 0.00914832s
 INFO: Computing semblance for m0 = 2420
 INFO: Total execution time for kernels is 0.00910069s
 INFO: Computing semblance for m0 = 2440
 INFO: Total execution time for kernels is 0.00918294s
 INFO: Computing semblance for m0 = 2460
 INFO: Total execution time for kernels is 0.0090985s
 INFO: Computing semblance for m0 = 2480
 INFO: Total execution time for kernels is 0.009276s
 INFO: Computing semblance for m0 = 2500
 INFO: Total execution time for kernels is 0.00930429s
 INFO: Computing semblance for m0 = 2520
 INFO: Total execution time for kernels is 0.00917147s
 INFO: Computing semblance for m0 = 2540
 INFO: Total execution time for kernels is 0.00907407s
 INFO: Computing semblance for m0 = 2560
 INFO: Total execution time for kernels is 0.00920108s
 INFO: Computing semblance for m0 = 2580
 INFO: Total execution time for kernels is 0.00923287s
 INFO: Computing semblance for m0 = 2600
 INFO: Total execution time for kernels is 0.00919427s
 INFO: Computing semblance for m0 = 2620
 INFO: Total execution time for kernels is 0.00915764s
 INFO: Computing semblance for m0 = 2640
 INFO: Total execution time for kernels is 0.00927283s
 INFO: Computing semblance for m0 = 2660
 INFO: Total execution time for kernels is 0.00941138s
 INFO: Computing semblance for m0 = 2680
 INFO: Total execution time for kernels is 0.00958672s
 INFO: Computing semblance for m0 = 2700
 INFO: Total execution time for kernels is 0.00960836s
 INFO: Computing semblance for m0 = 2720
 INFO: Total execution time for kernels is 0.00954551s
 INFO: Computing semblance for m0 = 2740
 INFO: Total execution time for kernels is 0.00929142s
 INFO: Computing semblance for m0 = 2760
 INFO: Total execution time for kernels is 0.00947205s
 INFO: Computing semblance for m0 = 2780
 INFO: Total execution time for kernels is 0.00950446s
 INFO: Computing semblance for m0 = 2800
 INFO: Total execution time for kernels is 0.00922695s
 INFO: Computing semblance for m0 = 2820
 INFO: Total execution time for kernels is 0.00922634s
 INFO: Computing semblance for m0 = 2840
 INFO: Total execution time for kernels is 0.00905931s
 INFO: Computing semblance for m0 = 2860
 INFO: Total execution time for kernels is 0.00910855s
 INFO: Computing semblance for m0 = 2880
 INFO: Total execution time for kernels is 0.00909283s
 INFO: Computing semblance for m0 = 2900
 INFO: Total execution time for kernels is 0.00898859s
 INFO: Computing semblance for m0 = 2920
 INFO: Total execution time for kernels is 0.0092398s
 INFO: Computing semblance for m0 = 2940
 INFO: Total execution time for kernels is 0.00937317s
 INFO: Computing semblance for m0 = 2960
 INFO: Total execution time for kernels is 0.0092943s
 INFO: Computing semblance for m0 = 2980
 INFO: Total execution time for kernels is 0.00932s
 INFO: Computing semblance for m0 = 3000
 INFO: Total execution time for kernels is 0.0093712s
 INFO: Computing semblance for m0 = 3020
 INFO: Total execution time for kernels is 0.00972357s
 INFO: Computing semblance for m0 = 3040
 INFO: Total execution time for kernels is 0.00964997s
 INFO: Computing semblance for m0 = 3060
 INFO: Total execution time for kernels is 0.00966202s
 INFO: Computing semblance for m0 = 3080
 INFO: Total execution time for kernels is 0.00954245s
 INFO: Computing semblance for m0 = 3100
 INFO: Total execution time for kernels is 0.00949586s
 INFO: Computing semblance for m0 = 3120
 INFO: Total execution time for kernels is 0.00960768s
 INFO: Computing semblance for m0 = 3140
 INFO: Total execution time for kernels is 0.00943057s
 INFO: Computing semblance for m0 = 3160
 INFO: Total execution time for kernels is 0.00960038s
 INFO: Computing semblance for m0 = 3180
 INFO: Total execution time for kernels is 0.00935791s
 INFO: Computing semblance for m0 = 3200
 INFO: Total execution time for kernels is 0.0096115s
 INFO: Computing semblance for m0 = 3220
 INFO: Total execution time for kernels is 0.00955085s
 INFO: Computing semblance for m0 = 3240
 INFO: Total execution time for kernels is 0.0095526s
 INFO: Computing semblance for m0 = 3260
 INFO: Total execution time for kernels is 0.0094465s
 INFO: Computing semblance for m0 = 3280
 INFO: Total execution time for kernels is 0.00955425s
 INFO: Computing semblance for m0 = 3300
 INFO: Total execution time for kernels is 0.0094285s
 INFO: Computing semblance for m0 = 3320
 INFO: Total execution time for kernels is 0.00950884s
 INFO: Computing semblance for m0 = 3340
 INFO: Total execution time for kernels is 0.00934923s
 INFO: Computing semblance for m0 = 3360
 INFO: Total execution time for kernels is 0.00916007s
 INFO: Computing semblance for m0 = 3380
 INFO: Total execution time for kernels is 0.00910549s
 INFO: Computing semblance for m0 = 3400
 INFO: Total execution time for kernels is 0.00914113s
 INFO: Computing semblance for m0 = 3420
 INFO: Total execution time for kernels is 0.0091739s
 INFO: Computing semblance for m0 = 3440
 INFO: Total execution time for kernels is 0.00913604s
 INFO: Computing semblance for m0 = 3460
 INFO: Total execution time for kernels is 0.00924259s
 INFO: Computing semblance for m0 = 3480
 INFO: Total execution time for kernels is 0.00955242s
 INFO: Computing semblance for m0 = 3500
 INFO: Total execution time for kernels is 0.00939515s
 INFO: Computing semblance for m0 = 3520
 INFO: Total execution time for kernels is 0.00931361s
 INFO: Computing semblance for m0 = 3540
 INFO: Total execution time for kernels is 0.00923223s
 INFO: Computing semblance for m0 = 3560
 INFO: Total execution time for kernels is 0.00932358s
 INFO: Computing semblance for m0 = 3580
 INFO: Total execution time for kernels is 0.00902549s
 INFO: Computing semblance for m0 = 3600
 INFO: Total execution time for kernels is 0.00899819s
 INFO: Computing semblance for m0 = 3620
 INFO: Total execution time for kernels is 0.00920059s
 INFO: Computing semblance for m0 = 3640
 INFO: Total execution time for kernels is 0.00924643s
 INFO: Computing semblance for m0 = 3660
 INFO: Total execution time for kernels is 0.0093041s
 INFO: Computing semblance for m0 = 3680
 INFO: Total execution time for kernels is 0.00947865s
 INFO: Computing semblance for m0 = 3700
 INFO: Total execution time for kernels is 0.0094773s
 INFO: Computing semblance for m0 = 3720
 INFO: Total execution time for kernels is 0.00952717s
 INFO: Computing semblance for m0 = 3740
 INFO: Total execution time for kernels is 0.00934206s
 INFO: Computing semblance for m0 = 3760
 INFO: Total execution time for kernels is 0.00950466s
 INFO: Computing semblance for m0 = 3780
 INFO: Total execution time for kernels is 0.00946295s
 INFO: Computing semblance for m0 = 3800
 INFO: Total execution time for kernels is 0.0094446s
 INFO: Computing semblance for m0 = 3820
 INFO: Total execution time for kernels is 0.00941042s
 INFO: Computing semblance for m0 = 3840
 INFO: Total execution time for kernels is 0.00953325s
 INFO: Computing semblance for m0 = 3860
 INFO: Total execution time for kernels is 0.0093899s
 INFO: Computing semblance for m0 = 3880
 INFO: Total execution time for kernels is 0.00954588s
 INFO: Computing semblance for m0 = 3900
 INFO: Total execution time for kernels is 0.00927586s
 INFO: Computing semblance for m0 = 3920
 INFO: Total execution time for kernels is 0.00945595s
 INFO: Computing semblance for m0 = 3940
 INFO: Total execution time for kernels is 0.00941049s
 INFO: Computing semblance for m0 = 3960
 INFO: Total execution time for kernels is 0.00966275s
 INFO: Computing semblance for m0 = 3980
 INFO: Total execution time for kernels is 0.0092548s
 INFO: Computing semblance for m0 = 4000
 INFO: Total execution time for kernels is 0.00927059s
 INFO: Computing semblance for m0 = 4020
 INFO: Total execution time for kernels is 0.00927677s
 INFO: Computing semblance for m0 = 4040
 INFO: Total execution time for kernels is 0.00946163s
 INFO: Computing semblance for m0 = 4060
 INFO: Total execution time for kernels is 0.00936406s
 INFO: Computing semblance for m0 = 4080
 INFO: Total execution time for kernels is 0.00959555s
 INFO: Computing semblance for m0 = 4100
 INFO: Total execution time for kernels is 0.00935536s
 INFO: Computing semblance for m0 = 4120
 INFO: Total execution time for kernels is 0.00953826s
 INFO: Computing semblance for m0 = 4140
 INFO: Total execution time for kernels is 0.00927517s
 INFO: Computing semblance for m0 = 4160
 INFO: Total execution time for kernels is 0.00932359s
 INFO: Computing semblance for m0 = 4180
 INFO: Total execution time for kernels is 0.00924571s
 INFO: Computing semblance for m0 = 4200
 INFO: Total execution time for kernels is 0.00926517s
 INFO: Computing semblance for m0 = 4220
 INFO: Total execution time for kernels is 0.00931254s
 INFO: Computing semblance for m0 = 4240
 INFO: Total execution time for kernels is 0.00922896s
 INFO: Computing semblance for m0 = 4260
 INFO: Total execution time for kernels is 0.00955919s
 INFO: Computing semblance for m0 = 4280
 INFO: Total execution time for kernels is 0.00940151s
 INFO: Computing semblance for m0 = 4300
 INFO: Total execution time for kernels is 0.00941434s
 INFO: Computing semblance for m0 = 4320
 INFO: Total execution time for kernels is 0.00960749s
 INFO: Computing semblance for m0 = 4340
 INFO: Total execution time for kernels is 0.00940862s
 INFO: Computing semblance for m0 = 4360
 INFO: Total execution time for kernels is 0.0095796s
 INFO: Computing semblance for m0 = 4380
 INFO: Total execution time for kernels is 0.00936675s
 INFO: Computing semblance for m0 = 4400
 INFO: Total execution time for kernels is 0.00963981s
 INFO: Computing semblance for m0 = 4420
 INFO: Total execution time for kernels is 0.00937642s
 INFO: Computing semblance for m0 = 4440
 INFO: Total execution time for kernels is 0.009633s
 INFO: Computing semblance for m0 = 4460
 INFO: Total execution time for kernels is 0.00962022s
 INFO: Computing semblance for m0 = 4480
 INFO: Total execution time for kernels is 0.00942851s
 INFO: Computing semblance for m0 = 4500
 INFO: Total execution time for kernels is 0.00936522s
 INFO: Computing semblance for m0 = 4520
 INFO: Total execution time for kernels is 0.00919432s
 INFO: Computing semblance for m0 = 4540
 INFO: Total execution time for kernels is 0.00927725s
 INFO: Computing semblance for m0 = 4560
 INFO: Total execution time for kernels is 0.00944496s
 INFO: Computing semblance for m0 = 4580
 INFO: Total execution time for kernels is 0.00929338s
 INFO: Computing semblance for m0 = 4600
 INFO: Total execution time for kernels is 0.00945593s
 INFO: Computing semblance for m0 = 4620
 INFO: Total execution time for kernels is 0.00943657s
 INFO: Computing semblance for m0 = 4640
 INFO: Total execution time for kernels is 0.00953336s
 INFO: Computing semblance for m0 = 4660
 INFO: Total execution time for kernels is 0.00948921s
 INFO: Computing semblance for m0 = 4680
 INFO: Total execution time for kernels is 0.00951744s
 INFO: Computing semblance for m0 = 4700
 INFO: Total execution time for kernels is 0.00922313s
 INFO: Computing semblance for m0 = 4720
 INFO: Total execution time for kernels is 0.00929953s
 INFO: Computing semblance for m0 = 4740
 INFO: Total execution time for kernels is 0.00918039s
 INFO: Computing semblance for m0 = 4760
 INFO: Total execution time for kernels is 0.00956396s
 INFO: Computing semblance for m0 = 4780
 INFO: Total execution time for kernels is 0.00944438s
 INFO: Computing semblance for m0 = 4800
 INFO: Total execution time for kernels is 0.00950777s
 INFO: Computing semblance for m0 = 4820
 INFO: Total execution time for kernels is 0.00932849s
 INFO: Computing semblance for m0 = 4840
 INFO: Total execution time for kernels is 0.00947562s
 INFO: Computing semblance for m0 = 4860
 INFO: Total execution time for kernels is 0.00927132s
 INFO: Computing semblance for m0 = 4880
 INFO: Total execution time for kernels is 0.00937262s
 INFO: Computing semblance for m0 = 4900
 INFO: Total execution time for kernels is 0.00949876s
 INFO: Computing semblance for m0 = 4920
 INFO: Total execution time for kernels is 0.00916299s
 INFO: Computing semblance for m0 = 4940
 INFO: Total execution time for kernels is 0.00927654s
 INFO: Computing semblance for m0 = 4960
 INFO: Total execution time for kernels is 0.00957626s
 INFO: Computing semblance for m0 = 4980
 INFO: Total execution time for kernels is 0.00939881s
 INFO: Computing semblance for m0 = 5000
 INFO: Total execution time for kernels is 0.00961637s
 INFO: Computing semblance for m0 = 5020
 INFO: Total execution time for kernels is 0.00941984s
 INFO: Computing semblance for m0 = 5040
 INFO: Total execution time for kernels is 0.00923619s
 INFO: Computing semblance for m0 = 5060
 INFO: Total execution time for kernels is 0.00916487s
 INFO: Computing semblance for m0 = 5080
 INFO: Total execution time for kernels is 0.00909144s
 INFO: Computing semblance for m0 = 5100
 INFO: Total execution time for kernels is 0.00928055s
 INFO: Computing semblance for m0 = 5120
 INFO: Total execution time for kernels is 0.00933857s
 INFO: Computing semblance for m0 = 5140
 INFO: Total execution time for kernels is 0.00921568s
 INFO: Computing semblance for m0 = 5160
 INFO: Total execution time for kernels is 0.00930806s
 INFO: Computing semblance for m0 = 5180
 INFO: Total execution time for kernels is 0.00942822s
 INFO: Computing semblance for m0 = 5200
 INFO: Total execution time for kernels is 0.00953752s
 INFO: Computing semblance for m0 = 5220
 INFO: Total execution time for kernels is 0.00933218s
 INFO: Computing semblance for m0 = 5240
 INFO: Total execution time for kernels is 0.0095297s
 INFO: Computing semblance for m0 = 5260
 INFO: Total execution time for kernels is 0.00918418s
 INFO: Computing semblance for m0 = 5280
 INFO: Total execution time for kernels is 0.00912644s
 INFO: Computing semblance for m0 = 5300
 INFO: Total execution time for kernels is 0.00910649s
 INFO: Computing semblance for m0 = 5320
 INFO: Total execution time for kernels is 0.00958498s
 INFO: Computing semblance for m0 = 5340
 INFO: Total execution time for kernels is 0.00945061s
 INFO: Computing semblance for m0 = 5360
 INFO: Total execution time for kernels is 0.00949688s
 INFO: Computing semblance for m0 = 5380
 INFO: Total execution time for kernels is 0.00930357s
 INFO: Computing semblance for m0 = 5400
 INFO: Total execution time for kernels is 0.00949885s
 INFO: Computing semblance for m0 = 5420
 INFO: Total execution time for kernels is 0.0095269s
 INFO: Computing semblance for m0 = 5440
 INFO: Total execution time for kernels is 0.00944363s
 INFO: Computing semblance for m0 = 5460
 INFO: Total execution time for kernels is 0.00954804s
 INFO: Computing semblance for m0 = 5480
 INFO: Total execution time for kernels is 0.00925382s
 INFO: Computing semblance for m0 = 5500
 INFO: Total execution time for kernels is 0.00937825s
 INFO: Computing semblance for m0 = 5520
 INFO: Total execution time for kernels is 0.0096699s
 INFO: Computing semblance for m0 = 5540
 INFO: Total execution time for kernels is 0.00948163s
 INFO: Computing semblance for m0 = 5560
 INFO: Total execution time for kernels is 0.00946381s
 INFO: Computing semblance for m0 = 5580
 INFO: Total execution time for kernels is 0.00929307s
 INFO: Computing semblance for m0 = 5600
 INFO: Total execution time for kernels is 0.00925904s
 INFO: Computing semblance for m0 = 5620
 INFO: Total execution time for kernels is 0.0093698s
 INFO: Computing semblance for m0 = 5640
 INFO: Total execution time for kernels is 0.00917629s
 INFO: Computing semblance for m0 = 5660
 INFO: Total execution time for kernels is 0.0091852s
 INFO: Computing semblance for m0 = 5680
 INFO: Total execution time for kernels is 0.00933317s
 INFO: Computing semblance for m0 = 5700
 INFO: Total execution time for kernels is 0.00933756s
 INFO: Computing semblance for m0 = 5720
 INFO: Total execution time for kernels is 0.00951134s
 INFO: Computing semblance for m0 = 5740
 INFO: Total execution time for kernels is 0.00958057s
 INFO: Computing semblance for m0 = 5760
 INFO: Total execution time for kernels is 0.00963513s
 INFO: Computing semblance for m0 = 5780
 INFO: Total execution time for kernels is 0.00939527s
 INFO: Computing semblance for m0 = 5800
 INFO: Total execution time for kernels is 0.00961123s
 INFO: Computing semblance for m0 = 5820
 INFO: Total execution time for kernels is 0.00966007s
 INFO: Computing semblance for m0 = 5840
 INFO: Total execution time for kernels is 0.00963983s
 INFO: Computing semblance for m0 = 5860
 INFO: Total execution time for kernels is 0.00939308s
 INFO: Computing semblance for m0 = 5880
 INFO: Total execution time for kernels is 0.009294s
 INFO: Computing semblance for m0 = 5900
 INFO: Total execution time for kernels is 0.00942231s
 INFO: Computing semblance for m0 = 5920
 INFO: Total execution time for kernels is 0.00952761s
 INFO: Computing semblance for m0 = 5940
 INFO: Total execution time for kernels is 0.00943071s
 INFO: Computing semblance for m0 = 5960
 INFO: Total execution time for kernels is 0.00953452s
 INFO: Computing semblance for m0 = 5980
 INFO: Total execution time for kernels is 0.00956914s
 INFO: Computing semblance for m0 = 6000
 INFO: Total execution time for kernels is 0.00958595s
 INFO: Computing semblance for m0 = 6020
 INFO: Total execution time for kernels is 0.0094108s
 INFO: Computing semblance for m0 = 6040
 INFO: Total execution time for kernels is 0.00958413s
 INFO: Computing semblance for m0 = 6060
 INFO: Total execution time for kernels is 0.00915523s
 INFO: Computing semblance for m0 = 6080
 INFO: Total execution time for kernels is 0.00901989s
 INFO: Computing semblance for m0 = 6100
 INFO: Total execution time for kernels is 0.00907153s
 INFO: Computing semblance for m0 = 6120
 INFO: Total execution time for kernels is 0.00939711s
 INFO: Computing semblance for m0 = 6140
 INFO: Total execution time for kernels is 0.00956504s
 INFO: Computing semblance for m0 = 6160
 INFO: Total execution time for kernels is 0.0097583s
 INFO: Computing semblance for m0 = 6180
 INFO: Total execution time for kernels is 0.00956951s
 INFO: Computing semblance for m0 = 6200
 INFO: Total execution time for kernels is 0.0094355s
 INFO: Computing semblance for m0 = 6220
 INFO: Total execution time for kernels is 0.00938394s
 INFO: Computing semblance for m0 = 6240
 INFO: Total execution time for kernels is 0.00936008s
 INFO: Computing semblance for m0 = 6260
 INFO: Total execution time for kernels is 0.00910758s
 INFO: Computing semblance for m0 = 6280
 INFO: Total execution time for kernels is 0.00919266s
 INFO: Computing semblance for m0 = 6300
 INFO: Total execution time for kernels is 0.00932389s
 INFO: Computing semblance for m0 = 6320
 INFO: Total execution time for kernels is 0.00922476s
 INFO: Computing semblance for m0 = 6340
 INFO: Total execution time for kernels is 0.00915248s
 INFO: Computing semblance for m0 = 6360
 INFO: Total execution time for kernels is 0.0094473s
 INFO: Computing semblance for m0 = 6380
 INFO: Total execution time for kernels is 0.00919519s
 INFO: Computing semblance for m0 = 6400
 INFO: Total execution time for kernels is 0.0092691s
 INFO: Computing semblance for m0 = 6420
 INFO: Total execution time for kernels is 0.00914956s
 INFO: Computing semblance for m0 = 6440
 INFO: Total execution time for kernels is 0.00927727s
 INFO: Computing semblance for m0 = 6460
 INFO: Total execution time for kernels is 0.00931703s
 INFO: Computing semblance for m0 = 6480
 INFO: Total execution time for kernels is 0.00926555s
 INFO: Computing semblance for m0 = 6500
 INFO: Total execution time for kernels is 0.00934382s
 INFO: Computing semblance for m0 = 6520
 INFO: Total execution time for kernels is 0.00955274s
 INFO: Computing semblance for m0 = 6540
 INFO: Total execution time for kernels is 0.00949473s
 INFO: Computing semblance for m0 = 6560
 INFO: Total execution time for kernels is 0.00962319s
 INFO: Computing semblance for m0 = 6580
 INFO: Total execution time for kernels is 0.00955481s
 INFO: Computing semblance for m0 = 6600
 INFO: Total execution time for kernels is 0.00955152s
 INFO: Computing semblance for m0 = 6620
 INFO: Total execution time for kernels is 0.00952821s
 INFO: Computing semblance for m0 = 6640
 INFO: Total execution time for kernels is 0.00948976s
 INFO: Computing semblance for m0 = 6660
 INFO: Total execution time for kernels is 0.0094081s
 INFO: Computing semblance for m0 = 6680
 INFO: Total execution time for kernels is 0.00950654s
 INFO: Computing semblance for m0 = 6700
 INFO: Total execution time for kernels is 0.00923988s
 INFO: Computing semblance for m0 = 6720
 INFO: Total execution time for kernels is 0.0092493s
 INFO: Computing semblance for m0 = 6740
 INFO: Total execution time for kernels is 0.0090973s
 INFO: Computing semblance for m0 = 6760
 INFO: Total execution time for kernels is 0.00946668s
 INFO: Computing semblance for m0 = 6780
 INFO: Total execution time for kernels is 0.00946708s
 INFO: Computing semblance for m0 = 6800
 INFO: Total execution time for kernels is 0.00935802s
 INFO: Computing semblance for m0 = 6820
 INFO: Total execution time for kernels is 0.00912436s
 INFO: Computing semblance for m0 = 6840
 INFO: Total execution time for kernels is 0.00950111s
 INFO: Computing semblance for m0 = 6860
 INFO: Total execution time for kernels is 0.00936601s
 INFO: Computing semblance for m0 = 6880
 INFO: Total execution time for kernels is 0.00944299s
 INFO: Computing semblance for m0 = 6900
 INFO: Total execution time for kernels is 0.00953888s
 INFO: Computing semblance for m0 = 6920
 INFO: Total execution time for kernels is 0.00930129s
 INFO: Computing semblance for m0 = 6940
 INFO: Total execution time for kernels is 0.00951735s
 INFO: Computing semblance for m0 = 6960
 INFO: Total execution time for kernels is 0.00958696s
 INFO: Computing semblance for m0 = 6980
 INFO: Total execution time for kernels is 0.00944126s
 INFO: Computing semblance for m0 = 7000
 INFO: Total execution time for kernels is 0.00910397s
 INFO: Computing semblance for m0 = 7020
 INFO: Total execution time for kernels is 0.00899155s
 INFO: Computing semblance for m0 = 7040
 INFO: Total execution time for kernels is 0.00903547s
 INFO: Computing semblance for m0 = 7060
 INFO: Total execution time for kernels is 0.00952348s
 INFO: Computing semblance for m0 = 7080
 INFO: Total execution time for kernels is 0.00959553s
 INFO: Computing semblance for m0 = 7100
 INFO: Total execution time for kernels is 0.00922049s
 INFO: Computing semblance for m0 = 7120
 INFO: Total execution time for kernels is 0.0094195s
 INFO: Computing semblance for m0 = 7140
 INFO: Total execution time for kernels is 0.0093786s
 INFO: Computing semblance for m0 = 7160
 INFO: Total execution time for kernels is 0.00962729s
 INFO: Computing semblance for m0 = 7180
 INFO: Total execution time for kernels is 0.00952669s
 INFO: Computing semblance for m0 = 7200
 INFO: Total execution time for kernels is 0.00952377s
 INFO: Computing semblance for m0 = 7220
 INFO: Total execution time for kernels is 0.00955599s
 INFO: Computing semblance for m0 = 7240
 INFO: Total execution time for kernels is 0.00955037s
 INFO: Computing semblance for m0 = 7260
 INFO: Total execution time for kernels is 0.00952541s
 INFO: Computing semblance for m0 = 7280
 INFO: Total execution time for kernels is 0.00922799s
 INFO: Computing semblance for m0 = 7300
 INFO: Total execution time for kernels is 0.00898017s
 INFO: Computing semblance for m0 = 7320
 INFO: Total execution time for kernels is 0.00912628s
 INFO: Computing semblance for m0 = 7340
 INFO: Total execution time for kernels is 0.00946484s
 INFO: Computing semblance for m0 = 7360
 INFO: Total execution time for kernels is 0.00975959s
 INFO: Computing semblance for m0 = 7380
 INFO: Total execution time for kernels is 0.0096165s
 INFO: Computing semblance for m0 = 7400
 INFO: Total execution time for kernels is 0.00960837s
 INFO: Computing semblance for m0 = 7420
 INFO: Total execution time for kernels is 0.00955022s
 INFO: Computing semblance for m0 = 7440
 INFO: Total execution time for kernels is 0.0095205s
 INFO: Computing semblance for m0 = 7460
 INFO: Total execution time for kernels is 0.00951201s
 INFO: Computing semblance for m0 = 7480
 INFO: Total execution time for kernels is 0.00944571s
 INFO: Computing semblance for m0 = 7500
 INFO: Total execution time for kernels is 0.00950283s
 INFO: Computing semblance for m0 = 7520
 INFO: Total execution time for kernels is 0.00942082s
 INFO: Computing semblance for m0 = 7540
 INFO: Total execution time for kernels is 0.00951544s
 INFO: Computing semblance for m0 = 7560
 INFO: Total execution time for kernels is 0.00934942s
 INFO: Computing semblance for m0 = 7580
 INFO: Total execution time for kernels is 0.00926697s
 INFO: Computing semblance for m0 = 7600
 INFO: Total execution time for kernels is 0.0092374s
 INFO: Computing semblance for m0 = 7620
 INFO: Total execution time for kernels is 0.00945368s
 INFO: Computing semblance for m0 = 7640
 INFO: Total execution time for kernels is 0.00952614s
 INFO: Computing semblance for m0 = 7660
 INFO: Total execution time for kernels is 0.00927785s
 INFO: Computing semblance for m0 = 7680
 INFO: Total execution time for kernels is 0.00953422s
 INFO: Computing semblance for m0 = 7700
 INFO: Total execution time for kernels is 0.00939874s
 INFO: Computing semblance for m0 = 7720
 INFO: Total execution time for kernels is 0.00939836s
 INFO: Computing semblance for m0 = 7740
 INFO: Total execution time for kernels is 0.00931152s
 INFO: Computing semblance for m0 = 7760
 INFO: Total execution time for kernels is 0.00950056s
 INFO: Computing semblance for m0 = 7780
 INFO: Total execution time for kernels is 0.00910648s
 INFO: Computing semblance for m0 = 7800
 INFO: Total execution time for kernels is 0.00899046s
 INFO: Computing semblance for m0 = 7820
 INFO: Total execution time for kernels is 0.00896003s
 INFO: Computing semblance for m0 = 7840
 INFO: Total execution time for kernels is 0.00962071s
 INFO: Computing semblance for m0 = 7860
 INFO: Total execution time for kernels is 0.00974481s
 INFO: Computing semblance for m0 = 7880
 INFO: Total execution time for kernels is 0.00966639s
 INFO: Computing semblance for m0 = 7900
 INFO: Total execution time for kernels is 0.0096751s
 INFO: Computing semblance for m0 = 7920
 INFO: Total execution time for kernels is 0.00959573s
 INFO: Computing semblance for m0 = 7940
 INFO: Total execution time for kernels is 0.00930202s
 INFO: Computing semblance for m0 = 7960
 INFO: Total execution time for kernels is 0.00926455s
 INFO: Computing semblance for m0 = 7980
 INFO: Total execution time for kernels is 0.00939194s
 INFO: Computing semblance for m0 = 8000
 INFO: Total execution time for kernels is 0.00947274s
 INFO: Computing semblance for m0 = 8020
 INFO: Total execution time for kernels is 0.00948498s
 INFO: Computing semblance for m0 = 8040
 INFO: Total execution time for kernels is 0.00947641s
 INFO: Computing semblance for m0 = 8060
 INFO: Total execution time for kernels is 0.00938186s
 INFO: Computing semblance for m0 = 8080
 INFO: Total execution time for kernels is 0.00938917s
 INFO: Computing semblance for m0 = 8100
 INFO: Total execution time for kernels is 0.00915081s
 INFO: Computing semblance for m0 = 8120
 INFO: Total execution time for kernels is 0.00919855s
 INFO: Computing semblance for m0 = 8140
 INFO: Total execution time for kernels is 0.00929767s
 INFO: Computing semblance for m0 = 8160
 INFO: Total execution time for kernels is 0.00921462s
 INFO: Computing semblance for m0 = 8180
 INFO: Total execution time for kernels is 0.00934908s
 INFO: Computing semblance for m0 = 8200
 INFO: Total execution time for kernels is 0.00958486s
 INFO: Computing semblance for m0 = 8220
 INFO: Total execution time for kernels is 0.00943893s
 INFO: Computing semblance for m0 = 8240
 INFO: Total execution time for kernels is 0.00939042s
 INFO: Computing semblance for m0 = 8260
 INFO: Total execution time for kernels is 0.00929694s
 INFO: Computing semblance for m0 = 8280
 INFO: Total execution time for kernels is 0.00926052s
 INFO: Computing semblance for m0 = 8300
 INFO: Total execution time for kernels is 0.00924547s
 INFO: Computing semblance for m0 = 8320
 INFO: Total execution time for kernels is 0.00929852s
 INFO: Computing semblance for m0 = 8340
 INFO: Total execution time for kernels is 0.00912057s
 INFO: Computing semblance for m0 = 8360
 INFO: Total execution time for kernels is 0.00924701s
 INFO: Computing semblance for m0 = 8380
 INFO: Total execution time for kernels is 0.00918502s
 INFO: Computing semblance for m0 = 8400
 INFO: Total execution time for kernels is 0.00940977s
 INFO: Computing semblance for m0 = 8420
 INFO: Total execution time for kernels is 0.00933028s
 INFO: Computing semblance for m0 = 8440
 INFO: Total execution time for kernels is 0.0094228s
 INFO: Computing semblance for m0 = 8460
 INFO: Total execution time for kernels is 0.00949175s
 INFO: Computing semblance for m0 = 8480
 INFO: Total execution time for kernels is 0.00968486s
 INFO: Computing semblance for m0 = 8500
 INFO: Total execution time for kernels is 0.00954204s
 INFO: Computing semblance for m0 = 8520
 INFO: Total execution time for kernels is 0.00941014s
 INFO: Computing semblance for m0 = 8540
 INFO: Total execution time for kernels is 0.00952656s
 INFO: Computing semblance for m0 = 8560
 INFO: Total execution time for kernels is 0.00910933s
 INFO: Computing semblance for m0 = 8580
 INFO: Total execution time for kernels is 0.00905311s
 INFO: Computing semblance for m0 = 8600
 INFO: Total execution time for kernels is 0.00918849s
 INFO: Computing semblance for m0 = 8620
 INFO: Total execution time for kernels is 0.00911808s
 INFO: Computing semblance for m0 = 8640
 INFO: Total execution time for kernels is 0.00933569s
 INFO: Computing semblance for m0 = 8660
 INFO: Total execution time for kernels is 0.00928209s
 INFO: Computing semblance for m0 = 8680
 INFO: Total execution time for kernels is 0.00938543s
 INFO: Computing semblance for m0 = 8700
 INFO: Total execution time for kernels is 0.00941475s
 INFO: Computing semblance for m0 = 8720
 INFO: Total execution time for kernels is 0.00948352s
 INFO: Computing semblance for m0 = 8740
 INFO: Total execution time for kernels is 0.00949065s
 INFO: Computing semblance for m0 = 8760
 INFO: Total execution time for kernels is 0.00940211s
 INFO: Computing semblance for m0 = 8780
 INFO: Total execution time for kernels is 0.00943857s
 INFO: Computing semblance for m0 = 8800
 INFO: Total execution time for kernels is 0.00933463s
 INFO: Computing semblance for m0 = 8820
 INFO: Total execution time for kernels is 0.00920397s
 INFO: Computing semblance for m0 = 8840
 INFO: Total execution time for kernels is 0.0092106s
 INFO: Computing semblance for m0 = 8860
 INFO: Total execution time for kernels is 0.00913234s
 INFO: Computing semblance for m0 = 8880
 INFO: Total execution time for kernels is 0.00950376s
 INFO: Computing semblance for m0 = 8900
 INFO: Total execution time for kernels is 0.00935861s
 INFO: Computing semblance for m0 = 8920
 INFO: Total execution time for kernels is 0.00950212s
 INFO: Computing semblance for m0 = 8940
 INFO: Total execution time for kernels is 0.00936761s
 INFO: Computing semblance for m0 = 8960
 INFO: Total execution time for kernels is 0.00958517s
 INFO: Computing semblance for m0 = 8980
 INFO: Total execution time for kernels is 0.00946036s
 INFO: Computing semblance for m0 = 9000
 INFO: Total execution time for kernels is 0.0093315s
 INFO: Computing semblance for m0 = 9020
 INFO: Total execution time for kernels is 0.00924489s
 INFO: Computing semblance for m0 = 9040
 INFO: Total execution time for kernels is 0.00926413s
 INFO: Computing semblance for m0 = 9060
 INFO: Total execution time for kernels is 0.00945503s
 INFO: Computing semblance for m0 = 9080
 INFO: Total execution time for kernels is 0.00906696s
 INFO: Computing semblance for m0 = 9100
 INFO: Total execution time for kernels is 0.0090086s
 INFO: Computing semblance for m0 = 9120
 INFO: Total execution time for kernels is 0.00857658s
 INFO: Computing semblance for m0 = 9140
 INFO: Total execution time for kernels is 0.00860287s
 INFO: Computing semblance for m0 = 9160
 INFO: Total execution time for kernels is 0.00822955s
 INFO: Computing semblance for m0 = 9180
 INFO: Total execution time for kernels is 0.00817351s
 INFO: Computing semblance for m0 = 9200
 INFO: Total execution time for kernels is 0.00779634s
 INFO: Computing semblance for m0 = 9220
 INFO: Total execution time for kernels is 0.00767914s
 INFO: Computing semblance for m0 = 9240
 INFO: Total execution time for kernels is 0.00738027s
 INFO: Computing semblance for m0 = 9260
 INFO: Total execution time for kernels is 0.00731005s
 INFO: Computing semblance for m0 = 9280
 INFO: Total execution time for kernels is 0.00702417s
 INFO: Computing semblance for m0 = 9300
 INFO: Total execution time for kernels is 0.00694803s
 INFO: Computing semblance for m0 = 9320
 INFO: Total execution time for kernels is 0.00659659s
 INFO: Computing semblance for m0 = 9340
 INFO: Total execution time for kernels is 0.00654903s
 INFO: Computing semblance for m0 = 9360
 INFO: Total execution time for kernels is 0.00614934s
 INFO: Computing semblance for m0 = 9380
 INFO: Total execution time for kernels is 0.00603069s
 INFO: Computing semblance for m0 = 9400
 INFO: Total execution time for kernels is 0.00568975s
 INFO: Computing semblance for m0 = 9420
 INFO: Total execution time for kernels is 0.00564978s
 INFO: Computing semblance for m0 = 9440
 INFO: Total execution time for kernels is 0.00527967s
 INFO: Computing semblance for m0 = 9460
 INFO: Total execution time for kernels is 0.00524267s
 INFO: Computing semblance for m0 = 9480
 INFO: Total execution time for kernels is 0.00484657s
 INFO: Computing semblance for m0 = 9500
 INFO: Total execution time for kernels is 0.00483012s
 INFO: Computing semblance for m0 = 9520
 INFO: Total execution time for kernels is 0.00443843s
 INFO: Computing semblance for m0 = 9540
 INFO: Total execution time for kernels is 0.00440525s
 INFO: Computing semblance for m0 = 9560
 INFO: Total execution time for kernels is 0.00411498s
 INFO: Computing semblance for m0 = 9580
 INFO: Total execution time for kernels is 0.00405579s
 INFO: Computing semblance for m0 = 9600
 INFO: Total execution time for kernels is 0.00377099s
 INFO: Computing semblance for m0 = 9620
 INFO: Total execution time for kernels is 0.00375514s
 INFO: Computing semblance for m0 = 9640
 INFO: Total execution time for kernels is 0.00349527s
 INFO: Computing semblance for m0 = 9660
 INFO: Total execution time for kernels is 0.00349421s
 INFO: Computing semblance for m0 = 9680
 INFO: Total execution time for kernels is 0.0032462s
 INFO: Computing semblance for m0 = 9700
 INFO: Total execution time for kernels is 0.00323447s
 INFO: Computing semblance for m0 = 9720
 INFO: Total execution time for kernels is 0.00303437s
 INFO: Computing semblance for m0 = 9740
 INFO: Total execution time for kernels is 0.00300619s
 INFO: Computing semblance for m0 = 9760
 INFO: Total execution time for kernels is 0.00279636s
 INFO: Computing semblance for m0 = 9780
 INFO: Total execution time for kernels is 0.00279111s
 INFO: Computing semblance for m0 = 9800
 INFO: Total execution time for kernels is 0.00258765s
 INFO: Computing semblance for m0 = 9820
 INFO: Total execution time for kernels is 0.00257171s
 INFO: Computing semblance for m0 = 9840
 INFO: Total execution time for kernels is 0.00240434s
 INFO: Computing semblance for m0 = 9860
 INFO: Total execution time for kernels is 0.00241124s
 INFO: Computing semblance for m0 = 9880
 INFO: Total execution time for kernels is 0.00225369s
 INFO: Computing semblance for m0 = 9900
 INFO: Total execution time for kernels is 0.00224902s
 INFO: Computing semblance for m0 = 9920
 INFO: Total execution time for kernels is 0.00207827s
 INFO: Computing semblance for m0 = 9940
 INFO: Total execution time for kernels is 0.00207225s
 INFO: Average of efficiency is 1
 INFO: Average of interpolations_per_sec is 1.13343e+11
 INFO: Average of selected_traces is 20.6742
 INFO: Average of total_selection_kernel_exec_time is 0.000280104
 INFO: Average of total_kernel_exec_time is 0.00868258
 INFO: Results written to /home/ubuntu/nfs/out/0447d1c_g4dn.xlarge/cmp/de/cuda/simple-synthetic_2/simple-synthetic_de_cmp_20201231_2115/
 INFO: It took 6.56364s to compute.
