 INFO: [readGatherFromFile:119] Number of CDPs = 445
 INFO: [readGatherFromFile:120] Number of traces in the gather = 9200
 INFO: [readGatherFromFile:121] Number of samples per trace = 2502
 INFO: [initialize:24] Initializing traveltime
 INFO: [initialize:28] Factory initialized
 INFO: [create_worker:27] Device count is 0
 INFO: [parseComputeAlgorithm:28] Generations = 32
 INFO: [parseComputeAlgorithm:32] Individuals per population = 32
 INFO: [run:16] m0 = 1080
 INFO: [activate:15] Activating GPU#0
 INFO: [activate:15] Activating GPU#0
 INFO: [activate:15] Activating GPU#0
 INFO: [selectTracesToBeUsedForMidpoint:113] Selecting traces for m0 = 1080
 INFO: [copyOnlySelectedTracesToDevice:118] Selected 378 traces
 INFO: [copyOnlySelectedTracesToDevice:152] Copy time is 0.00371907
 INFO: [selectTracesToBeUsedForMidpoint:181] Execution time for copying traces is 0.00400446s
 INFO: [saveStatisticalResults:102] Total execution time for selecting traces is 0.046689s
 INFO: [saveStatisticalResults:104] Total execution time for kernels is 0.0881233s
 INFO: [run:16] m0 = 1160
 INFO: [activate:15] Activating GPU#0
 INFO: [selectTracesToBeUsedForMidpoint:113] Selecting traces for m0 = 1160
 INFO: [copyOnlySelectedTracesToDevice:118] Selected 435 traces
 INFO: [copyOnlySelectedTracesToDevice:152] Copy time is 0.00403367
 INFO: [selectTracesToBeUsedForMidpoint:181] Execution time for copying traces is 0.0045061s
 INFO: [saveStatisticalResults:102] Total execution time for selecting traces is 0.0339633s
 INFO: [saveStatisticalResults:104] Total execution time for kernels is 0.0935913s
 INFO: [run:16] m0 = 1240
 INFO: [activate:15] Activating GPU#0
 INFO: [selectTracesToBeUsedForMidpoint:113] Selecting traces for m0 = 1240
 INFO: [copyOnlySelectedTracesToDevice:118] Selected 496 traces
 INFO: [copyOnlySelectedTracesToDevice:152] Copy time is 0.00463755
 INFO: [selectTracesToBeUsedForMidpoint:181] Execution time for copying traces is 0.00522825s
 INFO: [saveStatisticalResults:102] Total execution time for selecting traces is 0.0286321s
 INFO: [saveStatisticalResults:104] Total execution time for kernels is 0.124576s
 INFO: [run:16] m0 = 1320
 INFO: [activate:15] Activating GPU#0
 INFO: [selectTracesToBeUsedForMidpoint:113] Selecting traces for m0 = 1320
 INFO: [copyOnlySelectedTracesToDevice:118] Selected 561 traces
 INFO: [copyOnlySelectedTracesToDevice:152] Copy time is 0.00507656
 INFO: [selectTracesToBeUsedForMidpoint:181] Execution time for copying traces is 0.00568324s
 INFO: [saveStatisticalResults:102] Total execution time for selecting traces is 0.0380176s
 INFO: [saveStatisticalResults:104] Total execution time for kernels is 0.151332s
 INFO: [run:16] m0 = 1400
 INFO: [activate:15] Activating GPU#0
 INFO: [selectTracesToBeUsedForMidpoint:113] Selecting traces for m0 = 1400
 INFO: [copyOnlySelectedTracesToDevice:118] Selected 630 traces
 INFO: [copyOnlySelectedTracesToDevice:152] Copy time is 0.00561201
 INFO: [selectTracesToBeUsedForMidpoint:181] Execution time for copying traces is 0.00622774s
 INFO: [saveStatisticalResults:102] Total execution time for selecting traces is 0.0441059s
 INFO: [saveStatisticalResults:104] Total execution time for kernels is 0.181051s
 INFO: [run:16] m0 = 1480
 INFO: [activate:15] Activating GPU#0
 INFO: [selectTracesToBeUsedForMidpoint:113] Selecting traces for m0 = 1480
 INFO: [copyOnlySelectedTracesToDevice:118] Selected 703 traces
 INFO: [copyOnlySelectedTracesToDevice:152] Copy time is 0.00641934
 INFO: [selectTracesToBeUsedForMidpoint:181] Execution time for copying traces is 0.00712881s
 INFO: [saveStatisticalResults:102] Total execution time for selecting traces is 0.0497047s
 INFO: [saveStatisticalResults:104] Total execution time for kernels is 0.230366s
 INFO: [run:16] m0 = 1560
 INFO: [activate:15] Activating GPU#0
 INFO: [selectTracesToBeUsedForMidpoint:113] Selecting traces for m0 = 1560
 INFO: [copyOnlySelectedTracesToDevice:118] Selected 780 traces
 INFO: [copyOnlySelectedTracesToDevice:152] Copy time is 0.00654037
 INFO: [selectTracesToBeUsedForMidpoint:181] Execution time for copying traces is 0.00710756s
 INFO: [saveStatisticalResults:102] Total execution time for selecting traces is 0.0273803s
 INFO: [saveStatisticalResults:104] Total execution time for kernels is 0.293784s
 INFO: [run:16] m0 = 1640
 INFO: [activate:15] Activating GPU#0
 INFO: [selectTracesToBeUsedForMidpoint:113] Selecting traces for m0 = 1640
 INFO: [copyOnlySelectedTracesToDevice:118] Selected 861 traces
 INFO: [copyOnlySelectedTracesToDevice:152] Copy time is 0.00687799
 INFO: [selectTracesToBeUsedForMidpoint:181] Execution time for copying traces is 0.00748028s
 INFO: [saveStatisticalResults:102] Total execution time for selecting traces is 0.0238139s
 INFO: [saveStatisticalResults:104] Total execution time for kernels is 0.35228s
 INFO: [run:16] m0 = 1720
 INFO: [activate:15] Activating GPU#0
 INFO: [selectTracesToBeUsedForMidpoint:113] Selecting traces for m0 = 1720
 INFO: [copyOnlySelectedTracesToDevice:118] Selected 946 traces
 INFO: [copyOnlySelectedTracesToDevice:152] Copy time is 0.00762912
 INFO: [selectTracesToBeUsedForMidpoint:181] Execution time for copying traces is 0.00823275s
 INFO: [saveStatisticalResults:102] Total execution time for selecting traces is 0.0245566s
 INFO: [saveStatisticalResults:104] Total execution time for kernels is 0.421974s
 INFO: [run:16] m0 = 1800
 INFO: [activate:15] Activating GPU#0
 INFO: [selectTracesToBeUsedForMidpoint:113] Selecting traces for m0 = 1800
 INFO: [copyOnlySelectedTracesToDevice:118] Selected 1035 traces
 INFO: [copyOnlySelectedTracesToDevice:152] Copy time is 0.00868373
 INFO: [selectTracesToBeUsedForMidpoint:181] Execution time for copying traces is 0.00935818s
 INFO: [saveStatisticalResults:102] Total execution time for selecting traces is 0.0293663s
 INFO: [saveStatisticalResults:104] Total execution time for kernels is 0.50447s
 INFO: [run:16] m0 = 1880
 INFO: [activate:15] Activating GPU#0
 INFO: [selectTracesToBeUsedForMidpoint:113] Selecting traces for m0 = 1880
 INFO: [copyOnlySelectedTracesToDevice:118] Selected 1127 traces
 INFO: [copyOnlySelectedTracesToDevice:152] Copy time is 0.00907683
 INFO: [selectTracesToBeUsedForMidpoint:181] Execution time for copying traces is 0.00974221s
 INFO: [saveStatisticalResults:102] Total execution time for selecting traces is 0.0260474s
 INFO: [saveStatisticalResults:104] Total execution time for kernels is 0.583836s
 INFO: [run:16] m0 = 1960
 INFO: [activate:15] Activating GPU#0
 INFO: [selectTracesToBeUsedForMidpoint:113] Selecting traces for m0 = 1960
 INFO: [copyOnlySelectedTracesToDevice:118] Selected 1219 traces
 INFO: [copyOnlySelectedTracesToDevice:152] Copy time is 0.00978395
 INFO: [selectTracesToBeUsedForMidpoint:181] Execution time for copying traces is 0.0104704s
 INFO: [saveStatisticalResults:102] Total execution time for selecting traces is 0.0267633s
 INFO: [saveStatisticalResults:104] Total execution time for kernels is 0.654479s
 INFO: [run:16] m0 = 2040
 INFO: [activate:15] Activating GPU#0
 INFO: [selectTracesToBeUsedForMidpoint:113] Selecting traces for m0 = 2040
 INFO: [copyOnlySelectedTracesToDevice:118] Selected 1311 traces
 INFO: [copyOnlySelectedTracesToDevice:152] Copy time is 0.0106969
 INFO: [selectTracesToBeUsedForMidpoint:181] Execution time for copying traces is 0.0113962s
 INFO: [saveStatisticalResults:102] Total execution time for selecting traces is 0.0277061s
 INFO: [saveStatisticalResults:104] Total execution time for kernels is 0.681892s
 INFO: [run:16] m0 = 2120
 INFO: [activate:15] Activating GPU#0
 INFO: [selectTracesToBeUsedForMidpoint:113] Selecting traces for m0 = 2120
 INFO: [copyOnlySelectedTracesToDevice:118] Selected 1403 traces
 INFO: [copyOnlySelectedTracesToDevice:152] Copy time is 0.0112733
 INFO: [selectTracesToBeUsedForMidpoint:181] Execution time for copying traces is 0.0120284s
 INFO: [saveStatisticalResults:102] Total execution time for selecting traces is 0.0283492s
 INFO: [saveStatisticalResults:104] Total execution time for kernels is 0.687046s
 INFO: [run:16] m0 = 2200
 INFO: [activate:15] Activating GPU#0
 INFO: [selectTracesToBeUsedForMidpoint:113] Selecting traces for m0 = 2200
 INFO: [copyOnlySelectedTracesToDevice:118] Selected 1403 traces
 INFO: [copyOnlySelectedTracesToDevice:152] Copy time is 0.0113672
 INFO: [selectTracesToBeUsedForMidpoint:181] Execution time for copying traces is 0.0121396s
 INFO: [saveStatisticalResults:102] Total execution time for selecting traces is 0.0284993s
 INFO: [saveStatisticalResults:104] Total execution time for kernels is 0.688492s
 INFO: [run:16] m0 = 2280
 INFO: [activate:15] Activating GPU#0
 INFO: [selectTracesToBeUsedForMidpoint:113] Selecting traces for m0 = 2280
 INFO: [copyOnlySelectedTracesToDevice:118] Selected 1403 traces
 INFO: [copyOnlySelectedTracesToDevice:152] Copy time is 0.0113747
 INFO: [selectTracesToBeUsedForMidpoint:181] Execution time for copying traces is 0.0121389s
 INFO: [saveStatisticalResults:102] Total execution time for selecting traces is 0.0284756s
 INFO: [saveStatisticalResults:104] Total execution time for kernels is 0.690534s
 INFO: [run:16] m0 = 2360
 INFO: [activate:15] Activating GPU#0
 INFO: [selectTracesToBeUsedForMidpoint:113] Selecting traces for m0 = 2360
 INFO: [copyOnlySelectedTracesToDevice:118] Selected 1403 traces
 INFO: [copyOnlySelectedTracesToDevice:152] Copy time is 0.0114266
 INFO: [selectTracesToBeUsedForMidpoint:181] Execution time for copying traces is 0.0121844s
 INFO: [saveStatisticalResults:102] Total execution time for selecting traces is 0.0285151s
 INFO: [saveStatisticalResults:104] Total execution time for kernels is 0.691239s
 INFO: [run:16] m0 = 2440
 INFO: [activate:15] Activating GPU#0
 INFO: [selectTracesToBeUsedForMidpoint:113] Selecting traces for m0 = 2440
 INFO: [copyOnlySelectedTracesToDevice:118] Selected 1403 traces
 INFO: [copyOnlySelectedTracesToDevice:152] Copy time is 0.0113496
 INFO: [selectTracesToBeUsedForMidpoint:181] Execution time for copying traces is 0.0120984s
 INFO: [saveStatisticalResults:102] Total execution time for selecting traces is 0.0284232s
 INFO: [saveStatisticalResults:104] Total execution time for kernels is 0.693804s
 INFO: [run:16] m0 = 2520
 INFO: [activate:15] Activating GPU#0
 INFO: [selectTracesToBeUsedForMidpoint:113] Selecting traces for m0 = 2520
 INFO: [copyOnlySelectedTracesToDevice:118] Selected 1403 traces
 INFO: [copyOnlySelectedTracesToDevice:152] Copy time is 0.0113466
 INFO: [selectTracesToBeUsedForMidpoint:181] Execution time for copying traces is 0.0121238s
 INFO: [saveStatisticalResults:102] Total execution time for selecting traces is 0.0284524s
 INFO: [saveStatisticalResults:104] Total execution time for kernels is 0.690607s
 INFO: [run:16] m0 = 2600
 INFO: [activate:15] Activating GPU#0
 INFO: [selectTracesToBeUsedForMidpoint:113] Selecting traces for m0 = 2600
 INFO: [copyOnlySelectedTracesToDevice:118] Selected 1403 traces
 INFO: [copyOnlySelectedTracesToDevice:152] Copy time is 0.0112565
 INFO: [selectTracesToBeUsedForMidpoint:181] Execution time for copying traces is 0.012041s
 INFO: [saveStatisticalResults:102] Total execution time for selecting traces is 0.0283695s
 INFO: [saveStatisticalResults:104] Total execution time for kernels is 0.700973s
 INFO: [run:16] m0 = 2680
 INFO: [activate:15] Activating GPU#0
 INFO: [selectTracesToBeUsedForMidpoint:113] Selecting traces for m0 = 2680
 INFO: [copyOnlySelectedTracesToDevice:118] Selected 1403 traces
 INFO: [copyOnlySelectedTracesToDevice:152] Copy time is 0.0113212
 INFO: [selectTracesToBeUsedForMidpoint:181] Execution time for copying traces is 0.0120623s
 INFO: [saveStatisticalResults:102] Total execution time for selecting traces is 0.0283869s
 INFO: [saveStatisticalResults:104] Total execution time for kernels is 0.692399s
 INFO: [run:16] m0 = 2760
 INFO: [activate:15] Activating GPU#0
 INFO: [selectTracesToBeUsedForMidpoint:113] Selecting traces for m0 = 2760
 INFO: [copyOnlySelectedTracesToDevice:118] Selected 1403 traces
 INFO: [copyOnlySelectedTracesToDevice:152] Copy time is 0.0113151
 INFO: [selectTracesToBeUsedForMidpoint:181] Execution time for copying traces is 0.0121095s
 INFO: [saveStatisticalResults:102] Total execution time for selecting traces is 0.0284521s
 INFO: [saveStatisticalResults:104] Total execution time for kernels is 0.704265s
 INFO: [run:16] m0 = 2840
 INFO: [activate:15] Activating GPU#0
 INFO: [selectTracesToBeUsedForMidpoint:113] Selecting traces for m0 = 2840
 INFO: [copyOnlySelectedTracesToDevice:118] Selected 1403 traces
 INFO: [copyOnlySelectedTracesToDevice:152] Copy time is 0.0113324
 INFO: [selectTracesToBeUsedForMidpoint:181] Execution time for copying traces is 0.0120985s
 INFO: [saveStatisticalResults:102] Total execution time for selecting traces is 0.0284439s
 INFO: [saveStatisticalResults:104] Total execution time for kernels is 0.698254s
 INFO: [run:16] m0 = 2920
 INFO: [activate:15] Activating GPU#0
 INFO: [selectTracesToBeUsedForMidpoint:113] Selecting traces for m0 = 2920
 INFO: [copyOnlySelectedTracesToDevice:118] Selected 1403 traces
 INFO: [copyOnlySelectedTracesToDevice:152] Copy time is 0.0113798
 INFO: [selectTracesToBeUsedForMidpoint:181] Execution time for copying traces is 0.0121485s
 INFO: [saveStatisticalResults:102] Total execution time for selecting traces is 0.0284923s
 INFO: [saveStatisticalResults:104] Total execution time for kernels is 0.692518s
 INFO: [run:16] m0 = 3000
 INFO: [activate:15] Activating GPU#0
 INFO: [selectTracesToBeUsedForMidpoint:113] Selecting traces for m0 = 3000
 INFO: [copyOnlySelectedTracesToDevice:118] Selected 1403 traces
 INFO: [copyOnlySelectedTracesToDevice:152] Copy time is 0.0113708
 INFO: [selectTracesToBeUsedForMidpoint:181] Execution time for copying traces is 0.0121181s
 INFO: [saveStatisticalResults:102] Total execution time for selecting traces is 0.028427s
 INFO: [saveStatisticalResults:104] Total execution time for kernels is 0.692952s
 INFO: [run:16] m0 = 3080
 INFO: [activate:15] Activating GPU#0
 INFO: [selectTracesToBeUsedForMidpoint:113] Selecting traces for m0 = 3080
 INFO: [copyOnlySelectedTracesToDevice:118] Selected 1403 traces
 INFO: [copyOnlySelectedTracesToDevice:152] Copy time is 0.0113278
 INFO: [selectTracesToBeUsedForMidpoint:181] Execution time for copying traces is 0.0120815s
 INFO: [saveStatisticalResults:102] Total execution time for selecting traces is 0.0284271s
 INFO: [saveStatisticalResults:104] Total execution time for kernels is 0.690166s
 INFO: [run:16] m0 = 3160
 INFO: [activate:15] Activating GPU#0
 INFO: [selectTracesToBeUsedForMidpoint:113] Selecting traces for m0 = 3160
 INFO: [copyOnlySelectedTracesToDevice:118] Selected 1403 traces
 INFO: [copyOnlySelectedTracesToDevice:152] Copy time is 0.0112147
 INFO: [selectTracesToBeUsedForMidpoint:181] Execution time for copying traces is 0.0119597s
 INFO: [saveStatisticalResults:102] Total execution time for selecting traces is 0.0282906s
 INFO: [saveStatisticalResults:104] Total execution time for kernels is 0.684722s
 INFO: [run:16] m0 = 3240
 INFO: [activate:15] Activating GPU#0
 INFO: [selectTracesToBeUsedForMidpoint:113] Selecting traces for m0 = 3240
 INFO: [copyOnlySelectedTracesToDevice:118] Selected 1403 traces
 INFO: [copyOnlySelectedTracesToDevice:152] Copy time is 0.0114186
 INFO: [selectTracesToBeUsedForMidpoint:181] Execution time for copying traces is 0.0121609s
 INFO: [saveStatisticalResults:102] Total execution time for selecting traces is 0.0285152s
 INFO: [saveStatisticalResults:104] Total execution time for kernels is 0.692517s
 INFO: [run:16] m0 = 3320
 INFO: [activate:15] Activating GPU#0
 INFO: [selectTracesToBeUsedForMidpoint:113] Selecting traces for m0 = 3320
 INFO: [copyOnlySelectedTracesToDevice:118] Selected 1403 traces
 INFO: [copyOnlySelectedTracesToDevice:152] Copy time is 0.0113468
 INFO: [selectTracesToBeUsedForMidpoint:181] Execution time for copying traces is 0.0121414s
 INFO: [saveStatisticalResults:102] Total execution time for selecting traces is 0.0284756s
 INFO: [saveStatisticalResults:104] Total execution time for kernels is 0.688474s
 INFO: [run:16] m0 = 3400
 INFO: [activate:15] Activating GPU#0
 INFO: [selectTracesToBeUsedForMidpoint:113] Selecting traces for m0 = 3400
 INFO: [copyOnlySelectedTracesToDevice:118] Selected 1403 traces
 INFO: [copyOnlySelectedTracesToDevice:152] Copy time is 0.0115633
 INFO: [selectTracesToBeUsedForMidpoint:181] Execution time for copying traces is 0.0124196s
 INFO: [saveStatisticalResults:102] Total execution time for selecting traces is 0.0319923s
 INFO: [saveStatisticalResults:104] Total execution time for kernels is 0.691026s
 INFO: [run:16] m0 = 3480
 INFO: [activate:15] Activating GPU#0
 INFO: [selectTracesToBeUsedForMidpoint:113] Selecting traces for m0 = 3480
 INFO: [copyOnlySelectedTracesToDevice:118] Selected 1403 traces
 INFO: [copyOnlySelectedTracesToDevice:152] Copy time is 0.0114444
 INFO: [selectTracesToBeUsedForMidpoint:181] Execution time for copying traces is 0.0122423s
 INFO: [saveStatisticalResults:102] Total execution time for selecting traces is 0.0303827s
 INFO: [saveStatisticalResults:104] Total execution time for kernels is 0.695046s
 INFO: [run:16] m0 = 3560
 INFO: [activate:15] Activating GPU#0
 INFO: [selectTracesToBeUsedForMidpoint:113] Selecting traces for m0 = 3560
 INFO: [copyOnlySelectedTracesToDevice:118] Selected 1403 traces
 INFO: [copyOnlySelectedTracesToDevice:152] Copy time is 0.0113958
 INFO: [selectTracesToBeUsedForMidpoint:181] Execution time for copying traces is 0.0121399s
 INFO: [saveStatisticalResults:102] Total execution time for selecting traces is 0.0284664s
 INFO: [saveStatisticalResults:104] Total execution time for kernels is 0.697751s
 INFO: [run:16] m0 = 3640
 INFO: [activate:15] Activating GPU#0
 INFO: [selectTracesToBeUsedForMidpoint:113] Selecting traces for m0 = 3640
 INFO: [copyOnlySelectedTracesToDevice:118] Selected 1403 traces
 INFO: [copyOnlySelectedTracesToDevice:152] Copy time is 0.0112752
 INFO: [selectTracesToBeUsedForMidpoint:181] Execution time for copying traces is 0.0120177s
 INFO: [saveStatisticalResults:102] Total execution time for selecting traces is 0.0283651s
 INFO: [saveStatisticalResults:104] Total execution time for kernels is 0.683393s
 INFO: [run:16] m0 = 3720
 INFO: [activate:15] Activating GPU#0
 INFO: [selectTracesToBeUsedForMidpoint:113] Selecting traces for m0 = 3720
 INFO: [copyOnlySelectedTracesToDevice:118] Selected 1403 traces
 INFO: [copyOnlySelectedTracesToDevice:152] Copy time is 0.0114561
 INFO: [selectTracesToBeUsedForMidpoint:181] Execution time for copying traces is 0.0122251s
 INFO: [saveStatisticalResults:102] Total execution time for selecting traces is 0.0285475s
 INFO: [saveStatisticalResults:104] Total execution time for kernels is 0.698146s
 INFO: [run:16] m0 = 3800
 INFO: [activate:15] Activating GPU#0
 INFO: [selectTracesToBeUsedForMidpoint:113] Selecting traces for m0 = 3800
 INFO: [copyOnlySelectedTracesToDevice:118] Selected 1403 traces
 INFO: [copyOnlySelectedTracesToDevice:152] Copy time is 0.0112817
 INFO: [selectTracesToBeUsedForMidpoint:181] Execution time for copying traces is 0.0120345s
 INFO: [saveStatisticalResults:102] Total execution time for selecting traces is 0.0283513s
 INFO: [saveStatisticalResults:104] Total execution time for kernels is 0.68127s
 INFO: [run:16] m0 = 3880
 INFO: [activate:15] Activating GPU#0
 INFO: [selectTracesToBeUsedForMidpoint:113] Selecting traces for m0 = 3880
 INFO: [copyOnlySelectedTracesToDevice:118] Selected 1403 traces
 INFO: [copyOnlySelectedTracesToDevice:152] Copy time is 0.0113189
 INFO: [selectTracesToBeUsedForMidpoint:181] Execution time for copying traces is 0.0120961s
 INFO: [saveStatisticalResults:102] Total execution time for selecting traces is 0.0284275s
 INFO: [saveStatisticalResults:104] Total execution time for kernels is 0.691636s
 INFO: [run:16] m0 = 3960
 INFO: [activate:15] Activating GPU#0
 INFO: [selectTracesToBeUsedForMidpoint:113] Selecting traces for m0 = 3960
 INFO: [copyOnlySelectedTracesToDevice:118] Selected 1403 traces
 INFO: [copyOnlySelectedTracesToDevice:152] Copy time is 0.0113368
 INFO: [selectTracesToBeUsedForMidpoint:181] Execution time for copying traces is 0.0120873s
 INFO: [saveStatisticalResults:102] Total execution time for selecting traces is 0.0284186s
 INFO: [saveStatisticalResults:104] Total execution time for kernels is 0.690986s
 INFO: [run:16] m0 = 4040
 INFO: [activate:15] Activating GPU#0
 INFO: [selectTracesToBeUsedForMidpoint:113] Selecting traces for m0 = 4040
 INFO: [copyOnlySelectedTracesToDevice:118] Selected 1403 traces
 INFO: [copyOnlySelectedTracesToDevice:152] Copy time is 0.0113683
 INFO: [selectTracesToBeUsedForMidpoint:181] Execution time for copying traces is 0.01214s
 INFO: [saveStatisticalResults:102] Total execution time for selecting traces is 0.0284707s
 INFO: [saveStatisticalResults:104] Total execution time for kernels is 0.678212s
 INFO: [run:16] m0 = 4120
 INFO: [activate:15] Activating GPU#0
 INFO: [selectTracesToBeUsedForMidpoint:113] Selecting traces for m0 = 4120
 INFO: [copyOnlySelectedTracesToDevice:118] Selected 1403 traces
 INFO: [copyOnlySelectedTracesToDevice:152] Copy time is 0.0112681
 INFO: [selectTracesToBeUsedForMidpoint:181] Execution time for copying traces is 0.0120138s
 INFO: [saveStatisticalResults:102] Total execution time for selecting traces is 0.028361s
 INFO: [saveStatisticalResults:104] Total execution time for kernels is 0.676992s
 INFO: [run:16] m0 = 4200
 INFO: [activate:15] Activating GPU#0
 INFO: [selectTracesToBeUsedForMidpoint:113] Selecting traces for m0 = 4200
 INFO: [copyOnlySelectedTracesToDevice:118] Selected 1403 traces
 INFO: [copyOnlySelectedTracesToDevice:152] Copy time is 0.0112821
 INFO: [selectTracesToBeUsedForMidpoint:181] Execution time for copying traces is 0.0120497s
 INFO: [saveStatisticalResults:102] Total execution time for selecting traces is 0.0284094s
 INFO: [saveStatisticalResults:104] Total execution time for kernels is 0.692128s
 INFO: [run:16] m0 = 4280
 INFO: [activate:15] Activating GPU#0
 INFO: [selectTracesToBeUsedForMidpoint:113] Selecting traces for m0 = 4280
 INFO: [copyOnlySelectedTracesToDevice:118] Selected 1403 traces
 INFO: [copyOnlySelectedTracesToDevice:152] Copy time is 0.0113933
 INFO: [selectTracesToBeUsedForMidpoint:181] Execution time for copying traces is 0.0121376s
 INFO: [saveStatisticalResults:102] Total execution time for selecting traces is 0.0285078s
 INFO: [saveStatisticalResults:104] Total execution time for kernels is 0.691523s
 INFO: [run:16] m0 = 4360
 INFO: [activate:15] Activating GPU#0
 INFO: [selectTracesToBeUsedForMidpoint:113] Selecting traces for m0 = 4360
 INFO: [copyOnlySelectedTracesToDevice:118] Selected 1403 traces
 INFO: [copyOnlySelectedTracesToDevice:152] Copy time is 0.0112786
 INFO: [selectTracesToBeUsedForMidpoint:181] Execution time for copying traces is 0.0120425s
 INFO: [saveStatisticalResults:102] Total execution time for selecting traces is 0.0283909s
 INFO: [saveStatisticalResults:104] Total execution time for kernels is 0.696888s
 INFO: [run:16] m0 = 4440
 INFO: [activate:15] Activating GPU#0
 INFO: [selectTracesToBeUsedForMidpoint:113] Selecting traces for m0 = 4440
 INFO: [copyOnlySelectedTracesToDevice:118] Selected 1403 traces
 INFO: [copyOnlySelectedTracesToDevice:152] Copy time is 0.011397
 INFO: [selectTracesToBeUsedForMidpoint:181] Execution time for copying traces is 0.0121876s
 INFO: [saveStatisticalResults:102] Total execution time for selecting traces is 0.0284905s
 INFO: [saveStatisticalResults:104] Total execution time for kernels is 0.688309s
 INFO: [run:16] m0 = 4520
 INFO: [activate:15] Activating GPU#0
 INFO: [selectTracesToBeUsedForMidpoint:113] Selecting traces for m0 = 4520
 INFO: [copyOnlySelectedTracesToDevice:118] Selected 1403 traces
 INFO: [copyOnlySelectedTracesToDevice:152] Copy time is 0.0112986
 INFO: [selectTracesToBeUsedForMidpoint:181] Execution time for copying traces is 0.0120477s
 INFO: [saveStatisticalResults:102] Total execution time for selecting traces is 0.0283941s
 INFO: [saveStatisticalResults:104] Total execution time for kernels is 0.694283s
 INFO: [run:16] m0 = 4600
 INFO: [activate:15] Activating GPU#0
 INFO: [selectTracesToBeUsedForMidpoint:113] Selecting traces for m0 = 4600
 INFO: [copyOnlySelectedTracesToDevice:118] Selected 1403 traces
 INFO: [copyOnlySelectedTracesToDevice:152] Copy time is 0.0113576
 INFO: [selectTracesToBeUsedForMidpoint:181] Execution time for copying traces is 0.0121126s
 INFO: [saveStatisticalResults:102] Total execution time for selecting traces is 0.028431s
 INFO: [saveStatisticalResults:104] Total execution time for kernels is 0.689142s
 INFO: [run:16] m0 = 4680
 INFO: [activate:15] Activating GPU#0
 INFO: [selectTracesToBeUsedForMidpoint:113] Selecting traces for m0 = 4680
 INFO: [copyOnlySelectedTracesToDevice:118] Selected 1403 traces
 INFO: [copyOnlySelectedTracesToDevice:152] Copy time is 0.0114492
 INFO: [selectTracesToBeUsedForMidpoint:181] Execution time for copying traces is 0.0121918s
 INFO: [saveStatisticalResults:102] Total execution time for selecting traces is 0.0285332s
 INFO: [saveStatisticalResults:104] Total execution time for kernels is 0.690035s
 INFO: [run:16] m0 = 4760
 INFO: [activate:15] Activating GPU#0
 INFO: [selectTracesToBeUsedForMidpoint:113] Selecting traces for m0 = 4760
 INFO: [copyOnlySelectedTracesToDevice:118] Selected 1403 traces
 INFO: [copyOnlySelectedTracesToDevice:152] Copy time is 0.0113304
 INFO: [selectTracesToBeUsedForMidpoint:181] Execution time for copying traces is 0.0120739s
 INFO: [saveStatisticalResults:102] Total execution time for selecting traces is 0.028388s
 INFO: [saveStatisticalResults:104] Total execution time for kernels is 0.688511s
 INFO: [run:16] m0 = 4840
 INFO: [activate:15] Activating GPU#0
 INFO: [selectTracesToBeUsedForMidpoint:113] Selecting traces for m0 = 4840
 INFO: [copyOnlySelectedTracesToDevice:118] Selected 1403 traces
 INFO: [copyOnlySelectedTracesToDevice:152] Copy time is 0.0112739
 INFO: [selectTracesToBeUsedForMidpoint:181] Execution time for copying traces is 0.0120196s
 INFO: [saveStatisticalResults:102] Total execution time for selecting traces is 0.0283458s
 INFO: [saveStatisticalResults:104] Total execution time for kernels is 0.699367s
 INFO: [run:16] m0 = 4920
 INFO: [activate:15] Activating GPU#0
 INFO: [selectTracesToBeUsedForMidpoint:113] Selecting traces for m0 = 4920
 INFO: [copyOnlySelectedTracesToDevice:118] Selected 1403 traces
 INFO: [copyOnlySelectedTracesToDevice:152] Copy time is 0.0113742
 INFO: [selectTracesToBeUsedForMidpoint:181] Execution time for copying traces is 0.0121379s
 INFO: [saveStatisticalResults:102] Total execution time for selecting traces is 0.0284667s
 INFO: [saveStatisticalResults:104] Total execution time for kernels is 0.702587s
 INFO: [run:16] m0 = 5000
 INFO: [activate:15] Activating GPU#0
 INFO: [selectTracesToBeUsedForMidpoint:113] Selecting traces for m0 = 5000
 INFO: [copyOnlySelectedTracesToDevice:118] Selected 1403 traces
 INFO: [copyOnlySelectedTracesToDevice:152] Copy time is 0.0114401
 INFO: [selectTracesToBeUsedForMidpoint:181] Execution time for copying traces is 0.0121909s
 INFO: [saveStatisticalResults:102] Total execution time for selecting traces is 0.0285141s
 INFO: [saveStatisticalResults:104] Total execution time for kernels is 0.70059s
 INFO: [run:16] m0 = 5080
 INFO: [activate:15] Activating GPU#0
 INFO: [selectTracesToBeUsedForMidpoint:113] Selecting traces for m0 = 5080
 INFO: [copyOnlySelectedTracesToDevice:118] Selected 1403 traces
 INFO: [copyOnlySelectedTracesToDevice:152] Copy time is 0.0112863
 INFO: [selectTracesToBeUsedForMidpoint:181] Execution time for copying traces is 0.0120495s
 INFO: [saveStatisticalResults:102] Total execution time for selecting traces is 0.0283817s
 INFO: [saveStatisticalResults:104] Total execution time for kernels is 0.700428s
 INFO: [run:16] m0 = 5160
 INFO: [activate:15] Activating GPU#0
 INFO: [selectTracesToBeUsedForMidpoint:113] Selecting traces for m0 = 5160
 INFO: [copyOnlySelectedTracesToDevice:118] Selected 1403 traces
 INFO: [copyOnlySelectedTracesToDevice:152] Copy time is 0.0113366
 INFO: [selectTracesToBeUsedForMidpoint:181] Execution time for copying traces is 0.0120774s
 INFO: [saveStatisticalResults:102] Total execution time for selecting traces is 0.0284179s
 INFO: [saveStatisticalResults:104] Total execution time for kernels is 0.702908s
 INFO: [run:16] m0 = 5240
 INFO: [activate:15] Activating GPU#0
 INFO: [selectTracesToBeUsedForMidpoint:113] Selecting traces for m0 = 5240
 INFO: [copyOnlySelectedTracesToDevice:118] Selected 1403 traces
 INFO: [copyOnlySelectedTracesToDevice:152] Copy time is 0.0113825
 INFO: [selectTracesToBeUsedForMidpoint:181] Execution time for copying traces is 0.0121704s
 INFO: [saveStatisticalResults:102] Total execution time for selecting traces is 0.0285015s
 INFO: [saveStatisticalResults:104] Total execution time for kernels is 0.695047s
 INFO: [run:16] m0 = 5320
 INFO: [activate:15] Activating GPU#0
 INFO: [selectTracesToBeUsedForMidpoint:113] Selecting traces for m0 = 5320
 INFO: [copyOnlySelectedTracesToDevice:118] Selected 1403 traces
 INFO: [copyOnlySelectedTracesToDevice:152] Copy time is 0.0113044
 INFO: [selectTracesToBeUsedForMidpoint:181] Execution time for copying traces is 0.0120786s
 INFO: [saveStatisticalResults:102] Total execution time for selecting traces is 0.0283917s
 INFO: [saveStatisticalResults:104] Total execution time for kernels is 0.697149s
 INFO: [run:16] m0 = 5400
 INFO: [activate:15] Activating GPU#0
 INFO: [selectTracesToBeUsedForMidpoint:113] Selecting traces for m0 = 5400
 INFO: [copyOnlySelectedTracesToDevice:118] Selected 1403 traces
 INFO: [copyOnlySelectedTracesToDevice:152] Copy time is 0.0112936
 INFO: [selectTracesToBeUsedForMidpoint:181] Execution time for copying traces is 0.0120634s
 INFO: [saveStatisticalResults:102] Total execution time for selecting traces is 0.0283769s
 INFO: [saveStatisticalResults:104] Total execution time for kernels is 0.689253s
 INFO: [run:16] m0 = 5480
 INFO: [activate:15] Activating GPU#0
 INFO: [selectTracesToBeUsedForMidpoint:113] Selecting traces for m0 = 5480
 INFO: [copyOnlySelectedTracesToDevice:118] Selected 1403 traces
 INFO: [copyOnlySelectedTracesToDevice:152] Copy time is 0.0113483
 INFO: [selectTracesToBeUsedForMidpoint:181] Execution time for copying traces is 0.0120918s
 INFO: [saveStatisticalResults:102] Total execution time for selecting traces is 0.0283997s
 INFO: [saveStatisticalResults:104] Total execution time for kernels is 0.68641s
 INFO: [run:16] m0 = 5560
 INFO: [activate:15] Activating GPU#0
 INFO: [selectTracesToBeUsedForMidpoint:113] Selecting traces for m0 = 5560
 INFO: [copyOnlySelectedTracesToDevice:118] Selected 1403 traces
 INFO: [copyOnlySelectedTracesToDevice:152] Copy time is 0.0113773
 INFO: [selectTracesToBeUsedForMidpoint:181] Execution time for copying traces is 0.0121222s
 INFO: [saveStatisticalResults:102] Total execution time for selecting traces is 0.0284685s
 INFO: [saveStatisticalResults:104] Total execution time for kernels is 0.688135s
 INFO: [run:16] m0 = 5640
 INFO: [activate:15] Activating GPU#0
 INFO: [selectTracesToBeUsedForMidpoint:113] Selecting traces for m0 = 5640
 INFO: [copyOnlySelectedTracesToDevice:118] Selected 1403 traces
 INFO: [copyOnlySelectedTracesToDevice:152] Copy time is 0.0115195
 INFO: [selectTracesToBeUsedForMidpoint:181] Execution time for copying traces is 0.0123226s
 INFO: [saveStatisticalResults:102] Total execution time for selecting traces is 0.0312807s
 INFO: [saveStatisticalResults:104] Total execution time for kernels is 0.70512s
 INFO: [run:16] m0 = 5720
 INFO: [activate:15] Activating GPU#0
 INFO: [selectTracesToBeUsedForMidpoint:113] Selecting traces for m0 = 5720
 INFO: [copyOnlySelectedTracesToDevice:118] Selected 1403 traces
 INFO: [copyOnlySelectedTracesToDevice:152] Copy time is 0.0113667
 INFO: [selectTracesToBeUsedForMidpoint:181] Execution time for copying traces is 0.0121103s
 INFO: [saveStatisticalResults:102] Total execution time for selecting traces is 0.028447s
 INFO: [saveStatisticalResults:104] Total execution time for kernels is 0.705962s
 INFO: [run:16] m0 = 5800
 INFO: [activate:15] Activating GPU#0
 INFO: [selectTracesToBeUsedForMidpoint:113] Selecting traces for m0 = 5800
 INFO: [copyOnlySelectedTracesToDevice:118] Selected 1403 traces
 INFO: [copyOnlySelectedTracesToDevice:152] Copy time is 0.0112913
 INFO: [selectTracesToBeUsedForMidpoint:181] Execution time for copying traces is 0.0120384s
 INFO: [saveStatisticalResults:102] Total execution time for selecting traces is 0.0283582s
 INFO: [saveStatisticalResults:104] Total execution time for kernels is 0.703453s
 INFO: [run:16] m0 = 5880
 INFO: [activate:15] Activating GPU#0
 INFO: [selectTracesToBeUsedForMidpoint:113] Selecting traces for m0 = 5880
 INFO: [copyOnlySelectedTracesToDevice:118] Selected 1403 traces
 INFO: [copyOnlySelectedTracesToDevice:152] Copy time is 0.0113934
 INFO: [selectTracesToBeUsedForMidpoint:181] Execution time for copying traces is 0.0121617s
 INFO: [saveStatisticalResults:102] Total execution time for selecting traces is 0.028522s
 INFO: [saveStatisticalResults:104] Total execution time for kernels is 0.698624s
 INFO: [run:16] m0 = 5960
 INFO: [activate:15] Activating GPU#0
 INFO: [selectTracesToBeUsedForMidpoint:113] Selecting traces for m0 = 5960
 INFO: [copyOnlySelectedTracesToDevice:118] Selected 1403 traces
 INFO: [copyOnlySelectedTracesToDevice:152] Copy time is 0.0113921
 INFO: [selectTracesToBeUsedForMidpoint:181] Execution time for copying traces is 0.0121658s
 INFO: [saveStatisticalResults:102] Total execution time for selecting traces is 0.0285362s
 INFO: [saveStatisticalResults:104] Total execution time for kernels is 0.690614s
 INFO: [run:16] m0 = 6040
 INFO: [activate:15] Activating GPU#0
 INFO: [selectTracesToBeUsedForMidpoint:113] Selecting traces for m0 = 6040
 INFO: [copyOnlySelectedTracesToDevice:118] Selected 1403 traces
 INFO: [copyOnlySelectedTracesToDevice:152] Copy time is 0.0114267
 INFO: [selectTracesToBeUsedForMidpoint:181] Execution time for copying traces is 0.0121647s
 INFO: [saveStatisticalResults:102] Total execution time for selecting traces is 0.0285053s
 INFO: [saveStatisticalResults:104] Total execution time for kernels is 0.688631s
 INFO: [run:16] m0 = 6120
 INFO: [activate:15] Activating GPU#0
 INFO: [selectTracesToBeUsedForMidpoint:113] Selecting traces for m0 = 6120
 INFO: [copyOnlySelectedTracesToDevice:118] Selected 1403 traces
 INFO: [copyOnlySelectedTracesToDevice:152] Copy time is 0.0114532
 INFO: [selectTracesToBeUsedForMidpoint:181] Execution time for copying traces is 0.0122221s
 INFO: [saveStatisticalResults:102] Total execution time for selecting traces is 0.0285486s
 INFO: [saveStatisticalResults:104] Total execution time for kernels is 0.680573s
 INFO: [run:16] m0 = 6200
 INFO: [activate:15] Activating GPU#0
 INFO: [selectTracesToBeUsedForMidpoint:113] Selecting traces for m0 = 6200
 INFO: [copyOnlySelectedTracesToDevice:118] Selected 1403 traces
 INFO: [copyOnlySelectedTracesToDevice:152] Copy time is 0.011335
 INFO: [selectTracesToBeUsedForMidpoint:181] Execution time for copying traces is 0.0120996s
 INFO: [saveStatisticalResults:102] Total execution time for selecting traces is 0.0284438s
 INFO: [saveStatisticalResults:104] Total execution time for kernels is 0.692527s
 INFO: [run:16] m0 = 6280
 INFO: [activate:15] Activating GPU#0
 INFO: [selectTracesToBeUsedForMidpoint:113] Selecting traces for m0 = 6280
 INFO: [copyOnlySelectedTracesToDevice:118] Selected 1403 traces
 INFO: [copyOnlySelectedTracesToDevice:152] Copy time is 0.011299
 INFO: [selectTracesToBeUsedForMidpoint:181] Execution time for copying traces is 0.0121021s
 INFO: [saveStatisticalResults:102] Total execution time for selecting traces is 0.0284394s
 INFO: [saveStatisticalResults:104] Total execution time for kernels is 0.693483s
 INFO: [run:16] m0 = 6360
 INFO: [activate:15] Activating GPU#0
 INFO: [selectTracesToBeUsedForMidpoint:113] Selecting traces for m0 = 6360
 INFO: [copyOnlySelectedTracesToDevice:118] Selected 1403 traces
 INFO: [copyOnlySelectedTracesToDevice:152] Copy time is 0.0114287
 INFO: [selectTracesToBeUsedForMidpoint:181] Execution time for copying traces is 0.0121729s
 INFO: [saveStatisticalResults:102] Total execution time for selecting traces is 0.0285062s
 INFO: [saveStatisticalResults:104] Total execution time for kernels is 0.698042s
 INFO: [run:16] m0 = 6440
 INFO: [activate:15] Activating GPU#0
 INFO: [selectTracesToBeUsedForMidpoint:113] Selecting traces for m0 = 6440
 INFO: [copyOnlySelectedTracesToDevice:118] Selected 1403 traces
 INFO: [copyOnlySelectedTracesToDevice:152] Copy time is 0.011405
 INFO: [selectTracesToBeUsedForMidpoint:181] Execution time for copying traces is 0.0121612s
 INFO: [saveStatisticalResults:102] Total execution time for selecting traces is 0.028485s
 INFO: [saveStatisticalResults:104] Total execution time for kernels is 0.695325s
 INFO: [run:16] m0 = 6520
 INFO: [activate:15] Activating GPU#0
 INFO: [selectTracesToBeUsedForMidpoint:113] Selecting traces for m0 = 6520
 INFO: [copyOnlySelectedTracesToDevice:118] Selected 1403 traces
 INFO: [copyOnlySelectedTracesToDevice:152] Copy time is 0.0113006
 INFO: [selectTracesToBeUsedForMidpoint:181] Execution time for copying traces is 0.0120505s
 INFO: [saveStatisticalResults:102] Total execution time for selecting traces is 0.0283856s
 INFO: [saveStatisticalResults:104] Total execution time for kernels is 0.690943s
 INFO: [run:16] m0 = 6600
 INFO: [activate:15] Activating GPU#0
 INFO: [selectTracesToBeUsedForMidpoint:113] Selecting traces for m0 = 6600
 INFO: [copyOnlySelectedTracesToDevice:118] Selected 1403 traces
 INFO: [copyOnlySelectedTracesToDevice:152] Copy time is 0.0113632
 INFO: [selectTracesToBeUsedForMidpoint:181] Execution time for copying traces is 0.0121023s
 INFO: [saveStatisticalResults:102] Total execution time for selecting traces is 0.0284022s
 INFO: [saveStatisticalResults:104] Total execution time for kernels is 0.693992s
 INFO: [run:16] m0 = 6680
 INFO: [activate:15] Activating GPU#0
 INFO: [selectTracesToBeUsedForMidpoint:113] Selecting traces for m0 = 6680
 INFO: [copyOnlySelectedTracesToDevice:118] Selected 1403 traces
 INFO: [copyOnlySelectedTracesToDevice:152] Copy time is 0.0112879
 INFO: [selectTracesToBeUsedForMidpoint:181] Execution time for copying traces is 0.0120196s
 INFO: [saveStatisticalResults:102] Total execution time for selecting traces is 0.0283519s
 INFO: [saveStatisticalResults:104] Total execution time for kernels is 0.690639s
 INFO: [run:16] m0 = 6760
 INFO: [activate:15] Activating GPU#0
 INFO: [selectTracesToBeUsedForMidpoint:113] Selecting traces for m0 = 6760
 INFO: [copyOnlySelectedTracesToDevice:118] Selected 1403 traces
 INFO: [copyOnlySelectedTracesToDevice:152] Copy time is 0.0112705
 INFO: [selectTracesToBeUsedForMidpoint:181] Execution time for copying traces is 0.012016s
 INFO: [saveStatisticalResults:102] Total execution time for selecting traces is 0.0283368s
 INFO: [saveStatisticalResults:104] Total execution time for kernels is 0.694937s
 INFO: [run:16] m0 = 6840
 INFO: [activate:15] Activating GPU#0
 INFO: [selectTracesToBeUsedForMidpoint:113] Selecting traces for m0 = 6840
 INFO: [copyOnlySelectedTracesToDevice:118] Selected 1403 traces
 INFO: [copyOnlySelectedTracesToDevice:152] Copy time is 0.011312
 INFO: [selectTracesToBeUsedForMidpoint:181] Execution time for copying traces is 0.0120541s
 INFO: [saveStatisticalResults:102] Total execution time for selecting traces is 0.0283579s
 INFO: [saveStatisticalResults:104] Total execution time for kernels is 0.693123s
 INFO: [run:16] m0 = 6920
 INFO: [activate:15] Activating GPU#0
 INFO: [selectTracesToBeUsedForMidpoint:113] Selecting traces for m0 = 6920
 INFO: [copyOnlySelectedTracesToDevice:118] Selected 1403 traces
 INFO: [copyOnlySelectedTracesToDevice:152] Copy time is 0.0112446
 INFO: [selectTracesToBeUsedForMidpoint:181] Execution time for copying traces is 0.0120033s
 INFO: [saveStatisticalResults:102] Total execution time for selecting traces is 0.0283057s
 INFO: [saveStatisticalResults:104] Total execution time for kernels is 0.700719s
 INFO: [run:16] m0 = 7000
 INFO: [activate:15] Activating GPU#0
 INFO: [selectTracesToBeUsedForMidpoint:113] Selecting traces for m0 = 7000
 INFO: [copyOnlySelectedTracesToDevice:118] Selected 1403 traces
 INFO: [copyOnlySelectedTracesToDevice:152] Copy time is 0.0114013
 INFO: [selectTracesToBeUsedForMidpoint:181] Execution time for copying traces is 0.0121421s
 INFO: [saveStatisticalResults:102] Total execution time for selecting traces is 0.028472s
 INFO: [saveStatisticalResults:104] Total execution time for kernels is 0.690898s
 INFO: [run:16] m0 = 7080
 INFO: [activate:15] Activating GPU#0
 INFO: [selectTracesToBeUsedForMidpoint:113] Selecting traces for m0 = 7080
 INFO: [copyOnlySelectedTracesToDevice:118] Selected 1403 traces
 INFO: [copyOnlySelectedTracesToDevice:152] Copy time is 0.0113263
 INFO: [selectTracesToBeUsedForMidpoint:181] Execution time for copying traces is 0.0121068s
 INFO: [saveStatisticalResults:102] Total execution time for selecting traces is 0.0284366s
 INFO: [saveStatisticalResults:104] Total execution time for kernels is 0.686813s
 INFO: [run:16] m0 = 7160
 INFO: [activate:15] Activating GPU#0
 INFO: [selectTracesToBeUsedForMidpoint:113] Selecting traces for m0 = 7160
 INFO: [copyOnlySelectedTracesToDevice:118] Selected 1403 traces
 INFO: [copyOnlySelectedTracesToDevice:152] Copy time is 0.0112809
 INFO: [selectTracesToBeUsedForMidpoint:181] Execution time for copying traces is 0.0120191s
 INFO: [saveStatisticalResults:102] Total execution time for selecting traces is 0.0283567s
 INFO: [saveStatisticalResults:104] Total execution time for kernels is 0.700714s
 INFO: [run:16] m0 = 7240
 INFO: [activate:15] Activating GPU#0
 INFO: [selectTracesToBeUsedForMidpoint:113] Selecting traces for m0 = 7240
 INFO: [copyOnlySelectedTracesToDevice:118] Selected 1403 traces
 INFO: [copyOnlySelectedTracesToDevice:152] Copy time is 0.0113603
 INFO: [selectTracesToBeUsedForMidpoint:181] Execution time for copying traces is 0.0121118s
 INFO: [saveStatisticalResults:102] Total execution time for selecting traces is 0.0284357s
 INFO: [saveStatisticalResults:104] Total execution time for kernels is 0.703173s
 INFO: [run:16] m0 = 7320
 INFO: [activate:15] Activating GPU#0
 INFO: [selectTracesToBeUsedForMidpoint:113] Selecting traces for m0 = 7320
 INFO: [copyOnlySelectedTracesToDevice:118] Selected 1403 traces
 INFO: [copyOnlySelectedTracesToDevice:152] Copy time is 0.0113009
 INFO: [selectTracesToBeUsedForMidpoint:181] Execution time for copying traces is 0.012056s
 INFO: [saveStatisticalResults:102] Total execution time for selecting traces is 0.0283928s
 INFO: [saveStatisticalResults:104] Total execution time for kernels is 0.697282s
 INFO: [run:16] m0 = 7400
 INFO: [activate:15] Activating GPU#0
 INFO: [selectTracesToBeUsedForMidpoint:113] Selecting traces for m0 = 7400
 INFO: [copyOnlySelectedTracesToDevice:118] Selected 1403 traces
 INFO: [copyOnlySelectedTracesToDevice:152] Copy time is 0.0113345
 INFO: [selectTracesToBeUsedForMidpoint:181] Execution time for copying traces is 0.0120826s
 INFO: [saveStatisticalResults:102] Total execution time for selecting traces is 0.0284084s
 INFO: [saveStatisticalResults:104] Total execution time for kernels is 0.690059s
 INFO: [run:16] m0 = 7480
 INFO: [activate:15] Activating GPU#0
 INFO: [selectTracesToBeUsedForMidpoint:113] Selecting traces for m0 = 7480
 INFO: [copyOnlySelectedTracesToDevice:118] Selected 1403 traces
 INFO: [copyOnlySelectedTracesToDevice:152] Copy time is 0.0112447
 INFO: [selectTracesToBeUsedForMidpoint:181] Execution time for copying traces is 0.0120119s
 INFO: [saveStatisticalResults:102] Total execution time for selecting traces is 0.0283345s
 INFO: [saveStatisticalResults:104] Total execution time for kernels is 0.693695s
 INFO: [run:16] m0 = 7560
 INFO: [activate:15] Activating GPU#0
 INFO: [selectTracesToBeUsedForMidpoint:113] Selecting traces for m0 = 7560
 INFO: [copyOnlySelectedTracesToDevice:118] Selected 1403 traces
 INFO: [copyOnlySelectedTracesToDevice:152] Copy time is 0.0113273
 INFO: [selectTracesToBeUsedForMidpoint:181] Execution time for copying traces is 0.0120913s
 INFO: [saveStatisticalResults:102] Total execution time for selecting traces is 0.02843s
 INFO: [saveStatisticalResults:104] Total execution time for kernels is 0.687028s
 INFO: [run:16] m0 = 7640
 INFO: [activate:15] Activating GPU#0
 INFO: [selectTracesToBeUsedForMidpoint:113] Selecting traces for m0 = 7640
 INFO: [copyOnlySelectedTracesToDevice:118] Selected 1403 traces
 INFO: [copyOnlySelectedTracesToDevice:152] Copy time is 0.0113217
 INFO: [selectTracesToBeUsedForMidpoint:181] Execution time for copying traces is 0.0121129s
 INFO: [saveStatisticalResults:102] Total execution time for selecting traces is 0.0284594s
 INFO: [saveStatisticalResults:104] Total execution time for kernels is 0.694138s
 INFO: [run:16] m0 = 7720
 INFO: [activate:15] Activating GPU#0
 INFO: [selectTracesToBeUsedForMidpoint:113] Selecting traces for m0 = 7720
 INFO: [copyOnlySelectedTracesToDevice:118] Selected 1403 traces
 INFO: [copyOnlySelectedTracesToDevice:152] Copy time is 0.0113571
 INFO: [selectTracesToBeUsedForMidpoint:181] Execution time for copying traces is 0.0121267s
 INFO: [saveStatisticalResults:102] Total execution time for selecting traces is 0.0284586s
 INFO: [saveStatisticalResults:104] Total execution time for kernels is 0.69196s
 INFO: [run:16] m0 = 7800
 INFO: [activate:15] Activating GPU#0
 INFO: [selectTracesToBeUsedForMidpoint:113] Selecting traces for m0 = 7800
 INFO: [copyOnlySelectedTracesToDevice:118] Selected 1403 traces
 INFO: [copyOnlySelectedTracesToDevice:152] Copy time is 0.0114048
 INFO: [selectTracesToBeUsedForMidpoint:181] Execution time for copying traces is 0.0121679s
 INFO: [saveStatisticalResults:102] Total execution time for selecting traces is 0.0285046s
 INFO: [saveStatisticalResults:104] Total execution time for kernels is 0.691307s
 INFO: [run:16] m0 = 7880
 INFO: [activate:15] Activating GPU#0
 INFO: [selectTracesToBeUsedForMidpoint:113] Selecting traces for m0 = 7880
 INFO: [copyOnlySelectedTracesToDevice:118] Selected 1403 traces
 INFO: [copyOnlySelectedTracesToDevice:152] Copy time is 0.0112459
 INFO: [selectTracesToBeUsedForMidpoint:181] Execution time for copying traces is 0.012006s
 INFO: [saveStatisticalResults:102] Total execution time for selecting traces is 0.0283258s
 INFO: [saveStatisticalResults:104] Total execution time for kernels is 0.693841s
 INFO: [run:16] m0 = 7960
 INFO: [activate:15] Activating GPU#0
 INFO: [selectTracesToBeUsedForMidpoint:113] Selecting traces for m0 = 7960
 INFO: [copyOnlySelectedTracesToDevice:118] Selected 1403 traces
 INFO: [copyOnlySelectedTracesToDevice:152] Copy time is 0.0115032
 INFO: [selectTracesToBeUsedForMidpoint:181] Execution time for copying traces is 0.0123453s
 INFO: [saveStatisticalResults:102] Total execution time for selecting traces is 0.0311108s
 INFO: [saveStatisticalResults:104] Total execution time for kernels is 0.6807s
 INFO: [run:16] m0 = 8040
 INFO: [activate:15] Activating GPU#0
 INFO: [selectTracesToBeUsedForMidpoint:113] Selecting traces for m0 = 8040
 INFO: [copyOnlySelectedTracesToDevice:118] Selected 1402 traces
 INFO: [copyOnlySelectedTracesToDevice:152] Copy time is 0.011354
 INFO: [selectTracesToBeUsedForMidpoint:181] Execution time for copying traces is 0.0121469s
 INFO: [saveStatisticalResults:102] Total execution time for selecting traces is 0.0297614s
 INFO: [saveStatisticalResults:104] Total execution time for kernels is 0.68972s
 INFO: [run:16] m0 = 8120
 INFO: [activate:15] Activating GPU#0
 INFO: [selectTracesToBeUsedForMidpoint:113] Selecting traces for m0 = 8120
 INFO: [copyOnlySelectedTracesToDevice:118] Selected 1397 traces
 INFO: [copyOnlySelectedTracesToDevice:152] Copy time is 0.0113663
 INFO: [selectTracesToBeUsedForMidpoint:181] Execution time for copying traces is 0.0121198s
 INFO: [saveStatisticalResults:102] Total execution time for selecting traces is 0.0284312s
 INFO: [saveStatisticalResults:104] Total execution time for kernels is 0.689043s
 INFO: [run:16] m0 = 8200
 INFO: [activate:15] Activating GPU#0
 INFO: [selectTracesToBeUsedForMidpoint:113] Selecting traces for m0 = 8200
 INFO: [copyOnlySelectedTracesToDevice:118] Selected 1388 traces
 INFO: [copyOnlySelectedTracesToDevice:152] Copy time is 0.0112222
 INFO: [selectTracesToBeUsedForMidpoint:181] Execution time for copying traces is 0.0119799s
 INFO: [saveStatisticalResults:102] Total execution time for selecting traces is 0.028304s
 INFO: [saveStatisticalResults:104] Total execution time for kernels is 0.694804s
 INFO: [run:16] m0 = 8280
 INFO: [activate:15] Activating GPU#0
 INFO: [selectTracesToBeUsedForMidpoint:113] Selecting traces for m0 = 8280
 INFO: [copyOnlySelectedTracesToDevice:118] Selected 1375 traces
 INFO: [copyOnlySelectedTracesToDevice:152] Copy time is 0.0111339
 INFO: [selectTracesToBeUsedForMidpoint:181] Execution time for copying traces is 0.0119144s
 INFO: [saveStatisticalResults:102] Total execution time for selecting traces is 0.0282337s
 INFO: [saveStatisticalResults:104] Total execution time for kernels is 0.687694s
 INFO: [run:16] m0 = 8360
 INFO: [activate:15] Activating GPU#0
 INFO: [selectTracesToBeUsedForMidpoint:113] Selecting traces for m0 = 8360
 INFO: [copyOnlySelectedTracesToDevice:118] Selected 1358 traces
 INFO: [copyOnlySelectedTracesToDevice:152] Copy time is 0.0110772
 INFO: [selectTracesToBeUsedForMidpoint:181] Execution time for copying traces is 0.0118358s
 INFO: [saveStatisticalResults:102] Total execution time for selecting traces is 0.0281722s
 INFO: [saveStatisticalResults:104] Total execution time for kernels is 0.686408s
 INFO: [run:16] m0 = 8440
 INFO: [activate:15] Activating GPU#0
 INFO: [selectTracesToBeUsedForMidpoint:113] Selecting traces for m0 = 8440
 INFO: [copyOnlySelectedTracesToDevice:118] Selected 1337 traces
 INFO: [copyOnlySelectedTracesToDevice:152] Copy time is 0.010815
 INFO: [selectTracesToBeUsedForMidpoint:181] Execution time for copying traces is 0.0115611s
 INFO: [saveStatisticalResults:102] Total execution time for selecting traces is 0.0278785s
 INFO: [saveStatisticalResults:104] Total execution time for kernels is 0.677978s
 INFO: [run:16] m0 = 8520
 INFO: [activate:15] Activating GPU#0
 INFO: [selectTracesToBeUsedForMidpoint:113] Selecting traces for m0 = 8520
 INFO: [copyOnlySelectedTracesToDevice:118] Selected 1312 traces
 INFO: [copyOnlySelectedTracesToDevice:152] Copy time is 0.0106182
 INFO: [selectTracesToBeUsedForMidpoint:181] Execution time for copying traces is 0.0113544s
 INFO: [saveStatisticalResults:102] Total execution time for selecting traces is 0.0276941s
 INFO: [saveStatisticalResults:104] Total execution time for kernels is 0.672085s
 INFO: [run:16] m0 = 8600
 INFO: [activate:15] Activating GPU#0
 INFO: [selectTracesToBeUsedForMidpoint:113] Selecting traces for m0 = 8600
 INFO: [copyOnlySelectedTracesToDevice:118] Selected 1283 traces
 INFO: [copyOnlySelectedTracesToDevice:152] Copy time is 0.0103339
 INFO: [selectTracesToBeUsedForMidpoint:181] Execution time for copying traces is 0.0110858s
 INFO: [saveStatisticalResults:102] Total execution time for selecting traces is 0.0274191s
 INFO: [saveStatisticalResults:104] Total execution time for kernels is 0.671609s
 INFO: [run:16] m0 = 8680
 INFO: [activate:15] Activating GPU#0
 INFO: [selectTracesToBeUsedForMidpoint:113] Selecting traces for m0 = 8680
 INFO: [copyOnlySelectedTracesToDevice:118] Selected 1250 traces
 INFO: [copyOnlySelectedTracesToDevice:152] Copy time is 0.010112
 INFO: [selectTracesToBeUsedForMidpoint:181] Execution time for copying traces is 0.0108453s
 INFO: [saveStatisticalResults:102] Total execution time for selecting traces is 0.0271867s
 INFO: [saveStatisticalResults:104] Total execution time for kernels is 0.652425s
 INFO: [run:16] m0 = 8760
 INFO: [activate:15] Activating GPU#0
 INFO: [selectTracesToBeUsedForMidpoint:113] Selecting traces for m0 = 8760
 INFO: [copyOnlySelectedTracesToDevice:118] Selected 1213 traces
 INFO: [copyOnlySelectedTracesToDevice:152] Copy time is 0.00986428
 INFO: [selectTracesToBeUsedForMidpoint:181] Execution time for copying traces is 0.0105622s
 INFO: [saveStatisticalResults:102] Total execution time for selecting traces is 0.0269122s
 INFO: [saveStatisticalResults:104] Total execution time for kernels is 0.636307s
 INFO: [run:16] m0 = 8840
 INFO: [activate:15] Activating GPU#0
 INFO: [selectTracesToBeUsedForMidpoint:113] Selecting traces for m0 = 8840
 INFO: [copyOnlySelectedTracesToDevice:118] Selected 1172 traces
 INFO: [copyOnlySelectedTracesToDevice:152] Copy time is 0.00945216
 INFO: [selectTracesToBeUsedForMidpoint:181] Execution time for copying traces is 0.0101619s
 INFO: [saveStatisticalResults:102] Total execution time for selecting traces is 0.0264823s
 INFO: [saveStatisticalResults:104] Total execution time for kernels is 0.618404s
 INFO: [run:16] m0 = 8920
 INFO: [activate:15] Activating GPU#0
 INFO: [selectTracesToBeUsedForMidpoint:113] Selecting traces for m0 = 8920
 INFO: [copyOnlySelectedTracesToDevice:118] Selected 1127 traces
 INFO: [copyOnlySelectedTracesToDevice:152] Copy time is 0.00910326
 INFO: [selectTracesToBeUsedForMidpoint:181] Execution time for copying traces is 0.00980529s
 INFO: [saveStatisticalResults:102] Total execution time for selecting traces is 0.0267937s
 INFO: [saveStatisticalResults:104] Total execution time for kernels is 0.58568s
 INFO: [run:16] m0 = 9000
 INFO: [activate:15] Activating GPU#0
 INFO: [selectTracesToBeUsedForMidpoint:113] Selecting traces for m0 = 9000
 INFO: [copyOnlySelectedTracesToDevice:118] Selected 1078 traces
 INFO: [copyOnlySelectedTracesToDevice:152] Copy time is 0.00871769
 INFO: [selectTracesToBeUsedForMidpoint:181] Execution time for copying traces is 0.00937933s
 INFO: [saveStatisticalResults:102] Total execution time for selecting traces is 0.0256941s
 INFO: [saveStatisticalResults:104] Total execution time for kernels is 0.566039s
 INFO: [run:16] m0 = 9080
 INFO: [activate:15] Activating GPU#0
 INFO: [selectTracesToBeUsedForMidpoint:113] Selecting traces for m0 = 9080
 INFO: [copyOnlySelectedTracesToDevice:118] Selected 1025 traces
 INFO: [copyOnlySelectedTracesToDevice:152] Copy time is 0.00829412
 INFO: [selectTracesToBeUsedForMidpoint:181] Execution time for copying traces is 0.00894817s
 INFO: [saveStatisticalResults:102] Total execution time for selecting traces is 0.0252633s
 INFO: [saveStatisticalResults:104] Total execution time for kernels is 0.519744s
 INFO: [run:16] m0 = 9160
 INFO: [activate:15] Activating GPU#0
 INFO: [selectTracesToBeUsedForMidpoint:113] Selecting traces for m0 = 9160
 INFO: [copyOnlySelectedTracesToDevice:118] Selected 968 traces
 INFO: [copyOnlySelectedTracesToDevice:152] Copy time is 0.00778836
 INFO: [selectTracesToBeUsedForMidpoint:181] Execution time for copying traces is 0.00840759s
 INFO: [saveStatisticalResults:102] Total execution time for selecting traces is 0.0247201s
 INFO: [saveStatisticalResults:104] Total execution time for kernels is 0.470547s
 INFO: [run:16] m0 = 9240
 INFO: [activate:15] Activating GPU#0
 INFO: [selectTracesToBeUsedForMidpoint:113] Selecting traces for m0 = 9240
 INFO: [copyOnlySelectedTracesToDevice:118] Selected 907 traces
 INFO: [copyOnlySelectedTracesToDevice:152] Copy time is 0.00744691
 INFO: [selectTracesToBeUsedForMidpoint:181] Execution time for copying traces is 0.008036s
 INFO: [saveStatisticalResults:102] Total execution time for selecting traces is 0.0243609s
 INFO: [saveStatisticalResults:104] Total execution time for kernels is 0.423793s
 INFO: [run:16] m0 = 9320
 INFO: [activate:15] Activating GPU#0
 INFO: [selectTracesToBeUsedForMidpoint:113] Selecting traces for m0 = 9320
 INFO: [copyOnlySelectedTracesToDevice:118] Selected 842 traces
 INFO: [copyOnlySelectedTracesToDevice:152] Copy time is 0.00677276
 INFO: [selectTracesToBeUsedForMidpoint:181] Execution time for copying traces is 0.00736663s
 INFO: [saveStatisticalResults:102] Total execution time for selecting traces is 0.0236749s
 INFO: [saveStatisticalResults:104] Total execution time for kernels is 0.36803s
 INFO: [run:16] m0 = 9400
 INFO: [activate:15] Activating GPU#0
 INFO: [selectTracesToBeUsedForMidpoint:113] Selecting traces for m0 = 9400
 INFO: [copyOnlySelectedTracesToDevice:118] Selected 773 traces
 INFO: [copyOnlySelectedTracesToDevice:152] Copy time is 0.00637601
 INFO: [selectTracesToBeUsedForMidpoint:181] Execution time for copying traces is 0.00699875s
 INFO: [saveStatisticalResults:102] Total execution time for selecting traces is 0.0248215s
 INFO: [saveStatisticalResults:104] Total execution time for kernels is 0.303302s
 INFO: [run:16] m0 = 9480
 INFO: [activate:15] Activating GPU#0
 INFO: [selectTracesToBeUsedForMidpoint:113] Selecting traces for m0 = 9480
 INFO: [copyOnlySelectedTracesToDevice:118] Selected 700 traces
 INFO: [copyOnlySelectedTracesToDevice:152] Copy time is 0.00574056
 INFO: [selectTracesToBeUsedForMidpoint:181] Execution time for copying traces is 0.00629217s
 INFO: [saveStatisticalResults:102] Total execution time for selecting traces is 0.0226293s
 INFO: [saveStatisticalResults:104] Total execution time for kernels is 0.237083s
 INFO: [run:16] m0 = 9560
 INFO: [activate:15] Activating GPU#0
 INFO: [selectTracesToBeUsedForMidpoint:113] Selecting traces for m0 = 9560
 INFO: [copyOnlySelectedTracesToDevice:118] Selected 623 traces
 INFO: [copyOnlySelectedTracesToDevice:152] Copy time is 0.00506045
 INFO: [selectTracesToBeUsedForMidpoint:181] Execution time for copying traces is 0.00558336s
 INFO: [saveStatisticalResults:102] Total execution time for selecting traces is 0.0219117s
 INFO: [saveStatisticalResults:104] Total execution time for kernels is 0.177191s
 INFO: [run:16] m0 = 9640
 INFO: [activate:15] Activating GPU#0
 INFO: [selectTracesToBeUsedForMidpoint:113] Selecting traces for m0 = 9640
 INFO: [copyOnlySelectedTracesToDevice:118] Selected 542 traces
 INFO: [copyOnlySelectedTracesToDevice:152] Copy time is 0.0043852
 INFO: [selectTracesToBeUsedForMidpoint:181] Execution time for copying traces is 0.00483849s
 INFO: [saveStatisticalResults:102] Total execution time for selecting traces is 0.0211746s
 INFO: [saveStatisticalResults:104] Total execution time for kernels is 0.129555s
 INFO: [run:16] m0 = 9720
 INFO: [activate:15] Activating GPU#0
 INFO: [selectTracesToBeUsedForMidpoint:113] Selecting traces for m0 = 9720
 INFO: [copyOnlySelectedTracesToDevice:118] Selected 457 traces
 INFO: [copyOnlySelectedTracesToDevice:152] Copy time is 0.00382887
 INFO: [selectTracesToBeUsedForMidpoint:181] Execution time for copying traces is 0.00429736s
 INFO: [saveStatisticalResults:102] Total execution time for selecting traces is 0.024605s
 INFO: [saveStatisticalResults:104] Total execution time for kernels is 0.0911889s
 INFO: [run:16] m0 = 9800
 INFO: [activate:15] Activating GPU#0
 INFO: [selectTracesToBeUsedForMidpoint:113] Selecting traces for m0 = 9800
 INFO: [copyOnlySelectedTracesToDevice:118] Selected 368 traces
 INFO: [copyOnlySelectedTracesToDevice:152] Copy time is 0.00337468
 INFO: [selectTracesToBeUsedForMidpoint:181] Execution time for copying traces is 0.00394662s
 INFO: [saveStatisticalResults:102] Total execution time for selecting traces is 0.0465329s
 INFO: [saveStatisticalResults:104] Total execution time for kernels is 0.0718148s
 INFO: [run:16] m0 = 9880
 INFO: [activate:15] Activating GPU#0
 INFO: [selectTracesToBeUsedForMidpoint:113] Selecting traces for m0 = 9880
 INFO: [copyOnlySelectedTracesToDevice:118] Selected 276 traces
 INFO: [copyOnlySelectedTracesToDevice:152] Copy time is 0.00246672
 INFO: [selectTracesToBeUsedForMidpoint:181] Execution time for copying traces is 0.00295351s
 INFO: [saveStatisticalResults:102] Total execution time for selecting traces is 0.0455381s
 INFO: [saveStatisticalResults:104] Total execution time for kernels is 0.0423977s
