 INFO: Number of CDPs = 445
 INFO: Number of traces in the gather = 9200
 INFO: Number of samples per trace = 2502
 INFO: Computing semblance for m0 = 0
 INFO: Total execution time for kernels is 0.000891474s
 INFO: Computing semblance for m0 = 1080
 INFO: Total execution time for kernels is 0.00926624s
 INFO: Computing semblance for m0 = 1100
 INFO: Total execution time for kernels is 0.0110616s
 INFO: Computing semblance for m0 = 1120
 INFO: Total execution time for kernels is 0.0130599s
 INFO: Computing semblance for m0 = 1140
 INFO: Total execution time for kernels is 0.0153772s
 INFO: Computing semblance for m0 = 1160
 INFO: Total execution time for kernels is 0.0172647s
 INFO: Computing semblance for m0 = 1180
 INFO: Total execution time for kernels is 0.0199433s
 INFO: Computing semblance for m0 = 1200
 INFO: Total execution time for kernels is 0.0225193s
 INFO: Computing semblance for m0 = 1220
 INFO: Total execution time for kernels is 0.0245425s
 INFO: Computing semblance for m0 = 1240
 INFO: Total execution time for kernels is 0.027196s
 INFO: Computing semblance for m0 = 1260
 INFO: Total execution time for kernels is 0.0297202s
 INFO: Computing semblance for m0 = 1280
 INFO: Total execution time for kernels is 0.0326184s
 INFO: Computing semblance for m0 = 1300
 INFO: Total execution time for kernels is 0.03478s
 INFO: Computing semblance for m0 = 1320
 INFO: Total execution time for kernels is 0.03684s
 INFO: Computing semblance for m0 = 1340
 INFO: Total execution time for kernels is 0.0397176s
 INFO: Computing semblance for m0 = 1360
 INFO: Total execution time for kernels is 0.041651s
 INFO: Computing semblance for m0 = 1380
 INFO: Total execution time for kernels is 0.0449233s
 INFO: Computing semblance for m0 = 1400
 INFO: Total execution time for kernels is 0.0480705s
 INFO: Computing semblance for m0 = 1420
 INFO: Total execution time for kernels is 0.0506269s
 INFO: Computing semblance for m0 = 1440
 INFO: Total execution time for kernels is 0.0538001s
 INFO: Computing semblance for m0 = 1460
 INFO: Total execution time for kernels is 0.0576082s
 INFO: Computing semblance for m0 = 1480
 INFO: Total execution time for kernels is 0.0600665s
 INFO: Computing semblance for m0 = 1500
 INFO: Total execution time for kernels is 0.0635118s
 INFO: Computing semblance for m0 = 1520
 INFO: Total execution time for kernels is 0.0668669s
 INFO: Computing semblance for m0 = 1540
 INFO: Total execution time for kernels is 0.0699336s
 INFO: Computing semblance for m0 = 1560
 INFO: Total execution time for kernels is 0.0737032s
 INFO: Computing semblance for m0 = 1580
 INFO: Total execution time for kernels is 0.0776846s
 INFO: Computing semblance for m0 = 1600
 INFO: Total execution time for kernels is 0.0811376s
 INFO: Computing semblance for m0 = 1620
 INFO: Total execution time for kernels is 0.0838178s
 INFO: Computing semblance for m0 = 1640
 INFO: Total execution time for kernels is 0.087848s
 INFO: Computing semblance for m0 = 1660
 INFO: Total execution time for kernels is 0.0924878s
 INFO: Computing semblance for m0 = 1680
 INFO: Total execution time for kernels is 0.0946413s
 INFO: Computing semblance for m0 = 1700
 INFO: Total execution time for kernels is 0.0991889s
 INFO: Computing semblance for m0 = 1720
 INFO: Total execution time for kernels is 0.102457s
 INFO: Computing semblance for m0 = 1740
 INFO: Total execution time for kernels is 0.106385s
 INFO: Computing semblance for m0 = 1760
 INFO: Total execution time for kernels is 0.10986s
 INFO: Computing semblance for m0 = 1780
 INFO: Total execution time for kernels is 0.113551s
 INFO: Computing semblance for m0 = 1800
 INFO: Total execution time for kernels is 0.116976s
 INFO: Computing semblance for m0 = 1820
 INFO: Total execution time for kernels is 0.120895s
 INFO: Computing semblance for m0 = 1840
 INFO: Total execution time for kernels is 0.124743s
 INFO: Computing semblance for m0 = 1860
 INFO: Total execution time for kernels is 0.127393s
 INFO: Computing semblance for m0 = 1880
 INFO: Total execution time for kernels is 0.130785s
 INFO: Computing semblance for m0 = 1900
 INFO: Total execution time for kernels is 0.133653s
 INFO: Computing semblance for m0 = 1920
 INFO: Total execution time for kernels is 0.136181s
 INFO: Computing semblance for m0 = 1940
 INFO: Total execution time for kernels is 0.139045s
 INFO: Computing semblance for m0 = 1960
 INFO: Total execution time for kernels is 0.140983s
 INFO: Computing semblance for m0 = 1980
 INFO: Total execution time for kernels is 0.143128s
 INFO: Computing semblance for m0 = 2000
 INFO: Total execution time for kernels is 0.146149s
 INFO: Computing semblance for m0 = 2020
 INFO: Total execution time for kernels is 0.148231s
 INFO: Computing semblance for m0 = 2040
 INFO: Total execution time for kernels is 0.148796s
 INFO: Computing semblance for m0 = 2060
 INFO: Total execution time for kernels is 0.149818s
 INFO: Computing semblance for m0 = 2080
 INFO: Total execution time for kernels is 0.149922s
 INFO: Computing semblance for m0 = 2100
 INFO: Total execution time for kernels is 0.150718s
 INFO: Computing semblance for m0 = 2120
 INFO: Total execution time for kernels is 0.151533s
 INFO: Computing semblance for m0 = 2140
 INFO: Total execution time for kernels is 0.150011s
 INFO: Computing semblance for m0 = 2160
 INFO: Total execution time for kernels is 0.148919s
 INFO: Computing semblance for m0 = 2180
 INFO: Total execution time for kernels is 0.149133s
 INFO: Computing semblance for m0 = 2200
 INFO: Total execution time for kernels is 0.150116s
 INFO: Computing semblance for m0 = 2220
 INFO: Total execution time for kernels is 0.150071s
 INFO: Computing semblance for m0 = 2240
 INFO: Total execution time for kernels is 0.149469s
 INFO: Computing semblance for m0 = 2260
 INFO: Total execution time for kernels is 0.148878s
 INFO: Computing semblance for m0 = 2280
 INFO: Total execution time for kernels is 0.149474s
 INFO: Computing semblance for m0 = 2300
 INFO: Total execution time for kernels is 0.149033s
 INFO: Computing semblance for m0 = 2320
 INFO: Total execution time for kernels is 0.149907s
 INFO: Computing semblance for m0 = 2340
 INFO: Total execution time for kernels is 0.149807s
 INFO: Computing semblance for m0 = 2360
 INFO: Total execution time for kernels is 0.150666s
 INFO: Computing semblance for m0 = 2380
 INFO: Total execution time for kernels is 0.149952s
 INFO: Computing semblance for m0 = 2400
 INFO: Total execution time for kernels is 0.150506s
 INFO: Computing semblance for m0 = 2420
 INFO: Total execution time for kernels is 0.150098s
 INFO: Computing semblance for m0 = 2440
 INFO: Total execution time for kernels is 0.150005s
 INFO: Computing semblance for m0 = 2460
 INFO: Total execution time for kernels is 0.150552s
 INFO: Computing semblance for m0 = 2480
 INFO: Total execution time for kernels is 0.151026s
 INFO: Computing semblance for m0 = 2500
 INFO: Total execution time for kernels is 0.150715s
 INFO: Computing semblance for m0 = 2520
 INFO: Total execution time for kernels is 0.150153s
 INFO: Computing semblance for m0 = 2540
 INFO: Total execution time for kernels is 0.15129s
 INFO: Computing semblance for m0 = 2560
 INFO: Total execution time for kernels is 0.151786s
 INFO: Computing semblance for m0 = 2580
 INFO: Total execution time for kernels is 0.151929s
 INFO: Computing semblance for m0 = 2600
 INFO: Total execution time for kernels is 0.15205s
 INFO: Computing semblance for m0 = 2620
 INFO: Total execution time for kernels is 0.150786s
 INFO: Computing semblance for m0 = 2640
 INFO: Total execution time for kernels is 0.151562s
 INFO: Computing semblance for m0 = 2660
 INFO: Total execution time for kernels is 0.150993s
 INFO: Computing semblance for m0 = 2680
 INFO: Total execution time for kernels is 0.15048s
 INFO: Computing semblance for m0 = 2700
 INFO: Total execution time for kernels is 0.149954s
 INFO: Computing semblance for m0 = 2720
 INFO: Total execution time for kernels is 0.151126s
 INFO: Computing semblance for m0 = 2740
 INFO: Total execution time for kernels is 0.149942s
 INFO: Computing semblance for m0 = 2760
 INFO: Total execution time for kernels is 0.149995s
 INFO: Computing semblance for m0 = 2780
 INFO: Total execution time for kernels is 0.149924s
 INFO: Computing semblance for m0 = 2800
 INFO: Total execution time for kernels is 0.151089s
 INFO: Computing semblance for m0 = 2820
 INFO: Total execution time for kernels is 0.149902s
 INFO: Computing semblance for m0 = 2840
 INFO: Total execution time for kernels is 0.14938s
 INFO: Computing semblance for m0 = 2860
 INFO: Total execution time for kernels is 0.149951s
 INFO: Computing semblance for m0 = 2880
 INFO: Total execution time for kernels is 0.149635s
 INFO: Computing semblance for m0 = 2900
 INFO: Total execution time for kernels is 0.14914s
 INFO: Computing semblance for m0 = 2920
 INFO: Total execution time for kernels is 0.149844s
 INFO: Computing semblance for m0 = 2940
 INFO: Total execution time for kernels is 0.149709s
 INFO: Computing semblance for m0 = 2960
 INFO: Total execution time for kernels is 0.149656s
 INFO: Computing semblance for m0 = 2980
 INFO: Total execution time for kernels is 0.14869s
 INFO: Computing semblance for m0 = 3000
 INFO: Total execution time for kernels is 0.149758s
 INFO: Computing semblance for m0 = 3020
 INFO: Total execution time for kernels is 0.148953s
 INFO: Computing semblance for m0 = 3040
 INFO: Total execution time for kernels is 0.149988s
 INFO: Computing semblance for m0 = 3060
 INFO: Total execution time for kernels is 0.151962s
 INFO: Computing semblance for m0 = 3080
 INFO: Total execution time for kernels is 0.151975s
 INFO: Computing semblance for m0 = 3100
 INFO: Total execution time for kernels is 0.151273s
 INFO: Computing semblance for m0 = 3120
 INFO: Total execution time for kernels is 0.151841s
 INFO: Computing semblance for m0 = 3140
 INFO: Total execution time for kernels is 0.151803s
 INFO: Computing semblance for m0 = 3160
 INFO: Total execution time for kernels is 0.150365s
 INFO: Computing semblance for m0 = 3180
 INFO: Total execution time for kernels is 0.151625s
 INFO: Computing semblance for m0 = 3200
 INFO: Total execution time for kernels is 0.150716s
 INFO: Computing semblance for m0 = 3220
 INFO: Total execution time for kernels is 0.150447s
 INFO: Computing semblance for m0 = 3240
 INFO: Total execution time for kernels is 0.150438s
 INFO: Computing semblance for m0 = 3260
 INFO: Total execution time for kernels is 0.150837s
 INFO: Computing semblance for m0 = 3280
 INFO: Total execution time for kernels is 0.151032s
 INFO: Computing semblance for m0 = 3300
 INFO: Total execution time for kernels is 0.150381s
 INFO: Computing semblance for m0 = 3320
 INFO: Total execution time for kernels is 0.150992s
 INFO: Computing semblance for m0 = 3340
 INFO: Total execution time for kernels is 0.149721s
 INFO: Computing semblance for m0 = 3360
 INFO: Total execution time for kernels is 0.149874s
 INFO: Computing semblance for m0 = 3380
 INFO: Total execution time for kernels is 0.148526s
 INFO: Computing semblance for m0 = 3400
 INFO: Total execution time for kernels is 0.149939s
 INFO: Computing semblance for m0 = 3420
 INFO: Total execution time for kernels is 0.149535s
 INFO: Computing semblance for m0 = 3440
 INFO: Total execution time for kernels is 0.148714s
 INFO: Computing semblance for m0 = 3460
 INFO: Total execution time for kernels is 0.148477s
 INFO: Computing semblance for m0 = 3480
 INFO: Total execution time for kernels is 0.14871s
 INFO: Computing semblance for m0 = 3500
 INFO: Total execution time for kernels is 0.147831s
 INFO: Computing semblance for m0 = 3520
 INFO: Total execution time for kernels is 0.148646s
 INFO: Computing semblance for m0 = 3540
 INFO: Total execution time for kernels is 0.148223s
 INFO: Computing semblance for m0 = 3560
 INFO: Total execution time for kernels is 0.148616s
 INFO: Computing semblance for m0 = 3580
 INFO: Total execution time for kernels is 0.146808s
 INFO: Computing semblance for m0 = 3600
 INFO: Total execution time for kernels is 0.148161s
 INFO: Computing semblance for m0 = 3620
 INFO: Total execution time for kernels is 0.14826s
 INFO: Computing semblance for m0 = 3640
 INFO: Total execution time for kernels is 0.148332s
 INFO: Computing semblance for m0 = 3660
 INFO: Total execution time for kernels is 0.147925s
 INFO: Computing semblance for m0 = 3680
 INFO: Total execution time for kernels is 0.148859s
 INFO: Computing semblance for m0 = 3700
 INFO: Total execution time for kernels is 0.149858s
 INFO: Computing semblance for m0 = 3720
 INFO: Total execution time for kernels is 0.15018s
 INFO: Computing semblance for m0 = 3740
 INFO: Total execution time for kernels is 0.148358s
 INFO: Computing semblance for m0 = 3760
 INFO: Total execution time for kernels is 0.150339s
 INFO: Computing semblance for m0 = 3780
 INFO: Total execution time for kernels is 0.149035s
 INFO: Computing semblance for m0 = 3800
 INFO: Total execution time for kernels is 0.149802s
 INFO: Computing semblance for m0 = 3820
 INFO: Total execution time for kernels is 0.150867s
 INFO: Computing semblance for m0 = 3840
 INFO: Total execution time for kernels is 0.150234s
 INFO: Computing semblance for m0 = 3860
 INFO: Total execution time for kernels is 0.149655s
 INFO: Computing semblance for m0 = 3880
 INFO: Total execution time for kernels is 0.150169s
 INFO: Computing semblance for m0 = 3900
 INFO: Total execution time for kernels is 0.14978s
 INFO: Computing semblance for m0 = 3920
 INFO: Total execution time for kernels is 0.149652s
 INFO: Computing semblance for m0 = 3940
 INFO: Total execution time for kernels is 0.150038s
 INFO: Computing semblance for m0 = 3960
 INFO: Total execution time for kernels is 0.149876s
 INFO: Computing semblance for m0 = 3980
 INFO: Total execution time for kernels is 0.149856s
 INFO: Computing semblance for m0 = 4000
 INFO: Total execution time for kernels is 0.150462s
 INFO: Computing semblance for m0 = 4020
 INFO: Total execution time for kernels is 0.149918s
 INFO: Computing semblance for m0 = 4040
 INFO: Total execution time for kernels is 0.149878s
 INFO: Computing semblance for m0 = 4060
 INFO: Total execution time for kernels is 0.150443s
 INFO: Computing semblance for m0 = 4080
 INFO: Total execution time for kernels is 0.150387s
 INFO: Computing semblance for m0 = 4100
 INFO: Total execution time for kernels is 0.150907s
 INFO: Computing semblance for m0 = 4120
 INFO: Total execution time for kernels is 0.150458s
 INFO: Computing semblance for m0 = 4140
 INFO: Total execution time for kernels is 0.150297s
 INFO: Computing semblance for m0 = 4160
 INFO: Total execution time for kernels is 0.14992s
 INFO: Computing semblance for m0 = 4180
 INFO: Total execution time for kernels is 0.149626s
 INFO: Computing semblance for m0 = 4200
 INFO: Total execution time for kernels is 0.150989s
 INFO: Computing semblance for m0 = 4220
 INFO: Total execution time for kernels is 0.151263s
 INFO: Computing semblance for m0 = 4240
 INFO: Total execution time for kernels is 0.152034s
 INFO: Computing semblance for m0 = 4260
 INFO: Total execution time for kernels is 0.150835s
 INFO: Computing semblance for m0 = 4280
 INFO: Total execution time for kernels is 0.150442s
 INFO: Computing semblance for m0 = 4300
 INFO: Total execution time for kernels is 0.150957s
 INFO: Computing semblance for m0 = 4320
 INFO: Total execution time for kernels is 0.151458s
 INFO: Computing semblance for m0 = 4340
 INFO: Total execution time for kernels is 0.150858s
 INFO: Computing semblance for m0 = 4360
 INFO: Total execution time for kernels is 0.150993s
 INFO: Computing semblance for m0 = 4380
 INFO: Total execution time for kernels is 0.149303s
 INFO: Computing semblance for m0 = 4400
 INFO: Total execution time for kernels is 0.149802s
 INFO: Computing semblance for m0 = 4420
 INFO: Total execution time for kernels is 0.149976s
 INFO: Computing semblance for m0 = 4440
 INFO: Total execution time for kernels is 0.150496s
 INFO: Computing semblance for m0 = 4460
 INFO: Total execution time for kernels is 0.149193s
 INFO: Computing semblance for m0 = 4480
 INFO: Total execution time for kernels is 0.150395s
 INFO: Computing semblance for m0 = 4500
 INFO: Total execution time for kernels is 0.150415s
 INFO: Computing semblance for m0 = 4520
 INFO: Total execution time for kernels is 0.150018s
 INFO: Computing semblance for m0 = 4540
 INFO: Total execution time for kernels is 0.149979s
 INFO: Computing semblance for m0 = 4560
 INFO: Total execution time for kernels is 0.150311s
 INFO: Computing semblance for m0 = 4580
 INFO: Total execution time for kernels is 0.150586s
 INFO: Computing semblance for m0 = 4600
 INFO: Total execution time for kernels is 0.150683s
 INFO: Computing semblance for m0 = 4620
 INFO: Total execution time for kernels is 0.149367s
 INFO: Computing semblance for m0 = 4640
 INFO: Total execution time for kernels is 0.149798s
 INFO: Computing semblance for m0 = 4660
 INFO: Total execution time for kernels is 0.148409s
 INFO: Computing semblance for m0 = 4680
 INFO: Total execution time for kernels is 0.14935s
 INFO: Computing semblance for m0 = 4700
 INFO: Total execution time for kernels is 0.149091s
 INFO: Computing semblance for m0 = 4720
 INFO: Total execution time for kernels is 0.149454s
 INFO: Computing semblance for m0 = 4740
 INFO: Total execution time for kernels is 0.149196s
 INFO: Computing semblance for m0 = 4760
 INFO: Total execution time for kernels is 0.1505s
 INFO: Computing semblance for m0 = 4780
 INFO: Total execution time for kernels is 0.149839s
 INFO: Computing semblance for m0 = 4800
 INFO: Total execution time for kernels is 0.149269s
 INFO: Computing semblance for m0 = 4820
 INFO: Total execution time for kernels is 0.149601s
 INFO: Computing semblance for m0 = 4840
 INFO: Total execution time for kernels is 0.150129s
 INFO: Computing semblance for m0 = 4860
 INFO: Total execution time for kernels is 0.150328s
 INFO: Computing semblance for m0 = 4880
 INFO: Total execution time for kernels is 0.150006s
 INFO: Computing semblance for m0 = 4900
 INFO: Total execution time for kernels is 0.149699s
 INFO: Computing semblance for m0 = 4920
 INFO: Total execution time for kernels is 0.150396s
 INFO: Computing semblance for m0 = 4940
 INFO: Total execution time for kernels is 0.15097s
 INFO: Computing semblance for m0 = 4960
 INFO: Total execution time for kernels is 0.150472s
 INFO: Computing semblance for m0 = 4980
 INFO: Total execution time for kernels is 0.150181s
 INFO: Computing semblance for m0 = 5000
 INFO: Total execution time for kernels is 0.150994s
 INFO: Computing semblance for m0 = 5020
 INFO: Total execution time for kernels is 0.150811s
 INFO: Computing semblance for m0 = 5040
 INFO: Total execution time for kernels is 0.151817s
 INFO: Computing semblance for m0 = 5060
 INFO: Total execution time for kernels is 0.150542s
 INFO: Computing semblance for m0 = 5080
 INFO: Total execution time for kernels is 0.1507s
 INFO: Computing semblance for m0 = 5100
 INFO: Total execution time for kernels is 0.151053s
 INFO: Computing semblance for m0 = 5120
 INFO: Total execution time for kernels is 0.150513s
 INFO: Computing semblance for m0 = 5140
 INFO: Total execution time for kernels is 0.150788s
 INFO: Computing semblance for m0 = 5160
 INFO: Total execution time for kernels is 0.149817s
 INFO: Computing semblance for m0 = 5180
 INFO: Total execution time for kernels is 0.15016s
 INFO: Computing semblance for m0 = 5200
 INFO: Total execution time for kernels is 0.150293s
 INFO: Computing semblance for m0 = 5220
 INFO: Total execution time for kernels is 0.149887s
 INFO: Computing semblance for m0 = 5240
 INFO: Total execution time for kernels is 0.150516s
 INFO: Computing semblance for m0 = 5260
 INFO: Total execution time for kernels is 0.149888s
 INFO: Computing semblance for m0 = 5280
 INFO: Total execution time for kernels is 0.149249s
 INFO: Computing semblance for m0 = 5300
 INFO: Total execution time for kernels is 0.149495s
 INFO: Computing semblance for m0 = 5320
 INFO: Total execution time for kernels is 0.150368s
 INFO: Computing semblance for m0 = 5340
 INFO: Total execution time for kernels is 0.150204s
 INFO: Computing semblance for m0 = 5360
 INFO: Total execution time for kernels is 0.149557s
 INFO: Computing semblance for m0 = 5380
 INFO: Total execution time for kernels is 0.148894s
 INFO: Computing semblance for m0 = 5400
 INFO: Total execution time for kernels is 0.148928s
 INFO: Computing semblance for m0 = 5420
 INFO: Total execution time for kernels is 0.148502s
 INFO: Computing semblance for m0 = 5440
 INFO: Total execution time for kernels is 0.148558s
 INFO: Computing semblance for m0 = 5460
 INFO: Total execution time for kernels is 0.148924s
 INFO: Computing semblance for m0 = 5480
 INFO: Total execution time for kernels is 0.149316s
 INFO: Computing semblance for m0 = 5500
 INFO: Total execution time for kernels is 0.149383s
 INFO: Computing semblance for m0 = 5520
 INFO: Total execution time for kernels is 0.150251s
 INFO: Computing semblance for m0 = 5540
 INFO: Total execution time for kernels is 0.148754s
 INFO: Computing semblance for m0 = 5560
 INFO: Total execution time for kernels is 0.150405s
 INFO: Computing semblance for m0 = 5580
 INFO: Total execution time for kernels is 0.15015s
 INFO: Computing semblance for m0 = 5600
 INFO: Total execution time for kernels is 0.150272s
 INFO: Computing semblance for m0 = 5620
 INFO: Total execution time for kernels is 0.151547s
 INFO: Computing semblance for m0 = 5640
 INFO: Total execution time for kernels is 0.150582s
 INFO: Computing semblance for m0 = 5660
 INFO: Total execution time for kernels is 0.150676s
 INFO: Computing semblance for m0 = 5680
 INFO: Total execution time for kernels is 0.150894s
 INFO: Computing semblance for m0 = 5700
 INFO: Total execution time for kernels is 0.150866s
 INFO: Computing semblance for m0 = 5720
 INFO: Total execution time for kernels is 0.151509s
 INFO: Computing semblance for m0 = 5740
 INFO: Total execution time for kernels is 0.151013s
 INFO: Computing semblance for m0 = 5760
 INFO: Total execution time for kernels is 0.150723s
 INFO: Computing semblance for m0 = 5780
 INFO: Total execution time for kernels is 0.150544s
 INFO: Computing semblance for m0 = 5800
 INFO: Total execution time for kernels is 0.152008s
 INFO: Computing semblance for m0 = 5820
 INFO: Total execution time for kernels is 0.151163s
 INFO: Computing semblance for m0 = 5840
 INFO: Total execution time for kernels is 0.150087s
 INFO: Computing semblance for m0 = 5860
 INFO: Total execution time for kernels is 0.149746s
 INFO: Computing semblance for m0 = 5880
 INFO: Total execution time for kernels is 0.151787s
 INFO: Computing semblance for m0 = 5900
 INFO: Total execution time for kernels is 0.151152s
 INFO: Computing semblance for m0 = 5920
 INFO: Total execution time for kernels is 0.151296s
 INFO: Computing semblance for m0 = 5940
 INFO: Total execution time for kernels is 0.150845s
 INFO: Computing semblance for m0 = 5960
 INFO: Total execution time for kernels is 0.151996s
 INFO: Computing semblance for m0 = 5980
 INFO: Total execution time for kernels is 0.149819s
 INFO: Computing semblance for m0 = 6000
 INFO: Total execution time for kernels is 0.149902s
 INFO: Computing semblance for m0 = 6020
 INFO: Total execution time for kernels is 0.150375s
 INFO: Computing semblance for m0 = 6040
 INFO: Total execution time for kernels is 0.150564s
 INFO: Computing semblance for m0 = 6060
 INFO: Total execution time for kernels is 0.150759s
 INFO: Computing semblance for m0 = 6080
 INFO: Total execution time for kernels is 0.15068s
 INFO: Computing semblance for m0 = 6100
 INFO: Total execution time for kernels is 0.14974s
 INFO: Computing semblance for m0 = 6120
 INFO: Total execution time for kernels is 0.149314s
 INFO: Computing semblance for m0 = 6140
 INFO: Total execution time for kernels is 0.150321s
 INFO: Computing semblance for m0 = 6160
 INFO: Total execution time for kernels is 0.150177s
 INFO: Computing semblance for m0 = 6180
 INFO: Total execution time for kernels is 0.149953s
 INFO: Computing semblance for m0 = 6200
 INFO: Total execution time for kernels is 0.149402s
 INFO: Computing semblance for m0 = 6220
 INFO: Total execution time for kernels is 0.150887s
 INFO: Computing semblance for m0 = 6240
 INFO: Total execution time for kernels is 0.150066s
 INFO: Computing semblance for m0 = 6260
 INFO: Total execution time for kernels is 0.148928s
 INFO: Computing semblance for m0 = 6280
 INFO: Total execution time for kernels is 0.149889s
 INFO: Computing semblance for m0 = 6300
 INFO: Total execution time for kernels is 0.150119s
 INFO: Computing semblance for m0 = 6320
 INFO: Total execution time for kernels is 0.149782s
 INFO: Computing semblance for m0 = 6340
 INFO: Total execution time for kernels is 0.149656s
 INFO: Computing semblance for m0 = 6360
 INFO: Total execution time for kernels is 0.150093s
 INFO: Computing semblance for m0 = 6380
 INFO: Total execution time for kernels is 0.150181s
 INFO: Computing semblance for m0 = 6400
 INFO: Total execution time for kernels is 0.150864s
 INFO: Computing semblance for m0 = 6420
 INFO: Total execution time for kernels is 0.150954s
 INFO: Computing semblance for m0 = 6440
 INFO: Total execution time for kernels is 0.149974s
 INFO: Computing semblance for m0 = 6460
 INFO: Total execution time for kernels is 0.149801s
 INFO: Computing semblance for m0 = 6480
 INFO: Total execution time for kernels is 0.15001s
 INFO: Computing semblance for m0 = 6500
 INFO: Total execution time for kernels is 0.150881s
 INFO: Computing semblance for m0 = 6520
 INFO: Total execution time for kernels is 0.149798s
 INFO: Computing semblance for m0 = 6540
 INFO: Total execution time for kernels is 0.14979s
 INFO: Computing semblance for m0 = 6560
 INFO: Total execution time for kernels is 0.149092s
 INFO: Computing semblance for m0 = 6580
 INFO: Total execution time for kernels is 0.150236s
 INFO: Computing semblance for m0 = 6600
 INFO: Total execution time for kernels is 0.15021s
 INFO: Computing semblance for m0 = 6620
 INFO: Total execution time for kernels is 0.149444s
 INFO: Computing semblance for m0 = 6640
 INFO: Total execution time for kernels is 0.150519s
 INFO: Computing semblance for m0 = 6660
 INFO: Total execution time for kernels is 0.150404s
 INFO: Computing semblance for m0 = 6680
 INFO: Total execution time for kernels is 0.149946s
 INFO: Computing semblance for m0 = 6700
 INFO: Total execution time for kernels is 0.150119s
 INFO: Computing semblance for m0 = 6720
 INFO: Total execution time for kernels is 0.15s
 INFO: Computing semblance for m0 = 6740
 INFO: Total execution time for kernels is 0.15009s
 INFO: Computing semblance for m0 = 6760
 INFO: Total execution time for kernels is 0.149785s
 INFO: Computing semblance for m0 = 6780
 INFO: Total execution time for kernels is 0.149553s
 INFO: Computing semblance for m0 = 6800
 INFO: Total execution time for kernels is 0.149676s
 INFO: Computing semblance for m0 = 6820
 INFO: Total execution time for kernels is 0.149546s
 INFO: Computing semblance for m0 = 6840
 INFO: Total execution time for kernels is 0.150176s
 INFO: Computing semblance for m0 = 6860
 INFO: Total execution time for kernels is 0.150592s
 INFO: Computing semblance for m0 = 6880
 INFO: Total execution time for kernels is 0.149896s
 INFO: Computing semblance for m0 = 6900
 INFO: Total execution time for kernels is 0.149933s
 INFO: Computing semblance for m0 = 6920
 INFO: Total execution time for kernels is 0.149563s
 INFO: Computing semblance for m0 = 6940
 INFO: Total execution time for kernels is 0.149319s
 INFO: Computing semblance for m0 = 6960
 INFO: Total execution time for kernels is 0.149575s
 INFO: Computing semblance for m0 = 6980
 INFO: Total execution time for kernels is 0.150383s
 INFO: Computing semblance for m0 = 7000
 INFO: Total execution time for kernels is 0.150293s
 INFO: Computing semblance for m0 = 7020
 INFO: Total execution time for kernels is 0.150556s
 INFO: Computing semblance for m0 = 7040
 INFO: Total execution time for kernels is 0.150695s
 INFO: Computing semblance for m0 = 7060
 INFO: Total execution time for kernels is 0.150122s
 INFO: Computing semblance for m0 = 7080
 INFO: Total execution time for kernels is 0.151516s
 INFO: Computing semblance for m0 = 7100
 INFO: Total execution time for kernels is 0.151592s
 INFO: Computing semblance for m0 = 7120
 INFO: Total execution time for kernels is 0.151592s
 INFO: Computing semblance for m0 = 7140
 INFO: Total execution time for kernels is 0.150862s
 INFO: Computing semblance for m0 = 7160
 INFO: Total execution time for kernels is 0.151326s
 INFO: Computing semblance for m0 = 7180
 INFO: Total execution time for kernels is 0.151285s
 INFO: Computing semblance for m0 = 7200
 INFO: Total execution time for kernels is 0.150516s
 INFO: Computing semblance for m0 = 7220
 INFO: Total execution time for kernels is 0.150554s
 INFO: Computing semblance for m0 = 7240
 INFO: Total execution time for kernels is 0.15001s
 INFO: Computing semblance for m0 = 7260
 INFO: Total execution time for kernels is 0.150052s
 INFO: Computing semblance for m0 = 7280
 INFO: Total execution time for kernels is 0.149884s
 INFO: Computing semblance for m0 = 7300
 INFO: Total execution time for kernels is 0.149881s
 INFO: Computing semblance for m0 = 7320
 INFO: Total execution time for kernels is 0.14996s
 INFO: Computing semblance for m0 = 7340
 INFO: Total execution time for kernels is 0.14953s
 INFO: Computing semblance for m0 = 7360
 INFO: Total execution time for kernels is 0.14967s
 INFO: Computing semblance for m0 = 7380
 INFO: Total execution time for kernels is 0.149589s
 INFO: Computing semblance for m0 = 7400
 INFO: Total execution time for kernels is 0.150094s
 INFO: Computing semblance for m0 = 7420
 INFO: Total execution time for kernels is 0.15014s
 INFO: Computing semblance for m0 = 7440
 INFO: Total execution time for kernels is 0.149755s
 INFO: Computing semblance for m0 = 7460
 INFO: Total execution time for kernels is 0.15028s
 INFO: Computing semblance for m0 = 7480
 INFO: Total execution time for kernels is 0.150051s
 INFO: Computing semblance for m0 = 7500
 INFO: Total execution time for kernels is 0.149046s
 INFO: Computing semblance for m0 = 7520
 INFO: Total execution time for kernels is 0.150139s
 INFO: Computing semblance for m0 = 7540
 INFO: Total execution time for kernels is 0.150342s
 INFO: Computing semblance for m0 = 7560
 INFO: Total execution time for kernels is 0.149848s
 INFO: Computing semblance for m0 = 7580
 INFO: Total execution time for kernels is 0.149188s
 INFO: Computing semblance for m0 = 7600
 INFO: Total execution time for kernels is 0.149564s
 INFO: Computing semblance for m0 = 7620
 INFO: Total execution time for kernels is 0.148621s
 INFO: Computing semblance for m0 = 7640
 INFO: Total execution time for kernels is 0.149112s
 INFO: Computing semblance for m0 = 7660
 INFO: Total execution time for kernels is 0.149496s
 INFO: Computing semblance for m0 = 7680
 INFO: Total execution time for kernels is 0.150062s
 INFO: Computing semblance for m0 = 7700
 INFO: Total execution time for kernels is 0.1491s
 INFO: Computing semblance for m0 = 7720
 INFO: Total execution time for kernels is 0.148396s
 INFO: Computing semblance for m0 = 7740
 INFO: Total execution time for kernels is 0.148224s
 INFO: Computing semblance for m0 = 7760
 INFO: Total execution time for kernels is 0.149012s
 INFO: Computing semblance for m0 = 7780
 INFO: Total execution time for kernels is 0.149153s
 INFO: Computing semblance for m0 = 7800
 INFO: Total execution time for kernels is 0.150097s
 INFO: Computing semblance for m0 = 7820
 INFO: Total execution time for kernels is 0.149351s
 INFO: Computing semblance for m0 = 7840
 INFO: Total execution time for kernels is 0.149779s
 INFO: Computing semblance for m0 = 7860
 INFO: Total execution time for kernels is 0.150694s
 INFO: Computing semblance for m0 = 7880
 INFO: Total execution time for kernels is 0.150506s
 INFO: Computing semblance for m0 = 7900
 INFO: Total execution time for kernels is 0.150263s
 INFO: Computing semblance for m0 = 7920
 INFO: Total execution time for kernels is 0.149691s
 INFO: Computing semblance for m0 = 7940
 INFO: Total execution time for kernels is 0.149013s
 INFO: Computing semblance for m0 = 7960
 INFO: Total execution time for kernels is 0.149405s
 INFO: Computing semblance for m0 = 7980
 INFO: Total execution time for kernels is 0.149014s
 INFO: Computing semblance for m0 = 8000
 INFO: Total execution time for kernels is 0.149241s
 INFO: Computing semblance for m0 = 8020
 INFO: Total execution time for kernels is 0.148035s
 INFO: Computing semblance for m0 = 8040
 INFO: Total execution time for kernels is 0.149599s
 INFO: Computing semblance for m0 = 8060
 INFO: Total execution time for kernels is 0.14773s
 INFO: Computing semblance for m0 = 8080
 INFO: Total execution time for kernels is 0.1478s
 INFO: Computing semblance for m0 = 8100
 INFO: Total execution time for kernels is 0.148255s
 INFO: Computing semblance for m0 = 8120
 INFO: Total execution time for kernels is 0.147412s
 INFO: Computing semblance for m0 = 8140
 INFO: Total execution time for kernels is 0.147726s
 INFO: Computing semblance for m0 = 8160
 INFO: Total execution time for kernels is 0.146979s
 INFO: Computing semblance for m0 = 8180
 INFO: Total execution time for kernels is 0.147903s
 INFO: Computing semblance for m0 = 8200
 INFO: Total execution time for kernels is 0.147202s
 INFO: Computing semblance for m0 = 8220
 INFO: Total execution time for kernels is 0.147121s
 INFO: Computing semblance for m0 = 8240
 INFO: Total execution time for kernels is 0.146829s
 INFO: Computing semblance for m0 = 8260
 INFO: Total execution time for kernels is 0.147713s
 INFO: Computing semblance for m0 = 8280
 INFO: Total execution time for kernels is 0.147529s
 INFO: Computing semblance for m0 = 8300
 INFO: Total execution time for kernels is 0.148083s
 INFO: Computing semblance for m0 = 8320
 INFO: Total execution time for kernels is 0.147901s
 INFO: Computing semblance for m0 = 8340
 INFO: Total execution time for kernels is 0.148711s
 INFO: Computing semblance for m0 = 8360
 INFO: Total execution time for kernels is 0.148045s
 INFO: Computing semblance for m0 = 8380
 INFO: Total execution time for kernels is 0.147535s
 INFO: Computing semblance for m0 = 8400
 INFO: Total execution time for kernels is 0.148549s
 INFO: Computing semblance for m0 = 8420
 INFO: Total execution time for kernels is 0.147744s
 INFO: Computing semblance for m0 = 8440
 INFO: Total execution time for kernels is 0.148116s
 INFO: Computing semblance for m0 = 8460
 INFO: Total execution time for kernels is 0.147659s
 INFO: Computing semblance for m0 = 8480
 INFO: Total execution time for kernels is 0.148305s
 INFO: Computing semblance for m0 = 8500
 INFO: Total execution time for kernels is 0.147654s
 INFO: Computing semblance for m0 = 8520
 INFO: Total execution time for kernels is 0.147647s
 INFO: Computing semblance for m0 = 8540
 INFO: Total execution time for kernels is 0.148082s
 INFO: Computing semblance for m0 = 8560
 INFO: Total execution time for kernels is 0.148224s
 INFO: Computing semblance for m0 = 8580
 INFO: Total execution time for kernels is 0.147911s
 INFO: Computing semblance for m0 = 8600
 INFO: Total execution time for kernels is 0.147898s
 INFO: Computing semblance for m0 = 8620
 INFO: Total execution time for kernels is 0.147013s
 INFO: Computing semblance for m0 = 8640
 INFO: Total execution time for kernels is 0.146849s
 INFO: Computing semblance for m0 = 8660
 INFO: Total execution time for kernels is 0.147189s
 INFO: Computing semblance for m0 = 8680
 INFO: Total execution time for kernels is 0.146878s
 INFO: Computing semblance for m0 = 8700
 INFO: Total execution time for kernels is 0.147214s
 INFO: Computing semblance for m0 = 8720
 INFO: Total execution time for kernels is 0.146108s
 INFO: Computing semblance for m0 = 8740
 INFO: Total execution time for kernels is 0.146482s
 INFO: Computing semblance for m0 = 8760
 INFO: Total execution time for kernels is 0.147471s
 INFO: Computing semblance for m0 = 8780
 INFO: Total execution time for kernels is 0.148412s
 INFO: Computing semblance for m0 = 8800
 INFO: Total execution time for kernels is 0.148027s
 INFO: Computing semblance for m0 = 8820
 INFO: Total execution time for kernels is 0.14809s
 INFO: Computing semblance for m0 = 8840
 INFO: Total execution time for kernels is 0.14747s
 INFO: Computing semblance for m0 = 8860
 INFO: Total execution time for kernels is 0.149002s
 INFO: Computing semblance for m0 = 8880
 INFO: Total execution time for kernels is 0.148327s
 INFO: Computing semblance for m0 = 8900
 INFO: Total execution time for kernels is 0.148802s
 INFO: Computing semblance for m0 = 8920
 INFO: Total execution time for kernels is 0.148302s
 INFO: Computing semblance for m0 = 8940
 INFO: Total execution time for kernels is 0.14814s
 INFO: Computing semblance for m0 = 8960
 INFO: Total execution time for kernels is 0.148131s
 INFO: Computing semblance for m0 = 8980
 INFO: Total execution time for kernels is 0.14792s
 INFO: Computing semblance for m0 = 9000
 INFO: Total execution time for kernels is 0.145256s
 INFO: Computing semblance for m0 = 9020
 INFO: Total execution time for kernels is 0.14561s
 INFO: Computing semblance for m0 = 9040
 INFO: Total execution time for kernels is 0.143907s
 INFO: Computing semblance for m0 = 9060
 INFO: Total execution time for kernels is 0.142689s
 INFO: Computing semblance for m0 = 9080
 INFO: Total execution time for kernels is 0.141261s
 INFO: Computing semblance for m0 = 9100
 INFO: Total execution time for kernels is 0.138708s
 INFO: Computing semblance for m0 = 9120
 INFO: Total execution time for kernels is 0.135969s
 INFO: Computing semblance for m0 = 9140
 INFO: Total execution time for kernels is 0.13311s
 INFO: Computing semblance for m0 = 9160
 INFO: Total execution time for kernels is 0.130813s
 INFO: Computing semblance for m0 = 9180
 INFO: Total execution time for kernels is 0.126271s
 INFO: Computing semblance for m0 = 9200
 INFO: Total execution time for kernels is 0.124121s
 INFO: Computing semblance for m0 = 9220
 INFO: Total execution time for kernels is 0.120051s
 INFO: Computing semblance for m0 = 9240
 INFO: Total execution time for kernels is 0.117696s
 INFO: Computing semblance for m0 = 9260
 INFO: Total execution time for kernels is 0.113825s
 INFO: Computing semblance for m0 = 9280
 INFO: Total execution time for kernels is 0.109778s
 INFO: Computing semblance for m0 = 9300
 INFO: Total execution time for kernels is 0.107179s
 INFO: Computing semblance for m0 = 9320
 INFO: Total execution time for kernels is 0.103759s
 INFO: Computing semblance for m0 = 9340
 INFO: Total execution time for kernels is 0.0994179s
 INFO: Computing semblance for m0 = 9360
 INFO: Total execution time for kernels is 0.0960915s
 INFO: Computing semblance for m0 = 9380
 INFO: Total execution time for kernels is 0.092387s
 INFO: Computing semblance for m0 = 9400
 INFO: Total execution time for kernels is 0.0889797s
 INFO: Computing semblance for m0 = 9420
 INFO: Total execution time for kernels is 0.0854001s
 INFO: Computing semblance for m0 = 9440
 INFO: Total execution time for kernels is 0.0822464s
 INFO: Computing semblance for m0 = 9460
 INFO: Total execution time for kernels is 0.0793403s
 INFO: Computing semblance for m0 = 9480
 INFO: Total execution time for kernels is 0.0752316s
 INFO: Computing semblance for m0 = 9500
 INFO: Total execution time for kernels is 0.0721182s
 INFO: Computing semblance for m0 = 9520
 INFO: Total execution time for kernels is 0.0683524s
 INFO: Computing semblance for m0 = 9540
 INFO: Total execution time for kernels is 0.0649105s
 INFO: Computing semblance for m0 = 9560
 INFO: Total execution time for kernels is 0.062285s
 INFO: Computing semblance for m0 = 9580
 INFO: Total execution time for kernels is 0.0585943s
 INFO: Computing semblance for m0 = 9600
 INFO: Total execution time for kernels is 0.0550164s
 INFO: Computing semblance for m0 = 9620
 INFO: Total execution time for kernels is 0.0517316s
 INFO: Computing semblance for m0 = 9640
 INFO: Total execution time for kernels is 0.0490191s
 INFO: Computing semblance for m0 = 9660
 INFO: Total execution time for kernels is 0.045478s
 INFO: Computing semblance for m0 = 9680
 INFO: Total execution time for kernels is 0.0426436s
 INFO: Computing semblance for m0 = 9700
 INFO: Total execution time for kernels is 0.0391687s
 INFO: Computing semblance for m0 = 9720
 INFO: Total execution time for kernels is 0.0364625s
 INFO: Computing semblance for m0 = 9740
 INFO: Total execution time for kernels is 0.0331499s
 INFO: Computing semblance for m0 = 9760
 INFO: Total execution time for kernels is 0.0304241s
 INFO: Computing semblance for m0 = 9780
 INFO: Total execution time for kernels is 0.0271604s
 INFO: Computing semblance for m0 = 9800
 INFO: Total execution time for kernels is 0.0241541s
 INFO: Computing semblance for m0 = 9820
 INFO: Total execution time for kernels is 0.0212811s
 INFO: Computing semblance for m0 = 9840
 INFO: Total execution time for kernels is 0.0185548s
 INFO: Computing semblance for m0 = 9860
 INFO: Total execution time for kernels is 0.0159392s
 INFO: Computing semblance for m0 = 9880
 INFO: Total execution time for kernels is 0.013684s
 INFO: Computing semblance for m0 = 9900
 INFO: Total execution time for kernels is 0.0115229s
 INFO: Computing semblance for m0 = 9920
 INFO: Total execution time for kernels is 0.00966617s
 INFO: Computing semblance for m0 = 9940
 INFO: Total execution time for kernels is 0.00791751s
 INFO: Average of efficiency is 1
 INFO: Average of interpolations_per_sec is 1.13732e+11
 INFO: Average of selected_traces is 309.888
 INFO: Average of total_selection_kernel_exec_time is 0.00343435
 INFO: Average of total_kernel_exec_time is 0.133645
 INFO: Results written to /home/ubuntu/nfs/out/0447d1c_p3.2xlarge/zocrs/de/cuda/simple-synthetic_2/simple-synthetic_de_zocrs_20210101_0328/
 INFO: It took 64.4233s to compute.
