 INFO: Number of CDPs = 445
 INFO: Number of traces in the gather = 9200
 INFO: Number of samples per trace = 2502
 INFO: Starting worker threads...
 INFO: Computing semblance for m0 = 0
 INFO: Total execution time for kernels is 0.00327979s
 INFO: Computing semblance for m0 = 1080
 INFO: Total execution time for kernels is 0.00750041s
 INFO: Computing semblance for m0 = 1100
 INFO: Total execution time for kernels is 0.00747553s
 INFO: Computing semblance for m0 = 1120
 INFO: Total execution time for kernels is 0.0104686s
 INFO: Computing semblance for m0 = 1140
 INFO: Total execution time for kernels is 0.011008s
 INFO: Computing semblance for m0 = 1160
 INFO: Total execution time for kernels is 0.0147453s
 INFO: Computing semblance for m0 = 1180
 INFO: Total execution time for kernels is 0.0142398s
 INFO: Computing semblance for m0 = 1200
 INFO: Total execution time for kernels is 0.0181386s
 INFO: Computing semblance for m0 = 1220
 INFO: Total execution time for kernels is 0.0170594s
 INFO: Computing semblance for m0 = 1240
 INFO: Total execution time for kernels is 0.0192809s
 INFO: Computing semblance for m0 = 1260
 INFO: Total execution time for kernels is 0.0194042s
 INFO: Computing semblance for m0 = 1280
 INFO: Total execution time for kernels is 0.0232172s
 INFO: Computing semblance for m0 = 1300
 INFO: Computing semblance for m0 = 1320
 INFO: Total execution time for kernels is 0.022352s
 INFO: Computing semblance for m0 = 1340
 INFO: Total execution time for kernels is 0.0290306s
 INFO: Computing semblance for m0 = 1360
 INFO: Total execution time for kernels is 0.0246811s
 INFO: Computing semblance for m0 = 1380
 INFO: Total execution time for kernels is 0.0247778s
 INFO: Computing semblance for m0 = 1400
 INFO: Total execution time for kernels is 0.0319236s
 INFO: Computing semblance for m0 = 1420
 INFO: Total execution time for kernels is 0.0273005s
 INFO: Computing semblance for m0 = 1440
 INFO: Total execution time for kernels is 0.0343432s
 INFO: Computing semblance for m0 = 1460
 INFO: Total execution time for kernels is 0.0307428s
 INFO: Computing semblance for m0 = 1480
 INFO: Total execution time for kernels is 0.0356141s
 INFO: Computing semblance for m0 = 1500
 INFO: Total execution time for kernels is 0.0330289s
 INFO: Computing semblance for m0 = 1520
 INFO: Total execution time for kernels is 0.035467s
 INFO: Computing semblance for m0 = 1540
 INFO: Total execution time for kernels is 0.0339276s
 INFO: Computing semblance for m0 = 1560
 INFO: Total execution time for kernels is 0.0388981s
 INFO: Computing semblance for m0 = 1580
 INFO: Total execution time for kernels is 0.0354653s
 INFO: Computing semblance for m0 = 1600
 INFO: Total execution time for kernels is 0.0409608s
 INFO: Computing semblance for m0 = 1620
 INFO: Total execution time for kernels is 0.0378225s
 INFO: Computing semblance for m0 = 1640
 INFO: Total execution time for kernels is 0.0395399s
 INFO: Computing semblance for m0 = 1660
 INFO: Total execution time for kernels is 0.0403223s
 INFO: Computing semblance for m0 = 1680
 INFO: Total execution time for kernels is 0.0429517s
 INFO: Computing semblance for m0 = 1700
 INFO: Total execution time for kernels is 0.0381276s
 INFO: Computing semblance for m0 = 1720
 INFO: Total execution time for kernels is 0.0457052s
 INFO: Computing semblance for m0 = 1740
 INFO: Total execution time for kernels is 0.0400773s
 INFO: Computing semblance for m0 = 1760
 INFO: Total execution time for kernels is 0.0413245s
 INFO: Computing semblance for m0 = 1780
 INFO: Total execution time for kernels is 0.0419969s
 INFO: Computing semblance for m0 = 1800
 INFO: Computing semblance for m0 = 1820
 INFO: Total execution time for kernels is 0.0416151s
 INFO: Computing semblance for m0 = 1840
 INFO: Total execution time for kernels is 0.0461916s
 INFO: Computing semblance for m0 = 1860
 INFO: Computing semblance for m0 = 1880
 INFO: Total execution time for kernels is 0.0443442s
 INFO: Computing semblance for m0 = 1900
 INFO: Total execution time for kernels is 0.046917s
 INFO: Computing semblance for m0 = 1920
 INFO: Total execution time for kernels is 0.0634646s
 INFO: Computing semblance for m0 = 1940
 INFO: Total execution time for kernels is 0.0665081s
 INFO: Computing semblance for m0 = 1960
 INFO: Total execution time for kernels is 0.0447728s
 INFO: Computing semblance for m0 = 1980
 INFO: Total execution time for kernels is 0.0524224s
 INFO: Computing semblance for m0 = 2000
 INFO: Total execution time for kernels is 0.0686888s
 INFO: Computing semblance for m0 = 2020
 INFO: Total execution time for kernels is 0.0470146s
 INFO: Computing semblance for m0 = 2040
 INFO: Total execution time for kernels is 0.0475972s
 INFO: Computing semblance for m0 = 2060
 INFO: Total execution time for kernels is 0.0714144s
 INFO: Computing semblance for m0 = 2080
 INFO: Total execution time for kernels is 0.0708637s
 INFO: Computing semblance for m0 = 2100
 INFO: Computing semblance for m0 = 2120
 INFO: Total execution time for kernels is 0.0460595s
 INFO: Computing semblance for m0 = 2140
 INFO: Total execution time for kernels is 0.0477346s
 INFO: Computing semblance for m0 = 2160
 INFO: Total execution time for kernels is 0.0721991s
 INFO: Computing semblance for m0 = 2180
 INFO: Total execution time for kernels is 0.071729s
 INFO: Computing semblance for m0 = 2200
 INFO: Computing semblance for m0 = 2220
 INFO: Computing semblance for m0 = 2240
 INFO: Computing semblance for m0 = 2260
 INFO: Total execution time for kernels is 0.0474763s
 INFO: Computing semblance for m0 = 2280
 INFO: Total execution time for kernels is 0.0479112s
 INFO: Computing semblance for m0 = 2300
 INFO: Computing semblance for m0 = 2320
 INFO: Computing semblance for m0 = 2340
 INFO: Computing semblance for m0 = 2360
 INFO: Computing semblance for m0 = 2380
 INFO: Computing semblance for m0 = 2400
 INFO: Computing semblance for m0 = 2420
 INFO: Computing semblance for m0 = 2440
 INFO: Computing semblance for m0 = 2460
 INFO: Total execution time for kernels is 0.0735302s
 INFO: Computing semblance for m0 = 2480
 INFO: Total execution time for kernels is 0.0689504s
 INFO: Computing semblance for m0 = 2500
 INFO: Total execution time for kernels is 0.0726866s
 INFO: Computing semblance for m0 = 2520
 INFO: Total execution time for kernels is 0.0473018s
 INFO: Computing semblance for m0 = 2540
 INFO: Total execution time for kernels is 0.0485669s
 INFO: Computing semblance for m0 = 2560
 INFO: Total execution time for kernels is 0.073668s
 INFO: Computing semblance for m0 = 2580
 INFO: Total execution time for kernels is 0.0739174s
 INFO: Computing semblance for m0 = 2600
 INFO: Total execution time for kernels is 0.0715849s
 INFO: Computing semblance for m0 = 2620
 INFO: Total execution time for kernels is 0.0712579s
 INFO: Computing semblance for m0 = 2640
 INFO: Total execution time for kernels is 0.0698739s
 INFO: Computing semblance for m0 = 2660
 INFO: Total execution time for kernels is 0.071037s
 INFO: Computing semblance for m0 = 2680
 INFO: Total execution time for kernels is 0.0720824s
 INFO: Computing semblance for m0 = 2700
 INFO: Total execution time for kernels is 0.0710967s
 INFO: Computing semblance for m0 = 2720
 INFO: Total execution time for kernels is 0.0707511s
 INFO: Computing semblance for m0 = 2740
 INFO: Total execution time for kernels is 0.0708707s
 INFO: Computing semblance for m0 = 2760
 INFO: Total execution time for kernels is 0.0715699s
 INFO: Computing semblance for m0 = 2780
 INFO: Total execution time for kernels is 0.072483s
 INFO: Computing semblance for m0 = 2800
 INFO: Total execution time for kernels is 0.0461704s
 INFO: Computing semblance for m0 = 2820
 INFO: Total execution time for kernels is 0.0657746s
 INFO: Computing semblance for m0 = 2840
 INFO: Total execution time for kernels is 0.047147s
 INFO: Computing semblance for m0 = 2860
 INFO: Total execution time for kernels is 0.0734968s
 INFO: Computing semblance for m0 = 2880
 INFO: Total execution time for kernels is 0.0711608s
 INFO: Computing semblance for m0 = 2900
 INFO: Total execution time for kernels is 0.0718933s
 INFO: Computing semblance for m0 = 2920
 INFO: Total execution time for kernels is 0.0704987s
 INFO: Computing semblance for m0 = 2940
 INFO: Total execution time for kernels is 0.0656134s
 INFO: Computing semblance for m0 = 2960
 INFO: Total execution time for kernels is 0.0697414s
 INFO: Computing semblance for m0 = 2980
 INFO: Total execution time for kernels is 0.0705844s
 INFO: Computing semblance for m0 = 3000
 INFO: Total execution time for kernels is 0.0691046s
 INFO: Computing semblance for m0 = 3020
 INFO: Total execution time for kernels is 0.0740676s
 INFO: Computing semblance for m0 = 3040
 INFO: Total execution time for kernels is 0.0743591s
 INFO: Computing semblance for m0 = 3060
 INFO: Total execution time for kernels is 0.0711575s
 INFO: Computing semblance for m0 = 3080
 INFO: Total execution time for kernels is 0.0477344s
 INFO: Computing semblance for m0 = 3100
 INFO: Total execution time for kernels is 0.0467346s
 INFO: Computing semblance for m0 = 3120
 INFO: Total execution time for kernels is 0.0668467s
 INFO: Computing semblance for m0 = 3140
 INFO: Total execution time for kernels is 0.0677247s
 INFO: Computing semblance for m0 = 3160
 INFO: Total execution time for kernels is 0.0636225s
 INFO: Computing semblance for m0 = 3180
 INFO: Total execution time for kernels is 0.0659697s
 INFO: Computing semblance for m0 = 3200
 INFO: Total execution time for kernels is 0.0688819s
 INFO: Computing semblance for m0 = 3220
 INFO: Total execution time for kernels is 0.0640335s
 INFO: Computing semblance for m0 = 3240
 INFO: Total execution time for kernels is 0.0475587s
 INFO: Computing semblance for m0 = 3260
 INFO: Total execution time for kernels is 0.0704117s
 INFO: Computing semblance for m0 = 3280
 INFO: Total execution time for kernels is 0.0688278s
 INFO: Computing semblance for m0 = 3300
 INFO: Total execution time for kernels is 0.0484059s
 INFO: Computing semblance for m0 = 3320
 INFO: Total execution time for kernels is 0.0682539s
 INFO: Computing semblance for m0 = 3340
 INFO: Total execution time for kernels is 0.0642661s
 INFO: Computing semblance for m0 = 3360
 INFO: Total execution time for kernels is 0.0673311s
 INFO: Computing semblance for m0 = 3380
 INFO: Total execution time for kernels is 0.065282s
 INFO: Computing semblance for m0 = 3400
 INFO: Total execution time for kernels is 0.0654157s
 INFO: Computing semblance for m0 = 3420
 INFO: Total execution time for kernels is 0.0641393s
 INFO: Computing semblance for m0 = 3440
 INFO: Total execution time for kernels is 0.0717023s
 INFO: Computing semblance for m0 = 3460
 INFO: Total execution time for kernels is 0.0658071s
 INFO: Computing semblance for m0 = 3480
 INFO: Total execution time for kernels is 0.0567396s
 INFO: Computing semblance for m0 = 3500
 INFO: Total execution time for kernels is 0.0658442s
 INFO: Computing semblance for m0 = 3520
 INFO: Total execution time for kernels is 0.0468835s
 INFO: Computing semblance for m0 = 3540
 INFO: Total execution time for kernels is 0.0473402s
 INFO: Computing semblance for m0 = 3560
 INFO: Total execution time for kernels is 0.0651631s
 INFO: Computing semblance for m0 = 3580
 INFO: Total execution time for kernels is 0.0642275s
 INFO: Computing semblance for m0 = 3600
 INFO: Total execution time for kernels is 0.0633007s
 INFO: Computing semblance for m0 = 3620
 INFO: Total execution time for kernels is 0.0665835s
 INFO: Computing semblance for m0 = 3640
 INFO: Total execution time for kernels is 0.062247s
 INFO: Computing semblance for m0 = 3660
 INFO: Total execution time for kernels is 0.0614702s
 INFO: Computing semblance for m0 = 3680
 INFO: Total execution time for kernels is 0.0629331s
 INFO: Computing semblance for m0 = 3700
 INFO: Total execution time for kernels is 0.0608506s
 INFO: Computing semblance for m0 = 3720
 INFO: Total execution time for kernels is 0.0643087s
 INFO: Computing semblance for m0 = 3740
 INFO: Total execution time for kernels is 0.0669814s
 INFO: Computing semblance for m0 = 3760
 INFO: Total execution time for kernels is 0.0644654s
 INFO: Computing semblance for m0 = 3780
 INFO: Total execution time for kernels is 0.0580001s
 INFO: Computing semblance for m0 = 3800
 INFO: Total execution time for kernels is 0.0649336s
 INFO: Computing semblance for m0 = 3820
 INFO: Total execution time for kernels is 0.0627678s
 INFO: Computing semblance for m0 = 3840
 INFO: Total execution time for kernels is 0.0468798s
 INFO: Computing semblance for m0 = 3860
 INFO: Total execution time for kernels is 0.0477844s
 INFO: Computing semblance for m0 = 3880
 INFO: Total execution time for kernels is 0.0573614s
 INFO: Computing semblance for m0 = 3900
 INFO: Total execution time for kernels is 0.063303s
 INFO: Computing semblance for m0 = 3920
 INFO: Total execution time for kernels is 0.0635787s
 INFO: Computing semblance for m0 = 3940
 INFO: Total execution time for kernels is 0.0586346s
 INFO: Computing semblance for m0 = 3960
 INFO: Total execution time for kernels is 0.0646634s
 INFO: Computing semblance for m0 = 3980
 INFO: Total execution time for kernels is 0.0590812s
 INFO: Computing semblance for m0 = 4000
 INFO: Total execution time for kernels is 0.0633974s
 INFO: Computing semblance for m0 = 4020
 INFO: Total execution time for kernels is 0.0576945s
 INFO: Computing semblance for m0 = 4040
 INFO: Total execution time for kernels is 0.0590127s
 INFO: Computing semblance for m0 = 4060
 INFO: Total execution time for kernels is 0.0618414s
 INFO: Computing semblance for m0 = 4080
 INFO: Total execution time for kernels is 0.0543338s
 INFO: Computing semblance for m0 = 4100
 INFO: Total execution time for kernels is 0.0583532s
 INFO: Computing semblance for m0 = 4120
 INFO: Total execution time for kernels is 0.0646078s
 INFO: Computing semblance for m0 = 4140
 INFO: Total execution time for kernels is 0.0464251s
 INFO: Computing semblance for m0 = 4160
 INFO: Total execution time for kernels is 0.0601117s
 INFO: Computing semblance for m0 = 4180
 INFO: Total execution time for kernels is 0.0484044s
 INFO: Computing semblance for m0 = 4200
 INFO: Total execution time for kernels is 0.0561754s
 INFO: Computing semblance for m0 = 4220
 INFO: Total execution time for kernels is 0.059577s
 INFO: Computing semblance for m0 = 4240
 INFO: Total execution time for kernels is 0.0575774s
 INFO: Computing semblance for m0 = 4260
 INFO: Total execution time for kernels is 0.0585493s
 INFO: Computing semblance for m0 = 4280
 INFO: Total execution time for kernels is 0.0601527s
 INFO: Computing semblance for m0 = 4300
 INFO: Total execution time for kernels is 0.0588429s
 INFO: Computing semblance for m0 = 4320
 INFO: Total execution time for kernels is 0.0593508s
 INFO: Computing semblance for m0 = 4340
 INFO: Total execution time for kernels is 0.0596402s
 INFO: Computing semblance for m0 = 4360
 INFO: Total execution time for kernels is 0.0517002s
 INFO: Computing semblance for m0 = 4380
 INFO: Total execution time for kernels is 0.0570193s
 INFO: Computing semblance for m0 = 4400
 INFO: Total execution time for kernels is 0.0479783s
 INFO: Computing semblance for m0 = 4420
 INFO: Total execution time for kernels is 0.0606955s
 INFO: Computing semblance for m0 = 4440
 INFO: Total execution time for kernels is 0.0594878s
 INFO: Computing semblance for m0 = 4460
 INFO: Total execution time for kernels is 0.0475807s
 INFO: Computing semblance for m0 = 4480
 INFO: Total execution time for kernels is 0.0613519s
 INFO: Computing semblance for m0 = 4500
 INFO: Total execution time for kernels is 0.0580423s
 INFO: Computing semblance for m0 = 4520
 INFO: Total execution time for kernels is 0.0559393s
 INFO: Computing semblance for m0 = 4540
 INFO: Total execution time for kernels is 0.0584009s
 INFO: Computing semblance for m0 = 4560
 INFO: Total execution time for kernels is 0.0538254s
 INFO: Computing semblance for m0 = 4580
 INFO: Total execution time for kernels is 0.0594599s
 INFO: Computing semblance for m0 = 4600
 INFO: Total execution time for kernels is 0.0555351s
 INFO: Computing semblance for m0 = 4620
 INFO: Total execution time for kernels is 0.058301s
 INFO: Computing semblance for m0 = 4640
 INFO: Total execution time for kernels is 0.0463524s
 INFO: Computing semblance for m0 = 4660
 INFO: Total execution time for kernels is 0.058226s
 INFO: Computing semblance for m0 = 4680
 INFO: Total execution time for kernels is 0.0515866s
 INFO: Computing semblance for m0 = 4700
 INFO: Total execution time for kernels is 0.05807s
 INFO: Computing semblance for m0 = 4720
 INFO: Total execution time for kernels is 0.0549174s
 INFO: Computing semblance for m0 = 4740
 INFO: Total execution time for kernels is 0.0466058s
 INFO: Computing semblance for m0 = 4760
 INFO: Total execution time for kernels is 0.0592244s
 INFO: Computing semblance for m0 = 4780
 INFO: Total execution time for kernels is 0.0557583s
 INFO: Computing semblance for m0 = 4800
 INFO: Total execution time for kernels is 0.0525681s
 INFO: Computing semblance for m0 = 4820
 INFO: Total execution time for kernels is 0.0588141s
 INFO: Computing semblance for m0 = 4840
 INFO: Total execution time for kernels is 0.0530149s
 INFO: Computing semblance for m0 = 4860
 INFO: Total execution time for kernels is 0.0529116s
 INFO: Computing semblance for m0 = 4880
 INFO: Total execution time for kernels is 0.0529585s
 INFO: Computing semblance for m0 = 4900
 INFO: Total execution time for kernels is 0.0588254s
 INFO: Computing semblance for m0 = 4920
 INFO: Total execution time for kernels is 0.0478739s
 INFO: Computing semblance for m0 = 4940
 INFO: Total execution time for kernels is 0.0544627s
 INFO: Computing semblance for m0 = 4960
 INFO: Total execution time for kernels is 0.0481725s
 INFO: Computing semblance for m0 = 4980
 INFO: Total execution time for kernels is 0.0566548s
 INFO: Computing semblance for m0 = 5000
 INFO: Total execution time for kernels is 0.0560722s
 INFO: Computing semblance for m0 = 5020
 INFO: Total execution time for kernels is 0.0543349s
 INFO: Computing semblance for m0 = 5040
 INFO: Total execution time for kernels is 0.0486973s
 INFO: Computing semblance for m0 = 5060
 INFO: Total execution time for kernels is 0.0532884s
 INFO: Computing semblance for m0 = 5080
 INFO: Total execution time for kernels is 0.0523418s
 INFO: Computing semblance for m0 = 5100
 INFO: Total execution time for kernels is 0.0530086s
 INFO: Computing semblance for m0 = 5120
 INFO: Total execution time for kernels is 0.0517022s
 INFO: Computing semblance for m0 = 5140
 INFO: Total execution time for kernels is 0.0576841s
 INFO: Computing semblance for m0 = 5160
 INFO: Total execution time for kernels is 0.0509422s
 INFO: Computing semblance for m0 = 5180
 INFO: Total execution time for kernels is 0.0473255s
 INFO: Computing semblance for m0 = 5200
 INFO: Total execution time for kernels is 0.0519558s
 INFO: Computing semblance for m0 = 5220
 INFO: Total execution time for kernels is 0.0530946s
 INFO: Computing semblance for m0 = 5240
 INFO: Total execution time for kernels is 0.0480021s
 INFO: Computing semblance for m0 = 5260
 INFO: Total execution time for kernels is 0.0540422s
 INFO: Computing semblance for m0 = 5280
 INFO: Total execution time for kernels is 0.0539636s
 INFO: Computing semblance for m0 = 5300
 INFO: Total execution time for kernels is 0.0467823s
 INFO: Total execution time for kernels is 0.0547519s
 INFO: Computing semblance for m0 = 5320
 INFO: Computing semblance for m0 = 5340
 INFO: Total execution time for kernels is 0.0525888s
 INFO: Computing semblance for m0 = 5360
 INFO: Total execution time for kernels is 0.0530807s
 INFO: Computing semblance for m0 = 5380
 INFO: Total execution time for kernels is 0.0506468s
 INFO: Computing semblance for m0 = 5400
 INFO: Total execution time for kernels is 0.0538802s
 INFO: Computing semblance for m0 = 5420
 INFO: Total execution time for kernels is 0.053663s
 INFO: Computing semblance for m0 = 5440
 INFO: Total execution time for kernels is 0.0512104s
 INFO: Computing semblance for m0 = 5460
 INFO: Total execution time for kernels is 0.0523526s
 INFO: Computing semblance for m0 = 5480
 INFO: Total execution time for kernels is 0.048947s
 INFO: Computing semblance for m0 = 5500
 INFO: Total execution time for kernels is 0.0479043s
 INFO: Computing semblance for m0 = 5520
 INFO: Total execution time for kernels is 0.0486957s
 INFO: Computing semblance for m0 = 5540
 INFO: Total execution time for kernels is 0.048392s
 INFO: Computing semblance for m0 = 5560
 INFO: Total execution time for kernels is 0.0478032s
 INFO: Computing semblance for m0 = 5580
 INFO: Total execution time for kernels is 0.0534755s
 INFO: Computing semblance for m0 = 5600
 INFO: Total execution time for kernels is 0.0529546s
 INFO: Computing semblance for m0 = 5620
 INFO: Total execution time for kernels is 0.0482929s
 INFO: Computing semblance for m0 = 5640
 INFO: Total execution time for kernels is 0.0486308s
 INFO: Computing semblance for m0 = 5660
 INFO: Total execution time for kernels is 0.0527152s
 INFO: Computing semblance for m0 = 5680
 INFO: Total execution time for kernels is 0.0530352s
 INFO: Computing semblance for m0 = 5700
 INFO: Total execution time for kernels is 0.0488465s
 INFO: Computing semblance for m0 = 5720
 INFO: Total execution time for kernels is 0.0476018s
 INFO: Computing semblance for m0 = 5740
 INFO: Total execution time for kernels is 0.0510784s
 INFO: Computing semblance for m0 = 5760
 INFO: Total execution time for kernels is 0.0494622s
 INFO: Computing semblance for m0 = 5780
 INFO: Total execution time for kernels is 0.0547059s
 INFO: Computing semblance for m0 = 5800
 INFO: Total execution time for kernels is 0.0470296s
 INFO: Computing semblance for m0 = 5820
 INFO: Total execution time for kernels is 0.0486133s
 INFO: Computing semblance for m0 = 5840
 INFO: Total execution time for kernels is 0.0479138s
 INFO: Computing semblance for m0 = 5860
 INFO: Total execution time for kernels is 0.0497229s
 INFO: Computing semblance for m0 = 5880
 INFO: Total execution time for kernels is 0.0480253s
 INFO: Computing semblance for m0 = 5900
 INFO: Total execution time for kernels is 0.0491561s
 INFO: Computing semblance for m0 = 5920
 INFO: Total execution time for kernels is 0.0512818s
 INFO: Computing semblance for m0 = 5940
 INFO: Total execution time for kernels is 0.0462274s
 INFO: Computing semblance for m0 = 5960
 INFO: Total execution time for kernels is 0.0475739s
 INFO: Computing semblance for m0 = 5980
 INFO: Total execution time for kernels is 0.0501496s
 INFO: Computing semblance for m0 = 6000
 INFO: Total execution time for kernels is 0.050387s
 INFO: Computing semblance for m0 = 6020
 INFO: Total execution time for kernels is 0.048853s
 INFO: Computing semblance for m0 = 6040
 INFO: Total execution time for kernels is 0.0476452s
 INFO: Computing semblance for m0 = 6060
 INFO: Total execution time for kernels is 0.0498135s
 INFO: Computing semblance for m0 = 6080
 INFO: Total execution time for kernels is 0.0490421s
 INFO: Computing semblance for m0 = 6100
 INFO: Total execution time for kernels is 0.049845s
 INFO: Computing semblance for m0 = 6120
 INFO: Total execution time for kernels is 0.0523561s
 INFO: Computing semblance for m0 = 6140
 INFO: Total execution time for kernels is 0.0495434s
 INFO: Computing semblance for m0 = 6160
 INFO: Total execution time for kernels is 0.047781s
 INFO: Computing semblance for m0 = 6180
 INFO: Total execution time for kernels is 0.0472807s
 INFO: Computing semblance for m0 = 6200
 INFO: Total execution time for kernels is 0.0470949s
 INFO: Computing semblance for m0 = 6220
 INFO: Total execution time for kernels is 0.0487401s
 INFO: Computing semblance for m0 = 6240
 INFO: Total execution time for kernels is 0.0487296s
 INFO: Computing semblance for m0 = 6260
 INFO: Total execution time for kernels is 0.0480426s
 INFO: Computing semblance for m0 = 6280
 INFO: Total execution time for kernels is 0.0490036s
 INFO: Computing semblance for m0 = 6300
 INFO: Total execution time for kernels is 0.048619s
 INFO: Computing semblance for m0 = 6320
 INFO: Total execution time for kernels is 0.049591s
 INFO: Computing semblance for m0 = 6340
 INFO: Total execution time for kernels is 0.0482103s
 INFO: Computing semblance for m0 = 6360
 INFO: Total execution time for kernels is 0.0483936s
 INFO: Computing semblance for m0 = 6380
 INFO: Total execution time for kernels is 0.0487635s
 INFO: Computing semblance for m0 = 6400
 INFO: Total execution time for kernels is 0.0476216s
 INFO: Computing semblance for m0 = 6420
 INFO: Total execution time for kernels is 0.0470065s
 INFO: Computing semblance for m0 = 6440
 INFO: Total execution time for kernels is 0.0485299s
 INFO: Computing semblance for m0 = 6460
 INFO: Total execution time for kernels is 0.0476631s
 INFO: Computing semblance for m0 = 6480
 INFO: Total execution time for kernels is 0.0470568s
 INFO: Computing semblance for m0 = 6500
 INFO: Total execution time for kernels is 0.0482048s
 INFO: Computing semblance for m0 = 6520
 INFO: Total execution time for kernels is 0.046542s
 INFO: Computing semblance for m0 = 6540
 INFO: Total execution time for kernels is 0.0481167s
 INFO: Computing semblance for m0 = 6560
 INFO: Total execution time for kernels is 0.0488769s
 INFO: Computing semblance for m0 = 6580
 INFO: Total execution time for kernels is 0.0467662s
 INFO: Computing semblance for m0 = 6600
 INFO: Total execution time for kernels is 0.0485514s
 INFO: Computing semblance for m0 = 6620
 INFO: Total execution time for kernels is 0.0474177s
 INFO: Computing semblance for m0 = 6640
 INFO: Total execution time for kernels is 0.049143s
 INFO: Computing semblance for m0 = 6660
 INFO: Total execution time for kernels is 0.0480714s
 INFO: Computing semblance for m0 = 6680
 INFO: Total execution time for kernels is 0.0496807s
 INFO: Computing semblance for m0 = 6700
 INFO: Total execution time for kernels is 0.0459958s
 INFO: Computing semblance for m0 = 6720
 INFO: Total execution time for kernels is 0.0475241s
 INFO: Computing semblance for m0 = 6740
 INFO: Total execution time for kernels is 0.047858s
 INFO: Computing semblance for m0 = 6760
 INFO: Total execution time for kernels is 0.0495278s
 INFO: Computing semblance for m0 = 6780
 INFO: Total execution time for kernels is 0.047231s
 INFO: Computing semblance for m0 = 6800
 INFO: Total execution time for kernels is 0.0462518s
 INFO: Computing semblance for m0 = 6820
 INFO: Total execution time for kernels is 0.0469374s
 INFO: Computing semblance for m0 = 6840
 INFO: Total execution time for kernels is 0.048817s
 INFO: Computing semblance for m0 = 6860
 INFO: Total execution time for kernels is 0.047871s
 INFO: Computing semblance for m0 = 6880
 INFO: Total execution time for kernels is 0.0496907s
 INFO: Computing semblance for m0 = 6900
 INFO: Total execution time for kernels is 0.0479803s
 INFO: Computing semblance for m0 = 6920
 INFO: Total execution time for kernels is 0.0479437s
 INFO: Computing semblance for m0 = 6940
 INFO: Total execution time for kernels is 0.0475834s
 INFO: Computing semblance for m0 = 6960
 INFO: Total execution time for kernels is 0.0480529s
 INFO: Computing semblance for m0 = 6980
 INFO: Total execution time for kernels is 0.0479156s
 INFO: Computing semblance for m0 = 7000
 INFO: Total execution time for kernels is 0.0494181s
 INFO: Computing semblance for m0 = 7020
 INFO: Total execution time for kernels is 0.0458994s
 INFO: Computing semblance for m0 = 7040
 INFO: Total execution time for kernels is 0.0469616s
 INFO: Computing semblance for m0 = 7060
 INFO: Total execution time for kernels is 0.0474461s
 INFO: Computing semblance for m0 = 7080
 INFO: Total execution time for kernels is 0.0486216s
 INFO: Computing semblance for m0 = 7100
 INFO: Total execution time for kernels is 0.0469342s
 INFO: Computing semblance for m0 = 7120
 INFO: Total execution time for kernels is 0.0461895s
 INFO: Computing semblance for m0 = 7140
 INFO: Total execution time for kernels is 0.04857s
 INFO: Computing semblance for m0 = 7160
 INFO: Total execution time for kernels is 0.0460109s
 INFO: Computing semblance for m0 = 7180
 INFO: Total execution time for kernels is 0.0472756s
 INFO: Computing semblance for m0 = 7200
 INFO: Total execution time for kernels is 0.0474752s
 INFO: Computing semblance for m0 = 7220
 INFO: Total execution time for kernels is 0.0488588s
 INFO: Computing semblance for m0 = 7240
 INFO: Total execution time for kernels is 0.048171s
 INFO: Computing semblance for m0 = 7260
 INFO: Total execution time for kernels is 0.0474923s
 INFO: Computing semblance for m0 = 7280
 INFO: Total execution time for kernels is 0.0481822s
 INFO: Computing semblance for m0 = 7300
 INFO: Total execution time for kernels is 0.0475167s
 INFO: Total execution time for kernels is 0.047292s
 INFO: Computing semblance for m0 = 7320
 INFO: Computing semblance for m0 = 7340
 INFO: Total execution time for kernels is 0.0468669s
 INFO: Computing semblance for m0 = 7360
 INFO: Total execution time for kernels is 0.0470093s
 INFO: Computing semblance for m0 = 7380
 INFO: Total execution time for kernels is 0.0469022s
 INFO: Computing semblance for m0 = 7400
 INFO: Total execution time for kernels is 0.0456511s
 INFO: Computing semblance for m0 = 7420
 INFO: Total execution time for kernels is 0.0466351s
 INFO: Computing semblance for m0 = 7440
 INFO: Total execution time for kernels is 0.0462586s
 INFO: Computing semblance for m0 = 7460
 INFO: Total execution time for kernels is 0.0476587s
 INFO: Computing semblance for m0 = 7480
 INFO: Total execution time for kernels is 0.0488949s
 INFO: Computing semblance for m0 = 7500
 INFO: Total execution time for kernels is 0.0482176s
 INFO: Computing semblance for m0 = 7520
 INFO: Total execution time for kernels is 0.0499362s
 INFO: Computing semblance for m0 = 7540
 INFO: Total execution time for kernels is 0.0481043s
 INFO: Computing semblance for m0 = 7560
 INFO: Total execution time for kernels is 0.0484909s
 INFO: Computing semblance for m0 = 7580
 INFO: Total execution time for kernels is 0.0479829s
 INFO: Computing semblance for m0 = 7600
 INFO: Total execution time for kernels is 0.0475185s
 INFO: Computing semblance for m0 = 7620
 INFO: Total execution time for kernels is 0.0477679s
 INFO: Total execution time for kernels is 0.0478297s
 INFO: Computing semblance for m0 = 7640
 INFO: Computing semblance for m0 = 7660
 INFO: Total execution time for kernels is 0.0464322s
 INFO: Computing semblance for m0 = 7680
 INFO: Total execution time for kernels is 0.0475078s
 INFO: Computing semblance for m0 = 7700
 INFO: Total execution time for kernels is 0.0481933s
 INFO: Computing semblance for m0 = 7720
 INFO: Total execution time for kernels is 0.0488605s
 INFO: Computing semblance for m0 = 7740
 INFO: Total execution time for kernels is 0.0473141s
 INFO: Computing semblance for m0 = 7760
 INFO: Total execution time for kernels is 0.0477627s
 INFO: Computing semblance for m0 = 7780
 INFO: Total execution time for kernels is 0.0477843s
 INFO: Computing semblance for m0 = 7800
 INFO: Total execution time for kernels is 0.0479879s
 INFO: Computing semblance for m0 = 7820
 INFO: Total execution time for kernels is 0.0481566s
 INFO: Computing semblance for m0 = 7840
 INFO: Total execution time for kernels is 0.0489431s
 INFO: Computing semblance for m0 = 7860
 INFO: Total execution time for kernels is 0.0468441s
 INFO: Computing semblance for m0 = 7880
 INFO: Total execution time for kernels is 0.047301s
 INFO: Computing semblance for m0 = 7900
 INFO: Total execution time for kernels is 0.0477964s
 INFO: Computing semblance for m0 = 7920
 INFO: Total execution time for kernels is 0.048589s
 INFO: Total execution time for kernels is 0.0461152s
 INFO: Computing semblance for m0 = 7940
 INFO: Computing semblance for m0 = 7960
 INFO: Total execution time for kernels is 0.0484686s
 INFO: Computing semblance for m0 = 7980
 INFO: Total execution time for kernels is 0.0461977s
 INFO: Computing semblance for m0 = 8000
 INFO: Total execution time for kernels is 0.0465714s
 INFO: Computing semblance for m0 = 8020
 INFO: Total execution time for kernels is 0.0476916s
 INFO: Computing semblance for m0 = 8040
 INFO: Total execution time for kernels is 0.0471208s
 INFO: Computing semblance for m0 = 8060
 INFO: Total execution time for kernels is 0.0475014s
 INFO: Computing semblance for m0 = 8080
 INFO: Total execution time for kernels is 0.0469919s
 INFO: Computing semblance for m0 = 8100
 INFO: Total execution time for kernels is 0.0469892s
 INFO: Computing semblance for m0 = 8120
 INFO: Total execution time for kernels is 0.0472398s
 INFO: Computing semblance for m0 = 8140
 INFO: Total execution time for kernels is 0.0483462s
 INFO: Computing semblance for m0 = 8160
 INFO: Total execution time for kernels is 0.0485807s
 INFO: Computing semblance for m0 = 8180
 INFO: Total execution time for kernels is 0.0476231s
 INFO: Computing semblance for m0 = 8200
 INFO: Total execution time for kernels is 0.0461107s
 INFO: Computing semblance for m0 = 8220
 INFO: Total execution time for kernels is 0.0482965s
 INFO: Computing semblance for m0 = 8240
 INFO: Total execution time for kernels is 0.0471255s
 INFO: Computing semblance for m0 = 8260
 INFO: Total execution time for kernels is 0.047258s
 INFO: Computing semblance for m0 = 8280
 INFO: Total execution time for kernels is 0.0473809s
 INFO: Computing semblance for m0 = 8300
 INFO: Total execution time for kernels is 0.0475203s
 INFO: Computing semblance for m0 = 8320
 INFO: Total execution time for kernels is 0.0480066s
 INFO: Computing semblance for m0 = 8340
 INFO: Total execution time for kernels is 0.0471688s
 INFO: Computing semblance for m0 = 8360
 INFO: Total execution time for kernels is 0.0484278s
 INFO: Computing semblance for m0 = 8380
 INFO: Total execution time for kernels is 0.0463938s
 INFO: Computing semblance for m0 = 8400
 INFO: Total execution time for kernels is 0.047493s
 INFO: Computing semblance for m0 = 8420
 INFO: Total execution time for kernels is 0.0482968s
 INFO: Computing semblance for m0 = 8440
 INFO: Total execution time for kernels is 0.0488522s
 INFO: Computing semblance for m0 = 8460
 INFO: Total execution time for kernels is 0.0478806s
 INFO: Computing semblance for m0 = 8480
 INFO: Total execution time for kernels is 0.0474778s
 INFO: Computing semblance for m0 = 8500
 INFO: Total execution time for kernels is 0.0476259s
 INFO: Computing semblance for m0 = 8520
 INFO: Total execution time for kernels is 0.0482662s
 INFO: Computing semblance for m0 = 8540
 INFO: Total execution time for kernels is 0.045457s
 INFO: Computing semblance for m0 = 8560
 INFO: Total execution time for kernels is 0.0478678s
 INFO: Computing semblance for m0 = 8580
 INFO: Total execution time for kernels is 0.046509s
 INFO: Computing semblance for m0 = 8600
 INFO: Total execution time for kernels is 0.048136s
 INFO: Computing semblance for m0 = 8620
 INFO: Total execution time for kernels is 0.0482293s
 INFO: Computing semblance for m0 = 8640
 INFO: Total execution time for kernels is 0.0465173s
 INFO: Computing semblance for m0 = 8660
 INFO: Total execution time for kernels is 0.0466253s
 INFO: Computing semblance for m0 = 8680
 INFO: Total execution time for kernels is 0.0491206s
 INFO: Computing semblance for m0 = 8700
 INFO: Total execution time for kernels is 0.0457136s
 INFO: Computing semblance for m0 = 8720
 INFO: Total execution time for kernels is 0.0475284s
 INFO: Computing semblance for m0 = 8740
 INFO: Total execution time for kernels is 0.0486464s
 INFO: Computing semblance for m0 = 8760
 INFO: Total execution time for kernels is 0.0485338s
 INFO: Computing semblance for m0 = 8780
 INFO: Total execution time for kernels is 0.0485451s
 INFO: Computing semblance for m0 = 8800
 INFO: Total execution time for kernels is 0.0514816s
 INFO: Computing semblance for m0 = 8820
 INFO: Total execution time for kernels is 0.0473786s
 INFO: Computing semblance for m0 = 8840
 INFO: Total execution time for kernels is 0.0463325s
 INFO: Computing semblance for m0 = 8860
 INFO: Total execution time for kernels is 0.0477751s
 INFO: Computing semblance for m0 = 8880
 INFO: Total execution time for kernels is 0.0482102s
 INFO: Computing semblance for m0 = 8900
 INFO: Total execution time for kernels is 0.0478383s
 INFO: Computing semblance for m0 = 8920
 INFO: Total execution time for kernels is 0.0489675s
 INFO: Computing semblance for m0 = 8940
 INFO: Total execution time for kernels is 0.0478229s
 INFO: Computing semblance for m0 = 8960
 INFO: Total execution time for kernels is 0.0470522s
 INFO: Computing semblance for m0 = 8980
 INFO: Total execution time for kernels is 0.0485005s
 INFO: Computing semblance for m0 = 9000
 INFO: Total execution time for kernels is 0.0494607s
 INFO: Computing semblance for m0 = 9020
 INFO: Total execution time for kernels is 0.0471618s
 INFO: Computing semblance for m0 = 9040
 INFO: Total execution time for kernels is 0.0476225s
 INFO: Computing semblance for m0 = 9060
 INFO: Total execution time for kernels is 0.0483621s
 INFO: Computing semblance for m0 = 9080
 INFO: Total execution time for kernels is 0.0482734s
 INFO: Computing semblance for m0 = 9100
 INFO: Total execution time for kernels is 0.0481026s
 INFO: Computing semblance for m0 = 9120
 INFO: Total execution time for kernels is 0.0487447s
 INFO: Computing semblance for m0 = 9140
 INFO: Total execution time for kernels is 0.0478487s
 INFO: Computing semblance for m0 = 9160
 INFO: Total execution time for kernels is 0.045744s
 INFO: Computing semblance for m0 = 9180
 INFO: Total execution time for kernels is 0.0496965s
 INFO: Computing semblance for m0 = 9200
 INFO: Total execution time for kernels is 0.0472356s
 INFO: Computing semblance for m0 = 9220
 INFO: Total execution time for kernels is 0.0476451s
 INFO: Computing semblance for m0 = 9240
 INFO: Total execution time for kernels is 0.0488147s
 INFO: Computing semblance for m0 = 9260
 INFO: Total execution time for kernels is 0.0480946s
 INFO: Computing semblance for m0 = 9280
 INFO: Total execution time for kernels is 0.0465088s
 INFO: Computing semblance for m0 = 9300
 INFO: Total execution time for kernels is 0.0473949s
 INFO: Computing semblance for m0 = 9320
 INFO: Total execution time for kernels is 0.0490544s
 INFO: Total execution time for kernels is 0.0499709s
 INFO: Computing semblance for m0 = 9340
 INFO: Computing semblance for m0 = 9360
 INFO: Total execution time for kernels is 0.0472304s
 INFO: Computing semblance for m0 = 9380
 INFO: Total execution time for kernels is 0.0466124s
 INFO: Computing semblance for m0 = 9400
 INFO: Total execution time for kernels is 0.0431929s
 INFO: Computing semblance for m0 = 9420
 INFO: Total execution time for kernels is 0.0457927s
 INFO: Computing semblance for m0 = 9440
 INFO: Total execution time for kernels is 0.0408583s
 INFO: Computing semblance for m0 = 9460
 INFO: Total execution time for kernels is 0.0439163s
 INFO: Computing semblance for m0 = 9480
 INFO: Total execution time for kernels is 0.0387513s
 INFO: Computing semblance for m0 = 9500
 INFO: Total execution time for kernels is 0.039841s
 INFO: Computing semblance for m0 = 9520
 INFO: Total execution time for kernels is 0.0379211s
 INFO: Computing semblance for m0 = 9540
 INFO: Total execution time for kernels is 0.0336577s
 INFO: Computing semblance for m0 = 9560
 INFO: Total execution time for kernels is 0.0361555s
 INFO: Computing semblance for m0 = 9580
 INFO: Total execution time for kernels is 0.036419s
 INFO: Computing semblance for m0 = 9600
 INFO: Total execution time for kernels is 0.0287646s
 INFO: Computing semblance for m0 = 9620
 INFO: Total execution time for kernels is 0.0297516s
 INFO: Computing semblance for m0 = 9640
 INFO: Total execution time for kernels is 0.0310599s
 INFO: Computing semblance for m0 = 9660
 INFO: Total execution time for kernels is 0.0326877s
 INFO: Computing semblance for m0 = 9680
 INFO: Total execution time for kernels is 0.0310544s
 INFO: Computing semblance for m0 = 9700
 INFO: Total execution time for kernels is 0.028313s
 INFO: Computing semblance for m0 = 9720
 INFO: Total execution time for kernels is 0.0238302s
 INFO: Computing semblance for m0 = 9740
 INFO: Total execution time for kernels is 0.0255075s
 INFO: Computing semblance for m0 = 9760
 INFO: Total execution time for kernels is 0.0253961s
 INFO: Computing semblance for m0 = 9780
 INFO: Total execution time for kernels is 0.0279224s
 INFO: Computing semblance for m0 = 9800
 INFO: Total execution time for kernels is 0.0215297s
 INFO: Computing semblance for m0 = 9820
 INFO: Total execution time for kernels is 0.020117s
 INFO: Computing semblance for m0 = 9840
 INFO: Total execution time for kernels is 0.0237531s
 INFO: Computing semblance for m0 = 9860
 INFO: Total execution time for kernels is 0.0218108s
 INFO: Computing semblance for m0 = 9880
 INFO: Total execution time for kernels is 0.0169349s
 INFO: Computing semblance for m0 = 9900
 INFO: Total execution time for kernels is 0.0166222s
 INFO: Computing semblance for m0 = 9920
 INFO: Total execution time for kernels is 0.0185339s
 INFO: Computing semblance for m0 = 9940
 INFO: Total execution time for kernels is 0.018329s
 INFO: Total execution time for kernels is 0.0150342s
 INFO: Total execution time for kernels is 0.0151004s
 INFO: Total execution time for kernels is 0.0204129s
 INFO: Total execution time for kernels is 0.00526048s
 INFO: Total execution time for kernels is 0.00525781s
 INFO: Total execution time for kernels is 0.00703241s
 INFO: Total execution time for kernels is 0.00840476s
 INFO: Total execution time for kernels is 0.0103734s
 INFO: Total execution time for kernels is 0.0068785s
 INFO: Total execution time for kernels is 0.0084227s
 INFO: Total execution time for kernels is 0.0118162s
 INFO: Total execution time for kernels is 0.0098846s
 INFO: Total execution time for kernels is 0.0132807s
 INFO: Total execution time for kernels is 0.0116137s
 INFO: Total execution time for kernels is 0.0134655s
 INFO: Average of efficiency is 1
 INFO: Average of interpolations_per_sec is 2.0886e+10
 INFO: Average of selected_traces is 20.6742
 INFO: Average of total_selection_kernel_exec_time is 0.00836557
 INFO: Average of total_kernel_exec_time is 0.048252
 INFO: Driver init. duration is 1.00497 s
 INFO: Read gather duration is 0.114792 s
 INFO: Parse args. duration is 0.000222767 s
 INFO: Worker threads duration is 5.08192 s
 INFO: Dump results duration is 0.320075 s
 INFO: Results written to /home/ubuntu/nfs/out/d4e9b53e_master_p2.16xlarge/cmp/de/cuda/simple-synthetic_4/simple-synthetic_de_cmp_20210302_1150/
 INFO: It took 6.53233s to compute.
