 INFO: Number of CDPs = 445
 INFO: Number of traces in the gather = 9200
 INFO: Number of samples per trace = 2502
 INFO: Starting worker threads...
 INFO: Computing semblance for m0 = 0
 INFO: Total execution time for kernels is 0.0034218s
 INFO: Computing semblance for m0 = 1080
 INFO: Total execution time for kernels is 0.00755289s
 INFO: Computing semblance for m0 = 1100
 INFO: Total execution time for kernels is 0.00756081s
 INFO: Computing semblance for m0 = 1120
 INFO: Total execution time for kernels is 0.0106353s
 INFO: Computing semblance for m0 = 1140
 INFO: Total execution time for kernels is 0.0111749s
 INFO: Computing semblance for m0 = 1160
 INFO: Computing semblance for m0 = 1180
 INFO: Computing semblance for m0 = 1200
 INFO: Total execution time for kernels is 0.0149754s
 INFO: Computing semblance for m0 = 1220
 INFO: Total execution time for kernels is 0.0143566s
 INFO: Computing semblance for m0 = 1240
 INFO: Total execution time for kernels is 0.0186417s
 INFO: Computing semblance for m0 = 1260
 INFO: Total execution time for kernels is 0.0175028s
 INFO: Computing semblance for m0 = 1280
 INFO: Total execution time for kernels is 0.0214813s
 INFO: Computing semblance for m0 = 1300
 INFO: Total execution time for kernels is 0.0219131s
 INFO: Computing semblance for m0 = 1320
 INFO: Total execution time for kernels is 0.0235712s
 INFO: Computing semblance for m0 = 1340
 INFO: Total execution time for kernels is 0.0249032s
 INFO: Computing semblance for m0 = 1360
 INFO: Total execution time for kernels is 0.0248521s
 INFO: Computing semblance for m0 = 1380
 INFO: Total execution time for kernels is 0.029295s
 INFO: Computing semblance for m0 = 1400
 INFO: Total execution time for kernels is 0.0317455s
 INFO: Computing semblance for m0 = 1420
 INFO: Total execution time for kernels is 0.0273827s
 INFO: Computing semblance for m0 = 1440
 INFO: Total execution time for kernels is 0.0335706s
 INFO: Computing semblance for m0 = 1460
 INFO: Total execution time for kernels is 0.0344678s
 INFO: Computing semblance for m0 = 1480
 INFO: Total execution time for kernels is 0.0339686s
 INFO: Computing semblance for m0 = 1500
 INFO: Total execution time for kernels is 0.0386837s
 INFO: Computing semblance for m0 = 1520
 INFO: Total execution time for kernels is 0.0408319s
 INFO: Computing semblance for m0 = 1540
 INFO: Total execution time for kernels is 0.0356592s
 INFO: Computing semblance for m0 = 1560
 INFO: Total execution time for kernels is 0.0406959s
 INFO: Computing semblance for m0 = 1580
 INFO: Total execution time for kernels is 0.0394443s
 INFO: Computing semblance for m0 = 1600
 INFO: Total execution time for kernels is 0.0428663s
 INFO: Computing semblance for m0 = 1620
 INFO: Computing semblance for m0 = 1640
 INFO: Total execution time for kernels is 0.0418924s
 INFO: Computing semblance for m0 = 1660
 INFO: Total execution time for kernels is 0.0462358s
 INFO: Computing semblance for m0 = 1680
 INFO: Total execution time for kernels is 0.0394053s
 INFO: Computing semblance for m0 = 1700
 INFO: Total execution time for kernels is 0.0475463s
 INFO: Computing semblance for m0 = 1720
 INFO: Total execution time for kernels is 0.0482372s
 INFO: Computing semblance for m0 = 1740
 INFO: Total execution time for kernels is 0.0557763s
 INFO: Computing semblance for m0 = 1760
 INFO: Total execution time for kernels is 0.0455498s
 INFO: Computing semblance for m0 = 1780
 INFO: Total execution time for kernels is 0.0476084s
 INFO: Computing semblance for m0 = 1800
 INFO: Total execution time for kernels is 0.0520223s
 INFO: Computing semblance for m0 = 1820
 INFO: Computing semblance for m0 = 1840
 INFO: Total execution time for kernels is 0.0618727s
 INFO: Computing semblance for m0 = 1860
 INFO: Total execution time for kernels is 0.0499338s
 INFO: Computing semblance for m0 = 1880
 INFO: Total execution time for kernels is 0.0515835s
 INFO: Computing semblance for m0 = 1900
 INFO: Total execution time for kernels is 0.057304s
 INFO: Computing semblance for m0 = 1920
 INFO: Total execution time for kernels is 0.0490612s
 INFO: Computing semblance for m0 = 1940
 INFO: Total execution time for kernels is 0.0535102s
 INFO: Computing semblance for m0 = 1960
 INFO: Total execution time for kernels is 0.0586583s
 INFO: Computing semblance for m0 = 1980
 INFO: Total execution time for kernels is 0.0652884s
 INFO: Computing semblance for m0 = 2000
 INFO: Total execution time for kernels is 0.0647506s
 INFO: Computing semblance for m0 = 2020
 INFO: Total execution time for kernels is 0.0501838s
 INFO: Computing semblance for m0 = 2040
 INFO: Total execution time for kernels is 0.0572667s
 INFO: Computing semblance for m0 = 2060
 INFO: Total execution time for kernels is 0.0576818s
 INFO: Computing semblance for m0 = 2080
 INFO: Total execution time for kernels is 0.0712496s
 INFO: Computing semblance for m0 = 2100
 INFO: Total execution time for kernels is 0.0707327s
 INFO: Computing semblance for m0 = 2120
 INFO: Computing semblance for m0 = 2140
 INFO: Total execution time for kernels is 0.0529974s
 INFO: Computing semblance for m0 = 2160
 INFO: Total execution time for kernels is 0.0545325s
 INFO: Computing semblance for m0 = 2180
 INFO: Total execution time for kernels is 0.0588085s
 INFO: Computing semblance for m0 = 2200
 INFO: Computing semblance for m0 = 2220
 INFO: Computing semblance for m0 = 2240
 INFO: Computing semblance for m0 = 2260
 INFO: Computing semblance for m0 = 2280
 INFO: Computing semblance for m0 = 2300
 INFO: Computing semblance for m0 = 2320
 INFO: Total execution time for kernels is 0.0501249s
 INFO: Computing semblance for m0 = 2340
 INFO: Total execution time for kernels is 0.0536259s
 INFO: Computing semblance for m0 = 2360
 INFO: Computing semblance for m0 = 2380
 INFO: Computing semblance for m0 = 2400
 INFO: Computing semblance for m0 = 2420
 INFO: Total execution time for kernels is 0.0588608s
 INFO: Computing semblance for m0 = 2440
 INFO: Computing semblance for m0 = 2460
 INFO: Total execution time for kernels is 0.0646745s
 INFO: Computing semblance for m0 = 2480
 INFO: Total execution time for kernels is 0.0717385s
 INFO: Computing semblance for m0 = 2500
 INFO: Total execution time for kernels is 0.0730002s
 INFO: Computing semblance for m0 = 2520
 INFO: Total execution time for kernels is 0.0517979s
 INFO: Computing semblance for m0 = 2540
 INFO: Total execution time for kernels is 0.0525561s
 INFO: Computing semblance for m0 = 2560
 INFO: Total execution time for kernels is 0.070242s
 INFO: Computing semblance for m0 = 2580
 INFO: Total execution time for kernels is 0.0728431s
 INFO: Computing semblance for m0 = 2600
 INFO: Total execution time for kernels is 0.0741205s
 INFO: Computing semblance for m0 = 2620
 INFO: Total execution time for kernels is 0.0578455s
 INFO: Computing semblance for m0 = 2640
 INFO: Total execution time for kernels is 0.0707668s
 INFO: Computing semblance for m0 = 2660
 INFO: Total execution time for kernels is 0.073752s
 INFO: Computing semblance for m0 = 2680
 INFO: Total execution time for kernels is 0.0722005s
 INFO: Computing semblance for m0 = 2700
 INFO: Total execution time for kernels is 0.0708218s
 INFO: Computing semblance for m0 = 2720
 INFO: Total execution time for kernels is 0.0688293s
 INFO: Computing semblance for m0 = 2740
 INFO: Total execution time for kernels is 0.0714135s
 INFO: Computing semblance for m0 = 2760
 INFO: Total execution time for kernels is 0.0654817s
 INFO: Computing semblance for m0 = 2780
 INFO: Total execution time for kernels is 0.0715363s
 INFO: Computing semblance for m0 = 2800
 INFO: Total execution time for kernels is 0.0722937s
 INFO: Computing semblance for m0 = 2820
 INFO: Total execution time for kernels is 0.0735806s
 INFO: Computing semblance for m0 = 2840
 INFO: Total execution time for kernels is 0.0510809s
 INFO: Computing semblance for m0 = 2860
 INFO: Total execution time for kernels is 0.052475s
 INFO: Computing semblance for m0 = 2880
 INFO: Total execution time for kernels is 0.0535208s
 INFO: Computing semblance for m0 = 2900
 INFO: Total execution time for kernels is 0.0654554s
 INFO: Computing semblance for m0 = 2920
 INFO: Total execution time for kernels is 0.0688437s
 INFO: Computing semblance for m0 = 2940
 INFO: Total execution time for kernels is 0.0692292s
 INFO: Computing semblance for m0 = 2960
 INFO: Total execution time for kernels is 0.0677266s
 INFO: Computing semblance for m0 = 2980
 INFO: Total execution time for kernels is 0.0668213s
 INFO: Computing semblance for m0 = 3000
 INFO: Total execution time for kernels is 0.0710898s
 INFO: Computing semblance for m0 = 3020
 INFO: Total execution time for kernels is 0.0709249s
 INFO: Computing semblance for m0 = 3040
 INFO: Total execution time for kernels is 0.0725674s
 INFO: Computing semblance for m0 = 3060
 INFO: Total execution time for kernels is 0.0640938s
 INFO: Computing semblance for m0 = 3080
 INFO: Total execution time for kernels is 0.0724555s
 INFO: Computing semblance for m0 = 3100
 INFO: Total execution time for kernels is 0.0713308s
 INFO: Computing semblance for m0 = 3120
 INFO: Total execution time for kernels is 0.0658107s
 INFO: Computing semblance for m0 = 3140
 INFO: Total execution time for kernels is 0.069535s
 INFO: Computing semblance for m0 = 3160
 INFO: Total execution time for kernels is 0.0480911s
 INFO: Computing semblance for m0 = 3180
 INFO: Total execution time for kernels is 0.0522445s
 INFO: Computing semblance for m0 = 3200
 INFO: Total execution time for kernels is 0.0507584s
 INFO: Computing semblance for m0 = 3220
 INFO: Total execution time for kernels is 0.0651618s
 INFO: Computing semblance for m0 = 3240
 INFO: Total execution time for kernels is 0.0640963s
 INFO: Computing semblance for m0 = 3260
 INFO: Total execution time for kernels is 0.0645981s
 INFO: Computing semblance for m0 = 3280
 INFO: Total execution time for kernels is 0.0661684s
 INFO: Computing semblance for m0 = 3300
 INFO: Total execution time for kernels is 0.0663671s
 INFO: Computing semblance for m0 = 3320
 INFO: Total execution time for kernels is 0.065142s
 INFO: Computing semblance for m0 = 3340
 INFO: Total execution time for kernels is 0.0596258s
 INFO: Computing semblance for m0 = 3360
 INFO: Total execution time for kernels is 0.0656757s
 INFO: Computing semblance for m0 = 3380
 INFO: Total execution time for kernels is 0.0675218s
 INFO: Computing semblance for m0 = 3400
 INFO: Total execution time for kernels is 0.0651378s
 INFO: Computing semblance for m0 = 3420
 INFO: Total execution time for kernels is 0.0470378s
 INFO: Computing semblance for m0 = 3440
 INFO: Total execution time for kernels is 0.0490182s
 INFO: Computing semblance for m0 = 3460
 INFO: Total execution time for kernels is 0.0639658s
 INFO: Computing semblance for m0 = 3480
 INFO: Total execution time for kernels is 0.070629s
 INFO: Computing semblance for m0 = 3500
 INFO: Total execution time for kernels is 0.0664577s
 INFO: Computing semblance for m0 = 3520
 INFO: Total execution time for kernels is 0.0528613s
 INFO: Computing semblance for m0 = 3540
 INFO: Total execution time for kernels is 0.0632731s
 INFO: Computing semblance for m0 = 3560
 INFO: Total execution time for kernels is 0.0630903s
 INFO: Computing semblance for m0 = 3580
 INFO: Total execution time for kernels is 0.0469081s
 INFO: Computing semblance for m0 = 3600
 INFO: Total execution time for kernels is 0.0633038s
 INFO: Computing semblance for m0 = 3620
 INFO: Total execution time for kernels is 0.0612498s
 INFO: Computing semblance for m0 = 3640
 INFO: Total execution time for kernels is 0.0648876s
 INFO: Computing semblance for m0 = 3660
 INFO: Total execution time for kernels is 0.0574714s
 INFO: Computing semblance for m0 = 3680
 INFO: Total execution time for kernels is 0.0484188s
 INFO: Computing semblance for m0 = 3700
 INFO: Total execution time for kernels is 0.0625365s
 INFO: Computing semblance for m0 = 3720
 INFO: Total execution time for kernels is 0.0641836s
 INFO: Computing semblance for m0 = 3740
 INFO: Total execution time for kernels is 0.0651831s
 INFO: Computing semblance for m0 = 3760
 INFO: Total execution time for kernels is 0.0642412s
 INFO: Computing semblance for m0 = 3780
 INFO: Total execution time for kernels is 0.0632455s
 INFO: Computing semblance for m0 = 3800
 INFO: Total execution time for kernels is 0.0490921s
 INFO: Computing semblance for m0 = 3820
 INFO: Total execution time for kernels is 0.0638954s
 INFO: Computing semblance for m0 = 3840
 INFO: Total execution time for kernels is 0.0665716s
 INFO: Computing semblance for m0 = 3860
 INFO: Total execution time for kernels is 0.0462684s
 INFO: Computing semblance for m0 = 3880
 INFO: Total execution time for kernels is 0.0591571s
 INFO: Computing semblance for m0 = 3900
 INFO: Total execution time for kernels is 0.0484449s
 INFO: Computing semblance for m0 = 3920
 INFO: Total execution time for kernels is 0.0584783s
 INFO: Computing semblance for m0 = 3940
 INFO: Total execution time for kernels is 0.0590976s
 INFO: Total execution time for kernels is 0.0586439s
 INFO: Computing semblance for m0 = 3960
 INFO: Computing semblance for m0 = 3980
 INFO: Total execution time for kernels is 0.0598772s
 INFO: Computing semblance for m0 = 4000
 INFO: Total execution time for kernels is 0.0543742s
 INFO: Computing semblance for m0 = 4020
 INFO: Total execution time for kernels is 0.0587287s
 INFO: Computing semblance for m0 = 4040
 INFO: Total execution time for kernels is 0.0571507s
 INFO: Computing semblance for m0 = 4060
 INFO: Total execution time for kernels is 0.0476041s
 INFO: Computing semblance for m0 = 4080
 INFO: Total execution time for kernels is 0.0596435s
 INFO: Computing semblance for m0 = 4100
 INFO: Total execution time for kernels is 0.0583875s
 INFO: Computing semblance for m0 = 4120
 INFO: Total execution time for kernels is 0.0638324s
 INFO: Computing semblance for m0 = 4140
 INFO: Total execution time for kernels is 0.0579157s
 INFO: Computing semblance for m0 = 4160
 INFO: Total execution time for kernels is 0.0649398s
 INFO: Computing semblance for m0 = 4180
 INFO: Total execution time for kernels is 0.0480144s
 INFO: Computing semblance for m0 = 4200
 INFO: Total execution time for kernels is 0.0474222s
 INFO: Computing semblance for m0 = 4220
 INFO: Total execution time for kernels is 0.0562344s
 INFO: Computing semblance for m0 = 4240
 INFO: Total execution time for kernels is 0.0576976s
 INFO: Computing semblance for m0 = 4260
 INFO: Total execution time for kernels is 0.0535844s
 INFO: Computing semblance for m0 = 4280
 INFO: Total execution time for kernels is 0.0582769s
 INFO: Computing semblance for m0 = 4300
 INFO: Total execution time for kernels is 0.0587417s
 INFO: Computing semblance for m0 = 4320
 INFO: Total execution time for kernels is 0.0600025s
 INFO: Computing semblance for m0 = 4340
 INFO: Total execution time for kernels is 0.0590443s
 INFO: Computing semblance for m0 = 4360
 INFO: Total execution time for kernels is 0.0491781s
 INFO: Computing semblance for m0 = 4380
 INFO: Total execution time for kernels is 0.0571841s
 INFO: Computing semblance for m0 = 4400
 INFO: Total execution time for kernels is 0.057943s
 INFO: Computing semblance for m0 = 4420
 INFO: Total execution time for kernels is 0.0591825s
 INFO: Computing semblance for m0 = 4440
 INFO: Total execution time for kernels is 0.0594912s
 INFO: Computing semblance for m0 = 4460
 INFO: Total execution time for kernels is 0.0579416s
 INFO: Computing semblance for m0 = 4480
 INFO: Total execution time for kernels is 0.0601427s
 INFO: Computing semblance for m0 = 4500
 INFO: Total execution time for kernels is 0.0470844s
 INFO: Computing semblance for m0 = 4520
 INFO: Total execution time for kernels is 0.0480156s
 INFO: Computing semblance for m0 = 4540
 INFO: Total execution time for kernels is 0.0533997s
 INFO: Computing semblance for m0 = 4560
 INFO:  INFO: Total execution time for kernels is 0.0463374sTotal execution time for kernels is 0.0519114s

 INFO: Computing semblance for m0 = 4580
 INFO: Computing semblance for m0 = 4600
 INFO: Total execution time for kernels is 0.0524094s
 INFO: Computing semblance for m0 = 4620
 INFO: Total execution time for kernels is 0.0574177s
 INFO: Computing semblance for m0 = 4640
 INFO: Total execution time for kernels is 0.0551095s
 INFO: Computing semblance for m0 = 4660
 INFO: Total execution time for kernels is 0.0567574s
 INFO: Computing semblance for m0 = 4680
 INFO: Total execution time for kernels is 0.0567584s
 INFO: Computing semblance for m0 = 4700
 INFO: Total execution time for kernels is 0.0580066s
 INFO: Computing semblance for m0 = 4720
 INFO: Total execution time for kernels is 0.0548939s
 INFO: Computing semblance for m0 = 4740
 INFO: Total execution time for kernels is 0.0546244s
 INFO: Computing semblance for m0 = 4760
 INFO: Total execution time for kernels is 0.0604066s
 INFO: Computing semblance for m0 = 4780
 INFO: Total execution time for kernels is 0.0553846s
 INFO: Computing semblance for m0 = 4800
 INFO: Total execution time for kernels is 0.0472248s
 INFO: Computing semblance for m0 = 4820
 INFO: Total execution time for kernels is 0.0576627s
 INFO: Computing semblance for m0 = 4840
 INFO: Total execution time for kernels is 0.0475977s
 INFO: Computing semblance for m0 = 4860
 INFO: Total execution time for kernels is 0.0547779s
 INFO: Computing semblance for m0 = 4880
 INFO: Total execution time for kernels is 0.0475773s
 INFO: Computing semblance for m0 = 4900
 INFO: Total execution time for kernels is 0.048443s
 INFO: Computing semblance for m0 = 4920
 INFO: Total execution time for kernels is 0.053398s
 INFO: Computing semblance for m0 = 4940
 INFO: Total execution time for kernels is 0.0524296s
 INFO: Computing semblance for m0 = 4960
 INFO: Total execution time for kernels is 0.0537255s
 INFO: Computing semblance for m0 = 4980
 INFO: Total execution time for kernels is 0.0531718s
 INFO: Computing semblance for m0 = 5000
 INFO: Total execution time for kernels is 0.0521135s
 INFO: Computing semblance for m0 = 5020
 INFO: Total execution time for kernels is 0.0544081s
 INFO: Computing semblance for m0 = 5040
 INFO: Total execution time for kernels is 0.0531917s
 INFO: Computing semblance for m0 = 5060
 INFO: Total execution time for kernels is 0.0541563s
 INFO: Computing semblance for m0 = 5080
 INFO: Total execution time for kernels is 0.0538139s
 INFO: Computing semblance for m0 = 5100
 INFO: Total execution time for kernels is 0.0462156s
 INFO: Computing semblance for m0 = 5120
 INFO: Total execution time for kernels is 0.0537652s
 INFO: Computing semblance for m0 = 5140
 INFO: Total execution time for kernels is 0.046471s
 INFO: Computing semblance for m0 = 5160
 INFO: Total execution time for kernels is 0.0556332s
 INFO: Computing semblance for m0 = 5180
 INFO: Total execution time for kernels is 0.0519079s
 INFO: Computing semblance for m0 = 5200
 INFO: Total execution time for kernels is 0.0478826s
 INFO: Computing semblance for m0 = 5220
 INFO: Total execution time for kernels is 0.0490469s
 INFO: Computing semblance for m0 = 5240
 INFO: Total execution time for kernels is 0.0507269s
 INFO: Computing semblance for m0 = 5260
 INFO: Total execution time for kernels is 0.0519056s
 INFO: Computing semblance for m0 = 5280
 INFO: Total execution time for kernels is 0.0535858s
 INFO: Computing semblance for m0 = 5300
 INFO: Total execution time for kernels is 0.0541526s
 INFO: Computing semblance for m0 = 5320
 INFO: Total execution time for kernels is 0.0524984s
 INFO: Computing semblance for m0 = 5340
 INFO: Total execution time for kernels is 0.0530753s
 INFO: Computing semblance for m0 = 5360
 INFO: Total execution time for kernels is 0.0520749s
 INFO: Computing semblance for m0 = 5380
 INFO: Total execution time for kernels is 0.0509507s
 INFO: Computing semblance for m0 = 5400
 INFO: Total execution time for kernels is 0.0478346s
 INFO: Computing semblance for m0 = 5420
 INFO: Total execution time for kernels is 0.0535481s
 INFO: Computing semblance for m0 = 5440
 INFO: Total execution time for kernels is 0.0468989s
 INFO: Computing semblance for m0 = 5460
 INFO: Total execution time for kernels is 0.0525623s
 INFO: Computing semblance for m0 = 5480
 INFO: Total execution time for kernels is 0.0521803s
 INFO: Computing semblance for m0 = 5500
 INFO: Total execution time for kernels is 0.0489829s
 INFO: Computing semblance for m0 = 5520
 INFO: Total execution time for kernels is 0.0459166s
 INFO: Computing semblance for m0 = 5540
 INFO: Total execution time for kernels is 0.0475829s
 INFO: Computing semblance for m0 = 5560
 INFO: Total execution time for kernels is 0.0490766s
 INFO: Computing semblance for m0 = 5580
 INFO: Total execution time for kernels is 0.0501875s
 INFO: Computing semblance for m0 = 5600
 INFO: Total execution time for kernels is 0.0500172s
 INFO: Computing semblance for m0 = 5620
 INFO: Total execution time for kernels is 0.0501634s
 INFO: Computing semblance for m0 = 5640
 INFO: Total execution time for kernels is 0.0491916s
 INFO: Computing semblance for m0 = 5660
 INFO: Total execution time for kernels is 0.0500216s
 INFO: Computing semblance for m0 = 5680
 INFO: Total execution time for kernels is 0.0490123s
 INFO: Computing semblance for m0 = 5700
 INFO: Total execution time for kernels is 0.0477062s
 INFO: Computing semblance for m0 = 5720
 INFO: Total execution time for kernels is 0.0524117s
 INFO: Computing semblance for m0 = 5740
 INFO: Total execution time for kernels is 0.0501545s
 INFO: Computing semblance for m0 = 5760
 INFO: Total execution time for kernels is 0.048165s
 INFO: Computing semblance for m0 = 5780
 INFO: Total execution time for kernels is 0.0510783s
 INFO: Computing semblance for m0 = 5800
 INFO: Total execution time for kernels is 0.0510849s
 INFO: Computing semblance for m0 = 5820
 INFO: Total execution time for kernels is 0.0493356s
 INFO: Computing semblance for m0 = 5840
 INFO: Total execution time for kernels is 0.047019s
 INFO: Computing semblance for m0 = 5860
 INFO: Total execution time for kernels is 0.0492157s
 INFO: Computing semblance for m0 = 5880
 INFO: Total execution time for kernels is 0.0480325s
 INFO: Computing semblance for m0 = 5900
 INFO: Total execution time for kernels is 0.0485741s
 INFO: Computing semblance for m0 = 5920
 INFO: Total execution time for kernels is 0.0487609s
 INFO: Computing semblance for m0 = 5940
 INFO: Total execution time for kernels is 0.0473082s
 INFO: Computing semblance for m0 = 5960
 INFO: Total execution time for kernels is 0.047332s
 INFO: Computing semblance for m0 = 5980
 INFO: Total execution time for kernels is 0.0498183s
 INFO: Computing semblance for m0 = 6000
 INFO: Total execution time for kernels is 0.0485s
 INFO: Computing semblance for m0 = 6020
 INFO: Total execution time for kernels is 0.0478503s
 INFO: Computing semblance for m0 = 6040
 INFO: Total execution time for kernels is 0.0498127s
 INFO: Computing semblance for m0 = 6060
 INFO: Total execution time for kernels is 0.0466575s
 INFO: Computing semblance for m0 = 6080
 INFO: Total execution time for kernels is 0.0508086s
 INFO: Computing semblance for m0 = 6100
 INFO: Total execution time for kernels is 0.0491863s
 INFO: Computing semblance for m0 = 6120
 INFO: Total execution time for kernels is 0.0515332s
 INFO: Computing semblance for m0 = 6140
 INFO: Total execution time for kernels is 0.0463728s
 INFO: Computing semblance for m0 = 6160
 INFO: Total execution time for kernels is 0.0496928s
 INFO: Computing semblance for m0 = 6180
 INFO: Total execution time for kernels is 0.0472527s
 INFO: Computing semblance for m0 = 6200
 INFO: Total execution time for kernels is 0.0471227s
 INFO: Computing semblance for m0 = 6220
 INFO: Total execution time for kernels is 0.0472637s
 INFO: Computing semblance for m0 = 6240
 INFO: Total execution time for kernels is 0.0486211s
 INFO: Computing semblance for m0 = 6260
 INFO: Total execution time for kernels is 0.0489697s
 INFO: Computing semblance for m0 = 6280
 INFO: Total execution time for kernels is 0.0487296s
 INFO: Computing semblance for m0 = 6300
 INFO: Total execution time for kernels is 0.0498959s
 INFO: Computing semblance for m0 = 6320
 INFO: Total execution time for kernels is 0.0478704s
 INFO: Computing semblance for m0 = 6340
 INFO: Total execution time for kernels is 0.0485891s
 INFO: Computing semblance for m0 = 6360
 INFO: Total execution time for kernels is 0.0482419s
 INFO: Computing semblance for m0 = 6380
 INFO: Total execution time for kernels is 0.0473545s
 INFO: Computing semblance for m0 = 6400
 INFO: Total execution time for kernels is 0.0478591s
 INFO: Computing semblance for m0 = 6420
 INFO: Total execution time for kernels is 0.0480739s
 INFO: Computing semblance for m0 = 6440
 INFO: Total execution time for kernels is 0.0472678s
 INFO: Computing semblance for m0 = 6460
 INFO: Total execution time for kernels is 0.0471593s
 INFO: Computing semblance for m0 = 6480
 INFO: Total execution time for kernels is 0.0485353s
 INFO: Computing semblance for m0 = 6500
 INFO: Total execution time for kernels is 0.0476809s
 INFO: Computing semblance for m0 = 6520
 INFO: Total execution time for kernels is 0.0461672s
 INFO: Computing semblance for m0 = 6540
 INFO: Total execution time for kernels is 0.0475636s
 INFO: Computing semblance for m0 = 6560
 INFO: Total execution time for kernels is 0.0466442s
 INFO: Computing semblance for m0 = 6580
 INFO: Total execution time for kernels is 0.0466994s
 INFO: Computing semblance for m0 = 6600
 INFO: Total execution time for kernels is 0.0480325s
 INFO: Computing semblance for m0 = 6620
 INFO: Total execution time for kernels is 0.0474425s
 INFO: Computing semblance for m0 = 6640
 INFO: Total execution time for kernels is 0.0469191s
 INFO: Computing semblance for m0 = 6660
 INFO: Total execution time for kernels is 0.0467345s
 INFO: Computing semblance for m0 = 6680
 INFO: Total execution time for kernels is 0.0509141s
 INFO: Computing semblance for m0 = 6700
 INFO: Total execution time for kernels is 0.0473027s
 INFO: Computing semblance for m0 = 6720
 INFO: Total execution time for kernels is 0.0479239s
 INFO: Computing semblance for m0 = 6740
 INFO: Total execution time for kernels is 0.0480606s
 INFO: Computing semblance for m0 = 6760
 INFO: Total execution time for kernels is 0.0481845s
 INFO: Computing semblance for m0 = 6780
 INFO: Total execution time for kernels is 0.0471345s
 INFO: Computing semblance for m0 = 6800
 INFO: Total execution time for kernels is 0.0470963s
 INFO: Computing semblance for m0 = 6820
 INFO: Total execution time for kernels is 0.0490256s
 INFO: Computing semblance for m0 = 6840
 INFO: Total execution time for kernels is 0.0475907s
 INFO: Computing semblance for m0 = 6860
 INFO: Total execution time for kernels is 0.0472823s
 INFO: Computing semblance for m0 = 6880
 INFO: Total execution time for kernels is 0.0468172s
 INFO: Computing semblance for m0 = 6900
 INFO: Total execution time for kernels is 0.0473498s
 INFO: Computing semblance for m0 = 6920
 INFO: Total execution time for kernels is 0.0475217s
 INFO: Computing semblance for m0 = 6940
 INFO: Total execution time for kernels is 0.0472567s
 INFO: Computing semblance for m0 = 6960
 INFO: Total execution time for kernels is 0.0468981s
 INFO: Computing semblance for m0 = 6980
 INFO: Total execution time for kernels is 0.0473895s
 INFO: Computing semblance for m0 = 7000
 INFO: Total execution time for kernels is 0.0481373s
 INFO: Computing semblance for m0 = 7020
 INFO: Total execution time for kernels is 0.0482596s
 INFO: Computing semblance for m0 = 7040
 INFO: Total execution time for kernels is 0.0464495s
 INFO: Computing semblance for m0 = 7060
 INFO: Total execution time for kernels is 0.0468471s
 INFO: Computing semblance for m0 = 7080
 INFO: Total execution time for kernels is 0.0477746s
 INFO: Computing semblance for m0 = 7100
 INFO: Total execution time for kernels is 0.0473162s
 INFO: Computing semblance for m0 = 7120
 INFO: Total execution time for kernels is 0.0475934s
 INFO: Computing semblance for m0 = 7140
 INFO: Total execution time for kernels is 0.0492433s
 INFO: Computing semblance for m0 = 7160
 INFO: Total execution time for kernels is 0.0463923s
 INFO: Computing semblance for m0 = 7180
 INFO: Total execution time for kernels is 0.0466571s
 INFO: Computing semblance for m0 = 7200
 INFO: Total execution time for kernels is 0.045554s
 INFO: Computing semblance for m0 = 7220
 INFO: Total execution time for kernels is 0.0474193s
 INFO: Computing semblance for m0 = 7240
 INFO: Total execution time for kernels is 0.0473217s
 INFO: Computing semblance for m0 = 7260
 INFO: Total execution time for kernels is 0.048153s
 INFO: Computing semblance for m0 = 7280
 INFO: Total execution time for kernels is 0.0473539s
 INFO: Computing semblance for m0 = 7300
 INFO: Total execution time for kernels is 0.0472577s
 INFO: Computing semblance for m0 = 7320
 INFO: Total execution time for kernels is 0.047509s
 INFO: Computing semblance for m0 = 7340
 INFO: Total execution time for kernels is 0.0467244s
 INFO: Computing semblance for m0 = 7360
 INFO: Total execution time for kernels is 0.0464348s
 INFO: Computing semblance for m0 = 7380
 INFO: Total execution time for kernels is 0.0476998s
 INFO: Computing semblance for m0 = 7400
 INFO: Total execution time for kernels is 0.0470684s
 INFO: Computing semblance for m0 = 7420
 INFO: Total execution time for kernels is 0.0465579s
 INFO: Computing semblance for m0 = 7440
 INFO: Total execution time for kernels is 0.0475088s
 INFO: Computing semblance for m0 = 7460
 INFO: Total execution time for kernels is 0.0476262s
 INFO: Computing semblance for m0 = 7480
 INFO: Total execution time for kernels is 0.0476479s
 INFO: Computing semblance for m0 = 7500
 INFO: Total execution time for kernels is 0.0470733s
 INFO: Computing semblance for m0 = 7520
 INFO: Total execution time for kernels is 0.0506628s
 INFO: Computing semblance for m0 = 7540
 INFO: Total execution time for kernels is 0.048174s
 INFO: Computing semblance for m0 = 7560
 INFO: Total execution time for kernels is 0.0487566s
 INFO: Computing semblance for m0 = 7580
 INFO: Total execution time for kernels is 0.046389s
 INFO: Computing semblance for m0 = 7600
 INFO: Total execution time for kernels is 0.0481494s
 INFO: Computing semblance for m0 = 7620
 INFO: Total execution time for kernels is 0.0475845s
 INFO: Computing semblance for m0 = 7640
 INFO: Total execution time for kernels is 0.0465456s
 INFO: Computing semblance for m0 = 7660
 INFO: Total execution time for kernels is 0.0477448s
 INFO: Computing semblance for m0 = 7680
 INFO: Total execution time for kernels is 0.0476346s
 INFO: Computing semblance for m0 = 7700
 INFO: Total execution time for kernels is 0.0481542s
 INFO: Computing semblance for m0 = 7720
 INFO: Total execution time for kernels is 0.04785s
 INFO: Computing semblance for m0 = 7740
 INFO: Total execution time for kernels is 0.047218s
 INFO: Computing semblance for m0 = 7760
 INFO: Total execution time for kernels is 0.0474448s
 INFO: Computing semblance for m0 = 7780
 INFO: Total execution time for kernels is 0.0468126s
 INFO: Computing semblance for m0 = 7800
 INFO: Total execution time for kernels is 0.0487837s
 INFO: Computing semblance for m0 = 7820
 INFO: Total execution time for kernels is 0.0489632s
 INFO: Computing semblance for m0 = 7840
 INFO: Total execution time for kernels is 0.0495292s
 INFO: Computing semblance for m0 = 7860
 INFO: Total execution time for kernels is 0.0469005s
 INFO: Computing semblance for m0 = 7880
 INFO: Total execution time for kernels is 0.0466797s
 INFO: Computing semblance for m0 = 7900
 INFO: Total execution time for kernels is 0.0473545s
 INFO: Computing semblance for m0 = 7920
 INFO: Total execution time for kernels is 0.0479322s
 INFO: Computing semblance for m0 = 7940
 INFO: Total execution time for kernels is 0.0474477s
 INFO: Computing semblance for m0 = 7960
 INFO: Total execution time for kernels is 0.0451999s
 INFO: Computing semblance for m0 = 7980
 INFO: Total execution time for kernels is 0.0489952s
 INFO: Computing semblance for m0 = 8000
 INFO: Total execution time for kernels is 0.0461558s
 INFO: Computing semblance for m0 = 8020
 INFO: Total execution time for kernels is 0.0460025s
 INFO: Computing semblance for m0 = 8040
 INFO: Total execution time for kernels is 0.0470717s
 INFO: Computing semblance for m0 = 8060
 INFO: Total execution time for kernels is 0.0457954s
 INFO: Computing semblance for m0 = 8080
 INFO: Total execution time for kernels is 0.0468821s
 INFO: Computing semblance for m0 = 8100
 INFO: Total execution time for kernels is 0.0478914s
 INFO: Computing semblance for m0 = 8120
 INFO: Total execution time for kernels is 0.0472145s
 INFO: Computing semblance for m0 = 8140
 INFO: Total execution time for kernels is 0.0496348s
 INFO: Computing semblance for m0 = 8160
 INFO: Total execution time for kernels is 0.0481404s
 INFO: Computing semblance for m0 = 8180
 INFO: Total execution time for kernels is 0.0487321s
 INFO: Computing semblance for m0 = 8200
 INFO: Total execution time for kernels is 0.0469574s INFO: 
Total execution time for kernels is 0.0465136s
 INFO: Computing semblance for m0 = 8220
 INFO: Computing semblance for m0 = 8240
 INFO: Total execution time for kernels is 0.0481056s
 INFO: Computing semblance for m0 = 8260
 INFO: Total execution time for kernels is 0.0457844s
 INFO: Computing semblance for m0 = 8280
 INFO: Total execution time for kernels is 0.0463278s
 INFO: Computing semblance for m0 = 8300
 INFO: Total execution time for kernels is 0.0488971s
 INFO: Computing semblance for m0 = 8320
 INFO: Total execution time for kernels is 0.0473566s
 INFO: Computing semblance for m0 = 8340
 INFO: Total execution time for kernels is 0.0477412s
 INFO: Computing semblance for m0 = 8360
 INFO: Total execution time for kernels is 0.0469398s
 INFO: Computing semblance for m0 = 8380
 INFO: Total execution time for kernels is 0.0459743s
 INFO: Computing semblance for m0 = 8400
 INFO: Total execution time for kernels is 0.0474476s
 INFO: Computing semblance for m0 = 8420
 INFO: Total execution time for kernels is 0.0470873s
 INFO: Computing semblance for m0 = 8440
 INFO: Total execution time for kernels is 0.0474889s
 INFO: Computing semblance for m0 = 8460
 INFO: Total execution time for kernels is 0.0486716s
 INFO: Computing semblance for m0 = 8480
 INFO: Total execution time for kernels is 0.0486446s
 INFO: Computing semblance for m0 = 8500
 INFO: Total execution time for kernels is 0.0490112s
 INFO: Computing semblance for m0 = 8520
 INFO: Total execution time for kernels is 0.0470308s
 INFO: Computing semblance for m0 = 8540
 INFO: Total execution time for kernels is 0.047307s
 INFO: Computing semblance for m0 = 8560
 INFO: Total execution time for kernels is 0.0461365s
 INFO: Computing semblance for m0 = 8580
 INFO: Total execution time for kernels is 0.044995s
 INFO: Computing semblance for m0 = 8600
 INFO: Total execution time for kernels is 0.0476142s
 INFO: Computing semblance for m0 = 8620
 INFO: Total execution time for kernels is 0.0491576s
 INFO: Computing semblance for m0 = 8640
 INFO: Total execution time for kernels is 0.0471513s
 INFO: Computing semblance for m0 = 8660
 INFO: Total execution time for kernels is 0.046354s
 INFO: Computing semblance for m0 = 8680
 INFO: Total execution time for kernels is 0.047306s
 INFO: Computing semblance for m0 = 8700
 INFO: Total execution time for kernels is 0.0455319s
 INFO: Computing semblance for m0 = 8720
 INFO: Total execution time for kernels is 0.0470544s
 INFO: Computing semblance for m0 = 8740
 INFO: Total execution time for kernels is 0.0469847s
 INFO: Computing semblance for m0 = 8760
 INFO: Total execution time for kernels is 0.0483328s
 INFO: Computing semblance for m0 = 8780
 INFO: Total execution time for kernels is 0.0514624s
 INFO: Computing semblance for m0 = 8800
 INFO: Total execution time for kernels is 0.0489813s
 INFO: Computing semblance for m0 = 8820
 INFO: Total execution time for kernels is 0.0465815s
 INFO: Computing semblance for m0 = 8840
 INFO: Total execution time for kernels is 0.0478459s
 INFO: Computing semblance for m0 = 8860
 INFO: Total execution time for kernels is 0.047929s
 INFO: Computing semblance for m0 = 8880
 INFO: Total execution time for kernels is 0.0467139s
 INFO: Computing semblance for m0 = 8900
 INFO: Total execution time for kernels is 0.0473068s
 INFO: Computing semblance for m0 = 8920
 INFO: Total execution time for kernels is 0.0481148s
 INFO: Computing semblance for m0 = 8940
 INFO: Total execution time for kernels is 0.0475833s
 INFO: Computing semblance for m0 = 8960
 INFO: Total execution time for kernels is 0.0499102s
 INFO: Computing semblance for m0 = 8980
 INFO: Total execution time for kernels is 0.0473677s
 INFO: Computing semblance for m0 = 9000
 INFO: Total execution time for kernels is 0.046884s
 INFO: Computing semblance for m0 = 9020
 INFO: Total execution time for kernels is 0.0472204s
 INFO: Total execution time for kernels is 0.0471742s
 INFO: Computing semblance for m0 = 9040
 INFO: Computing semblance for m0 = 9060
 INFO: Total execution time for kernels is 0.0468718s
 INFO: Computing semblance for m0 = 9080
 INFO: Total execution time for kernels is 0.0476409s
 INFO: Computing semblance for m0 = 9100
 INFO: Total execution time for kernels is 0.0489667s
 INFO: Computing semblance for m0 = 9120
 INFO: Total execution time for kernels is 0.0485183s
 INFO: Computing semblance for m0 = 9140
 INFO: Total execution time for kernels is 0.0476834s
 INFO: Computing semblance for m0 = 9160
 INFO: Total execution time for kernels is 0.0467476s
 INFO: Computing semblance for m0 = 9180
 INFO: Total execution time for kernels is 0.0481357s
 INFO: Computing semblance for m0 = 9200
 INFO: Total execution time for kernels is 0.047644s
 INFO: Computing semblance for m0 = 9220
 INFO: Total execution time for kernels is 0.0471902s
 INFO: Computing semblance for m0 = 9240
 INFO: Total execution time for kernels is 0.0483698s
 INFO: Computing semblance for m0 = 9260
 INFO: Total execution time for kernels is 0.0481914s
 INFO: Computing semblance for m0 = 9280
 INFO: Total execution time for kernels is 0.0489555s
 INFO: Computing semblance for m0 = 9300
 INFO: Total execution time for kernels is 0.0468323s
 INFO: Computing semblance for m0 = 9320
 INFO: Total execution time for kernels is 0.0483591s
 INFO: Computing semblance for m0 = 9340
 INFO: Total execution time for kernels is 0.0453325s
 INFO: Computing semblance for m0 = 9360
 INFO: Total execution time for kernels is 0.0474183s
 INFO: Computing semblance for m0 = 9380
 INFO: Total execution time for kernels is 0.0477966s
 INFO: Computing semblance for m0 = 9400
 INFO: Total execution time for kernels is 0.0453807s
 INFO: Computing semblance for m0 = 9420
 INFO: Total execution time for kernels is 0.03863s
 INFO: Computing semblance for m0 = 9440
 INFO: Total execution time for kernels is 0.0399469s
 INFO: Computing semblance for m0 = 9460
 INFO: Total execution time for kernels is 0.043651s
 INFO: Computing semblance for m0 = 9480
 INFO: Total execution time for kernels is 0.0403284s
 INFO: Computing semblance for m0 = 9500
 INFO: Total execution time for kernels is 0.0427616s
 INFO: Computing semblance for m0 = 9520
 INFO: Total execution time for kernels is 0.0374874s
 INFO: Computing semblance for m0 = 9540
 INFO: Total execution time for kernels is 0.035247s
 INFO: Computing semblance for m0 = 9560
 INFO: Total execution time for kernels is 0.0363642s
 INFO: Computing semblance for m0 = 9580
 INFO: Total execution time for kernels is 0.0340355s
 INFO: Computing semblance for m0 = 9600
 INFO: Total execution time for kernels is 0.0288178s
 INFO: Computing semblance for m0 = 9620
 INFO: Total execution time for kernels is 0.0287306s
 INFO: Computing semblance for m0 = 9640
 INFO: Total execution time for kernels is 0.0337916s
 INFO: Computing semblance for m0 = 9660
 INFO: Total execution time for kernels is 0.031069s
 INFO: Computing semblance for m0 = 9680
 INFO: Total execution time for kernels is 0.0306832s
 INFO: Computing semblance for m0 = 9700
 INFO: Total execution time for kernels is 0.0281551s
 INFO: Computing semblance for m0 = 9720
 INFO: Total execution time for kernels is 0.0221327s
 INFO: Computing semblance for m0 = 9740
 INFO: Total execution time for kernels is 0.0249854s
 INFO: Computing semblance for m0 = 9760
 INFO: Total execution time for kernels is 0.0238312s
 INFO: Computing semblance for m0 = 9780
 INFO: Total execution time for kernels is 0.0274571s
 INFO: Computing semblance for m0 = 9800
 INFO: Total execution time for kernels is 0.0260192s
 INFO: Total execution time for kernels is 0.023526s
 INFO: Computing semblance for m0 = 9820
 INFO: Computing semblance for m0 = 9840
 INFO: Total execution time for kernels is 0.0212519s
 INFO: Computing semblance for m0 = 9860
 INFO: Total execution time for kernels is 0.0199887s
 INFO: Computing semblance for m0 = 9880
 INFO: Total execution time for kernels is 0.020741s
 INFO: Computing semblance for m0 = 9900
 INFO: Total execution time for kernels is 0.018749s
 INFO: Computing semblance for m0 = 9920
 INFO: Total execution time for kernels is 0.00836614s
 INFO: Computing semblance for m0 = 9940
 INFO: Total execution time for kernels is 0.0100019s
 INFO: Total execution time for kernels is 0.0150491s
 INFO: Total execution time for kernels is 0.0166596s
 INFO: Total execution time for kernels is 0.0115382s
 INFO: Total execution time for kernels is 0.0147187s
 INFO: Total execution time for kernels is 0.00683452s
 INFO: Total execution time for kernels is 0.0168372s
 INFO: Total execution time for kernels is 0.018062s
 INFO: Total execution time for kernels is 0.0134964s
 INFO: Total execution time for kernels is 0.0116435s
 INFO: Total execution time for kernels is 0.0101391s
 INFO: Total execution time for kernels is 0.00840977s
 INFO: Total execution time for kernels is 0.0136259s
 INFO: Total execution time for kernels is 0.0071119s
 INFO: Total execution time for kernels is 0.00542042s
 INFO: Total execution time for kernels is 0.00521966s
 INFO: Average of efficiency is 1
 INFO: Average of interpolations_per_sec is 2.08783e+10
 INFO: Average of selected_traces is 20.6742
 INFO: Average of total_selection_kernel_exec_time is 0.0116588
 INFO: Average of total_kernel_exec_time is 0.0481872
 INFO: Driver init. duration is 1.19928 s
 INFO: Read gather duration is 0.121138 s
 INFO: Parse args. duration is 0.000235972 s
 INFO: Worker threads duration is 5.16534 s
 INFO: Dump results duration is 0.374222 s
 INFO: Results written to /home/ubuntu/nfs/out/d4e9b53e_master_p2.16xlarge/cmp/de/cuda/simple-synthetic_1/simple-synthetic_de_cmp_20210302_1144/
 INFO: It took 6.86737s to compute.
