2020-12-29 23:02:01,006 - Thread-1 - WARNING - Error loading the list of task managers from the file ./nodes.txt
2020-12-29 23:02:01,006 - Thread-1 - WARNING - Error loading the list of task managers from the file ./nodes.txt
2020-12-29 23:02:01,007 - NetworkListener - INFO - Listening to network at 0.0.0.0:7726...
2020-12-29 23:02:01,007 - MainThread - INFO - Running module...
2020-12-29 23:02:01,007 - MainThread - INFO - Starting job manager JobManager-4566 for job 1...
2020-12-29 23:02:01,801 - Thread-2 - INFO - Job manager running...
2020-12-29 23:02:01,801 - MainThread - INFO - Starting committer for job 1...
2020-12-29 23:02:01,802 - Thread-2 - WARNING - Error loading the list of task managers from the file ./nodes.txt
2020-12-29 23:02:01,802 - Thread-2 - WARNING - Error loading the list of task managers from the file ./nodes.txt
2020-12-29 23:02:01,830 - Thread-3 - INFO - Committer running...
2020-12-29 23:02:01,831 - Thread-3 - WARNING - Error loading the list of task managers from the file ./nodes.txt
2020-12-29 23:02:01,831 - Thread-3 - WARNING - Error loading the list of task managers from the file ./nodes.txt
2020-12-29 23:02:03,804 - Thread-2 - WARNING - Error loading the list of task managers from the file ./nodes.txt
2020-12-29 23:02:03,833 - Thread-3 - WARNING - Error loading the list of task managers from the file ./nodes.txt
2020-12-29 23:02:05,807 - Thread-2 - WARNING - Error loading the list of task managers from the file ./nodes.txt
2020-12-29 23:02:05,836 - Thread-3 - WARNING - Error loading the list of task managers from the file ./nodes.txt
2020-12-29 23:02:07,809 - Thread-2 - WARNING - Error loading the list of task managers from the file ./nodes.txt
2020-12-29 23:02:07,838 - Thread-3 - WARNING - Error loading the list of task managers from the file ./nodes.txt
2020-12-29 23:02:09,811 - Thread-2 - WARNING - Error loading the list of task managers from the file ./nodes.txt
2020-12-29 23:02:09,840 - Thread-3 - WARNING - Error loading the list of task managers from the file ./nodes.txt
2020-12-29 23:02:11,016 - Thread-1 - WARNING - Error loading the list of task managers from the file ./nodes.txt
2020-12-29 23:02:11,814 - Thread-2 - WARNING - Error loading the list of task managers from the file ./nodes.txt
2020-12-29 23:02:11,843 - Thread-3 - WARNING - Error loading the list of task managers from the file ./nodes.txt
2020-12-29 23:02:13,816 - Thread-2 - WARNING - Error loading the list of task managers from the file ./nodes.txt
2020-12-29 23:02:13,845 - Thread-3 - WARNING - Error loading the list of task managers from the file ./nodes.txt
2020-12-29 23:02:15,819 - Thread-2 - WARNING - Error loading the list of task managers from the file ./nodes.txt
2020-12-29 23:02:15,848 - Thread-3 - WARNING - Error loading the list of task managers from the file ./nodes.txt
2020-12-29 23:02:17,821 - Thread-2 - WARNING - Error loading the list of task managers from the file ./nodes.txt
2020-12-29 23:02:17,850 - Thread-3 - WARNING - Error loading the list of task managers from the file ./nodes.txt
2020-12-29 23:02:19,823 - Thread-2 - WARNING - Error loading the list of task managers from the file ./nodes.txt
2020-12-29 23:02:19,852 - Thread-3 - WARNING - Error loading the list of task managers from the file ./nodes.txt
2020-12-29 23:02:20,864 - Thread-1 - WARNING - Error loading the list of task managers from the file ./nodes.txt
2020-12-29 23:02:21,826 - Thread-2 - WARNING - Error loading the list of task managers from the file ./nodes.txt
2020-12-29 23:02:21,855 - Thread-3 - WARNING - Error loading the list of task managers from the file ./nodes.txt
2020-12-29 23:02:23,828 - Thread-2 - WARNING - Error loading the list of task managers from the file ./nodes.txt
2020-12-29 23:02:23,857 - Thread-3 - WARNING - Error loading the list of task managers from the file ./nodes.txt
2020-12-29 23:02:25,831 - Thread-2 - WARNING - Error loading the list of task managers from the file ./nodes.txt
2020-12-29 23:02:25,860 - Thread-3 - WARNING - Error loading the list of task managers from the file ./nodes.txt
2020-12-29 23:02:27,833 - Thread-2 - WARNING - Error loading the list of task managers from the file ./nodes.txt
2020-12-29 23:02:27,862 - Thread-3 - WARNING - Error loading the list of task managers from the file ./nodes.txt
2020-12-29 23:02:29,836 - Thread-2 - WARNING - Error loading the list of task managers from the file ./nodes.txt
2020-12-29 23:02:29,864 - Thread-3 - WARNING - Error loading the list of task managers from the file ./nodes.txt
2020-12-29 23:02:30,869 - Thread-1 - WARNING - Error loading the list of task managers from the file ./nodes.txt
2020-12-29 23:02:31,838 - Thread-2 - WARNING - Error loading the list of task managers from the file ./nodes.txt
2020-12-29 23:02:31,867 - Thread-3 - WARNING - Error loading the list of task managers from the file ./nodes.txt
2020-12-29 23:02:33,840 - Thread-2 - WARNING - Error loading the list of task managers from the file ./nodes.txt
2020-12-29 23:02:33,869 - Thread-3 - WARNING - Error loading the list of task managers from the file ./nodes.txt
2020-12-29 23:02:35,843 - Thread-2 - WARNING - Error loading the list of task managers from the file ./nodes.txt
2020-12-29 23:02:35,872 - Thread-3 - WARNING - Error loading the list of task managers from the file ./nodes.txt
2020-12-29 23:02:37,845 - Thread-2 - WARNING - Error loading the list of task managers from the file ./nodes.txt
2020-12-29 23:02:37,874 - Thread-3 - WARNING - Error loading the list of task managers from the file ./nodes.txt
2020-12-29 23:02:39,848 - Thread-2 - WARNING - Error loading the list of task managers from the file ./nodes.txt
2020-12-29 23:02:39,876 - Thread-3 - WARNING - Error loading the list of task managers from the file ./nodes.txt
2020-12-29 23:02:40,875 - Thread-1 - WARNING - Error loading the list of task managers from the file ./nodes.txt
2020-12-29 23:02:41,850 - Thread-2 - WARNING - Error loading the list of task managers from the file ./nodes.txt
2020-12-29 23:02:41,878 - Thread-3 - WARNING - Error loading the list of task managers from the file ./nodes.txt
2020-12-29 23:02:43,853 - Thread-2 - WARNING - Error loading the list of task managers from the file ./nodes.txt
2020-12-29 23:02:43,881 - Thread-3 - WARNING - Error loading the list of task managers from the file ./nodes.txt
2020-12-29 23:02:45,883 - Thread-2 - WARNING - Error loading the list of task managers from the file ./nodes.txt
2020-12-29 23:02:45,902 - Thread-3 - WARNING - Error loading the list of task managers from the file ./nodes.txt
2020-12-29 23:02:47,909 - Thread-2 - WARNING - Error loading the list of task managers from the file ./nodes.txt
2020-12-29 23:02:47,921 - Thread-3 - WARNING - Error loading the list of task managers from the file ./nodes.txt
2020-12-29 23:02:49,965 - Thread-2 - WARNING - Error loading the list of task managers from the file ./nodes.txt
2020-12-29 23:02:49,981 - Thread-3 - WARNING - Error loading the list of task managers from the file ./nodes.txt
2020-12-29 23:02:50,880 - Thread-1 - WARNING - Error loading the list of task managers from the file ./nodes.txt
2020-12-29 23:02:51,992 - Thread-2 - WARNING - Error loading the list of task managers from the file ./nodes.txt
2020-12-29 23:02:52,033 - Thread-3 - WARNING - Error loading the list of task managers from the file ./nodes.txt
2020-12-29 23:02:54,017 - Thread-2 - WARNING - Error loading the list of task managers from the file ./nodes.txt
2020-12-29 23:02:54,067 - Thread-3 - WARNING - Error loading the list of task managers from the file ./nodes.txt
2020-12-29 23:02:56,049 - Thread-2 - WARNING - Error loading the list of task managers from the file ./nodes.txt
2020-12-29 23:02:56,106 - Thread-3 - WARNING - Error loading the list of task managers from the file ./nodes.txt
2020-12-29 23:02:58,083 - Thread-2 - WARNING - Error loading the list of task managers from the file ./nodes.txt
2020-12-29 23:02:58,148 - Thread-3 - WARNING - Error loading the list of task managers from the file ./nodes.txt
2020-12-29 23:03:00,109 - Thread-2 - WARNING - Error loading the list of task managers from the file ./nodes.txt
2020-12-29 23:03:00,185 - Thread-3 - WARNING - Error loading the list of task managers from the file ./nodes.txt
2020-12-29 23:03:00,855 - Thread-1 - WARNING - Error loading the list of task managers from the file ./nodes.txt
2020-12-29 23:03:02,134 - Thread-2 - WARNING - Error loading the list of task managers from the file ./nodes.txt
2020-12-29 23:03:02,231 - Thread-3 - WARNING - Error loading the list of task managers from the file ./nodes.txt
2020-12-29 23:03:04,161 - Thread-2 - WARNING - Error loading the list of task managers from the file ./nodes.txt
2020-12-29 23:03:04,266 - Thread-3 - WARNING - Error loading the list of task managers from the file ./nodes.txt
2020-12-29 23:03:06,186 - Thread-2 - WARNING - Error loading the list of task managers from the file ./nodes.txt
2020-12-29 23:03:06,304 - Thread-3 - WARNING - Error loading the list of task managers from the file ./nodes.txt
2020-12-29 23:03:08,211 - Thread-2 - WARNING - Error loading the list of task managers from the file ./nodes.txt
2020-12-29 23:03:08,343 - Thread-3 - WARNING - Error loading the list of task managers from the file ./nodes.txt
2020-12-29 23:03:10,237 - Thread-2 - WARNING - Error loading the list of task managers from the file ./nodes.txt
2020-12-29 23:03:10,379 - Thread-3 - WARNING - Error loading the list of task managers from the file ./nodes.txt
2020-12-29 23:03:10,801 - Thread-1 - WARNING - Error loading the list of task managers from the file ./nodes.txt
2020-12-29 23:03:12,261 - Thread-2 - WARNING - Error loading the list of task managers from the file ./nodes.txt
2020-12-29 23:03:12,413 - Thread-3 - WARNING - Error loading the list of task managers from the file ./nodes.txt
2020-12-29 23:03:14,285 - Thread-2 - WARNING - Error loading the list of task managers from the file ./nodes.txt
2020-12-29 23:03:14,446 - Thread-3 - WARNING - Error loading the list of task managers from the file ./nodes.txt
2020-12-29 23:03:16,315 - Thread-2 - WARNING - Error loading the list of task managers from the file ./nodes.txt
2020-12-29 23:03:16,482 - Thread-3 - WARNING - Error loading the list of task managers from the file ./nodes.txt
2020-12-29 23:03:18,339 - Thread-2 - WARNING - Error loading the list of task managers from the file ./nodes.txt
2020-12-29 23:03:18,524 - Thread-3 - WARNING - Error loading the list of task managers from the file ./nodes.txt
2020-12-29 23:03:20,365 - Thread-2 - WARNING - Error loading the list of task managers from the file ./nodes.txt
2020-12-29 23:03:20,562 - Thread-3 - WARNING - Error loading the list of task managers from the file ./nodes.txt
2020-12-29 23:03:20,746 - Thread-1 - WARNING - Error loading the list of task managers from the file ./nodes.txt
2020-12-29 23:03:22,392 - Thread-2 - WARNING - Error loading the list of task managers from the file ./nodes.txt
2020-12-29 23:03:22,599 - Thread-3 - WARNING - Error loading the list of task managers from the file ./nodes.txt
2020-12-29 23:03:24,416 - Thread-2 - WARNING - Error loading the list of task managers from the file ./nodes.txt
2020-12-29 23:03:24,634 - Thread-3 - WARNING - Error loading the list of task managers from the file ./nodes.txt
2020-12-29 23:03:26,443 - Thread-2 - WARNING - Error loading the list of task managers from the file ./nodes.txt
2020-12-29 23:03:26,669 - Thread-3 - WARNING - Error loading the list of task managers from the file ./nodes.txt
2020-12-29 23:03:28,479 - Thread-2 - WARNING - Error loading the list of task managers from the file ./nodes.txt
2020-12-29 23:03:28,710 - Thread-3 - WARNING - Error loading the list of task managers from the file ./nodes.txt
2020-12-29 23:03:30,506 - Thread-2 - WARNING - Error loading the list of task managers from the file ./nodes.txt
2020-12-29 23:03:30,695 - Thread-1 - WARNING - Error loading the list of task managers from the file ./nodes.txt
2020-12-29 23:03:30,746 - Thread-3 - WARNING - Error loading the list of task managers from the file ./nodes.txt
2020-12-29 23:03:32,531 - Thread-2 - WARNING - Error loading the list of task managers from the file ./nodes.txt
2020-12-29 23:03:32,781 - Thread-3 - WARNING - Error loading the list of task managers from the file ./nodes.txt
2020-12-29 23:03:34,556 - Thread-2 - WARNING - Error loading the list of task managers from the file ./nodes.txt
2020-12-29 23:03:34,816 - Thread-3 - WARNING - Error loading the list of task managers from the file ./nodes.txt
2020-12-29 23:03:36,582 - Thread-2 - WARNING - Error loading the list of task managers from the file ./nodes.txt
2020-12-29 23:03:36,852 - Thread-3 - WARNING - Error loading the list of task managers from the file ./nodes.txt
2020-12-29 23:03:38,609 - Thread-2 - WARNING - Error loading the list of task managers from the file ./nodes.txt
2020-12-29 23:03:38,888 - Thread-3 - WARNING - Error loading the list of task managers from the file ./nodes.txt
2020-12-29 23:03:40,632 - Thread-2 - WARNING - Error loading the list of task managers from the file ./nodes.txt
2020-12-29 23:03:40,650 - Thread-1 - WARNING - Error loading the list of task managers from the file ./nodes.txt
2020-12-29 23:03:40,922 - Thread-3 - WARNING - Error loading the list of task managers from the file ./nodes.txt
2020-12-29 23:03:42,657 - Thread-2 - WARNING - Error loading the list of task managers from the file ./nodes.txt
2020-12-29 23:03:42,958 - Thread-3 - WARNING - Error loading the list of task managers from the file ./nodes.txt
2020-12-29 23:03:44,681 - Thread-2 - WARNING - Error loading the list of task managers from the file ./nodes.txt
2020-12-29 23:03:44,993 - Thread-3 - WARNING - Error loading the list of task managers from the file ./nodes.txt
2020-12-29 23:03:46,705 - Thread-2 - WARNING - Error loading the list of task managers from the file ./nodes.txt
2020-12-29 23:03:47,029 - Thread-3 - WARNING - Error loading the list of task managers from the file ./nodes.txt
2020-12-29 23:03:48,730 - Thread-2 - WARNING - Error loading the list of task managers from the file ./nodes.txt
2020-12-29 23:03:49,063 - Thread-3 - WARNING - Error loading the list of task managers from the file ./nodes.txt
2020-12-29 23:03:50,598 - Thread-1 - WARNING - Error loading the list of task managers from the file ./nodes.txt
2020-12-29 23:03:50,757 - Thread-2 - WARNING - Error loading the list of task managers from the file ./nodes.txt
2020-12-29 23:03:51,098 - Thread-3 - WARNING - Error loading the list of task managers from the file ./nodes.txt
2020-12-29 23:03:52,783 - Thread-2 - WARNING - Error loading the list of task managers from the file ./nodes.txt
2020-12-29 23:03:53,135 - Thread-3 - WARNING - Error loading the list of task managers from the file ./nodes.txt
2020-12-29 23:03:54,807 - Thread-2 - WARNING - Error loading the list of task managers from the file ./nodes.txt
2020-12-29 23:03:55,173 - Thread-3 - WARNING - Error loading the list of task managers from the file ./nodes.txt
2020-12-29 23:03:56,832 - Thread-2 - WARNING - Error loading the list of task managers from the file ./nodes.txt
2020-12-29 23:03:57,209 - Thread-3 - WARNING - Error loading the list of task managers from the file ./nodes.txt
2020-12-29 23:03:58,858 - Thread-2 - WARNING - Error loading the list of task managers from the file ./nodes.txt
2020-12-29 23:03:59,248 - Thread-3 - WARNING - Error loading the list of task managers from the file ./nodes.txt
2020-12-29 23:04:00,548 - Thread-1 - WARNING - Error loading the list of task managers from the file ./nodes.txt
2020-12-29 23:04:00,884 - Thread-2 - WARNING - Error loading the list of task managers from the file ./nodes.txt
2020-12-29 23:04:01,289 - Thread-3 - WARNING - Error loading the list of task managers from the file ./nodes.txt
2020-12-29 23:04:02,907 - Thread-2 - WARNING - Error loading the list of task managers from the file ./nodes.txt
2020-12-29 23:04:03,324 - Thread-3 - WARNING - Error loading the list of task managers from the file ./nodes.txt
2020-12-29 23:04:04,932 - Thread-2 - WARNING - Error loading the list of task managers from the file ./nodes.txt
2020-12-29 23:04:05,358 - Thread-3 - WARNING - Error loading the list of task managers from the file ./nodes.txt
2020-12-29 23:04:06,955 - Thread-2 - WARNING - Error loading the list of task managers from the file ./nodes.txt
2020-12-29 23:04:07,395 - Thread-3 - WARNING - Error loading the list of task managers from the file ./nodes.txt
2020-12-29 23:04:08,986 - Thread-2 - WARNING - Error loading the list of task managers from the file ./nodes.txt
2020-12-29 23:04:09,430 - Thread-3 - WARNING - Error loading the list of task managers from the file ./nodes.txt
2020-12-29 23:04:10,495 - Thread-1 - WARNING - Error loading the list of task managers from the file ./nodes.txt
2020-12-29 23:04:11,013 - Thread-2 - WARNING - Error loading the list of task managers from the file ./nodes.txt
2020-12-29 23:04:11,464 - Thread-3 - WARNING - Error loading the list of task managers from the file ./nodes.txt
2020-12-29 23:04:13,040 - Thread-2 - WARNING - Error loading the list of task managers from the file ./nodes.txt
2020-12-29 23:04:13,502 - Thread-3 - WARNING - Error loading the list of task managers from the file ./nodes.txt
2020-12-29 23:04:15,068 - Thread-2 - WARNING - Error loading the list of task managers from the file ./nodes.txt
2020-12-29 23:04:15,539 - Thread-3 - WARNING - Error loading the list of task managers from the file ./nodes.txt
2020-12-29 23:04:17,092 - Thread-2 - WARNING - Error loading the list of task managers from the file ./nodes.txt
2020-12-29 23:04:17,575 - Thread-3 - WARNING - Error loading the list of task managers from the file ./nodes.txt
2020-12-29 23:04:19,115 - Thread-2 - WARNING - Error loading the list of task managers from the file ./nodes.txt
2020-12-29 23:04:19,614 - Thread-3 - WARNING - Error loading the list of task managers from the file ./nodes.txt
2020-12-29 23:04:20,443 - Thread-1 - WARNING - Error loading the list of task managers from the file ./nodes.txt
2020-12-29 23:04:21,141 - Thread-2 - WARNING - Error loading the list of task managers from the file ./nodes.txt
2020-12-29 23:04:21,654 - Thread-3 - WARNING - Error loading the list of task managers from the file ./nodes.txt
2020-12-29 23:04:23,164 - Thread-2 - WARNING - Error loading the list of task managers from the file ./nodes.txt
2020-12-29 23:04:23,692 - Thread-3 - WARNING - Error loading the list of task managers from the file ./nodes.txt
2020-12-29 23:04:25,193 - Thread-2 - WARNING - Error loading the list of task managers from the file ./nodes.txt
2020-12-29 23:04:25,736 - Thread-3 - WARNING - Error loading the list of task managers from the file ./nodes.txt
2020-12-29 23:04:27,218 - Thread-2 - WARNING - Error loading the list of task managers from the file ./nodes.txt
2020-12-29 23:04:27,773 - Thread-3 - WARNING - Error loading the list of task managers from the file ./nodes.txt
2020-12-29 23:04:29,254 - Thread-2 - WARNING - Error loading the list of task managers from the file ./nodes.txt
2020-12-29 23:04:29,808 - Thread-3 - WARNING - Error loading the list of task managers from the file ./nodes.txt
2020-12-29 23:04:30,389 - Thread-1 - WARNING - Error loading the list of task managers from the file ./nodes.txt
2020-12-29 23:04:31,280 - Thread-2 - WARNING - Error loading the list of task managers from the file ./nodes.txt
2020-12-29 23:04:31,842 - Thread-3 - WARNING - Error loading the list of task managers from the file ./nodes.txt
2020-12-29 23:04:33,318 - Thread-2 - WARNING - Error loading the list of task managers from the file ./nodes.txt
2020-12-29 23:04:33,879 - Thread-3 - WARNING - Error loading the list of task managers from the file ./nodes.txt
2020-12-29 23:04:35,344 - Thread-2 - WARNING - Error loading the list of task managers from the file ./nodes.txt
2020-12-29 23:04:35,915 - Thread-3 - WARNING - Error loading the list of task managers from the file ./nodes.txt
2020-12-29 23:04:37,368 - Thread-2 - WARNING - Error loading the list of task managers from the file ./nodes.txt
2020-12-29 23:04:37,951 - Thread-3 - WARNING - Error loading the list of task managers from the file ./nodes.txt
2020-12-29 23:04:39,394 - Thread-2 - WARNING - Error loading the list of task managers from the file ./nodes.txt
2020-12-29 23:04:39,988 - Thread-3 - WARNING - Error loading the list of task managers from the file ./nodes.txt
2020-12-29 23:04:40,336 - Thread-1 - WARNING - Error loading the list of task managers from the file ./nodes.txt
2020-12-29 23:04:41,419 - Thread-2 - WARNING - Error loading the list of task managers from the file ./nodes.txt
2020-12-29 23:04:42,027 - Thread-3 - WARNING - Error loading the list of task managers from the file ./nodes.txt
2020-12-29 23:04:43,447 - Thread-2 - WARNING - Error loading the list of task managers from the file ./nodes.txt
2020-12-29 23:04:44,063 - Thread-3 - WARNING - Error loading the list of task managers from the file ./nodes.txt
2020-12-29 23:04:45,472 - Thread-2 - WARNING - Error loading the list of task managers from the file ./nodes.txt
2020-12-29 23:04:46,100 - Thread-3 - WARNING - Error loading the list of task managers from the file ./nodes.txt
2020-12-29 23:04:47,497 - Thread-2 - WARNING - Error loading the list of task managers from the file ./nodes.txt
2020-12-29 23:04:48,135 - Thread-3 - WARNING - Error loading the list of task managers from the file ./nodes.txt
2020-12-29 23:04:49,522 - Thread-2 - WARNING - Error loading the list of task managers from the file ./nodes.txt
2020-12-29 23:04:50,173 - Thread-3 - WARNING - Error loading the list of task managers from the file ./nodes.txt
2020-12-29 23:04:50,284 - Thread-1 - WARNING - Error loading the list of task managers from the file ./nodes.txt
2020-12-29 23:04:51,548 - Thread-2 - WARNING - Error loading the list of task managers from the file ./nodes.txt
2020-12-29 23:04:52,210 - Thread-3 - WARNING - Error loading the list of task managers from the file ./nodes.txt
2020-12-29 23:04:53,571 - Thread-2 - WARNING - Error loading the list of task managers from the file ./nodes.txt
2020-12-29 23:04:54,246 - Thread-3 - WARNING - Error loading the list of task managers from the file ./nodes.txt
2020-12-29 23:04:55,597 - Thread-2 - WARNING - Error loading the list of task managers from the file ./nodes.txt
2020-12-29 23:04:56,279 - Thread-3 - WARNING - Error loading the list of task managers from the file ./nodes.txt
2020-12-29 23:04:57,625 - Thread-2 - WARNING - Error loading the list of task managers from the file ./nodes.txt
2020-12-29 23:04:58,313 - Thread-3 - WARNING - Error loading the list of task managers from the file ./nodes.txt
2020-12-29 23:04:59,651 - Thread-2 - WARNING - Error loading the list of task managers from the file ./nodes.txt
2020-12-29 23:05:00,229 - Thread-1 - WARNING - Error loading the list of task managers from the file ./nodes.txt
2020-12-29 23:05:00,348 - Thread-3 - WARNING - Error loading the list of task managers from the file ./nodes.txt
2020-12-29 23:05:01,678 - Thread-2 - WARNING - Error loading the list of task managers from the file ./nodes.txt
2020-12-29 23:05:02,383 - Thread-3 - WARNING - Error loading the list of task managers from the file ./nodes.txt
2020-12-29 23:05:03,703 - Thread-2 - WARNING - Error loading the list of task managers from the file ./nodes.txt
2020-12-29 23:05:04,423 - Thread-3 - WARNING - Error loading the list of task managers from the file ./nodes.txt
2020-12-29 23:05:05,731 - Thread-2 - WARNING - Error loading the list of task managers from the file ./nodes.txt
2020-12-29 23:05:06,458 - Thread-3 - WARNING - Error loading the list of task managers from the file ./nodes.txt
2020-12-29 23:05:07,757 - Thread-2 - WARNING - Error loading the list of task managers from the file ./nodes.txt
2020-12-29 23:05:08,494 - Thread-3 - WARNING - Error loading the list of task managers from the file ./nodes.txt
2020-12-29 23:05:09,781 - Thread-2 - WARNING - Error loading the list of task managers from the file ./nodes.txt
2020-12-29 23:05:10,187 - Thread-1 - WARNING - Error loading the list of task managers from the file ./nodes.txt
2020-12-29 23:05:10,537 - Thread-3 - WARNING - Error loading the list of task managers from the file ./nodes.txt
2020-12-29 23:05:11,806 - Thread-2 - WARNING - Error loading the list of task managers from the file ./nodes.txt
2020-12-29 23:05:12,579 - Thread-3 - WARNING - Error loading the list of task managers from the file ./nodes.txt
2020-12-29 23:05:13,834 - Thread-2 - WARNING - Error loading the list of task managers from the file ./nodes.txt
2020-12-29 23:05:14,617 - Thread-3 - WARNING - Error loading the list of task managers from the file ./nodes.txt
2020-12-29 23:05:15,865 - Thread-2 - WARNING - Error loading the list of task managers from the file ./nodes.txt
2020-12-29 23:05:16,652 - Thread-3 - WARNING - Error loading the list of task managers from the file ./nodes.txt
2020-12-29 23:05:17,900 - Thread-2 - WARNING - Error loading the list of task managers from the file ./nodes.txt
2020-12-29 23:05:18,689 - Thread-3 - WARNING - Error loading the list of task managers from the file ./nodes.txt
2020-12-29 23:05:19,927 - Thread-2 - WARNING - Error loading the list of task managers from the file ./nodes.txt
2020-12-29 23:05:20,136 - Thread-1 - WARNING - Error loading the list of task managers from the file ./nodes.txt
2020-12-29 23:05:20,726 - Thread-3 - WARNING - Error loading the list of task managers from the file ./nodes.txt
2020-12-29 23:05:21,952 - Thread-2 - WARNING - Error loading the list of task managers from the file ./nodes.txt
2020-12-29 23:05:22,764 - Thread-3 - WARNING - Error loading the list of task managers from the file ./nodes.txt
2020-12-29 23:05:23,976 - Thread-2 - WARNING - Error loading the list of task managers from the file ./nodes.txt
2020-12-29 23:05:24,803 - Thread-3 - WARNING - Error loading the list of task managers from the file ./nodes.txt
2020-12-29 23:05:26,001 - Thread-2 - WARNING - Error loading the list of task managers from the file ./nodes.txt
2020-12-29 23:05:26,840 - Thread-3 - WARNING - Error loading the list of task managers from the file ./nodes.txt
2020-12-29 23:05:28,026 - Thread-2 - WARNING - Error loading the list of task managers from the file ./nodes.txt
2020-12-29 23:05:28,880 - Thread-3 - WARNING - Error loading the list of task managers from the file ./nodes.txt
2020-12-29 23:05:30,051 - Thread-2 - WARNING - Error loading the list of task managers from the file ./nodes.txt
2020-12-29 23:05:30,078 - Thread-1 - WARNING - Error loading the list of task managers from the file ./nodes.txt
2020-12-29 23:05:30,917 - Thread-3 - WARNING - Error loading the list of task managers from the file ./nodes.txt
2020-12-29 23:05:32,081 - Thread-2 - WARNING - Error loading the list of task managers from the file ./nodes.txt
2020-12-29 23:05:32,953 - Thread-3 - WARNING - Error loading the list of task managers from the file ./nodes.txt
2020-12-29 23:05:34,107 - Thread-2 - WARNING - Error loading the list of task managers from the file ./nodes.txt
2020-12-29 23:05:34,988 - Thread-3 - WARNING - Error loading the list of task managers from the file ./nodes.txt
2020-12-29 23:05:36,137 - Thread-2 - WARNING - Error loading the list of task managers from the file ./nodes.txt
2020-12-29 23:05:37,025 - Thread-3 - WARNING - Error loading the list of task managers from the file ./nodes.txt
2020-12-29 23:05:38,163 - Thread-2 - WARNING - Error loading the list of task managers from the file ./nodes.txt
2020-12-29 23:05:39,062 - Thread-3 - WARNING - Error loading the list of task managers from the file ./nodes.txt
2020-12-29 23:05:40,025 - Thread-1 - WARNING - Error loading the list of task managers from the file ./nodes.txt
2020-12-29 23:05:40,188 - Thread-2 - WARNING - Error loading the list of task managers from the file ./nodes.txt
2020-12-29 23:05:41,097 - Thread-3 - WARNING - Error loading the list of task managers from the file ./nodes.txt
2020-12-29 23:05:42,214 - Thread-2 - WARNING - Error loading the list of task managers from the file ./nodes.txt
2020-12-29 23:05:43,133 - Thread-3 - WARNING - Error loading the list of task managers from the file ./nodes.txt
2020-12-29 23:05:44,242 - Thread-2 - WARNING - Error loading the list of task managers from the file ./nodes.txt
2020-12-29 23:05:45,170 - Thread-3 - WARNING - Error loading the list of task managers from the file ./nodes.txt
2020-12-29 23:05:46,269 - Thread-2 - WARNING - Error loading the list of task managers from the file ./nodes.txt
2020-12-29 23:05:47,206 - Thread-3 - WARNING - Error loading the list of task managers from the file ./nodes.txt
2020-12-29 23:05:48,297 - Thread-2 - WARNING - Error loading the list of task managers from the file ./nodes.txt
2020-12-29 23:05:49,243 - Thread-3 - WARNING - Error loading the list of task managers from the file ./nodes.txt
2020-12-29 23:05:49,974 - Thread-1 - WARNING - Error loading the list of task managers from the file ./nodes.txt
2020-12-29 23:05:50,331 - Thread-2 - WARNING - Error loading the list of task managers from the file ./nodes.txt
2020-12-29 23:05:51,282 - Thread-3 - WARNING - Error loading the list of task managers from the file ./nodes.txt
2020-12-29 23:05:52,359 - Thread-2 - WARNING - Error loading the list of task managers from the file ./nodes.txt
2020-12-29 23:05:53,326 - Thread-3 - WARNING - Error loading the list of task managers from the file ./nodes.txt
2020-12-29 23:05:54,392 - Thread-2 - WARNING - Error loading the list of task managers from the file ./nodes.txt
2020-12-29 23:05:55,374 - Thread-3 - WARNING - Error loading the list of task managers from the file ./nodes.txt
2020-12-29 23:05:56,418 - Thread-2 - WARNING - Error loading the list of task managers from the file ./nodes.txt
2020-12-29 23:05:57,426 - Thread-3 - WARNING - Error loading the list of task managers from the file ./nodes.txt
2020-12-29 23:05:58,445 - Thread-2 - WARNING - Error loading the list of task managers from the file ./nodes.txt
2020-12-29 23:05:59,464 - Thread-3 - WARNING - Error loading the list of task managers from the file ./nodes.txt
2020-12-29 23:05:59,922 - Thread-1 - WARNING - Error loading the list of task managers from the file ./nodes.txt
2020-12-29 23:06:00,470 - Thread-2 - WARNING - Error loading the list of task managers from the file ./nodes.txt
2020-12-29 23:06:01,503 - Thread-3 - WARNING - Error loading the list of task managers from the file ./nodes.txt
2020-12-29 23:06:02,498 - Thread-2 - WARNING - Error loading the list of task managers from the file ./nodes.txt
2020-12-29 23:06:03,538 - Thread-3 - WARNING - Error loading the list of task managers from the file ./nodes.txt
2020-12-29 23:06:04,523 - Thread-2 - WARNING - Error loading the list of task managers from the file ./nodes.txt
2020-12-29 23:06:05,574 - Thread-3 - WARNING - Error loading the list of task managers from the file ./nodes.txt
2020-12-29 23:06:06,549 - Thread-2 - WARNING - Error loading the list of task managers from the file ./nodes.txt
2020-12-29 23:06:07,611 - Thread-3 - WARNING - Error loading the list of task managers from the file ./nodes.txt
2020-12-29 23:06:08,573 - Thread-2 - WARNING - Error loading the list of task managers from the file ./nodes.txt
2020-12-29 23:06:09,646 - Thread-3 - WARNING - Error loading the list of task managers from the file ./nodes.txt
2020-12-29 23:06:09,858 - Thread-1 - WARNING - Error loading the list of task managers from the file ./nodes.txt
2020-12-29 23:06:10,599 - Thread-2 - WARNING - Error loading the list of task managers from the file ./nodes.txt
2020-12-29 23:06:11,681 - Thread-3 - WARNING - Error loading the list of task managers from the file ./nodes.txt
2020-12-29 23:06:12,624 - Thread-2 - WARNING - Error loading the list of task managers from the file ./nodes.txt
2020-12-29 23:06:13,719 - Thread-3 - WARNING - Error loading the list of task managers from the file ./nodes.txt
2020-12-29 23:06:14,649 - Thread-2 - WARNING - Error loading the list of task managers from the file ./nodes.txt
2020-12-29 23:06:15,755 - Thread-3 - WARNING - Error loading the list of task managers from the file ./nodes.txt
2020-12-29 23:06:16,675 - Thread-2 - WARNING - Error loading the list of task managers from the file ./nodes.txt
2020-12-29 23:06:17,789 - Thread-3 - WARNING - Error loading the list of task managers from the file ./nodes.txt
2020-12-29 23:06:18,707 - Thread-2 - WARNING - Error loading the list of task managers from the file ./nodes.txt
2020-12-29 23:06:19,805 - Thread-1 - WARNING - Error loading the list of task managers from the file ./nodes.txt
2020-12-29 23:06:19,822 - Thread-3 - WARNING - Error loading the list of task managers from the file ./nodes.txt
2020-12-29 23:06:20,733 - Thread-2 - WARNING - Error loading the list of task managers from the file ./nodes.txt
2020-12-29 23:06:21,857 - Thread-3 - WARNING - Error loading the list of task managers from the file ./nodes.txt
2020-12-29 23:06:22,759 - Thread-2 - WARNING - Error loading the list of task managers from the file ./nodes.txt
2020-12-29 23:06:23,894 - Thread-3 - WARNING - Error loading the list of task managers from the file ./nodes.txt
2020-12-29 23:06:24,784 - Thread-2 - WARNING - Error loading the list of task managers from the file ./nodes.txt
2020-12-29 23:06:25,930 - Thread-3 - WARNING - Error loading the list of task managers from the file ./nodes.txt
2020-12-29 23:06:26,809 - Thread-2 - WARNING - Error loading the list of task managers from the file ./nodes.txt
2020-12-29 23:06:27,965 - Thread-3 - WARNING - Error loading the list of task managers from the file ./nodes.txt
2020-12-29 23:06:28,836 - Thread-2 - WARNING - Error loading the list of task managers from the file ./nodes.txt
2020-12-29 23:06:29,763 - Thread-1 - WARNING - Error loading the list of task managers from the file ./nodes.txt
2020-12-29 23:06:30,000 - Thread-3 - WARNING - Error loading the list of task managers from the file ./nodes.txt
2020-12-29 23:06:30,861 - Thread-2 - WARNING - Error loading the list of task managers from the file ./nodes.txt
2020-12-29 23:06:30,871 - Thread-2 - INFO - All tasks generated.
2020-12-29 23:06:32,033 - Thread-3 - WARNING - Error loading the list of task managers from the file ./nodes.txt
2020-12-29 23:06:32,041 - Thread-3 - INFO - All tasks committed.
2020-12-29 23:06:32,882 - Thread-2 - WARNING - Error loading the list of task managers from the file ./nodes.txt
2020-12-29 23:06:32,888 - MainThread - INFO - Committing Job...
2020-12-29 23:06:33,514 - MainThread - INFO - Killing task managers...
2020-12-29 23:06:33,515 - MainThread - WARNING - Error loading the list of task managers from the file ./nodes.txt
2020-12-29 23:06:39,711 - Thread-1 - WARNING - Error loading the list of task managers from the file ./nodes.txt
