 INFO: Number of CDPs = 445
 INFO: Number of traces in the gather = 9200
 INFO: Number of samples per trace = 2502
 INFO: Computing semblance for m0 = 0
 INFO: No trace has been selected for m0 = 0. Skipping.
 INFO: Total execution time for kernels is 2.3124e-05s
 INFO: Computing semblance for m0 = 1080
 INFO: Total execution time for kernels is 0.00101244s
 INFO: Computing semblance for m0 = 1100
 INFO: Total execution time for kernels is 0.00102043s
 INFO: Computing semblance for m0 = 1120
 INFO: Total execution time for kernels is 0.00131092s
 INFO: Computing semblance for m0 = 1140
 INFO: Total execution time for kernels is 0.00130972s
 INFO: Computing semblance for m0 = 1160
 INFO: Total execution time for kernels is 0.00154661s
 INFO: Computing semblance for m0 = 1180
 INFO: Total execution time for kernels is 0.0015551s
 INFO: Computing semblance for m0 = 1200
 INFO: Total execution time for kernels is 0.00176723s
 INFO: Computing semblance for m0 = 1220
 INFO: Total execution time for kernels is 0.00176993s
 INFO: Computing semblance for m0 = 1240
 INFO: Total execution time for kernels is 0.00197673s
 INFO: Computing semblance for m0 = 1260
 INFO: Total execution time for kernels is 0.00199359s
 INFO: Computing semblance for m0 = 1280
 INFO: Total execution time for kernels is 0.00218946s
 INFO: Computing semblance for m0 = 1300
 INFO: Total execution time for kernels is 0.0021824s
 INFO: Computing semblance for m0 = 1320
 INFO: Total execution time for kernels is 0.00238237s
 INFO: Computing semblance for m0 = 1340
 INFO: Total execution time for kernels is 0.0023809s
 INFO: Computing semblance for m0 = 1360
 INFO: Total execution time for kernels is 0.00257939s
 INFO: Computing semblance for m0 = 1380
 INFO: Total execution time for kernels is 0.00257245s
 INFO: Computing semblance for m0 = 1400
 INFO: Total execution time for kernels is 0.0027738s
 INFO: Computing semblance for m0 = 1420
 INFO: Total execution time for kernels is 0.00278919s
 INFO: Computing semblance for m0 = 1440
 INFO: Total execution time for kernels is 0.00298161s
 INFO: Computing semblance for m0 = 1460
 INFO: Total execution time for kernels is 0.00298991s
 INFO: Computing semblance for m0 = 1480
 INFO: Total execution time for kernels is 0.00316811s
 INFO: Computing semblance for m0 = 1500
 INFO: Total execution time for kernels is 0.00317024s
 INFO: Computing semblance for m0 = 1520
 INFO: Total execution time for kernels is 0.00337208s
 INFO: Computing semblance for m0 = 1540
 INFO: Total execution time for kernels is 0.00335082s
 INFO: Computing semblance for m0 = 1560
 INFO: Total execution time for kernels is 0.00356902s
 INFO: Computing semblance for m0 = 1580
 INFO: Total execution time for kernels is 0.00357926s
 INFO: Computing semblance for m0 = 1600
 INFO: Total execution time for kernels is 0.00377887s
 INFO: Computing semblance for m0 = 1620
 INFO: Total execution time for kernels is 0.00375092s
 INFO: Computing semblance for m0 = 1640
 INFO: Total execution time for kernels is 0.00396685s
 INFO: Computing semblance for m0 = 1660
 INFO: Total execution time for kernels is 0.00393243s
 INFO: Computing semblance for m0 = 1680
 INFO: Total execution time for kernels is 0.00414352s
 INFO: Computing semblance for m0 = 1700
 INFO: Total execution time for kernels is 0.00412209s
 INFO: Computing semblance for m0 = 1720
 INFO: Total execution time for kernels is 0.00431156s
 INFO: Computing semblance for m0 = 1740
 INFO: Total execution time for kernels is 0.00431482s
 INFO: Computing semblance for m0 = 1760
 INFO: Total execution time for kernels is 0.00448645s
 INFO: Computing semblance for m0 = 1780
 INFO: Total execution time for kernels is 0.00448982s
 INFO: Computing semblance for m0 = 1800
 INFO: Total execution time for kernels is 0.00467945s
 INFO: Computing semblance for m0 = 1820
 INFO: Total execution time for kernels is 0.00467057s
 INFO: Computing semblance for m0 = 1840
 INFO: Total execution time for kernels is 0.00484102s
 INFO: Computing semblance for m0 = 1860
 INFO: Total execution time for kernels is 0.0047622s
 INFO: Computing semblance for m0 = 1880
 INFO: Total execution time for kernels is 0.00494227s
 INFO: Computing semblance for m0 = 1900
 INFO: Total execution time for kernels is 0.00493169s
 INFO: Computing semblance for m0 = 1920
 INFO: Total execution time for kernels is 0.00512966s
 INFO: Computing semblance for m0 = 1940
 INFO: Total execution time for kernels is 0.00513074s
 INFO: Computing semblance for m0 = 1960
 INFO: Total execution time for kernels is 0.00533807s
 INFO: Computing semblance for m0 = 1980
 INFO: Total execution time for kernels is 0.00528727s
 INFO: Computing semblance for m0 = 2000
 INFO: Total execution time for kernels is 0.0052891s
 INFO: Computing semblance for m0 = 2020
 INFO: Total execution time for kernels is 0.00527899s
 INFO: Computing semblance for m0 = 2040
 INFO: Total execution time for kernels is 0.00531256s
 INFO: Computing semblance for m0 = 2060
 INFO: Total execution time for kernels is 0.00528802s
 INFO: Computing semblance for m0 = 2080
 INFO: Total execution time for kernels is 0.00529718s
 INFO: Computing semblance for m0 = 2100
 INFO: Total execution time for kernels is 0.00529633s
 INFO: Computing semblance for m0 = 2120
 INFO: Total execution time for kernels is 0.00531831s
 INFO: Computing semblance for m0 = 2140
 INFO: Total execution time for kernels is 0.00529772s
 INFO: Computing semblance for m0 = 2160
 INFO: Total execution time for kernels is 0.00531158s
 INFO: Computing semblance for m0 = 2180
 INFO: Total execution time for kernels is 0.00528343s
 INFO: Computing semblance for m0 = 2200
 INFO: Total execution time for kernels is 0.00529548s
 INFO: Computing semblance for m0 = 2220
 INFO: Total execution time for kernels is 0.00529866s
 INFO: Computing semblance for m0 = 2240
 INFO: Total execution time for kernels is 0.00531426s
 INFO: Computing semblance for m0 = 2260
 INFO: Total execution time for kernels is 0.00528729s
 INFO: Computing semblance for m0 = 2280
 INFO: Total execution time for kernels is 0.00530054s
 INFO: Computing semblance for m0 = 2300
 INFO: Total execution time for kernels is 0.00528263s
 INFO: Computing semblance for m0 = 2320
 INFO: Total execution time for kernels is 0.00530016s
 INFO: Computing semblance for m0 = 2340
 INFO: Total execution time for kernels is 0.00527583s
 INFO: Computing semblance for m0 = 2360
 INFO: Total execution time for kernels is 0.00529603s
 INFO: Computing semblance for m0 = 2380
 INFO: Total execution time for kernels is 0.00530781s
 INFO: Computing semblance for m0 = 2400
 INFO: Total execution time for kernels is 0.00533126s
 INFO: Computing semblance for m0 = 2420
 INFO: Total execution time for kernels is 0.00527727s
 INFO: Computing semblance for m0 = 2440
 INFO: Total execution time for kernels is 0.00532758s
 INFO: Computing semblance for m0 = 2460
 INFO: Total execution time for kernels is 0.00526896s
 INFO: Computing semblance for m0 = 2480
 INFO: Total execution time for kernels is 0.00529041s
 INFO: Computing semblance for m0 = 2500
 INFO: Total execution time for kernels is 0.00529614s
 INFO: Computing semblance for m0 = 2520
 INFO: Total execution time for kernels is 0.0053345s
 INFO: Computing semblance for m0 = 2540
 INFO: Total execution time for kernels is 0.0053226s
 INFO: Computing semblance for m0 = 2560
 INFO: Total execution time for kernels is 0.00531746s
 INFO: Computing semblance for m0 = 2580
 INFO: Total execution time for kernels is 0.00529662s
 INFO: Computing semblance for m0 = 2600
 INFO: Total execution time for kernels is 0.00530489s
 INFO: Computing semblance for m0 = 2620
 INFO: Total execution time for kernels is 0.00526641s
 INFO: Computing semblance for m0 = 2640
 INFO: Total execution time for kernels is 0.00528774s
 INFO: Computing semblance for m0 = 2660
 INFO: Total execution time for kernels is 0.00528064s
 INFO: Computing semblance for m0 = 2680
 INFO: Total execution time for kernels is 0.00528248s
 INFO: Computing semblance for m0 = 2700
 INFO: Total execution time for kernels is 0.0052806s
 INFO: Computing semblance for m0 = 2720
 INFO: Total execution time for kernels is 0.00531486s
 INFO: Computing semblance for m0 = 2740
 INFO: Total execution time for kernels is 0.00527408s
 INFO: Computing semblance for m0 = 2760
 INFO: Total execution time for kernels is 0.00530202s
 INFO: Computing semblance for m0 = 2780
 INFO: Total execution time for kernels is 0.00527374s
 INFO: Computing semblance for m0 = 2800
 INFO: Total execution time for kernels is 0.00528879s
 INFO: Computing semblance for m0 = 2820
 INFO: Total execution time for kernels is 0.00528608s
 INFO: Computing semblance for m0 = 2840
 INFO: Total execution time for kernels is 0.00531852s
 INFO: Computing semblance for m0 = 2860
 INFO: Total execution time for kernels is 0.00527969s
 INFO: Computing semblance for m0 = 2880
 INFO: Total execution time for kernels is 0.00530099s
 INFO: Computing semblance for m0 = 2900
 INFO: Total execution time for kernels is 0.00527741s
 INFO: Computing semblance for m0 = 2920
 INFO: Total execution time for kernels is 0.00528832s
 INFO: Computing semblance for m0 = 2940
 INFO: Total execution time for kernels is 0.00527094s
 INFO: Computing semblance for m0 = 2960
 INFO: Total execution time for kernels is 0.00529877s
 INFO: Computing semblance for m0 = 2980
 INFO: Total execution time for kernels is 0.00529499s
 INFO: Computing semblance for m0 = 3000
 INFO: Total execution time for kernels is 0.00527772s
 INFO: Computing semblance for m0 = 3020
 INFO: Total execution time for kernels is 0.00527738s
 INFO: Computing semblance for m0 = 3040
 INFO: Total execution time for kernels is 0.00530038s
 INFO: Computing semblance for m0 = 3060
 INFO: Total execution time for kernels is 0.00527864s
 INFO: Computing semblance for m0 = 3080
 INFO: Total execution time for kernels is 0.00532206s
 INFO: Computing semblance for m0 = 3100
 INFO: Total execution time for kernels is 0.00528593s
 INFO: Computing semblance for m0 = 3120
 INFO: Total execution time for kernels is 0.00530282s
 INFO: Computing semblance for m0 = 3140
 INFO: Total execution time for kernels is 0.00530378s
 INFO: Computing semblance for m0 = 3160
 INFO: Total execution time for kernels is 0.0052839s
 INFO: Computing semblance for m0 = 3180
 INFO: Total execution time for kernels is 0.00526932s
 INFO: Computing semblance for m0 = 3200
 INFO: Total execution time for kernels is 0.00531824s
 INFO: Computing semblance for m0 = 3220
 INFO: Total execution time for kernels is 0.00530656s
 INFO: Computing semblance for m0 = 3240
 INFO: Total execution time for kernels is 0.00530977s
 INFO: Computing semblance for m0 = 3260
 INFO: Total execution time for kernels is 0.00528143s
 INFO: Computing semblance for m0 = 3280
 INFO: Total execution time for kernels is 0.00530691s
 INFO: Computing semblance for m0 = 3300
 INFO: Total execution time for kernels is 0.00529282s
 INFO: Computing semblance for m0 = 3320
 INFO: Total execution time for kernels is 0.0053096s
 INFO: Computing semblance for m0 = 3340
 INFO: Total execution time for kernels is 0.00527377s
 INFO: Computing semblance for m0 = 3360
 INFO: Total execution time for kernels is 0.00530717s
 INFO: Computing semblance for m0 = 3380
 INFO: Total execution time for kernels is 0.00527882s
 INFO: Computing semblance for m0 = 3400
 INFO: Total execution time for kernels is 0.00531201s
 INFO: Computing semblance for m0 = 3420
 INFO: Total execution time for kernels is 0.00529059s
 INFO: Computing semblance for m0 = 3440
 INFO: Total execution time for kernels is 0.00529448s
 INFO: Computing semblance for m0 = 3460
 INFO: Total execution time for kernels is 0.00530621s
 INFO: Computing semblance for m0 = 3480
 INFO: Total execution time for kernels is 0.0053372s
 INFO: Computing semblance for m0 = 3500
 INFO: Total execution time for kernels is 0.00528429s
 INFO: Computing semblance for m0 = 3520
 INFO: Total execution time for kernels is 0.00529249s
 INFO: Computing semblance for m0 = 3540
 INFO: Total execution time for kernels is 0.00528938s
 INFO: Computing semblance for m0 = 3560
 INFO: Total execution time for kernels is 0.00530931s
 INFO: Computing semblance for m0 = 3580
 INFO: Total execution time for kernels is 0.00529653s
 INFO: Computing semblance for m0 = 3600
 INFO: Total execution time for kernels is 0.00529793s
 INFO: Computing semblance for m0 = 3620
 INFO: Total execution time for kernels is 0.00527797s
 INFO: Computing semblance for m0 = 3640
 INFO: Total execution time for kernels is 0.00530293s
 INFO: Computing semblance for m0 = 3660
 INFO: Total execution time for kernels is 0.00529691s
 INFO: Computing semblance for m0 = 3680
 INFO: Total execution time for kernels is 0.0052961s
 INFO: Computing semblance for m0 = 3700
 INFO: Total execution time for kernels is 0.00528599s
 INFO: Computing semblance for m0 = 3720
 INFO: Total execution time for kernels is 0.00529151s
 INFO: Computing semblance for m0 = 3740
 INFO: Total execution time for kernels is 0.00528324s
 INFO: Computing semblance for m0 = 3760
 INFO: Total execution time for kernels is 0.00529541s
 INFO: Computing semblance for m0 = 3780
 INFO: Total execution time for kernels is 0.00528785s
 INFO: Computing semblance for m0 = 3800
 INFO: Total execution time for kernels is 0.00528251s
 INFO: Computing semblance for m0 = 3820
 INFO: Total execution time for kernels is 0.00526904s
 INFO: Computing semblance for m0 = 3840
 INFO: Total execution time for kernels is 0.00527883s
 INFO: Computing semblance for m0 = 3860
 INFO: Total execution time for kernels is 0.00527506s
 INFO: Computing semblance for m0 = 3880
 INFO: Total execution time for kernels is 0.00532282s
 INFO: Computing semblance for m0 = 3900
 INFO: Total execution time for kernels is 0.00528584s
 INFO: Computing semblance for m0 = 3920
 INFO: Total execution time for kernels is 0.00528329s
 INFO: Computing semblance for m0 = 3940
 INFO: Total execution time for kernels is 0.00528501s
 INFO: Computing semblance for m0 = 3960
 INFO: Total execution time for kernels is 0.00529815s
 INFO: Computing semblance for m0 = 3980
 INFO: Total execution time for kernels is 0.00526081s
 INFO: Computing semblance for m0 = 4000
 INFO: Total execution time for kernels is 0.00529728s
 INFO: Computing semblance for m0 = 4020
 INFO: Total execution time for kernels is 0.00527631s
 INFO: Computing semblance for m0 = 4040
 INFO: Total execution time for kernels is 0.00530468s
 INFO: Computing semblance for m0 = 4060
 INFO: Total execution time for kernels is 0.00527355s
 INFO: Computing semblance for m0 = 4080
 INFO: Total execution time for kernels is 0.00530706s
 INFO: Computing semblance for m0 = 4100
 INFO: Total execution time for kernels is 0.00527951s
 INFO: Computing semblance for m0 = 4120
 INFO: Total execution time for kernels is 0.00531657s
 INFO: Computing semblance for m0 = 4140
 INFO: Total execution time for kernels is 0.00527039s
 INFO: Computing semblance for m0 = 4160
 INFO: Total execution time for kernels is 0.0052892s
 INFO: Computing semblance for m0 = 4180
 INFO: Total execution time for kernels is 0.00529199s
 INFO: Computing semblance for m0 = 4200
 INFO: Total execution time for kernels is 0.00528537s
 INFO: Computing semblance for m0 = 4220
 INFO: Total execution time for kernels is 0.00525368s
 INFO: Computing semblance for m0 = 4240
 INFO: Total execution time for kernels is 0.00530593s
 INFO: Computing semblance for m0 = 4260
 INFO: Total execution time for kernels is 0.00526681s
 INFO: Computing semblance for m0 = 4280
 INFO: Total execution time for kernels is 0.00529834s
 INFO: Computing semblance for m0 = 4300
 INFO: Total execution time for kernels is 0.00526898s
 INFO: Computing semblance for m0 = 4320
 INFO: Total execution time for kernels is 0.0052846s
 INFO: Computing semblance for m0 = 4340
 INFO: Total execution time for kernels is 0.00526716s
 INFO: Computing semblance for m0 = 4360
 INFO: Total execution time for kernels is 0.00529284s
 INFO: Computing semblance for m0 = 4380
 INFO: Total execution time for kernels is 0.00528881s
 INFO: Computing semblance for m0 = 4400
 INFO: Total execution time for kernels is 0.0053125s
 INFO: Computing semblance for m0 = 4420
 INFO: Total execution time for kernels is 0.00527647s
 INFO: Computing semblance for m0 = 4440
 INFO: Total execution time for kernels is 0.00530255s
 INFO: Computing semblance for m0 = 4460
 INFO: Total execution time for kernels is 0.00527551s
 INFO: Computing semblance for m0 = 4480
 INFO: Total execution time for kernels is 0.0052848s
 INFO: Computing semblance for m0 = 4500
 INFO: Total execution time for kernels is 0.00526424s
 INFO: Computing semblance for m0 = 4520
 INFO: Total execution time for kernels is 0.0052799s
 INFO: Computing semblance for m0 = 4540
 INFO: Total execution time for kernels is 0.0052809s
 INFO: Computing semblance for m0 = 4560
 INFO: Total execution time for kernels is 0.00529318s
 INFO: Computing semblance for m0 = 4580
 INFO: Total execution time for kernels is 0.00526089s
 INFO: Computing semblance for m0 = 4600
 INFO: Total execution time for kernels is 0.00527835s
 INFO: Computing semblance for m0 = 4620
 INFO: Total execution time for kernels is 0.00525346s
 INFO: Computing semblance for m0 = 4640
 INFO: Total execution time for kernels is 0.00528343s
 INFO: Computing semblance for m0 = 4660
 INFO: Total execution time for kernels is 0.00526637s
 INFO: Computing semblance for m0 = 4680
 INFO: Total execution time for kernels is 0.00529163s
 INFO: Computing semblance for m0 = 4700
 INFO: Total execution time for kernels is 0.00527033s
 INFO: Computing semblance for m0 = 4720
 INFO: Total execution time for kernels is 0.00529752s
 INFO: Computing semblance for m0 = 4740
 INFO: Total execution time for kernels is 0.00526392s
 INFO: Computing semblance for m0 = 4760
 INFO: Total execution time for kernels is 0.00530358s
 INFO: Computing semblance for m0 = 4780
 INFO: Total execution time for kernels is 0.00525891s
 INFO: Computing semblance for m0 = 4800
 INFO: Total execution time for kernels is 0.00531201s
 INFO: Computing semblance for m0 = 4820
 INFO: Total execution time for kernels is 0.00527443s
 INFO: Computing semblance for m0 = 4840
 INFO: Total execution time for kernels is 0.00527926s
 INFO: Computing semblance for m0 = 4860
 INFO: Total execution time for kernels is 0.00531077s
 INFO: Computing semblance for m0 = 4880
 INFO: Total execution time for kernels is 0.00532514s
 INFO: Computing semblance for m0 = 4900
 INFO: Total execution time for kernels is 0.0052774s
 INFO: Computing semblance for m0 = 4920
 INFO: Total execution time for kernels is 0.0053063s
 INFO: Computing semblance for m0 = 4940
 INFO: Total execution time for kernels is 0.00529566s
 INFO: Computing semblance for m0 = 4960
 INFO: Total execution time for kernels is 0.00530183s
 INFO: Computing semblance for m0 = 4980
 INFO: Total execution time for kernels is 0.00529673s
 INFO: Computing semblance for m0 = 5000
 INFO: Total execution time for kernels is 0.00528607s
 INFO: Computing semblance for m0 = 5020
 INFO: Total execution time for kernels is 0.00529307s
 INFO: Computing semblance for m0 = 5040
 INFO: Total execution time for kernels is 0.00528425s
 INFO: Computing semblance for m0 = 5060
 INFO: Total execution time for kernels is 0.00526399s
 INFO: Computing semblance for m0 = 5080
 INFO: Total execution time for kernels is 0.00530729s
 INFO: Computing semblance for m0 = 5100
 INFO: Total execution time for kernels is 0.00528024s
 INFO: Computing semblance for m0 = 5120
 INFO: Total execution time for kernels is 0.00532006s
 INFO: Computing semblance for m0 = 5140
 INFO: Total execution time for kernels is 0.00529103s
 INFO: Computing semblance for m0 = 5160
 INFO: Total execution time for kernels is 0.00530307s
 INFO: Computing semblance for m0 = 5180
 INFO: Total execution time for kernels is 0.00528231s
 INFO: Computing semblance for m0 = 5200
 INFO: Total execution time for kernels is 0.0052921s
 INFO: Computing semblance for m0 = 5220
 INFO: Total execution time for kernels is 0.00527455s
 INFO: Computing semblance for m0 = 5240
 INFO: Total execution time for kernels is 0.00531024s
 INFO: Computing semblance for m0 = 5260
 INFO: Total execution time for kernels is 0.00527114s
 INFO: Computing semblance for m0 = 5280
 INFO: Total execution time for kernels is 0.00530063s
 INFO: Computing semblance for m0 = 5300
 INFO: Total execution time for kernels is 0.00527415s
 INFO: Computing semblance for m0 = 5320
 INFO: Total execution time for kernels is 0.00529389s
 INFO: Computing semblance for m0 = 5340
 INFO: Total execution time for kernels is 0.00526893s
 INFO: Computing semblance for m0 = 5360
 INFO: Total execution time for kernels is 0.00530595s
 INFO: Computing semblance for m0 = 5380
 INFO: Total execution time for kernels is 0.00527209s
 INFO: Computing semblance for m0 = 5400
 INFO: Total execution time for kernels is 0.00529282s
 INFO: Computing semblance for m0 = 5420
 INFO: Total execution time for kernels is 0.00525447s
 INFO: Computing semblance for m0 = 5440
 INFO: Total execution time for kernels is 0.00529708s
 INFO: Computing semblance for m0 = 5460
 INFO: Total execution time for kernels is 0.00525533s
 INFO: Computing semblance for m0 = 5480
 INFO: Total execution time for kernels is 0.00529134s
 INFO: Computing semblance for m0 = 5500
 INFO: Total execution time for kernels is 0.00526525s
 INFO: Computing semblance for m0 = 5520
 INFO: Total execution time for kernels is 0.00528244s
 INFO: Computing semblance for m0 = 5540
 INFO: Total execution time for kernels is 0.00528148s
 INFO: Computing semblance for m0 = 5560
 INFO: Total execution time for kernels is 0.00531179s
 INFO: Computing semblance for m0 = 5580
 INFO: Total execution time for kernels is 0.00526955s
 INFO: Computing semblance for m0 = 5600
 INFO: Total execution time for kernels is 0.00528354s
 INFO: Computing semblance for m0 = 5620
 INFO: Total execution time for kernels is 0.00526774s
 INFO: Computing semblance for m0 = 5640
 INFO: Total execution time for kernels is 0.00529014s
 INFO: Computing semblance for m0 = 5660
 INFO: Total execution time for kernels is 0.00527152s
 INFO: Computing semblance for m0 = 5680
 INFO: Total execution time for kernels is 0.00529702s
 INFO: Computing semblance for m0 = 5700
 INFO: Total execution time for kernels is 0.0052792s
 INFO: Computing semblance for m0 = 5720
 INFO: Total execution time for kernels is 0.00527651s
 INFO: Computing semblance for m0 = 5740
 INFO: Total execution time for kernels is 0.00525656s
 INFO: Computing semblance for m0 = 5760
 INFO: Total execution time for kernels is 0.0052992s
 INFO: Computing semblance for m0 = 5780
 INFO: Total execution time for kernels is 0.00528123s
 INFO: Computing semblance for m0 = 5800
 INFO: Total execution time for kernels is 0.00528593s
 INFO: Computing semblance for m0 = 5820
 INFO: Total execution time for kernels is 0.00526322s
 INFO: Computing semblance for m0 = 5840
 INFO: Total execution time for kernels is 0.00529085s
 INFO: Computing semblance for m0 = 5860
 INFO: Total execution time for kernels is 0.00527459s
 INFO: Computing semblance for m0 = 5880
 INFO: Total execution time for kernels is 0.00528175s
 INFO: Computing semblance for m0 = 5900
 INFO: Total execution time for kernels is 0.00526347s
 INFO: Computing semblance for m0 = 5920
 INFO: Total execution time for kernels is 0.00529156s
 INFO: Computing semblance for m0 = 5940
 INFO: Total execution time for kernels is 0.00527998s
 INFO: Computing semblance for m0 = 5960
 INFO: Total execution time for kernels is 0.00529364s
 INFO: Computing semblance for m0 = 5980
 INFO: Total execution time for kernels is 0.00527501s
 INFO: Computing semblance for m0 = 6000
 INFO: Total execution time for kernels is 0.00529932s
 INFO: Computing semblance for m0 = 6020
 INFO: Total execution time for kernels is 0.00527958s
 INFO: Computing semblance for m0 = 6040
 INFO: Total execution time for kernels is 0.00528338s
 INFO: Computing semblance for m0 = 6060
 INFO: Total execution time for kernels is 0.00526865s
 INFO: Computing semblance for m0 = 6080
 INFO: Total execution time for kernels is 0.00531276s
 INFO: Computing semblance for m0 = 6100
 INFO: Total execution time for kernels is 0.00527309s
 INFO: Computing semblance for m0 = 6120
 INFO: Total execution time for kernels is 0.00529574s
 INFO: Computing semblance for m0 = 6140
 INFO: Total execution time for kernels is 0.00527767s
 INFO: Computing semblance for m0 = 6160
 INFO: Total execution time for kernels is 0.00528739s
 INFO: Computing semblance for m0 = 6180
 INFO: Total execution time for kernels is 0.00528643s
 INFO: Computing semblance for m0 = 6200
 INFO: Total execution time for kernels is 0.00530547s
 INFO: Computing semblance for m0 = 6220
 INFO: Total execution time for kernels is 0.00527316s
 INFO: Computing semblance for m0 = 6240
 INFO: Total execution time for kernels is 0.00530778s
 INFO: Computing semblance for m0 = 6260
 INFO: Total execution time for kernels is 0.00529874s
 INFO: Computing semblance for m0 = 6280
 INFO: Total execution time for kernels is 0.00531251s
 INFO: Computing semblance for m0 = 6300
 INFO: Total execution time for kernels is 0.00526314s
 INFO: Computing semblance for m0 = 6320
 INFO: Total execution time for kernels is 0.00529756s
 INFO: Computing semblance for m0 = 6340
 INFO: Total execution time for kernels is 0.00526893s
 INFO: Computing semblance for m0 = 6360
 INFO: Total execution time for kernels is 0.00528302s
 INFO: Computing semblance for m0 = 6380
 INFO: Total execution time for kernels is 0.00528458s
 INFO: Computing semblance for m0 = 6400
 INFO: Total execution time for kernels is 0.00529488s
 INFO: Computing semblance for m0 = 6420
 INFO: Total execution time for kernels is 0.00527388s
 INFO: Computing semblance for m0 = 6440
 INFO: Total execution time for kernels is 0.0052772s
 INFO: Computing semblance for m0 = 6460
 INFO: Total execution time for kernels is 0.00525457s
 INFO: Computing semblance for m0 = 6480
 INFO: Total execution time for kernels is 0.00528239s
 INFO: Computing semblance for m0 = 6500
 INFO: Total execution time for kernels is 0.00530668s
 INFO: Computing semblance for m0 = 6520
 INFO: Total execution time for kernels is 0.00530239s
 INFO: Computing semblance for m0 = 6540
 INFO: Total execution time for kernels is 0.00528946s
 INFO: Computing semblance for m0 = 6560
 INFO: Total execution time for kernels is 0.00528547s
 INFO: Computing semblance for m0 = 6580
 INFO: Total execution time for kernels is 0.0052898s
 INFO: Computing semblance for m0 = 6600
 INFO: Total execution time for kernels is 0.00528736s
 INFO: Computing semblance for m0 = 6620
 INFO: Total execution time for kernels is 0.00526975s
 INFO: Computing semblance for m0 = 6640
 INFO: Total execution time for kernels is 0.00528702s
 INFO: Computing semblance for m0 = 6660
 INFO: Total execution time for kernels is 0.005281s
 INFO: Computing semblance for m0 = 6680
 INFO: Total execution time for kernels is 0.00529722s
 INFO: Computing semblance for m0 = 6700
 INFO: Total execution time for kernels is 0.00527609s
 INFO: Computing semblance for m0 = 6720
 INFO: Total execution time for kernels is 0.00530926s
 INFO: Computing semblance for m0 = 6740
 INFO: Total execution time for kernels is 0.005276s
 INFO: Computing semblance for m0 = 6760
 INFO: Total execution time for kernels is 0.00529106s
 INFO: Computing semblance for m0 = 6780
 INFO: Total execution time for kernels is 0.00529016s
 INFO: Computing semblance for m0 = 6800
 INFO: Total execution time for kernels is 0.0052974s
 INFO: Computing semblance for m0 = 6820
 INFO: Total execution time for kernels is 0.00527975s
 INFO: Computing semblance for m0 = 6840
 INFO: Total execution time for kernels is 0.0053035s
 INFO: Computing semblance for m0 = 6860
 INFO: Total execution time for kernels is 0.0052786s
 INFO: Computing semblance for m0 = 6880
 INFO: Total execution time for kernels is 0.00530015s
 INFO: Computing semblance for m0 = 6900
 INFO: Total execution time for kernels is 0.00527369s
 INFO: Computing semblance for m0 = 6920
 INFO: Total execution time for kernels is 0.00531002s
 INFO: Computing semblance for m0 = 6940
 INFO: Total execution time for kernels is 0.00528198s
 INFO: Computing semblance for m0 = 6960
 INFO: Total execution time for kernels is 0.00529609s
 INFO: Computing semblance for m0 = 6980
 INFO: Total execution time for kernels is 0.00525895s
 INFO: Computing semblance for m0 = 7000
 INFO: Total execution time for kernels is 0.00532534s
 INFO: Computing semblance for m0 = 7020
 INFO: Total execution time for kernels is 0.00528306s
 INFO: Computing semblance for m0 = 7040
 INFO: Total execution time for kernels is 0.00530341s
 INFO: Computing semblance for m0 = 7060
 INFO: Total execution time for kernels is 0.00528436s
 INFO: Computing semblance for m0 = 7080
 INFO: Total execution time for kernels is 0.00531586s
 INFO: Computing semblance for m0 = 7100
 INFO: Total execution time for kernels is 0.00526161s
 INFO: Computing semblance for m0 = 7120
 INFO: Total execution time for kernels is 0.00531982s
 INFO: Computing semblance for m0 = 7140
 INFO: Total execution time for kernels is 0.00530616s
 INFO: Computing semblance for m0 = 7160
 INFO: Total execution time for kernels is 0.00529936s
 INFO: Computing semblance for m0 = 7180
 INFO: Total execution time for kernels is 0.00528955s
 INFO: Computing semblance for m0 = 7200
 INFO: Total execution time for kernels is 0.00532322s
 INFO: Computing semblance for m0 = 7220
 INFO: Total execution time for kernels is 0.0052828s
 INFO: Computing semblance for m0 = 7240
 INFO: Total execution time for kernels is 0.00528792s
 INFO: Computing semblance for m0 = 7260
 INFO: Total execution time for kernels is 0.00525939s
 INFO: Computing semblance for m0 = 7280
 INFO: Total execution time for kernels is 0.00530257s
 INFO: Computing semblance for m0 = 7300
 INFO: Total execution time for kernels is 0.00525218s
 INFO: Computing semblance for m0 = 7320
 INFO: Total execution time for kernels is 0.00530867s
 INFO: Computing semblance for m0 = 7340
 INFO: Total execution time for kernels is 0.00528764s
 INFO: Computing semblance for m0 = 7360
 INFO: Total execution time for kernels is 0.00531756s
 INFO: Computing semblance for m0 = 7380
 INFO: Total execution time for kernels is 0.00529418s
 INFO: Computing semblance for m0 = 7400
 INFO: Total execution time for kernels is 0.00531009s
 INFO: Computing semblance for m0 = 7420
 INFO: Total execution time for kernels is 0.00528716s
 INFO: Computing semblance for m0 = 7440
 INFO: Total execution time for kernels is 0.00530365s
 INFO: Computing semblance for m0 = 7460
 INFO: Total execution time for kernels is 0.00528471s
 INFO: Computing semblance for m0 = 7480
 INFO: Total execution time for kernels is 0.00532668s
 INFO: Computing semblance for m0 = 7500
 INFO: Total execution time for kernels is 0.00528284s
 INFO: Computing semblance for m0 = 7520
 INFO: Total execution time for kernels is 0.00530094s
 INFO: Computing semblance for m0 = 7540
 INFO: Total execution time for kernels is 0.00528456s
 INFO: Computing semblance for m0 = 7560
 INFO: Total execution time for kernels is 0.00529855s
 INFO: Computing semblance for m0 = 7580
 INFO: Total execution time for kernels is 0.00526686s
 INFO: Computing semblance for m0 = 7600
 INFO: Total execution time for kernels is 0.00529708s
 INFO: Computing semblance for m0 = 7620
 INFO: Total execution time for kernels is 0.00530457s
 INFO: Computing semblance for m0 = 7640
 INFO: Total execution time for kernels is 0.00529745s
 INFO: Computing semblance for m0 = 7660
 INFO: Total execution time for kernels is 0.00529312s
 INFO: Computing semblance for m0 = 7680
 INFO: Total execution time for kernels is 0.00530181s
 INFO: Computing semblance for m0 = 7700
 INFO: Total execution time for kernels is 0.0052756s
 INFO: Computing semblance for m0 = 7720
 INFO: Total execution time for kernels is 0.00529353s
 INFO: Computing semblance for m0 = 7740
 INFO: Total execution time for kernels is 0.00530182s
 INFO: Computing semblance for m0 = 7760
 INFO: Total execution time for kernels is 0.00530502s
 INFO: Computing semblance for m0 = 7780
 INFO: Total execution time for kernels is 0.00527162s
 INFO: Computing semblance for m0 = 7800
 INFO: Total execution time for kernels is 0.00531104s
 INFO: Computing semblance for m0 = 7820
 INFO: Total execution time for kernels is 0.00530751s
 INFO: Computing semblance for m0 = 7840
 INFO: Total execution time for kernels is 0.00528902s
 INFO: Computing semblance for m0 = 7860
 INFO: Total execution time for kernels is 0.00526012s
 INFO: Computing semblance for m0 = 7880
 INFO: Total execution time for kernels is 0.0053109s
 INFO: Computing semblance for m0 = 7900
 INFO: Total execution time for kernels is 0.00527621s
 INFO: Computing semblance for m0 = 7920
 INFO: Total execution time for kernels is 0.00529205s
 INFO: Computing semblance for m0 = 7940
 INFO: Total execution time for kernels is 0.00525678s
 INFO: Computing semblance for m0 = 7960
 INFO: Total execution time for kernels is 0.00529867s
 INFO: Computing semblance for m0 = 7980
 INFO: Total execution time for kernels is 0.00528121s
 INFO: Computing semblance for m0 = 8000
 INFO: Total execution time for kernels is 0.00531947s
 INFO: Computing semblance for m0 = 8020
 INFO: Total execution time for kernels is 0.00530798s
 INFO: Computing semblance for m0 = 8040
 INFO: Total execution time for kernels is 0.0053046s
 INFO: Computing semblance for m0 = 8060
 INFO: Total execution time for kernels is 0.00530307s
 INFO: Computing semblance for m0 = 8080
 INFO: Total execution time for kernels is 0.00530995s
 INFO: Computing semblance for m0 = 8100
 INFO: Total execution time for kernels is 0.00528562s
 INFO: Computing semblance for m0 = 8120
 INFO: Total execution time for kernels is 0.00530774s
 INFO: Computing semblance for m0 = 8140
 INFO: Total execution time for kernels is 0.00530867s
 INFO: Computing semblance for m0 = 8160
 INFO: Total execution time for kernels is 0.00530377s
 INFO: Computing semblance for m0 = 8180
 INFO: Total execution time for kernels is 0.00529137s
 INFO: Computing semblance for m0 = 8200
 INFO: Total execution time for kernels is 0.00530726s
 INFO: Computing semblance for m0 = 8220
 INFO: Total execution time for kernels is 0.0052605s
 INFO: Computing semblance for m0 = 8240
 INFO: Total execution time for kernels is 0.00530518s
 INFO: Computing semblance for m0 = 8260
 INFO: Total execution time for kernels is 0.00529026s
 INFO: Computing semblance for m0 = 8280
 INFO: Total execution time for kernels is 0.00531188s
 INFO: Computing semblance for m0 = 8300
 INFO: Total execution time for kernels is 0.00529329s
 INFO: Computing semblance for m0 = 8320
 INFO: Total execution time for kernels is 0.00530795s
 INFO: Computing semblance for m0 = 8340
 INFO: Total execution time for kernels is 0.00527244s
 INFO: Computing semblance for m0 = 8360
 INFO: Total execution time for kernels is 0.00529187s
 INFO: Computing semblance for m0 = 8380
 INFO: Total execution time for kernels is 0.0052717s
 INFO: Computing semblance for m0 = 8400
 INFO: Total execution time for kernels is 0.00532216s
 INFO: Computing semblance for m0 = 8420
 INFO: Total execution time for kernels is 0.00529461s
 INFO: Computing semblance for m0 = 8440
 INFO: Total execution time for kernels is 0.00532338s
 INFO: Computing semblance for m0 = 8460
 INFO: Total execution time for kernels is 0.00528923s
 INFO: Computing semblance for m0 = 8480
 INFO: Total execution time for kernels is 0.00529113s
 INFO: Computing semblance for m0 = 8500
 INFO: Total execution time for kernels is 0.00527259s
 INFO: Computing semblance for m0 = 8520
 INFO: Total execution time for kernels is 0.00531259s
 INFO: Computing semblance for m0 = 8540
 INFO: Total execution time for kernels is 0.00527085s
 INFO: Computing semblance for m0 = 8560
 INFO: Total execution time for kernels is 0.00531631s
 INFO: Computing semblance for m0 = 8580
 INFO: Total execution time for kernels is 0.00528278s
 INFO: Computing semblance for m0 = 8600
 INFO: Total execution time for kernels is 0.00530281s
 INFO: Computing semblance for m0 = 8620
 INFO: Total execution time for kernels is 0.00529138s
 INFO: Computing semblance for m0 = 8640
 INFO: Total execution time for kernels is 0.00529279s
 INFO: Computing semblance for m0 = 8660
 INFO: Total execution time for kernels is 0.0052809s
 INFO: Computing semblance for m0 = 8680
 INFO: Total execution time for kernels is 0.00530038s
 INFO: Computing semblance for m0 = 8700
 INFO: Total execution time for kernels is 0.00528416s
 INFO: Computing semblance for m0 = 8720
 INFO: Total execution time for kernels is 0.00530397s
 INFO: Computing semblance for m0 = 8740
 INFO: Total execution time for kernels is 0.00527859s
 INFO: Computing semblance for m0 = 8760
 INFO: Total execution time for kernels is 0.00532283s
 INFO: Computing semblance for m0 = 8780
 INFO: Total execution time for kernels is 0.00526906s
 INFO: Computing semblance for m0 = 8800
 INFO: Total execution time for kernels is 0.00531316s
 INFO: Computing semblance for m0 = 8820
 INFO: Total execution time for kernels is 0.00528417s
 INFO: Computing semblance for m0 = 8840
 INFO: Total execution time for kernels is 0.00527916s
 INFO: Computing semblance for m0 = 8860
 INFO: Total execution time for kernels is 0.00526723s
 INFO: Computing semblance for m0 = 8880
 INFO: Total execution time for kernels is 0.00533641s
 INFO: Computing semblance for m0 = 8900
 INFO: Total execution time for kernels is 0.00527779s
 INFO: Computing semblance for m0 = 8920
 INFO: Total execution time for kernels is 0.00531927s
 INFO: Computing semblance for m0 = 8940
 INFO: Total execution time for kernels is 0.00526569s
 INFO: Computing semblance for m0 = 8960
 INFO: Total execution time for kernels is 0.00529159s
 INFO: Computing semblance for m0 = 8980
 INFO: Total execution time for kernels is 0.00527114s
 INFO: Computing semblance for m0 = 9000
 INFO: Total execution time for kernels is 0.005334s
 INFO: Computing semblance for m0 = 9020
 INFO: Total execution time for kernels is 0.00527559s
 INFO: Computing semblance for m0 = 9040
 INFO: Total execution time for kernels is 0.00534043s
 INFO: Computing semblance for m0 = 9060
 INFO: Total execution time for kernels is 0.00527075s
 INFO: Computing semblance for m0 = 9080
 INFO: Total execution time for kernels is 0.00507463s
 INFO: Computing semblance for m0 = 9100
 INFO: Total execution time for kernels is 0.00506438s
 INFO: Computing semblance for m0 = 9120
 INFO: Total execution time for kernels is 0.0048604s
 INFO: Computing semblance for m0 = 9140
 INFO: Total execution time for kernels is 0.00481898s
 INFO: Computing semblance for m0 = 9160
 INFO: Total execution time for kernels is 0.0045994s
 INFO: Computing semblance for m0 = 9180
 INFO: Total execution time for kernels is 0.00458556s
 INFO: Computing semblance for m0 = 9200
 INFO: Total execution time for kernels is 0.00441306s
 INFO: Computing semblance for m0 = 9220
 INFO: Total execution time for kernels is 0.00436181s
 INFO: Computing semblance for m0 = 9240
 INFO: Total execution time for kernels is 0.00417193s
 INFO: Computing semblance for m0 = 9260
 INFO: Total execution time for kernels is 0.00414291s
 INFO: Computing semblance for m0 = 9280
 INFO: Total execution time for kernels is 0.00395409s
 INFO: Computing semblance for m0 = 9300
 INFO: Total execution time for kernels is 0.00393975s
 INFO: Computing semblance for m0 = 9320
 INFO: Total execution time for kernels is 0.00376894s
 INFO: Computing semblance for m0 = 9340
 INFO: Total execution time for kernels is 0.00376823s
 INFO: Computing semblance for m0 = 9360
 INFO: Total execution time for kernels is 0.0035561s
 INFO: Computing semblance for m0 = 9380
 INFO: Total execution time for kernels is 0.00353374s
 INFO: Computing semblance for m0 = 9400
 INFO: Total execution time for kernels is 0.00334163s
 INFO: Computing semblance for m0 = 9420
 INFO: Total execution time for kernels is 0.00333869s
 INFO: Computing semblance for m0 = 9440
 INFO: Total execution time for kernels is 0.00317996s
 INFO: Computing semblance for m0 = 9460
 INFO: Total execution time for kernels is 0.00316516s
 INFO: Computing semblance for m0 = 9480
 INFO: Total execution time for kernels is 0.00299766s
 INFO: Computing semblance for m0 = 9500
 INFO: Total execution time for kernels is 0.00298235s
 INFO: Computing semblance for m0 = 9520
 INFO: Total execution time for kernels is 0.00280248s
 INFO: Computing semblance for m0 = 9540
 INFO: Total execution time for kernels is 0.00280953s
 INFO: Computing semblance for m0 = 9560
 INFO: Total execution time for kernels is 0.0026458s
 INFO: Computing semblance for m0 = 9580
 INFO: Total execution time for kernels is 0.0026286s
 INFO: Computing semblance for m0 = 9600
 INFO: Total execution time for kernels is 0.00245954s
 INFO: Computing semblance for m0 = 9620
 INFO: Total execution time for kernels is 0.00245169s
 INFO: Computing semblance for m0 = 9640
 INFO: Total execution time for kernels is 0.00229835s
 INFO: Computing semblance for m0 = 9660
 INFO: Total execution time for kernels is 0.00231182s
 INFO: Computing semblance for m0 = 9680
 INFO: Total execution time for kernels is 0.00213525s
 INFO: Computing semblance for m0 = 9700
 INFO: Total execution time for kernels is 0.0021433s
 INFO: Computing semblance for m0 = 9720
 INFO: Total execution time for kernels is 0.00199664s
 INFO: Computing semblance for m0 = 9740
 INFO: Total execution time for kernels is 0.00199006s
 INFO: Computing semblance for m0 = 9760
 INFO: Total execution time for kernels is 0.0018186s
 INFO: Computing semblance for m0 = 9780
 INFO: Total execution time for kernels is 0.00184391s
 INFO: Computing semblance for m0 = 9800
 INFO: Total execution time for kernels is 0.00168161s
 INFO: Computing semblance for m0 = 9820
 INFO: Total execution time for kernels is 0.0016736s
 INFO: Computing semblance for m0 = 9840
 INFO: Total execution time for kernels is 0.00150144s
 INFO: Computing semblance for m0 = 9860
 INFO: Total execution time for kernels is 0.00150606s
 INFO: Computing semblance for m0 = 9880
 INFO: Total execution time for kernels is 0.00129499s
 INFO: Computing semblance for m0 = 9900
 INFO: Total execution time for kernels is 0.00131268s
 INFO: Computing semblance for m0 = 9920
 INFO: Total execution time for kernels is 0.000981499s
 INFO: Computing semblance for m0 = 9940
 INFO: Total execution time for kernels is 0.000987173s
 INFO: Average of efficiency is 1
 INFO: Average of interpolations_per_sec is 2.01882e+11
 INFO: Average of selected_traces is 20.6742
 INFO: Average of total_selection_kernel_exec_time is 0.000344167
 INFO: Average of total_kernel_exec_time is 0.00484526
 INFO: Results written to /home/ubuntu/nfs/out/0447d1c_p3.2xlarge/cmp/greedy/cuda/simple-synthetic_1/simple-synthetic_greedy_cmp_20201231_2117/
 INFO: It took 6.97359s to compute.
