 INFO: Number of CDPs = 445
 INFO: Number of traces in the gather = 9200
 INFO: Number of samples per trace = 2502
 INFO: Starting worker threads...
 INFO: Computing semblance for m0 = 0
 INFO: Computing semblance for m0 = 1080
 INFO: Computing semblance for m0 = 1100
 INFO: Total execution time for kernels is 0.00328032s
 INFO: Computing semblance for m0 = 1120
 INFO: Computing semblance for m0 = 1140
 INFO: Computing semblance for m0 = 1160
 INFO: Computing semblance for m0 = 1180
 INFO: Computing semblance for m0 = 1200
 INFO: Computing semblance for m0 = 1220
 INFO: Total execution time for kernels is 0.105373s
 INFO: Computing semblance for m0 = 1240
 INFO: Total execution time for kernels is 0.130918s
 INFO: Computing semblance for m0 = 1260
 INFO: Total execution time for kernels is 0.156762s
 INFO: Computing semblance for m0 = 1280
 INFO: Total execution time for kernels is 0.185387s
 INFO: Computing semblance for m0 = 1300
 INFO: Total execution time for kernels is 0.206078s
 INFO: Computing semblance for m0 = 1320
 INFO: Total execution time for kernels is 0.231792s
 INFO: Computing semblance for m0 = 1340
 INFO: Total execution time for kernels is 0.265102s
 INFO: Computing semblance for m0 = 1360
 INFO: Total execution time for kernels is 0.297095s
 INFO: Computing semblance for m0 = 1380
 INFO: Total execution time for kernels is 0.311992s
 INFO: Computing semblance for m0 = 1400
 INFO: Total execution time for kernels is 0.33892s
 INFO: Computing semblance for m0 = 1420
 INFO: Total execution time for kernels is 0.366438s
 INFO: Computing semblance for m0 = 1440
 INFO: Total execution time for kernels is 0.386579s
 INFO: Computing semblance for m0 = 1460
 INFO: Total execution time for kernels is 0.384997s
 INFO: Computing semblance for m0 = 1480
 INFO: Total execution time for kernels is 0.398746s
 INFO: Computing semblance for m0 = 1500
 INFO: Total execution time for kernels is 0.406723s
 INFO: Computing semblance for m0 = 1520
 INFO: Total execution time for kernels is 0.430245s
 INFO: Computing semblance for m0 = 1540
 INFO: Total execution time for kernels is 0.432906s
 INFO: Computing semblance for m0 = 1560
 INFO: Total execution time for kernels is 0.447745s
 INFO: Computing semblance for m0 = 1580
 INFO: Total execution time for kernels is 0.456617s
 INFO: Computing semblance for m0 = 1600
 INFO: Total execution time for kernels is 0.479898s
 INFO: Computing semblance for m0 = 1620
 INFO: Total execution time for kernels is 0.482493s
 INFO: Computing semblance for m0 = 1640
 INFO: Total execution time for kernels is 0.511299s
 INFO: Computing semblance for m0 = 1660
 INFO: Total execution time for kernels is 0.524282s
 INFO: Computing semblance for m0 = 1680
 INFO: Total execution time for kernels is 0.54779s
 INFO: Computing semblance for m0 = 1700
 INFO: Total execution time for kernels is 0.56866s
 INFO: Computing semblance for m0 = 1720
 INFO: Total execution time for kernels is 0.589895s
 INFO: Computing semblance for m0 = 1740
 INFO: Total execution time for kernels is 0.627974s
 INFO: Computing semblance for m0 = 1760
 INFO: Total execution time for kernels is 0.632865s
 INFO: Computing semblance for m0 = 1780
 INFO: Total execution time for kernels is 0.653691s
 INFO: Computing semblance for m0 = 1800
 INFO: Total execution time for kernels is 0.695615s
 INFO: Computing semblance for m0 = 1820
 INFO: Total execution time for kernels is 0.700125s
 INFO: Computing semblance for m0 = 1840
 INFO: Total execution time for kernels is 0.721363s
 INFO: Computing semblance for m0 = 1860
 INFO: Total execution time for kernels is 0.741177s
 INFO: Computing semblance for m0 = 1880
 INFO: Total execution time for kernels is 0.756256s
 INFO: Computing semblance for m0 = 1900
 INFO: Total execution time for kernels is 0.806877s
 INFO: Computing semblance for m0 = 1920
 INFO: Total execution time for kernels is 0.802664s
 INFO: Computing semblance for m0 = 1940
 INFO: Total execution time for kernels is 0.815147s
 INFO: Computing semblance for m0 = 1960
 INFO: Total execution time for kernels is 0.859106s
 INFO: Computing semblance for m0 = 1980
 INFO: Total execution time for kernels is 0.848807s
 INFO: Computing semblance for m0 = 2000
 INFO: Total execution time for kernels is 0.868577s
 INFO: Computing semblance for m0 = 2020
 INFO: Total execution time for kernels is 0.878467s
 INFO: Computing semblance for m0 = 2040
 INFO: Total execution time for kernels is 0.884646s
 INFO: Computing semblance for m0 = 2060
 INFO: Total execution time for kernels is 0.935203s
 INFO: Computing semblance for m0 = 2080
 INFO: Total execution time for kernels is 0.911197s
 INFO: Computing semblance for m0 = 2100
 INFO: Total execution time for kernels is 0.919251s
 INFO: Computing semblance for m0 = 2120
 INFO: Total execution time for kernels is 0.958892s
 INFO: Computing semblance for m0 = 2140
 INFO: Total execution time for kernels is 0.932991s
 INFO: Computing semblance for m0 = 2160
 INFO: Total execution time for kernels is 0.956745s
 INFO: Computing semblance for m0 = 2180
 INFO: Total execution time for kernels is 0.942294s
 INFO: Computing semblance for m0 = 2200
 INFO: Total execution time for kernels is 0.941295s
 INFO: Computing semblance for m0 = 2220
 INFO: Total execution time for kernels is 0.997243s
 INFO: Computing semblance for m0 = 2240
 INFO: Total execution time for kernels is 0.953128s
 INFO: Computing semblance for m0 = 2260
 INFO: Total execution time for kernels is 0.965733s
 INFO: Computing semblance for m0 = 2280
 INFO: Total execution time for kernels is 0.952741s
 INFO: Computing semblance for m0 = 2300
 INFO: Total execution time for kernels is 0.994009s
 INFO: Computing semblance for m0 = 2320
 INFO: Total execution time for kernels is 0.966936s
 INFO: Computing semblance for m0 = 2340
 INFO: Total execution time for kernels is 0.957845s
 INFO: Computing semblance for m0 = 2360
 INFO: Total execution time for kernels is 0.949489s
 INFO: Computing semblance for m0 = 2380
 INFO: Total execution time for kernels is 0.960639s
 INFO: Computing semblance for m0 = 2400
 INFO: Total execution time for kernels is 1.00682s
 INFO: Computing semblance for m0 = 2420
 INFO: Total execution time for kernels is 0.969294s
 INFO: Computing semblance for m0 = 2440
 INFO: Total execution time for kernels is 0.954757s
 INFO: Computing semblance for m0 = 2460
 INFO: Total execution time for kernels is 0.994165s
 INFO: Computing semblance for m0 = 2480
 INFO: Total execution time for kernels is 0.971175s
 INFO: Computing semblance for m0 = 2500
 INFO: Total execution time for kernels is 0.960764s
 INFO: Computing semblance for m0 = 2520
 INFO: Total execution time for kernels is 0.955675s
 INFO: Computing semblance for m0 = 2540
 INFO: Total execution time for kernels is 0.961661s
 INFO: Computing semblance for m0 = 2560
 INFO: Total execution time for kernels is 1.01203s
 INFO: Computing semblance for m0 = 2580
 INFO: Total execution time for kernels is 0.975246s
 INFO: Computing semblance for m0 = 2600
 INFO: Total execution time for kernels is 0.966357s
 INFO: Computing semblance for m0 = 2620
 INFO: Total execution time for kernels is 1.00221s
 INFO: Computing semblance for m0 = 2640
 INFO: Total execution time for kernels is 0.981648s
 INFO: Computing semblance for m0 = 2660
 INFO: Total execution time for kernels is 0.964822s
 INFO: Computing semblance for m0 = 2680
 INFO: Total execution time for kernels is 0.967414s
 INFO: Computing semblance for m0 = 2700
 INFO: Total execution time for kernels is 0.975424s
 INFO: Computing semblance for m0 = 2720
 INFO: Total execution time for kernels is 0.988845s
 INFO: Computing semblance for m0 = 2740
 INFO: Total execution time for kernels is 1.02518s
 INFO: Computing semblance for m0 = 2760
 INFO: Total execution time for kernels is 0.980075s
 INFO: Computing semblance for m0 = 2780
 INFO: Total execution time for kernels is 1.01796s
 INFO: Computing semblance for m0 = 2800
 INFO: Total execution time for kernels is 0.987095s
 INFO: Computing semblance for m0 = 2820
 INFO: Total execution time for kernels is 0.97635s
 INFO: Computing semblance for m0 = 2840
 INFO: Total execution time for kernels is 0.960213s
 INFO: Computing semblance for m0 = 2860
 INFO: Total execution time for kernels is 0.96288s
 INFO: Computing semblance for m0 = 2880
 INFO: Total execution time for kernels is 0.968777s
 INFO: Computing semblance for m0 = 2900
 INFO: Total execution time for kernels is 1.01134s
 INFO: Computing semblance for m0 = 2920
 INFO: Total execution time for kernels is 0.948148s
 INFO: Computing semblance for m0 = 2940
 INFO: Total execution time for kernels is 0.990686s
 INFO: Computing semblance for m0 = 2960
 INFO: Total execution time for kernels is 0.964034s
 INFO: Computing semblance for m0 = 2980
 INFO: Total execution time for kernels is 0.954325s
 INFO: Computing semblance for m0 = 3000
 INFO: Total execution time for kernels is 0.947767s
 INFO: Computing semblance for m0 = 3020
 INFO: Total execution time for kernels is 0.959492s
 INFO: Computing semblance for m0 = 3040
 INFO: Total execution time for kernels is 0.964557s
 INFO: Computing semblance for m0 = 3060
 INFO: Total execution time for kernels is 1.00367s
 INFO: Computing semblance for m0 = 3080
 INFO: Total execution time for kernels is 0.958885s
 INFO: Computing semblance for m0 = 3100
 INFO: Total execution time for kernels is 0.998714s
 INFO: Computing semblance for m0 = 3120
 INFO: Total execution time for kernels is 0.967336s
 INFO: Computing semblance for m0 = 3140
 INFO: Total execution time for kernels is 0.96043s
 INFO: Computing semblance for m0 = 3160
 INFO: Total execution time for kernels is 0.950223s
 INFO: Computing semblance for m0 = 3180
 INFO: Total execution time for kernels is 0.954441s
 INFO: Computing semblance for m0 = 3200
 INFO: Total execution time for kernels is 0.975794s
 INFO: Computing semblance for m0 = 3220
 INFO: Total execution time for kernels is 1.01359s
 INFO: Computing semblance for m0 = 3240
 INFO: Total execution time for kernels is 0.961393s
 INFO: Computing semblance for m0 = 3260
 INFO: Total execution time for kernels is 0.978725s
 INFO: Computing semblance for m0 = 3280
 INFO: Total execution time for kernels is 1.00007s
 INFO: Computing semblance for m0 = 3300
 INFO: Total execution time for kernels is 0.958692s
 INFO: Computing semblance for m0 = 3320
 INFO: Total execution time for kernels is 0.954299s
 INFO: Computing semblance for m0 = 3340
 INFO: Total execution time for kernels is 0.961069s
 INFO: Computing semblance for m0 = 3360
 INFO: Total execution time for kernels is 0.97222s
 INFO: Computing semblance for m0 = 3380
 INFO: Total execution time for kernels is 0.949642s
 INFO: Computing semblance for m0 = 3400
 INFO: Total execution time for kernels is 0.998359s
 INFO: Computing semblance for m0 = 3420
 INFO: Total execution time for kernels is 0.963095s
 INFO: Computing semblance for m0 = 3440
 INFO: Total execution time for kernels is 0.985834s
 INFO: Computing semblance for m0 = 3460
 INFO: Total execution time for kernels is 0.952663s
 INFO: Computing semblance for m0 = 3480
 INFO: Total execution time for kernels is 0.941957s
 INFO: Computing semblance for m0 = 3500
 INFO: Total execution time for kernels is 0.949733s
 INFO: Computing semblance for m0 = 3520
 INFO: Total execution time for kernels is 0.963498s
 INFO: Computing semblance for m0 = 3540
 INFO: Total execution time for kernels is 0.948673s
 INFO: Computing semblance for m0 = 3560
 INFO: Total execution time for kernels is 0.991496s
 INFO: Computing semblance for m0 = 3580
 INFO: Total execution time for kernels is 0.956122s
 INFO: Computing semblance for m0 = 3600
 INFO: Total execution time for kernels is 0.945752s
 INFO: Computing semblance for m0 = 3620
 INFO: Total execution time for kernels is 0.986907s
 INFO: Computing semblance for m0 = 3640
 INFO: Total execution time for kernels is 0.939847s
 INFO: Computing semblance for m0 = 3660
 INFO: Total execution time for kernels is 0.942958s
 INFO: Computing semblance for m0 = 3680
 INFO: Total execution time for kernels is 0.960834s
 INFO: Computing semblance for m0 = 3700
 INFO: Total execution time for kernels is 0.941657s
 INFO: Computing semblance for m0 = 3720
 INFO: Total execution time for kernels is 0.991433s
 INFO: Computing semblance for m0 = 3740
 INFO: Total execution time for kernels is 0.940144s
 INFO: Computing semblance for m0 = 3760
 INFO: Total execution time for kernels is 0.955063s
 INFO: Computing semblance for m0 = 3780
 INFO: Total execution time for kernels is 0.942733s
 INFO: Computing semblance for m0 = 3800
 INFO: Total execution time for kernels is 0.980343s
 INFO: Computing semblance for m0 = 3820
 INFO: Total execution time for kernels is 0.950617s
 INFO: Computing semblance for m0 = 3840
 INFO: Total execution time for kernels is 0.966048s
 INFO: Computing semblance for m0 = 3860
 INFO: Total execution time for kernels is 0.94467s
 INFO: Computing semblance for m0 = 3880
 INFO: Total execution time for kernels is 1.002s
 INFO: Computing semblance for m0 = 3900
 INFO: Total execution time for kernels is 0.950034s
 INFO: Computing semblance for m0 = 3920
 INFO: Total execution time for kernels is 0.964904s
 INFO: Computing semblance for m0 = 3940
 INFO: Total execution time for kernels is 0.940657s
 INFO: Computing semblance for m0 = 3960
 INFO: Total execution time for kernels is 0.988517s
 INFO: Computing semblance for m0 = 3980
 INFO: Total execution time for kernels is 0.946359s
 INFO: Computing semblance for m0 = 4000
 INFO: Total execution time for kernels is 0.962891s
 INFO: Computing semblance for m0 = 4020
 INFO: Total execution time for kernels is 0.947651s
 INFO: Computing semblance for m0 = 4040
 INFO: Total execution time for kernels is 1.00477s
 INFO: Computing semblance for m0 = 4060
 INFO: Total execution time for kernels is 0.945496s
 INFO: Computing semblance for m0 = 4080
 INFO: Total execution time for kernels is 0.93614s
 INFO: Computing semblance for m0 = 4100
 INFO: Total execution time for kernels is 0.966665s
 INFO: Computing semblance for m0 = 4120
 INFO: Total execution time for kernels is 0.984845s
 INFO: Computing semblance for m0 = 4140
 INFO: Total execution time for kernels is 0.944641s
 INFO: Computing semblance for m0 = 4160
 INFO: Total execution time for kernels is 0.964412s
 INFO: Computing semblance for m0 = 4180
 INFO: Total execution time for kernels is 0.937666s
 INFO: Computing semblance for m0 = 4200
 INFO: Total execution time for kernels is 0.944734s
 INFO: Computing semblance for m0 = 4220
 INFO: Total execution time for kernels is 0.943771s
 INFO: Computing semblance for m0 = 4240
 INFO: Total execution time for kernels is 1.00633s
 INFO: Computing semblance for m0 = 4260
 INFO: Total execution time for kernels is 0.957619s
 INFO: Computing semblance for m0 = 4280
 INFO: Total execution time for kernels is 0.982547s
 INFO: Computing semblance for m0 = 4300
 INFO: Total execution time for kernels is 0.944272s
 INFO: Computing semblance for m0 = 4320
 INFO: Total execution time for kernels is 0.947589s
 INFO: Computing semblance for m0 = 4340
 INFO: Total execution time for kernels is 0.969787s
 INFO: Computing semblance for m0 = 4360
 INFO: Total execution time for kernels is 0.971847s
 INFO: Computing semblance for m0 = 4380
 INFO: Total execution time for kernels is 0.962633s
 INFO: Computing semblance for m0 = 4400
 INFO: Total execution time for kernels is 0.981731s
 INFO: Computing semblance for m0 = 4420
 INFO: Total execution time for kernels is 1.017s
 INFO: Computing semblance for m0 = 4440
 INFO: Total execution time for kernels is 1.00261s
 INFO: Computing semblance for m0 = 4460
 INFO: Total execution time for kernels is 0.966506s
 INFO: Computing semblance for m0 = 4480
 INFO: Total execution time for kernels is 0.96788s
 INFO: Computing semblance for m0 = 4500
 INFO: Total execution time for kernels is 0.98487s
 INFO: Computing semblance for m0 = 4520
 INFO: Total execution time for kernels is 0.964662s
 INFO: Computing semblance for m0 = 4540
 INFO: Total execution time for kernels is 0.960512s
 INFO: Computing semblance for m0 = 4560
 INFO: Total execution time for kernels is 0.982161s
 INFO: Computing semblance for m0 = 4580
 INFO: Total execution time for kernels is 1.01189s
 INFO: Computing semblance for m0 = 4600
 INFO: Total execution time for kernels is 1.004s
 INFO: Computing semblance for m0 = 4620
 INFO: Total execution time for kernels is 0.963567s
 INFO: Computing semblance for m0 = 4640
 INFO: Total execution time for kernels is 0.961019s
 INFO: Computing semblance for m0 = 4660
 INFO: Total execution time for kernels is 0.970856s
 INFO: Computing semblance for m0 = 4680
 INFO: Total execution time for kernels is 0.962252s
 INFO: Computing semblance for m0 = 4700
 INFO: Total execution time for kernels is 0.953754s
 INFO: Computing semblance for m0 = 4720
 INFO: Total execution time for kernels is 0.977592s
 INFO: Computing semblance for m0 = 4740
 INFO: Total execution time for kernels is 1.00937s
 INFO: Computing semblance for m0 = 4760
 INFO: Total execution time for kernels is 0.991197s
 INFO: Computing semblance for m0 = 4780
 INFO: Total execution time for kernels is 0.947722s
 INFO: Computing semblance for m0 = 4800
 INFO: Total execution time for kernels is 0.946563s
 INFO: Computing semblance for m0 = 4820
 INFO: Total execution time for kernels is 0.958034s
 INFO: Computing semblance for m0 = 4840
 INFO: Total execution time for kernels is 0.947834s
 INFO: Computing semblance for m0 = 4860
 INFO: Total execution time for kernels is 0.954074s
 INFO: Computing semblance for m0 = 4880
 INFO: Total execution time for kernels is 0.965654s
 INFO: Computing semblance for m0 = 4900
 INFO: Total execution time for kernels is 1.01568s
 INFO: Computing semblance for m0 = 4920
 INFO: Total execution time for kernels is 0.995731s
 INFO: Computing semblance for m0 = 4940
 INFO: Total execution time for kernels is 0.959399s
 INFO: Computing semblance for m0 = 4960
 INFO: Total execution time for kernels is 0.95546s
 INFO: Computing semblance for m0 = 4980
 INFO: Total execution time for kernels is 0.975526s
 INFO: Computing semblance for m0 = 5000
 INFO: Total execution time for kernels is 0.957881s
 INFO: Computing semblance for m0 = 5020
 INFO: Total execution time for kernels is 0.963672s
 INFO: Computing semblance for m0 = 5040
 INFO: Total execution time for kernels is 0.97461s
 INFO: Computing semblance for m0 = 5060
 INFO: Total execution time for kernels is 1.0164s
 INFO: Computing semblance for m0 = 5080
 INFO: Total execution time for kernels is 1.00322s
 INFO: Computing semblance for m0 = 5100
 INFO: Total execution time for kernels is 0.96216s
 INFO: Computing semblance for m0 = 5120
 INFO: Total execution time for kernels is 0.967417s
 INFO: Computing semblance for m0 = 5140
 INFO: Total execution time for kernels is 0.982571s
 INFO: Computing semblance for m0 = 5160
 INFO: Total execution time for kernels is 0.963952s
 INFO: Computing semblance for m0 = 5180
 INFO: Total execution time for kernels is 0.971774s
 INFO: Computing semblance for m0 = 5200
 INFO: Total execution time for kernels is 0.981876s
 INFO: Computing semblance for m0 = 5220
 INFO: Total execution time for kernels is 1.03191s
 INFO: Computing semblance for m0 = 5240
 INFO: Total execution time for kernels is 0.977711s
 INFO: Computing semblance for m0 = 5260
 INFO: Total execution time for kernels is 1.01758s
 INFO: Computing semblance for m0 = 5280
 INFO: Total execution time for kernels is 0.974046s
 INFO: Computing semblance for m0 = 5300
 INFO: Total execution time for kernels is 0.992897s
 INFO: Computing semblance for m0 = 5320
 INFO: Total execution time for kernels is 0.971154s
 INFO: Computing semblance for m0 = 5340
 INFO: Total execution time for kernels is 0.96881s
 INFO: Computing semblance for m0 = 5360
 INFO: Total execution time for kernels is 0.987048s
 INFO: Computing semblance for m0 = 5380
 INFO: Total execution time for kernels is 1.01439s
 INFO: Computing semblance for m0 = 5400
 INFO: Total execution time for kernels is 0.965485s
 INFO: Computing semblance for m0 = 5420
 INFO: Total execution time for kernels is 0.997704s
 INFO: Computing semblance for m0 = 5440
 INFO: Total execution time for kernels is 0.962545s
 INFO: Computing semblance for m0 = 5460
 INFO: Total execution time for kernels is 0.978425s
 INFO: Computing semblance for m0 = 5480
 INFO: Total execution time for kernels is 0.958077s
 INFO: Computing semblance for m0 = 5500
 INFO: Total execution time for kernels is 0.958794s
 INFO: Computing semblance for m0 = 5520
 INFO: Total execution time for kernels is 0.970139s
 INFO: Computing semblance for m0 = 5540
 INFO: Total execution time for kernels is 0.961657s
 INFO: Computing semblance for m0 = 5560
 INFO: Total execution time for kernels is 1.00979s
 INFO: Computing semblance for m0 = 5580
 INFO: Total execution time for kernels is 1.0028s
 INFO: Computing semblance for m0 = 5600
 INFO: Total execution time for kernels is 0.964505s
 INFO: Computing semblance for m0 = 5620
 INFO: Total execution time for kernels is 0.979018s
 INFO: Computing semblance for m0 = 5640
 INFO: Total execution time for kernels is 0.96223s
 INFO: Computing semblance for m0 = 5660
 INFO: Total execution time for kernels is 0.964756s
 INFO: Computing semblance for m0 = 5680
 INFO: Total execution time for kernels is 0.978129s
 INFO: Computing semblance for m0 = 5700
 INFO: Total execution time for kernels is 0.961146s
 INFO: Computing semblance for m0 = 5720
 INFO: Total execution time for kernels is 1.01628s
 INFO: Computing semblance for m0 = 5740
 INFO: Total execution time for kernels is 1.00367s
 INFO: Computing semblance for m0 = 5760
 INFO: Total execution time for kernels is 0.979343s
 INFO: Computing semblance for m0 = 5780
 INFO: Total execution time for kernels is 0.996394s
 INFO: Computing semblance for m0 = 5800
 INFO: Total execution time for kernels is 0.97642s
 INFO: Computing semblance for m0 = 5820
 INFO: Total execution time for kernels is 0.986479s
 INFO: Computing semblance for m0 = 5840
 INFO: Total execution time for kernels is 0.993924s
 INFO: Computing semblance for m0 = 5860
 INFO: Total execution time for kernels is 0.977763s
 INFO: Computing semblance for m0 = 5880
 INFO: Total execution time for kernels is 1.02591s
 INFO: Computing semblance for m0 = 5900
 INFO: Total execution time for kernels is 1.01579s
 INFO: Computing semblance for m0 = 5920
 INFO: Total execution time for kernels is 0.979852s
 INFO: Computing semblance for m0 = 5940
 INFO: Total execution time for kernels is 0.999318s
 INFO: Computing semblance for m0 = 5960
 INFO: Total execution time for kernels is 0.979789s
 INFO: Computing semblance for m0 = 5980
 INFO: Total execution time for kernels is 0.978285s
 INFO: Computing semblance for m0 = 6000
 INFO: Total execution time for kernels is 0.989999s
 INFO: Computing semblance for m0 = 6020
 INFO: Total execution time for kernels is 0.97718s
 INFO: Computing semblance for m0 = 6040
 INFO: Total execution time for kernels is 1.03508s
 INFO: Computing semblance for m0 = 6060
 INFO: Total execution time for kernels is 1.0155s
 INFO: Computing semblance for m0 = 6080
 INFO: Total execution time for kernels is 0.972955s
 INFO: Computing semblance for m0 = 6100
 INFO: Total execution time for kernels is 0.987587s
 INFO: Computing semblance for m0 = 6120
 INFO: Total execution time for kernels is 0.949085s
 INFO: Computing semblance for m0 = 6140
 INFO: Total execution time for kernels is 0.951238s
 INFO: Computing semblance for m0 = 6160
 INFO: Total execution time for kernels is 0.9646s
 INFO: Computing semblance for m0 = 6180
 INFO: Total execution time for kernels is 0.952994s
 INFO: Computing semblance for m0 = 6200
 INFO: Total execution time for kernels is 0.987436s
 INFO: Computing semblance for m0 = 6220
 INFO: Total execution time for kernels is 1.00808s
 INFO: Computing semblance for m0 = 6240
 INFO: Total execution time for kernels is 0.948202s
 INFO: Computing semblance for m0 = 6260
 INFO: Total execution time for kernels is 0.962656s
 INFO: Computing semblance for m0 = 6280
 INFO: Total execution time for kernels is 0.943215s
 INFO: Computing semblance for m0 = 6300
 INFO: Total execution time for kernels is 0.950833s
 INFO: Computing semblance for m0 = 6320
 INFO: Total execution time for kernels is 0.965668s
 INFO: Computing semblance for m0 = 6340
 INFO: Total execution time for kernels is 0.957345s
 INFO: Computing semblance for m0 = 6360
 INFO: Total execution time for kernels is 0.955156s
 INFO: Computing semblance for m0 = 6380
 INFO: Total execution time for kernels is 0.995484s
 INFO: Computing semblance for m0 = 6400
 INFO: Total execution time for kernels is 1.02035s
 INFO: Computing semblance for m0 = 6420
 INFO: Total execution time for kernels is 0.977092s
 INFO: Computing semblance for m0 = 6440
 INFO: Total execution time for kernels is 0.953756s
 INFO: Computing semblance for m0 = 6460
 INFO: Total execution time for kernels is 0.960879s
 INFO: Computing semblance for m0 = 6480
 INFO: Total execution time for kernels is 0.97525s
 INFO: Computing semblance for m0 = 6500
 INFO: Total execution time for kernels is 0.960361s
 INFO: Computing semblance for m0 = 6520
 INFO: Total execution time for kernels is 0.959938s
 INFO: Computing semblance for m0 = 6540
 INFO: Total execution time for kernels is 1.0007s
 INFO: Computing semblance for m0 = 6560
 INFO: Total execution time for kernels is 1.01774s
 INFO: Computing semblance for m0 = 6580
 INFO: Total execution time for kernels is 0.975594s
 INFO: Computing semblance for m0 = 6600
 INFO: Total execution time for kernels is 0.955604s
 INFO: Computing semblance for m0 = 6620
 INFO: Total execution time for kernels is 0.959449s
 INFO: Computing semblance for m0 = 6640
 INFO: Total execution time for kernels is 0.973915s
 INFO: Computing semblance for m0 = 6660
 INFO: Total execution time for kernels is 0.957381s
 INFO: Computing semblance for m0 = 6680
 INFO: Total execution time for kernels is 0.962099s
 INFO: Computing semblance for m0 = 6700
 INFO: Total execution time for kernels is 0.998171s
 INFO: Computing semblance for m0 = 6720
 INFO: Total execution time for kernels is 1.02341s
 INFO: Computing semblance for m0 = 6740
 INFO: Total execution time for kernels is 0.9797s
 INFO: Computing semblance for m0 = 6760
 INFO: Total execution time for kernels is 0.960292s
 INFO: Computing semblance for m0 = 6780
 INFO: Total execution time for kernels is 0.96205s
 INFO: Computing semblance for m0 = 6800
 INFO: Total execution time for kernels is 0.979312s
 INFO: Computing semblance for m0 = 6820
 INFO: Total execution time for kernels is 0.961624s
 INFO: Computing semblance for m0 = 6840
 INFO: Total execution time for kernels is 0.96406s
 INFO: Computing semblance for m0 = 6860
 INFO: Total execution time for kernels is 0.995393s
 INFO: Computing semblance for m0 = 6880
 INFO: Total execution time for kernels is 1.00793s
 INFO: Computing semblance for m0 = 6900
 INFO: Total execution time for kernels is 0.953416s
 INFO: Computing semblance for m0 = 6920
 INFO: Total execution time for kernels is 0.975976s
 INFO: Computing semblance for m0 = 6940
 INFO: Total execution time for kernels is 0.954703s
 INFO: Computing semblance for m0 = 6960
 INFO: Total execution time for kernels is 0.96947s
 INFO: Computing semblance for m0 = 6980
 INFO: Total execution time for kernels is 0.953757s
 INFO: Computing semblance for m0 = 7000
 INFO: Total execution time for kernels is 0.956576s
 INFO: Computing semblance for m0 = 7020
 INFO: Total execution time for kernels is 0.995779s
 INFO: Computing semblance for m0 = 7040
 INFO: Total execution time for kernels is 0.952725s
 INFO: Computing semblance for m0 = 7060
 INFO: Total execution time for kernels is 1.01259s
 INFO: Computing semblance for m0 = 7080
 INFO: Total execution time for kernels is 0.980773s
 INFO: Computing semblance for m0 = 7100
 INFO: Total execution time for kernels is 0.959297s
 INFO: Computing semblance for m0 = 7120
 INFO: Total execution time for kernels is 0.97506s
 INFO: Computing semblance for m0 = 7140
 INFO: Total execution time for kernels is 0.964597s
 INFO: Computing semblance for m0 = 7160
 INFO: Total execution time for kernels is 0.965107s
 INFO: Computing semblance for m0 = 7180
 INFO: Total execution time for kernels is 1.00403s
 INFO: Computing semblance for m0 = 7200
 INFO: Total execution time for kernels is 0.961296s
 INFO: Computing semblance for m0 = 7220
 INFO: Total execution time for kernels is 0.986654s
 INFO: Computing semblance for m0 = 7240
 INFO: Total execution time for kernels is 0.969453s
 INFO: Computing semblance for m0 = 7260
 INFO: Total execution time for kernels is 1.01756s
 INFO: Computing semblance for m0 = 7280
 INFO: Total execution time for kernels is 0.98355s
 INFO: Computing semblance for m0 = 7300
 INFO: Total execution time for kernels is 0.968897s
 INFO: Computing semblance for m0 = 7320
 INFO: Total execution time for kernels is 0.969969s
 INFO: Computing semblance for m0 = 7340
 INFO: Total execution time for kernels is 0.965856s
 INFO: Computing semblance for m0 = 7360
 INFO: Total execution time for kernels is 1.00863s
 INFO: Computing semblance for m0 = 7380
 INFO: Total execution time for kernels is 0.96834s
 INFO: Computing semblance for m0 = 7400
 INFO: Total execution time for kernels is 0.990079s
 INFO: Computing semblance for m0 = 7420
 INFO: Total execution time for kernels is 1.02112s
 INFO: Computing semblance for m0 = 7440
 INFO: Total execution time for kernels is 0.989922s
 INFO: Computing semblance for m0 = 7460
 INFO: Total execution time for kernels is 0.975045s
 INFO: Computing semblance for m0 = 7480
 INFO: Total execution time for kernels is 0.971461s
 INFO: Computing semblance for m0 = 7500
 INFO: Total execution time for kernels is 0.966052s
 INFO: Computing semblance for m0 = 7520
 INFO: Total execution time for kernels is 1.01128s
 INFO: Computing semblance for m0 = 7540
 INFO: Total execution time for kernels is 0.97321s
 INFO: Computing semblance for m0 = 7560
 INFO: Total execution time for kernels is 0.989273s
 INFO: Computing semblance for m0 = 7580
 INFO: Total execution time for kernels is 1.02653s
 INFO: Computing semblance for m0 = 7600
 INFO: Total execution time for kernels is 0.985524s
 INFO: Computing semblance for m0 = 7620
 INFO: Total execution time for kernels is 0.973702s
 INFO: Computing semblance for m0 = 7640
 INFO: Total execution time for kernels is 0.967761s
 INFO: Computing semblance for m0 = 7660
 INFO: Total execution time for kernels is 0.963588s
 INFO: Computing semblance for m0 = 7680
 INFO: Total execution time for kernels is 0.965216s
 INFO: Computing semblance for m0 = 7700
 INFO: Total execution time for kernels is 1.01142s
 INFO: Computing semblance for m0 = 7720
 INFO: Total execution time for kernels is 0.979251s
 INFO: Computing semblance for m0 = 7740
 INFO: Total execution time for kernels is 1.01342s
 INFO: Computing semblance for m0 = 7760
 INFO: Total execution time for kernels is 0.974295s
 INFO: Computing semblance for m0 = 7780
 INFO: Total execution time for kernels is 0.957951s
 INFO: Computing semblance for m0 = 7800
 INFO: Total execution time for kernels is 0.957391s
 INFO: Computing semblance for m0 = 7820
 INFO: Total execution time for kernels is 0.950722s
 INFO: Computing semblance for m0 = 7840
 INFO: Total execution time for kernels is 0.957824s
 INFO: Computing semblance for m0 = 7860
 INFO: Total execution time for kernels is 0.993627s
 INFO: Computing semblance for m0 = 7880
 INFO: Total execution time for kernels is 0.976524s
 INFO: Computing semblance for m0 = 7900
 INFO: Total execution time for kernels is 1.0161s
 INFO: Computing semblance for m0 = 7920
 INFO: Total execution time for kernels is 0.970644s
 INFO: Computing semblance for m0 = 7940
 INFO: Total execution time for kernels is 0.963235s
 INFO: Computing semblance for m0 = 7960
 INFO: Total execution time for kernels is 0.953903s
 INFO: Computing semblance for m0 = 7980
 INFO: Total execution time for kernels is 0.961049s
 INFO: Computing semblance for m0 = 8000
 INFO: Total execution time for kernels is 0.970557s
 INFO: Computing semblance for m0 = 8020
 INFO: Total execution time for kernels is 0.981379s
 INFO: Computing semblance for m0 = 8040
 INFO: Total execution time for kernels is 1.00533s
 INFO: Computing semblance for m0 = 8060
 INFO: Total execution time for kernels is 1.01566s
 INFO: Computing semblance for m0 = 8080
 INFO: Total execution time for kernels is 0.972675s
 INFO: Computing semblance for m0 = 8100
 INFO: Total execution time for kernels is 0.951663s
 INFO: Computing semblance for m0 = 8120
 INFO: Total execution time for kernels is 0.951071s
 INFO: Computing semblance for m0 = 8140
 INFO: Total execution time for kernels is 0.947602s
 INFO: Computing semblance for m0 = 8160
 INFO: Total execution time for kernels is 0.950967s
 INFO: Computing semblance for m0 = 8180
 INFO: Total execution time for kernels is 0.970331s
 INFO: Computing semblance for m0 = 8200
 INFO: Total execution time for kernels is 0.985631s
 INFO: Computing semblance for m0 = 8220
 INFO: Total execution time for kernels is 0.993257s
 INFO: Computing semblance for m0 = 8240
 INFO: Total execution time for kernels is 0.93804s
 INFO: Computing semblance for m0 = 8260
 INFO: Total execution time for kernels is 0.956923s
 INFO: Computing semblance for m0 = 8280
 INFO: Total execution time for kernels is 0.938187s
 INFO: Computing semblance for m0 = 8300
 INFO: Total execution time for kernels is 0.932036s
 INFO: Computing semblance for m0 = 8320
 INFO: Total execution time for kernels is 0.942784s
 INFO: Computing semblance for m0 = 8340
 INFO: Total execution time for kernels is 0.958592s
 INFO: Computing semblance for m0 = 8360
 INFO: Total execution time for kernels is 0.977924s
 INFO: Computing semblance for m0 = 8380
 INFO: Total execution time for kernels is 0.938574s
 INFO: Computing semblance for m0 = 8400
 INFO: Total execution time for kernels is 0.994794s
 INFO: Computing semblance for m0 = 8420
 INFO: Total execution time for kernels is 0.955357s
 INFO: Computing semblance for m0 = 8440
 INFO: Total execution time for kernels is 0.9342s
 INFO: Computing semblance for m0 = 8460
 INFO: Total execution time for kernels is 0.933494s
 INFO: Computing semblance for m0 = 8480
 INFO: Total execution time for kernels is 0.943521s
 INFO: Computing semblance for m0 = 8500
 INFO: Total execution time for kernels is 0.957058s
 INFO: Computing semblance for m0 = 8520
 INFO: Total execution time for kernels is 0.984288s
 INFO: Computing semblance for m0 = 8540
 INFO: Total execution time for kernels is 0.943865s
 INFO: Computing semblance for m0 = 8560
 INFO: Total execution time for kernels is 0.952286s
 INFO: Computing semblance for m0 = 8580
 INFO: Total execution time for kernels is 0.997275s
 INFO: Computing semblance for m0 = 8600
 INFO: Total execution time for kernels is 0.936906s
 INFO: Computing semblance for m0 = 8620
 INFO: Total execution time for kernels is 0.930593s
 INFO: Computing semblance for m0 = 8640
 INFO: Total execution time for kernels is 0.935496s
 INFO: Computing semblance for m0 = 8660
 INFO: Total execution time for kernels is 0.955176s
 INFO: Computing semblance for m0 = 8680
 INFO: Total execution time for kernels is 0.969217s
 INFO: Computing semblance for m0 = 8700
 INFO: Total execution time for kernels is 0.936996s
 INFO: Computing semblance for m0 = 8720
 INFO: Total execution time for kernels is 0.956962s
 INFO: Computing semblance for m0 = 8740
 INFO: Total execution time for kernels is 0.99114s
 INFO: Computing semblance for m0 = 8760
 INFO: Total execution time for kernels is 0.937596s
 INFO: Computing semblance for m0 = 8780
 INFO: Total execution time for kernels is 0.933302s
 INFO: Computing semblance for m0 = 8800
 INFO: Total execution time for kernels is 0.942849s
 INFO: Computing semblance for m0 = 8820
 INFO: Total execution time for kernels is 0.963899s
 INFO: Computing semblance for m0 = 8840
 INFO: Total execution time for kernels is 0.982241s
 INFO: Computing semblance for m0 = 8860
 INFO: Total execution time for kernels is 0.942931s
 INFO: Computing semblance for m0 = 8880
 INFO: Total execution time for kernels is 0.96005s
 INFO: Computing semblance for m0 = 8900
 INFO: Total execution time for kernels is 0.994459s
 INFO: Computing semblance for m0 = 8920
 INFO: Total execution time for kernels is 0.943911s
 INFO: Computing semblance for m0 = 8940
 INFO: Total execution time for kernels is 0.940598s
 INFO: Computing semblance for m0 = 8960
 INFO: Total execution time for kernels is 0.945708s
 INFO: Computing semblance for m0 = 8980
 INFO: Total execution time for kernels is 0.963732s
 INFO: Computing semblance for m0 = 9000
 INFO: Total execution time for kernels is 0.985271s
 INFO: Computing semblance for m0 = 9020
 INFO: Total execution time for kernels is 0.94748s
 INFO: Computing semblance for m0 = 9040
 INFO: Total execution time for kernels is 0.962491s
 INFO: Computing semblance for m0 = 9060
 INFO: Total execution time for kernels is 1.00013s
 INFO: Computing semblance for m0 = 9080
 INFO: Total execution time for kernels is 0.942366s
 INFO: Computing semblance for m0 = 9100
 INFO: Total execution time for kernels is 0.94094s
 INFO: Computing semblance for m0 = 9120
 INFO: Total execution time for kernels is 0.937337s
 INFO: Computing semblance for m0 = 9140
 INFO: Total execution time for kernels is 0.949245s
 INFO: Computing semblance for m0 = 9160
 INFO: Total execution time for kernels is 0.959854s
 INFO: Computing semblance for m0 = 9180
 INFO: Total execution time for kernels is 0.912674s
 INFO: Computing semblance for m0 = 9200
 INFO: Total execution time for kernels is 0.912825s
 INFO: Computing semblance for m0 = 9220
 INFO: Total execution time for kernels is 0.867629s
 INFO: Computing semblance for m0 = 9240
 INFO: Total execution time for kernels is 0.934252s
 INFO: Computing semblance for m0 = 9260
 INFO: Total execution time for kernels is 0.846099s
 INFO: Computing semblance for m0 = 9280
 INFO: Total execution time for kernels is 0.831437s
 INFO: Computing semblance for m0 = 9300
 INFO: Total execution time for kernels is 0.826743s
 INFO: Computing semblance for m0 = 9320
 INFO: Total execution time for kernels is 0.760094s
 INFO: Computing semblance for m0 = 9340
 INFO: Total execution time for kernels is 0.812711s
 INFO: Computing semblance for m0 = 9360
 INFO: Total execution time for kernels is 0.745248s
 INFO: Computing semblance for m0 = 9380
 INFO: Total execution time for kernels is 0.705758s
 INFO: Computing semblance for m0 = 9400
 INFO: Total execution time for kernels is 0.730562s
 INFO: Computing semblance for m0 = 9420
 INFO: Total execution time for kernels is 0.656292s
 INFO: Computing semblance for m0 = 9440
 INFO: Total execution time for kernels is 0.634618s
 INFO: Computing semblance for m0 = 9460
 INFO: Total execution time for kernels is 0.62981s
 INFO: Computing semblance for m0 = 9480
 INFO: Total execution time for kernels is 0.58575s
 INFO: Computing semblance for m0 = 9500
 INFO: Total execution time for kernels is 0.55593s
 INFO: Computing semblance for m0 = 9520
 INFO: Total execution time for kernels is 0.593078s
 INFO: Computing semblance for m0 = 9540
 INFO: Total execution time for kernels is 0.523057s
 INFO: Computing semblance for m0 = 9560
 INFO: Total execution time for kernels is 0.537153s
 INFO: Computing semblance for m0 = 9580
 INFO: Total execution time for kernels is 0.479267s
 INFO: Computing semblance for m0 = 9600
 INFO: Total execution time for kernels is 0.460562s
 INFO: Computing semblance for m0 = 9620
 INFO: Total execution time for kernels is 0.453975s
 INFO: Computing semblance for m0 = 9640
 INFO: Total execution time for kernels is 0.414112s
 INFO: Computing semblance for m0 = 9660
 INFO: Total execution time for kernels is 0.35333s
 INFO: Computing semblance for m0 = 9680
 INFO: Total execution time for kernels is 0.392531s
 INFO: Computing semblance for m0 = 9700
 INFO: Total execution time for kernels is 0.412877s
 INFO: Computing semblance for m0 = 9720
 INFO: Total execution time for kernels is 0.310497s
 INFO: Computing semblance for m0 = 9740
 INFO: Total execution time for kernels is 0.354542s
 INFO: Computing semblance for m0 = 9760
 INFO: Total execution time for kernels is 0.292665s
 INFO: Computing semblance for m0 = 9780
 INFO: Total execution time for kernels is 0.207987s
 INFO: Computing semblance for m0 = 9800
 INFO: Total execution time for kernels is 0.184091s
 INFO: Computing semblance for m0 = 9820
 INFO: Total execution time for kernels is 0.239197s
 INFO: Computing semblance for m0 = 9840
 INFO: Total execution time for kernels is 0.25136s
 INFO: Computing semblance for m0 = 9860
 INFO: Total execution time for kernels is 0.231892s
 INFO: Computing semblance for m0 = 9880
 INFO: Total execution time for kernels is 0.147879s
 INFO: Computing semblance for m0 = 9900
 INFO: Total execution time for kernels is 0.282449s
 INFO: Computing semblance for m0 = 9920
 INFO: Total execution time for kernels is 0.179617s
 INFO: Computing semblance for m0 = 9940
 INFO: Total execution time for kernels is 0.061802s
 INFO: Total execution time for kernels is 0.0458052s
 INFO: Total execution time for kernels is 0.0534193s
 INFO: Total execution time for kernels is 0.0841978s
 INFO: Total execution time for kernels is 0.0779749s
 INFO: Total execution time for kernels is 0.100563s
 INFO: Total execution time for kernels is 0.116419s
 INFO: Total execution time for kernels is 0.137303s
 INFO: Average of efficiency is 1
 INFO: Average of interpolations_per_sec is 1.72859e+10
 INFO: Average of selected_traces is 309.888
 INFO: Average of total_selection_kernel_exec_time is 0.00494316
 INFO: Average of total_kernel_exec_time is 0.873144
 INFO: Driver init. duration is 0.311052 s
 INFO: Read gather duration is 0.11231 s
 INFO: Parse args. duration is 0.000237206 s
 INFO: Worker threads duration is 50.6491 s
 INFO: Dump results duration is 0.584175 s
 INFO: Results written to /home/ubuntu/nfs/out/d4e9b53e_master_p2.8xlarge/zocrs/de/cuda/simple-synthetic_64_2/simple-synthetic_de_zocrs_20210302_1350/
 INFO: It took 51.6664s to compute.
