 INFO: Number of CDPs = 445
 INFO: Number of traces in the gather = 9200
 INFO: Number of samples per trace = 2502
 INFO: Computing semblance for m0 = 0
 INFO: No trace has been selected for m0 = 0. Skipping.
 INFO: Computing semblance for m0 = 1080
 INFO: Computing semblance for m0 = 1100
 INFO: Computing semblance for m0 = 1120
 INFO: Total execution time for kernels is 8.117e-06s
 INFO: Computing semblance for m0 = 1140
 INFO: Total execution time for kernels is 0.129328s
 INFO: Computing semblance for m0 = 1160
 INFO: Total execution time for kernels is 0.147063s
 INFO: Computing semblance for m0 = 1180
 INFO: Total execution time for kernels is 0.188057s
 INFO: Computing semblance for m0 = 1200
 INFO: Total execution time for kernels is 0.223557s
 INFO: Computing semblance for m0 = 1220
 INFO: Total execution time for kernels is 0.174219s
 INFO: Computing semblance for m0 = 1240
 INFO: Total execution time for kernels is 0.199921s
 INFO: Computing semblance for m0 = 1260
 INFO: Total execution time for kernels is 0.213921s
 INFO: Computing semblance for m0 = 1280
 INFO: Total execution time for kernels is 0.260587s
 INFO: Computing semblance for m0 = 1300
 INFO: Total execution time for kernels is 0.279667s
 INFO: Computing semblance for m0 = 1320
 INFO: Total execution time for kernels is 0.311877s
 INFO: Computing semblance for m0 = 1340
 INFO: Total execution time for kernels is 0.328918s
 INFO: Computing semblance for m0 = 1360
 INFO: Total execution time for kernels is 0.384211s
 INFO: Computing semblance for m0 = 1380
 INFO: Total execution time for kernels is 0.402436s
 INFO: Computing semblance for m0 = 1400
 INFO: Total execution time for kernels is 0.434778s
 INFO: Computing semblance for m0 = 1420
 INFO: Total execution time for kernels is 0.448124s
 INFO: Computing semblance for m0 = 1440
 INFO: Total execution time for kernels is 0.521735s
 INFO: Computing semblance for m0 = 1460
 INFO: Total execution time for kernels is 0.527018s
 INFO: Computing semblance for m0 = 1480
 INFO: Total execution time for kernels is 0.563994s
 INFO: Computing semblance for m0 = 1500
 INFO: Total execution time for kernels is 0.568296s
 INFO: Computing semblance for m0 = 1520
 INFO: Total execution time for kernels is 0.640089s
 INFO: Computing semblance for m0 = 1540
 INFO: Total execution time for kernels is 0.654351s
 INFO: Computing semblance for m0 = 1560
 INFO: Total execution time for kernels is 0.684433s
 INFO: Computing semblance for m0 = 1580
 INFO: Total execution time for kernels is 0.68822s
 INFO: Computing semblance for m0 = 1600
 INFO: Total execution time for kernels is 0.770514s
 INFO: Computing semblance for m0 = 1620
 INFO: Total execution time for kernels is 0.776725s
 INFO: Computing semblance for m0 = 1640
 INFO: Total execution time for kernels is 0.820864s
 INFO: Computing semblance for m0 = 1660
 INFO: Total execution time for kernels is 0.813794s
 INFO: Computing semblance for m0 = 1680
 INFO: Total execution time for kernels is 0.950784s
 INFO: Computing semblance for m0 = 1700
 INFO: Total execution time for kernels is 0.946894s
 INFO: Computing semblance for m0 = 1720
 INFO: Total execution time for kernels is 0.986537s
 INFO: Computing semblance for m0 = 1740
 INFO: Total execution time for kernels is 0.973927s
 INFO: Computing semblance for m0 = 1760
 INFO: Total execution time for kernels is 1.08233s
 INFO: Computing semblance for m0 = 1780
 INFO: Total execution time for kernels is 1.07818s
 INFO: Computing semblance for m0 = 1800
 INFO: Total execution time for kernels is 1.11777s
 INFO: Computing semblance for m0 = 1820
 INFO: Total execution time for kernels is 1.10416s
 INFO: Computing semblance for m0 = 1840
 INFO: Total execution time for kernels is 1.21297s
 INFO: Computing semblance for m0 = 1860
 INFO: Total execution time for kernels is 1.21106s
 INFO: Computing semblance for m0 = 1880
 INFO: Total execution time for kernels is 1.25561s
 INFO: Computing semblance for m0 = 1900
 INFO: Total execution time for kernels is 1.22424s
 INFO: Computing semblance for m0 = 1920
 INFO: Total execution time for kernels is 1.34911s
 INFO: Computing semblance for m0 = 1940
 INFO: Total execution time for kernels is 1.31616s
 INFO: Computing semblance for m0 = 1960
 INFO: Total execution time for kernels is 1.3265s
 INFO: Computing semblance for m0 = 1980
 INFO: Total execution time for kernels is 1.32616s
 INFO: Computing semblance for m0 = 2000
 INFO: Total execution time for kernels is 1.45062s
 INFO: Computing semblance for m0 = 2020
 INFO: Total execution time for kernels is 1.3922s
 INFO: Computing semblance for m0 = 2040
 INFO: Total execution time for kernels is 1.42118s
 INFO: Computing semblance for m0 = 2060
 INFO: Total execution time for kernels is 1.40705s
 INFO: Computing semblance for m0 = 2080
 INFO: Total execution time for kernels is 1.45303s
 INFO: Computing semblance for m0 = 2100
 INFO: Total execution time for kernels is 1.5234s
 INFO: Computing semblance for m0 = 2120
 INFO: Total execution time for kernels is 1.43854s
 INFO: Computing semblance for m0 = 2140
 INFO: Total execution time for kernels is 1.47148s
 INFO: Computing semblance for m0 = 2160
 INFO: Total execution time for kernels is 1.48204s
 INFO: Computing semblance for m0 = 2180
 INFO: Total execution time for kernels is 1.55578s
 INFO: Computing semblance for m0 = 2200
 INFO: Total execution time for kernels is 1.44134s
 INFO: Computing semblance for m0 = 2220
 INFO: Total execution time for kernels is 1.48301s
 INFO: Computing semblance for m0 = 2240
 INFO: Total execution time for kernels is 1.48202s
 INFO: Computing semblance for m0 = 2260
 INFO: Total execution time for kernels is 1.56421s
 INFO: Computing semblance for m0 = 2280
 INFO: Total execution time for kernels is 1.44485s
 INFO: Computing semblance for m0 = 2300
 INFO: Total execution time for kernels is 1.48768s
 INFO: Computing semblance for m0 = 2320
 INFO: Total execution time for kernels is 1.49151s
 INFO: Computing semblance for m0 = 2340
 INFO: Total execution time for kernels is 1.57349s
 INFO: Computing semblance for m0 = 2360
 INFO: Total execution time for kernels is 1.45155s
 INFO: Computing semblance for m0 = 2380
 INFO: Total execution time for kernels is 1.50016s
 INFO: Computing semblance for m0 = 2400
 INFO: Total execution time for kernels is 1.49355s
 INFO: Computing semblance for m0 = 2420
 INFO: Total execution time for kernels is 1.45782s
 INFO: Computing semblance for m0 = 2440
 INFO: Total execution time for kernels is 1.58453s
 INFO: Computing semblance for m0 = 2460
 INFO: Total execution time for kernels is 1.50464s
 INFO: Computing semblance for m0 = 2480
 INFO: Total execution time for kernels is 1.50273s
 INFO: Computing semblance for m0 = 2500
 INFO: Total execution time for kernels is 1.45868s
 INFO: Computing semblance for m0 = 2520
 INFO: Total execution time for kernels is 1.58682s
 INFO: Computing semblance for m0 = 2540
 INFO: Total execution time for kernels is 1.5065s
 INFO: Computing semblance for m0 = 2560
 INFO: Total execution time for kernels is 1.51053s
 INFO: Computing semblance for m0 = 2580
 INFO: Total execution time for kernels is 1.46346s
 INFO: Computing semblance for m0 = 2600
 INFO: Total execution time for kernels is 1.51579s
 INFO: Computing semblance for m0 = 2620
 INFO: Total execution time for kernels is 1.59918s
 INFO: Computing semblance for m0 = 2640
 INFO: Total execution time for kernels is 1.51671s
 INFO: Computing semblance for m0 = 2660
 INFO: Total execution time for kernels is 1.46977s
 INFO: Computing semblance for m0 = 2680
 INFO: Total execution time for kernels is 1.52587s
 INFO: Computing semblance for m0 = 2700
 INFO: Total execution time for kernels is 1.61379s
 INFO: Computing semblance for m0 = 2720
 INFO: Total execution time for kernels is 1.51856s
 INFO: Computing semblance for m0 = 2740
 INFO: Total execution time for kernels is 1.44596s
 INFO: Computing semblance for m0 = 2760
 INFO: Total execution time for kernels is 1.53148s
 INFO: Computing semblance for m0 = 2780
 INFO: Total execution time for kernels is 1.61876s
 INFO: Computing semblance for m0 = 2800
 INFO: Total execution time for kernels is 1.45503s
 INFO: Computing semblance for m0 = 2820
 INFO: Total execution time for kernels is 1.53249s
 INFO: Computing semblance for m0 = 2840
 INFO: Total execution time for kernels is 1.53566s
 INFO: Computing semblance for m0 = 2860
 INFO: Total execution time for kernels is 1.62862s
 INFO: Computing semblance for m0 = 2880
 INFO: Total execution time for kernels is 1.45886s
 INFO: Computing semblance for m0 = 2900
 INFO: Total execution time for kernels is 1.54105s
 INFO: Computing semblance for m0 = 2920
 INFO: Total execution time for kernels is 1.54517s
 INFO: Computing semblance for m0 = 2940
 INFO: Total execution time for kernels is 1.64402s
 INFO: Computing semblance for m0 = 2960
 INFO: Total execution time for kernels is 1.45997s
 INFO: Computing semblance for m0 = 2980
 INFO: Total execution time for kernels is 1.54498s
 INFO: Computing semblance for m0 = 3000
 INFO: Total execution time for kernels is 1.55365s
 INFO: Computing semblance for m0 = 3020
 INFO: Total execution time for kernels is 1.64811s
 INFO: Computing semblance for m0 = 3040
 INFO: Total execution time for kernels is 1.46553s
 INFO: Computing semblance for m0 = 3060
 INFO: Total execution time for kernels is 1.54779s
 INFO: Computing semblance for m0 = 3080
 INFO: Total execution time for kernels is 1.55708s
 INFO: Computing semblance for m0 = 3100
 INFO: Total execution time for kernels is 1.6572s
 INFO: Computing semblance for m0 = 3120
 INFO: Total execution time for kernels is 1.47398s
 INFO: Computing semblance for m0 = 3140
 INFO: Total execution time for kernels is 1.55614s
 INFO: Computing semblance for m0 = 3160
 INFO: Total execution time for kernels is 1.55923s
 INFO: Computing semblance for m0 = 3180
 INFO: Total execution time for kernels is 1.47153s
 INFO: Computing semblance for m0 = 3200
 INFO: Total execution time for kernels is 1.66468s
 INFO: Computing semblance for m0 = 3220
 INFO: Total execution time for kernels is 1.56154s
 INFO: Computing semblance for m0 = 3240
 INFO: Total execution time for kernels is 1.56869s
 INFO: Computing semblance for m0 = 3260
 INFO: Total execution time for kernels is 1.47165s
 INFO: Computing semblance for m0 = 3280
 INFO: Total execution time for kernels is 1.66008s
 INFO: Computing semblance for m0 = 3300
 INFO: Total execution time for kernels is 1.55986s
 INFO: Computing semblance for m0 = 3320
 INFO: Total execution time for kernels is 1.57052s
 INFO: Computing semblance for m0 = 3340
 INFO: Total execution time for kernels is 1.47556s
 INFO: Computing semblance for m0 = 3360
 INFO: Total execution time for kernels is 1.663s
 INFO: Computing semblance for m0 = 3380
 INFO: Total execution time for kernels is 1.56553s
 INFO: Computing semblance for m0 = 3400
 INFO: Total execution time for kernels is 1.56871s
 INFO: Computing semblance for m0 = 3420
 INFO: Total execution time for kernels is 1.47244s
 INFO: Computing semblance for m0 = 3440
 INFO: Total execution time for kernels is 1.66426s
 INFO: Computing semblance for m0 = 3460
 INFO: Total execution time for kernels is 1.56393s
 INFO: Computing semblance for m0 = 3480
 INFO: Total execution time for kernels is 1.5707s
 INFO: Computing semblance for m0 = 3500
 INFO: Total execution time for kernels is 1.4751s
 INFO: Computing semblance for m0 = 3520
 INFO: Total execution time for kernels is 1.67275s
 INFO: Computing semblance for m0 = 3540
 INFO: Total execution time for kernels is 1.5631s
 INFO: Computing semblance for m0 = 3560
 INFO: Total execution time for kernels is 1.56727s
 INFO: Computing semblance for m0 = 3580
 INFO: Total execution time for kernels is 1.47355s
 INFO: Computing semblance for m0 = 3600
 INFO: Total execution time for kernels is 1.56433s
 INFO: Computing semblance for m0 = 3620
 INFO: Total execution time for kernels is 1.66494s
 INFO: Computing semblance for m0 = 3640
 INFO: Total execution time for kernels is 1.56964s
 INFO: Computing semblance for m0 = 3660
 INFO: Total execution time for kernels is 1.47433s
 INFO: Computing semblance for m0 = 3680
 INFO: Total execution time for kernels is 1.56203s
 INFO: Computing semblance for m0 = 3700
 INFO: Total execution time for kernels is 1.66309s
 INFO: Computing semblance for m0 = 3720
 INFO: Total execution time for kernels is 1.57138s
 INFO: Computing semblance for m0 = 3740
 INFO: Total execution time for kernels is 1.47743s
 INFO: Computing semblance for m0 = 3760
 INFO: Total execution time for kernels is 1.56266s
 INFO: Computing semblance for m0 = 3780
 INFO: Total execution time for kernels is 1.66092s
 INFO: Computing semblance for m0 = 3800
 INFO: Total execution time for kernels is 1.47574s
 INFO: Computing semblance for m0 = 3820
 INFO: Total execution time for kernels is 1.57009s
 INFO: Computing semblance for m0 = 3840
 INFO: Total execution time for kernels is 1.56331s
 INFO: Computing semblance for m0 = 3860
 INFO: Total execution time for kernels is 1.66729s
 INFO: Computing semblance for m0 = 3880
 INFO: Total execution time for kernels is 1.47553s
 INFO: Computing semblance for m0 = 3900
 INFO: Total execution time for kernels is 1.57079s
 INFO: Computing semblance for m0 = 3920
 INFO: Total execution time for kernels is 1.56074s
 INFO: Computing semblance for m0 = 3940
 INFO: Total execution time for kernels is 1.47604s
 INFO: Computing semblance for m0 = 3960
 INFO: Total execution time for kernels is 1.66779s
 INFO: Computing semblance for m0 = 3980
 INFO: Total execution time for kernels is 1.56608s
 INFO: Computing semblance for m0 = 4000
 INFO: Total execution time for kernels is 1.56707s
 INFO: Computing semblance for m0 = 4020
 INFO: Total execution time for kernels is 1.47244s
 INFO: Computing semblance for m0 = 4040
 INFO: Total execution time for kernels is 1.66209s
 INFO: Computing semblance for m0 = 4060
 INFO: Total execution time for kernels is 1.56599s
 INFO: Computing semblance for m0 = 4080
 INFO: Total execution time for kernels is 1.55606s
 INFO: Computing semblance for m0 = 4100
 INFO: Total execution time for kernels is 1.4717s
 INFO: Computing semblance for m0 = 4120
 INFO: Total execution time for kernels is 1.56695s
 INFO: Computing semblance for m0 = 4140
 INFO: Total execution time for kernels is 1.65796s
 INFO: Computing semblance for m0 = 4160
 INFO: Total execution time for kernels is 1.55871s
 INFO: Computing semblance for m0 = 4180
 INFO: Total execution time for kernels is 1.47198s
 INFO: Computing semblance for m0 = 4200
 INFO: Total execution time for kernels is 1.57009s
 INFO: Computing semblance for m0 = 4220
 INFO: Total execution time for kernels is 1.66069s
 INFO: Computing semblance for m0 = 4240
 INFO: Total execution time for kernels is 1.4696s
 INFO: Computing semblance for m0 = 4260
 INFO: Total execution time for kernels is 1.54953s
 INFO: Computing semblance for m0 = 4280
 INFO: Total execution time for kernels is 1.56186s
 INFO: Computing semblance for m0 = 4300
 INFO: Total execution time for kernels is 1.65609s
 INFO: Computing semblance for m0 = 4320
 INFO: Total execution time for kernels is 1.47022s
 INFO: Computing semblance for m0 = 4340
 INFO: Total execution time for kernels is 1.54702s
 INFO: Computing semblance for m0 = 4360
 INFO: Total execution time for kernels is 1.55358s
 INFO: Computing semblance for m0 = 4380
 INFO: Total execution time for kernels is 1.64861s
 INFO: Computing semblance for m0 = 4400
 INFO: Total execution time for kernels is 1.4671s
 INFO: Computing semblance for m0 = 4420
 INFO: Total execution time for kernels is 1.54902s
 INFO: Computing semblance for m0 = 4440
 INFO: Total execution time for kernels is 1.554s
 INFO: Computing semblance for m0 = 4460
 INFO: Total execution time for kernels is 1.64226s
 INFO: Computing semblance for m0 = 4480
 INFO: Total execution time for kernels is 1.46658s
 INFO: Computing semblance for m0 = 4500
 INFO: Total execution time for kernels is 1.54099s
 INFO: Computing semblance for m0 = 4520
 INFO: Total execution time for kernels is 1.54695s
 INFO: Computing semblance for m0 = 4540
 INFO: Total execution time for kernels is 1.64152s
 INFO: Computing semblance for m0 = 4560
 INFO: Total execution time for kernels is 1.46459s
 INFO: Computing semblance for m0 = 4580
 INFO: Total execution time for kernels is 1.5431s
 INFO: Computing semblance for m0 = 4600
 INFO: Total execution time for kernels is 1.55012s
 INFO: Computing semblance for m0 = 4620
 INFO: Total execution time for kernels is 1.46705s
 INFO: Total execution time for kernels is 1.64139s
 INFO: Computing semblance for m0 = 4640
 INFO: Computing semblance for m0 = 4660
 INFO: Total execution time for kernels is 1.54074s
 INFO: Computing semblance for m0 = 4680
 INFO: Total execution time for kernels is 1.54889s
 INFO: Computing semblance for m0 = 4700
 INFO: Total execution time for kernels is 1.46508s
 INFO: Computing semblance for m0 = 4720
 INFO: Total execution time for kernels is 1.63242s
 INFO: Computing semblance for m0 = 4740
 INFO: Total execution time for kernels is 1.53878s
 INFO: Computing semblance for m0 = 4760
 INFO: Total execution time for kernels is 1.54533s
 INFO: Computing semblance for m0 = 4780
 INFO: Total execution time for kernels is 1.4631s
 INFO: Computing semblance for m0 = 4800
 INFO: Total execution time for kernels is 1.6381s
 INFO: Computing semblance for m0 = 4820
 INFO: Total execution time for kernels is 1.53994s
 INFO: Computing semblance for m0 = 4840
 INFO: Total execution time for kernels is 1.54422s
 INFO: Computing semblance for m0 = 4860
 INFO: Total execution time for kernels is 1.46212s
 INFO: Computing semblance for m0 = 4880
 INFO: Total execution time for kernels is 1.63273s
 INFO: Computing semblance for m0 = 4900
 INFO: Total execution time for kernels is 1.53473s
 INFO: Computing semblance for m0 = 4920
 INFO: Total execution time for kernels is 1.54588s
 INFO: Computing semblance for m0 = 4940
 INFO: Total execution time for kernels is 1.46337s
 INFO: Computing semblance for m0 = 4960
 INFO: Total execution time for kernels is 1.62956s
 INFO: Computing semblance for m0 = 4980
 INFO: Total execution time for kernels is 1.53516s
 INFO: Computing semblance for m0 = 5000
 INFO: Total execution time for kernels is 1.54503s
 INFO: Computing semblance for m0 = 5020
 INFO: Total execution time for kernels is 1.46158s
 INFO: Computing semblance for m0 = 5040
 INFO: Total execution time for kernels is 1.53523s
 INFO: Computing semblance for m0 = 5060
 INFO: Total execution time for kernels is 1.62729s
 INFO: Computing semblance for m0 = 5080
 INFO: Total execution time for kernels is 1.54667s
 INFO: Computing semblance for m0 = 5100
 INFO: Total execution time for kernels is 1.46344s
 INFO: Computing semblance for m0 = 5120
 INFO: Total execution time for kernels is 1.53967s
 INFO: Computing semblance for m0 = 5140
 INFO: Total execution time for kernels is 1.63398s
 INFO: Computing semblance for m0 = 5160
 INFO: Total execution time for kernels is 1.54334s
 INFO: Computing semblance for m0 = 5180
 INFO: Total execution time for kernels is 1.46168s
 INFO: Computing semblance for m0 = 5200
 INFO: Total execution time for kernels is 1.53554s
 INFO: Computing semblance for m0 = 5220
 INFO: Total execution time for kernels is 1.6274s
 INFO: Computing semblance for m0 = 5240
 INFO: Total execution time for kernels is 1.46312s
 INFO: Computing semblance for m0 = 5260
 INFO: Total execution time for kernels is 1.54476s
 INFO: Computing semblance for m0 = 5280
 INFO: Total execution time for kernels is 1.53412s
 INFO: Computing semblance for m0 = 5300
 INFO: Total execution time for kernels is 1.62742s
 INFO: Computing semblance for m0 = 5320
 INFO: Total execution time for kernels is 1.46329s
 INFO: Computing semblance for m0 = 5340
 INFO: Total execution time for kernels is 1.54693s
 INFO: Computing semblance for m0 = 5360
 INFO: Total execution time for kernels is 1.53727s
 INFO: Computing semblance for m0 = 5380
 INFO: Total execution time for kernels is 1.63354s
 INFO: Computing semblance for m0 = 5400
 INFO: Total execution time for kernels is 1.46198s
 INFO: Computing semblance for m0 = 5420
 INFO: Total execution time for kernels is 1.54413s
 INFO: Computing semblance for m0 = 5440
 INFO: Total execution time for kernels is 1.53626s
 INFO: Computing semblance for m0 = 5460
 INFO: Total execution time for kernels is 1.46197s
 INFO: Computing semblance for m0 = 5480
 INFO: Total execution time for kernels is 1.64286s
 INFO: Computing semblance for m0 = 5500
 INFO: Total execution time for kernels is 1.5468s
 INFO: Computing semblance for m0 = 5520
 INFO: Total execution time for kernels is 1.53557s
 INFO: Computing semblance for m0 = 5540
 INFO: Total execution time for kernels is 1.4633s
 INFO: Computing semblance for m0 = 5560
 INFO: Total execution time for kernels is 1.62912s
 INFO: Computing semblance for m0 = 5580
 INFO: Total execution time for kernels is 1.54743s
 INFO: Computing semblance for m0 = 5600
 INFO: Total execution time for kernels is 1.5368s
 INFO: Computing semblance for m0 = 5620
 INFO: Total execution time for kernels is 1.46392s
 INFO: Computing semblance for m0 = 5640
 INFO: Total execution time for kernels is 1.62949s
 INFO: Computing semblance for m0 = 5660
 INFO: Total execution time for kernels is 1.54748s
 INFO: Computing semblance for m0 = 5680
 INFO: Total execution time for kernels is 1.54197s
 INFO: Computing semblance for m0 = 5700
 INFO: Total execution time for kernels is 1.46754s
 INFO: Computing semblance for m0 = 5720
 INFO: Total execution time for kernels is 1.54779s
 INFO: Computing semblance for m0 = 5740
 INFO: Total execution time for kernels is 1.6308s
 INFO: Computing semblance for m0 = 5760
 INFO: Total execution time for kernels is 1.54003s
 INFO: Computing semblance for m0 = 5780
 INFO: Total execution time for kernels is 1.47043s
 INFO: Computing semblance for m0 = 5800
 INFO: Total execution time for kernels is 1.54797s
 INFO: Computing semblance for m0 = 5820
 INFO: Total execution time for kernels is 1.63873s
 INFO: Computing semblance for m0 = 5840
 INFO: Total execution time for kernels is 1.53879s
 INFO: Computing semblance for m0 = 5860
 INFO: Total execution time for kernels is 1.46618s
 INFO: Computing semblance for m0 = 5880
 INFO: Total execution time for kernels is 1.54886s
 INFO: Computing semblance for m0 = 5900
 INFO: Total execution time for kernels is 1.6341s
 INFO: Computing semblance for m0 = 5920
 INFO: Total execution time for kernels is 1.46381s
 INFO: Computing semblance for m0 = 5940
 INFO: Total execution time for kernels is 1.53891s
 INFO: Computing semblance for m0 = 5960
 INFO: Total execution time for kernels is 1.55029s
 INFO: Computing semblance for m0 = 5980
 INFO: Total execution time for kernels is 1.63356s
 INFO: Computing semblance for m0 = 6000
 INFO: Total execution time for kernels is 1.46408s
 INFO: Computing semblance for m0 = 6020
 INFO: Total execution time for kernels is 1.54329s
 INFO: Computing semblance for m0 = 6040
 INFO: Total execution time for kernels is 1.54957s
 INFO: Computing semblance for m0 = 6060
 INFO: Total execution time for kernels is 1.64278s
 INFO: Computing semblance for m0 = 6080
 INFO: Total execution time for kernels is 1.47055s
 INFO: Computing semblance for m0 = 6100
 INFO: Total execution time for kernels is 1.53782s
 INFO: Computing semblance for m0 = 6120
 INFO: Total execution time for kernels is 1.55137s
 INFO: Computing semblance for m0 = 6140
 INFO: Total execution time for kernels is 1.63946s
 INFO: Computing semblance for m0 = 6160
 INFO: Total execution time for kernels is 1.46585s
 INFO: Computing semblance for m0 = 6180
 INFO: Total execution time for kernels is 1.53996s
 INFO: Computing semblance for m0 = 6200
 INFO: Total execution time for kernels is 1.55126s
 INFO: Computing semblance for m0 = 6220
 INFO: Total execution time for kernels is 1.46513s
 INFO: Computing semblance for m0 = 6240
 INFO: Total execution time for kernels is 1.6343s
 INFO: Computing semblance for m0 = 6260
 INFO: Total execution time for kernels is 1.5399s
 INFO: Computing semblance for m0 = 6280
 INFO: Total execution time for kernels is 1.54912s
 INFO: Computing semblance for m0 = 6300
 INFO: Total execution time for kernels is 1.46545s
 INFO: Computing semblance for m0 = 6320
 INFO: Total execution time for kernels is 1.63447s
 INFO: Computing semblance for m0 = 6340
 INFO: Total execution time for kernels is 1.54212s
 INFO: Computing semblance for m0 = 6360
 INFO: Total execution time for kernels is 1.5506s
 INFO: Computing semblance for m0 = 6380
 INFO: Total execution time for kernels is 1.46706s
 INFO: Computing semblance for m0 = 6400
 INFO: Total execution time for kernels is 1.63657s
 INFO: Computing semblance for m0 = 6420
 INFO: Total execution time for kernels is 1.53981s
 INFO: Computing semblance for m0 = 6440
 INFO: Total execution time for kernels is 1.549s
 INFO: Computing semblance for m0 = 6460
 INFO: Total execution time for kernels is 1.46527s
 INFO: Computing semblance for m0 = 6480
 INFO: Total execution time for kernels is 1.53989s
 INFO: Computing semblance for m0 = 6500
 INFO: Total execution time for kernels is 1.63978s
 INFO: Computing semblance for m0 = 6520
 INFO: Total execution time for kernels is 1.5494s
 INFO: Computing semblance for m0 = 6540
 INFO: Total execution time for kernels is 1.46581s
 INFO: Computing semblance for m0 = 6560
 INFO: Total execution time for kernels is 1.53817s
 INFO: Computing semblance for m0 = 6580
 INFO: Total execution time for kernels is 1.63644s
 INFO: Computing semblance for m0 = 6600
 INFO: Total execution time for kernels is 1.54952s
 INFO: Computing semblance for m0 = 6620
 INFO: Total execution time for kernels is 1.46723s
 INFO: Computing semblance for m0 = 6640
 INFO: Total execution time for kernels is 1.54055s
 INFO: Computing semblance for m0 = 6660
 INFO: Total execution time for kernels is 1.63583s
 INFO: Computing semblance for m0 = 6680
 INFO: Total execution time for kernels is 1.54838s
 INFO: Computing semblance for m0 = 6700
 INFO: Total execution time for kernels is 1.46574s
 INFO: Computing semblance for m0 = 6720
 INFO: Total execution time for kernels is 1.54013s
 INFO: Computing semblance for m0 = 6740
 INFO: Total execution time for kernels is 1.64281s
 INFO: Computing semblance for m0 = 6760
 INFO: Total execution time for kernels is 1.46578s
 INFO: Computing semblance for m0 = 6780
 INFO: Total execution time for kernels is 1.55131s
 INFO: Computing semblance for m0 = 6800
 INFO: Total execution time for kernels is 1.54129s
 INFO: Computing semblance for m0 = 6820
 INFO: Total execution time for kernels is 1.63596s
 INFO: Computing semblance for m0 = 6840
 INFO: Total execution time for kernels is 1.46682s
 INFO: Computing semblance for m0 = 6860
 INFO: Total execution time for kernels is 1.55064s
 INFO: Computing semblance for m0 = 6880
 INFO: Total execution time for kernels is 1.53995s
 INFO: Computing semblance for m0 = 6900
 INFO: Total execution time for kernels is 1.64028s
 INFO: Computing semblance for m0 = 6920
 INFO: Total execution time for kernels is 1.46849s
 INFO: Computing semblance for m0 = 6940
 INFO: Total execution time for kernels is 1.55758s
 INFO: Computing semblance for m0 = 6960
 INFO: Total execution time for kernels is 1.5439s
 INFO: Computing semblance for m0 = 6980
 INFO: Total execution time for kernels is 1.46563s
 INFO: Computing semblance for m0 = 7000
 INFO: Total execution time for kernels is 1.64165s
 INFO: Computing semblance for m0 = 7020
 INFO: Total execution time for kernels is 1.55353s
 INFO: Computing semblance for m0 = 7040
 INFO: Total execution time for kernels is 1.54229s
 INFO: Computing semblance for m0 = 7060
 INFO: Total execution time for kernels is 1.46645s
 INFO: Computing semblance for m0 = 7080
 INFO: Total execution time for kernels is 1.64003s
 INFO: Computing semblance for m0 = 7100
 INFO: Total execution time for kernels is 1.55431s
 INFO: Computing semblance for m0 = 7120
 INFO: Total execution time for kernels is 1.54014s
 INFO: Computing semblance for m0 = 7140
 INFO: Total execution time for kernels is 1.46818s
 INFO: Computing semblance for m0 = 7160
 INFO: Total execution time for kernels is 1.64583s
 INFO: Computing semblance for m0 = 7180
 INFO: Total execution time for kernels is 1.55196s
 INFO: Computing semblance for m0 = 7200
 INFO: Total execution time for kernels is 1.54012s
 INFO: Computing semblance for m0 = 7220
 INFO: Total execution time for kernels is 1.46519s
 INFO: Computing semblance for m0 = 7240
 INFO: Total execution time for kernels is 1.63598s
 INFO: Computing semblance for m0 = 7260
 INFO: Total execution time for kernels is 1.55037s
 INFO: Computing semblance for m0 = 7280
 INFO: Total execution time for kernels is 1.54226s
 INFO: Computing semblance for m0 = 7300
 INFO: Total execution time for kernels is 1.46983s
 INFO: Computing semblance for m0 = 7320
 INFO: Total execution time for kernels is 1.55023s
 INFO: Computing semblance for m0 = 7340
 INFO: Total execution time for kernels is 1.63539s
 INFO: Computing semblance for m0 = 7360
 INFO: Total execution time for kernels is 1.53876s
 INFO: Computing semblance for m0 = 7380
 INFO: Total execution time for kernels is 1.46554s
 INFO: Computing semblance for m0 = 7400
 INFO: Total execution time for kernels is 1.55159s
 INFO: Computing semblance for m0 = 7420
 INFO: Total execution time for kernels is 1.63716s
 INFO: Computing semblance for m0 = 7440
 INFO: Total execution time for kernels is 1.54342s
 INFO: Computing semblance for m0 = 7460
 INFO: Total execution time for kernels is 1.46613s
 INFO: Computing semblance for m0 = 7480
 INFO: Total execution time for kernels is 1.54846s
 INFO: Computing semblance for m0 = 7500
 INFO: Total execution time for kernels is 1.63993s
 INFO: Computing semblance for m0 = 7520
 INFO: Total execution time for kernels is 1.53839s
 INFO: Computing semblance for m0 = 7540
 INFO: Total execution time for kernels is 1.46729s
 INFO: Computing semblance for m0 = 7560
 INFO: Total execution time for kernels is 1.55236s
 INFO: Computing semblance for m0 = 7580
 INFO: Total execution time for kernels is 1.63728s
 INFO: Computing semblance for m0 = 7600
 INFO: Total execution time for kernels is 1.4654s
 INFO: Total execution time for kernels is 1.54065s
 INFO: Computing semblance for m0 = 7620
 INFO: Computing semblance for m0 = 7640
 INFO: Total execution time for kernels is 1.55056s
 INFO: Computing semblance for m0 = 7660
 INFO: Total execution time for kernels is 1.64244s
 INFO: Computing semblance for m0 = 7680
 INFO: Total execution time for kernels is 1.46512s
 INFO: Computing semblance for m0 = 7700
 INFO: Total execution time for kernels is 1.539s
 INFO: Computing semblance for m0 = 7720
 INFO: Total execution time for kernels is 1.55389s
 INFO: Computing semblance for m0 = 7740
 INFO: Total execution time for kernels is 1.63756s
 INFO: Computing semblance for m0 = 7760
 INFO: Total execution time for kernels is 1.47046s
 INFO: Computing semblance for m0 = 7780
 INFO: Total execution time for kernels is 1.5402s
 INFO: Computing semblance for m0 = 7800
 INFO: Total execution time for kernels is 1.55432s
 INFO: Computing semblance for m0 = 7820
 INFO: Total execution time for kernels is 1.4697s
 INFO: Computing semblance for m0 = 7840
 INFO: Total execution time for kernels is 1.64038s
 INFO: Computing semblance for m0 = 7860
 INFO: Total execution time for kernels is 1.53955s
 INFO: Computing semblance for m0 = 7880
 INFO: Total execution time for kernels is 1.55071s
 INFO: Computing semblance for m0 = 7900
 INFO: Total execution time for kernels is 1.46638s
 INFO: Computing semblance for m0 = 7920
 INFO: Total execution time for kernels is 1.54392s
 INFO: Computing semblance for m0 = 7940
 INFO: Total execution time for kernels is 1.64353s
 INFO: Computing semblance for m0 = 7960
 INFO: Total execution time for kernels is 1.55394s
 INFO: Computing semblance for m0 = 7980
 INFO: Total execution time for kernels is 1.46425s
 INFO: Computing semblance for m0 = 8000
 INFO: Total execution time for kernels is 1.54169s
 INFO: Computing semblance for m0 = 8020
 INFO: Total execution time for kernels is 1.64098s
 INFO: Computing semblance for m0 = 8040
 INFO: Total execution time for kernels is 1.55371s
 INFO: Computing semblance for m0 = 8060
 INFO: Total execution time for kernels is 1.46559s
 INFO: Computing semblance for m0 = 8080
 INFO: Total execution time for kernels is 1.54024s
 INFO: Computing semblance for m0 = 8100
 INFO: Total execution time for kernels is 1.64347s
 INFO: Computing semblance for m0 = 8120
 INFO: Total execution time for kernels is 1.55243s
 INFO: Computing semblance for m0 = 8140
 INFO: Total execution time for kernels is 1.46573s
 INFO: Computing semblance for m0 = 8160
 INFO: Total execution time for kernels is 1.54204s
 INFO: Computing semblance for m0 = 8180
 INFO: Total execution time for kernels is 1.6369s
 INFO: Computing semblance for m0 = 8200
 INFO: Total execution time for kernels is 1.46691s
 INFO: Computing semblance for m0 = 8220
 INFO: Total execution time for kernels is 1.55174s
 INFO: Computing semblance for m0 = 8240
 INFO: Total execution time for kernels is 1.54103s
 INFO: Computing semblance for m0 = 8260
 INFO: Total execution time for kernels is 1.63891s
 INFO: Computing semblance for m0 = 8280
 INFO: Total execution time for kernels is 1.4681s
 INFO: Computing semblance for m0 = 8300
 INFO: Total execution time for kernels is 1.55348s
 INFO: Computing semblance for m0 = 8320
 INFO: Total execution time for kernels is 1.54108s
 INFO: Computing semblance for m0 = 8340
 INFO: Total execution time for kernels is 1.63774s
 INFO: Computing semblance for m0 = 8360
 INFO: Total execution time for kernels is 1.46825s
 INFO: Computing semblance for m0 = 8380
 INFO: Total execution time for kernels is 1.55103s
 INFO: Computing semblance for m0 = 8400
 INFO: Total execution time for kernels is 1.54084s
 INFO: Computing semblance for m0 = 8420
 INFO: Total execution time for kernels is 1.63665s
 INFO: Computing semblance for m0 = 8440
 INFO: Total execution time for kernels is 1.47095s
 INFO: Computing semblance for m0 = 8460
 INFO: Total execution time for kernels is 1.54999s
 INFO: Computing semblance for m0 = 8480
 INFO: Total execution time for kernels is 1.5409s
 INFO: Computing semblance for m0 = 8500
 INFO: Total execution time for kernels is 1.63675s
 INFO: Computing semblance for m0 = 8520
 INFO: Total execution time for kernels is 1.46719s
 INFO: Computing semblance for m0 = 8540
 INFO: Total execution time for kernels is 1.55115s
 INFO: Computing semblance for m0 = 8560
 INFO: Total execution time for kernels is 1.53963s
 INFO: Computing semblance for m0 = 8580
 INFO: Total execution time for kernels is 1.46499s
 INFO: Computing semblance for m0 = 8600
 INFO: Total execution time for kernels is 1.63902s
 INFO: Computing semblance for m0 = 8620
 INFO: Total execution time for kernels is 1.54997s
 INFO: Computing semblance for m0 = 8640
 INFO: Total execution time for kernels is 1.54033s
 INFO: Computing semblance for m0 = 8660
 INFO: Total execution time for kernels is 1.46684s
 INFO: Computing semblance for m0 = 8680
 INFO: Total execution time for kernels is 1.63677s
 INFO: Computing semblance for m0 = 8700
 INFO: Total execution time for kernels is 1.55072s
 INFO: Computing semblance for m0 = 8720
 INFO: Total execution time for kernels is 1.54063s
 INFO: Computing semblance for m0 = 8740
 INFO: Total execution time for kernels is 1.4668s
 INFO: Computing semblance for m0 = 8760
 INFO: Total execution time for kernels is 1.63693s
 INFO: Computing semblance for m0 = 8780
 INFO: Total execution time for kernels is 1.54977s
 INFO: Computing semblance for m0 = 8800
 INFO: Total execution time for kernels is 1.53988s
 INFO: Computing semblance for m0 = 8820
 INFO: Total execution time for kernels is 1.46573s
 INFO: Computing semblance for m0 = 8840
 INFO: Total execution time for kernels is 1.64404s
 INFO: Computing semblance for m0 = 8860
 INFO: Total execution time for kernels is 1.55108s
 INFO: Computing semblance for m0 = 8880
 INFO: Total execution time for kernels is 1.5407s
 INFO: Computing semblance for m0 = 8900
 INFO: Total execution time for kernels is 1.46572s
 INFO: Computing semblance for m0 = 8920
 INFO: Total execution time for kernels is 1.54991s
 INFO: Computing semblance for m0 = 8940
 INFO: Total execution time for kernels is 1.63467s
 INFO: Computing semblance for m0 = 8960
 INFO: Total execution time for kernels is 1.53971s
 INFO: Computing semblance for m0 = 8980
 INFO: Total execution time for kernels is 1.469s
 INFO: Computing semblance for m0 = 9000
 INFO: Total execution time for kernels is 1.54548s
 INFO: Computing semblance for m0 = 9020
 INFO: Total execution time for kernels is 1.63073s
 INFO: Computing semblance for m0 = 9040
 INFO: Total execution time for kernels is 1.52019s
 INFO: Computing semblance for m0 = 9060
 INFO: Total execution time for kernels is 1.44522s
 INFO: Computing semblance for m0 = 9080
 INFO: Total execution time for kernels is 1.51275s
 INFO: Computing semblance for m0 = 9100
 INFO: Total execution time for kernels is 1.58653s
 INFO: Computing semblance for m0 = 9120
 INFO: Total execution time for kernels is 1.46806s
 INFO: Computing semblance for m0 = 9140
 INFO: Total execution time for kernels is 1.38215s
 INFO: Computing semblance for m0 = 9160
 INFO: Total execution time for kernels is 1.43973s
 INFO: Computing semblance for m0 = 9180
 INFO: Total execution time for kernels is 1.49772s
 INFO: Computing semblance for m0 = 9200
 INFO: Total execution time for kernels is 1.38269s
 INFO: Computing semblance for m0 = 9220
 INFO: Total execution time for kernels is 1.29383s
 INFO: Computing semblance for m0 = 9240
 INFO: Total execution time for kernels is 1.34197s
 INFO: Computing semblance for m0 = 9260
 INFO: Total execution time for kernels is 1.17414s
 INFO: Total execution time for kernels is 1.37528s
 INFO: Computing semblance for m0 = 9280
 INFO: Computing semblance for m0 = 9300
 INFO: Total execution time for kernels is 1.26108s
 INFO: Computing semblance for m0 = 9320
 INFO: Total execution time for kernels is 1.20405s
 INFO: Computing semblance for m0 = 9340
 INFO: Total execution time for kernels is 1.10863s
 INFO: Total execution time for kernels is 1.10047s
 INFO: Computing semblance for m0 = 9360
 INFO: Computing semblance for m0 = 9380
 INFO: Total execution time for kernels is 1.20362s
 INFO: Computing semblance for m0 = 9400
 INFO: Total execution time for kernels is 1.07209s
 INFO: Computing semblance for m0 = 9420
 INFO: Total execution time for kernels is 0.99082s
 INFO: Computing semblance for m0 = 9440
 INFO: Total execution time for kernels is 0.997111s
 INFO: Computing semblance for m0 = 9460
 INFO: Total execution time for kernels is 1.02687s
 INFO: Computing semblance for m0 = 9480
 INFO: Total execution time for kernels is 0.937698s
 INFO: Total execution time for kernels is 0.82214s
 INFO: Computing semblance for m0 = 9500
 INFO: Computing semblance for m0 = 9520
 INFO: Total execution time for kernels is 0.833782s
 INFO: Computing semblance for m0 = 9540
 INFO: Total execution time for kernels is 0.863631s
 INFO: Computing semblance for m0 = 9560
 INFO: Total execution time for kernels is 0.692691s
 INFO: Computing semblance for m0 = 9580
 INFO: Total execution time for kernels is 0.69187s
 INFO: Computing semblance for m0 = 9600
 INFO: Total execution time for kernels is 0.761266s
 INFO: Computing semblance for m0 = 9620
 INFO: Total execution time for kernels is 0.700022s
 INFO: Computing semblance for m0 = 9640
 INFO: Total execution time for kernels is 0.600232s
 INFO: Computing semblance for m0 = 9660
 INFO: Total execution time for kernels is 0.602121s
 INFO: Computing semblance for m0 = 9680
 INFO: Total execution time for kernels is 0.562668s
 INFO: Computing semblance for m0 = 9700
 INFO: Total execution time for kernels is 0.576904s
 INFO: Computing semblance for m0 = 9720
 INFO: Total execution time for kernels is 0.438336s
 INFO: Computing semblance for m0 = 9740
 INFO: Total execution time for kernels is 0.472019s
 INFO: Computing semblance for m0 = 9760
 INFO: Total execution time for kernels is 0.469849s
 INFO: Computing semblance for m0 = 9780
 INFO: Total execution time for kernels is 0.429495s
 INFO: Computing semblance for m0 = 9800
 INFO: Total execution time for kernels is 0.299618s
 INFO: Computing semblance for m0 = 9820
 INFO: Total execution time for kernels is 0.322469s
 INFO: Computing semblance for m0 = 9840
 INFO: Total execution time for kernels is 0.373178s
 INFO: Computing semblance for m0 = 9860
 INFO: Total execution time for kernels is 0.285424s
 INFO: Computing semblance for m0 = 9880
 INFO: Total execution time for kernels is 0.196516s
 INFO: Computing semblance for m0 = 9900
 INFO: Total execution time for kernels is 0.159991s
 INFO: Total execution time for kernels is 0.174803s
 INFO: Computing semblance for m0 = 9920
 INFO: Computing semblance for m0 = 9940
 INFO: Total execution time for kernels is 0.236356s
 INFO: Total execution time for kernels is 0.0748161s
 INFO: Total execution time for kernels is 0.118502s
 INFO: Total execution time for kernels is 0.104976s
 INFO: Average of efficiency is 1
 INFO: Average of interpolations_per_sec is 1.06906e+11
 INFO: Average of selected_traces is 309.888
 INFO: Average of total_selection_kernel_exec_time is 0.00433948
 INFO: Average of total_kernel_exec_time is 1.38247
 INFO: Results written to /home/ubuntu/nfs/out/0447d1c_g4dn.12xlarge/zocrs/greedy/cuda/simple-synthetic_3/simple-synthetic_greedy_zocrs_20210101_0214/
 INFO: It took 170.727s to compute.
