 INFO: Number of CDPs = 445
 INFO: Number of traces in the gather = 9200
 INFO: Number of samples per trace = 2502
 INFO: Starting worker threads...
 INFO: Computing semblance for m0 = 0
 INFO: Total execution time for kernels is 0.0033202s
 INFO: Computing semblance for m0 = 1080
 INFO: Total execution time for kernels is 0.105075s
 INFO: Computing semblance for m0 = 1100
 INFO: Total execution time for kernels is 0.118871s
 INFO: Computing semblance for m0 = 1120
 INFO: Total execution time for kernels is 0.129118s
 INFO: Computing semblance for m0 = 1140
 INFO: Computing semblance for m0 = 1160
 INFO: Total execution time for kernels is 0.140163s
 INFO: Computing semblance for m0 = 1180
 INFO: Total execution time for kernels is 0.205297s
 INFO: Computing semblance for m0 = 1200
 INFO: Computing semblance for m0 = 1220
 INFO: Total execution time for kernels is 0.170032s
 INFO: Computing semblance for m0 = 1240
 INFO: Total execution time for kernels is 0.236592s
 INFO: Computing semblance for m0 = 1260
 INFO: Total execution time for kernels is 0.229383s
 INFO: Computing semblance for m0 = 1280
 INFO: Total execution time for kernels is 0.298191s
 INFO: Computing semblance for m0 = 1300
 INFO: Total execution time for kernels is 0.271628s
 INFO: Computing semblance for m0 = 1320
 INFO: Computing semblance for m0 = 1340
 INFO: Computing semblance for m0 = 1360
 INFO: Computing semblance for m0 = 1380
 INFO: Computing semblance for m0 = 1400
 INFO: Computing semblance for m0 = 1420
 INFO: Computing semblance for m0 = 1440
 INFO: Computing semblance for m0 = 1460
 INFO: Computing semblance for m0 = 1480
 INFO: Computing semblance for m0 = 1500
 INFO: Computing semblance for m0 = 1520
 INFO: Computing semblance for m0 = 1540
 INFO: Computing semblance for m0 = 1560
 INFO: Computing semblance for m0 = 1580
 INFO: Total execution time for kernels is 0.31944s
 INFO: Computing semblance for m0 = 1600
 INFO: Total execution time for kernels is 0.275215s
 INFO: Computing semblance for m0 = 1620
 INFO: Total execution time for kernels is 0.359635s
 INFO: Computing semblance for m0 = 1640
 INFO: Total execution time for kernels is 0.474455s
 INFO: Computing semblance for m0 = 1660
 INFO: Total execution time for kernels is 0.49197s
 INFO: Computing semblance for m0 = 1680
 INFO: Total execution time for kernels is 0.506366s
 INFO: Computing semblance for m0 = 1700
 INFO: Total execution time for kernels is 0.524518s
 INFO: Computing semblance for m0 = 1720
 INFO: Total execution time for kernels is 0.574807s
 INFO: Computing semblance for m0 = 1740
 INFO: Total execution time for kernels is 0.579454s
 INFO: Computing semblance for m0 = 1760
 INFO: Total execution time for kernels is 0.613145s
 INFO: Computing semblance for m0 = 1780
 INFO: Total execution time for kernels is 0.614961s
 INFO: Computing semblance for m0 = 1800
 INFO: Total execution time for kernels is 0.659899s
 INFO: Computing semblance for m0 = 1820
 INFO: Total execution time for kernels is 0.676679s
 INFO: Computing semblance for m0 = 1840
 INFO: Total execution time for kernels is 0.716149s
 INFO: Computing semblance for m0 = 1860
 INFO: Total execution time for kernels is 0.745891s
 INFO: Computing semblance for m0 = 1880
 INFO: Total execution time for kernels is 0.747575s
 INFO: Computing semblance for m0 = 1900
 INFO: Total execution time for kernels is 0.616388s
 INFO: Computing semblance for m0 = 1920
 INFO: Total execution time for kernels is 0.645553s
 INFO: Computing semblance for m0 = 1940
 INFO: Total execution time for kernels is 0.671217s
 INFO: Computing semblance for m0 = 1960
 INFO: Total execution time for kernels is 0.710623s
 INFO: Computing semblance for m0 = 1980
 INFO: Total execution time for kernels is 0.707025s
 INFO: Computing semblance for m0 = 2000
 INFO: Total execution time for kernels is 0.754136s
 INFO: Computing semblance for m0 = 2020
 INFO: Total execution time for kernels is 0.772368s
 INFO: Computing semblance for m0 = 2040
 INFO: Total execution time for kernels is 0.767614s
 INFO: Computing semblance for m0 = 2060
 INFO: Total execution time for kernels is 0.805668s
 INFO: Computing semblance for m0 = 2080
 INFO: Total execution time for kernels is 0.809096s
 INFO: Computing semblance for m0 = 2100
 INFO: Total execution time for kernels is 0.828854s
 INFO: Computing semblance for m0 = 2120
 INFO: Total execution time for kernels is 0.86692s
 INFO: Computing semblance for m0 = 2140
 INFO: Total execution time for kernels is 0.862078s
 INFO: Computing semblance for m0 = 2160
 INFO: Total execution time for kernels is 0.873735s
 INFO: Computing semblance for m0 = 2180
 INFO: Total execution time for kernels is 0.890335s
 INFO: Computing semblance for m0 = 2200
 INFO: Total execution time for kernels is 0.914177s
 INFO: Computing semblance for m0 = 2220
 INFO: Total execution time for kernels is 0.923322s
 INFO: Computing semblance for m0 = 2240
 INFO: Total execution time for kernels is 0.934502s
 INFO: Computing semblance for m0 = 2260
 INFO: Total execution time for kernels is 0.957565s
 INFO: Computing semblance for m0 = 2280
 INFO: Total execution time for kernels is 0.921499s
 INFO: Computing semblance for m0 = 2300
 INFO: Total execution time for kernels is 0.937721s
 INFO: Computing semblance for m0 = 2320
 INFO: Total execution time for kernels is 0.947725s
 INFO: Computing semblance for m0 = 2340
 INFO: Total execution time for kernels is 0.9752s
 INFO: Computing semblance for m0 = 2360
 INFO: Total execution time for kernels is 0.944338s
 INFO: Computing semblance for m0 = 2380
 INFO: Total execution time for kernels is 0.981792s
 INFO: Computing semblance for m0 = 2400
 INFO: Total execution time for kernels is 0.966052s
 INFO: Computing semblance for m0 = 2420
 INFO: Total execution time for kernels is 0.973922s
 INFO: Computing semblance for m0 = 2440
 INFO: Total execution time for kernels is 0.964625s
 INFO: Computing semblance for m0 = 2460
 INFO: Total execution time for kernels is 1.01501s
 INFO: Computing semblance for m0 = 2480
 INFO: Total execution time for kernels is 0.960628s
 INFO: Computing semblance for m0 = 2500
 INFO: Total execution time for kernels is 0.964709s
 INFO: Computing semblance for m0 = 2520
 INFO: Total execution time for kernels is 0.987378s
 INFO: Computing semblance for m0 = 2540
 INFO: Total execution time for kernels is 0.983978s
 INFO: Computing semblance for m0 = 2560
 INFO: Total execution time for kernels is 0.987322s
 INFO: Computing semblance for m0 = 2580
 INFO: Total execution time for kernels is 0.999603s
 INFO: Computing semblance for m0 = 2600
 INFO: Total execution time for kernels is 0.955713s
 INFO: Computing semblance for m0 = 2620
 INFO: Total execution time for kernels is 0.958069s
 INFO: Computing semblance for m0 = 2640
 INFO: Total execution time for kernels is 0.965439s
 INFO: Computing semblance for m0 = 2660
 INFO: Total execution time for kernels is 0.957524s
 INFO: Computing semblance for m0 = 2680
 INFO: Total execution time for kernels is 0.996107s
 INFO: Computing semblance for m0 = 2700
 INFO: Total execution time for kernels is 0.995736s
 INFO: Computing semblance for m0 = 2720
 INFO: Total execution time for kernels is 0.988179s
 INFO: Computing semblance for m0 = 2740
 INFO: Total execution time for kernels is 0.987905s
 INFO: Computing semblance for m0 = 2760
 INFO: Total execution time for kernels is 0.980744s
 INFO: Computing semblance for m0 = 2780
 INFO: Total execution time for kernels is 0.978832s
 INFO: Computing semblance for m0 = 2800
 INFO: Total execution time for kernels is 1.01744s
 INFO: Computing semblance for m0 = 2820
 INFO: Total execution time for kernels is 0.975997s
 INFO: Computing semblance for m0 = 2840
 INFO: Total execution time for kernels is 1.00523s
 INFO: Computing semblance for m0 = 2860
 INFO: Total execution time for kernels is 1.00606s
 INFO: Computing semblance for m0 = 2880
 INFO: Total execution time for kernels is 1.01207s
 INFO: Computing semblance for m0 = 2900
 INFO: Total execution time for kernels is 1.02946s
 INFO: Computing semblance for m0 = 2920
 INFO: Total execution time for kernels is 0.986313s
 INFO: Computing semblance for m0 = 2940
 INFO: Total execution time for kernels is 0.985211s
 INFO: Computing semblance for m0 = 2960
 INFO: Total execution time for kernels is 0.981232s
 INFO: Computing semblance for m0 = 2980
 INFO: Total execution time for kernels is 0.972352s
 INFO: Computing semblance for m0 = 3000
 INFO: Total execution time for kernels is 1.00378s
 INFO: Computing semblance for m0 = 3020
 INFO: Total execution time for kernels is 1.00187s
 INFO: Computing semblance for m0 = 3040
 INFO: Total execution time for kernels is 0.973679s
 INFO: Computing semblance for m0 = 3060
 INFO: Total execution time for kernels is 0.978758s
 INFO: Computing semblance for m0 = 3080
 INFO: Total execution time for kernels is 0.968515s
 INFO: Computing semblance for m0 = 3100
 INFO: Total execution time for kernels is 0.960887s
 INFO: Computing semblance for m0 = 3120
 INFO: Total execution time for kernels is 0.999834s
 INFO: Computing semblance for m0 = 3140
 INFO: Total execution time for kernels is 0.962688s
 INFO: Computing semblance for m0 = 3160
 INFO: Total execution time for kernels is 0.984805s
 INFO: Computing semblance for m0 = 3180
 INFO: Total execution time for kernels is 0.982415s
 INFO: Computing semblance for m0 = 3200
 INFO: Total execution time for kernels is 0.988032s
 INFO: Computing semblance for m0 = 3220
 INFO: Total execution time for kernels is 1.00619s
 INFO: Computing semblance for m0 = 3240
 INFO: Total execution time for kernels is 0.956771s
 INFO: Computing semblance for m0 = 3260
 INFO: Total execution time for kernels is 0.964018s
 INFO: Computing semblance for m0 = 3280
 INFO: Total execution time for kernels is 0.961559s
 INFO: Computing semblance for m0 = 3300
 INFO: Total execution time for kernels is 0.957069s
 INFO: Computing semblance for m0 = 3320
 INFO: Total execution time for kernels is 0.996215s
 INFO: Computing semblance for m0 = 3340
 INFO: Total execution time for kernels is 0.994317s
 INFO: Computing semblance for m0 = 3360
 INFO: Total execution time for kernels is 0.986016s
 INFO: Computing semblance for m0 = 3380
 INFO: Total execution time for kernels is 0.986459s
 INFO: Computing semblance for m0 = 3400
 INFO: Total execution time for kernels is 0.981152s
 INFO: Computing semblance for m0 = 3420
 INFO: Total execution time for kernels is 0.972769s
 INFO: Computing semblance for m0 = 3440
 INFO: Total execution time for kernels is 0.971403s
 INFO: Computing semblance for m0 = 3460
 INFO: Total execution time for kernels is 1.02046s
 INFO: Computing semblance for m0 = 3480
 INFO: Total execution time for kernels is 0.99304s
 INFO: Computing semblance for m0 = 3500
 INFO: Total execution time for kernels is 0.984946s
 INFO: Computing semblance for m0 = 3520
 INFO: Total execution time for kernels is 0.992357s
 INFO: Computing semblance for m0 = 3540
 INFO: Total execution time for kernels is 0.957416s
 INFO: Computing semblance for m0 = 3560
 INFO: Total execution time for kernels is 1.00396s
 INFO: Computing semblance for m0 = 3580
 INFO: Total execution time for kernels is 0.952149s
 INFO: Computing semblance for m0 = 3600
 INFO: Total execution time for kernels is 0.953268s
 INFO: Computing semblance for m0 = 3620
 INFO: Total execution time for kernels is 0.950618s
 INFO: Computing semblance for m0 = 3640
 INFO: Total execution time for kernels is 0.988824s
 INFO: Computing semblance for m0 = 3660
 INFO: Total execution time for kernels is 0.965735s
 INFO: Computing semblance for m0 = 3680
 INFO: Total execution time for kernels is 0.988825s
 INFO: Computing semblance for m0 = 3700
 INFO: Total execution time for kernels is 0.9754s
 INFO: Computing semblance for m0 = 3720
 INFO: Total execution time for kernels is 0.956888s
 INFO: Computing semblance for m0 = 3740
 INFO: Total execution time for kernels is 0.966955s
 INFO: Computing semblance for m0 = 3760
 INFO: Total execution time for kernels is 0.959522s
 INFO: Computing semblance for m0 = 3780
 INFO: Total execution time for kernels is 1.00252s
 INFO: Computing semblance for m0 = 3800
 INFO: Total execution time for kernels is 0.978043s
 INFO: Computing semblance for m0 = 3820
 INFO: Total execution time for kernels is 0.972969s
 INFO: Computing semblance for m0 = 3840
 INFO: Total execution time for kernels is 0.97981s
 INFO: Computing semblance for m0 = 3860
 INFO: Total execution time for kernels is 0.945732s
 INFO: Computing semblance for m0 = 3880
 INFO: Total execution time for kernels is 0.989961s
 INFO: Computing semblance for m0 = 3900
 INFO: Total execution time for kernels is 0.940961s
 INFO: Computing semblance for m0 = 3920
 INFO: Total execution time for kernels is 0.945309s
 INFO: Computing semblance for m0 = 3940
 INFO: Total execution time for kernels is 0.941508s
 INFO: Computing semblance for m0 = 3960
 INFO: Total execution time for kernels is 0.982921s
 INFO: Computing semblance for m0 = 3980
 INFO: Total execution time for kernels is 0.967925s
 INFO: Computing semblance for m0 = 4000
 INFO: Total execution time for kernels is 0.971817s
 INFO: Computing semblance for m0 = 4020
 INFO: Total execution time for kernels is 0.989983s
 INFO: Computing semblance for m0 = 4040
 INFO: Total execution time for kernels is 0.959976s
 INFO: Computing semblance for m0 = 4060
 INFO: Total execution time for kernels is 0.962863s
 INFO: Computing semblance for m0 = 4080
 INFO: Total execution time for kernels is 0.966961s
 INFO: Computing semblance for m0 = 4100
 INFO: Total execution time for kernels is 0.99684s
 INFO: Computing semblance for m0 = 4120
 INFO: Total execution time for kernels is 0.982935s
 INFO: Computing semblance for m0 = 4140
 INFO: Total execution time for kernels is 0.975368s
 INFO: Computing semblance for m0 = 4160
 INFO: Total execution time for kernels is 0.983837s
 INFO: Computing semblance for m0 = 4180
 INFO: Total execution time for kernels is 0.957154s
 INFO: Computing semblance for m0 = 4200
 INFO: Total execution time for kernels is 0.945709s
 INFO: Computing semblance for m0 = 4220
 INFO: Total execution time for kernels is 1.00015s
 INFO: Computing semblance for m0 = 4240
 INFO: Total execution time for kernels is 0.954547s
 INFO: Computing semblance for m0 = 4260
 INFO: Total execution time for kernels is 0.941357s
 INFO: Computing semblance for m0 = 4280
 INFO: Total execution time for kernels is 0.982372s
 INFO: Computing semblance for m0 = 4300
 INFO: Total execution time for kernels is 0.966341s
 INFO: Computing semblance for m0 = 4320
 INFO: Total execution time for kernels is 0.972497s
 INFO: Computing semblance for m0 = 4340
 INFO: Total execution time for kernels is 0.979283s
 INFO: Computing semblance for m0 = 4360
 INFO: Total execution time for kernels is 0.962883s
 INFO: Computing semblance for m0 = 4380
 INFO: Total execution time for kernels is 0.965039s
 INFO: Computing semblance for m0 = 4400
 INFO: Total execution time for kernels is 0.961667s
 INFO: Computing semblance for m0 = 4420
 INFO: Total execution time for kernels is 0.992289s
 INFO: Computing semblance for m0 = 4440
 INFO: Total execution time for kernels is 0.976659s
 INFO: Computing semblance for m0 = 4460
 INFO: Total execution time for kernels is 0.973189s
 INFO: Computing semblance for m0 = 4480
 INFO: Total execution time for kernels is 0.985547s
 INFO: Computing semblance for m0 = 4500
 INFO: Total execution time for kernels is 0.956627s
 INFO: Computing semblance for m0 = 4520
 INFO: Total execution time for kernels is 0.971524s
 INFO: Computing semblance for m0 = 4540
 INFO: Total execution time for kernels is 0.969896s
 INFO: Computing semblance for m0 = 4560
 INFO: Total execution time for kernels is 0.959138s
 INFO: Computing semblance for m0 = 4580
 INFO: Total execution time for kernels is 1.02095s
 INFO: Computing semblance for m0 = 4600
 INFO: Total execution time for kernels is 1.00302s
 INFO: Computing semblance for m0 = 4620
 INFO: Total execution time for kernels is 0.985536s
 INFO: Computing semblance for m0 = 4640
 INFO: Total execution time for kernels is 0.99439s
 INFO: Computing semblance for m0 = 4660
 INFO: Total execution time for kernels is 0.976916s
 INFO: Computing semblance for m0 = 4680
 INFO: Total execution time for kernels is 1.00506s
 INFO: Computing semblance for m0 = 4700
 INFO: Total execution time for kernels is 0.984103s
 INFO: Computing semblance for m0 = 4720
 INFO: Total execution time for kernels is 0.974575s
 INFO: Computing semblance for m0 = 4740
 INFO: Total execution time for kernels is 0.998345s
 INFO: Computing semblance for m0 = 4760
 INFO: Total execution time for kernels is 1.01786s
 INFO: Computing semblance for m0 = 4780
 INFO: Total execution time for kernels is 0.994641s
 INFO: Computing semblance for m0 = 4800
 INFO: Total execution time for kernels is 0.997877s
 INFO: Computing semblance for m0 = 4820
 INFO: Total execution time for kernels is 0.956599s
 INFO: Computing semblance for m0 = 4840
 INFO: Total execution time for kernels is 0.964388s
 INFO: Computing semblance for m0 = 4860
 INFO: Total execution time for kernels is 0.966312s
 INFO: Computing semblance for m0 = 4880
 INFO: Total execution time for kernels is 0.957957s
 INFO: Computing semblance for m0 = 4900
 INFO: Total execution time for kernels is 1.00928s
 INFO: Computing semblance for m0 = 4920
 INFO: Total execution time for kernels is 0.966584s
 INFO: Computing semblance for m0 = 4940
 INFO: Total execution time for kernels is 0.987884s
 INFO: Computing semblance for m0 = 4960
 INFO: Total execution time for kernels is 0.971983s
 INFO: Computing semblance for m0 = 4980
 INFO: Total execution time for kernels is 0.956925s
 INFO: Computing semblance for m0 = 5000
 INFO: Total execution time for kernels is 0.99264s
 INFO: Computing semblance for m0 = 5020
 INFO: Total execution time for kernels is 0.974499s
 INFO: Computing semblance for m0 = 5040
 INFO: Total execution time for kernels is 0.968954s
 INFO: Computing semblance for m0 = 5060
 INFO: Total execution time for kernels is 0.992069s
 INFO: Computing semblance for m0 = 5080
 INFO: Total execution time for kernels is 1.00926s
 INFO: Computing semblance for m0 = 5100
 INFO: Total execution time for kernels is 0.99517s
 INFO: Computing semblance for m0 = 5120
 INFO: Total execution time for kernels is 0.997359s
 INFO: Computing semblance for m0 = 5140
 INFO: Total execution time for kernels is 0.96214s
 INFO: Computing semblance for m0 = 5160
 INFO: Total execution time for kernels is 0.964859s
 INFO: Computing semblance for m0 = 5180
 INFO: Total execution time for kernels is 0.964447s
 INFO: Computing semblance for m0 = 5200
 INFO: Total execution time for kernels is 0.956877s
 INFO: Computing semblance for m0 = 5220
 INFO: Total execution time for kernels is 1.01824s
 INFO: Computing semblance for m0 = 5240
 INFO: Total execution time for kernels is 0.986905s
 INFO: Computing semblance for m0 = 5260
 INFO: Total execution time for kernels is 1.00172s
 INFO: Computing semblance for m0 = 5280
 INFO: Total execution time for kernels is 0.987716s
 INFO: Computing semblance for m0 = 5300
 INFO: Total execution time for kernels is 0.977732s
 INFO: Computing semblance for m0 = 5320
 INFO: Total execution time for kernels is 0.992716s
 INFO: Computing semblance for m0 = 5340
 INFO: Total execution time for kernels is 1.00348s
 INFO: Computing semblance for m0 = 5360
 INFO: Total execution time for kernels is 0.983773s
 INFO: Computing semblance for m0 = 5380
 INFO: Total execution time for kernels is 1.01238s
 INFO: Computing semblance for m0 = 5400
 INFO: Total execution time for kernels is 1.00489s
 INFO: Computing semblance for m0 = 5420
 INFO: Total execution time for kernels is 1.0301s
 INFO: Computing semblance for m0 = 5440
 INFO: Total execution time for kernels is 0.981667s
 INFO: Computing semblance for m0 = 5460
 INFO: Total execution time for kernels is 1.01444s
 INFO: Computing semblance for m0 = 5480
 INFO: Total execution time for kernels is 0.977027s
 INFO: Computing semblance for m0 = 5500
 INFO: Total execution time for kernels is 0.975119s
 INFO: Computing semblance for m0 = 5520
 INFO: Total execution time for kernels is 0.969912s
 INFO: Computing semblance for m0 = 5540
 INFO: Total execution time for kernels is 1.01783s
 INFO: Computing semblance for m0 = 5560
 INFO: Total execution time for kernels is 0.987304s
 INFO: Computing semblance for m0 = 5580
 INFO: Total execution time for kernels is 0.975164s
 INFO: Computing semblance for m0 = 5600
 INFO: Total execution time for kernels is 0.985873s
 INFO: Computing semblance for m0 = 5620
 INFO: Total execution time for kernels is 1.00051s
 INFO: Computing semblance for m0 = 5640
 INFO: Total execution time for kernels is 0.982238s
 INFO: Computing semblance for m0 = 5660
 INFO: Total execution time for kernels is 1.0002s
 INFO: Computing semblance for m0 = 5680
 INFO: Total execution time for kernels is 0.970078s
 INFO: Computing semblance for m0 = 5700
 INFO: Total execution time for kernels is 1.00023s
 INFO: Computing semblance for m0 = 5720
 INFO: Total execution time for kernels is 0.993735s
 INFO: Computing semblance for m0 = 5740
 INFO: Total execution time for kernels is 1.02369s
 INFO: Computing semblance for m0 = 5760
 INFO: Total execution time for kernels is 0.976539s
 INFO: Computing semblance for m0 = 5780
 INFO: Total execution time for kernels is 1.00304s
 INFO: Computing semblance for m0 = 5800
 INFO: Total execution time for kernels is 0.96952s
 INFO: Computing semblance for m0 = 5820
 INFO: Total execution time for kernels is 0.962813s
 INFO: Computing semblance for m0 = 5840
 INFO: Total execution time for kernels is 0.968524s
 INFO: Computing semblance for m0 = 5860
 INFO: Total execution time for kernels is 1.01469s
 INFO: Computing semblance for m0 = 5880
 INFO: Total execution time for kernels is 0.988886s
 INFO: Computing semblance for m0 = 5900
 INFO: Total execution time for kernels is 0.980032s
 INFO: Computing semblance for m0 = 5920
 INFO: Total execution time for kernels is 1.00717s
 INFO: Computing semblance for m0 = 5940
 INFO: Total execution time for kernels is 1.01227s
 INFO: Computing semblance for m0 = 5960
 INFO: Total execution time for kernels is 1.0064s
 INFO: Computing semblance for m0 = 5980
 INFO: Total execution time for kernels is 1.02182s
 INFO: Computing semblance for m0 = 6000
 INFO: Total execution time for kernels is 0.996339s
 INFO: Computing semblance for m0 = 6020
 INFO: Total execution time for kernels is 1.01218s
 INFO: Computing semblance for m0 = 6040
 INFO: Total execution time for kernels is 1.01163s
 INFO: Computing semblance for m0 = 6060
 INFO: Total execution time for kernels is 0.987242s
 INFO: Computing semblance for m0 = 6080
 INFO: Total execution time for kernels is 1.03251s
 INFO: Computing semblance for m0 = 6100
 INFO: Total execution time for kernels is 0.98287s
 INFO: Computing semblance for m0 = 6120
 INFO: Total execution time for kernels is 1.01555s
 INFO: Computing semblance for m0 = 6140
 INFO: Total execution time for kernels is 0.973699s
 INFO: Computing semblance for m0 = 6160
 INFO: Total execution time for kernels is 0.983724s
 INFO: Computing semblance for m0 = 6180
 INFO: Total execution time for kernels is 1.03414s
 INFO: Computing semblance for m0 = 6200
 INFO: Total execution time for kernels is 0.997775s
 INFO: Computing semblance for m0 = 6220
 INFO: Total execution time for kernels is 0.989665s
 INFO: Computing semblance for m0 = 6240
 INFO: Total execution time for kernels is 0.997224s
 INFO: Computing semblance for m0 = 6260
 INFO: Total execution time for kernels is 1.00981s
 INFO: Computing semblance for m0 = 6280
 INFO: Total execution time for kernels is 0.977032s
 INFO: Computing semblance for m0 = 6300
 INFO: Total execution time for kernels is 0.966596s
 INFO: Computing semblance for m0 = 6320
 INFO: Total execution time for kernels is 0.988191s
 INFO: Computing semblance for m0 = 6340
 INFO: Total execution time for kernels is 0.989111s
 INFO: Computing semblance for m0 = 6360
 INFO: Total execution time for kernels is 0.987078s
 INFO: Computing semblance for m0 = 6380
 INFO: Total execution time for kernels is 0.960702s
 INFO: Computing semblance for m0 = 6400
 INFO: Total execution time for kernels is 0.999088s
 INFO: Computing semblance for m0 = 6420
 INFO: Total execution time for kernels is 0.948623s
 INFO: Computing semblance for m0 = 6440
 INFO: Total execution time for kernels is 0.946472s
 INFO: Computing semblance for m0 = 6460
 INFO: Total execution time for kernels is 0.9562s
 INFO: Computing semblance for m0 = 6480
 INFO: Total execution time for kernels is 0.987377s
 INFO: Computing semblance for m0 = 6500
 INFO: Total execution time for kernels is 1.01111s
 INFO: Computing semblance for m0 = 6520
 INFO: Total execution time for kernels is 0.97027s
 INFO: Computing semblance for m0 = 6540
 INFO: Total execution time for kernels is 0.97732s
 INFO: Computing semblance for m0 = 6560
 INFO: Total execution time for kernels is 0.979437s
 INFO: Computing semblance for m0 = 6580
 INFO: Total execution time for kernels is 0.991605s
 INFO: Computing semblance for m0 = 6600
 INFO: Total execution time for kernels is 0.980365s
 INFO: Computing semblance for m0 = 6620
 INFO: Total execution time for kernels is 0.972699s
 INFO: Computing semblance for m0 = 6640
 INFO: Total execution time for kernels is 0.99934s
 INFO: Computing semblance for m0 = 6660
 INFO: Total execution time for kernels is 0.992793s
 INFO: Computing semblance for m0 = 6680
 INFO: Total execution time for kernels is 0.970221s
 INFO: Computing semblance for m0 = 6700
 INFO: Total execution time for kernels is 0.996583s
 INFO: Computing semblance for m0 = 6720
 INFO: Total execution time for kernels is 0.960229s
 INFO: Computing semblance for m0 = 6740
 INFO: Total execution time for kernels is 1.01716s
 INFO: Computing semblance for m0 = 6760
 INFO: Total execution time for kernels is 0.957805s
 INFO: Computing semblance for m0 = 6780
 INFO: Total execution time for kernels is 0.963137s
 INFO: Computing semblance for m0 = 6800
 INFO: Total execution time for kernels is 1.00268s
 INFO: Computing semblance for m0 = 6820
 INFO: Total execution time for kernels is 1.01452s
 INFO: Computing semblance for m0 = 6840
 INFO: Total execution time for kernels is 0.972882s
 INFO: Computing semblance for m0 = 6860
 INFO: Total execution time for kernels is 0.98036s
 INFO: Computing semblance for m0 = 6880
 INFO: Total execution time for kernels is 0.986871s
 INFO: Computing semblance for m0 = 6900
 INFO: Total execution time for kernels is 0.983024s
 INFO: Computing semblance for m0 = 6920
 INFO: Total execution time for kernels is 1.00021s
 INFO: Computing semblance for m0 = 6940
 INFO: Total execution time for kernels is 0.982995s
 INFO: Computing semblance for m0 = 6960
 INFO: Total execution time for kernels is 1.00816s
 INFO: Computing semblance for m0 = 6980
 INFO: Total execution time for kernels is 0.99479s
 INFO: Computing semblance for m0 = 7000
 INFO: Total execution time for kernels is 0.976434s
 INFO: Computing semblance for m0 = 7020
 INFO: Total execution time for kernels is 0.991995s
 INFO: Computing semblance for m0 = 7040
 INFO: Total execution time for kernels is 0.959963s
 INFO: Computing semblance for m0 = 7060
 INFO: Total execution time for kernels is 0.955089s
 INFO: Computing semblance for m0 = 7080
 INFO: Total execution time for kernels is 0.955825s
 INFO: Computing semblance for m0 = 7100
 INFO: Total execution time for kernels is 1.01863s
 INFO: Computing semblance for m0 = 7120
 INFO: Total execution time for kernels is 0.996106s
 INFO: Computing semblance for m0 = 7140
 INFO: Total execution time for kernels is 0.973638s
 INFO: Computing semblance for m0 = 7160
 INFO: Total execution time for kernels is 1.0108s
 INFO: Computing semblance for m0 = 7180
 INFO: Total execution time for kernels is 0.976245s
 INFO: Computing semblance for m0 = 7200
 INFO: Total execution time for kernels is 0.989398s
 INFO: Computing semblance for m0 = 7220
 INFO: Total execution time for kernels is 0.978441s
 INFO: Computing semblance for m0 = 7240
 INFO: Total execution time for kernels is 0.975588s
 INFO: Computing semblance for m0 = 7260
 INFO: Total execution time for kernels is 1.00109s
 INFO: Computing semblance for m0 = 7280
 INFO: Total execution time for kernels is 1.00151s
 INFO: Computing semblance for m0 = 7300
 INFO: Total execution time for kernels is 0.999121s
 INFO: Computing semblance for m0 = 7320
 INFO: Total execution time for kernels is 0.979629s
 INFO: Computing semblance for m0 = 7340
 INFO: Total execution time for kernels is 0.99789s
 INFO: Computing semblance for m0 = 7360
 INFO: Total execution time for kernels is 0.970285s
 INFO: Computing semblance for m0 = 7380
 INFO: Total execution time for kernels is 0.969504s
 INFO: Computing semblance for m0 = 7400
 INFO: Total execution time for kernels is 0.978521s
 INFO: Computing semblance for m0 = 7420
 INFO: Total execution time for kernels is 1.02926s
 INFO: Computing semblance for m0 = 7440
 INFO: Total execution time for kernels is 1.0092s
 INFO: Computing semblance for m0 = 7460
 INFO: Total execution time for kernels is 0.978849s
 INFO: Computing semblance for m0 = 7480
 INFO: Total execution time for kernels is 0.990642s
 INFO: Computing semblance for m0 = 7500
 INFO: Total execution time for kernels is 1.02972s
 INFO: Computing semblance for m0 = 7520
 INFO: Total execution time for kernels is 0.994944s
 INFO: Computing semblance for m0 = 7540
 INFO: Total execution time for kernels is 0.989091s
 INFO: Computing semblance for m0 = 7560
 INFO: Total execution time for kernels is 0.991511s
 INFO: Computing semblance for m0 = 7580
 INFO: Total execution time for kernels is 1.01362s
 INFO: Computing semblance for m0 = 7600
 INFO: Total execution time for kernels is 1.01945s
 INFO: Computing semblance for m0 = 7620
 INFO: Total execution time for kernels is 0.977977s
 INFO: Computing semblance for m0 = 7640
 INFO: Total execution time for kernels is 1.01154s
 INFO: Computing semblance for m0 = 7660
 INFO: Total execution time for kernels is 0.963391s
 INFO: Computing semblance for m0 = 7680
 INFO: Total execution time for kernels is 0.973976s
 INFO: Computing semblance for m0 = 7700
 INFO: Total execution time for kernels is 1.00062s
 INFO: Computing semblance for m0 = 7720
 INFO: Total execution time for kernels is 0.974949s
 INFO: Computing semblance for m0 = 7740
 INFO: Total execution time for kernels is 1.0258s
 INFO: Computing semblance for m0 = 7760
 INFO: Total execution time for kernels is 1.01374s
 INFO: Computing semblance for m0 = 7780
 INFO: Total execution time for kernels is 0.983857s
 INFO: Computing semblance for m0 = 7800
 INFO: Total execution time for kernels is 0.990599s
 INFO: Computing semblance for m0 = 7820
 INFO: Total execution time for kernels is 1.02018s
 INFO: Computing semblance for m0 = 7840
 INFO: Total execution time for kernels is 0.994028s
 INFO: Computing semblance for m0 = 7860
 INFO: Total execution time for kernels is 0.984103s
 INFO: Computing semblance for m0 = 7880
 INFO: Total execution time for kernels is 0.97657s
 INFO: Computing semblance for m0 = 7900
 INFO: Total execution time for kernels is 0.998352s
 INFO: Computing semblance for m0 = 7920
 INFO: Total execution time for kernels is 0.991405s
 INFO: Computing semblance for m0 = 7940
 INFO: Total execution time for kernels is 0.971558s
 INFO: Computing semblance for m0 = 7960
 INFO: Total execution time for kernels is 0.954437s
 INFO: Computing semblance for m0 = 7980
 INFO: Total execution time for kernels is 0.957777s
 INFO: Computing semblance for m0 = 8000
 INFO: Total execution time for kernels is 0.991921s
 INFO: Computing semblance for m0 = 8020
 INFO: Total execution time for kernels is 0.960576s
 INFO: Computing semblance for m0 = 8040
 INFO: Total execution time for kernels is 0.991595s
 INFO: Computing semblance for m0 = 8060
 INFO: Total execution time for kernels is 1.01602s
 INFO: Computing semblance for m0 = 8080
 INFO: Total execution time for kernels is 0.993413s
 INFO: Computing semblance for m0 = 8100
 INFO: Total execution time for kernels is 0.980397s
 INFO: Computing semblance for m0 = 8120
 INFO: Total execution time for kernels is 0.979774s
 INFO: Computing semblance for m0 = 8140
 INFO: Total execution time for kernels is 0.992096s
 INFO: Computing semblance for m0 = 8160
 INFO: Total execution time for kernels is 1.0175s
 INFO: Computing semblance for m0 = 8180
 INFO: Total execution time for kernels is 0.985025s
 INFO: Computing semblance for m0 = 8200
 INFO: Total execution time for kernels is 0.984581s
 INFO: Computing semblance for m0 = 8220
 INFO: Total execution time for kernels is 0.99939s
 INFO: Computing semblance for m0 = 8240
 INFO: Total execution time for kernels is 0.995617s
 INFO: Computing semblance for m0 = 8260
 INFO: Total execution time for kernels is 0.965528s
 INFO: Computing semblance for m0 = 8280
 INFO: Total execution time for kernels is 0.94555s
 INFO: Computing semblance for m0 = 8300
 INFO: Total execution time for kernels is 0.954151s
 INFO: Computing semblance for m0 = 8320
 INFO: Total execution time for kernels is 0.982496s
 INFO: Computing semblance for m0 = 8340
 INFO: Total execution time for kernels is 0.954295s
 INFO: Computing semblance for m0 = 8360
 INFO: Total execution time for kernels is 0.982096s
 INFO: Computing semblance for m0 = 8380
 INFO: Total execution time for kernels is 0.983047s
 INFO: Computing semblance for m0 = 8400
 INFO: Total execution time for kernels is 0.996222s
 INFO: Computing semblance for m0 = 8420
 INFO: Total execution time for kernels is 0.956523s
 INFO: Computing semblance for m0 = 8440
 INFO: Total execution time for kernels is 0.966387s
 INFO: Computing semblance for m0 = 8460
 INFO: Total execution time for kernels is 0.96024s
 INFO: Computing semblance for m0 = 8480
 INFO: Total execution time for kernels is 0.958704s
 INFO: Computing semblance for m0 = 8500
 INFO: Total execution time for kernels is 0.95547s
 INFO: Computing semblance for m0 = 8520
 INFO: Total execution time for kernels is 0.997896s
 INFO: Computing semblance for m0 = 8540
 INFO: Total execution time for kernels is 0.97414s
 INFO: Computing semblance for m0 = 8560
 INFO: Total execution time for kernels is 0.978646s
 INFO: Computing semblance for m0 = 8580
 INFO: Total execution time for kernels is 0.93358s
 INFO: Computing semblance for m0 = 8600
 INFO: Total execution time for kernels is 0.949912s
 INFO: Computing semblance for m0 = 8620
 INFO: Total execution time for kernels is 0.938622s
 INFO: Computing semblance for m0 = 8640
 INFO: Total execution time for kernels is 0.942322s
 INFO: Computing semblance for m0 = 8660
 INFO: Total execution time for kernels is 0.976585s
 INFO: Computing semblance for m0 = 8680
 INFO: Total execution time for kernels is 0.979082s
 INFO: Computing semblance for m0 = 8700
 INFO: Total execution time for kernels is 0.984285s
 INFO: Computing semblance for m0 = 8720
 INFO: Total execution time for kernels is 0.996423s
 INFO: Computing semblance for m0 = 8740
 INFO: Total execution time for kernels is 0.952877s
 INFO: Computing semblance for m0 = 8760
 INFO: Total execution time for kernels is 0.967728s
 INFO: Computing semblance for m0 = 8780
 INFO: Total execution time for kernels is 0.959855s
 INFO: Computing semblance for m0 = 8800
 INFO: Total execution time for kernels is 0.959842s
 INFO: Computing semblance for m0 = 8820
 INFO: Total execution time for kernels is 0.955579s
 INFO: Computing semblance for m0 = 8840
 INFO: Total execution time for kernels is 0.988864s
 INFO: Computing semblance for m0 = 8860
 INFO: Total execution time for kernels is 0.97919s
 INFO: Computing semblance for m0 = 8880
 INFO: Total execution time for kernels is 0.979018s
 INFO: Computing semblance for m0 = 8900
 INFO: Total execution time for kernels is 0.937586s
 INFO: Computing semblance for m0 = 8920
 INFO: Total execution time for kernels is 0.954349s
 INFO: Computing semblance for m0 = 8940
 INFO: Total execution time for kernels is 0.94029s
 INFO: Computing semblance for m0 = 8960
 INFO: Total execution time for kernels is 0.945499s
 INFO: Computing semblance for m0 = 8980
 INFO: Total execution time for kernels is 0.975398s
 INFO: Computing semblance for m0 = 9000
 INFO: Total execution time for kernels is 0.982013s
 INFO: Computing semblance for m0 = 9020
 INFO: Total execution time for kernels is 0.982524s
 INFO: Computing semblance for m0 = 9040
 INFO: Total execution time for kernels is 1.00159s
 INFO: Computing semblance for m0 = 9060
 INFO: Total execution time for kernels is 0.958185s
 INFO: Computing semblance for m0 = 9080
 INFO: Total execution time for kernels is 0.972363s
 INFO: Computing semblance for m0 = 9100
 INFO: Total execution time for kernels is 0.974232s
 INFO: Computing semblance for m0 = 9120
 INFO: Total execution time for kernels is 0.968394s
 INFO: Computing semblance for m0 = 9140
 INFO: Total execution time for kernels is 0.974816s
 INFO: Computing semblance for m0 = 9160
 INFO: Total execution time for kernels is 1.00786s
 INFO: Computing semblance for m0 = 9180
 INFO: Total execution time for kernels is 0.989216s
 INFO: Computing semblance for m0 = 9200
 INFO: Total execution time for kernels is 0.986592s
 INFO: Computing semblance for m0 = 9220
 INFO: Total execution time for kernels is 0.948634s
 INFO: Computing semblance for m0 = 9240
 INFO: Total execution time for kernels is 0.963544s
 INFO: Computing semblance for m0 = 9260
 INFO: Total execution time for kernels is 0.947359s
 INFO: Computing semblance for m0 = 9280
 INFO: Total execution time for kernels is 0.942168s
 INFO: Computing semblance for m0 = 9300
 INFO: Total execution time for kernels is 0.965452s
 INFO: Computing semblance for m0 = 9320
 INFO: Total execution time for kernels is 0.953347s
 INFO: Computing semblance for m0 = 9340
 INFO: Total execution time for kernels is 0.952749s
 INFO: Computing semblance for m0 = 9360
 INFO: Total execution time for kernels is 0.953666s
 INFO: Computing semblance for m0 = 9380
 INFO: Total execution time for kernels is 0.902513s
 INFO: Computing semblance for m0 = 9400
 INFO: Total execution time for kernels is 0.898049s
 INFO: Computing semblance for m0 = 9420
 INFO: Total execution time for kernels is 0.829961s
 INFO: Computing semblance for m0 = 9440
 INFO: Total execution time for kernels is 0.879984s
 INFO: Computing semblance for m0 = 9460
 INFO: Total execution time for kernels is 0.854169s
 INFO: Computing semblance for m0 = 9480
 INFO: Total execution time for kernels is 0.660443s
 INFO: Computing semblance for m0 = 9500
 INFO: Total execution time for kernels is 0.636226s
 INFO: Computing semblance for m0 = 9520
 INFO: Total execution time for kernels is 0.71231s
 INFO: Computing semblance for m0 = 9540
 INFO: Total execution time for kernels is 0.833317s
 INFO: Computing semblance for m0 = 9560
 INFO: Total execution time for kernels is 0.795841s
 INFO: Computing semblance for m0 = 9580
 INFO: Total execution time for kernels is 0.694606s
 INFO: Computing semblance for m0 = 9600
 INFO: Total execution time for kernels is 0.773029s
 INFO: Computing semblance for m0 = 9620
 INFO: Total execution time for kernels is 0.639427s
 INFO: Computing semblance for m0 = 9640
 INFO: Total execution time for kernels is 0.614002s
 INFO: Computing semblance for m0 = 9660
 INFO: Total execution time for kernels is 0.593678s
 INFO: Computing semblance for m0 = 9680
 INFO: Total execution time for kernels is 0.584575s
 INFO: Computing semblance for m0 = 9700
 INFO: Total execution time for kernels is 0.533735s
 INFO: Computing semblance for m0 = 9720
 INFO: Total execution time for kernels is 0.316712s
 INFO: Computing semblance for m0 = 9740
 INFO: Total execution time for kernels is 0.309007s
 INFO: Computing semblance for m0 = 9760
 INFO: Total execution time for kernels is 0.288564s
 INFO: Computing semblance for m0 = 9780
 INFO: Total execution time for kernels is 0.346993s
 INFO: Computing semblance for m0 = 9800
 INFO: Total execution time for kernels is 0.376211s
 INFO: Computing semblance for m0 = 9820
 INFO: Total execution time for kernels is 0.375149s
 INFO: Computing semblance for m0 = 9840
 INFO: Total execution time for kernels is 0.271208s
 INFO: Computing semblance for m0 = 9860
 INFO: Total execution time for kernels is 0.397303s
 INFO: Computing semblance for m0 = 9880
 INFO: Total execution time for kernels is 0.449365s
 INFO: Computing semblance for m0 = 9900
 INFO: Total execution time for kernels is 0.479347s
 INFO: Computing semblance for m0 = 9920
 INFO: Total execution time for kernels is 0.416071s
 INFO: Computing semblance for m0 = 9940
 INFO: Total execution time for kernels is 0.523668s
 INFO: Total execution time for kernels is 0.497269s
 INFO: Total execution time for kernels is 0.043024s
 INFO: Total execution time for kernels is 0.0631528s
 INFO: Total execution time for kernels is 0.0552635s
 INFO: Total execution time for kernels is 0.0734084s
 INFO: Total execution time for kernels is 0.0915631s
 INFO: Total execution time for kernels is 0.1053s
 INFO: Total execution time for kernels is 0.116708s
 INFO: Total execution time for kernels is 0.139747s
 INFO: Total execution time for kernels is 0.249219s
 INFO: Total execution time for kernels is 0.23402s
 INFO: Total execution time for kernels is 0.15751s
 INFO: Total execution time for kernels is 0.185389s
 INFO: Total execution time for kernels is 0.177039s
 INFO: Total execution time for kernels is 0.2054s
 INFO: Average of efficiency is 1
 INFO: Average of interpolations_per_sec is 1.70654e+10
 INFO: Average of selected_traces is 309.888
 INFO: Average of total_selection_kernel_exec_time is 0.011302
 INFO: Average of total_kernel_exec_time is 0.884962
 INFO: Driver init. duration is 1.00583 s
 INFO: Read gather duration is 0.114635 s
 INFO: Parse args. duration is 0.000265003 s
 INFO: Worker threads duration is 28.7494 s
 INFO: Dump results duration is 0.448844 s
 INFO: Results written to /home/ubuntu/nfs/out/d4e9b53e_master_p2.16xlarge/zocrs/de/cuda/simple-synthetic_64_4/simple-synthetic_de_zocrs_20210302_1204/
 INFO: It took 30.3255s to compute.
