 INFO: [readGatherFromFile:119] Number of CDPs = 445
 INFO: [readGatherFromFile:120] Number of traces in the gather = 9200
 INFO: [readGatherFromFile:121] Number of samples per trace = 2502
 INFO: [initialize:24] Initializing traveltime
 INFO: [buildZeroOffsetCommonReflectionSurface:66] Upper bound for A is 0.000866025
 INFO: [buildZeroOffsetCommonReflectionSurface:67] Upper bound for B is 1.97531e-06
 INFO: [initialize:28] Factory initialized
 INFO: [create_worker:27] Device count is 0
 INFO: [parseComputeAlgorithm:28] Generations = 32
 INFO: [parseComputeAlgorithm:32] Individuals per population = 32
 INFO: [run:16] m0 = 1100
 INFO: [activate:15] Activating GPU#0
 INFO: [activate:15] Activating GPU#0
 INFO: [activate:15] Activating GPU#0
 INFO: [selectTracesToBeUsedForMidpoint:113] Selecting traces for m0 = 1100
 INFO: [copyOnlySelectedTracesToDevice:118] Selected 25 traces
 INFO: [copyOnlySelectedTracesToDevice:152] Copy time is 0.000348458
 INFO: [selectTracesToBeUsedForMidpoint:181] Execution time for copying traces is 0.000454543s
 INFO: [saveStatisticalResults:102] Total execution time for selecting traces is 0.000555528s
 INFO: [saveStatisticalResults:104] Total execution time for kernels is 0.118948s
 INFO: [run:16] m0 = 1180
 INFO: [activate:15] Activating GPU#0
 INFO: [selectTracesToBeUsedForMidpoint:113] Selecting traces for m0 = 1180
 INFO: [copyOnlySelectedTracesToDevice:118] Selected 49 traces
 INFO: [copyOnlySelectedTracesToDevice:152] Copy time is 0.000673061
 INFO: [selectTracesToBeUsedForMidpoint:181] Execution time for copying traces is 0.000850981s
 INFO: [saveStatisticalResults:102] Total execution time for selecting traces is 0.000946219s
 INFO: [saveStatisticalResults:104] Total execution time for kernels is 0.205169s
 INFO: [run:16] m0 = 1260
 INFO: [activate:15] Activating GPU#0
 INFO: [selectTracesToBeUsedForMidpoint:113] Selecting traces for m0 = 1260
 INFO: [copyOnlySelectedTracesToDevice:118] Selected 79 traces
 INFO: [copyOnlySelectedTracesToDevice:152] Copy time is 0.00104558
 INFO: [selectTracesToBeUsedForMidpoint:181] Execution time for copying traces is 0.0015897s
 INFO: [saveStatisticalResults:102] Total execution time for selecting traces is 0.00169352s
 INFO: [saveStatisticalResults:104] Total execution time for kernels is 0.268631s
 INFO: [run:16] m0 = 1340
 INFO: [activate:15] Activating GPU#0
 INFO: [selectTracesToBeUsedForMidpoint:113] Selecting traces for m0 = 1340
 INFO: [copyOnlySelectedTracesToDevice:118] Selected 109 traces
 INFO: [copyOnlySelectedTracesToDevice:152] Copy time is 0.00139335
 INFO: [selectTracesToBeUsedForMidpoint:181] Execution time for copying traces is 0.00197599s
 INFO: [saveStatisticalResults:102] Total execution time for selecting traces is 0.00211032s
 INFO: [saveStatisticalResults:104] Total execution time for kernels is 0.341673s
 INFO: [run:16] m0 = 1420
 INFO: [activate:15] Activating GPU#0
 INFO: [selectTracesToBeUsedForMidpoint:113] Selecting traces for m0 = 1420
 INFO: [copyOnlySelectedTracesToDevice:118] Selected 139 traces
 INFO: [copyOnlySelectedTracesToDevice:152] Copy time is 0.00170427
 INFO: [selectTracesToBeUsedForMidpoint:181] Execution time for copying traces is 0.00234357s
 INFO: [saveStatisticalResults:102] Total execution time for selecting traces is 0.00245185s
 INFO: [saveStatisticalResults:104] Total execution time for kernels is 0.42229s
 INFO: [run:16] m0 = 1500
 INFO: [activate:15] Activating GPU#0
 INFO: [selectTracesToBeUsedForMidpoint:113] Selecting traces for m0 = 1500
 INFO: [copyOnlySelectedTracesToDevice:118] Selected 169 traces
 INFO: [copyOnlySelectedTracesToDevice:152] Copy time is 0.00196731
 INFO: [selectTracesToBeUsedForMidpoint:181] Execution time for copying traces is 0.00262546s
 INFO: [saveStatisticalResults:102] Total execution time for selecting traces is 0.00272966s
 INFO: [saveStatisticalResults:104] Total execution time for kernels is 0.506566s
 INFO: [run:16] m0 = 1580
 INFO: [activate:15] Activating GPU#0
 INFO: [selectTracesToBeUsedForMidpoint:113] Selecting traces for m0 = 1580
 INFO: [copyOnlySelectedTracesToDevice:118] Selected 199 traces
 INFO: [copyOnlySelectedTracesToDevice:152] Copy time is 0.00231508
 INFO: [selectTracesToBeUsedForMidpoint:181] Execution time for copying traces is 0.00298704s
 INFO: [saveStatisticalResults:102] Total execution time for selecting traces is 0.00310614s
 INFO: [saveStatisticalResults:104] Total execution time for kernels is 0.59391s
 INFO: [run:16] m0 = 1660
 INFO: [activate:15] Activating GPU#0
 INFO: [selectTracesToBeUsedForMidpoint:113] Selecting traces for m0 = 1660
 INFO: [copyOnlySelectedTracesToDevice:118] Selected 229 traces
 INFO: [copyOnlySelectedTracesToDevice:152] Copy time is 0.0029117
 INFO: [selectTracesToBeUsedForMidpoint:181] Execution time for copying traces is 0.00360891s
 INFO: [saveStatisticalResults:102] Total execution time for selecting traces is 0.00372034s
 INFO: [saveStatisticalResults:104] Total execution time for kernels is 0.687634s
 INFO: [run:16] m0 = 1740
 INFO: [activate:15] Activating GPU#0
 INFO: [selectTracesToBeUsedForMidpoint:113] Selecting traces for m0 = 1740
 INFO: [copyOnlySelectedTracesToDevice:118] Selected 259 traces
 INFO: [copyOnlySelectedTracesToDevice:152] Copy time is 0.0031315
 INFO: [selectTracesToBeUsedForMidpoint:181] Execution time for copying traces is 0.00394535s
 INFO: [saveStatisticalResults:102] Total execution time for selecting traces is 0.00405496s
 INFO: [saveStatisticalResults:104] Total execution time for kernels is 0.769069s
 INFO: [run:16] m0 = 1820
 INFO: [activate:15] Activating GPU#0
 INFO: [selectTracesToBeUsedForMidpoint:113] Selecting traces for m0 = 1820
 INFO: [copyOnlySelectedTracesToDevice:118] Selected 289 traces
 INFO: [copyOnlySelectedTracesToDevice:152] Copy time is 0.00337345
 INFO: [selectTracesToBeUsedForMidpoint:181] Execution time for copying traces is 0.00412273s
 INFO: [saveStatisticalResults:102] Total execution time for selecting traces is 0.00427571s
 INFO: [saveStatisticalResults:104] Total execution time for kernels is 0.848552s
 INFO: [run:16] m0 = 1900
 INFO: [activate:15] Activating GPU#0
 INFO: [selectTracesToBeUsedForMidpoint:113] Selecting traces for m0 = 1900
 INFO: [copyOnlySelectedTracesToDevice:118] Selected 315 traces
 INFO: [copyOnlySelectedTracesToDevice:152] Copy time is 0.00373068
 INFO: [selectTracesToBeUsedForMidpoint:181] Execution time for copying traces is 0.00458196s
 INFO: [saveStatisticalResults:102] Total execution time for selecting traces is 0.00470907s
 INFO: [saveStatisticalResults:104] Total execution time for kernels is 0.906471s
 INFO: [run:16] m0 = 1980
 INFO: [activate:15] Activating GPU#0
 INFO: [selectTracesToBeUsedForMidpoint:113] Selecting traces for m0 = 1980
 INFO: [copyOnlySelectedTracesToDevice:118] Selected 333 traces
 INFO: [copyOnlySelectedTracesToDevice:152] Copy time is 0.00386276
 INFO: [selectTracesToBeUsedForMidpoint:181] Execution time for copying traces is 0.00471787s
 INFO: [saveStatisticalResults:102] Total execution time for selecting traces is 0.00482563s
 INFO: [saveStatisticalResults:104] Total execution time for kernels is 0.944035s
 INFO: [run:16] m0 = 2060
 INFO: [activate:15] Activating GPU#0
 INFO: [selectTracesToBeUsedForMidpoint:113] Selecting traces for m0 = 2060
 INFO: [copyOnlySelectedTracesToDevice:118] Selected 343 traces
 INFO: [copyOnlySelectedTracesToDevice:152] Copy time is 0.00390992
 INFO: [selectTracesToBeUsedForMidpoint:181] Execution time for copying traces is 0.00477038s
 INFO: [saveStatisticalResults:102] Total execution time for selecting traces is 0.00490408s
 INFO: [saveStatisticalResults:104] Total execution time for kernels is 0.969679s
 INFO: [run:16] m0 = 2140
 INFO: [activate:15] Activating GPU#0
 INFO: [selectTracesToBeUsedForMidpoint:113] Selecting traces for m0 = 2140
 INFO: [copyOnlySelectedTracesToDevice:118] Selected 345 traces
 INFO: [copyOnlySelectedTracesToDevice:152] Copy time is 0.00413246
 INFO: [selectTracesToBeUsedForMidpoint:181] Execution time for copying traces is 0.00505798s
 INFO: [saveStatisticalResults:102] Total execution time for selecting traces is 0.00516687s
 INFO: [saveStatisticalResults:104] Total execution time for kernels is 0.977414s
 INFO: [run:16] m0 = 2220
 INFO: [activate:15] Activating GPU#0
 INFO: [selectTracesToBeUsedForMidpoint:113] Selecting traces for m0 = 2220
 INFO: [copyOnlySelectedTracesToDevice:118] Selected 345 traces
 INFO: [copyOnlySelectedTracesToDevice:152] Copy time is 0.00402485
 INFO: [selectTracesToBeUsedForMidpoint:181] Execution time for copying traces is 0.00495398s
 INFO: [saveStatisticalResults:102] Total execution time for selecting traces is 0.00506633s
 INFO: [saveStatisticalResults:104] Total execution time for kernels is 0.976643s
 INFO: [run:16] m0 = 2300
 INFO: [activate:15] Activating GPU#0
 INFO: [selectTracesToBeUsedForMidpoint:113] Selecting traces for m0 = 2300
 INFO: [copyOnlySelectedTracesToDevice:118] Selected 345 traces
 INFO: [copyOnlySelectedTracesToDevice:152] Copy time is 0.00405943
 INFO: [selectTracesToBeUsedForMidpoint:181] Execution time for copying traces is 0.00496053s
 INFO: [saveStatisticalResults:102] Total execution time for selecting traces is 0.00509846s
 INFO: [saveStatisticalResults:104] Total execution time for kernels is 0.981192s
 INFO: [run:16] m0 = 2380
 INFO: [activate:15] Activating GPU#0
 INFO: [selectTracesToBeUsedForMidpoint:113] Selecting traces for m0 = 2380
 INFO: [copyOnlySelectedTracesToDevice:118] Selected 345 traces
 INFO: [copyOnlySelectedTracesToDevice:152] Copy time is 0.00401754
 INFO: [selectTracesToBeUsedForMidpoint:181] Execution time for copying traces is 0.00494826s
 INFO: [saveStatisticalResults:102] Total execution time for selecting traces is 0.00508146s
 INFO: [saveStatisticalResults:104] Total execution time for kernels is 0.983657s
 INFO: [run:16] m0 = 2460
 INFO: [activate:15] Activating GPU#0
 INFO: [selectTracesToBeUsedForMidpoint:113] Selecting traces for m0 = 2460
 INFO: [copyOnlySelectedTracesToDevice:118] Selected 345 traces
 INFO: [copyOnlySelectedTracesToDevice:152] Copy time is 0.0040353
 INFO: [selectTracesToBeUsedForMidpoint:181] Execution time for copying traces is 0.00491751s
 INFO: [saveStatisticalResults:102] Total execution time for selecting traces is 0.00501982s
 INFO: [saveStatisticalResults:104] Total execution time for kernels is 0.990202s
 INFO: [run:16] m0 = 2540
 INFO: [activate:15] Activating GPU#0
 INFO: [selectTracesToBeUsedForMidpoint:113] Selecting traces for m0 = 2540
 INFO: [copyOnlySelectedTracesToDevice:118] Selected 345 traces
 INFO: [copyOnlySelectedTracesToDevice:152] Copy time is 0.00403383
 INFO: [selectTracesToBeUsedForMidpoint:181] Execution time for copying traces is 0.00490389s
 INFO: [saveStatisticalResults:102] Total execution time for selecting traces is 0.0050084s
 INFO: [saveStatisticalResults:104] Total execution time for kernels is 0.996425s
 INFO: [run:16] m0 = 2620
 INFO: [activate:15] Activating GPU#0
 INFO: [selectTracesToBeUsedForMidpoint:113] Selecting traces for m0 = 2620
 INFO: [copyOnlySelectedTracesToDevice:118] Selected 345 traces
 INFO: [copyOnlySelectedTracesToDevice:152] Copy time is 0.00428603
 INFO: [selectTracesToBeUsedForMidpoint:181] Execution time for copying traces is 0.00521514s
 INFO: [saveStatisticalResults:102] Total execution time for selecting traces is 0.00532509s
 INFO: [saveStatisticalResults:104] Total execution time for kernels is 1.00396s
 INFO: [run:16] m0 = 2700
 INFO: [activate:15] Activating GPU#0
 INFO: [selectTracesToBeUsedForMidpoint:113] Selecting traces for m0 = 2700
 INFO: [copyOnlySelectedTracesToDevice:118] Selected 345 traces
 INFO: [copyOnlySelectedTracesToDevice:152] Copy time is 0.00404144
 INFO: [selectTracesToBeUsedForMidpoint:181] Execution time for copying traces is 0.00502236s
 INFO: [saveStatisticalResults:102] Total execution time for selecting traces is 0.00512541s
 INFO: [saveStatisticalResults:104] Total execution time for kernels is 0.991547s
 INFO: [run:16] m0 = 2780
 INFO: [activate:15] Activating GPU#0
 INFO: [selectTracesToBeUsedForMidpoint:113] Selecting traces for m0 = 2780
 INFO: [copyOnlySelectedTracesToDevice:118] Selected 345 traces
 INFO: [copyOnlySelectedTracesToDevice:152] Copy time is 0.00403467
 INFO: [selectTracesToBeUsedForMidpoint:181] Execution time for copying traces is 0.00493583s
 INFO: [saveStatisticalResults:102] Total execution time for selecting traces is 0.00504265s
 INFO: [saveStatisticalResults:104] Total execution time for kernels is 0.971001s
 INFO: [run:16] m0 = 2860
 INFO: [activate:15] Activating GPU#0
 INFO: [selectTracesToBeUsedForMidpoint:113] Selecting traces for m0 = 2860
 INFO: [copyOnlySelectedTracesToDevice:118] Selected 345 traces
 INFO: [copyOnlySelectedTracesToDevice:152] Copy time is 0.00414547
 INFO: [selectTracesToBeUsedForMidpoint:181] Execution time for copying traces is 0.00502156s
 INFO: [saveStatisticalResults:102] Total execution time for selecting traces is 0.00512907s
 INFO: [saveStatisticalResults:104] Total execution time for kernels is 0.981465s
 INFO: [run:16] m0 = 2940
 INFO: [activate:15] Activating GPU#0
 INFO: [selectTracesToBeUsedForMidpoint:113] Selecting traces for m0 = 2940
 INFO: [copyOnlySelectedTracesToDevice:118] Selected 345 traces
 INFO: [copyOnlySelectedTracesToDevice:152] Copy time is 0.00384799
 INFO: [selectTracesToBeUsedForMidpoint:181] Execution time for copying traces is 0.00472575s
 INFO: [saveStatisticalResults:102] Total execution time for selecting traces is 0.00482722s
 INFO: [saveStatisticalResults:104] Total execution time for kernels is 0.983671s
 INFO: [run:16] m0 = 3020
 INFO: [activate:15] Activating GPU#0
 INFO: [selectTracesToBeUsedForMidpoint:113] Selecting traces for m0 = 3020
 INFO: [copyOnlySelectedTracesToDevice:118] Selected 345 traces
 INFO: [copyOnlySelectedTracesToDevice:152] Copy time is 0.00404569
 INFO: [selectTracesToBeUsedForMidpoint:181] Execution time for copying traces is 0.00494295s
 INFO: [saveStatisticalResults:102] Total execution time for selecting traces is 0.0050488s
 INFO: [saveStatisticalResults:104] Total execution time for kernels is 0.980364s
 INFO: [run:16] m0 = 3100
 INFO: [activate:15] Activating GPU#0
 INFO: [selectTracesToBeUsedForMidpoint:113] Selecting traces for m0 = 3100
 INFO: [copyOnlySelectedTracesToDevice:118] Selected 345 traces
 INFO: [copyOnlySelectedTracesToDevice:152] Copy time is 0.00405194
 INFO: [selectTracesToBeUsedForMidpoint:181] Execution time for copying traces is 0.00493619s
 INFO: [saveStatisticalResults:102] Total execution time for selecting traces is 0.00504167s
 INFO: [saveStatisticalResults:104] Total execution time for kernels is 0.988368s
 INFO: [run:16] m0 = 3180
 INFO: [activate:15] Activating GPU#0
 INFO: [selectTracesToBeUsedForMidpoint:113] Selecting traces for m0 = 3180
 INFO: [copyOnlySelectedTracesToDevice:118] Selected 345 traces
 INFO: [copyOnlySelectedTracesToDevice:152] Copy time is 0.00404638
 INFO: [selectTracesToBeUsedForMidpoint:181] Execution time for copying traces is 0.0049308s
 INFO: [saveStatisticalResults:102] Total execution time for selecting traces is 0.00505826s
 INFO: [saveStatisticalResults:104] Total execution time for kernels is 0.992104s
 INFO: [run:16] m0 = 3260
 INFO: [activate:15] Activating GPU#0
 INFO: [selectTracesToBeUsedForMidpoint:113] Selecting traces for m0 = 3260
 INFO: [copyOnlySelectedTracesToDevice:118] Selected 345 traces
 INFO: [copyOnlySelectedTracesToDevice:152] Copy time is 0.0041554
 INFO: [selectTracesToBeUsedForMidpoint:181] Execution time for copying traces is 0.00504555s
 INFO: [saveStatisticalResults:102] Total execution time for selecting traces is 0.00515065s
 INFO: [saveStatisticalResults:104] Total execution time for kernels is 0.980498s
 INFO: [run:16] m0 = 3340
 INFO: [activate:15] Activating GPU#0
 INFO: [selectTracesToBeUsedForMidpoint:113] Selecting traces for m0 = 3340
 INFO: [copyOnlySelectedTracesToDevice:118] Selected 345 traces
 INFO: [copyOnlySelectedTracesToDevice:152] Copy time is 0.00410728
 INFO: [selectTracesToBeUsedForMidpoint:181] Execution time for copying traces is 0.00498706s
 INFO: [saveStatisticalResults:102] Total execution time for selecting traces is 0.00508927s
 INFO: [saveStatisticalResults:104] Total execution time for kernels is 0.987313s
 INFO: [run:16] m0 = 3420
 INFO: [activate:15] Activating GPU#0
 INFO: [selectTracesToBeUsedForMidpoint:113] Selecting traces for m0 = 3420
 INFO: [copyOnlySelectedTracesToDevice:118] Selected 345 traces
 INFO: [copyOnlySelectedTracesToDevice:152] Copy time is 0.00384278
 INFO: [selectTracesToBeUsedForMidpoint:181] Execution time for copying traces is 0.0047255s
 INFO: [saveStatisticalResults:102] Total execution time for selecting traces is 0.00482568s
 INFO: [saveStatisticalResults:104] Total execution time for kernels is 0.976488s
 INFO: [run:16] m0 = 3500
 INFO: [activate:15] Activating GPU#0
 INFO: [selectTracesToBeUsedForMidpoint:113] Selecting traces for m0 = 3500
 INFO: [copyOnlySelectedTracesToDevice:118] Selected 345 traces
 INFO: [copyOnlySelectedTracesToDevice:152] Copy time is 0.00404957
 INFO: [selectTracesToBeUsedForMidpoint:181] Execution time for copying traces is 0.00494299s
 INFO: [saveStatisticalResults:102] Total execution time for selecting traces is 0.00505956s
 INFO: [saveStatisticalResults:104] Total execution time for kernels is 0.978637s
 INFO: [run:16] m0 = 3580
 INFO: [activate:15] Activating GPU#0
 INFO: [selectTracesToBeUsedForMidpoint:113] Selecting traces for m0 = 3580
 INFO: [copyOnlySelectedTracesToDevice:118] Selected 345 traces
 INFO: [copyOnlySelectedTracesToDevice:152] Copy time is 0.00428451
 INFO: [selectTracesToBeUsedForMidpoint:181] Execution time for copying traces is 0.00520905s
 INFO: [saveStatisticalResults:102] Total execution time for selecting traces is 0.00532394s
 INFO: [saveStatisticalResults:104] Total execution time for kernels is 0.970581s
 INFO: [run:16] m0 = 3660
 INFO: [activate:15] Activating GPU#0
 INFO: [selectTracesToBeUsedForMidpoint:113] Selecting traces for m0 = 3660
 INFO: [copyOnlySelectedTracesToDevice:118] Selected 345 traces
 INFO: [copyOnlySelectedTracesToDevice:152] Copy time is 0.00404568
 INFO: [selectTracesToBeUsedForMidpoint:181] Execution time for copying traces is 0.00495368s
 INFO: [saveStatisticalResults:102] Total execution time for selecting traces is 0.00509951s
 INFO: [saveStatisticalResults:104] Total execution time for kernels is 0.97494s
 INFO: [run:16] m0 = 3740
 INFO: [activate:15] Activating GPU#0
 INFO: [selectTracesToBeUsedForMidpoint:113] Selecting traces for m0 = 3740
 INFO: [copyOnlySelectedTracesToDevice:118] Selected 345 traces
 INFO: [copyOnlySelectedTracesToDevice:152] Copy time is 0.00403557
 INFO: [selectTracesToBeUsedForMidpoint:181] Execution time for copying traces is 0.00491756s
 INFO: [saveStatisticalResults:102] Total execution time for selecting traces is 0.00502281s
 INFO: [saveStatisticalResults:104] Total execution time for kernels is 0.98186s
 INFO: [run:16] m0 = 3820
 INFO: [activate:15] Activating GPU#0
 INFO: [selectTracesToBeUsedForMidpoint:113] Selecting traces for m0 = 3820
 INFO: [copyOnlySelectedTracesToDevice:118] Selected 345 traces
 INFO: [copyOnlySelectedTracesToDevice:152] Copy time is 0.00405554
 INFO: [selectTracesToBeUsedForMidpoint:181] Execution time for copying traces is 0.00494089s
 INFO: [saveStatisticalResults:102] Total execution time for selecting traces is 0.00504393s
 INFO: [saveStatisticalResults:104] Total execution time for kernels is 0.98081s
 INFO: [run:16] m0 = 3900
 INFO: [activate:15] Activating GPU#0
 INFO: [selectTracesToBeUsedForMidpoint:113] Selecting traces for m0 = 3900
 INFO: [copyOnlySelectedTracesToDevice:118] Selected 345 traces
 INFO: [copyOnlySelectedTracesToDevice:152] Copy time is 0.00411992
 INFO: [selectTracesToBeUsedForMidpoint:181] Execution time for copying traces is 0.00499668s
 INFO: [saveStatisticalResults:102] Total execution time for selecting traces is 0.00510147s
 INFO: [saveStatisticalResults:104] Total execution time for kernels is 0.982429s
 INFO: [run:16] m0 = 3980
 INFO: [activate:15] Activating GPU#0
 INFO: [selectTracesToBeUsedForMidpoint:113] Selecting traces for m0 = 3980
 INFO: [copyOnlySelectedTracesToDevice:118] Selected 345 traces
 INFO: [copyOnlySelectedTracesToDevice:152] Copy time is 0.00418586
 INFO: [selectTracesToBeUsedForMidpoint:181] Execution time for copying traces is 0.00506947s
 INFO: [saveStatisticalResults:102] Total execution time for selecting traces is 0.0051871s
 INFO: [saveStatisticalResults:104] Total execution time for kernels is 0.977752s
 INFO: [run:16] m0 = 4060
 INFO: [activate:15] Activating GPU#0
 INFO: [selectTracesToBeUsedForMidpoint:113] Selecting traces for m0 = 4060
 INFO: [copyOnlySelectedTracesToDevice:118] Selected 345 traces
 INFO: [copyOnlySelectedTracesToDevice:152] Copy time is 0.00422197
 INFO: [selectTracesToBeUsedForMidpoint:181] Execution time for copying traces is 0.00510198s
 INFO: [saveStatisticalResults:102] Total execution time for selecting traces is 0.00520761s
 INFO: [saveStatisticalResults:104] Total execution time for kernels is 0.983713s
 INFO: [run:16] m0 = 4140
 INFO: [activate:15] Activating GPU#0
 INFO: [selectTracesToBeUsedForMidpoint:113] Selecting traces for m0 = 4140
 INFO: [copyOnlySelectedTracesToDevice:118] Selected 345 traces
 INFO: [copyOnlySelectedTracesToDevice:152] Copy time is 0.00410848
 INFO: [selectTracesToBeUsedForMidpoint:181] Execution time for copying traces is 0.00501811s
 INFO: [saveStatisticalResults:102] Total execution time for selecting traces is 0.00515836s
 INFO: [saveStatisticalResults:104] Total execution time for kernels is 0.978401s
 INFO: [run:16] m0 = 4220
 INFO: [activate:15] Activating GPU#0
 INFO: [selectTracesToBeUsedForMidpoint:113] Selecting traces for m0 = 4220
 INFO: [copyOnlySelectedTracesToDevice:118] Selected 345 traces
 INFO: [copyOnlySelectedTracesToDevice:152] Copy time is 0.0040454
 INFO: [selectTracesToBeUsedForMidpoint:181] Execution time for copying traces is 0.0049104s
 INFO: [saveStatisticalResults:102] Total execution time for selecting traces is 0.00502033s
 INFO: [saveStatisticalResults:104] Total execution time for kernels is 1.00382s
 INFO: [run:16] m0 = 4300
 INFO: [activate:15] Activating GPU#0
 INFO: [selectTracesToBeUsedForMidpoint:113] Selecting traces for m0 = 4300
 INFO: [copyOnlySelectedTracesToDevice:118] Selected 345 traces
 INFO: [copyOnlySelectedTracesToDevice:152] Copy time is 0.00407933
 INFO: [selectTracesToBeUsedForMidpoint:181] Execution time for copying traces is 0.00494345s
 INFO: [saveStatisticalResults:102] Total execution time for selecting traces is 0.0050467s
 INFO: [saveStatisticalResults:104] Total execution time for kernels is 1.0013s
 INFO: [run:16] m0 = 4380
 INFO: [activate:15] Activating GPU#0
 INFO: [selectTracesToBeUsedForMidpoint:113] Selecting traces for m0 = 4380
 INFO: [copyOnlySelectedTracesToDevice:118] Selected 345 traces
 INFO: [copyOnlySelectedTracesToDevice:152] Copy time is 0.00407353
 INFO: [selectTracesToBeUsedForMidpoint:181] Execution time for copying traces is 0.00494781s
 INFO: [saveStatisticalResults:102] Total execution time for selecting traces is 0.00506633s
 INFO: [saveStatisticalResults:104] Total execution time for kernels is 1.00147s
 INFO: [run:16] m0 = 4460
 INFO: [activate:15] Activating GPU#0
 INFO: [selectTracesToBeUsedForMidpoint:113] Selecting traces for m0 = 4460
 INFO: [copyOnlySelectedTracesToDevice:118] Selected 345 traces
 INFO: [copyOnlySelectedTracesToDevice:152] Copy time is 0.00404986
 INFO: [selectTracesToBeUsedForMidpoint:181] Execution time for copying traces is 0.00497105s
 INFO: [saveStatisticalResults:102] Total execution time for selecting traces is 0.00508175s
 INFO: [saveStatisticalResults:104] Total execution time for kernels is 1.00043s
 INFO: [run:16] m0 = 4540
 INFO: [activate:15] Activating GPU#0
 INFO: [selectTracesToBeUsedForMidpoint:113] Selecting traces for m0 = 4540
 INFO: [copyOnlySelectedTracesToDevice:118] Selected 345 traces
 INFO: [copyOnlySelectedTracesToDevice:152] Copy time is 0.00404018
 INFO: [selectTracesToBeUsedForMidpoint:181] Execution time for copying traces is 0.00492074s
 INFO: [saveStatisticalResults:102] Total execution time for selecting traces is 0.00503202s
 INFO: [saveStatisticalResults:104] Total execution time for kernels is 0.997713s
 INFO: [run:16] m0 = 4620
 INFO: [activate:15] Activating GPU#0
 INFO: [selectTracesToBeUsedForMidpoint:113] Selecting traces for m0 = 4620
 INFO: [copyOnlySelectedTracesToDevice:118] Selected 345 traces
 INFO: [copyOnlySelectedTracesToDevice:152] Copy time is 0.00410451
 INFO: [selectTracesToBeUsedForMidpoint:181] Execution time for copying traces is 0.00499116s
 INFO: [saveStatisticalResults:102] Total execution time for selecting traces is 0.00511127s
 INFO: [saveStatisticalResults:104] Total execution time for kernels is 0.98758s
 INFO: [run:16] m0 = 4700
 INFO: [activate:15] Activating GPU#0
 INFO: [selectTracesToBeUsedForMidpoint:113] Selecting traces for m0 = 4700
 INFO: [copyOnlySelectedTracesToDevice:118] Selected 345 traces
 INFO: [copyOnlySelectedTracesToDevice:152] Copy time is 0.00408092
 INFO: [selectTracesToBeUsedForMidpoint:181] Execution time for copying traces is 0.00495964s
 INFO: [saveStatisticalResults:102] Total execution time for selecting traces is 0.0050818s
 INFO: [saveStatisticalResults:104] Total execution time for kernels is 0.986761s
 INFO: [run:16] m0 = 4780
 INFO: [activate:15] Activating GPU#0
 INFO: [selectTracesToBeUsedForMidpoint:113] Selecting traces for m0 = 4780
 INFO: [copyOnlySelectedTracesToDevice:118] Selected 345 traces
 INFO: [copyOnlySelectedTracesToDevice:152] Copy time is 0.00408353
 INFO: [selectTracesToBeUsedForMidpoint:181] Execution time for copying traces is 0.00498957s
 INFO: [saveStatisticalResults:102] Total execution time for selecting traces is 0.00512041s
 INFO: [saveStatisticalResults:104] Total execution time for kernels is 0.984876s
 INFO: [run:16] m0 = 4860
 INFO: [activate:15] Activating GPU#0
 INFO: [selectTracesToBeUsedForMidpoint:113] Selecting traces for m0 = 4860
 INFO: [copyOnlySelectedTracesToDevice:118] Selected 345 traces
 INFO: [copyOnlySelectedTracesToDevice:152] Copy time is 0.00407704
 INFO: [selectTracesToBeUsedForMidpoint:181] Execution time for copying traces is 0.00496684s
 INFO: [saveStatisticalResults:102] Total execution time for selecting traces is 0.00507286s
 INFO: [saveStatisticalResults:104] Total execution time for kernels is 0.992818s
 INFO: [run:16] m0 = 4940
 INFO: [activate:15] Activating GPU#0
 INFO: [selectTracesToBeUsedForMidpoint:113] Selecting traces for m0 = 4940
 INFO: [copyOnlySelectedTracesToDevice:118] Selected 345 traces
 INFO: [copyOnlySelectedTracesToDevice:152] Copy time is 0.00403933
 INFO: [selectTracesToBeUsedForMidpoint:181] Execution time for copying traces is 0.00493196s
 INFO: [saveStatisticalResults:102] Total execution time for selecting traces is 0.00506947s
 INFO: [saveStatisticalResults:104] Total execution time for kernels is 0.996082s
 INFO: [run:16] m0 = 5020
 INFO: [activate:15] Activating GPU#0
 INFO: [selectTracesToBeUsedForMidpoint:113] Selecting traces for m0 = 5020
 INFO: [copyOnlySelectedTracesToDevice:118] Selected 345 traces
 INFO: [copyOnlySelectedTracesToDevice:152] Copy time is 0.00407253
 INFO: [selectTracesToBeUsedForMidpoint:181] Execution time for copying traces is 0.00498674s
 INFO: [saveStatisticalResults:102] Total execution time for selecting traces is 0.00510006s
 INFO: [saveStatisticalResults:104] Total execution time for kernels is 1.0005s
 INFO: [run:16] m0 = 5100
 INFO: [activate:15] Activating GPU#0
 INFO: [selectTracesToBeUsedForMidpoint:113] Selecting traces for m0 = 5100
 INFO: [copyOnlySelectedTracesToDevice:118] Selected 345 traces
 INFO: [copyOnlySelectedTracesToDevice:152] Copy time is 0.00411345
 INFO: [selectTracesToBeUsedForMidpoint:181] Execution time for copying traces is 0.00499651s
 INFO: [saveStatisticalResults:102] Total execution time for selecting traces is 0.00510033s
 INFO: [saveStatisticalResults:104] Total execution time for kernels is 1.01259s
 INFO: [run:16] m0 = 5180
 INFO: [activate:15] Activating GPU#0
 INFO: [selectTracesToBeUsedForMidpoint:113] Selecting traces for m0 = 5180
 INFO: [copyOnlySelectedTracesToDevice:118] Selected 345 traces
 INFO: [copyOnlySelectedTracesToDevice:152] Copy time is 0.00405399
 INFO: [selectTracesToBeUsedForMidpoint:181] Execution time for copying traces is 0.00498581s
 INFO: [saveStatisticalResults:102] Total execution time for selecting traces is 0.00511001s
 INFO: [saveStatisticalResults:104] Total execution time for kernels is 1.00944s
 INFO: [run:16] m0 = 5260
 INFO: [activate:15] Activating GPU#0
 INFO: [selectTracesToBeUsedForMidpoint:113] Selecting traces for m0 = 5260
 INFO: [copyOnlySelectedTracesToDevice:118] Selected 345 traces
 INFO: [copyOnlySelectedTracesToDevice:152] Copy time is 0.00406372
 INFO: [selectTracesToBeUsedForMidpoint:181] Execution time for copying traces is 0.00497734s
 INFO: [saveStatisticalResults:102] Total execution time for selecting traces is 0.005078s
 INFO: [saveStatisticalResults:104] Total execution time for kernels is 0.996472s
 INFO: [run:16] m0 = 5340
 INFO: [activate:15] Activating GPU#0
 INFO: [selectTracesToBeUsedForMidpoint:113] Selecting traces for m0 = 5340
 INFO: [copyOnlySelectedTracesToDevice:118] Selected 345 traces
 INFO: [copyOnlySelectedTracesToDevice:152] Copy time is 0.00416217
 INFO: [selectTracesToBeUsedForMidpoint:181] Execution time for copying traces is 0.00505673s
 INFO: [saveStatisticalResults:102] Total execution time for selecting traces is 0.00515983s
 INFO: [saveStatisticalResults:104] Total execution time for kernels is 1.00168s
 INFO: [run:16] m0 = 5420
 INFO: [activate:15] Activating GPU#0
 INFO: [selectTracesToBeUsedForMidpoint:113] Selecting traces for m0 = 5420
 INFO: [copyOnlySelectedTracesToDevice:118] Selected 345 traces
 INFO: [copyOnlySelectedTracesToDevice:152] Copy time is 0.00414713
 INFO: [selectTracesToBeUsedForMidpoint:181] Execution time for copying traces is 0.00510606s
 INFO: [saveStatisticalResults:102] Total execution time for selecting traces is 0.00521236s
 INFO: [saveStatisticalResults:104] Total execution time for kernels is 0.999415s
 INFO: [run:16] m0 = 5500
 INFO: [activate:15] Activating GPU#0
 INFO: [selectTracesToBeUsedForMidpoint:113] Selecting traces for m0 = 5500
 INFO: [copyOnlySelectedTracesToDevice:118] Selected 345 traces
 INFO: [copyOnlySelectedTracesToDevice:152] Copy time is 0.00404895
 INFO: [selectTracesToBeUsedForMidpoint:181] Execution time for copying traces is 0.00493482s
 INFO: [saveStatisticalResults:102] Total execution time for selecting traces is 0.00503738s
 INFO: [saveStatisticalResults:104] Total execution time for kernels is 1.00429s
 INFO: [run:16] m0 = 5580
 INFO: [activate:15] Activating GPU#0
 INFO: [selectTracesToBeUsedForMidpoint:113] Selecting traces for m0 = 5580
 INFO: [copyOnlySelectedTracesToDevice:118] Selected 345 traces
 INFO: [copyOnlySelectedTracesToDevice:152] Copy time is 0.00409069
 INFO: [selectTracesToBeUsedForMidpoint:181] Execution time for copying traces is 0.00500316s
 INFO: [saveStatisticalResults:102] Total execution time for selecting traces is 0.00511384s
 INFO: [saveStatisticalResults:104] Total execution time for kernels is 1.00084s
 INFO: [run:16] m0 = 5660
 INFO: [activate:15] Activating GPU#0
 INFO: [selectTracesToBeUsedForMidpoint:113] Selecting traces for m0 = 5660
 INFO: [copyOnlySelectedTracesToDevice:118] Selected 345 traces
 INFO: [copyOnlySelectedTracesToDevice:152] Copy time is 0.00402413
 INFO: [selectTracesToBeUsedForMidpoint:181] Execution time for copying traces is 0.00492356s
 INFO: [saveStatisticalResults:102] Total execution time for selecting traces is 0.00503494s
 INFO: [saveStatisticalResults:104] Total execution time for kernels is 1.01666s
 INFO: [run:16] m0 = 5740
 INFO: [activate:15] Activating GPU#0
 INFO: [selectTracesToBeUsedForMidpoint:113] Selecting traces for m0 = 5740
 INFO: [copyOnlySelectedTracesToDevice:118] Selected 345 traces
 INFO: [copyOnlySelectedTracesToDevice:152] Copy time is 0.00422604
 INFO: [selectTracesToBeUsedForMidpoint:181] Execution time for copying traces is 0.00513252s
 INFO: [saveStatisticalResults:102] Total execution time for selecting traces is 0.00523513s
 INFO: [saveStatisticalResults:104] Total execution time for kernels is 1.0078s
 INFO: [run:16] m0 = 5820
 INFO: [activate:15] Activating GPU#0
 INFO: [selectTracesToBeUsedForMidpoint:113] Selecting traces for m0 = 5820
 INFO: [copyOnlySelectedTracesToDevice:118] Selected 345 traces
 INFO: [copyOnlySelectedTracesToDevice:152] Copy time is 0.00407287
 INFO: [selectTracesToBeUsedForMidpoint:181] Execution time for copying traces is 0.00501436s
 INFO: [saveStatisticalResults:102] Total execution time for selecting traces is 0.00513565s
 INFO: [saveStatisticalResults:104] Total execution time for kernels is 1.01988s
 INFO: [run:16] m0 = 5900
 INFO: [activate:15] Activating GPU#0
 INFO: [selectTracesToBeUsedForMidpoint:113] Selecting traces for m0 = 5900
 INFO: [copyOnlySelectedTracesToDevice:118] Selected 345 traces
 INFO: [copyOnlySelectedTracesToDevice:152] Copy time is 0.00408836
 INFO: [selectTracesToBeUsedForMidpoint:181] Execution time for copying traces is 0.00498384s
 INFO: [saveStatisticalResults:102] Total execution time for selecting traces is 0.00510873s
 INFO: [saveStatisticalResults:104] Total execution time for kernels is 1.01506s
 INFO: [run:16] m0 = 5980
 INFO: [activate:15] Activating GPU#0
 INFO: [selectTracesToBeUsedForMidpoint:113] Selecting traces for m0 = 5980
 INFO: [copyOnlySelectedTracesToDevice:118] Selected 345 traces
 INFO: [copyOnlySelectedTracesToDevice:152] Copy time is 0.00409199
 INFO: [selectTracesToBeUsedForMidpoint:181] Execution time for copying traces is 0.00499272s
 INFO: [saveStatisticalResults:102] Total execution time for selecting traces is 0.00511421s
 INFO: [saveStatisticalResults:104] Total execution time for kernels is 0.987539s
 INFO: [run:16] m0 = 6060
 INFO: [activate:15] Activating GPU#0
 INFO: [selectTracesToBeUsedForMidpoint:113] Selecting traces for m0 = 6060
 INFO: [copyOnlySelectedTracesToDevice:118] Selected 345 traces
 INFO: [copyOnlySelectedTracesToDevice:152] Copy time is 0.00404991
 INFO: [selectTracesToBeUsedForMidpoint:181] Execution time for copying traces is 0.00493487s
 INFO: [saveStatisticalResults:102] Total execution time for selecting traces is 0.00506237s
 INFO: [saveStatisticalResults:104] Total execution time for kernels is 0.995091s
 INFO: [run:16] m0 = 6140
 INFO: [activate:15] Activating GPU#0
 INFO: [selectTracesToBeUsedForMidpoint:113] Selecting traces for m0 = 6140
 INFO: [copyOnlySelectedTracesToDevice:118] Selected 345 traces
 INFO: [copyOnlySelectedTracesToDevice:152] Copy time is 0.00400083
 INFO: [selectTracesToBeUsedForMidpoint:181] Execution time for copying traces is 0.00487352s
 INFO: [saveStatisticalResults:102] Total execution time for selecting traces is 0.00500904s
 INFO: [saveStatisticalResults:104] Total execution time for kernels is 0.991473s
 INFO: [run:16] m0 = 6220
 INFO: [activate:15] Activating GPU#0
 INFO: [selectTracesToBeUsedForMidpoint:113] Selecting traces for m0 = 6220
 INFO: [copyOnlySelectedTracesToDevice:118] Selected 345 traces
 INFO: [copyOnlySelectedTracesToDevice:152] Copy time is 0.00407505
 INFO: [selectTracesToBeUsedForMidpoint:181] Execution time for copying traces is 0.00495513s
 INFO: [saveStatisticalResults:102] Total execution time for selecting traces is 0.00508186s
 INFO: [saveStatisticalResults:104] Total execution time for kernels is 0.998467s
 INFO: [run:16] m0 = 6300
 INFO: [activate:15] Activating GPU#0
 INFO: [selectTracesToBeUsedForMidpoint:113] Selecting traces for m0 = 6300
 INFO: [copyOnlySelectedTracesToDevice:118] Selected 345 traces
 INFO: [copyOnlySelectedTracesToDevice:152] Copy time is 0.00408473
 INFO: [selectTracesToBeUsedForMidpoint:181] Execution time for copying traces is 0.00500258s
 INFO: [saveStatisticalResults:102] Total execution time for selecting traces is 0.00511242s
 INFO: [saveStatisticalResults:104] Total execution time for kernels is 0.995321s
 INFO: [run:16] m0 = 6380
 INFO: [activate:15] Activating GPU#0
 INFO: [selectTracesToBeUsedForMidpoint:113] Selecting traces for m0 = 6380
 INFO: [copyOnlySelectedTracesToDevice:118] Selected 345 traces
 INFO: [copyOnlySelectedTracesToDevice:152] Copy time is 0.00405229
 INFO: [selectTracesToBeUsedForMidpoint:181] Execution time for copying traces is 0.00493602s
 INFO: [saveStatisticalResults:102] Total execution time for selecting traces is 0.00503949s
 INFO: [saveStatisticalResults:104] Total execution time for kernels is 1.00079s
 INFO: [run:16] m0 = 6460
 INFO: [activate:15] Activating GPU#0
 INFO: [selectTracesToBeUsedForMidpoint:113] Selecting traces for m0 = 6460
 INFO: [copyOnlySelectedTracesToDevice:118] Selected 345 traces
 INFO: [copyOnlySelectedTracesToDevice:152] Copy time is 0.00410377
 INFO: [selectTracesToBeUsedForMidpoint:181] Execution time for copying traces is 0.00499098s
 INFO: [saveStatisticalResults:102] Total execution time for selecting traces is 0.00513193s
 INFO: [saveStatisticalResults:104] Total execution time for kernels is 0.991275s
 INFO: [run:16] m0 = 6540
 INFO: [activate:15] Activating GPU#0
 INFO: [selectTracesToBeUsedForMidpoint:113] Selecting traces for m0 = 6540
 INFO: [copyOnlySelectedTracesToDevice:118] Selected 345 traces
 INFO: [copyOnlySelectedTracesToDevice:152] Copy time is 0.00400976
 INFO: [selectTracesToBeUsedForMidpoint:181] Execution time for copying traces is 0.00492266s
 INFO: [saveStatisticalResults:102] Total execution time for selecting traces is 0.00506178s
 INFO: [saveStatisticalResults:104] Total execution time for kernels is 0.992459s
 INFO: [run:16] m0 = 6620
 INFO: [activate:15] Activating GPU#0
 INFO: [selectTracesToBeUsedForMidpoint:113] Selecting traces for m0 = 6620
 INFO: [copyOnlySelectedTracesToDevice:118] Selected 345 traces
 INFO: [copyOnlySelectedTracesToDevice:152] Copy time is 0.00408454
 INFO: [selectTracesToBeUsedForMidpoint:181] Execution time for copying traces is 0.00497876s
 INFO: [saveStatisticalResults:102] Total execution time for selecting traces is 0.00510364s
 INFO: [saveStatisticalResults:104] Total execution time for kernels is 0.999117s
 INFO: [run:16] m0 = 6700
 INFO: [activate:15] Activating GPU#0
 INFO: [selectTracesToBeUsedForMidpoint:113] Selecting traces for m0 = 6700
 INFO: [copyOnlySelectedTracesToDevice:118] Selected 345 traces
 INFO: [copyOnlySelectedTracesToDevice:152] Copy time is 0.00407185
 INFO: [selectTracesToBeUsedForMidpoint:181] Execution time for copying traces is 0.00495901s
 INFO: [saveStatisticalResults:102] Total execution time for selecting traces is 0.00506793s
 INFO: [saveStatisticalResults:104] Total execution time for kernels is 1.00257s
 INFO: [run:16] m0 = 6780
 INFO: [activate:15] Activating GPU#0
 INFO: [selectTracesToBeUsedForMidpoint:113] Selecting traces for m0 = 6780
 INFO: [copyOnlySelectedTracesToDevice:118] Selected 345 traces
 INFO: [copyOnlySelectedTracesToDevice:152] Copy time is 0.0040088
 INFO: [selectTracesToBeUsedForMidpoint:181] Execution time for copying traces is 0.00489621s
 INFO: [saveStatisticalResults:102] Total execution time for selecting traces is 0.00503195s
 INFO: [saveStatisticalResults:104] Total execution time for kernels is 0.996289s
 INFO: [run:16] m0 = 6860
 INFO: [activate:15] Activating GPU#0
 INFO: [selectTracesToBeUsedForMidpoint:113] Selecting traces for m0 = 6860
 INFO: [copyOnlySelectedTracesToDevice:118] Selected 345 traces
 INFO: [copyOnlySelectedTracesToDevice:152] Copy time is 0.00403446
 INFO: [selectTracesToBeUsedForMidpoint:181] Execution time for copying traces is 0.00495593s
 INFO: [saveStatisticalResults:102] Total execution time for selecting traces is 0.00506665s
 INFO: [saveStatisticalResults:104] Total execution time for kernels is 1.001s
 INFO: [run:16] m0 = 6940
 INFO: [activate:15] Activating GPU#0
 INFO: [selectTracesToBeUsedForMidpoint:113] Selecting traces for m0 = 6940
 INFO: [copyOnlySelectedTracesToDevice:118] Selected 345 traces
 INFO: [copyOnlySelectedTracesToDevice:152] Copy time is 0.00403101
 INFO: [selectTracesToBeUsedForMidpoint:181] Execution time for copying traces is 0.00491957s
 INFO: [saveStatisticalResults:102] Total execution time for selecting traces is 0.00502587s
 INFO: [saveStatisticalResults:104] Total execution time for kernels is 0.996154s
 INFO: [run:16] m0 = 7020
 INFO: [activate:15] Activating GPU#0
 INFO: [selectTracesToBeUsedForMidpoint:113] Selecting traces for m0 = 7020
 INFO: [copyOnlySelectedTracesToDevice:118] Selected 345 traces
 INFO: [copyOnlySelectedTracesToDevice:152] Copy time is 0.00401509
 INFO: [selectTracesToBeUsedForMidpoint:181] Execution time for copying traces is 0.004903s
 INFO: [saveStatisticalResults:102] Total execution time for selecting traces is 0.00505722s
 INFO: [saveStatisticalResults:104] Total execution time for kernels is 1.00908s
 INFO: [run:16] m0 = 7100
 INFO: [activate:15] Activating GPU#0
 INFO: [selectTracesToBeUsedForMidpoint:113] Selecting traces for m0 = 7100
 INFO: [copyOnlySelectedTracesToDevice:118] Selected 345 traces
 INFO: [copyOnlySelectedTracesToDevice:152] Copy time is 0.00400064
 INFO: [selectTracesToBeUsedForMidpoint:181] Execution time for copying traces is 0.00490449s
 INFO: [saveStatisticalResults:102] Total execution time for selecting traces is 0.00503094s
 INFO: [saveStatisticalResults:104] Total execution time for kernels is 1.01559s
 INFO: [run:16] m0 = 7180
 INFO: [activate:15] Activating GPU#0
 INFO: [selectTracesToBeUsedForMidpoint:113] Selecting traces for m0 = 7180
 INFO: [copyOnlySelectedTracesToDevice:118] Selected 345 traces
 INFO: [copyOnlySelectedTracesToDevice:152] Copy time is 0.00401134
 INFO: [selectTracesToBeUsedForMidpoint:181] Execution time for copying traces is 0.00492607s
 INFO: [saveStatisticalResults:102] Total execution time for selecting traces is 0.00504368s
 INFO: [saveStatisticalResults:104] Total execution time for kernels is 1.00301s
 INFO: [run:16] m0 = 7260
 INFO: [activate:15] Activating GPU#0
 INFO: [selectTracesToBeUsedForMidpoint:113] Selecting traces for m0 = 7260
 INFO: [copyOnlySelectedTracesToDevice:118] Selected 345 traces
 INFO: [copyOnlySelectedTracesToDevice:152] Copy time is 0.00406967
 INFO: [selectTracesToBeUsedForMidpoint:181] Execution time for copying traces is 0.00500654s
 INFO: [saveStatisticalResults:102] Total execution time for selecting traces is 0.00511332s
 INFO: [saveStatisticalResults:104] Total execution time for kernels is 1.00617s
 INFO: [run:16] m0 = 7340
 INFO: [activate:15] Activating GPU#0
 INFO: [selectTracesToBeUsedForMidpoint:113] Selecting traces for m0 = 7340
 INFO: [copyOnlySelectedTracesToDevice:118] Selected 345 traces
 INFO: [copyOnlySelectedTracesToDevice:152] Copy time is 0.00410222
 INFO: [selectTracesToBeUsedForMidpoint:181] Execution time for copying traces is 0.00497074s
 INFO: [saveStatisticalResults:102] Total execution time for selecting traces is 0.00507857s
 INFO: [saveStatisticalResults:104] Total execution time for kernels is 1.00843s
 INFO: [run:16] m0 = 7420
 INFO: [activate:15] Activating GPU#0
 INFO: [selectTracesToBeUsedForMidpoint:113] Selecting traces for m0 = 7420
 INFO: [copyOnlySelectedTracesToDevice:118] Selected 345 traces
 INFO: [copyOnlySelectedTracesToDevice:152] Copy time is 0.00416578
 INFO: [selectTracesToBeUsedForMidpoint:181] Execution time for copying traces is 0.00504309s
 INFO: [saveStatisticalResults:102] Total execution time for selecting traces is 0.00514781s
 INFO: [saveStatisticalResults:104] Total execution time for kernels is 1.01232s
 INFO: [run:16] m0 = 7500
 INFO: [activate:15] Activating GPU#0
 INFO: [selectTracesToBeUsedForMidpoint:113] Selecting traces for m0 = 7500
 INFO: [copyOnlySelectedTracesToDevice:118] Selected 345 traces
 INFO: [copyOnlySelectedTracesToDevice:152] Copy time is 0.00402704
 INFO: [selectTracesToBeUsedForMidpoint:181] Execution time for copying traces is 0.00494534s
 INFO: [saveStatisticalResults:102] Total execution time for selecting traces is 0.00507848s
 INFO: [saveStatisticalResults:104] Total execution time for kernels is 1.00785s
 INFO: [run:16] m0 = 7580
 INFO: [activate:15] Activating GPU#0
 INFO: [selectTracesToBeUsedForMidpoint:113] Selecting traces for m0 = 7580
 INFO: [copyOnlySelectedTracesToDevice:118] Selected 345 traces
 INFO: [copyOnlySelectedTracesToDevice:152] Copy time is 0.00403615
 INFO: [selectTracesToBeUsedForMidpoint:181] Execution time for copying traces is 0.00491882s
 INFO: [saveStatisticalResults:102] Total execution time for selecting traces is 0.00505449s
 INFO: [saveStatisticalResults:104] Total execution time for kernels is 1.0055s
 INFO: [run:16] m0 = 7660
 INFO: [activate:15] Activating GPU#0
 INFO: [selectTracesToBeUsedForMidpoint:113] Selecting traces for m0 = 7660
 INFO: [copyOnlySelectedTracesToDevice:118] Selected 345 traces
 INFO: [copyOnlySelectedTracesToDevice:152] Copy time is 0.00404086
 INFO: [selectTracesToBeUsedForMidpoint:181] Execution time for copying traces is 0.00497935s
 INFO: [saveStatisticalResults:102] Total execution time for selecting traces is 0.00510618s
 INFO: [saveStatisticalResults:104] Total execution time for kernels is 0.995705s
 INFO: [run:16] m0 = 7740
 INFO: [activate:15] Activating GPU#0
 INFO: [selectTracesToBeUsedForMidpoint:113] Selecting traces for m0 = 7740
 INFO: [copyOnlySelectedTracesToDevice:118] Selected 345 traces
 INFO: [copyOnlySelectedTracesToDevice:152] Copy time is 0.0040638
 INFO: [selectTracesToBeUsedForMidpoint:181] Execution time for copying traces is 0.00494454s
 INFO: [saveStatisticalResults:102] Total execution time for selecting traces is 0.00506525s
 INFO: [saveStatisticalResults:104] Total execution time for kernels is 0.993763s
 INFO: [run:16] m0 = 7820
 INFO: [activate:15] Activating GPU#0
 INFO: [selectTracesToBeUsedForMidpoint:113] Selecting traces for m0 = 7820
 INFO: [copyOnlySelectedTracesToDevice:118] Selected 345 traces
 INFO: [copyOnlySelectedTracesToDevice:152] Copy time is 0.00403638
 INFO: [selectTracesToBeUsedForMidpoint:181] Execution time for copying traces is 0.00493609s
 INFO: [saveStatisticalResults:102] Total execution time for selecting traces is 0.00503857s
 INFO: [saveStatisticalResults:104] Total execution time for kernels is 0.996412s
 INFO: [run:16] m0 = 7900
 INFO: [activate:15] Activating GPU#0
 INFO: [selectTracesToBeUsedForMidpoint:113] Selecting traces for m0 = 7900
 INFO: [copyOnlySelectedTracesToDevice:118] Selected 345 traces
 INFO: [copyOnlySelectedTracesToDevice:152] Copy time is 0.0040913
 INFO: [selectTracesToBeUsedForMidpoint:181] Execution time for copying traces is 0.00501195s
 INFO: [saveStatisticalResults:102] Total execution time for selecting traces is 0.00512223s
 INFO: [saveStatisticalResults:104] Total execution time for kernels is 1.01008s
 INFO: [run:16] m0 = 7980
 INFO: [activate:15] Activating GPU#0
 INFO: [selectTracesToBeUsedForMidpoint:113] Selecting traces for m0 = 7980
 INFO: [copyOnlySelectedTracesToDevice:118] Selected 345 traces
 INFO: [copyOnlySelectedTracesToDevice:152] Copy time is 0.0041016
 INFO: [selectTracesToBeUsedForMidpoint:181] Execution time for copying traces is 0.00500221s
 INFO: [saveStatisticalResults:102] Total execution time for selecting traces is 0.00512904s
 INFO: [saveStatisticalResults:104] Total execution time for kernels is 0.992133s
 INFO: [run:16] m0 = 8060
 INFO: [activate:15] Activating GPU#0
 INFO: [selectTracesToBeUsedForMidpoint:113] Selecting traces for m0 = 8060
 INFO: [copyOnlySelectedTracesToDevice:118] Selected 345 traces
 INFO: [copyOnlySelectedTracesToDevice:152] Copy time is 0.00401514
 INFO: [selectTracesToBeUsedForMidpoint:181] Execution time for copying traces is 0.00492626s
 INFO: [saveStatisticalResults:102] Total execution time for selecting traces is 0.00503338s
 INFO: [saveStatisticalResults:104] Total execution time for kernels is 0.991254s
 INFO: [run:16] m0 = 8140
 INFO: [activate:15] Activating GPU#0
 INFO: [selectTracesToBeUsedForMidpoint:113] Selecting traces for m0 = 8140
 INFO: [copyOnlySelectedTracesToDevice:118] Selected 345 traces
 INFO: [copyOnlySelectedTracesToDevice:152] Copy time is 0.00414568
 INFO: [selectTracesToBeUsedForMidpoint:181] Execution time for copying traces is 0.00506822s
 INFO: [saveStatisticalResults:102] Total execution time for selecting traces is 0.00519044s
 INFO: [saveStatisticalResults:104] Total execution time for kernels is 0.985547s
 INFO: [run:16] m0 = 8220
 INFO: [activate:15] Activating GPU#0
 INFO: [selectTracesToBeUsedForMidpoint:113] Selecting traces for m0 = 8220
 INFO: [copyOnlySelectedTracesToDevice:118] Selected 345 traces
 INFO: [copyOnlySelectedTracesToDevice:152] Copy time is 0.00405466
 INFO: [selectTracesToBeUsedForMidpoint:181] Execution time for copying traces is 0.00493518s
 INFO: [saveStatisticalResults:102] Total execution time for selecting traces is 0.00507411s
 INFO: [saveStatisticalResults:104] Total execution time for kernels is 0.980161s
 INFO: [run:16] m0 = 8300
 INFO: [activate:15] Activating GPU#0
 INFO: [selectTracesToBeUsedForMidpoint:113] Selecting traces for m0 = 8300
 INFO: [copyOnlySelectedTracesToDevice:118] Selected 345 traces
 INFO: [copyOnlySelectedTracesToDevice:152] Copy time is 0.00415682
 INFO: [selectTracesToBeUsedForMidpoint:181] Execution time for copying traces is 0.00508697s
 INFO: [saveStatisticalResults:102] Total execution time for selecting traces is 0.00524268s
 INFO: [saveStatisticalResults:104] Total execution time for kernels is 0.972121s
 INFO: [run:16] m0 = 8380
 INFO: [activate:15] Activating GPU#0
 INFO: [selectTracesToBeUsedForMidpoint:113] Selecting traces for m0 = 8380
 INFO: [copyOnlySelectedTracesToDevice:118] Selected 345 traces
 INFO: [copyOnlySelectedTracesToDevice:152] Copy time is 0.0040165
 INFO: [selectTracesToBeUsedForMidpoint:181] Execution time for copying traces is 0.00488482s
 INFO: [saveStatisticalResults:102] Total execution time for selecting traces is 0.00499448s
 INFO: [saveStatisticalResults:104] Total execution time for kernels is 0.977627s
 INFO: [run:16] m0 = 8460
 INFO: [activate:15] Activating GPU#0
 INFO: [selectTracesToBeUsedForMidpoint:113] Selecting traces for m0 = 8460
 INFO: [copyOnlySelectedTracesToDevice:118] Selected 345 traces
 INFO: [copyOnlySelectedTracesToDevice:152] Copy time is 0.00407378
 INFO: [selectTracesToBeUsedForMidpoint:181] Execution time for copying traces is 0.00496403s
 INFO: [saveStatisticalResults:102] Total execution time for selecting traces is 0.00506781s
 INFO: [saveStatisticalResults:104] Total execution time for kernels is 0.980462s
 INFO: [run:16] m0 = 8540
 INFO: [activate:15] Activating GPU#0
 INFO: [selectTracesToBeUsedForMidpoint:113] Selecting traces for m0 = 8540
 INFO: [copyOnlySelectedTracesToDevice:118] Selected 345 traces
 INFO: [copyOnlySelectedTracesToDevice:152] Copy time is 0.00406613
 INFO: [selectTracesToBeUsedForMidpoint:181] Execution time for copying traces is 0.00497762s
 INFO: [saveStatisticalResults:102] Total execution time for selecting traces is 0.00510276s
 INFO: [saveStatisticalResults:104] Total execution time for kernels is 0.975008s
 INFO: [run:16] m0 = 8620
 INFO: [activate:15] Activating GPU#0
 INFO: [selectTracesToBeUsedForMidpoint:113] Selecting traces for m0 = 8620
 INFO: [copyOnlySelectedTracesToDevice:118] Selected 345 traces
 INFO: [copyOnlySelectedTracesToDevice:152] Copy time is 0.00406566
 INFO: [selectTracesToBeUsedForMidpoint:181] Execution time for copying traces is 0.00500151s
 INFO: [saveStatisticalResults:102] Total execution time for selecting traces is 0.00510356s
 INFO: [saveStatisticalResults:104] Total execution time for kernels is 0.977718s
 INFO: [run:16] m0 = 8700
 INFO: [activate:15] Activating GPU#0
 INFO: [selectTracesToBeUsedForMidpoint:113] Selecting traces for m0 = 8700
 INFO: [copyOnlySelectedTracesToDevice:118] Selected 345 traces
 INFO: [copyOnlySelectedTracesToDevice:152] Copy time is 0.00402358
 INFO: [selectTracesToBeUsedForMidpoint:181] Execution time for copying traces is 0.00491591s
 INFO: [saveStatisticalResults:102] Total execution time for selecting traces is 0.00503681s
 INFO: [saveStatisticalResults:104] Total execution time for kernels is 0.979695s
 INFO: [run:16] m0 = 8780
 INFO: [activate:15] Activating GPU#0
 INFO: [selectTracesToBeUsedForMidpoint:113] Selecting traces for m0 = 8780
 INFO: [copyOnlySelectedTracesToDevice:118] Selected 345 traces
 INFO: [copyOnlySelectedTracesToDevice:152] Copy time is 0.00409952
 INFO: [selectTracesToBeUsedForMidpoint:181] Execution time for copying traces is 0.00502697s
 INFO: [saveStatisticalResults:102] Total execution time for selecting traces is 0.0051533s
 INFO: [saveStatisticalResults:104] Total execution time for kernels is 0.99165s
 INFO: [run:16] m0 = 8860
 INFO: [activate:15] Activating GPU#0
 INFO: [selectTracesToBeUsedForMidpoint:113] Selecting traces for m0 = 8860
 INFO: [copyOnlySelectedTracesToDevice:118] Selected 345 traces
 INFO: [copyOnlySelectedTracesToDevice:152] Copy time is 0.00405603
 INFO: [selectTracesToBeUsedForMidpoint:181] Execution time for copying traces is 0.00499477s
 INFO: [saveStatisticalResults:102] Total execution time for selecting traces is 0.00510097s
 INFO: [saveStatisticalResults:104] Total execution time for kernels is 0.988325s
 INFO: [run:16] m0 = 8940
 INFO: [activate:15] Activating GPU#0
 INFO: [selectTracesToBeUsedForMidpoint:113] Selecting traces for m0 = 8940
 INFO: [copyOnlySelectedTracesToDevice:118] Selected 344 traces
 INFO: [copyOnlySelectedTracesToDevice:152] Copy time is 0.00406378
 INFO: [selectTracesToBeUsedForMidpoint:181] Execution time for copying traces is 0.00494516s
 INFO: [saveStatisticalResults:102] Total execution time for selecting traces is 0.00505234s
 INFO: [saveStatisticalResults:104] Total execution time for kernels is 0.980123s
 INFO: [run:16] m0 = 9020
 INFO: [activate:15] Activating GPU#0
 INFO: [selectTracesToBeUsedForMidpoint:113] Selecting traces for m0 = 9020
 INFO: [copyOnlySelectedTracesToDevice:118] Selected 336 traces
 INFO: [copyOnlySelectedTracesToDevice:152] Copy time is 0.00393178
 INFO: [selectTracesToBeUsedForMidpoint:181] Execution time for copying traces is 0.00483186s
 INFO: [saveStatisticalResults:102] Total execution time for selecting traces is 0.00494181s
 INFO: [saveStatisticalResults:104] Total execution time for kernels is 0.959332s
 INFO: [run:16] m0 = 9100
 INFO: [activate:15] Activating GPU#0
 INFO: [selectTracesToBeUsedForMidpoint:113] Selecting traces for m0 = 9100
 INFO: [copyOnlySelectedTracesToDevice:118] Selected 320 traces
 INFO: [copyOnlySelectedTracesToDevice:152] Copy time is 0.00366439
 INFO: [selectTracesToBeUsedForMidpoint:181] Execution time for copying traces is 0.0045324s
 INFO: [saveStatisticalResults:102] Total execution time for selecting traces is 0.00464631s
 INFO: [saveStatisticalResults:104] Total execution time for kernels is 0.909772s
 INFO: [run:16] m0 = 9180
 INFO: [activate:15] Activating GPU#0
 INFO: [selectTracesToBeUsedForMidpoint:113] Selecting traces for m0 = 9180
 INFO: [copyOnlySelectedTracesToDevice:118] Selected 296 traces
 INFO: [copyOnlySelectedTracesToDevice:152] Copy time is 0.00349542
 INFO: [selectTracesToBeUsedForMidpoint:181] Execution time for copying traces is 0.00432365s
 INFO: [saveStatisticalResults:102] Total execution time for selecting traces is 0.0044597s
 INFO: [saveStatisticalResults:104] Total execution time for kernels is 0.813663s
 INFO: [run:16] m0 = 9260
 INFO: [activate:15] Activating GPU#0
 INFO: [selectTracesToBeUsedForMidpoint:113] Selecting traces for m0 = 9260
 INFO: [copyOnlySelectedTracesToDevice:118] Selected 266 traces
 INFO: [copyOnlySelectedTracesToDevice:152] Copy time is 0.00311772
 INFO: [selectTracesToBeUsedForMidpoint:181] Execution time for copying traces is 0.00394145s
 INFO: [saveStatisticalResults:102] Total execution time for selecting traces is 0.00406861s
 INFO: [saveStatisticalResults:104] Total execution time for kernels is 0.714945s
 INFO: [run:16] m0 = 9340
 INFO: [activate:15] Activating GPU#0
 INFO: [selectTracesToBeUsedForMidpoint:113] Selecting traces for m0 = 9340
 INFO: [copyOnlySelectedTracesToDevice:118] Selected 236 traces
 INFO: [copyOnlySelectedTracesToDevice:152] Copy time is 0.00273701
 INFO: [selectTracesToBeUsedForMidpoint:181] Execution time for copying traces is 0.00351157s
 INFO: [saveStatisticalResults:102] Total execution time for selecting traces is 0.0036572s
 INFO: [saveStatisticalResults:104] Total execution time for kernels is 0.610797s
 INFO: [run:16] m0 = 9420
 INFO: [activate:15] Activating GPU#0
 INFO: [selectTracesToBeUsedForMidpoint:113] Selecting traces for m0 = 9420
 INFO: [copyOnlySelectedTracesToDevice:118] Selected 206 traces
 INFO: [copyOnlySelectedTracesToDevice:152] Copy time is 0.00250024
 INFO: [selectTracesToBeUsedForMidpoint:181] Execution time for copying traces is 0.00322225s
 INFO: [saveStatisticalResults:102] Total execution time for selecting traces is 0.00334636s
 INFO: [saveStatisticalResults:104] Total execution time for kernels is 0.519958s
 INFO: [run:16] m0 = 9500
 INFO: [activate:15] Activating GPU#0
 INFO: [selectTracesToBeUsedForMidpoint:113] Selecting traces for m0 = 9500
 INFO: [copyOnlySelectedTracesToDevice:118] Selected 176 traces
 INFO: [copyOnlySelectedTracesToDevice:152] Copy time is 0.00210484
 INFO: [selectTracesToBeUsedForMidpoint:181] Execution time for copying traces is 0.00275964s
 INFO: [saveStatisticalResults:102] Total execution time for selecting traces is 0.00286552s
 INFO: [saveStatisticalResults:104] Total execution time for kernels is 0.433084s
 INFO: [run:16] m0 = 9580
 INFO: [activate:15] Activating GPU#0
 INFO: [selectTracesToBeUsedForMidpoint:113] Selecting traces for m0 = 9580
 INFO: [copyOnlySelectedTracesToDevice:118] Selected 146 traces
 INFO: [copyOnlySelectedTracesToDevice:152] Copy time is 0.00169608
 INFO: [selectTracesToBeUsedForMidpoint:181] Execution time for copying traces is 0.00231444s
 INFO: [saveStatisticalResults:102] Total execution time for selecting traces is 0.0025126s
 INFO: [saveStatisticalResults:104] Total execution time for kernels is 0.341577s
 INFO: [run:16] m0 = 9660
 INFO: [activate:15] Activating GPU#0
 INFO: [selectTracesToBeUsedForMidpoint:113] Selecting traces for m0 = 9660
 INFO: [copyOnlySelectedTracesToDevice:118] Selected 116 traces
 INFO: [copyOnlySelectedTracesToDevice:152] Copy time is 0.00133352
 INFO: [selectTracesToBeUsedForMidpoint:181] Execution time for copying traces is 0.00195844s
 INFO: [saveStatisticalResults:102] Total execution time for selecting traces is 0.00208445s
 INFO: [saveStatisticalResults:104] Total execution time for kernels is 0.259624s
 INFO: [run:16] m0 = 9740
 INFO: [activate:15] Activating GPU#0
 INFO: [selectTracesToBeUsedForMidpoint:113] Selecting traces for m0 = 9740
 INFO: [copyOnlySelectedTracesToDevice:118] Selected 86 traces
 INFO: [copyOnlySelectedTracesToDevice:152] Copy time is 0.000995409
 INFO: [selectTracesToBeUsedForMidpoint:181] Execution time for copying traces is 0.00157672s
 INFO: [saveStatisticalResults:102] Total execution time for selecting traces is 0.00167696s
 INFO: [saveStatisticalResults:104] Total execution time for kernels is 0.187055s
 INFO: [run:16] m0 = 9820
 INFO: [activate:15] Activating GPU#0
 INFO: [selectTracesToBeUsedForMidpoint:113] Selecting traces for m0 = 9820
 INFO: [copyOnlySelectedTracesToDevice:118] Selected 56 traces
 INFO: [copyOnlySelectedTracesToDevice:152] Copy time is 0.00065642
 INFO: [selectTracesToBeUsedForMidpoint:181] Execution time for copying traces is 0.00112979s
 INFO: [saveStatisticalResults:102] Total execution time for selecting traces is 0.00124183s
 INFO: [saveStatisticalResults:104] Total execution time for kernels is 0.115294s
 INFO: [run:16] m0 = 9900
 INFO: [activate:15] Activating GPU#0
 INFO: [selectTracesToBeUsedForMidpoint:113] Selecting traces for m0 = 9900
 INFO: [copyOnlySelectedTracesToDevice:118] Selected 30 traces
 INFO: [copyOnlySelectedTracesToDevice:152] Copy time is 0.000350358
 INFO: [selectTracesToBeUsedForMidpoint:181] Execution time for copying traces is 0.000537527s
 INFO: [saveStatisticalResults:102] Total execution time for selecting traces is 0.000644837s
 INFO: [saveStatisticalResults:104] Total execution time for kernels is 0.070742s
 INFO: [run:16] m0 = 9940
 INFO: [activate:15] Activating GPU#0
 INFO: [selectTracesToBeUsedForMidpoint:113] Selecting traces for m0 = 9940
 INFO: [copyOnlySelectedTracesToDevice:118] Selected 20 traces
 INFO: [copyOnlySelectedTracesToDevice:152] Copy time is 0.000250392
 INFO: [selectTracesToBeUsedForMidpoint:181] Execution time for copying traces is 0.00041109s
 INFO: [saveStatisticalResults:102] Total execution time for selecting traces is 0.000521052s
 INFO: [saveStatisticalResults:104] Total execution time for kernels is 0.0645785s
