 INFO: Number of CDPs = 445
 INFO: Number of traces in the gather = 9200
 INFO: Number of samples per trace = 2502
 INFO: Computing semblance for m0 = 0
 INFO: No trace has been selected for m0 = 0. Skipping.
 INFO: Total execution time for kernels is 1.2057e-05s
 INFO: Computing semblance for m0 = 1080
 INFO: Total execution time for kernels is 0.129325s
 INFO: Computing semblance for m0 = 1100
 INFO: Total execution time for kernels is 0.09467s
 INFO: Computing semblance for m0 = 1120
 INFO: Total execution time for kernels is 0.104412s
 INFO: Computing semblance for m0 = 1140
 INFO: Total execution time for kernels is 0.12701s
 INFO: Computing semblance for m0 = 1160
 INFO: Total execution time for kernels is 0.151363s
 INFO: Computing semblance for m0 = 1180
 INFO: Total execution time for kernels is 0.174039s
 INFO: Computing semblance for m0 = 1200
 INFO: Total execution time for kernels is 0.200752s
 INFO: Computing semblance for m0 = 1220
 INFO: Total execution time for kernels is 0.229415s
 INFO: Computing semblance for m0 = 1240
 INFO: Total execution time for kernels is 0.25387s
 INFO: Computing semblance for m0 = 1260
 INFO: Total execution time for kernels is 0.285881s
 INFO: Computing semblance for m0 = 1280
 INFO: Total execution time for kernels is 0.311081s
 INFO: Computing semblance for m0 = 1300
 INFO: Total execution time for kernels is 0.337944s
 INFO: Computing semblance for m0 = 1320
 INFO: Total execution time for kernels is 0.366993s
 INFO: Computing semblance for m0 = 1340
 INFO: Total execution time for kernels is 0.394019s
 INFO: Computing semblance for m0 = 1360
 INFO: Total execution time for kernels is 0.4223s
 INFO: Computing semblance for m0 = 1380
 INFO: Total execution time for kernels is 0.450931s
 INFO: Computing semblance for m0 = 1400
 INFO: Total execution time for kernels is 0.476709s
 INFO: Computing semblance for m0 = 1420
 INFO: Total execution time for kernels is 0.509867s
 INFO: Computing semblance for m0 = 1440
 INFO: Total execution time for kernels is 0.53333s
 INFO: Computing semblance for m0 = 1460
 INFO: Total execution time for kernels is 0.566379s
 INFO: Computing semblance for m0 = 1480
 INFO: Total execution time for kernels is 0.594104s
 INFO: Computing semblance for m0 = 1500
 INFO: Total execution time for kernels is 0.623926s
 INFO: Computing semblance for m0 = 1520
 INFO: Total execution time for kernels is 0.650647s
 INFO: Computing semblance for m0 = 1540
 INFO: Total execution time for kernels is 0.691133s
 INFO: Computing semblance for m0 = 1560
 INFO: Total execution time for kernels is 0.711018s
 INFO: Computing semblance for m0 = 1580
 INFO: Total execution time for kernels is 0.741079s
 INFO: Computing semblance for m0 = 1600
 INFO: Total execution time for kernels is 0.768343s
 INFO: Computing semblance for m0 = 1620
 INFO: Total execution time for kernels is 0.800262s
 INFO: Computing semblance for m0 = 1640
 INFO: Total execution time for kernels is 0.831755s
 INFO: Computing semblance for m0 = 1660
 INFO: Total execution time for kernels is 0.87661s
 INFO: Computing semblance for m0 = 1680
 INFO: Total execution time for kernels is 0.917416s
 INFO: Computing semblance for m0 = 1700
 INFO: Total execution time for kernels is 0.94572s
 INFO: Computing semblance for m0 = 1720
 INFO: Total execution time for kernels is 0.984512s
 INFO: Computing semblance for m0 = 1740
 INFO: Total execution time for kernels is 1.01847s
 INFO: Computing semblance for m0 = 1760
 INFO: Total execution time for kernels is 1.04393s
 INFO: Computing semblance for m0 = 1780
 INFO: Total execution time for kernels is 1.0755s
 INFO: Computing semblance for m0 = 1800
 INFO: Total execution time for kernels is 1.10745s
 INFO: Computing semblance for m0 = 1820
 INFO: Total execution time for kernels is 1.1404s
 INFO: Computing semblance for m0 = 1840
 INFO: Total execution time for kernels is 1.1695s
 INFO: Computing semblance for m0 = 1860
 INFO: Total execution time for kernels is 1.19758s
 INFO: Computing semblance for m0 = 1880
 INFO: Total execution time for kernels is 1.20603s
 INFO: Computing semblance for m0 = 1900
 INFO: Total execution time for kernels is 1.22599s
 INFO: Computing semblance for m0 = 1920
 INFO: Total execution time for kernels is 1.25162s
 INFO: Computing semblance for m0 = 1940
 INFO: Total execution time for kernels is 1.27703s
 INFO: Computing semblance for m0 = 1960
 INFO: Total execution time for kernels is 1.28325s
 INFO: Computing semblance for m0 = 1980
 INFO: Total execution time for kernels is 1.30136s
 INFO: Computing semblance for m0 = 2000
 INFO: Total execution time for kernels is 1.31523s
 INFO: Computing semblance for m0 = 2020
 INFO: Total execution time for kernels is 1.32896s
 INFO: Computing semblance for m0 = 2040
 INFO: Total execution time for kernels is 1.33921s
 INFO: Computing semblance for m0 = 2060
 INFO: Total execution time for kernels is 1.35038s
 INFO: Computing semblance for m0 = 2080
 INFO: Total execution time for kernels is 1.35815s
 INFO: Computing semblance for m0 = 2100
 INFO: Total execution time for kernels is 1.36518s
 INFO: Computing semblance for m0 = 2120
 INFO: Total execution time for kernels is 1.36388s
 INFO: Computing semblance for m0 = 2140
 INFO: Total execution time for kernels is 1.3674s
 INFO: Computing semblance for m0 = 2160
 INFO: Total execution time for kernels is 1.3699s
 INFO: Computing semblance for m0 = 2180
 INFO: Total execution time for kernels is 1.3717s
 INFO: Computing semblance for m0 = 2200
 INFO: Total execution time for kernels is 1.37343s
 INFO: Computing semblance for m0 = 2220
 INFO: Total execution time for kernels is 1.37559s
 INFO: Computing semblance for m0 = 2240
 INFO: Total execution time for kernels is 1.38028s
 INFO: Computing semblance for m0 = 2260
 INFO: Total execution time for kernels is 1.38123s
 INFO: Computing semblance for m0 = 2280
 INFO: Total execution time for kernels is 1.383s
 INFO: Computing semblance for m0 = 2300
 INFO: Total execution time for kernels is 1.38359s
 INFO: Computing semblance for m0 = 2320
 INFO: Total execution time for kernels is 1.38184s
 INFO: Computing semblance for m0 = 2340
 INFO: Total execution time for kernels is 1.3785s
 INFO: Computing semblance for m0 = 2360
 INFO: Total execution time for kernels is 1.37481s
 INFO: Computing semblance for m0 = 2380
 INFO: Total execution time for kernels is 1.36863s
 INFO: Computing semblance for m0 = 2400
 INFO: Total execution time for kernels is 1.36393s
 INFO: Computing semblance for m0 = 2420
 INFO: Total execution time for kernels is 1.3602s
 INFO: Computing semblance for m0 = 2440
 INFO: Total execution time for kernels is 1.35635s
 INFO: Computing semblance for m0 = 2460
 INFO: Total execution time for kernels is 1.3552s
 INFO: Computing semblance for m0 = 2480
 INFO: Total execution time for kernels is 1.35063s
 INFO: Computing semblance for m0 = 2500
 INFO: Total execution time for kernels is 1.34545s
 INFO: Computing semblance for m0 = 2520
 INFO: Total execution time for kernels is 1.34735s
 INFO: Computing semblance for m0 = 2540
 INFO: Total execution time for kernels is 1.34482s
 INFO: Computing semblance for m0 = 2560
 INFO: Total execution time for kernels is 1.34446s
 INFO: Computing semblance for m0 = 2580
 INFO: Total execution time for kernels is 1.33982s
 INFO: Computing semblance for m0 = 2600
 INFO: Total execution time for kernels is 1.3389s
 INFO: Computing semblance for m0 = 2620
 INFO: Total execution time for kernels is 1.33821s
 INFO: Computing semblance for m0 = 2640
 INFO: Total execution time for kernels is 1.33708s
 INFO: Computing semblance for m0 = 2660
 INFO: Total execution time for kernels is 1.33443s
 INFO: Computing semblance for m0 = 2680
 INFO: Total execution time for kernels is 1.33534s
 INFO: Computing semblance for m0 = 2700
 INFO: Total execution time for kernels is 1.33091s
 INFO: Computing semblance for m0 = 2720
 INFO: Total execution time for kernels is 1.32964s
 INFO: Computing semblance for m0 = 2740
 INFO: Total execution time for kernels is 1.32962s
 INFO: Computing semblance for m0 = 2760
 INFO: Total execution time for kernels is 1.32803s
 INFO: Computing semblance for m0 = 2780
 INFO: Total execution time for kernels is 1.32673s
 INFO: Computing semblance for m0 = 2800
 INFO: Total execution time for kernels is 1.32607s
 INFO: Computing semblance for m0 = 2820
 INFO: Total execution time for kernels is 1.32511s
 INFO: Computing semblance for m0 = 2840
 INFO: Total execution time for kernels is 1.32485s
 INFO: Computing semblance for m0 = 2860
 INFO: Total execution time for kernels is 1.32577s
 INFO: Computing semblance for m0 = 2880
 INFO: Total execution time for kernels is 1.32534s
 INFO: Computing semblance for m0 = 2900
 INFO: Total execution time for kernels is 1.32472s
 INFO: Computing semblance for m0 = 2920
 INFO: Total execution time for kernels is 1.32399s
 INFO: Computing semblance for m0 = 2940
 INFO: Total execution time for kernels is 1.34429s
 INFO: Computing semblance for m0 = 2960
 INFO: Total execution time for kernels is 1.34455s
 INFO: Computing semblance for m0 = 2980
 INFO: Total execution time for kernels is 1.34775s
 INFO: Computing semblance for m0 = 3000
 INFO: Total execution time for kernels is 1.34665s
 INFO: Computing semblance for m0 = 3020
 INFO: Total execution time for kernels is 1.34565s
 INFO: Computing semblance for m0 = 3040
 INFO: Total execution time for kernels is 1.34544s
 INFO: Computing semblance for m0 = 3060
 INFO: Total execution time for kernels is 1.3428s
 INFO: Computing semblance for m0 = 3080
 INFO: Total execution time for kernels is 1.34488s
 INFO: Computing semblance for m0 = 3100
 INFO: Total execution time for kernels is 1.3445s
 INFO: Computing semblance for m0 = 3120
 INFO: Total execution time for kernels is 1.34314s
 INFO: Computing semblance for m0 = 3140
 INFO: Total execution time for kernels is 1.34373s
 INFO: Computing semblance for m0 = 3160
 INFO: Total execution time for kernels is 1.3443s
 INFO: Computing semblance for m0 = 3180
 INFO: Total execution time for kernels is 1.34524s
 INFO: Computing semblance for m0 = 3200
 INFO: Total execution time for kernels is 1.34226s
 INFO: Computing semblance for m0 = 3220
 INFO: Total execution time for kernels is 1.34265s
 INFO: Computing semblance for m0 = 3240
 INFO: Total execution time for kernels is 1.3431s
 INFO: Computing semblance for m0 = 3260
 INFO: Total execution time for kernels is 1.34265s
 INFO: Computing semblance for m0 = 3280
 INFO: Total execution time for kernels is 1.34191s
 INFO: Computing semblance for m0 = 3300
 INFO: Total execution time for kernels is 1.34257s
 INFO: Computing semblance for m0 = 3320
 INFO: Total execution time for kernels is 1.34127s
 INFO: Computing semblance for m0 = 3340
 INFO: Total execution time for kernels is 1.34164s
 INFO: Computing semblance for m0 = 3360
 INFO: Total execution time for kernels is 1.34284s
 INFO: Computing semblance for m0 = 3380
 INFO: Total execution time for kernels is 1.34213s
 INFO: Computing semblance for m0 = 3400
 INFO: Total execution time for kernels is 1.3417s
 INFO: Computing semblance for m0 = 3420
 INFO: Total execution time for kernels is 1.34072s
 INFO: Computing semblance for m0 = 3440
 INFO: Total execution time for kernels is 1.34254s
 INFO: Computing semblance for m0 = 3460
 INFO: Total execution time for kernels is 1.34145s
 INFO: Computing semblance for m0 = 3480
 INFO: Total execution time for kernels is 1.34114s
 INFO: Computing semblance for m0 = 3500
 INFO: Total execution time for kernels is 1.34228s
 INFO: Computing semblance for m0 = 3520
 INFO: Total execution time for kernels is 1.34333s
 INFO: Computing semblance for m0 = 3540
 INFO: Total execution time for kernels is 1.34256s
 INFO: Computing semblance for m0 = 3560
 INFO: Total execution time for kernels is 1.34183s
 INFO: Computing semblance for m0 = 3580
 INFO: Total execution time for kernels is 1.34246s
 INFO: Computing semblance for m0 = 3600
 INFO: Total execution time for kernels is 1.34301s
 INFO: Computing semblance for m0 = 3620
 INFO: Total execution time for kernels is 1.34276s
 INFO: Computing semblance for m0 = 3640
 INFO: Total execution time for kernels is 1.34156s
 INFO: Computing semblance for m0 = 3660
 INFO: Total execution time for kernels is 1.34391s
 INFO: Computing semblance for m0 = 3680
 INFO: Total execution time for kernels is 1.34444s
 INFO: Computing semblance for m0 = 3700
 INFO: Total execution time for kernels is 1.34341s
 INFO: Computing semblance for m0 = 3720
 INFO: Total execution time for kernels is 1.34374s
 INFO: Computing semblance for m0 = 3740
 INFO: Total execution time for kernels is 1.34392s
 INFO: Computing semblance for m0 = 3760
 INFO: Total execution time for kernels is 1.34514s
 INFO: Computing semblance for m0 = 3780
 INFO: Total execution time for kernels is 1.34416s
 INFO: Computing semblance for m0 = 3800
 INFO: Total execution time for kernels is 1.34402s
 INFO: Computing semblance for m0 = 3820
 INFO: Total execution time for kernels is 1.34453s
 INFO: Computing semblance for m0 = 3840
 INFO: Total execution time for kernels is 1.34483s
 INFO: Computing semblance for m0 = 3860
 INFO: Total execution time for kernels is 1.34798s
 INFO: Computing semblance for m0 = 3880
 INFO: Total execution time for kernels is 1.34688s
 INFO: Computing semblance for m0 = 3900
 INFO: Total execution time for kernels is 1.34772s
 INFO: Computing semblance for m0 = 3920
 INFO: Total execution time for kernels is 1.34622s
 INFO: Computing semblance for m0 = 3940
 INFO: Total execution time for kernels is 1.3478s
 INFO: Computing semblance for m0 = 3960
 INFO: Total execution time for kernels is 1.34519s
 INFO: Computing semblance for m0 = 3980
 INFO: Total execution time for kernels is 1.3465s
 INFO: Computing semblance for m0 = 4000
 INFO: Total execution time for kernels is 1.34719s
 INFO: Computing semblance for m0 = 4020
 INFO: Total execution time for kernels is 1.34761s
 INFO: Computing semblance for m0 = 4040
 INFO: Total execution time for kernels is 1.34992s
 INFO: Computing semblance for m0 = 4060
 INFO: Total execution time for kernels is 1.34984s
 INFO: Computing semblance for m0 = 4080
 INFO: Total execution time for kernels is 1.34915s
 INFO: Computing semblance for m0 = 4100
 INFO: Total execution time for kernels is 1.35018s
 INFO: Computing semblance for m0 = 4120
 INFO: Total execution time for kernels is 1.35001s
 INFO: Computing semblance for m0 = 4140
 INFO: Total execution time for kernels is 1.34895s
 INFO: Computing semblance for m0 = 4160
 INFO: Total execution time for kernels is 1.35013s
 INFO: Computing semblance for m0 = 4180
 INFO: Total execution time for kernels is 1.35048s
 INFO: Computing semblance for m0 = 4200
 INFO: Total execution time for kernels is 1.35103s
 INFO: Computing semblance for m0 = 4220
 INFO: Total execution time for kernels is 1.35138s
 INFO: Computing semblance for m0 = 4240
 INFO: Total execution time for kernels is 1.35344s
 INFO: Computing semblance for m0 = 4260
 INFO: Total execution time for kernels is 1.35319s
 INFO: Computing semblance for m0 = 4280
 INFO: Total execution time for kernels is 1.35278s
 INFO: Computing semblance for m0 = 4300
 INFO: Total execution time for kernels is 1.3536s
 INFO: Computing semblance for m0 = 4320
 INFO: Total execution time for kernels is 1.35394s
 INFO: Computing semblance for m0 = 4340
 INFO: Total execution time for kernels is 1.35599s
 INFO: Computing semblance for m0 = 4360
 INFO: Total execution time for kernels is 1.35438s
 INFO: Computing semblance for m0 = 4380
 INFO: Total execution time for kernels is 1.35666s
 INFO: Computing semblance for m0 = 4400
 INFO: Total execution time for kernels is 1.35597s
 INFO: Computing semblance for m0 = 4420
 INFO: Total execution time for kernels is 1.35552s
 INFO: Computing semblance for m0 = 4440
 INFO: Total execution time for kernels is 1.35689s
 INFO: Computing semblance for m0 = 4460
 INFO: Total execution time for kernels is 1.35671s
 INFO: Computing semblance for m0 = 4480
 INFO: Total execution time for kernels is 1.35784s
 INFO: Computing semblance for m0 = 4500
 INFO: Total execution time for kernels is 1.35616s
 INFO: Computing semblance for m0 = 4520
 INFO: Total execution time for kernels is 1.35717s
 INFO: Computing semblance for m0 = 4540
 INFO: Total execution time for kernels is 1.35911s
 INFO: Computing semblance for m0 = 4560
 INFO: Total execution time for kernels is 1.35914s
 INFO: Computing semblance for m0 = 4580
 INFO: Total execution time for kernels is 1.3582s
 INFO: Computing semblance for m0 = 4600
 INFO: Total execution time for kernels is 1.36125s
 INFO: Computing semblance for m0 = 4620
 INFO: Total execution time for kernels is 1.35987s
 INFO: Computing semblance for m0 = 4640
 INFO: Total execution time for kernels is 1.36158s
 INFO: Computing semblance for m0 = 4660
 INFO: Total execution time for kernels is 1.3617s
 INFO: Computing semblance for m0 = 4680
 INFO: Total execution time for kernels is 1.36152s
 INFO: Computing semblance for m0 = 4700
 INFO: Total execution time for kernels is 1.36256s
 INFO: Computing semblance for m0 = 4720
 INFO: Total execution time for kernels is 1.36312s
 INFO: Computing semblance for m0 = 4740
 INFO: Total execution time for kernels is 1.36369s
 INFO: Computing semblance for m0 = 4760
 INFO: Total execution time for kernels is 1.36233s
 INFO: Computing semblance for m0 = 4780
 INFO: Total execution time for kernels is 1.36558s
 INFO: Computing semblance for m0 = 4800
 INFO: Total execution time for kernels is 1.36655s
 INFO: Computing semblance for m0 = 4820
 INFO: Total execution time for kernels is 1.3404s
 INFO: Computing semblance for m0 = 4840
 INFO: Total execution time for kernels is 1.34214s
 INFO: Computing semblance for m0 = 4860
 INFO: Total execution time for kernels is 1.34285s
 INFO: Computing semblance for m0 = 4880
 INFO: Total execution time for kernels is 1.34225s
 INFO: Computing semblance for m0 = 4900
 INFO: Total execution time for kernels is 1.34293s
 INFO: Computing semblance for m0 = 4920
 INFO: Total execution time for kernels is 1.34589s
 INFO: Computing semblance for m0 = 4940
 INFO: Total execution time for kernels is 1.34429s
 INFO: Computing semblance for m0 = 4960
 INFO: Total execution time for kernels is 1.34365s
 INFO: Computing semblance for m0 = 4980
 INFO: Total execution time for kernels is 1.34715s
 INFO: Computing semblance for m0 = 5000
 INFO: Total execution time for kernels is 1.34659s
 INFO: Computing semblance for m0 = 5020
 INFO: Total execution time for kernels is 1.35703s
 INFO: Computing semblance for m0 = 5040
 INFO: Total execution time for kernels is 1.34703s
 INFO: Computing semblance for m0 = 5060
 INFO: Total execution time for kernels is 1.34901s
 INFO: Computing semblance for m0 = 5080
 INFO: Total execution time for kernels is 1.3505s
 INFO: Computing semblance for m0 = 5100
 INFO: Total execution time for kernels is 1.3525s
 INFO: Computing semblance for m0 = 5120
 INFO: Total execution time for kernels is 1.34914s
 INFO: Computing semblance for m0 = 5140
 INFO: Total execution time for kernels is 1.35165s
 INFO: Computing semblance for m0 = 5160
 INFO: Total execution time for kernels is 1.35247s
 INFO: Computing semblance for m0 = 5180
 INFO: Total execution time for kernels is 1.35505s
 INFO: Computing semblance for m0 = 5200
 INFO: Total execution time for kernels is 1.35423s
 INFO: Computing semblance for m0 = 5220
 INFO: Total execution time for kernels is 1.35516s
 INFO: Computing semblance for m0 = 5240
 INFO: Total execution time for kernels is 1.35793s
 INFO: Computing semblance for m0 = 5260
 INFO: Total execution time for kernels is 1.35767s
 INFO: Computing semblance for m0 = 5280
 INFO: Total execution time for kernels is 1.35822s
 INFO: Computing semblance for m0 = 5300
 INFO: Total execution time for kernels is 1.35877s
 INFO: Computing semblance for m0 = 5320
 INFO: Total execution time for kernels is 1.36068s
 INFO: Computing semblance for m0 = 5340
 INFO: Total execution time for kernels is 1.35944s
 INFO: Computing semblance for m0 = 5360
 INFO: Total execution time for kernels is 1.36159s
 INFO: Computing semblance for m0 = 5380
 INFO: Total execution time for kernels is 1.3624s
 INFO: Computing semblance for m0 = 5400
 INFO: Total execution time for kernels is 1.36208s
 INFO: Computing semblance for m0 = 5420
 INFO: Total execution time for kernels is 1.36411s
 INFO: Computing semblance for m0 = 5440
 INFO: Total execution time for kernels is 1.3658s
 INFO: Computing semblance for m0 = 5460
 INFO: Total execution time for kernels is 1.36733s
 INFO: Computing semblance for m0 = 5480
 INFO: Total execution time for kernels is 1.3674s
 INFO: Computing semblance for m0 = 5500
 INFO: Total execution time for kernels is 1.36843s
 INFO: Computing semblance for m0 = 5520
 INFO: Total execution time for kernels is 1.36989s
 INFO: Computing semblance for m0 = 5540
 INFO: Total execution time for kernels is 1.37034s
 INFO: Computing semblance for m0 = 5560
 INFO: Total execution time for kernels is 1.37107s
 INFO: Computing semblance for m0 = 5580
 INFO: Total execution time for kernels is 1.37412s
 INFO: Computing semblance for m0 = 5600
 INFO: Total execution time for kernels is 1.37419s
 INFO: Computing semblance for m0 = 5620
 INFO: Total execution time for kernels is 1.37475s
 INFO: Computing semblance for m0 = 5640
 INFO: Total execution time for kernels is 1.37858s
 INFO: Computing semblance for m0 = 5660
 INFO: Total execution time for kernels is 1.37754s
 INFO: Computing semblance for m0 = 5680
 INFO: Total execution time for kernels is 1.39532s
 INFO: Computing semblance for m0 = 5700
 INFO: Total execution time for kernels is 1.38246s
 INFO: Computing semblance for m0 = 5720
 INFO: Total execution time for kernels is 1.38143s
 INFO: Computing semblance for m0 = 5740
 INFO: Total execution time for kernels is 1.38372s
 INFO: Computing semblance for m0 = 5760
 INFO: Total execution time for kernels is 1.38552s
 INFO: Computing semblance for m0 = 5780
 INFO: Total execution time for kernels is 1.3865s
 INFO: Computing semblance for m0 = 5800
 INFO: Total execution time for kernels is 1.3896s
 INFO: Computing semblance for m0 = 5820
 INFO: Total execution time for kernels is 1.39015s
 INFO: Computing semblance for m0 = 5840
 INFO: Total execution time for kernels is 1.39318s
 INFO: Computing semblance for m0 = 5860
 INFO: Total execution time for kernels is 1.39253s
 INFO: Computing semblance for m0 = 5880
 INFO: Total execution time for kernels is 1.39458s
 INFO: Computing semblance for m0 = 5900
 INFO: Total execution time for kernels is 1.39609s
 INFO: Computing semblance for m0 = 5920
 INFO: Total execution time for kernels is 1.40002s
 INFO: Computing semblance for m0 = 5940
 INFO: Total execution time for kernels is 1.40104s
 INFO: Computing semblance for m0 = 5960
 INFO: Total execution time for kernels is 1.40068s
 INFO: Computing semblance for m0 = 5980
 INFO: Total execution time for kernels is 1.40223s
 INFO: Computing semblance for m0 = 6000
 INFO: Total execution time for kernels is 1.38503s
 INFO: Computing semblance for m0 = 6020
 INFO: Total execution time for kernels is 1.38705s
 INFO: Computing semblance for m0 = 6040
 INFO: Total execution time for kernels is 1.38798s
 INFO: Computing semblance for m0 = 6060
 INFO: Total execution time for kernels is 1.39038s
 INFO: Computing semblance for m0 = 6080
 INFO: Total execution time for kernels is 1.39159s
 INFO: Computing semblance for m0 = 6100
 INFO: Total execution time for kernels is 1.39426s
 INFO: Computing semblance for m0 = 6120
 INFO: Total execution time for kernels is 1.39665s
 INFO: Computing semblance for m0 = 6140
 INFO: Total execution time for kernels is 1.39781s
 INFO: Computing semblance for m0 = 6160
 INFO: Total execution time for kernels is 1.40203s
 INFO: Computing semblance for m0 = 6180
 INFO: Total execution time for kernels is 1.40366s
 INFO: Computing semblance for m0 = 6200
 INFO: Total execution time for kernels is 1.40573s
 INFO: Computing semblance for m0 = 6220
 INFO: Total execution time for kernels is 1.40777s
 INFO: Computing semblance for m0 = 6240
 INFO: Total execution time for kernels is 1.40927s
 INFO: Computing semblance for m0 = 6260
 INFO: Total execution time for kernels is 1.41064s
 INFO: Computing semblance for m0 = 6280
 INFO: Total execution time for kernels is 1.4107s
 INFO: Computing semblance for m0 = 6300
 INFO: Total execution time for kernels is 1.41308s
 INFO: Computing semblance for m0 = 6320
 INFO: Total execution time for kernels is 1.41443s
 INFO: Computing semblance for m0 = 6340
 INFO: Total execution time for kernels is 1.41849s
 INFO: Computing semblance for m0 = 6360
 INFO: Total execution time for kernels is 1.41471s
 INFO: Computing semblance for m0 = 6380
 INFO: Total execution time for kernels is 1.40994s
 INFO: Computing semblance for m0 = 6400
 INFO: Total execution time for kernels is 1.40237s
 INFO: Computing semblance for m0 = 6420
 INFO: Total execution time for kernels is 1.39565s
 INFO: Computing semblance for m0 = 6440
 INFO: Total execution time for kernels is 1.3866s
 INFO: Computing semblance for m0 = 6460
 INFO: Total execution time for kernels is 1.38035s
 INFO: Computing semblance for m0 = 6480
 INFO: Total execution time for kernels is 1.37388s
 INFO: Computing semblance for m0 = 6500
 INFO: Total execution time for kernels is 1.37333s
 INFO: Computing semblance for m0 = 6520
 INFO: Total execution time for kernels is 1.36333s
 INFO: Computing semblance for m0 = 6540
 INFO: Total execution time for kernels is 1.35736s
 INFO: Computing semblance for m0 = 6560
 INFO: Total execution time for kernels is 1.3751s
 INFO: Computing semblance for m0 = 6580
 INFO: Total execution time for kernels is 1.3722s
 INFO: Computing semblance for m0 = 6600
 INFO: Total execution time for kernels is 1.36685s
 INFO: Computing semblance for m0 = 6620
 INFO: Total execution time for kernels is 1.36487s
 INFO: Computing semblance for m0 = 6640
 INFO: Total execution time for kernels is 1.36294s
 INFO: Computing semblance for m0 = 6660
 INFO: Total execution time for kernels is 1.36517s
 INFO: Computing semblance for m0 = 6680
 INFO: Total execution time for kernels is 1.35631s
 INFO: Computing semblance for m0 = 6700
 INFO: Total execution time for kernels is 1.35352s
 INFO: Computing semblance for m0 = 6720
 INFO: Total execution time for kernels is 1.352s
 INFO: Computing semblance for m0 = 6740
 INFO: Total execution time for kernels is 1.34923s
 INFO: Computing semblance for m0 = 6760
 INFO: Total execution time for kernels is 1.3528s
 INFO: Computing semblance for m0 = 6780
 INFO: Total execution time for kernels is 1.34874s
 INFO: Computing semblance for m0 = 6800
 INFO: Total execution time for kernels is 1.34506s
 INFO: Computing semblance for m0 = 6820
 INFO: Total execution time for kernels is 1.34417s
 INFO: Computing semblance for m0 = 6840
 INFO: Total execution time for kernels is 1.34013s
 INFO: Computing semblance for m0 = 6860
 INFO: Total execution time for kernels is 1.33951s
 INFO: Computing semblance for m0 = 6880
 INFO: Total execution time for kernels is 1.33881s
 INFO: Computing semblance for m0 = 6900
 INFO: Total execution time for kernels is 1.33725s
 INFO: Computing semblance for m0 = 6920
 INFO: Total execution time for kernels is 1.33713s
 INFO: Computing semblance for m0 = 6940
 INFO: Total execution time for kernels is 1.33572s
 INFO: Computing semblance for m0 = 6960
 INFO: Total execution time for kernels is 1.33573s
 INFO: Computing semblance for m0 = 6980
 INFO: Total execution time for kernels is 1.33236s
 INFO: Computing semblance for m0 = 7000
 INFO: Total execution time for kernels is 1.33189s
 INFO: Computing semblance for m0 = 7020
 INFO: Total execution time for kernels is 1.33232s
 INFO: Computing semblance for m0 = 7040
 INFO: Total execution time for kernels is 1.33149s
 INFO: Computing semblance for m0 = 7060
 INFO: Total execution time for kernels is 1.32975s
 INFO: Computing semblance for m0 = 7080
 INFO: Total execution time for kernels is 1.32049s
 INFO: Computing semblance for m0 = 7100
 INFO: Total execution time for kernels is 1.32825s
 INFO: Computing semblance for m0 = 7120
 INFO: Total execution time for kernels is 1.32714s
 INFO: Computing semblance for m0 = 7140
 INFO: Total execution time for kernels is 1.32599s
 INFO: Computing semblance for m0 = 7160
 INFO: Total execution time for kernels is 1.32557s
 INFO: Computing semblance for m0 = 7180
 INFO: Total execution time for kernels is 1.32476s
 INFO: Computing semblance for m0 = 7200
 INFO: Total execution time for kernels is 1.32437s
 INFO: Computing semblance for m0 = 7220
 INFO: Total execution time for kernels is 1.32498s
 INFO: Computing semblance for m0 = 7240
 INFO: Total execution time for kernels is 1.32486s
 INFO: Computing semblance for m0 = 7260
 INFO: Total execution time for kernels is 1.32498s
 INFO: Computing semblance for m0 = 7280
 INFO: Total execution time for kernels is 1.32423s
 INFO: Computing semblance for m0 = 7300
 INFO: Total execution time for kernels is 1.32148s
 INFO: Computing semblance for m0 = 7320
 INFO: Total execution time for kernels is 1.32348s
 INFO: Computing semblance for m0 = 7340
 INFO: Total execution time for kernels is 1.32465s
 INFO: Computing semblance for m0 = 7360
 INFO: Total execution time for kernels is 1.32299s
 INFO: Computing semblance for m0 = 7380
 INFO: Total execution time for kernels is 1.32134s
 INFO: Computing semblance for m0 = 7400
 INFO: Total execution time for kernels is 1.32596s
 INFO: Computing semblance for m0 = 7420
 INFO: Total execution time for kernels is 1.32142s
 INFO: Computing semblance for m0 = 7440
 INFO: Total execution time for kernels is 1.3236s
 INFO: Computing semblance for m0 = 7460
 INFO: Total execution time for kernels is 1.32127s
 INFO: Computing semblance for m0 = 7480
 INFO: Total execution time for kernels is 1.32161s
 INFO: Computing semblance for m0 = 7500
 INFO: Total execution time for kernels is 1.32107s
 INFO: Computing semblance for m0 = 7520
 INFO: Total execution time for kernels is 1.32164s
 INFO: Computing semblance for m0 = 7540
 INFO: Total execution time for kernels is 1.32087s
 INFO: Computing semblance for m0 = 7560
 INFO: Total execution time for kernels is 1.32282s
 INFO: Computing semblance for m0 = 7580
 INFO: Total execution time for kernels is 1.32277s
 INFO: Computing semblance for m0 = 7600
 INFO: Total execution time for kernels is 1.3208s
 INFO: Computing semblance for m0 = 7620
 INFO: Total execution time for kernels is 1.32354s
 INFO: Computing semblance for m0 = 7640
 INFO: Total execution time for kernels is 1.32214s
 INFO: Computing semblance for m0 = 7660
 INFO: Total execution time for kernels is 1.32046s
 INFO: Computing semblance for m0 = 7680
 INFO: Total execution time for kernels is 1.32112s
 INFO: Computing semblance for m0 = 7700
 INFO: Total execution time for kernels is 1.32254s
 INFO: Computing semblance for m0 = 7720
 INFO: Total execution time for kernels is 1.32148s
 INFO: Computing semblance for m0 = 7740
 INFO: Total execution time for kernels is 1.32174s
 INFO: Computing semblance for m0 = 7760
 INFO: Total execution time for kernels is 1.32186s
 INFO: Computing semblance for m0 = 7780
 INFO: Total execution time for kernels is 1.32115s
 INFO: Computing semblance for m0 = 7800
 INFO: Total execution time for kernels is 1.32114s
 INFO: Computing semblance for m0 = 7820
 INFO: Total execution time for kernels is 1.32371s
 INFO: Computing semblance for m0 = 7840
 INFO: Total execution time for kernels is 1.32208s
 INFO: Computing semblance for m0 = 7860
 INFO: Total execution time for kernels is 1.32262s
 INFO: Computing semblance for m0 = 7880
 INFO: Total execution time for kernels is 1.3221s
 INFO: Computing semblance for m0 = 7900
 INFO: Total execution time for kernels is 1.32294s
 INFO: Computing semblance for m0 = 7920
 INFO: Total execution time for kernels is 1.32216s
 INFO: Computing semblance for m0 = 7940
 INFO: Total execution time for kernels is 1.32315s
 INFO: Computing semblance for m0 = 7960
 INFO: Total execution time for kernels is 1.32197s
 INFO: Computing semblance for m0 = 7980
 INFO: Total execution time for kernels is 1.32415s
 INFO: Computing semblance for m0 = 8000
 INFO: Total execution time for kernels is 1.32342s
 INFO: Computing semblance for m0 = 8020
 INFO: Total execution time for kernels is 1.32276s
 INFO: Computing semblance for m0 = 8040
 INFO: Total execution time for kernels is 1.32288s
 INFO: Computing semblance for m0 = 8060
 INFO: Total execution time for kernels is 1.32474s
 INFO: Computing semblance for m0 = 8080
 INFO: Total execution time for kernels is 1.32859s
 INFO: Computing semblance for m0 = 8100
 INFO: Total execution time for kernels is 1.32552s
 INFO: Computing semblance for m0 = 8120
 INFO: Total execution time for kernels is 1.32554s
 INFO: Computing semblance for m0 = 8140
 INFO: Total execution time for kernels is 1.32594s
 INFO: Computing semblance for m0 = 8160
 INFO: Total execution time for kernels is 1.32541s
 INFO: Computing semblance for m0 = 8180
 INFO: Total execution time for kernels is 1.32507s
 INFO: Computing semblance for m0 = 8200
 INFO: Total execution time for kernels is 1.32501s
 INFO: Computing semblance for m0 = 8220
 INFO: Total execution time for kernels is 1.32492s
 INFO: Computing semblance for m0 = 8240
 INFO: Total execution time for kernels is 1.32592s
 INFO: Computing semblance for m0 = 8260
 INFO: Total execution time for kernels is 1.32593s
 INFO: Computing semblance for m0 = 8280
 INFO: Total execution time for kernels is 1.32719s
 INFO: Computing semblance for m0 = 8300
 INFO: Total execution time for kernels is 1.32737s
 INFO: Computing semblance for m0 = 8320
 INFO: Total execution time for kernels is 1.32764s
 INFO: Computing semblance for m0 = 8340
 INFO: Total execution time for kernels is 1.32851s
 INFO: Computing semblance for m0 = 8360
 INFO: Total execution time for kernels is 1.32741s
 INFO: Computing semblance for m0 = 8380
 INFO: Total execution time for kernels is 1.32783s
 INFO: Computing semblance for m0 = 8400
 INFO: Total execution time for kernels is 1.32851s
 INFO: Computing semblance for m0 = 8420
 INFO: Total execution time for kernels is 1.32968s
 INFO: Computing semblance for m0 = 8440
 INFO: Total execution time for kernels is 1.32904s
 INFO: Computing semblance for m0 = 8460
 INFO: Total execution time for kernels is 1.3298s
 INFO: Computing semblance for m0 = 8480
 INFO: Total execution time for kernels is 1.33095s
 INFO: Computing semblance for m0 = 8500
 INFO: Total execution time for kernels is 1.32977s
 INFO: Computing semblance for m0 = 8520
 INFO: Total execution time for kernels is 1.32997s
 INFO: Computing semblance for m0 = 8540
 INFO: Total execution time for kernels is 1.33012s
 INFO: Computing semblance for m0 = 8560
 INFO: Total execution time for kernels is 1.33003s
 INFO: Computing semblance for m0 = 8580
 INFO: Total execution time for kernels is 1.33309s
 INFO: Computing semblance for m0 = 8600
 INFO: Total execution time for kernels is 1.33216s
 INFO: Computing semblance for m0 = 8620
 INFO: Total execution time for kernels is 1.3334s
 INFO: Computing semblance for m0 = 8640
 INFO: Total execution time for kernels is 1.33546s
 INFO: Computing semblance for m0 = 8660
 INFO: Total execution time for kernels is 1.33464s
 INFO: Computing semblance for m0 = 8680
 INFO: Total execution time for kernels is 1.33309s
 INFO: Computing semblance for m0 = 8700
 INFO: Total execution time for kernels is 1.33565s
 INFO: Computing semblance for m0 = 8720
 INFO: Total execution time for kernels is 1.33583s
 INFO: Computing semblance for m0 = 8740
 INFO: Total execution time for kernels is 1.33595s
 INFO: Computing semblance for m0 = 8760
 INFO: Total execution time for kernels is 1.33542s
 INFO: Computing semblance for m0 = 8780
 INFO: Total execution time for kernels is 1.33746s
 INFO: Computing semblance for m0 = 8800
 INFO: Total execution time for kernels is 1.33859s
 INFO: Computing semblance for m0 = 8820
 INFO: Total execution time for kernels is 1.33787s
 INFO: Computing semblance for m0 = 8840
 INFO: Total execution time for kernels is 1.33992s
 INFO: Computing semblance for m0 = 8860
 INFO: Total execution time for kernels is 1.33981s
 INFO: Computing semblance for m0 = 8880
 INFO: Total execution time for kernels is 1.33983s
 INFO: Computing semblance for m0 = 8900
 INFO: Total execution time for kernels is 1.34279s
 INFO: Computing semblance for m0 = 8920
 INFO: Total execution time for kernels is 1.34204s
 INFO: Computing semblance for m0 = 8940
 INFO: Total execution time for kernels is 1.33759s
 INFO: Computing semblance for m0 = 8960
 INFO: Total execution time for kernels is 1.33537s
 INFO: Computing semblance for m0 = 8980
 INFO: Total execution time for kernels is 1.3262s
 INFO: Computing semblance for m0 = 9000
 INFO: Total execution time for kernels is 1.31922s
 INFO: Computing semblance for m0 = 9020
 INFO: Total execution time for kernels is 1.31052s
 INFO: Computing semblance for m0 = 9040
 INFO: Total execution time for kernels is 1.29809s
 INFO: Computing semblance for m0 = 9060
 INFO: Total execution time for kernels is 1.28523s
 INFO: Computing semblance for m0 = 9080
 INFO: Total execution time for kernels is 1.26931s
 INFO: Computing semblance for m0 = 9100
 INFO: Total execution time for kernels is 1.25135s
 INFO: Computing semblance for m0 = 9120
 INFO: Total execution time for kernels is 1.23384s
 INFO: Computing semblance for m0 = 9140
 INFO: Total execution time for kernels is 1.21127s
 INFO: Computing semblance for m0 = 9160
 INFO: Total execution time for kernels is 1.18909s
 INFO: Computing semblance for m0 = 9180
 INFO: Total execution time for kernels is 1.16225s
 INFO: Computing semblance for m0 = 9200
 INFO: Total execution time for kernels is 1.13619s
 INFO: Computing semblance for m0 = 9220
 INFO: Total execution time for kernels is 1.1051s
 INFO: Computing semblance for m0 = 9240
 INFO: Total execution time for kernels is 1.07945s
 INFO: Computing semblance for m0 = 9260
 INFO: Total execution time for kernels is 1.04866s
 INFO: Computing semblance for m0 = 9280
 INFO: Total execution time for kernels is 1.0212s
 INFO: Computing semblance for m0 = 9300
 INFO: Total execution time for kernels is 0.988668s
 INFO: Computing semblance for m0 = 9320
 INFO: Total execution time for kernels is 0.962604s
 INFO: Computing semblance for m0 = 9340
 INFO: Total execution time for kernels is 0.922334s
 INFO: Computing semblance for m0 = 9360
 INFO: Total execution time for kernels is 0.894421s
 INFO: Computing semblance for m0 = 9380
 INFO: Total execution time for kernels is 0.843206s
 INFO: Computing semblance for m0 = 9400
 INFO: Total execution time for kernels is 0.808594s
 INFO: Computing semblance for m0 = 9420
 INFO: Total execution time for kernels is 0.782778s
 INFO: Computing semblance for m0 = 9440
 INFO: Total execution time for kernels is 0.75626s
 INFO: Computing semblance for m0 = 9460
 INFO: Total execution time for kernels is 0.726032s
 INFO: Computing semblance for m0 = 9480
 INFO: Total execution time for kernels is 0.696492s
 INFO: Computing semblance for m0 = 9500
 INFO: Total execution time for kernels is 0.669181s
 INFO: Computing semblance for m0 = 9520
 INFO: Total execution time for kernels is 0.640788s
 INFO: Computing semblance for m0 = 9540
 INFO: Total execution time for kernels is 0.610675s
 INFO: Computing semblance for m0 = 9560
 INFO: Total execution time for kernels is 0.583257s
 INFO: Computing semblance for m0 = 9580
 INFO: Total execution time for kernels is 0.552156s
 INFO: Computing semblance for m0 = 9600
 INFO: Total execution time for kernels is 0.528014s
 INFO: Computing semblance for m0 = 9620
 INFO: Total execution time for kernels is 0.495834s
 INFO: Computing semblance for m0 = 9640
 INFO: Total execution time for kernels is 0.467007s
 INFO: Computing semblance for m0 = 9660
 INFO: Total execution time for kernels is 0.437505s
 INFO: Computing semblance for m0 = 9680
 INFO: Total execution time for kernels is 0.412069s
 INFO: Computing semblance for m0 = 9700
 INFO: Total execution time for kernels is 0.379763s
 INFO: Computing semblance for m0 = 9720
 INFO: Total execution time for kernels is 0.352464s
 INFO: Computing semblance for m0 = 9740
 INFO: Total execution time for kernels is 0.321967s
 INFO: Computing semblance for m0 = 9760
 INFO: Total execution time for kernels is 0.295817s
 INFO: Computing semblance for m0 = 9780
 INFO: Total execution time for kernels is 0.266561s
 INFO: Computing semblance for m0 = 9800
 INFO: Total execution time for kernels is 0.241278s
 INFO: Computing semblance for m0 = 9820
 INFO: Total execution time for kernels is 0.207625s
 INFO: Computing semblance for m0 = 9840
 INFO: Total execution time for kernels is 0.15932s
 INFO: Computing semblance for m0 = 9860
 INFO: Total execution time for kernels is 0.154174s
 INFO: Computing semblance for m0 = 9880
 INFO: Total execution time for kernels is 0.132478s
 INFO: Computing semblance for m0 = 9900
 INFO: Total execution time for kernels is 0.107846s
 INFO: Computing semblance for m0 = 9920
 INFO: Total execution time for kernels is 0.0890756s
 INFO: Computing semblance for m0 = 9940
 INFO: Total execution time for kernels is 0.0688143s
 INFO: Average of efficiency is 1
 INFO: Average of interpolations_per_sec is 1.22078e+11
 INFO: Average of selected_traces is 309.888
 INFO: Average of total_selection_kernel_exec_time is 0.00414231
 INFO: Average of total_kernel_exec_time is 1.20997
 INFO: Results written to /home/ubuntu/nfs/out/0447d1c_g4dn.xlarge/zocrs/greedy/cuda/simple-synthetic_1/simple-synthetic_greedy_zocrs_20210101_0206/
 INFO: It took 598.371s to compute.
