2020-12-30 19:01:06,421 - Thread-1 - WARNING - Error loading the list of task managers from the file ./nodes.txt
2020-12-30 19:01:06,421 - Thread-1 - WARNING - Error loading the list of task managers from the file ./nodes.txt
2020-12-30 19:01:06,422 - NetworkListener - INFO - Listening to network at 0.0.0.0:7726...
2020-12-30 19:01:06,422 - MainThread - INFO - Running module...
2020-12-30 19:01:06,422 - MainThread - INFO - Starting job manager JobManager-4603 for job 1...
2020-12-30 19:01:07,224 - Thread-2 - INFO - Job manager running...
2020-12-30 19:01:07,225 - MainThread - INFO - Starting committer for job 1...
2020-12-30 19:01:07,225 - Thread-2 - WARNING - Error loading the list of task managers from the file ./nodes.txt
2020-12-30 19:01:07,225 - Thread-2 - WARNING - Error loading the list of task managers from the file ./nodes.txt
2020-12-30 19:01:07,246 - Thread-3 - INFO - Committer running...
2020-12-30 19:01:07,246 - Thread-3 - WARNING - Error loading the list of task managers from the file ./nodes.txt
2020-12-30 19:01:07,246 - Thread-3 - WARNING - Error loading the list of task managers from the file ./nodes.txt
2020-12-30 19:01:09,227 - Thread-2 - WARNING - Error loading the list of task managers from the file ./nodes.txt
2020-12-30 19:01:09,248 - Thread-3 - WARNING - Error loading the list of task managers from the file ./nodes.txt
2020-12-30 19:01:11,230 - Thread-2 - WARNING - Error loading the list of task managers from the file ./nodes.txt
2020-12-30 19:01:11,251 - Thread-3 - WARNING - Error loading the list of task managers from the file ./nodes.txt
2020-12-30 19:01:13,232 - Thread-2 - WARNING - Error loading the list of task managers from the file ./nodes.txt
2020-12-30 19:01:13,252 - Thread-3 - WARNING - Error loading the list of task managers from the file ./nodes.txt
2020-12-30 19:01:15,235 - Thread-2 - WARNING - Error loading the list of task managers from the file ./nodes.txt
2020-12-30 19:01:15,254 - Thread-3 - WARNING - Error loading the list of task managers from the file ./nodes.txt
2020-12-30 19:01:16,431 - Thread-1 - WARNING - Error loading the list of task managers from the file ./nodes.txt
2020-12-30 19:01:17,237 - Thread-2 - WARNING - Error loading the list of task managers from the file ./nodes.txt
2020-12-30 19:01:17,257 - Thread-3 - WARNING - Error loading the list of task managers from the file ./nodes.txt
2020-12-30 19:01:19,240 - Thread-2 - WARNING - Error loading the list of task managers from the file ./nodes.txt
2020-12-30 19:01:19,259 - Thread-3 - WARNING - Error loading the list of task managers from the file ./nodes.txt
2020-12-30 19:01:21,242 - Thread-2 - WARNING - Error loading the list of task managers from the file ./nodes.txt
2020-12-30 19:01:21,260 - Thread-3 - WARNING - Error loading the list of task managers from the file ./nodes.txt
2020-12-30 19:01:23,244 - Thread-2 - WARNING - Error loading the list of task managers from the file ./nodes.txt
2020-12-30 19:01:23,262 - Thread-3 - WARNING - Error loading the list of task managers from the file ./nodes.txt
2020-12-30 19:01:25,247 - Thread-2 - WARNING - Error loading the list of task managers from the file ./nodes.txt
2020-12-30 19:01:25,265 - Thread-3 - WARNING - Error loading the list of task managers from the file ./nodes.txt
2020-12-30 19:01:26,277 - Thread-1 - WARNING - Error loading the list of task managers from the file ./nodes.txt
2020-12-30 19:01:27,249 - Thread-2 - WARNING - Error loading the list of task managers from the file ./nodes.txt
2020-12-30 19:01:27,267 - Thread-3 - WARNING - Error loading the list of task managers from the file ./nodes.txt
2020-12-30 19:01:29,252 - Thread-2 - WARNING - Error loading the list of task managers from the file ./nodes.txt
2020-12-30 19:01:29,268 - Thread-3 - WARNING - Error loading the list of task managers from the file ./nodes.txt
2020-12-30 19:01:31,254 - Thread-2 - WARNING - Error loading the list of task managers from the file ./nodes.txt
2020-12-30 19:01:31,270 - Thread-3 - WARNING - Error loading the list of task managers from the file ./nodes.txt
2020-12-30 19:01:33,257 - Thread-2 - WARNING - Error loading the list of task managers from the file ./nodes.txt
2020-12-30 19:01:33,272 - Thread-3 - WARNING - Error loading the list of task managers from the file ./nodes.txt
2020-12-30 19:01:35,259 - Thread-2 - WARNING - Error loading the list of task managers from the file ./nodes.txt
2020-12-30 19:01:35,275 - Thread-3 - WARNING - Error loading the list of task managers from the file ./nodes.txt
2020-12-30 19:01:36,283 - Thread-1 - WARNING - Error loading the list of task managers from the file ./nodes.txt
2020-12-30 19:01:37,262 - Thread-2 - WARNING - Error loading the list of task managers from the file ./nodes.txt
2020-12-30 19:01:37,277 - Thread-3 - WARNING - Error loading the list of task managers from the file ./nodes.txt
2020-12-30 19:01:39,273 - Thread-2 - WARNING - Error loading the list of task managers from the file ./nodes.txt
2020-12-30 19:01:39,284 - Thread-3 - WARNING - Error loading the list of task managers from the file ./nodes.txt
2020-12-30 19:01:41,286 - Thread-2 - WARNING - Error loading the list of task managers from the file ./nodes.txt
2020-12-30 19:01:41,299 - Thread-3 - WARNING - Error loading the list of task managers from the file ./nodes.txt
2020-12-30 19:01:43,302 - Thread-2 - WARNING - Error loading the list of task managers from the file ./nodes.txt
2020-12-30 19:01:43,314 - Thread-3 - WARNING - Error loading the list of task managers from the file ./nodes.txt
2020-12-30 19:01:45,314 - Thread-2 - WARNING - Error loading the list of task managers from the file ./nodes.txt
2020-12-30 19:01:45,328 - Thread-3 - WARNING - Error loading the list of task managers from the file ./nodes.txt
2020-12-30 19:01:46,293 - Thread-1 - WARNING - Error loading the list of task managers from the file ./nodes.txt
2020-12-30 19:01:47,325 - Thread-2 - WARNING - Error loading the list of task managers from the file ./nodes.txt
2020-12-30 19:01:47,342 - Thread-3 - WARNING - Error loading the list of task managers from the file ./nodes.txt
2020-12-30 19:01:49,339 - Thread-2 - WARNING - Error loading the list of task managers from the file ./nodes.txt
2020-12-30 19:01:49,356 - Thread-3 - WARNING - Error loading the list of task managers from the file ./nodes.txt
2020-12-30 19:01:51,351 - Thread-2 - WARNING - Error loading the list of task managers from the file ./nodes.txt
2020-12-30 19:01:51,370 - Thread-3 - WARNING - Error loading the list of task managers from the file ./nodes.txt
2020-12-30 19:01:53,362 - Thread-2 - WARNING - Error loading the list of task managers from the file ./nodes.txt
2020-12-30 19:01:53,385 - Thread-3 - WARNING - Error loading the list of task managers from the file ./nodes.txt
2020-12-30 19:01:55,374 - Thread-2 - WARNING - Error loading the list of task managers from the file ./nodes.txt
2020-12-30 19:01:55,399 - Thread-3 - WARNING - Error loading the list of task managers from the file ./nodes.txt
2020-12-30 19:01:56,276 - Thread-1 - WARNING - Error loading the list of task managers from the file ./nodes.txt
2020-12-30 19:01:57,385 - Thread-2 - WARNING - Error loading the list of task managers from the file ./nodes.txt
2020-12-30 19:01:57,412 - Thread-3 - WARNING - Error loading the list of task managers from the file ./nodes.txt
2020-12-30 19:01:59,400 - Thread-2 - WARNING - Error loading the list of task managers from the file ./nodes.txt
2020-12-30 19:01:59,426 - Thread-3 - WARNING - Error loading the list of task managers from the file ./nodes.txt
2020-12-30 19:02:01,411 - Thread-2 - WARNING - Error loading the list of task managers from the file ./nodes.txt
2020-12-30 19:02:01,444 - Thread-3 - WARNING - Error loading the list of task managers from the file ./nodes.txt
2020-12-30 19:02:03,423 - Thread-2 - WARNING - Error loading the list of task managers from the file ./nodes.txt
2020-12-30 19:02:03,458 - Thread-3 - WARNING - Error loading the list of task managers from the file ./nodes.txt
2020-12-30 19:02:05,434 - Thread-2 - WARNING - Error loading the list of task managers from the file ./nodes.txt
2020-12-30 19:02:05,472 - Thread-3 - WARNING - Error loading the list of task managers from the file ./nodes.txt
2020-12-30 19:02:06,256 - Thread-1 - WARNING - Error loading the list of task managers from the file ./nodes.txt
2020-12-30 19:02:07,447 - Thread-2 - WARNING - Error loading the list of task managers from the file ./nodes.txt
2020-12-30 19:02:07,487 - Thread-3 - WARNING - Error loading the list of task managers from the file ./nodes.txt
2020-12-30 19:02:09,460 - Thread-2 - WARNING - Error loading the list of task managers from the file ./nodes.txt
2020-12-30 19:02:09,501 - Thread-3 - WARNING - Error loading the list of task managers from the file ./nodes.txt
2020-12-30 19:02:11,472 - Thread-2 - WARNING - Error loading the list of task managers from the file ./nodes.txt
2020-12-30 19:02:11,518 - Thread-3 - WARNING - Error loading the list of task managers from the file ./nodes.txt
2020-12-30 19:02:13,484 - Thread-2 - WARNING - Error loading the list of task managers from the file ./nodes.txt
2020-12-30 19:02:13,533 - Thread-3 - WARNING - Error loading the list of task managers from the file ./nodes.txt
2020-12-30 19:02:15,496 - Thread-2 - WARNING - Error loading the list of task managers from the file ./nodes.txt
2020-12-30 19:02:15,547 - Thread-3 - WARNING - Error loading the list of task managers from the file ./nodes.txt
2020-12-30 19:02:16,236 - Thread-1 - WARNING - Error loading the list of task managers from the file ./nodes.txt
2020-12-30 19:02:17,507 - Thread-2 - WARNING - Error loading the list of task managers from the file ./nodes.txt
2020-12-30 19:02:17,562 - Thread-3 - WARNING - Error loading the list of task managers from the file ./nodes.txt
2020-12-30 19:02:19,526 - Thread-2 - WARNING - Error loading the list of task managers from the file ./nodes.txt
2020-12-30 19:02:19,586 - Thread-3 - WARNING - Error loading the list of task managers from the file ./nodes.txt
2020-12-30 19:02:21,537 - Thread-2 - WARNING - Error loading the list of task managers from the file ./nodes.txt
2020-12-30 19:02:21,601 - Thread-3 - WARNING - Error loading the list of task managers from the file ./nodes.txt
2020-12-30 19:02:23,549 - Thread-2 - WARNING - Error loading the list of task managers from the file ./nodes.txt
2020-12-30 19:02:23,616 - Thread-3 - WARNING - Error loading the list of task managers from the file ./nodes.txt
2020-12-30 19:02:25,560 - Thread-2 - WARNING - Error loading the list of task managers from the file ./nodes.txt
2020-12-30 19:02:25,630 - Thread-3 - WARNING - Error loading the list of task managers from the file ./nodes.txt
2020-12-30 19:02:26,215 - Thread-1 - WARNING - Error loading the list of task managers from the file ./nodes.txt
2020-12-30 19:02:27,571 - Thread-2 - WARNING - Error loading the list of task managers from the file ./nodes.txt
2020-12-30 19:02:27,645 - Thread-3 - WARNING - Error loading the list of task managers from the file ./nodes.txt
2020-12-30 19:02:29,583 - Thread-2 - WARNING - Error loading the list of task managers from the file ./nodes.txt
2020-12-30 19:02:29,661 - Thread-3 - WARNING - Error loading the list of task managers from the file ./nodes.txt
2020-12-30 19:02:31,595 - Thread-2 - WARNING - Error loading the list of task managers from the file ./nodes.txt
2020-12-30 19:02:31,676 - Thread-3 - WARNING - Error loading the list of task managers from the file ./nodes.txt
2020-12-30 19:02:33,606 - Thread-2 - WARNING - Error loading the list of task managers from the file ./nodes.txt
2020-12-30 19:02:33,691 - Thread-3 - WARNING - Error loading the list of task managers from the file ./nodes.txt
2020-12-30 19:02:35,617 - Thread-2 - WARNING - Error loading the list of task managers from the file ./nodes.txt
2020-12-30 19:02:35,706 - Thread-3 - WARNING - Error loading the list of task managers from the file ./nodes.txt
2020-12-30 19:02:36,194 - Thread-1 - WARNING - Error loading the list of task managers from the file ./nodes.txt
2020-12-30 19:02:37,633 - Thread-2 - WARNING - Error loading the list of task managers from the file ./nodes.txt
2020-12-30 19:02:37,721 - Thread-3 - WARNING - Error loading the list of task managers from the file ./nodes.txt
2020-12-30 19:02:39,644 - Thread-2 - WARNING - Error loading the list of task managers from the file ./nodes.txt
2020-12-30 19:02:39,737 - Thread-3 - WARNING - Error loading the list of task managers from the file ./nodes.txt
2020-12-30 19:02:41,656 - Thread-2 - WARNING - Error loading the list of task managers from the file ./nodes.txt
2020-12-30 19:02:41,752 - Thread-3 - WARNING - Error loading the list of task managers from the file ./nodes.txt
2020-12-30 19:02:43,668 - Thread-2 - WARNING - Error loading the list of task managers from the file ./nodes.txt
2020-12-30 19:02:43,768 - Thread-3 - WARNING - Error loading the list of task managers from the file ./nodes.txt
2020-12-30 19:02:45,679 - Thread-2 - WARNING - Error loading the list of task managers from the file ./nodes.txt
2020-12-30 19:02:45,783 - Thread-3 - WARNING - Error loading the list of task managers from the file ./nodes.txt
2020-12-30 19:02:46,173 - Thread-1 - WARNING - Error loading the list of task managers from the file ./nodes.txt
2020-12-30 19:02:47,691 - Thread-2 - WARNING - Error loading the list of task managers from the file ./nodes.txt
2020-12-30 19:02:47,798 - Thread-3 - WARNING - Error loading the list of task managers from the file ./nodes.txt
2020-12-30 19:02:49,702 - Thread-2 - WARNING - Error loading the list of task managers from the file ./nodes.txt
2020-12-30 19:02:49,813 - Thread-3 - WARNING - Error loading the list of task managers from the file ./nodes.txt
2020-12-30 19:02:51,714 - Thread-2 - WARNING - Error loading the list of task managers from the file ./nodes.txt
2020-12-30 19:02:51,828 - Thread-3 - WARNING - Error loading the list of task managers from the file ./nodes.txt
2020-12-30 19:02:53,725 - Thread-2 - WARNING - Error loading the list of task managers from the file ./nodes.txt
2020-12-30 19:02:53,843 - Thread-3 - WARNING - Error loading the list of task managers from the file ./nodes.txt
2020-12-30 19:02:55,736 - Thread-2 - WARNING - Error loading the list of task managers from the file ./nodes.txt
2020-12-30 19:02:55,858 - Thread-3 - WARNING - Error loading the list of task managers from the file ./nodes.txt
2020-12-30 19:02:56,151 - Thread-1 - WARNING - Error loading the list of task managers from the file ./nodes.txt
2020-12-30 19:02:57,747 - Thread-2 - WARNING - Error loading the list of task managers from the file ./nodes.txt
2020-12-30 19:02:57,874 - Thread-3 - WARNING - Error loading the list of task managers from the file ./nodes.txt
2020-12-30 19:02:59,759 - Thread-2 - WARNING - Error loading the list of task managers from the file ./nodes.txt
2020-12-30 19:02:59,889 - Thread-3 - WARNING - Error loading the list of task managers from the file ./nodes.txt
2020-12-30 19:03:01,770 - Thread-2 - WARNING - Error loading the list of task managers from the file ./nodes.txt
2020-12-30 19:03:01,904 - Thread-3 - WARNING - Error loading the list of task managers from the file ./nodes.txt
2020-12-30 19:03:03,787 - Thread-2 - WARNING - Error loading the list of task managers from the file ./nodes.txt
2020-12-30 19:03:03,920 - Thread-3 - WARNING - Error loading the list of task managers from the file ./nodes.txt
2020-12-30 19:03:05,799 - Thread-2 - WARNING - Error loading the list of task managers from the file ./nodes.txt
2020-12-30 19:03:05,935 - Thread-3 - WARNING - Error loading the list of task managers from the file ./nodes.txt
2020-12-30 19:03:06,129 - Thread-1 - WARNING - Error loading the list of task managers from the file ./nodes.txt
2020-12-30 19:03:07,811 - Thread-2 - WARNING - Error loading the list of task managers from the file ./nodes.txt
2020-12-30 19:03:07,950 - Thread-3 - WARNING - Error loading the list of task managers from the file ./nodes.txt
2020-12-30 19:03:09,822 - Thread-2 - WARNING - Error loading the list of task managers from the file ./nodes.txt
2020-12-30 19:03:09,965 - Thread-3 - WARNING - Error loading the list of task managers from the file ./nodes.txt
2020-12-30 19:03:11,834 - Thread-2 - WARNING - Error loading the list of task managers from the file ./nodes.txt
2020-12-30 19:03:11,981 - Thread-3 - WARNING - Error loading the list of task managers from the file ./nodes.txt
2020-12-30 19:03:13,845 - Thread-2 - WARNING - Error loading the list of task managers from the file ./nodes.txt
2020-12-30 19:03:13,996 - Thread-3 - WARNING - Error loading the list of task managers from the file ./nodes.txt
2020-12-30 19:03:15,857 - Thread-2 - WARNING - Error loading the list of task managers from the file ./nodes.txt
2020-12-30 19:03:16,011 - Thread-3 - WARNING - Error loading the list of task managers from the file ./nodes.txt
2020-12-30 19:03:16,108 - Thread-1 - WARNING - Error loading the list of task managers from the file ./nodes.txt
2020-12-30 19:03:17,868 - Thread-2 - WARNING - Error loading the list of task managers from the file ./nodes.txt
2020-12-30 19:03:18,027 - Thread-3 - WARNING - Error loading the list of task managers from the file ./nodes.txt
2020-12-30 19:03:19,879 - Thread-2 - WARNING - Error loading the list of task managers from the file ./nodes.txt
2020-12-30 19:03:20,040 - Thread-3 - WARNING - Error loading the list of task managers from the file ./nodes.txt
2020-12-30 19:03:21,890 - Thread-2 - WARNING - Error loading the list of task managers from the file ./nodes.txt
2020-12-30 19:03:22,055 - Thread-3 - WARNING - Error loading the list of task managers from the file ./nodes.txt
2020-12-30 19:03:23,902 - Thread-2 - WARNING - Error loading the list of task managers from the file ./nodes.txt
2020-12-30 19:03:24,070 - Thread-3 - WARNING - Error loading the list of task managers from the file ./nodes.txt
2020-12-30 19:03:25,913 - Thread-2 - WARNING - Error loading the list of task managers from the file ./nodes.txt
2020-12-30 19:03:26,085 - Thread-1 - WARNING - Error loading the list of task managers from the file ./nodes.txt
2020-12-30 19:03:26,085 - Thread-3 - WARNING - Error loading the list of task managers from the file ./nodes.txt
2020-12-30 19:03:27,924 - Thread-2 - WARNING - Error loading the list of task managers from the file ./nodes.txt
2020-12-30 19:03:28,101 - Thread-3 - WARNING - Error loading the list of task managers from the file ./nodes.txt
2020-12-30 19:03:29,935 - Thread-2 - WARNING - Error loading the list of task managers from the file ./nodes.txt
2020-12-30 19:03:30,117 - Thread-3 - WARNING - Error loading the list of task managers from the file ./nodes.txt
2020-12-30 19:03:31,947 - Thread-2 - WARNING - Error loading the list of task managers from the file ./nodes.txt
2020-12-30 19:03:32,133 - Thread-3 - WARNING - Error loading the list of task managers from the file ./nodes.txt
2020-12-30 19:03:33,958 - Thread-2 - WARNING - Error loading the list of task managers from the file ./nodes.txt
2020-12-30 19:03:34,148 - Thread-3 - WARNING - Error loading the list of task managers from the file ./nodes.txt
2020-12-30 19:03:35,970 - Thread-2 - WARNING - Error loading the list of task managers from the file ./nodes.txt
2020-12-30 19:03:36,068 - Thread-1 - WARNING - Error loading the list of task managers from the file ./nodes.txt
2020-12-30 19:03:36,162 - Thread-3 - WARNING - Error loading the list of task managers from the file ./nodes.txt
2020-12-30 19:03:37,981 - Thread-2 - WARNING - Error loading the list of task managers from the file ./nodes.txt
2020-12-30 19:03:38,178 - Thread-3 - WARNING - Error loading the list of task managers from the file ./nodes.txt
2020-12-30 19:03:39,992 - Thread-2 - WARNING - Error loading the list of task managers from the file ./nodes.txt
2020-12-30 19:03:40,193 - Thread-3 - WARNING - Error loading the list of task managers from the file ./nodes.txt
2020-12-30 19:03:42,009 - Thread-2 - WARNING - Error loading the list of task managers from the file ./nodes.txt
2020-12-30 19:03:42,209 - Thread-3 - WARNING - Error loading the list of task managers from the file ./nodes.txt
2020-12-30 19:03:44,020 - Thread-2 - WARNING - Error loading the list of task managers from the file ./nodes.txt
2020-12-30 19:03:44,225 - Thread-3 - WARNING - Error loading the list of task managers from the file ./nodes.txt
2020-12-30 19:03:46,032 - Thread-2 - WARNING - Error loading the list of task managers from the file ./nodes.txt
2020-12-30 19:03:46,044 - Thread-1 - WARNING - Error loading the list of task managers from the file ./nodes.txt
2020-12-30 19:03:46,241 - Thread-3 - WARNING - Error loading the list of task managers from the file ./nodes.txt
2020-12-30 19:03:48,043 - Thread-2 - WARNING - Error loading the list of task managers from the file ./nodes.txt
2020-12-30 19:03:48,256 - Thread-3 - WARNING - Error loading the list of task managers from the file ./nodes.txt
2020-12-30 19:03:50,054 - Thread-2 - WARNING - Error loading the list of task managers from the file ./nodes.txt
2020-12-30 19:03:50,274 - Thread-3 - WARNING - Error loading the list of task managers from the file ./nodes.txt
2020-12-30 19:03:52,066 - Thread-2 - WARNING - Error loading the list of task managers from the file ./nodes.txt
2020-12-30 19:03:52,289 - Thread-3 - WARNING - Error loading the list of task managers from the file ./nodes.txt
2020-12-30 19:03:54,079 - Thread-2 - WARNING - Error loading the list of task managers from the file ./nodes.txt
2020-12-30 19:03:54,305 - Thread-3 - WARNING - Error loading the list of task managers from the file ./nodes.txt
2020-12-30 19:03:56,027 - Thread-1 - WARNING - Error loading the list of task managers from the file ./nodes.txt
2020-12-30 19:03:56,090 - Thread-2 - WARNING - Error loading the list of task managers from the file ./nodes.txt
2020-12-30 19:03:56,323 - Thread-3 - WARNING - Error loading the list of task managers from the file ./nodes.txt
2020-12-30 19:03:58,101 - Thread-2 - WARNING - Error loading the list of task managers from the file ./nodes.txt
2020-12-30 19:03:58,338 - Thread-3 - WARNING - Error loading the list of task managers from the file ./nodes.txt
2020-12-30 19:04:00,112 - Thread-2 - WARNING - Error loading the list of task managers from the file ./nodes.txt
2020-12-30 19:04:00,353 - Thread-3 - WARNING - Error loading the list of task managers from the file ./nodes.txt
2020-12-30 19:04:02,123 - Thread-2 - WARNING - Error loading the list of task managers from the file ./nodes.txt
2020-12-30 19:04:02,368 - Thread-3 - WARNING - Error loading the list of task managers from the file ./nodes.txt
2020-12-30 19:04:04,135 - Thread-2 - WARNING - Error loading the list of task managers from the file ./nodes.txt
2020-12-30 19:04:04,383 - Thread-3 - WARNING - Error loading the list of task managers from the file ./nodes.txt
2020-12-30 19:04:06,006 - Thread-1 - WARNING - Error loading the list of task managers from the file ./nodes.txt
2020-12-30 19:04:06,146 - Thread-2 - WARNING - Error loading the list of task managers from the file ./nodes.txt
2020-12-30 19:04:06,455 - Thread-3 - WARNING - Error loading the list of task managers from the file ./nodes.txt
2020-12-30 19:04:08,157 - Thread-2 - WARNING - Error loading the list of task managers from the file ./nodes.txt
2020-12-30 19:04:08,470 - Thread-3 - WARNING - Error loading the list of task managers from the file ./nodes.txt
2020-12-30 19:04:10,169 - Thread-2 - WARNING - Error loading the list of task managers from the file ./nodes.txt
2020-12-30 19:04:10,486 - Thread-3 - WARNING - Error loading the list of task managers from the file ./nodes.txt
2020-12-30 19:04:12,182 - Thread-2 - WARNING - Error loading the list of task managers from the file ./nodes.txt
2020-12-30 19:04:12,502 - Thread-3 - WARNING - Error loading the list of task managers from the file ./nodes.txt
2020-12-30 19:04:14,193 - Thread-2 - WARNING - Error loading the list of task managers from the file ./nodes.txt
2020-12-30 19:04:14,517 - Thread-3 - WARNING - Error loading the list of task managers from the file ./nodes.txt
2020-12-30 19:04:15,985 - Thread-1 - WARNING - Error loading the list of task managers from the file ./nodes.txt
2020-12-30 19:04:16,204 - Thread-2 - WARNING - Error loading the list of task managers from the file ./nodes.txt
2020-12-30 19:04:16,532 - Thread-3 - WARNING - Error loading the list of task managers from the file ./nodes.txt
2020-12-30 19:04:18,215 - Thread-2 - WARNING - Error loading the list of task managers from the file ./nodes.txt
2020-12-30 19:04:18,548 - Thread-3 - WARNING - Error loading the list of task managers from the file ./nodes.txt
2020-12-30 19:04:20,227 - Thread-2 - WARNING - Error loading the list of task managers from the file ./nodes.txt
2020-12-30 19:04:20,595 - Thread-3 - WARNING - Error loading the list of task managers from the file ./nodes.txt
2020-12-30 19:04:22,239 - Thread-2 - WARNING - Error loading the list of task managers from the file ./nodes.txt
2020-12-30 19:04:22,610 - Thread-3 - WARNING - Error loading the list of task managers from the file ./nodes.txt
2020-12-30 19:04:24,250 - Thread-2 - WARNING - Error loading the list of task managers from the file ./nodes.txt
2020-12-30 19:04:24,626 - Thread-3 - WARNING - Error loading the list of task managers from the file ./nodes.txt
2020-12-30 19:04:25,963 - Thread-1 - WARNING - Error loading the list of task managers from the file ./nodes.txt
2020-12-30 19:04:26,261 - Thread-2 - WARNING - Error loading the list of task managers from the file ./nodes.txt
2020-12-30 19:04:26,642 - Thread-3 - WARNING - Error loading the list of task managers from the file ./nodes.txt
2020-12-30 19:04:28,273 - Thread-2 - WARNING - Error loading the list of task managers from the file ./nodes.txt
2020-12-30 19:04:28,657 - Thread-3 - WARNING - Error loading the list of task managers from the file ./nodes.txt
2020-12-30 19:04:30,284 - Thread-2 - WARNING - Error loading the list of task managers from the file ./nodes.txt
2020-12-30 19:04:30,672 - Thread-3 - WARNING - Error loading the list of task managers from the file ./nodes.txt
2020-12-30 19:04:32,295 - Thread-2 - WARNING - Error loading the list of task managers from the file ./nodes.txt
2020-12-30 19:04:32,691 - Thread-3 - WARNING - Error loading the list of task managers from the file ./nodes.txt
2020-12-30 19:04:34,307 - Thread-2 - WARNING - Error loading the list of task managers from the file ./nodes.txt
2020-12-30 19:04:34,707 - Thread-3 - WARNING - Error loading the list of task managers from the file ./nodes.txt
2020-12-30 19:04:35,936 - Thread-1 - WARNING - Error loading the list of task managers from the file ./nodes.txt
2020-12-30 19:04:36,318 - Thread-2 - WARNING - Error loading the list of task managers from the file ./nodes.txt
2020-12-30 19:04:36,722 - Thread-3 - WARNING - Error loading the list of task managers from the file ./nodes.txt
2020-12-30 19:04:38,329 - Thread-2 - WARNING - Error loading the list of task managers from the file ./nodes.txt
2020-12-30 19:04:38,737 - Thread-3 - WARNING - Error loading the list of task managers from the file ./nodes.txt
2020-12-30 19:04:40,340 - Thread-2 - WARNING - Error loading the list of task managers from the file ./nodes.txt
2020-12-30 19:04:40,752 - Thread-3 - WARNING - Error loading the list of task managers from the file ./nodes.txt
2020-12-30 19:04:42,352 - Thread-2 - WARNING - Error loading the list of task managers from the file ./nodes.txt
2020-12-30 19:04:42,767 - Thread-3 - WARNING - Error loading the list of task managers from the file ./nodes.txt
2020-12-30 19:04:44,363 - Thread-2 - WARNING - Error loading the list of task managers from the file ./nodes.txt
2020-12-30 19:04:44,783 - Thread-3 - WARNING - Error loading the list of task managers from the file ./nodes.txt
2020-12-30 19:04:45,922 - Thread-1 - WARNING - Error loading the list of task managers from the file ./nodes.txt
2020-12-30 19:04:46,374 - Thread-2 - WARNING - Error loading the list of task managers from the file ./nodes.txt
2020-12-30 19:04:46,798 - Thread-3 - WARNING - Error loading the list of task managers from the file ./nodes.txt
2020-12-30 19:04:48,457 - Thread-2 - WARNING - Error loading the list of task managers from the file ./nodes.txt
2020-12-30 19:04:48,813 - Thread-3 - WARNING - Error loading the list of task managers from the file ./nodes.txt
2020-12-30 19:04:50,469 - Thread-2 - WARNING - Error loading the list of task managers from the file ./nodes.txt
2020-12-30 19:04:50,833 - Thread-3 - WARNING - Error loading the list of task managers from the file ./nodes.txt
2020-12-30 19:04:52,481 - Thread-2 - WARNING - Error loading the list of task managers from the file ./nodes.txt
2020-12-30 19:04:52,848 - Thread-3 - WARNING - Error loading the list of task managers from the file ./nodes.txt
2020-12-30 19:04:54,493 - Thread-2 - WARNING - Error loading the list of task managers from the file ./nodes.txt
2020-12-30 19:04:54,863 - Thread-3 - WARNING - Error loading the list of task managers from the file ./nodes.txt
2020-12-30 19:04:55,901 - Thread-1 - WARNING - Error loading the list of task managers from the file ./nodes.txt
2020-12-30 19:04:56,504 - Thread-2 - WARNING - Error loading the list of task managers from the file ./nodes.txt
2020-12-30 19:04:56,879 - Thread-3 - WARNING - Error loading the list of task managers from the file ./nodes.txt
2020-12-30 19:04:58,515 - Thread-2 - WARNING - Error loading the list of task managers from the file ./nodes.txt
2020-12-30 19:04:58,894 - Thread-3 - WARNING - Error loading the list of task managers from the file ./nodes.txt
2020-12-30 19:05:00,526 - Thread-2 - WARNING - Error loading the list of task managers from the file ./nodes.txt
2020-12-30 19:05:00,910 - Thread-3 - WARNING - Error loading the list of task managers from the file ./nodes.txt
2020-12-30 19:05:02,537 - Thread-2 - WARNING - Error loading the list of task managers from the file ./nodes.txt
2020-12-30 19:05:02,924 - Thread-3 - WARNING - Error loading the list of task managers from the file ./nodes.txt
2020-12-30 19:05:04,549 - Thread-2 - WARNING - Error loading the list of task managers from the file ./nodes.txt
2020-12-30 19:05:04,940 - Thread-3 - WARNING - Error loading the list of task managers from the file ./nodes.txt
2020-12-30 19:05:05,879 - Thread-1 - WARNING - Error loading the list of task managers from the file ./nodes.txt
2020-12-30 19:05:06,560 - Thread-2 - WARNING - Error loading the list of task managers from the file ./nodes.txt
2020-12-30 19:05:06,955 - Thread-3 - WARNING - Error loading the list of task managers from the file ./nodes.txt
2020-12-30 19:05:08,572 - Thread-2 - WARNING - Error loading the list of task managers from the file ./nodes.txt
2020-12-30 19:05:08,976 - Thread-3 - WARNING - Error loading the list of task managers from the file ./nodes.txt
2020-12-30 19:05:10,583 - Thread-2 - WARNING - Error loading the list of task managers from the file ./nodes.txt
2020-12-30 19:05:10,994 - Thread-3 - WARNING - Error loading the list of task managers from the file ./nodes.txt
2020-12-30 19:05:12,595 - Thread-2 - WARNING - Error loading the list of task managers from the file ./nodes.txt
2020-12-30 19:05:13,009 - Thread-3 - WARNING - Error loading the list of task managers from the file ./nodes.txt
2020-12-30 19:05:14,609 - Thread-2 - WARNING - Error loading the list of task managers from the file ./nodes.txt
2020-12-30 19:05:15,024 - Thread-3 - WARNING - Error loading the list of task managers from the file ./nodes.txt
2020-12-30 19:05:15,857 - Thread-1 - WARNING - Error loading the list of task managers from the file ./nodes.txt
2020-12-30 19:05:16,620 - Thread-2 - WARNING - Error loading the list of task managers from the file ./nodes.txt
2020-12-30 19:05:17,040 - Thread-3 - WARNING - Error loading the list of task managers from the file ./nodes.txt
2020-12-30 19:05:18,632 - Thread-2 - WARNING - Error loading the list of task managers from the file ./nodes.txt
2020-12-30 19:05:19,055 - Thread-3 - WARNING - Error loading the list of task managers from the file ./nodes.txt
2020-12-30 19:05:20,645 - Thread-2 - WARNING - Error loading the list of task managers from the file ./nodes.txt
2020-12-30 19:05:21,071 - Thread-3 - WARNING - Error loading the list of task managers from the file ./nodes.txt
2020-12-30 19:05:22,662 - Thread-2 - WARNING - Error loading the list of task managers from the file ./nodes.txt
2020-12-30 19:05:23,086 - Thread-3 - WARNING - Error loading the list of task managers from the file ./nodes.txt
2020-12-30 19:05:24,674 - Thread-2 - WARNING - Error loading the list of task managers from the file ./nodes.txt
2020-12-30 19:05:25,102 - Thread-3 - WARNING - Error loading the list of task managers from the file ./nodes.txt
2020-12-30 19:05:25,834 - Thread-1 - WARNING - Error loading the list of task managers from the file ./nodes.txt
2020-12-30 19:05:26,685 - Thread-2 - WARNING - Error loading the list of task managers from the file ./nodes.txt
2020-12-30 19:05:27,117 - Thread-3 - WARNING - Error loading the list of task managers from the file ./nodes.txt
2020-12-30 19:05:28,699 - Thread-2 - WARNING - Error loading the list of task managers from the file ./nodes.txt
2020-12-30 19:05:29,132 - Thread-3 - WARNING - Error loading the list of task managers from the file ./nodes.txt
2020-12-30 19:05:30,712 - Thread-2 - WARNING - Error loading the list of task managers from the file ./nodes.txt
2020-12-30 19:05:31,155 - Thread-3 - WARNING - Error loading the list of task managers from the file ./nodes.txt
2020-12-30 19:05:32,724 - Thread-2 - WARNING - Error loading the list of task managers from the file ./nodes.txt
2020-12-30 19:05:33,170 - Thread-3 - WARNING - Error loading the list of task managers from the file ./nodes.txt
2020-12-30 19:05:34,735 - Thread-2 - WARNING - Error loading the list of task managers from the file ./nodes.txt
2020-12-30 19:05:35,193 - Thread-3 - WARNING - Error loading the list of task managers from the file ./nodes.txt
2020-12-30 19:05:35,812 - Thread-1 - WARNING - Error loading the list of task managers from the file ./nodes.txt
2020-12-30 19:05:36,746 - Thread-2 - WARNING - Error loading the list of task managers from the file ./nodes.txt
2020-12-30 19:05:37,209 - Thread-3 - WARNING - Error loading the list of task managers from the file ./nodes.txt
2020-12-30 19:05:38,757 - Thread-2 - WARNING - Error loading the list of task managers from the file ./nodes.txt
2020-12-30 19:05:39,224 - Thread-3 - WARNING - Error loading the list of task managers from the file ./nodes.txt
2020-12-30 19:05:40,769 - Thread-2 - WARNING - Error loading the list of task managers from the file ./nodes.txt
2020-12-30 19:05:41,239 - Thread-3 - WARNING - Error loading the list of task managers from the file ./nodes.txt
2020-12-30 19:05:42,782 - Thread-2 - WARNING - Error loading the list of task managers from the file ./nodes.txt
2020-12-30 19:05:43,254 - Thread-3 - WARNING - Error loading the list of task managers from the file ./nodes.txt
2020-12-30 19:05:44,793 - Thread-2 - WARNING - Error loading the list of task managers from the file ./nodes.txt
2020-12-30 19:05:45,270 - Thread-3 - WARNING - Error loading the list of task managers from the file ./nodes.txt
2020-12-30 19:05:45,790 - Thread-1 - WARNING - Error loading the list of task managers from the file ./nodes.txt
2020-12-30 19:05:46,805 - Thread-2 - WARNING - Error loading the list of task managers from the file ./nodes.txt
2020-12-30 19:05:47,285 - Thread-3 - WARNING - Error loading the list of task managers from the file ./nodes.txt
2020-12-30 19:05:48,816 - Thread-2 - WARNING - Error loading the list of task managers from the file ./nodes.txt
2020-12-30 19:05:49,309 - Thread-3 - WARNING - Error loading the list of task managers from the file ./nodes.txt
2020-12-30 19:05:50,829 - Thread-2 - WARNING - Error loading the list of task managers from the file ./nodes.txt
2020-12-30 19:05:51,325 - Thread-3 - WARNING - Error loading the list of task managers from the file ./nodes.txt
2020-12-30 19:05:52,841 - Thread-2 - WARNING - Error loading the list of task managers from the file ./nodes.txt
2020-12-30 19:05:53,341 - Thread-3 - WARNING - Error loading the list of task managers from the file ./nodes.txt
2020-12-30 19:05:54,852 - Thread-2 - WARNING - Error loading the list of task managers from the file ./nodes.txt
2020-12-30 19:05:55,356 - Thread-3 - WARNING - Error loading the list of task managers from the file ./nodes.txt
2020-12-30 19:05:55,769 - Thread-1 - WARNING - Error loading the list of task managers from the file ./nodes.txt
2020-12-30 19:05:56,863 - Thread-2 - WARNING - Error loading the list of task managers from the file ./nodes.txt
2020-12-30 19:05:57,373 - Thread-3 - WARNING - Error loading the list of task managers from the file ./nodes.txt
2020-12-30 19:05:58,875 - Thread-2 - WARNING - Error loading the list of task managers from the file ./nodes.txt
2020-12-30 19:05:59,389 - Thread-3 - WARNING - Error loading the list of task managers from the file ./nodes.txt
2020-12-30 19:06:00,886 - Thread-2 - WARNING - Error loading the list of task managers from the file ./nodes.txt
2020-12-30 19:06:01,404 - Thread-3 - WARNING - Error loading the list of task managers from the file ./nodes.txt
2020-12-30 19:06:02,897 - Thread-2 - WARNING - Error loading the list of task managers from the file ./nodes.txt
2020-12-30 19:06:03,420 - Thread-3 - WARNING - Error loading the list of task managers from the file ./nodes.txt
2020-12-30 19:06:04,909 - Thread-2 - WARNING - Error loading the list of task managers from the file ./nodes.txt
2020-12-30 19:06:05,436 - Thread-3 - WARNING - Error loading the list of task managers from the file ./nodes.txt
2020-12-30 19:06:05,748 - Thread-1 - WARNING - Error loading the list of task managers from the file ./nodes.txt
2020-12-30 19:06:06,920 - Thread-2 - WARNING - Error loading the list of task managers from the file ./nodes.txt
2020-12-30 19:06:07,451 - Thread-3 - WARNING - Error loading the list of task managers from the file ./nodes.txt
2020-12-30 19:06:08,931 - Thread-2 - WARNING - Error loading the list of task managers from the file ./nodes.txt
2020-12-30 19:06:09,467 - Thread-3 - WARNING - Error loading the list of task managers from the file ./nodes.txt
2020-12-30 19:06:10,943 - Thread-2 - WARNING - Error loading the list of task managers from the file ./nodes.txt
2020-12-30 19:06:11,483 - Thread-3 - WARNING - Error loading the list of task managers from the file ./nodes.txt
2020-12-30 19:06:12,954 - Thread-2 - WARNING - Error loading the list of task managers from the file ./nodes.txt
2020-12-30 19:06:13,498 - Thread-3 - WARNING - Error loading the list of task managers from the file ./nodes.txt
2020-12-30 19:06:14,966 - Thread-2 - WARNING - Error loading the list of task managers from the file ./nodes.txt
2020-12-30 19:06:15,515 - Thread-3 - WARNING - Error loading the list of task managers from the file ./nodes.txt
2020-12-30 19:06:15,725 - Thread-1 - WARNING - Error loading the list of task managers from the file ./nodes.txt
2020-12-30 19:06:16,977 - Thread-2 - WARNING - Error loading the list of task managers from the file ./nodes.txt
2020-12-30 19:06:17,531 - Thread-3 - WARNING - Error loading the list of task managers from the file ./nodes.txt
2020-12-30 19:06:18,988 - Thread-2 - WARNING - Error loading the list of task managers from the file ./nodes.txt
2020-12-30 19:06:19,546 - Thread-3 - WARNING - Error loading the list of task managers from the file ./nodes.txt
2020-12-30 19:06:21,000 - Thread-2 - WARNING - Error loading the list of task managers from the file ./nodes.txt
2020-12-30 19:06:21,562 - Thread-3 - WARNING - Error loading the list of task managers from the file ./nodes.txt
2020-12-30 19:06:23,011 - Thread-2 - WARNING - Error loading the list of task managers from the file ./nodes.txt
2020-12-30 19:06:23,577 - Thread-3 - WARNING - Error loading the list of task managers from the file ./nodes.txt
2020-12-30 19:06:25,022 - Thread-2 - WARNING - Error loading the list of task managers from the file ./nodes.txt
2020-12-30 19:06:25,592 - Thread-3 - WARNING - Error loading the list of task managers from the file ./nodes.txt
2020-12-30 19:06:25,704 - Thread-1 - WARNING - Error loading the list of task managers from the file ./nodes.txt
2020-12-30 19:06:27,034 - Thread-2 - WARNING - Error loading the list of task managers from the file ./nodes.txt
2020-12-30 19:06:27,607 - Thread-3 - WARNING - Error loading the list of task managers from the file ./nodes.txt
2020-12-30 19:06:29,045 - Thread-2 - WARNING - Error loading the list of task managers from the file ./nodes.txt
2020-12-30 19:06:29,622 - Thread-3 - WARNING - Error loading the list of task managers from the file ./nodes.txt
2020-12-30 19:06:31,058 - Thread-2 - WARNING - Error loading the list of task managers from the file ./nodes.txt
2020-12-30 19:06:31,638 - Thread-3 - WARNING - Error loading the list of task managers from the file ./nodes.txt
2020-12-30 19:06:33,070 - Thread-2 - WARNING - Error loading the list of task managers from the file ./nodes.txt
2020-12-30 19:06:33,654 - Thread-3 - WARNING - Error loading the list of task managers from the file ./nodes.txt
2020-12-30 19:06:35,090 - Thread-2 - WARNING - Error loading the list of task managers from the file ./nodes.txt
2020-12-30 19:06:35,673 - Thread-3 - WARNING - Error loading the list of task managers from the file ./nodes.txt
2020-12-30 19:06:35,682 - Thread-1 - WARNING - Error loading the list of task managers from the file ./nodes.txt
2020-12-30 19:06:37,101 - Thread-2 - WARNING - Error loading the list of task managers from the file ./nodes.txt
2020-12-30 19:06:37,692 - Thread-3 - WARNING - Error loading the list of task managers from the file ./nodes.txt
2020-12-30 19:06:39,112 - Thread-2 - WARNING - Error loading the list of task managers from the file ./nodes.txt
2020-12-30 19:06:39,709 - Thread-3 - WARNING - Error loading the list of task managers from the file ./nodes.txt
2020-12-30 19:06:41,124 - Thread-2 - WARNING - Error loading the list of task managers from the file ./nodes.txt
2020-12-30 19:06:41,727 - Thread-3 - WARNING - Error loading the list of task managers from the file ./nodes.txt
2020-12-30 19:06:43,136 - Thread-2 - WARNING - Error loading the list of task managers from the file ./nodes.txt
2020-12-30 19:06:43,743 - Thread-3 - WARNING - Error loading the list of task managers from the file ./nodes.txt
2020-12-30 19:06:45,147 - Thread-2 - WARNING - Error loading the list of task managers from the file ./nodes.txt
2020-12-30 19:06:45,663 - Thread-1 - WARNING - Error loading the list of task managers from the file ./nodes.txt
2020-12-30 19:06:45,758 - Thread-3 - WARNING - Error loading the list of task managers from the file ./nodes.txt
2020-12-30 19:06:47,159 - Thread-2 - WARNING - Error loading the list of task managers from the file ./nodes.txt
2020-12-30 19:06:47,774 - Thread-3 - WARNING - Error loading the list of task managers from the file ./nodes.txt
2020-12-30 19:06:49,170 - Thread-2 - WARNING - Error loading the list of task managers from the file ./nodes.txt
2020-12-30 19:06:49,790 - Thread-3 - WARNING - Error loading the list of task managers from the file ./nodes.txt
2020-12-30 19:06:51,182 - Thread-2 - WARNING - Error loading the list of task managers from the file ./nodes.txt
2020-12-30 19:06:51,806 - Thread-3 - WARNING - Error loading the list of task managers from the file ./nodes.txt
2020-12-30 19:06:53,193 - Thread-2 - WARNING - Error loading the list of task managers from the file ./nodes.txt
2020-12-30 19:06:53,821 - Thread-3 - WARNING - Error loading the list of task managers from the file ./nodes.txt
2020-12-30 19:06:55,204 - Thread-2 - WARNING - Error loading the list of task managers from the file ./nodes.txt
2020-12-30 19:06:55,644 - Thread-1 - WARNING - Error loading the list of task managers from the file ./nodes.txt
2020-12-30 19:06:55,837 - Thread-3 - WARNING - Error loading the list of task managers from the file ./nodes.txt
2020-12-30 19:06:57,216 - Thread-2 - WARNING - Error loading the list of task managers from the file ./nodes.txt
2020-12-30 19:06:57,852 - Thread-3 - WARNING - Error loading the list of task managers from the file ./nodes.txt
2020-12-30 19:06:59,227 - Thread-2 - WARNING - Error loading the list of task managers from the file ./nodes.txt
2020-12-30 19:06:59,868 - Thread-3 - WARNING - Error loading the list of task managers from the file ./nodes.txt
2020-12-30 19:07:01,238 - Thread-2 - WARNING - Error loading the list of task managers from the file ./nodes.txt
2020-12-30 19:07:01,884 - Thread-3 - WARNING - Error loading the list of task managers from the file ./nodes.txt
2020-12-30 19:07:03,250 - Thread-2 - WARNING - Error loading the list of task managers from the file ./nodes.txt
2020-12-30 19:07:03,899 - Thread-3 - WARNING - Error loading the list of task managers from the file ./nodes.txt
2020-12-30 19:07:05,261 - Thread-2 - WARNING - Error loading the list of task managers from the file ./nodes.txt
2020-12-30 19:07:05,622 - Thread-1 - WARNING - Error loading the list of task managers from the file ./nodes.txt
2020-12-30 19:07:05,915 - Thread-3 - WARNING - Error loading the list of task managers from the file ./nodes.txt
2020-12-30 19:07:07,272 - Thread-2 - WARNING - Error loading the list of task managers from the file ./nodes.txt
2020-12-30 19:07:07,936 - Thread-3 - WARNING - Error loading the list of task managers from the file ./nodes.txt
2020-12-30 19:07:09,283 - Thread-2 - WARNING - Error loading the list of task managers from the file ./nodes.txt
2020-12-30 19:07:09,955 - Thread-3 - WARNING - Error loading the list of task managers from the file ./nodes.txt
2020-12-30 19:07:11,296 - Thread-2 - WARNING - Error loading the list of task managers from the file ./nodes.txt
2020-12-30 19:07:11,973 - Thread-3 - WARNING - Error loading the list of task managers from the file ./nodes.txt
2020-12-30 19:07:13,307 - Thread-2 - WARNING - Error loading the list of task managers from the file ./nodes.txt
2020-12-30 19:07:13,990 - Thread-3 - WARNING - Error loading the list of task managers from the file ./nodes.txt
2020-12-30 19:07:15,319 - Thread-2 - WARNING - Error loading the list of task managers from the file ./nodes.txt
2020-12-30 19:07:15,601 - Thread-1 - WARNING - Error loading the list of task managers from the file ./nodes.txt
2020-12-30 19:07:16,006 - Thread-3 - WARNING - Error loading the list of task managers from the file ./nodes.txt
2020-12-30 19:07:17,334 - Thread-2 - WARNING - Error loading the list of task managers from the file ./nodes.txt
2020-12-30 19:07:18,022 - Thread-3 - WARNING - Error loading the list of task managers from the file ./nodes.txt
2020-12-30 19:07:19,345 - Thread-2 - WARNING - Error loading the list of task managers from the file ./nodes.txt
2020-12-30 19:07:20,039 - Thread-3 - WARNING - Error loading the list of task managers from the file ./nodes.txt
2020-12-30 19:07:21,356 - Thread-2 - WARNING - Error loading the list of task managers from the file ./nodes.txt
2020-12-30 19:07:22,054 - Thread-3 - WARNING - Error loading the list of task managers from the file ./nodes.txt
2020-12-30 19:07:23,368 - Thread-2 - WARNING - Error loading the list of task managers from the file ./nodes.txt
2020-12-30 19:07:24,071 - Thread-3 - WARNING - Error loading the list of task managers from the file ./nodes.txt
2020-12-30 19:07:25,380 - Thread-2 - WARNING - Error loading the list of task managers from the file ./nodes.txt
2020-12-30 19:07:25,582 - Thread-1 - WARNING - Error loading the list of task managers from the file ./nodes.txt
2020-12-30 19:07:26,086 - Thread-3 - WARNING - Error loading the list of task managers from the file ./nodes.txt
2020-12-30 19:07:27,391 - Thread-2 - WARNING - Error loading the list of task managers from the file ./nodes.txt
2020-12-30 19:07:28,103 - Thread-3 - WARNING - Error loading the list of task managers from the file ./nodes.txt
2020-12-30 19:07:29,402 - Thread-2 - WARNING - Error loading the list of task managers from the file ./nodes.txt
2020-12-30 19:07:30,120 - Thread-3 - WARNING - Error loading the list of task managers from the file ./nodes.txt
2020-12-30 19:07:31,414 - Thread-2 - WARNING - Error loading the list of task managers from the file ./nodes.txt
2020-12-30 19:07:32,140 - Thread-3 - WARNING - Error loading the list of task managers from the file ./nodes.txt
2020-12-30 19:07:33,425 - Thread-2 - WARNING - Error loading the list of task managers from the file ./nodes.txt
2020-12-30 19:07:34,156 - Thread-3 - WARNING - Error loading the list of task managers from the file ./nodes.txt
2020-12-30 19:07:35,436 - Thread-2 - WARNING - Error loading the list of task managers from the file ./nodes.txt
2020-12-30 19:07:35,560 - Thread-1 - WARNING - Error loading the list of task managers from the file ./nodes.txt
2020-12-30 19:07:36,171 - Thread-3 - WARNING - Error loading the list of task managers from the file ./nodes.txt
2020-12-30 19:07:37,448 - Thread-2 - WARNING - Error loading the list of task managers from the file ./nodes.txt
2020-12-30 19:07:38,187 - Thread-3 - WARNING - Error loading the list of task managers from the file ./nodes.txt
2020-12-30 19:07:39,460 - Thread-2 - WARNING - Error loading the list of task managers from the file ./nodes.txt
2020-12-30 19:07:40,202 - Thread-3 - WARNING - Error loading the list of task managers from the file ./nodes.txt
2020-12-30 19:07:41,471 - Thread-2 - WARNING - Error loading the list of task managers from the file ./nodes.txt
2020-12-30 19:07:42,217 - Thread-3 - WARNING - Error loading the list of task managers from the file ./nodes.txt
2020-12-30 19:07:43,482 - Thread-2 - WARNING - Error loading the list of task managers from the file ./nodes.txt
2020-12-30 19:07:44,234 - Thread-3 - WARNING - Error loading the list of task managers from the file ./nodes.txt
2020-12-30 19:07:45,494 - Thread-2 - WARNING - Error loading the list of task managers from the file ./nodes.txt
2020-12-30 19:07:45,534 - Thread-1 - WARNING - Error loading the list of task managers from the file ./nodes.txt
2020-12-30 19:07:46,249 - Thread-3 - WARNING - Error loading the list of task managers from the file ./nodes.txt
2020-12-30 19:07:47,505 - Thread-2 - WARNING - Error loading the list of task managers from the file ./nodes.txt
2020-12-30 19:07:48,264 - Thread-3 - WARNING - Error loading the list of task managers from the file ./nodes.txt
2020-12-30 19:07:49,516 - Thread-2 - WARNING - Error loading the list of task managers from the file ./nodes.txt
2020-12-30 19:07:50,280 - Thread-3 - WARNING - Error loading the list of task managers from the file ./nodes.txt
2020-12-30 19:07:51,528 - Thread-2 - WARNING - Error loading the list of task managers from the file ./nodes.txt
2020-12-30 19:07:52,296 - Thread-3 - WARNING - Error loading the list of task managers from the file ./nodes.txt
2020-12-30 19:07:53,539 - Thread-2 - WARNING - Error loading the list of task managers from the file ./nodes.txt
2020-12-30 19:07:54,311 - Thread-3 - WARNING - Error loading the list of task managers from the file ./nodes.txt
2020-12-30 19:07:55,513 - Thread-1 - WARNING - Error loading the list of task managers from the file ./nodes.txt
2020-12-30 19:07:55,550 - Thread-2 - WARNING - Error loading the list of task managers from the file ./nodes.txt
2020-12-30 19:07:56,327 - Thread-3 - WARNING - Error loading the list of task managers from the file ./nodes.txt
2020-12-30 19:07:57,561 - Thread-2 - WARNING - Error loading the list of task managers from the file ./nodes.txt
2020-12-30 19:07:58,342 - Thread-3 - WARNING - Error loading the list of task managers from the file ./nodes.txt
2020-12-30 19:07:59,573 - Thread-2 - WARNING - Error loading the list of task managers from the file ./nodes.txt
2020-12-30 19:08:00,358 - Thread-3 - WARNING - Error loading the list of task managers from the file ./nodes.txt
2020-12-30 19:08:01,584 - Thread-2 - WARNING - Error loading the list of task managers from the file ./nodes.txt
2020-12-30 19:08:02,374 - Thread-3 - WARNING - Error loading the list of task managers from the file ./nodes.txt
2020-12-30 19:08:03,596 - Thread-2 - WARNING - Error loading the list of task managers from the file ./nodes.txt
2020-12-30 19:08:04,389 - Thread-3 - WARNING - Error loading the list of task managers from the file ./nodes.txt
2020-12-30 19:08:05,493 - Thread-1 - WARNING - Error loading the list of task managers from the file ./nodes.txt
2020-12-30 19:08:05,607 - Thread-2 - WARNING - Error loading the list of task managers from the file ./nodes.txt
2020-12-30 19:08:06,405 - Thread-3 - WARNING - Error loading the list of task managers from the file ./nodes.txt
2020-12-30 19:08:07,619 - Thread-2 - WARNING - Error loading the list of task managers from the file ./nodes.txt
2020-12-30 19:08:08,421 - Thread-3 - WARNING - Error loading the list of task managers from the file ./nodes.txt
2020-12-30 19:08:09,630 - Thread-2 - WARNING - Error loading the list of task managers from the file ./nodes.txt
2020-12-30 19:08:10,437 - Thread-3 - WARNING - Error loading the list of task managers from the file ./nodes.txt
2020-12-30 19:08:11,641 - Thread-2 - WARNING - Error loading the list of task managers from the file ./nodes.txt
2020-12-30 19:08:12,453 - Thread-3 - WARNING - Error loading the list of task managers from the file ./nodes.txt
2020-12-30 19:08:13,653 - Thread-2 - WARNING - Error loading the list of task managers from the file ./nodes.txt
2020-12-30 19:08:14,470 - Thread-3 - WARNING - Error loading the list of task managers from the file ./nodes.txt
2020-12-30 19:08:15,472 - Thread-1 - WARNING - Error loading the list of task managers from the file ./nodes.txt
2020-12-30 19:08:15,665 - Thread-2 - WARNING - Error loading the list of task managers from the file ./nodes.txt
2020-12-30 19:08:16,485 - Thread-3 - WARNING - Error loading the list of task managers from the file ./nodes.txt
2020-12-30 19:08:17,677 - Thread-2 - WARNING - Error loading the list of task managers from the file ./nodes.txt
2020-12-30 19:08:18,500 - Thread-3 - WARNING - Error loading the list of task managers from the file ./nodes.txt
2020-12-30 19:08:19,691 - Thread-2 - WARNING - Error loading the list of task managers from the file ./nodes.txt
2020-12-30 19:08:20,516 - Thread-3 - WARNING - Error loading the list of task managers from the file ./nodes.txt
2020-12-30 19:08:21,703 - Thread-2 - WARNING - Error loading the list of task managers from the file ./nodes.txt
2020-12-30 19:08:22,532 - Thread-3 - WARNING - Error loading the list of task managers from the file ./nodes.txt
2020-12-30 19:08:23,715 - Thread-2 - WARNING - Error loading the list of task managers from the file ./nodes.txt
2020-12-30 19:08:24,566 - Thread-3 - WARNING - Error loading the list of task managers from the file ./nodes.txt
2020-12-30 19:08:25,450 - Thread-1 - WARNING - Error loading the list of task managers from the file ./nodes.txt
2020-12-30 19:08:25,727 - Thread-2 - WARNING - Error loading the list of task managers from the file ./nodes.txt
2020-12-30 19:08:26,585 - Thread-3 - WARNING - Error loading the list of task managers from the file ./nodes.txt
2020-12-30 19:08:27,738 - Thread-2 - WARNING - Error loading the list of task managers from the file ./nodes.txt
2020-12-30 19:08:28,601 - Thread-3 - WARNING - Error loading the list of task managers from the file ./nodes.txt
2020-12-30 19:08:29,749 - Thread-2 - WARNING - Error loading the list of task managers from the file ./nodes.txt
2020-12-30 19:08:30,617 - Thread-3 - WARNING - Error loading the list of task managers from the file ./nodes.txt
2020-12-30 19:08:31,761 - Thread-2 - WARNING - Error loading the list of task managers from the file ./nodes.txt
2020-12-30 19:08:32,634 - Thread-3 - WARNING - Error loading the list of task managers from the file ./nodes.txt
2020-12-30 19:08:33,773 - Thread-2 - WARNING - Error loading the list of task managers from the file ./nodes.txt
2020-12-30 19:08:34,650 - Thread-3 - WARNING - Error loading the list of task managers from the file ./nodes.txt
2020-12-30 19:08:35,429 - Thread-1 - WARNING - Error loading the list of task managers from the file ./nodes.txt
2020-12-30 19:08:35,784 - Thread-2 - WARNING - Error loading the list of task managers from the file ./nodes.txt
2020-12-30 19:08:36,664 - Thread-3 - WARNING - Error loading the list of task managers from the file ./nodes.txt
2020-12-30 19:08:37,795 - Thread-2 - WARNING - Error loading the list of task managers from the file ./nodes.txt
2020-12-30 19:08:38,680 - Thread-3 - WARNING - Error loading the list of task managers from the file ./nodes.txt
2020-12-30 19:08:39,806 - Thread-2 - WARNING - Error loading the list of task managers from the file ./nodes.txt
2020-12-30 19:08:40,695 - Thread-3 - WARNING - Error loading the list of task managers from the file ./nodes.txt
2020-12-30 19:08:41,818 - Thread-2 - WARNING - Error loading the list of task managers from the file ./nodes.txt
2020-12-30 19:08:42,712 - Thread-3 - WARNING - Error loading the list of task managers from the file ./nodes.txt
2020-12-30 19:08:43,829 - Thread-2 - WARNING - Error loading the list of task managers from the file ./nodes.txt
2020-12-30 19:08:44,728 - Thread-3 - WARNING - Error loading the list of task managers from the file ./nodes.txt
2020-12-30 19:08:45,407 - Thread-1 - WARNING - Error loading the list of task managers from the file ./nodes.txt
2020-12-30 19:08:45,841 - Thread-2 - WARNING - Error loading the list of task managers from the file ./nodes.txt
2020-12-30 19:08:46,743 - Thread-3 - WARNING - Error loading the list of task managers from the file ./nodes.txt
2020-12-30 19:08:47,852 - Thread-2 - WARNING - Error loading the list of task managers from the file ./nodes.txt
2020-12-30 19:08:48,758 - Thread-3 - WARNING - Error loading the list of task managers from the file ./nodes.txt
2020-12-30 19:08:49,868 - Thread-2 - WARNING - Error loading the list of task managers from the file ./nodes.txt
2020-12-30 19:08:50,832 - Thread-3 - WARNING - Error loading the list of task managers from the file ./nodes.txt
2020-12-30 19:08:51,879 - Thread-2 - WARNING - Error loading the list of task managers from the file ./nodes.txt
2020-12-30 19:08:52,874 - Thread-3 - WARNING - Error loading the list of task managers from the file ./nodes.txt
2020-12-30 19:08:53,890 - Thread-2 - WARNING - Error loading the list of task managers from the file ./nodes.txt
2020-12-30 19:08:54,894 - Thread-3 - WARNING - Error loading the list of task managers from the file ./nodes.txt
2020-12-30 19:08:55,385 - Thread-1 - WARNING - Error loading the list of task managers from the file ./nodes.txt
2020-12-30 19:08:55,902 - Thread-2 - WARNING - Error loading the list of task managers from the file ./nodes.txt
2020-12-30 19:08:56,911 - Thread-3 - WARNING - Error loading the list of task managers from the file ./nodes.txt
2020-12-30 19:08:57,914 - Thread-2 - WARNING - Error loading the list of task managers from the file ./nodes.txt
2020-12-30 19:08:58,926 - Thread-3 - WARNING - Error loading the list of task managers from the file ./nodes.txt
2020-12-30 19:08:59,926 - Thread-2 - WARNING - Error loading the list of task managers from the file ./nodes.txt
2020-12-30 19:09:00,943 - Thread-3 - WARNING - Error loading the list of task managers from the file ./nodes.txt
2020-12-30 19:09:01,938 - Thread-2 - WARNING - Error loading the list of task managers from the file ./nodes.txt
2020-12-30 19:09:03,035 - Thread-3 - WARNING - Error loading the list of task managers from the file ./nodes.txt
2020-12-30 19:09:04,041 - Thread-2 - WARNING - Error loading the list of task managers from the file ./nodes.txt
2020-12-30 19:09:04,050 - Thread-2 - INFO - All tasks generated.
2020-12-30 19:09:05,063 - Thread-3 - WARNING - Error loading the list of task managers from the file ./nodes.txt
2020-12-30 19:09:05,070 - Thread-3 - INFO - All tasks committed.
2020-12-30 19:09:05,372 - Thread-1 - WARNING - Error loading the list of task managers from the file ./nodes.txt
2020-12-30 19:09:06,052 - Thread-2 - WARNING - Error loading the list of task managers from the file ./nodes.txt
2020-12-30 19:09:06,058 - MainThread - INFO - Committing Job...
2020-12-30 19:09:06,591 - MainThread - INFO - Killing task managers...
2020-12-30 19:09:06,592 - MainThread - WARNING - Error loading the list of task managers from the file ./nodes.txt
2020-12-30 19:09:15,351 - Thread-1 - WARNING - Error loading the list of task managers from the file ./nodes.txt
