 INFO: [readGatherFromFile:119] Number of CDPs = 445
 INFO: [readGatherFromFile:120] Number of traces in the gather = 9200
 INFO: [readGatherFromFile:121] Number of samples per trace = 2502
 INFO: [initialize:24] Initializing traveltime
 INFO: [initialize:28] Factory initialized
 INFO: [create_worker:27] Device count is 0
 INFO: [parseComputeAlgorithm:28] Generations = 32
 INFO: [parseComputeAlgorithm:32] Individuals per population = 32
 INFO: [run:16] m0 = 1180
 INFO: [activate:15] Activating GPU#0
 INFO: [activate:15] Activating GPU#0
 INFO: [activate:15] Activating GPU#0
 INFO: [selectTracesToBeUsedForMidpoint:113] Selecting traces for m0 = 1180
 INFO: [copyOnlySelectedTracesToDevice:118] Selected 465 traces
 INFO: [copyOnlySelectedTracesToDevice:152] Copy time is 0.00623541
 INFO: [selectTracesToBeUsedForMidpoint:181] Execution time for copying traces is 0.0069693s
 INFO: [saveStatisticalResults:102] Total execution time for selecting traces is 0.0739319s
 INFO: [saveStatisticalResults:104] Total execution time for kernels is 0.311389s
 INFO: [run:16] m0 = 1340
 INFO: [activate:15] Activating GPU#0
 INFO: [selectTracesToBeUsedForMidpoint:113] Selecting traces for m0 = 1340
 INFO: [copyOnlySelectedTracesToDevice:118] Selected 595 traces
 INFO: [copyOnlySelectedTracesToDevice:152] Copy time is 0.00689128
 INFO: [selectTracesToBeUsedForMidpoint:181] Execution time for copying traces is 0.0080494s
 INFO: [saveStatisticalResults:102] Total execution time for selecting traces is 0.0644404s
 INFO: [saveStatisticalResults:104] Total execution time for kernels is 0.389144s
 INFO: [run:16] m0 = 1500
 INFO: [activate:15] Activating GPU#0
 INFO: [selectTracesToBeUsedForMidpoint:113] Selecting traces for m0 = 1500
 INFO: [copyOnlySelectedTracesToDevice:118] Selected 741 traces
 INFO: [copyOnlySelectedTracesToDevice:152] Copy time is 0.00854603
 INFO: [selectTracesToBeUsedForMidpoint:181] Execution time for copying traces is 0.00998729s
 INFO: [saveStatisticalResults:102] Total execution time for selecting traces is 0.0649474s
 INFO: [saveStatisticalResults:104] Total execution time for kernels is 0.613508s
 INFO: [run:16] m0 = 1660
 INFO: [activate:15] Activating GPU#0
 INFO: [selectTracesToBeUsedForMidpoint:113] Selecting traces for m0 = 1660
 INFO: [copyOnlySelectedTracesToDevice:118] Selected 903 traces
 INFO: [copyOnlySelectedTracesToDevice:152] Copy time is 0.010497
 INFO: [selectTracesToBeUsedForMidpoint:181] Execution time for copying traces is 0.012158s
 INFO: [saveStatisticalResults:102] Total execution time for selecting traces is 0.0663733s
 INFO: [saveStatisticalResults:104] Total execution time for kernels is 0.916666s
 INFO: [run:16] m0 = 1820
 INFO: [activate:15] Activating GPU#0
 INFO: [selectTracesToBeUsedForMidpoint:113] Selecting traces for m0 = 1820
 INFO: [copyOnlySelectedTracesToDevice:118] Selected 1081 traces
 INFO: [copyOnlySelectedTracesToDevice:152] Copy time is 0.012553
 INFO: [selectTracesToBeUsedForMidpoint:181] Execution time for copying traces is 0.0145695s
 INFO: [saveStatisticalResults:102] Total execution time for selecting traces is 0.0695112s
 INFO: [saveStatisticalResults:104] Total execution time for kernels is 1.23118s
 INFO: [run:16] m0 = 1980
 INFO: [activate:15] Activating GPU#0
 INFO: [selectTracesToBeUsedForMidpoint:113] Selecting traces for m0 = 1980
 INFO: [copyOnlySelectedTracesToDevice:118] Selected 1265 traces
 INFO: [copyOnlySelectedTracesToDevice:152] Copy time is 0.0145083
 INFO: [selectTracesToBeUsedForMidpoint:181] Execution time for copying traces is 0.0166877s
 INFO: [saveStatisticalResults:102] Total execution time for selecting traces is 0.0700391s
 INFO: [saveStatisticalResults:104] Total execution time for kernels is 1.43239s
 INFO: [run:16] m0 = 2140
 INFO: [activate:15] Activating GPU#0
 INFO: [selectTracesToBeUsedForMidpoint:113] Selecting traces for m0 = 2140
 INFO: [copyOnlySelectedTracesToDevice:118] Selected 1449 traces
 INFO: [copyOnlySelectedTracesToDevice:152] Copy time is 0.0175488
 INFO: [selectTracesToBeUsedForMidpoint:181] Execution time for copying traces is 0.0200733s
 INFO: [saveStatisticalResults:102] Total execution time for selecting traces is 0.073443s
 INFO: [saveStatisticalResults:104] Total execution time for kernels is 1.49968s
 INFO: [run:16] m0 = 2300
 INFO: [activate:15] Activating GPU#0
 INFO: [selectTracesToBeUsedForMidpoint:113] Selecting traces for m0 = 2300
 INFO: [copyOnlySelectedTracesToDevice:118] Selected 1449 traces
 INFO: [copyOnlySelectedTracesToDevice:152] Copy time is 0.0168583
 INFO: [selectTracesToBeUsedForMidpoint:181] Execution time for copying traces is 0.0195058s
 INFO: [saveStatisticalResults:102] Total execution time for selecting traces is 0.0733719s
 INFO: [saveStatisticalResults:104] Total execution time for kernels is 1.4982s
 INFO: [run:16] m0 = 2460
 INFO: [activate:15] Activating GPU#0
 INFO: [selectTracesToBeUsedForMidpoint:113] Selecting traces for m0 = 2460
 INFO: [copyOnlySelectedTracesToDevice:118] Selected 1449 traces
 INFO: [copyOnlySelectedTracesToDevice:152] Copy time is 0.0167476
 INFO: [selectTracesToBeUsedForMidpoint:181] Execution time for copying traces is 0.0194037s
 INFO: [saveStatisticalResults:102] Total execution time for selecting traces is 0.0734624s
 INFO: [saveStatisticalResults:104] Total execution time for kernels is 1.50391s
 INFO: [run:16] m0 = 2620
 INFO: [activate:15] Activating GPU#0
 INFO: [selectTracesToBeUsedForMidpoint:113] Selecting traces for m0 = 2620
 INFO: [copyOnlySelectedTracesToDevice:118] Selected 1449 traces
 INFO: [copyOnlySelectedTracesToDevice:152] Copy time is 0.0168505
 INFO: [selectTracesToBeUsedForMidpoint:181] Execution time for copying traces is 0.0194641s
 INFO: [saveStatisticalResults:102] Total execution time for selecting traces is 0.0736613s
 INFO: [saveStatisticalResults:104] Total execution time for kernels is 1.5104s
 INFO: [run:16] m0 = 2780
 INFO: [activate:15] Activating GPU#0
 INFO: [selectTracesToBeUsedForMidpoint:113] Selecting traces for m0 = 2780
 INFO: [copyOnlySelectedTracesToDevice:118] Selected 1449 traces
 INFO: [copyOnlySelectedTracesToDevice:152] Copy time is 0.0165304
 INFO: [selectTracesToBeUsedForMidpoint:181] Execution time for copying traces is 0.0191627s
 INFO: [saveStatisticalResults:102] Total execution time for selecting traces is 0.0718462s
 INFO: [saveStatisticalResults:104] Total execution time for kernels is 1.51364s
 INFO: [run:16] m0 = 2940
 INFO: [activate:15] Activating GPU#0
 INFO: [selectTracesToBeUsedForMidpoint:113] Selecting traces for m0 = 2940
 INFO: [copyOnlySelectedTracesToDevice:118] Selected 1449 traces
 INFO: [copyOnlySelectedTracesToDevice:152] Copy time is 0.0166107
 INFO: [selectTracesToBeUsedForMidpoint:181] Execution time for copying traces is 0.0192826s
 INFO: [saveStatisticalResults:102] Total execution time for selecting traces is 0.073363s
 INFO: [saveStatisticalResults:104] Total execution time for kernels is 1.50825s
 INFO: [run:16] m0 = 3100
 INFO: [activate:15] Activating GPU#0
 INFO: [selectTracesToBeUsedForMidpoint:113] Selecting traces for m0 = 3100
 INFO: [copyOnlySelectedTracesToDevice:118] Selected 1449 traces
 INFO: [copyOnlySelectedTracesToDevice:152] Copy time is 0.0167162
 INFO: [selectTracesToBeUsedForMidpoint:181] Execution time for copying traces is 0.0193619s
 INFO: [saveStatisticalResults:102] Total execution time for selecting traces is 0.0735485s
 INFO: [saveStatisticalResults:104] Total execution time for kernels is 1.50817s
 INFO: [run:16] m0 = 3260
 INFO: [activate:15] Activating GPU#0
 INFO: [selectTracesToBeUsedForMidpoint:113] Selecting traces for m0 = 3260
 INFO: [copyOnlySelectedTracesToDevice:118] Selected 1449 traces
 INFO: [copyOnlySelectedTracesToDevice:152] Copy time is 0.0165628
 INFO: [selectTracesToBeUsedForMidpoint:181] Execution time for copying traces is 0.0192024s
 INFO: [saveStatisticalResults:102] Total execution time for selecting traces is 0.0734575s
 INFO: [saveStatisticalResults:104] Total execution time for kernels is 1.50184s
 INFO: [run:16] m0 = 3420
 INFO: [activate:15] Activating GPU#0
 INFO: [selectTracesToBeUsedForMidpoint:113] Selecting traces for m0 = 3420
 INFO: [copyOnlySelectedTracesToDevice:118] Selected 1449 traces
 INFO: [copyOnlySelectedTracesToDevice:152] Copy time is 0.0168254
 INFO: [selectTracesToBeUsedForMidpoint:181] Execution time for copying traces is 0.0194862s
 INFO: [saveStatisticalResults:102] Total execution time for selecting traces is 0.0738813s
 INFO: [saveStatisticalResults:104] Total execution time for kernels is 1.50208s
 INFO: [run:16] m0 = 3580
 INFO: [activate:15] Activating GPU#0
 INFO: [selectTracesToBeUsedForMidpoint:113] Selecting traces for m0 = 3580
 INFO: [copyOnlySelectedTracesToDevice:118] Selected 1449 traces
 INFO: [copyOnlySelectedTracesToDevice:152] Copy time is 0.0163896
 INFO: [selectTracesToBeUsedForMidpoint:181] Execution time for copying traces is 0.019054s
 INFO: [saveStatisticalResults:102] Total execution time for selecting traces is 0.073541s
 INFO: [saveStatisticalResults:104] Total execution time for kernels is 1.48811s
 INFO: [run:16] m0 = 3740
 INFO: [activate:15] Activating GPU#0
 INFO: [selectTracesToBeUsedForMidpoint:113] Selecting traces for m0 = 3740
 INFO: [copyOnlySelectedTracesToDevice:118] Selected 1449 traces
 INFO: [copyOnlySelectedTracesToDevice:152] Copy time is 0.0167408
 INFO: [selectTracesToBeUsedForMidpoint:181] Execution time for copying traces is 0.0194165s
 INFO: [saveStatisticalResults:102] Total execution time for selecting traces is 0.0738137s
 INFO: [saveStatisticalResults:104] Total execution time for kernels is 1.50354s
 INFO: [run:16] m0 = 3900
 INFO: [activate:15] Activating GPU#0
 INFO: [selectTracesToBeUsedForMidpoint:113] Selecting traces for m0 = 3900
 INFO: [copyOnlySelectedTracesToDevice:118] Selected 1449 traces
 INFO: [copyOnlySelectedTracesToDevice:152] Copy time is 0.016671
 INFO: [selectTracesToBeUsedForMidpoint:181] Execution time for copying traces is 0.0192857s
 INFO: [saveStatisticalResults:102] Total execution time for selecting traces is 0.0737056s
 INFO: [saveStatisticalResults:104] Total execution time for kernels is 1.49944s
 INFO: [run:16] m0 = 4060
 INFO: [activate:15] Activating GPU#0
 INFO: [selectTracesToBeUsedForMidpoint:113] Selecting traces for m0 = 4060
 INFO: [copyOnlySelectedTracesToDevice:118] Selected 1449 traces
 INFO: [copyOnlySelectedTracesToDevice:152] Copy time is 0.0165218
 INFO: [selectTracesToBeUsedForMidpoint:181] Execution time for copying traces is 0.0191732s
 INFO: [saveStatisticalResults:102] Total execution time for selecting traces is 0.0737743s
 INFO: [saveStatisticalResults:104] Total execution time for kernels is 1.49872s
 INFO: [run:16] m0 = 4220
 INFO: [activate:15] Activating GPU#0
 INFO: [selectTracesToBeUsedForMidpoint:113] Selecting traces for m0 = 4220
 INFO: [copyOnlySelectedTracesToDevice:118] Selected 1449 traces
 INFO: [copyOnlySelectedTracesToDevice:152] Copy time is 0.0167067
 INFO: [selectTracesToBeUsedForMidpoint:181] Execution time for copying traces is 0.0193649s
 INFO: [saveStatisticalResults:102] Total execution time for selecting traces is 0.0739429s
 INFO: [saveStatisticalResults:104] Total execution time for kernels is 1.50463s
 INFO: [run:16] m0 = 4380
 INFO: [activate:15] Activating GPU#0
 INFO: [selectTracesToBeUsedForMidpoint:113] Selecting traces for m0 = 4380
 INFO: [copyOnlySelectedTracesToDevice:118] Selected 1449 traces
 INFO: [copyOnlySelectedTracesToDevice:152] Copy time is 0.0167151
 INFO: [selectTracesToBeUsedForMidpoint:181] Execution time for copying traces is 0.0193416s
 INFO: [saveStatisticalResults:102] Total execution time for selecting traces is 0.0734307s
 INFO: [saveStatisticalResults:104] Total execution time for kernels is 1.51505s
 INFO: [run:16] m0 = 4540
 INFO: [activate:15] Activating GPU#0
 INFO: [selectTracesToBeUsedForMidpoint:113] Selecting traces for m0 = 4540
 INFO: [copyOnlySelectedTracesToDevice:118] Selected 1449 traces
 INFO: [copyOnlySelectedTracesToDevice:152] Copy time is 0.0168555
 INFO: [selectTracesToBeUsedForMidpoint:181] Execution time for copying traces is 0.019555s
 INFO: [saveStatisticalResults:102] Total execution time for selecting traces is 0.0744541s
 INFO: [saveStatisticalResults:104] Total execution time for kernels is 1.50599s
 INFO: [run:16] m0 = 4700
 INFO: [activate:15] Activating GPU#0
 INFO: [selectTracesToBeUsedForMidpoint:113] Selecting traces for m0 = 4700
 INFO: [copyOnlySelectedTracesToDevice:118] Selected 1449 traces
 INFO: [copyOnlySelectedTracesToDevice:152] Copy time is 0.0166961
 INFO: [selectTracesToBeUsedForMidpoint:181] Execution time for copying traces is 0.0193174s
 INFO: [saveStatisticalResults:102] Total execution time for selecting traces is 0.0733162s
 INFO: [saveStatisticalResults:104] Total execution time for kernels is 1.49871s
 INFO: [run:16] m0 = 4860
 INFO: [activate:15] Activating GPU#0
 INFO: [selectTracesToBeUsedForMidpoint:113] Selecting traces for m0 = 4860
 INFO: [copyOnlySelectedTracesToDevice:118] Selected 1449 traces
 INFO: [copyOnlySelectedTracesToDevice:152] Copy time is 0.0164823
 INFO: [selectTracesToBeUsedForMidpoint:181] Execution time for copying traces is 0.0191772s
 INFO: [saveStatisticalResults:102] Total execution time for selecting traces is 0.0744251s
 INFO: [saveStatisticalResults:104] Total execution time for kernels is 1.51865s
 INFO: [run:16] m0 = 5020
 INFO: [activate:15] Activating GPU#0
 INFO: [selectTracesToBeUsedForMidpoint:113] Selecting traces for m0 = 5020
 INFO: [copyOnlySelectedTracesToDevice:118] Selected 1449 traces
 INFO: [copyOnlySelectedTracesToDevice:152] Copy time is 0.0166699
 INFO: [selectTracesToBeUsedForMidpoint:181] Execution time for copying traces is 0.0193071s
 INFO: [saveStatisticalResults:102] Total execution time for selecting traces is 0.0739367s
 INFO: [saveStatisticalResults:104] Total execution time for kernels is 1.5286s
 INFO: [run:16] m0 = 5180
 INFO: [activate:15] Activating GPU#0
 INFO: [selectTracesToBeUsedForMidpoint:113] Selecting traces for m0 = 5180
 INFO: [copyOnlySelectedTracesToDevice:118] Selected 1449 traces
 INFO: [copyOnlySelectedTracesToDevice:152] Copy time is 0.0167348
 INFO: [selectTracesToBeUsedForMidpoint:181] Execution time for copying traces is 0.0193958s
 INFO: [saveStatisticalResults:102] Total execution time for selecting traces is 0.0740064s
 INFO: [saveStatisticalResults:104] Total execution time for kernels is 1.53181s
 INFO: [run:16] m0 = 5340
 INFO: [activate:15] Activating GPU#0
 INFO: [selectTracesToBeUsedForMidpoint:113] Selecting traces for m0 = 5340
 INFO: [copyOnlySelectedTracesToDevice:118] Selected 1449 traces
 INFO: [copyOnlySelectedTracesToDevice:152] Copy time is 0.0164174
 INFO: [selectTracesToBeUsedForMidpoint:181] Execution time for copying traces is 0.0191118s
 INFO: [saveStatisticalResults:102] Total execution time for selecting traces is 0.0743414s
 INFO: [saveStatisticalResults:104] Total execution time for kernels is 1.53114s
 INFO: [run:16] m0 = 5500
 INFO: [activate:15] Activating GPU#0
 INFO: [selectTracesToBeUsedForMidpoint:113] Selecting traces for m0 = 5500
 INFO: [copyOnlySelectedTracesToDevice:118] Selected 1449 traces
 INFO: [copyOnlySelectedTracesToDevice:152] Copy time is 0.0166809
 INFO: [selectTracesToBeUsedForMidpoint:181] Execution time for copying traces is 0.0193387s
 INFO: [saveStatisticalResults:102] Total execution time for selecting traces is 0.0745857s
 INFO: [saveStatisticalResults:104] Total execution time for kernels is 1.51808s
 INFO: [run:16] m0 = 5660
 INFO: [activate:15] Activating GPU#0
 INFO: [selectTracesToBeUsedForMidpoint:113] Selecting traces for m0 = 5660
 INFO: [copyOnlySelectedTracesToDevice:118] Selected 1449 traces
 INFO: [copyOnlySelectedTracesToDevice:152] Copy time is 0.0171632
 INFO: [selectTracesToBeUsedForMidpoint:181] Execution time for copying traces is 0.0198462s
 INFO: [saveStatisticalResults:102] Total execution time for selecting traces is 0.0751135s
 INFO: [saveStatisticalResults:104] Total execution time for kernels is 1.53004s
 INFO: [run:16] m0 = 5820
 INFO: [activate:15] Activating GPU#0
 INFO: [selectTracesToBeUsedForMidpoint:113] Selecting traces for m0 = 5820
 INFO: [copyOnlySelectedTracesToDevice:118] Selected 1449 traces
 INFO: [copyOnlySelectedTracesToDevice:152] Copy time is 0.0168896
 INFO: [selectTracesToBeUsedForMidpoint:181] Execution time for copying traces is 0.0195347s
 INFO: [saveStatisticalResults:102] Total execution time for selecting traces is 0.0745151s
 INFO: [saveStatisticalResults:104] Total execution time for kernels is 1.54513s
 INFO: [run:16] m0 = 5980
 INFO: [activate:15] Activating GPU#0
 INFO: [selectTracesToBeUsedForMidpoint:113] Selecting traces for m0 = 5980
 INFO: [copyOnlySelectedTracesToDevice:118] Selected 1449 traces
 INFO: [copyOnlySelectedTracesToDevice:152] Copy time is 0.0170053
 INFO: [selectTracesToBeUsedForMidpoint:181] Execution time for copying traces is 0.0196808s
 INFO: [saveStatisticalResults:102] Total execution time for selecting traces is 0.0746517s
 INFO: [saveStatisticalResults:104] Total execution time for kernels is 1.51761s
 INFO: [run:16] m0 = 6140
 INFO: [activate:15] Activating GPU#0
 INFO: [selectTracesToBeUsedForMidpoint:113] Selecting traces for m0 = 6140
 INFO: [copyOnlySelectedTracesToDevice:118] Selected 1449 traces
 INFO: [copyOnlySelectedTracesToDevice:152] Copy time is 0.016518
 INFO: [selectTracesToBeUsedForMidpoint:181] Execution time for copying traces is 0.0192383s
 INFO: [saveStatisticalResults:102] Total execution time for selecting traces is 0.0742868s
 INFO: [saveStatisticalResults:104] Total execution time for kernels is 1.5244s
 INFO: [run:16] m0 = 6300
 INFO: [activate:15] Activating GPU#0
 INFO: [selectTracesToBeUsedForMidpoint:113] Selecting traces for m0 = 6300
 INFO: [copyOnlySelectedTracesToDevice:118] Selected 1449 traces
 INFO: [copyOnlySelectedTracesToDevice:152] Copy time is 0.017063
 INFO: [selectTracesToBeUsedForMidpoint:181] Execution time for copying traces is 0.0197789s
 INFO: [saveStatisticalResults:102] Total execution time for selecting traces is 0.0750482s
 INFO: [saveStatisticalResults:104] Total execution time for kernels is 1.53404s
 INFO: [run:16] m0 = 6460
 INFO: [activate:15] Activating GPU#0
 INFO: [selectTracesToBeUsedForMidpoint:113] Selecting traces for m0 = 6460
 INFO: [copyOnlySelectedTracesToDevice:118] Selected 1449 traces
 INFO: [copyOnlySelectedTracesToDevice:152] Copy time is 0.0167652
 INFO: [selectTracesToBeUsedForMidpoint:181] Execution time for copying traces is 0.0194068s
 INFO: [saveStatisticalResults:102] Total execution time for selecting traces is 0.0722018s
 INFO: [saveStatisticalResults:104] Total execution time for kernels is 1.53684s
 INFO: [run:16] m0 = 6620
 INFO: [activate:15] Activating GPU#0
 INFO: [selectTracesToBeUsedForMidpoint:113] Selecting traces for m0 = 6620
 INFO: [copyOnlySelectedTracesToDevice:118] Selected 1449 traces
 INFO: [copyOnlySelectedTracesToDevice:152] Copy time is 0.0164369
 INFO: [selectTracesToBeUsedForMidpoint:181] Execution time for copying traces is 0.0191323s
 INFO: [saveStatisticalResults:102] Total execution time for selecting traces is 0.0743512s
 INFO: [saveStatisticalResults:104] Total execution time for kernels is 1.54675s
 INFO: [run:16] m0 = 6780
 INFO: [activate:15] Activating GPU#0
 INFO: [selectTracesToBeUsedForMidpoint:113] Selecting traces for m0 = 6780
 INFO: [copyOnlySelectedTracesToDevice:118] Selected 1449 traces
 INFO: [copyOnlySelectedTracesToDevice:152] Copy time is 0.0167419
 INFO: [selectTracesToBeUsedForMidpoint:181] Execution time for copying traces is 0.019404s
 INFO: [saveStatisticalResults:102] Total execution time for selecting traces is 0.0746825s
 INFO: [saveStatisticalResults:104] Total execution time for kernels is 1.5394s
 INFO: [run:16] m0 = 6940
 INFO: [activate:15] Activating GPU#0
 INFO: [selectTracesToBeUsedForMidpoint:113] Selecting traces for m0 = 6940
 INFO: [copyOnlySelectedTracesToDevice:118] Selected 1449 traces
 INFO: [copyOnlySelectedTracesToDevice:152] Copy time is 0.0175103
 INFO: [selectTracesToBeUsedForMidpoint:181] Execution time for copying traces is 0.0201857s
 INFO: [saveStatisticalResults:102] Total execution time for selecting traces is 0.0754624s
 INFO: [saveStatisticalResults:104] Total execution time for kernels is 1.54428s
 INFO: [run:16] m0 = 7100
 INFO: [activate:15] Activating GPU#0
 INFO: [selectTracesToBeUsedForMidpoint:113] Selecting traces for m0 = 7100
 INFO: [copyOnlySelectedTracesToDevice:118] Selected 1449 traces
 INFO: [copyOnlySelectedTracesToDevice:152] Copy time is 0.0166437
 INFO: [selectTracesToBeUsedForMidpoint:181] Execution time for copying traces is 0.0192826s
 INFO: [saveStatisticalResults:102] Total execution time for selecting traces is 0.0745164s
 INFO: [saveStatisticalResults:104] Total execution time for kernels is 1.55158s
 INFO: [run:16] m0 = 7260
 INFO: [activate:15] Activating GPU#0
 INFO: [selectTracesToBeUsedForMidpoint:113] Selecting traces for m0 = 7260
 INFO: [copyOnlySelectedTracesToDevice:118] Selected 1449 traces
 INFO: [copyOnlySelectedTracesToDevice:152] Copy time is 0.0168081
 INFO: [selectTracesToBeUsedForMidpoint:181] Execution time for copying traces is 0.0194957s
 INFO: [saveStatisticalResults:102] Total execution time for selecting traces is 0.0738896s
 INFO: [saveStatisticalResults:104] Total execution time for kernels is 1.56665s
 INFO: [run:16] m0 = 7420
 INFO: [activate:15] Activating GPU#0
 INFO: [selectTracesToBeUsedForMidpoint:113] Selecting traces for m0 = 7420
 INFO: [copyOnlySelectedTracesToDevice:118] Selected 1449 traces
 INFO: [copyOnlySelectedTracesToDevice:152] Copy time is 0.0165372
 INFO: [selectTracesToBeUsedForMidpoint:181] Execution time for copying traces is 0.0192334s
 INFO: [saveStatisticalResults:102] Total execution time for selecting traces is 0.0743576s
 INFO: [saveStatisticalResults:104] Total execution time for kernels is 1.55758s
 INFO: [run:16] m0 = 7580
 INFO: [activate:15] Activating GPU#0
 INFO: [selectTracesToBeUsedForMidpoint:113] Selecting traces for m0 = 7580
 INFO: [copyOnlySelectedTracesToDevice:118] Selected 1449 traces
 INFO: [copyOnlySelectedTracesToDevice:152] Copy time is 0.0166485
 INFO: [selectTracesToBeUsedForMidpoint:181] Execution time for copying traces is 0.0193474s
 INFO: [saveStatisticalResults:102] Total execution time for selecting traces is 0.074489s
 INFO: [saveStatisticalResults:104] Total execution time for kernels is 1.55397s
 INFO: [run:16] m0 = 7740
 INFO: [activate:15] Activating GPU#0
 INFO: [selectTracesToBeUsedForMidpoint:113] Selecting traces for m0 = 7740
 INFO: [copyOnlySelectedTracesToDevice:118] Selected 1449 traces
 INFO: [copyOnlySelectedTracesToDevice:152] Copy time is 0.0166762
 INFO: [selectTracesToBeUsedForMidpoint:181] Execution time for copying traces is 0.0193301s
 INFO: [saveStatisticalResults:102] Total execution time for selecting traces is 0.0745739s
 INFO: [saveStatisticalResults:104] Total execution time for kernels is 1.54512s
 INFO: [run:16] m0 = 7900
 INFO: [activate:15] Activating GPU#0
 INFO: [selectTracesToBeUsedForMidpoint:113] Selecting traces for m0 = 7900
 INFO: [copyOnlySelectedTracesToDevice:118] Selected 1449 traces
 INFO: [copyOnlySelectedTracesToDevice:152] Copy time is 0.0167842
 INFO: [selectTracesToBeUsedForMidpoint:181] Execution time for copying traces is 0.019476s
 INFO: [saveStatisticalResults:102] Total execution time for selecting traces is 0.0748081s
 INFO: [saveStatisticalResults:104] Total execution time for kernels is 1.54766s
 INFO: [run:16] m0 = 8060
 INFO: [activate:15] Activating GPU#0
 INFO: [selectTracesToBeUsedForMidpoint:113] Selecting traces for m0 = 8060
 INFO: [copyOnlySelectedTracesToDevice:118] Selected 1446 traces
 INFO: [copyOnlySelectedTracesToDevice:152] Copy time is 0.0167952
 INFO: [selectTracesToBeUsedForMidpoint:181] Execution time for copying traces is 0.0194357s
 INFO: [saveStatisticalResults:102] Total execution time for selecting traces is 0.0747312s
 INFO: [saveStatisticalResults:104] Total execution time for kernels is 1.55861s
 INFO: [run:16] m0 = 8220
 INFO: [activate:15] Activating GPU#0
 INFO: [selectTracesToBeUsedForMidpoint:113] Selecting traces for m0 = 8220
 INFO: [copyOnlySelectedTracesToDevice:118] Selected 1428 traces
 INFO: [copyOnlySelectedTracesToDevice:152] Copy time is 0.0162358
 INFO: [selectTracesToBeUsedForMidpoint:181] Execution time for copying traces is 0.0188993s
 INFO: [saveStatisticalResults:102] Total execution time for selecting traces is 0.0741399s
 INFO: [saveStatisticalResults:104] Total execution time for kernels is 1.54341s
 INFO: [run:16] m0 = 8380
 INFO: [activate:15] Activating GPU#0
 INFO: [selectTracesToBeUsedForMidpoint:113] Selecting traces for m0 = 8380
 INFO: [copyOnlySelectedTracesToDevice:118] Selected 1394 traces
 INFO: [copyOnlySelectedTracesToDevice:152] Copy time is 0.0163824
 INFO: [selectTracesToBeUsedForMidpoint:181] Execution time for copying traces is 0.0190008s
 INFO: [saveStatisticalResults:102] Total execution time for selecting traces is 0.0742794s
 INFO: [saveStatisticalResults:104] Total execution time for kernels is 1.53233s
 INFO: [run:16] m0 = 8540
 INFO: [activate:15] Activating GPU#0
 INFO: [selectTracesToBeUsedForMidpoint:113] Selecting traces for m0 = 8540
 INFO: [copyOnlySelectedTracesToDevice:118] Selected 1344 traces
 INFO: [copyOnlySelectedTracesToDevice:152] Copy time is 0.0156139
 INFO: [selectTracesToBeUsedForMidpoint:181] Execution time for copying traces is 0.0181833s
 INFO: [saveStatisticalResults:102] Total execution time for selecting traces is 0.0734582s
 INFO: [saveStatisticalResults:104] Total execution time for kernels is 1.50555s
 INFO: [run:16] m0 = 8700
 INFO: [activate:15] Activating GPU#0
 INFO: [selectTracesToBeUsedForMidpoint:113] Selecting traces for m0 = 8700
 INFO: [copyOnlySelectedTracesToDevice:118] Selected 1278 traces
 INFO: [copyOnlySelectedTracesToDevice:152] Copy time is 0.0146595
 INFO: [selectTracesToBeUsedForMidpoint:181] Execution time for copying traces is 0.0171285s
 INFO: [saveStatisticalResults:102] Total execution time for selecting traces is 0.0724485s
 INFO: [saveStatisticalResults:104] Total execution time for kernels is 1.4622s
 INFO: [run:16] m0 = 8860
 INFO: [activate:15] Activating GPU#0
 INFO: [selectTracesToBeUsedForMidpoint:113] Selecting traces for m0 = 8860
 INFO: [copyOnlySelectedTracesToDevice:118] Selected 1196 traces
 INFO: [copyOnlySelectedTracesToDevice:152] Copy time is 0.0139257
 INFO: [selectTracesToBeUsedForMidpoint:181] Execution time for copying traces is 0.0162692s
 INFO: [saveStatisticalResults:102] Total execution time for selecting traces is 0.0714682s
 INFO: [saveStatisticalResults:104] Total execution time for kernels is 1.3854s
 INFO: [run:16] m0 = 9020
 INFO: [activate:15] Activating GPU#0
 INFO: [selectTracesToBeUsedForMidpoint:113] Selecting traces for m0 = 9020
 INFO: [copyOnlySelectedTracesToDevice:118] Selected 1098 traces
 INFO: [copyOnlySelectedTracesToDevice:152] Copy time is 0.0126461
 INFO: [selectTracesToBeUsedForMidpoint:181] Execution time for copying traces is 0.0148815s
 INFO: [saveStatisticalResults:102] Total execution time for selecting traces is 0.0700458s
 INFO: [saveStatisticalResults:104] Total execution time for kernels is 1.25742s
 INFO: [run:16] m0 = 9180
 INFO: [activate:15] Activating GPU#0
 INFO: [selectTracesToBeUsedForMidpoint:113] Selecting traces for m0 = 9180
 INFO: [copyOnlySelectedTracesToDevice:118] Selected 984 traces
 INFO: [copyOnlySelectedTracesToDevice:152] Copy time is 0.0113711
 INFO: [selectTracesToBeUsedForMidpoint:181] Execution time for copying traces is 0.013426s
 INFO: [saveStatisticalResults:102] Total execution time for selecting traces is 0.0687032s
 INFO: [saveStatisticalResults:104] Total execution time for kernels is 1.07841s
 INFO: [run:16] m0 = 9340
 INFO: [activate:15] Activating GPU#0
 INFO: [selectTracesToBeUsedForMidpoint:113] Selecting traces for m0 = 9340
 INFO: [copyOnlySelectedTracesToDevice:118] Selected 854 traces
 INFO: [copyOnlySelectedTracesToDevice:152] Copy time is 0.00978566
 INFO: [selectTracesToBeUsedForMidpoint:181] Execution time for copying traces is 0.0116151s
 INFO: [saveStatisticalResults:102] Total execution time for selecting traces is 0.0669234s
 INFO: [saveStatisticalResults:104] Total execution time for kernels is 0.850025s
 INFO: [run:16] m0 = 9500
 INFO: [activate:15] Activating GPU#0
 INFO: [selectTracesToBeUsedForMidpoint:113] Selecting traces for m0 = 9500
 INFO: [copyOnlySelectedTracesToDevice:118] Selected 708 traces
 INFO: [copyOnlySelectedTracesToDevice:152] Copy time is 0.00815389
 INFO: [selectTracesToBeUsedForMidpoint:181] Execution time for copying traces is 0.00981366s
 INFO: [saveStatisticalResults:102] Total execution time for selecting traces is 0.0665966s
 INFO: [saveStatisticalResults:104] Total execution time for kernels is 0.596165s
 INFO: [run:16] m0 = 9660
 INFO: [activate:15] Activating GPU#0
 INFO: [selectTracesToBeUsedForMidpoint:113] Selecting traces for m0 = 9660
 INFO: [copyOnlySelectedTracesToDevice:118] Selected 546 traces
 INFO: [copyOnlySelectedTracesToDevice:152] Copy time is 0.00637677
 INFO: [selectTracesToBeUsedForMidpoint:181] Execution time for copying traces is 0.0078614s
 INFO: [saveStatisticalResults:102] Total execution time for selecting traces is 0.065995s
 INFO: [saveStatisticalResults:104] Total execution time for kernels is 0.358872s
 INFO: [run:16] m0 = 9820
 INFO: [activate:15] Activating GPU#0
 INFO: [selectTracesToBeUsedForMidpoint:113] Selecting traces for m0 = 9820
 INFO: [copyOnlySelectedTracesToDevice:118] Selected 368 traces
 INFO: [copyOnlySelectedTracesToDevice:152] Copy time is 0.00424738
 INFO: [selectTracesToBeUsedForMidpoint:181] Execution time for copying traces is 0.00537169s
 INFO: [saveStatisticalResults:102] Total execution time for selecting traces is 0.0606071s
 INFO: [saveStatisticalResults:104] Total execution time for kernels is 0.162663s
 INFO: [run:16] m0 = 9860
 INFO: [activate:15] Activating GPU#0
 INFO: [selectTracesToBeUsedForMidpoint:113] Selecting traces for m0 = 9860
 INFO: [copyOnlySelectedTracesToDevice:118] Selected 322 traces
 INFO: [copyOnlySelectedTracesToDevice:152] Copy time is 0.0037481
 INFO: [selectTracesToBeUsedForMidpoint:181] Execution time for copying traces is 0.00470482s
 INFO: [saveStatisticalResults:102] Total execution time for selecting traces is 0.0587692s
 INFO: [saveStatisticalResults:104] Total execution time for kernels is 0.121592s
