 INFO: Number of CDPs = 445
 INFO: Number of traces in the gather = 9200
 INFO: Number of samples per trace = 2502
 INFO: Starting worker threads...
 INFO: Computing semblance for m0 = 0
 INFO: No trace has been selected for m0 = 0. Skipping.
 INFO: Computing semblance for m0 = 1080
 INFO: Computing semblance for m0 = 1100
 INFO: Computing semblance for m0 = 1120
 INFO: Computing semblance for m0 = 1140
 INFO: Computing semblance for m0 = 1160
 INFO: Computing semblance for m0 = 1180
 INFO: Computing semblance for m0 = 1200
 INFO: Total execution time for kernels is 2.2909e-05s
 INFO: Computing semblance for m0 = 1220
 INFO: Total execution time for kernels is 0.530046s
 INFO: Computing semblance for m0 = 1240
 INFO: Total execution time for kernels is 0.630142s
 INFO: Computing semblance for m0 = 1260
 INFO: Total execution time for kernels is 0.713474s
 INFO: Computing semblance for m0 = 1280
 INFO: Total execution time for kernels is 0.838523s
 INFO: Computing semblance for m0 = 1300
 INFO: Total execution time for kernels is 0.924842s
 INFO: Computing semblance for m0 = 1320
 INFO: Total execution time for kernels is 1.06669s
 INFO: Computing semblance for m0 = 1340
 INFO: Total execution time for kernels is 1.17797s
 INFO: Computing semblance for m0 = 1360
 INFO: Total execution time for kernels is 1.3018s
 INFO: Computing semblance for m0 = 1380
 INFO: Total execution time for kernels is 1.30499s
 INFO: Computing semblance for m0 = 1400
 INFO: Total execution time for kernels is 1.4589s
 INFO: Computing semblance for m0 = 1420
 INFO: Total execution time for kernels is 1.57447s
 INFO: Computing semblance for m0 = 1440
 INFO: Total execution time for kernels is 1.76632s
 INFO: Computing semblance for m0 = 1460
 INFO: Total execution time for kernels is 1.81315s
 INFO: Computing semblance for m0 = 1480
 INFO: Total execution time for kernels is 2.02846s
 INFO: Computing semblance for m0 = 1500
 INFO: Total execution time for kernels is 2.08992s
 INFO: Computing semblance for m0 = 1520
 INFO: Total execution time for kernels is 2.23014s
 INFO: Computing semblance for m0 = 1540
 INFO: Total execution time for kernels is 2.35621s
 INFO: Computing semblance for m0 = 1560
 INFO: Total execution time for kernels is 2.57559s
 INFO: Computing semblance for m0 = 1580
 INFO: Total execution time for kernels is 2.67674s
 INFO: Computing semblance for m0 = 1600
 INFO: Total execution time for kernels is 2.90806s
 INFO: Computing semblance for m0 = 1620
 INFO: Total execution time for kernels is 2.89503s
 INFO: Computing semblance for m0 = 1640
 INFO: Total execution time for kernels is 3.16075s
 INFO: Computing semblance for m0 = 1660
 INFO: Total execution time for kernels is 3.1776s
 INFO: Computing semblance for m0 = 1680
 INFO: Total execution time for kernels is 3.3166s
 INFO: Computing semblance for m0 = 1700
 INFO: Total execution time for kernels is 3.44525s
 INFO: Computing semblance for m0 = 1720
 INFO: Total execution time for kernels is 3.69319s
 INFO: Computing semblance for m0 = 1740
 INFO: Total execution time for kernels is 3.79549s
 INFO: Computing semblance for m0 = 1760
 INFO: Total execution time for kernels is 4.05281s
 INFO: Computing semblance for m0 = 1780
 INFO: Total execution time for kernels is 3.98632s
 INFO: Computing semblance for m0 = 1800
 INFO: Total execution time for kernels is 4.30656s
 INFO: Computing semblance for m0 = 1820
 INFO: Total execution time for kernels is 4.27174s
 INFO: Computing semblance for m0 = 1840
 INFO: Total execution time for kernels is 4.4111s
 INFO: Computing semblance for m0 = 1860
 INFO: Total execution time for kernels is 4.5413s
 INFO: Computing semblance for m0 = 1880
 INFO: Total execution time for kernels is 4.82575s
 INFO: Computing semblance for m0 = 1900
 INFO: Total execution time for kernels is 4.9224s
 INFO: Computing semblance for m0 = 1920
 INFO: Total execution time for kernels is 5.08272s
 INFO: Computing semblance for m0 = 1940
 INFO: Total execution time for kernels is 5.23479s
 INFO: Computing semblance for m0 = 1960
 INFO: Total execution time for kernels is 5.44245s
 INFO: Computing semblance for m0 = 1980
 INFO: Total execution time for kernels is 5.37608s
 INFO: Computing semblance for m0 = 2000
 INFO: Total execution time for kernels is 5.49113s
 INFO: Computing semblance for m0 = 2020
 INFO: Total execution time for kernels is 5.60365s
 INFO: Computing semblance for m0 = 2040
 INFO: Total execution time for kernels is 5.87352s
 INFO: Computing semblance for m0 = 2060
 INFO: Total execution time for kernels is 5.93514s
 INFO: Computing semblance for m0 = 2080
 INFO: Total execution time for kernels is 5.88515s
 INFO: Computing semblance for m0 = 2100
 INFO: Total execution time for kernels is 6.33008s
 INFO: Computing semblance for m0 = 2120
 INFO: Total execution time for kernels is 6.10157s
 INFO: Computing semblance for m0 = 2140
 INFO: Total execution time for kernels is 6.31862s
 INFO: Computing semblance for m0 = 2160
 INFO: Total execution time for kernels is 6.15255s
 INFO: Computing semblance for m0 = 2180
 INFO: Total execution time for kernels is 6.19511s
 INFO: Computing semblance for m0 = 2200
 INFO: Total execution time for kernels is 6.43083s
 INFO: Computing semblance for m0 = 2220
 INFO: Total execution time for kernels is 6.40799s
 INFO: Computing semblance for m0 = 2240
 INFO: Total execution time for kernels is 6.26282s
 INFO: Computing semblance for m0 = 2260
 INFO: Total execution time for kernels is 6.68208s
 INFO: Computing semblance for m0 = 2280
 INFO: Total execution time for kernels is 6.27536s
 INFO: Computing semblance for m0 = 2300
 INFO: Total execution time for kernels is 6.56332s
 INFO: Computing semblance for m0 = 2320
 INFO: Total execution time for kernels is 6.27208s
 INFO: Computing semblance for m0 = 2340
 INFO: Total execution time for kernels is 6.27634s
 INFO: Computing semblance for m0 = 2360
 INFO: Total execution time for kernels is 6.52976s
 INFO: Computing semblance for m0 = 2380
 INFO: Total execution time for kernels is 6.4211s
 INFO: Computing semblance for m0 = 2400
 INFO: Total execution time for kernels is 6.26548s
 INFO: Computing semblance for m0 = 2420
 INFO: Total execution time for kernels is 6.6888s
 INFO: Computing semblance for m0 = 2440
 INFO: Total execution time for kernels is 6.27629s
 INFO: Computing semblance for m0 = 2460
 INFO: Total execution time for kernels is 6.57445s
 INFO: Computing semblance for m0 = 2480
 INFO: Total execution time for kernels is 6.27409s
 INFO: Computing semblance for m0 = 2500
 INFO: Total execution time for kernels is 6.279s
 INFO: Computing semblance for m0 = 2520
 INFO: Total execution time for kernels is 6.54696s
 INFO: Computing semblance for m0 = 2540
 INFO: Total execution time for kernels is 6.43307s
 INFO: Computing semblance for m0 = 2560
 INFO: Total execution time for kernels is 6.26691s
 INFO: Computing semblance for m0 = 2580
 INFO: Total execution time for kernels is 6.27598s
 INFO: Computing semblance for m0 = 2600
 INFO: Total execution time for kernels is 6.70004s
 INFO: Computing semblance for m0 = 2620
 INFO: Total execution time for kernels is 6.27884s
 INFO: Computing semblance for m0 = 2640
 INFO: Total execution time for kernels is 6.57616s
 INFO: Computing semblance for m0 = 2660
 INFO: Total execution time for kernels is 6.27961s
 INFO: Computing semblance for m0 = 2680
 INFO: Total execution time for kernels is 6.55992s
 INFO: Computing semblance for m0 = 2700
 INFO: Total execution time for kernels is 6.4351s
 INFO: Computing semblance for m0 = 2720
 INFO: Total execution time for kernels is 6.26951s
 INFO: Computing semblance for m0 = 2740
 INFO: Total execution time for kernels is 6.27877s
 INFO: Computing semblance for m0 = 2760
 INFO: Total execution time for kernels is 6.69327s
 INFO: Computing semblance for m0 = 2780
 INFO: Total execution time for kernels is 6.27921s
 INFO: Computing semblance for m0 = 2800
 INFO: Total execution time for kernels is 6.5674s
 INFO: Computing semblance for m0 = 2820
 INFO: Total execution time for kernels is 6.28131s
 INFO: Computing semblance for m0 = 2840
 INFO: Total execution time for kernels is 6.54978s
 INFO: Computing semblance for m0 = 2860
 INFO: Total execution time for kernels is 6.42434s
 INFO: Computing semblance for m0 = 2880
 INFO: Total execution time for kernels is 6.27482s
 INFO: Computing semblance for m0 = 2900
 INFO: Total execution time for kernels is 6.2783s
 INFO: Computing semblance for m0 = 2920
 INFO: Total execution time for kernels is 6.28113s
 INFO: Computing semblance for m0 = 2940
 INFO: Total execution time for kernels is 6.70032s
 INFO: Computing semblance for m0 = 2960
 INFO: Total execution time for kernels is 6.56715s
 INFO: Computing semblance for m0 = 2980
 INFO: Total execution time for kernels is 6.2861s
 INFO: Computing semblance for m0 = 3000
 INFO: Total execution time for kernels is 6.43177s
 INFO: Computing semblance for m0 = 3020
 INFO: Total execution time for kernels is 6.2727s
 INFO: Computing semblance for m0 = 3040
 INFO: Total execution time for kernels is 6.55559s
 INFO: Computing semblance for m0 = 3060
 INFO: Total execution time for kernels is 6.27927s
 INFO: Computing semblance for m0 = 3080
 INFO: Total execution time for kernels is 6.28142s
 INFO: Computing semblance for m0 = 3100
 INFO: Total execution time for kernels is 6.7015s
 INFO: Computing semblance for m0 = 3120
 INFO: Total execution time for kernels is 6.56817s
 INFO: Computing semblance for m0 = 3140
 INFO: Total execution time for kernels is 6.28531s
 INFO: Computing semblance for m0 = 3160
 INFO: Total execution time for kernels is 6.27456s
 INFO: Computing semblance for m0 = 3180
 INFO: Total execution time for kernels is 6.42632s
 INFO: Computing semblance for m0 = 3200
 INFO: Total execution time for kernels is 6.56008s
 INFO: Computing semblance for m0 = 3220
 INFO: Total execution time for kernels is 6.27952s
 INFO: Computing semblance for m0 = 3240
 INFO: Total execution time for kernels is 6.28299s
 INFO: Computing semblance for m0 = 3260
 INFO: Total execution time for kernels is 6.69742s
 INFO: Computing semblance for m0 = 3280
 INFO: Total execution time for kernels is 6.28684s
 INFO: Computing semblance for m0 = 3300
 INFO: Total execution time for kernels is 6.57036s
 INFO: Computing semblance for m0 = 3320
 INFO: Total execution time for kernels is 6.27491s
 INFO: Computing semblance for m0 = 3340
 INFO: Total execution time for kernels is 6.43387s
 INFO: Computing semblance for m0 = 3360
 INFO: Total execution time for kernels is 6.56512s
 INFO: Computing semblance for m0 = 3380
 INFO: Total execution time for kernels is 6.27987s
 INFO: Computing semblance for m0 = 3400
 INFO: Total execution time for kernels is 6.28543s
 INFO: Computing semblance for m0 = 3420
 INFO: Total execution time for kernels is 6.2872s
 INFO: Computing semblance for m0 = 3440
 INFO: Total execution time for kernels is 6.70231s
 INFO: Computing semblance for m0 = 3460
 INFO: Total execution time for kernels is 6.58438s
 INFO: Computing semblance for m0 = 3480
 INFO: Total execution time for kernels is 6.27527s
 INFO: Computing semblance for m0 = 3500
 INFO: Total execution time for kernels is 6.43022s
 INFO: Computing semblance for m0 = 3520
 INFO: Total execution time for kernels is 6.57582s
 INFO: Computing semblance for m0 = 3540
 INFO: Total execution time for kernels is 6.28039s
 INFO: Computing semblance for m0 = 3560
 INFO: Total execution time for kernels is 6.28593s
 INFO: Computing semblance for m0 = 3580
 INFO: Total execution time for kernels is 6.28912s
 INFO: Computing semblance for m0 = 3600
 INFO: Total execution time for kernels is 6.6957s
 INFO: Computing semblance for m0 = 3620
 INFO: Total execution time for kernels is 6.58449s
 INFO: Computing semblance for m0 = 3640
 INFO: Total execution time for kernels is 6.27621s
 INFO: Computing semblance for m0 = 3660
 INFO: Total execution time for kernels is 6.4284s
 INFO: Computing semblance for m0 = 3680
 INFO: Total execution time for kernels is 6.57278s
 INFO: Computing semblance for m0 = 3700
 INFO: Total execution time for kernels is 6.28087s
 INFO: Computing semblance for m0 = 3720
 INFO: Total execution time for kernels is 6.28647s
 INFO: Computing semblance for m0 = 3740
 INFO: Total execution time for kernels is 6.2919s
 INFO: Computing semblance for m0 = 3760
 INFO: Total execution time for kernels is 6.57403s
 INFO: Computing semblance for m0 = 3780
 INFO: Total execution time for kernels is 6.69681s
 INFO: Computing semblance for m0 = 3800
 INFO: Total execution time for kernels is 6.27741s
 INFO: Computing semblance for m0 = 3820
 INFO: Total execution time for kernels is 6.44038s
 INFO: Computing semblance for m0 = 3840
 INFO: Total execution time for kernels is 6.57482s
 INFO: Computing semblance for m0 = 3860
 INFO: Total execution time for kernels is 6.28048s
 INFO: Computing semblance for m0 = 3880
 INFO: Total execution time for kernels is 6.28798s
 INFO: Computing semblance for m0 = 3900
 INFO: Total execution time for kernels is 6.29009s
 INFO: Computing semblance for m0 = 3920
 INFO: Total execution time for kernels is 6.57352s
 INFO: Computing semblance for m0 = 3940
 INFO: Total execution time for kernels is 6.70973s
 INFO: Computing semblance for m0 = 3960
 INFO: Total execution time for kernels is 6.2771s
 INFO: Computing semblance for m0 = 3980
 INFO: Total execution time for kernels is 6.4386s
 INFO: Computing semblance for m0 = 4000
 INFO: Total execution time for kernels is 6.28112s
 INFO: Computing semblance for m0 = 4020
 INFO: Total execution time for kernels is 6.57524s
 INFO: Computing semblance for m0 = 4040
 INFO: Total execution time for kernels is 6.28916s
 INFO: Computing semblance for m0 = 4060
 INFO: Total execution time for kernels is 6.29129s
 INFO: Computing semblance for m0 = 4080
 INFO: Total execution time for kernels is 6.58251s
 INFO: Computing semblance for m0 = 4100
 INFO: Total execution time for kernels is 6.70186s
 INFO: Computing semblance for m0 = 4120
 INFO: Total execution time for kernels is 6.27606s
 INFO: Computing semblance for m0 = 4140
 INFO: Total execution time for kernels is 6.42411s
 INFO: Computing semblance for m0 = 4160
 INFO: Total execution time for kernels is 6.28424s
 INFO: Computing semblance for m0 = 4180
 INFO: Total execution time for kernels is 6.5806s
 INFO: Computing semblance for m0 = 4200
 INFO: Total execution time for kernels is 6.28883s
 INFO: Computing semblance for m0 = 4220
 INFO: Total execution time for kernels is 6.29263s
 INFO: Computing semblance for m0 = 4240
 INFO: Total execution time for kernels is 6.57116s
 INFO: Computing semblance for m0 = 4260
 INFO: Total execution time for kernels is 6.69365s
 INFO: Computing semblance for m0 = 4280
 INFO: Total execution time for kernels is 6.27643s
 INFO: Computing semblance for m0 = 4300
 INFO: Total execution time for kernels is 6.42735s
 INFO: Computing semblance for m0 = 4320
 INFO: Total execution time for kernels is 6.28096s
 INFO: Computing semblance for m0 = 4340
 INFO: Total execution time for kernels is 6.57341s
 INFO: Computing semblance for m0 = 4360
 INFO: Total execution time for kernels is 6.29053s
 INFO: Computing semblance for m0 = 4380
 INFO: Total execution time for kernels is 6.2903s
 INFO: Computing semblance for m0 = 4400
 INFO: Total execution time for kernels is 6.57448s
 INFO: Computing semblance for m0 = 4420
 INFO: Total execution time for kernels is 6.27263s
 INFO: Computing semblance for m0 = 4440
 INFO: Total execution time for kernels is 6.70027s
 INFO: Computing semblance for m0 = 4460
 INFO: Total execution time for kernels is 6.43816s
 INFO: Computing semblance for m0 = 4480
 INFO: Total execution time for kernels is 6.28102s
 INFO: Computing semblance for m0 = 4500
 INFO: Total execution time for kernels is 6.29351s
 INFO: Computing semblance for m0 = 4520
 INFO: Total execution time for kernels is 6.57084s
 INFO: Computing semblance for m0 = 4540
 INFO: Total execution time for kernels is 6.29051s
 INFO: Computing semblance for m0 = 4560
 INFO: Total execution time for kernels is 6.57251s
 INFO: Computing semblance for m0 = 4580
 INFO: Total execution time for kernels is 6.27921s
 INFO: Computing semblance for m0 = 4600
 INFO: Total execution time for kernels is 6.70103s
 INFO: Computing semblance for m0 = 4620
 INFO: Total execution time for kernels is 6.43778s
 INFO: Computing semblance for m0 = 4640
 INFO: Total execution time for kernels is 6.28098s
 INFO: Computing semblance for m0 = 4660
 INFO: Total execution time for kernels is 6.29173s
 INFO: Computing semblance for m0 = 4680
 INFO: Total execution time for kernels is 6.56449s
 INFO: Computing semblance for m0 = 4700
 INFO: Total execution time for kernels is 6.29076s
 INFO: Computing semblance for m0 = 4720
 INFO: Total execution time for kernels is 6.27763s
 INFO: Computing semblance for m0 = 4740
 INFO: Total execution time for kernels is 6.56949s
 INFO: Computing semblance for m0 = 4760
 INFO: Total execution time for kernels is 6.70061s
 INFO: Computing semblance for m0 = 4780
 INFO: Total execution time for kernels is 6.43793s
 INFO: Computing semblance for m0 = 4800
 INFO: Total execution time for kernels is 6.28436s
 INFO: Computing semblance for m0 = 4820
 INFO: Total execution time for kernels is 6.29081s
 INFO: Computing semblance for m0 = 4840
 INFO: Total execution time for kernels is 6.56915s
 INFO: Computing semblance for m0 = 4860
 INFO: Total execution time for kernels is 6.29013s
 INFO: Computing semblance for m0 = 4880
 INFO: Total execution time for kernels is 6.28282s
 INFO: Computing semblance for m0 = 4900
 INFO: Total execution time for kernels is 6.57005s
 INFO: Computing semblance for m0 = 4920
 INFO: Total execution time for kernels is 6.69842s
 INFO: Computing semblance for m0 = 4940
 INFO: Total execution time for kernels is 6.28382s
 INFO: Computing semblance for m0 = 4960
 INFO: Total execution time for kernels is 6.4273s
 INFO: Computing semblance for m0 = 4980
 INFO: Total execution time for kernels is 6.29053s
 INFO: Computing semblance for m0 = 5000
 INFO: Total execution time for kernels is 6.57757s
 INFO: Computing semblance for m0 = 5020
 INFO: Total execution time for kernels is 6.29093s
 INFO: Computing semblance for m0 = 5040
 INFO: Total execution time for kernels is 6.27871s
 INFO: Computing semblance for m0 = 5060
 INFO: Total execution time for kernels is 6.57259s
 INFO: Computing semblance for m0 = 5080
 INFO: Total execution time for kernels is 6.28218s
 INFO: Computing semblance for m0 = 5100
 INFO: Total execution time for kernels is 6.69745s
 INFO: Computing semblance for m0 = 5120
 INFO: Total execution time for kernels is 6.42786s
 INFO: Computing semblance for m0 = 5140
 INFO: Total execution time for kernels is 6.29093s
 INFO: Computing semblance for m0 = 5160
 INFO: Total execution time for kernels is 6.29515s
 INFO: Computing semblance for m0 = 5180
 INFO: Total execution time for kernels is 6.57593s
 INFO: Computing semblance for m0 = 5200
 INFO: Total execution time for kernels is 6.28028s
 INFO: Computing semblance for m0 = 5220
 INFO: Total execution time for kernels is 6.57565s
 INFO: Computing semblance for m0 = 5240
 INFO: Total execution time for kernels is 6.2826s
 INFO: Computing semblance for m0 = 5260
 INFO: Total execution time for kernels is 6.43027s
 INFO: Computing semblance for m0 = 5280
 INFO: Total execution time for kernels is 6.70973s
 INFO: Computing semblance for m0 = 5300
 INFO: Total execution time for kernels is 6.29114s
 INFO: Computing semblance for m0 = 5320
 INFO: Total execution time for kernels is 6.29126s
 INFO: Computing semblance for m0 = 5340
 INFO: Total execution time for kernels is 6.57946s
 INFO: Computing semblance for m0 = 5360
 INFO: Total execution time for kernels is 6.28017s
 INFO: Computing semblance for m0 = 5380
 INFO: Total execution time for kernels is 6.58238s
 INFO: Computing semblance for m0 = 5400
 INFO: Total execution time for kernels is 6.2824s
 INFO: Computing semblance for m0 = 5420
 INFO: Total execution time for kernels is 6.42869s
 INFO: Computing semblance for m0 = 5440
 INFO: Total execution time for kernels is 6.29162s
 INFO: Computing semblance for m0 = 5460
 INFO: Total execution time for kernels is 6.70476s
 INFO: Computing semblance for m0 = 5480
 INFO: Total execution time for kernels is 6.29085s
 INFO: Computing semblance for m0 = 5500
 INFO: Total execution time for kernels is 6.58689s
 INFO: Computing semblance for m0 = 5520
 INFO: Total execution time for kernels is 6.27502s
 INFO: Computing semblance for m0 = 5540
 INFO: Total execution time for kernels is 6.57407s
 INFO: Computing semblance for m0 = 5560
 INFO: Total execution time for kernels is 6.28233s
 INFO: Computing semblance for m0 = 5580
 INFO: Total execution time for kernels is 6.42718s
 INFO: Computing semblance for m0 = 5600
 INFO: Total execution time for kernels is 6.29233s
 INFO: Computing semblance for m0 = 5620
 INFO: Total execution time for kernels is 6.70357s
 INFO: Computing semblance for m0 = 5640
 INFO: Total execution time for kernels is 6.29213s
 INFO: Computing semblance for m0 = 5660
 INFO: Total execution time for kernels is 6.58152s
 INFO: Computing semblance for m0 = 5680
 INFO: Total execution time for kernels is 6.27527s
 INFO: Computing semblance for m0 = 5700
 INFO: Total execution time for kernels is 6.28232s
 INFO: Computing semblance for m0 = 5720
 INFO: Total execution time for kernels is 6.57458s
 INFO: Computing semblance for m0 = 5740
 INFO: Total execution time for kernels is 6.44021s
 INFO: Computing semblance for m0 = 5760
 INFO: Total execution time for kernels is 6.29219s
 INFO: Computing semblance for m0 = 5780
 INFO: Total execution time for kernels is 6.69808s
 INFO: Computing semblance for m0 = 5800
 INFO: Total execution time for kernels is 6.29249s
 INFO: Computing semblance for m0 = 5820
 INFO: Total execution time for kernels is 6.59286s
 INFO: Computing semblance for m0 = 5840
 INFO: Total execution time for kernels is 6.27608s
 INFO: Computing semblance for m0 = 5860
 INFO: Total execution time for kernels is 6.28628s
 INFO: Computing semblance for m0 = 5880
 INFO: Total execution time for kernels is 6.57639s
 INFO: Computing semblance for m0 = 5900
 INFO: Total execution time for kernels is 6.29521s
 INFO: Computing semblance for m0 = 5920
 INFO: Total execution time for kernels is 6.4413s
 INFO: Computing semblance for m0 = 5940
 INFO: Total execution time for kernels is 6.2919s
 INFO: Computing semblance for m0 = 5960
 INFO: Total execution time for kernels is 6.69929s
 INFO: Computing semblance for m0 = 5980
 INFO: Total execution time for kernels is 6.60446s
 INFO: Computing semblance for m0 = 6000
 INFO: Total execution time for kernels is 6.28216s
 INFO: Computing semblance for m0 = 6020
 INFO: Total execution time for kernels is 6.2834s
 INFO: Computing semblance for m0 = 6040
 INFO: Total execution time for kernels is 6.57709s
 INFO: Computing semblance for m0 = 6060
 INFO: Total execution time for kernels is 6.29236s
 INFO: Computing semblance for m0 = 6080
 INFO: Total execution time for kernels is 6.42729s
 INFO: Computing semblance for m0 = 6100
 INFO: Total execution time for kernels is 6.29646s
 INFO: Computing semblance for m0 = 6120
 INFO: Total execution time for kernels is 6.70745s
 INFO: Computing semblance for m0 = 6140
 INFO: Total execution time for kernels is 6.60064s
 INFO: Computing semblance for m0 = 6160
 INFO: Total execution time for kernels is 6.28634s
 INFO: Computing semblance for m0 = 6180
 INFO: Total execution time for kernels is 6.28268s
 INFO: Computing semblance for m0 = 6200
 INFO: Total execution time for kernels is 6.29291s
 INFO: Computing semblance for m0 = 6220
 INFO: Total execution time for kernels is 6.57396s
 INFO: Computing semblance for m0 = 6240
 INFO: Total execution time for kernels is 6.43218s
 INFO: Computing semblance for m0 = 6260
 INFO: Total execution time for kernels is 6.29457s
 INFO: Computing semblance for m0 = 6280
 INFO: Total execution time for kernels is 6.71185s
 INFO: Computing semblance for m0 = 6300
 INFO: Total execution time for kernels is 6.60826s
 INFO: Computing semblance for m0 = 6320
 INFO: Total execution time for kernels is 6.28114s
 INFO: Computing semblance for m0 = 6340
 INFO: Total execution time for kernels is 6.28355s
 INFO: Computing semblance for m0 = 6360
 INFO: Total execution time for kernels is 6.29166s
 INFO: Computing semblance for m0 = 6380
 INFO: Total execution time for kernels is 6.57415s
 INFO: Computing semblance for m0 = 6400
 INFO: Total execution time for kernels is 6.43686s
 INFO: Computing semblance for m0 = 6420
 INFO: Total execution time for kernels is 6.29331s
 INFO: Computing semblance for m0 = 6440
 INFO: Total execution time for kernels is 6.70149s
 INFO: Computing semblance for m0 = 6460
 INFO: Total execution time for kernels is 6.60026s
 INFO: Computing semblance for m0 = 6480
 INFO: Total execution time for kernels is 6.28179s
 INFO: Computing semblance for m0 = 6500
 INFO: Total execution time for kernels is 6.28339s
 INFO: Computing semblance for m0 = 6520
 INFO: Total execution time for kernels is 6.29351s
 INFO: Computing semblance for m0 = 6540
 INFO: Total execution time for kernels is 6.57458s
 INFO: Computing semblance for m0 = 6560
 INFO: Total execution time for kernels is 6.45179s
 INFO: Computing semblance for m0 = 6580
 INFO: Total execution time for kernels is 6.29336s
 INFO: Computing semblance for m0 = 6600
 INFO: Total execution time for kernels is 6.70323s
 INFO: Computing semblance for m0 = 6620
 INFO: Total execution time for kernels is 6.28203s
 INFO: Computing semblance for m0 = 6640
 INFO: Total execution time for kernels is 6.60761s
 INFO: Computing semblance for m0 = 6660
 INFO: Total execution time for kernels is 6.28305s
 INFO: Computing semblance for m0 = 6680
 INFO: Total execution time for kernels is 6.29327s
 INFO: Computing semblance for m0 = 6700
 INFO: Total execution time for kernels is 6.45363s
 INFO: Computing semblance for m0 = 6720
 INFO: Total execution time for kernels is 6.58686s
 INFO: Computing semblance for m0 = 6740
 INFO: Total execution time for kernels is 6.29342s
 INFO: Computing semblance for m0 = 6760
 INFO: Total execution time for kernels is 6.70289s
 INFO: Computing semblance for m0 = 6780
 INFO: Total execution time for kernels is 6.29038s
 INFO: Computing semblance for m0 = 6800
 INFO: Total execution time for kernels is 6.60339s
 INFO: Computing semblance for m0 = 6820
 INFO: Total execution time for kernels is 6.28307s
 INFO: Computing semblance for m0 = 6840
 INFO: Total execution time for kernels is 6.29235s
 INFO: Computing semblance for m0 = 6860
 INFO: Total execution time for kernels is 6.43976s
 INFO: Computing semblance for m0 = 6880
 INFO: Total execution time for kernels is 6.57506s
 INFO: Computing semblance for m0 = 6900
 INFO: Total execution time for kernels is 6.29293s
 INFO: Computing semblance for m0 = 6920
 INFO: Total execution time for kernels is 6.28361s
 INFO: Total execution time for kernels is 6.70339s
 INFO: Computing semblance for m0 = 6940
 INFO: Computing semblance for m0 = 6960
 INFO: Total execution time for kernels is 6.60237s
 INFO: Computing semblance for m0 = 6980
 INFO: Total execution time for kernels is 6.28318s
 INFO: Computing semblance for m0 = 7000
 INFO: Total execution time for kernels is 6.2928s
 INFO: Computing semblance for m0 = 7020
 INFO: Total execution time for kernels is 6.44767s
 INFO: Computing semblance for m0 = 7040
 INFO: Total execution time for kernels is 6.29371s
 INFO: Computing semblance for m0 = 7060
 INFO: Total execution time for kernels is 6.57507s
 INFO: Computing semblance for m0 = 7080
 INFO: Total execution time for kernels is 6.2765s
 INFO: Computing semblance for m0 = 7100
 INFO: Total execution time for kernels is 6.70343s
 INFO: Computing semblance for m0 = 7120
 INFO: Total execution time for kernels is 6.60042s
 INFO: Computing semblance for m0 = 7140
 INFO: Total execution time for kernels is 6.28313s
 INFO: Computing semblance for m0 = 7160
 INFO: Total execution time for kernels is 6.29365s
 INFO: Computing semblance for m0 = 7180
 INFO: Total execution time for kernels is 6.29166s
 INFO: Computing semblance for m0 = 7200
 INFO: Total execution time for kernels is 6.44398s
 INFO: Computing semblance for m0 = 7220
 INFO: Total execution time for kernels is 6.57891s
 INFO: Computing semblance for m0 = 7240
 INFO: Total execution time for kernels is 6.28568s
 INFO: Computing semblance for m0 = 7260
 INFO: Total execution time for kernels is 6.7034s
 INFO: Computing semblance for m0 = 7280
 INFO: Total execution time for kernels is 6.59424s
 INFO: Computing semblance for m0 = 7300
 INFO: Total execution time for kernels is 6.28376s
 INFO: Computing semblance for m0 = 7320
 INFO: Total execution time for kernels is 6.29314s
 INFO: Computing semblance for m0 = 7340
 INFO: Total execution time for kernels is 6.29346s
 INFO: Computing semblance for m0 = 7360
 INFO: Total execution time for kernels is 6.4297s
 INFO: Computing semblance for m0 = 7380
 INFO: Total execution time for kernels is 6.57318s
 INFO: Computing semblance for m0 = 7400
 INFO: Total execution time for kernels is 6.27625s
 INFO: Computing semblance for m0 = 7420
 INFO: Total execution time for kernels is 6.7022s
 INFO: Computing semblance for m0 = 7440
 INFO: Total execution time for kernels is 6.28656s
 INFO: Computing semblance for m0 = 7460
 INFO: Total execution time for kernels is 6.58665s
 INFO: Computing semblance for m0 = 7480
 INFO: Total execution time for kernels is 6.29315s
 INFO: Computing semblance for m0 = 7500
 INFO: Total execution time for kernels is 6.29781s
 INFO: Computing semblance for m0 = 7520
 INFO: Total execution time for kernels is 6.44239s
 INFO: Computing semblance for m0 = 7540
 INFO: Total execution time for kernels is 6.57986s
 INFO: Computing semblance for m0 = 7560
 INFO: Total execution time for kernels is 6.27539s
 INFO: Computing semblance for m0 = 7580
 INFO: Total execution time for kernels is 6.28207s
 INFO: Computing semblance for m0 = 7600
 INFO: Total execution time for kernels is 6.70965s
 INFO: Computing semblance for m0 = 7620
 INFO: Total execution time for kernels is 6.57941s
 INFO: Computing semblance for m0 = 7640
 INFO: Total execution time for kernels is 6.29274s
 INFO: Computing semblance for m0 = 7660
 INFO: Total execution time for kernels is 6.29373s
 INFO: Computing semblance for m0 = 7680
 INFO: Total execution time for kernels is 6.44293s
 INFO: Computing semblance for m0 = 7700
 INFO: Total execution time for kernels is 6.57485s
 INFO: Computing semblance for m0 = 7720
 INFO: Total execution time for kernels is 6.27615s
 INFO: Computing semblance for m0 = 7740
 INFO: Total execution time for kernels is 6.28282s
 INFO: Computing semblance for m0 = 7760
 INFO: Total execution time for kernels is 6.69948s
 INFO: Computing semblance for m0 = 7780
 INFO: Total execution time for kernels is 6.58369s
 INFO: Computing semblance for m0 = 7800
 INFO: Total execution time for kernels is 6.29213s
 INFO: Computing semblance for m0 = 7820
 INFO: Total execution time for kernels is 6.29341s
 INFO: Computing semblance for m0 = 7840
 INFO: Total execution time for kernels is 6.44308s
 INFO: Computing semblance for m0 = 7860
 INFO: Total execution time for kernels is 6.57255s
 INFO: Computing semblance for m0 = 7880
 INFO: Total execution time for kernels is 6.29073s
 INFO: Computing semblance for m0 = 7900
 INFO: Total execution time for kernels is 6.28258s
 INFO: Computing semblance for m0 = 7920
 INFO: Total execution time for kernels is 6.70749s
 INFO: Computing semblance for m0 = 7940
 INFO: Total execution time for kernels is 6.29226s
 INFO: Computing semblance for m0 = 7960
 INFO: Total execution time for kernels is 6.57076s
 INFO: Computing semblance for m0 = 7980
 INFO: Total execution time for kernels is 6.29368s
 INFO: Computing semblance for m0 = 8000
 INFO: Total execution time for kernels is 6.4398s
 INFO: Computing semblance for m0 = 8020
 INFO: Total execution time for kernels is 6.57525s
 INFO: Computing semblance for m0 = 8040
 INFO: Total execution time for kernels is 6.29866s
 INFO: Computing semblance for m0 = 8060
 INFO: Total execution time for kernels is 6.28279s
 INFO: Computing semblance for m0 = 8080
 INFO: Total execution time for kernels is 6.29262s
 INFO: Computing semblance for m0 = 8100
 INFO: Total execution time for kernels is 6.70294s
 INFO: Computing semblance for m0 = 8120
 INFO: Total execution time for kernels is 6.58425s
 INFO: Computing semblance for m0 = 8140
 INFO: Total execution time for kernels is 6.29391s
 INFO: Computing semblance for m0 = 8160
 INFO: Total execution time for kernels is 6.42747s
 INFO: Computing semblance for m0 = 8180
 INFO: Total execution time for kernels is 6.57215s
 INFO: Computing semblance for m0 = 8200
 INFO: Total execution time for kernels is 6.27963s
 INFO: Computing semblance for m0 = 8220
 INFO: Total execution time for kernels is 6.28493s
 INFO: Computing semblance for m0 = 8240
 INFO: Total execution time for kernels is 6.29206s
 INFO: Computing semblance for m0 = 8260
 INFO: Total execution time for kernels is 6.58886s
 INFO: Computing semblance for m0 = 8280
 INFO: Total execution time for kernels is 6.69731s
 INFO: Computing semblance for m0 = 8300
 INFO: Total execution time for kernels is 6.29534s
 INFO: Computing semblance for m0 = 8320
 INFO: Total execution time for kernels is 6.43968s
 INFO: Computing semblance for m0 = 8340
 INFO: Total execution time for kernels is 6.28416s
 INFO: Computing semblance for m0 = 8360
 INFO: Total execution time for kernels is 6.57569s
 INFO: Computing semblance for m0 = 8380
 INFO: Total execution time for kernels is 6.28741s
 INFO: Computing semblance for m0 = 8400
 INFO: Total execution time for kernels is 6.29203s
 INFO: Computing semblance for m0 = 8420
 INFO: Total execution time for kernels is 6.59364s
 INFO: Computing semblance for m0 = 8440
 INFO: Total execution time for kernels is 6.70675s
 INFO: Computing semblance for m0 = 8460
 INFO: Total execution time for kernels is 6.29401s
 INFO: Computing semblance for m0 = 8480
 INFO: Total execution time for kernels is 6.42377s
 INFO: Computing semblance for m0 = 8500
 INFO: Total execution time for kernels is 6.28776s
 INFO: Computing semblance for m0 = 8520
 INFO: Total execution time for kernels is 6.57311s
 INFO: Computing semblance for m0 = 8540
 INFO: Total execution time for kernels is 6.28546s
 INFO: Computing semblance for m0 = 8560
 INFO: Total execution time for kernels is 6.29234s
 INFO: Computing semblance for m0 = 8580
 INFO: Total execution time for kernels is 6.58105s
 INFO: Computing semblance for m0 = 8600
 INFO: Total execution time for kernels is 6.29677s
 INFO: Computing semblance for m0 = 8620
 INFO: Total execution time for kernels is 6.70153s
 INFO: Computing semblance for m0 = 8640
 INFO: Total execution time for kernels is 6.42558s
 INFO: Computing semblance for m0 = 8660
 INFO: Total execution time for kernels is 6.27988s
 INFO: Computing semblance for m0 = 8680
 INFO: Total execution time for kernels is 6.57945s
 INFO: Computing semblance for m0 = 8700
 INFO: Total execution time for kernels is 6.28195s
 INFO: Computing semblance for m0 = 8720
 INFO: Total execution time for kernels is 6.29206s
 INFO: Computing semblance for m0 = 8740
 INFO: Total execution time for kernels is 6.29248s
 INFO: Computing semblance for m0 = 8760
 INFO: Total execution time for kernels is 6.59606s
 INFO: Computing semblance for m0 = 8780
 INFO: Total execution time for kernels is 6.71036s
 INFO: Computing semblance for m0 = 8800
 INFO: Total execution time for kernels is 6.42825s
 INFO: Computing semblance for m0 = 8820
 INFO: Total execution time for kernels is 6.28062s
 INFO: Computing semblance for m0 = 8840
 INFO: Total execution time for kernels is 6.57475s
 INFO: Computing semblance for m0 = 8860
 INFO: Total execution time for kernels is 6.28233s
 INFO: Computing semblance for m0 = 8880
 INFO: Total execution time for kernels is 6.29282s
 INFO: Computing semblance for m0 = 8900
 INFO: Total execution time for kernels is 6.29345s
 INFO: Computing semblance for m0 = 8920
 INFO: Total execution time for kernels is 6.60374s
 INFO: Computing semblance for m0 = 8940
 INFO: Total execution time for kernels is 6.70127s
 INFO: Computing semblance for m0 = 8960
 INFO: Total execution time for kernels is 6.44094s
 INFO: Computing semblance for m0 = 8980
 INFO: Total execution time for kernels is 6.27574s
 INFO: Computing semblance for m0 = 9000
 INFO: Total execution time for kernels is 6.57247s
 INFO: Computing semblance for m0 = 9020
 INFO: Total execution time for kernels is 6.2828s
 INFO: Computing semblance for m0 = 9040
 INFO: Total execution time for kernels is 6.29325s
 INFO: Computing semblance for m0 = 9060
 INFO: Total execution time for kernels is 6.29342s
 INFO: Computing semblance for m0 = 9080
 INFO: Total execution time for kernels is 6.58661s
 INFO: Computing semblance for m0 = 9100
 INFO: Total execution time for kernels is 6.65769s
 INFO: Computing semblance for m0 = 9120
 INFO: Total execution time for kernels is 6.3656s
 INFO: Computing semblance for m0 = 9140
 INFO: Total execution time for kernels is 6.1651s
 INFO: Computing semblance for m0 = 9160
 INFO: Total execution time for kernels is 6.40076s
 INFO: Computing semblance for m0 = 9180
 INFO: Total execution time for kernels is 6.06252s
 INFO: Computing semblance for m0 = 9200
 INFO: Total execution time for kernels is 6.00012s
 INFO: Computing semblance for m0 = 9220
 INFO: Total execution time for kernels is 5.92935s
 INFO: Computing semblance for m0 = 9240
 INFO: Total execution time for kernels is 6.12991s
 INFO: Computing semblance for m0 = 9260
 INFO: Total execution time for kernels is 5.77954s
 INFO: Computing semblance for m0 = 9280
 INFO: Total execution time for kernels is 6.126s
 INFO: Computing semblance for m0 = 9300
 INFO: Total execution time for kernels is 5.52427s
 INFO: Computing semblance for m0 = 9320
 INFO: Total execution time for kernels is 5.27966s
 INFO: Computing semblance for m0 = 9340
 INFO: Total execution time for kernels is 5.66146s
 INFO: Computing semblance for m0 = 9360
 INFO: Total execution time for kernels is 5.14308s
 INFO: Computing semblance for m0 = 9380
 INFO: Total execution time for kernels is 5.01865s
 INFO: Computing semblance for m0 = 9400
 INFO: Total execution time for kernels is 5.11681s
 INFO: Computing semblance for m0 = 9420
 INFO: Total execution time for kernels is 4.4641s
 INFO: Computing semblance for m0 = 9440
 INFO: Total execution time for kernels is 4.86157s
 INFO: Computing semblance for m0 = 9460
 INFO: Total execution time for kernels is 4.89963s
 INFO: Computing semblance for m0 = 9480
 INFO: Total execution time for kernels is 4.32359s
 INFO: Computing semblance for m0 = 9500
 INFO: Total execution time for kernels is 4.39113s
 INFO: Computing semblance for m0 = 9520
 INFO: Total execution time for kernels is 4.05953s
 INFO: Computing semblance for m0 = 9540
 INFO: Total execution time for kernels is 3.93443s
 INFO: Computing semblance for m0 = 9560
 INFO: Total execution time for kernels is 3.65102s
 INFO: Total execution time for kernels is 3.59967s
 INFO: Computing semblance for m0 = 9580
 INFO: Computing semblance for m0 = 9600
 INFO: Total execution time for kernels is 3.60711s
 INFO: Computing semblance for m0 = 9620
 INFO: Total execution time for kernels is 3.97467s
 INFO: Computing semblance for m0 = 9640
 INFO: Total execution time for kernels is 3.23695s
 INFO: Computing semblance for m0 = 9660
 INFO: Total execution time for kernels is 2.9699s
 INFO: Computing semblance for m0 = 9680
 INFO: Total execution time for kernels is 3.25938s
 INFO: Computing semblance for m0 = 9700
 INFO: Total execution time for kernels is 2.84326s
 INFO: Computing semblance for m0 = 9720
 INFO: Total execution time for kernels is 2.4029s
 INFO: Computing semblance for m0 = 9740
 INFO: Total execution time for kernels is 2.62823s
 INFO: Computing semblance for m0 = 9760
 INFO: Total execution time for kernels is 2.68815s
 INFO: Computing semblance for m0 = 9780
 INFO: Total execution time for kernels is 2.57991s
 INFO: Computing semblance for m0 = 9800
 INFO: Total execution time for kernels is 2.14472s
 INFO: Computing semblance for m0 = 9820
 INFO: Total execution time for kernels is 1.95783s
 INFO: Computing semblance for m0 = 9840
 INFO: Total execution time for kernels is 2.02182s
 INFO: Computing semblance for m0 = 9860
 INFO: Total execution time for kernels is 1.74735s
 INFO: Computing semblance for m0 = 9880
 INFO: Total execution time for kernels is 0.797228s
 INFO: Computing semblance for m0 = 9900
 INFO: Total execution time for kernels is 1.05053s
 INFO: Computing semblance for m0 = 9920
 INFO: Total execution time for kernels is 1.27361s
 INFO: Computing semblance for m0 = 9940
 INFO: Total execution time for kernels is 1.32184s
 INFO: Total execution time for kernels is 0.957632s
 INFO: Total execution time for kernels is 1.509s
 INFO: Total execution time for kernels is 1.66845s
 INFO: Total execution time for kernels is 0.6905s
 INFO: Total execution time for kernels is 0.414753s
 INFO: Total execution time for kernels is 0.492082s
 INFO: Total execution time for kernels is 0.582119s
 INFO: Average of efficiency is 1
 INFO: Average of interpolations_per_sec is 2.5388e+10
 INFO: Average of selected_traces is 309.888
 INFO: Average of total_selection_kernel_exec_time is 0.00706361
 INFO: Average of total_kernel_exec_time is 5.77243
 INFO: Driver init. duration is 0.321947 s
 INFO: Read gather duration is 0.121409 s
 INFO: Parse args. duration is 0.000243964 s
 INFO: Worker threads duration is 330.475 s
 INFO: Dump results duration is 0.514143 s
 INFO: Thread/block is 32
 INFO: Results written to /home/ubuntu/nfs/out/55766d4e2_master_p2.8xlarge/zocrs/greedy/cuda/simple-synthetic_2/simple-synthetic_greedy_zocrs_20210307_1819/
 INFO: It took 331.444s to compute.
