 INFO: Number of CDPs = 445
 INFO: Number of traces in the gather = 9200
 INFO: Number of samples per trace = 2502
 INFO: Starting worker threads...
 INFO: Computing semblance for m0 = 0
 INFO: Computing semblance for m0 = 1080
 INFO: No trace has been selected for m0 = 0. Skipping.
 INFO: Total execution time for kernels is 0.000328031s
 INFO: Computing semblance for m0 = 1100
 INFO: Computing semblance for m0 = 1120
 INFO: Computing semblance for m0 = 1140
 INFO: Computing semblance for m0 = 1160
 INFO: Computing semblance for m0 = 1180
 INFO: Computing semblance for m0 = 1200
 INFO: Computing semblance for m0 = 1220
 INFO: Computing semblance for m0 = 1240
 INFO: Computing semblance for m0 = 1260
 INFO: Computing semblance for m0 = 1280
 INFO: Computing semblance for m0 = 1300
 INFO: Computing semblance for m0 = 1320
 INFO: Computing semblance for m0 = 1340
 INFO: Computing semblance for m0 = 1360
 INFO: Computing semblance for m0 = 1380
 INFO: Total execution time for kernels is 1.47012s
 INFO: Computing semblance for m0 = 1400
 INFO: Total execution time for kernels is 1.59492s
 INFO: Computing semblance for m0 = 1420
 INFO: Total execution time for kernels is 1.62251s
 INFO: Computing semblance for m0 = 1440
 INFO: Total execution time for kernels is 1.74917s
 INFO: Computing semblance for m0 = 1460
 INFO: Total execution time for kernels is 1.86067s
 INFO: Computing semblance for m0 = 1480
 INFO: Total execution time for kernels is 1.95135s
 INFO: Computing semblance for m0 = 1500
 INFO: Total execution time for kernels is 2.05041s
 INFO: Computing semblance for m0 = 1520
 INFO: Total execution time for kernels is 2.23961s
 INFO: Computing semblance for m0 = 1540
 INFO: Total execution time for kernels is 2.35568s
 INFO: Computing semblance for m0 = 1560
 INFO: Total execution time for kernels is 2.55211s
 INFO: Computing semblance for m0 = 1580
 INFO: Total execution time for kernels is 2.5819s
 INFO: Computing semblance for m0 = 1600
 INFO: Total execution time for kernels is 2.76755s
 INFO: Computing semblance for m0 = 1620
 INFO: Total execution time for kernels is 2.90472s
 INFO: Computing semblance for m0 = 1640
 INFO: Total execution time for kernels is 3.10761s
 INFO: Computing semblance for m0 = 1660
 INFO: Total execution time for kernels is 3.15547s
 INFO: Computing semblance for m0 = 1680
 INFO: Total execution time for kernels is 3.38514s
 INFO: Computing semblance for m0 = 1700
 INFO: Total execution time for kernels is 3.60839s
 INFO: Computing semblance for m0 = 1720
 INFO: Total execution time for kernels is 3.81675s
 INFO: Computing semblance for m0 = 1740
 INFO: Total execution time for kernels is 3.95208s
 INFO: Computing semblance for m0 = 1760
 INFO: Total execution time for kernels is 4.16466s
 INFO: Computing semblance for m0 = 1780
 INFO: Total execution time for kernels is 4.38935s
 INFO: Computing semblance for m0 = 1800
 INFO: Total execution time for kernels is 4.373s
 INFO: Computing semblance for m0 = 1820
 INFO: Total execution time for kernels is 4.76513s
 INFO: Computing semblance for m0 = 1840
 INFO: Total execution time for kernels is 5.01253s
 INFO: Computing semblance for m0 = 1860
 INFO: Total execution time for kernels is 5.01193s
 INFO: Computing semblance for m0 = 1880
 INFO: Total execution time for kernels is 5.26809s
 INFO: Computing semblance for m0 = 1900
 INFO: Total execution time for kernels is 5.34518s
 INFO: Computing semblance for m0 = 1920
 INFO: Total execution time for kernels is 5.5826s
 INFO: Computing semblance for m0 = 1940
 INFO: Total execution time for kernels is 5.77681s
 INFO: Computing semblance for m0 = 1960
 INFO: Total execution time for kernels is 6.11069s
 INFO: Computing semblance for m0 = 1980
 INFO: Total execution time for kernels is 6.26577s
 INFO: Computing semblance for m0 = 2000
 INFO: Total execution time for kernels is 6.60264s
 INFO: Computing semblance for m0 = 2020
 INFO: Total execution time for kernels is 6.86805s
 INFO: Computing semblance for m0 = 2040
 INFO: Total execution time for kernels is 7.0717s
 INFO: Computing semblance for m0 = 2060
 INFO: Total execution time for kernels is 7.20347s
 INFO: Computing semblance for m0 = 2080
 INFO: Total execution time for kernels is 7.41518s
 INFO: Computing semblance for m0 = 2100
 INFO: Total execution time for kernels is 7.38464s
 INFO: Computing semblance for m0 = 2120
 INFO: Total execution time for kernels is 7.64165s
 INFO: Computing semblance for m0 = 2140
 INFO: Total execution time for kernels is 7.96832s
 INFO: Computing semblance for m0 = 2160
 INFO: Total execution time for kernels is 7.9704s
 INFO: Computing semblance for m0 = 2180
 INFO: Total execution time for kernels is 8.2034s
 INFO: Computing semblance for m0 = 2200
 INFO: Total execution time for kernels is 8.17642s
 INFO: Computing semblance for m0 = 2220
 INFO: Total execution time for kernels is 8.16046s
 INFO: Computing semblance for m0 = 2240
 INFO: Total execution time for kernels is 8.31364s
 INFO: Computing semblance for m0 = 2260
 INFO: Total execution time for kernels is 8.43415s
 INFO: Computing semblance for m0 = 2280
 INFO: Total execution time for kernels is 8.47592s
 INFO: Computing semblance for m0 = 2300
 INFO: Total execution time for kernels is 9.07584s
 INFO: Computing semblance for m0 = 2320
 INFO: Total execution time for kernels is 9.03448s
 INFO: Computing semblance for m0 = 2340
 INFO: Total execution time for kernels is 9.17991s
 INFO: Computing semblance for m0 = 2360
 INFO: Total execution time for kernels is 9.19824s
 INFO: Computing semblance for m0 = 2380
 INFO: Total execution time for kernels is 9.13547s
 INFO: Computing semblance for m0 = 2400
 INFO: Total execution time for kernels is 8.73572s
 INFO: Computing semblance for m0 = 2420
 INFO: Total execution time for kernels is 9.17398s
 INFO: Computing semblance for m0 = 2440
 INFO: Total execution time for kernels is 9.22152s
 INFO: Computing semblance for m0 = 2460
 INFO: Total execution time for kernels is 9.14894s
 INFO: Computing semblance for m0 = 2480
 INFO: Total execution time for kernels is 8.87223s
 INFO: Computing semblance for m0 = 2500
 INFO: Total execution time for kernels is 9.24205s
 INFO: Computing semblance for m0 = 2520
 INFO: Total execution time for kernels is 8.75729s
 INFO: Computing semblance for m0 = 2540
 INFO: Total execution time for kernels is 8.951s
 INFO: Computing semblance for m0 = 2560
 INFO: Total execution time for kernels is 8.80234s
 INFO: Computing semblance for m0 = 2580
 INFO: Total execution time for kernels is 8.82429s
 INFO: Computing semblance for m0 = 2600
 INFO: Total execution time for kernels is 8.73911s
 INFO: Computing semblance for m0 = 2620
 INFO: Total execution time for kernels is 9.29867s
 INFO: Computing semblance for m0 = 2640
 INFO: Total execution time for kernels is 9.14926s
 INFO: Computing semblance for m0 = 2660
 INFO: Total execution time for kernels is 9.26992s
 INFO: Computing semblance for m0 = 2680
 INFO: Total execution time for kernels is 9.25765s
 INFO: Computing semblance for m0 = 2700
 INFO: Total execution time for kernels is 9.18085s
 INFO: Computing semblance for m0 = 2720
 INFO: Total execution time for kernels is 8.70157s
 INFO: Computing semblance for m0 = 2740
 INFO: Total execution time for kernels is 9.20161s
 INFO: Computing semblance for m0 = 2760
 INFO: Total execution time for kernels is 9.20016s
 INFO: Computing semblance for m0 = 2780
 INFO: Total execution time for kernels is 8.87217s
 INFO: Computing semblance for m0 = 2800
 INFO: Total execution time for kernels is 9.17074s
 INFO: Computing semblance for m0 = 2820
 INFO: Total execution time for kernels is 8.73355s
 INFO: Computing semblance for m0 = 2840
 INFO: Total execution time for kernels is 9.25168s
 INFO: Computing semblance for m0 = 2860
 INFO: Total execution time for kernels is 8.97033s
 INFO: Computing semblance for m0 = 2880
 INFO: Total execution time for kernels is 8.82427s
 INFO: Computing semblance for m0 = 2900
 INFO: Total execution time for kernels is 8.84834s
 INFO: Computing semblance for m0 = 2920
 INFO: Total execution time for kernels is 8.72943s
 INFO: Computing semblance for m0 = 2940
 INFO: Total execution time for kernels is 9.30997s
 INFO: Computing semblance for m0 = 2960
 INFO: Total execution time for kernels is 9.16696s
 INFO: Computing semblance for m0 = 2980
 INFO: Total execution time for kernels is 9.27699s
 INFO: Computing semblance for m0 = 3000
 INFO: Total execution time for kernels is 8.70145s
 INFO: Computing semblance for m0 = 3020
 INFO: Total execution time for kernels is 9.25155s
 INFO: Computing semblance for m0 = 3040
 INFO: Total execution time for kernels is 9.17877s
 INFO: Computing semblance for m0 = 3060
 INFO: Total execution time for kernels is 9.21632s
 INFO: Computing semblance for m0 = 3080
 INFO: Total execution time for kernels is 9.21299s
 INFO: Computing semblance for m0 = 3100
 INFO: Total execution time for kernels is 8.87476s
 INFO: Computing semblance for m0 = 3120
 INFO: Total execution time for kernels is 9.12725s
 INFO: Computing semblance for m0 = 3140
 INFO: Total execution time for kernels is 8.75447s
 INFO: Computing semblance for m0 = 3160
 INFO: Total execution time for kernels is 8.96534s
 INFO: Computing semblance for m0 = 3180
 INFO: Total execution time for kernels is 9.18578s
 INFO: Computing semblance for m0 = 3200
 INFO: Total execution time for kernels is 8.82348s
 INFO: Computing semblance for m0 = 3220
 INFO: Total execution time for kernels is 8.84304s
 INFO: Computing semblance for m0 = 3240
 INFO: Total execution time for kernels is 8.73032s
 INFO: Computing semblance for m0 = 3260
 INFO: Total execution time for kernels is 9.30361s
 INFO: Computing semblance for m0 = 3280
 INFO: Total execution time for kernels is 9.15985s
 INFO: Computing semblance for m0 = 3300
 INFO: Total execution time for kernels is 9.27659s
 INFO: Computing semblance for m0 = 3320
 INFO: Total execution time for kernels is 8.70488s
 INFO: Computing semblance for m0 = 3340
 INFO: Total execution time for kernels is 9.29331s
 INFO: Computing semblance for m0 = 3360
 INFO: Total execution time for kernels is 9.14981s
 INFO: Computing semblance for m0 = 3380
 INFO: Total execution time for kernels is 9.21254s
 INFO: Computing semblance for m0 = 3400
 INFO: Total execution time for kernels is 9.2126s
 INFO: Computing semblance for m0 = 3420
 INFO: Total execution time for kernels is 8.881s
 INFO: Computing semblance for m0 = 3440
 INFO: Total execution time for kernels is 8.75863s
 INFO: Computing semblance for m0 = 3460
 INFO: Total execution time for kernels is 9.13547s
 INFO: Computing semblance for m0 = 3480
 INFO: Total execution time for kernels is 8.97567s
 INFO: Computing semblance for m0 = 3500
 INFO: Total execution time for kernels is 8.83225s
 INFO: Computing semblance for m0 = 3520
 INFO: Total execution time for kernels is 9.26797s
 INFO: Computing semblance for m0 = 3540
 INFO: Total execution time for kernels is 8.85268s
 INFO: Computing semblance for m0 = 3560
 INFO: Total execution time for kernels is 8.7306s
 INFO: Computing semblance for m0 = 3580
 INFO: Total execution time for kernels is 9.16975s
 INFO: Computing semblance for m0 = 3600
 INFO: Total execution time for kernels is 9.31542s
 INFO: Computing semblance for m0 = 3620
 INFO: Total execution time for kernels is 9.28768s
 INFO: Computing semblance for m0 = 3640
 INFO: Total execution time for kernels is 8.70508s
 INFO: Computing semblance for m0 = 3660
 INFO: Total execution time for kernels is 9.28932s
 INFO: Computing semblance for m0 = 3680
 INFO: Total execution time for kernels is 9.1835s
 INFO: Computing semblance for m0 = 3700
 INFO: Total execution time for kernels is 9.21917s
 INFO: Computing semblance for m0 = 3720
 INFO: Total execution time for kernels is 8.87176s
 INFO: Computing semblance for m0 = 3740
 INFO: Total execution time for kernels is 8.76093s
 INFO: Computing semblance for m0 = 3760
 INFO: Total execution time for kernels is 9.21452s
 INFO: Computing semblance for m0 = 3780
 INFO: Total execution time for kernels is 9.1698s
 INFO: Computing semblance for m0 = 3800
 INFO: Total execution time for kernels is 8.84036s
 INFO: Computing semblance for m0 = 3820
 INFO: Total execution time for kernels is 8.97267s
 INFO: Computing semblance for m0 = 3840
 INFO: Total execution time for kernels is 8.73199s
 INFO: Computing semblance for m0 = 3860
 INFO: Total execution time for kernels is 8.84929s
 INFO: Computing semblance for m0 = 3880
 INFO: Total execution time for kernels is 9.25101s
 INFO: Computing semblance for m0 = 3900
 INFO: Total execution time for kernels is 9.20125s
 INFO: Computing semblance for m0 = 3920
 INFO: Total execution time for kernels is 9.2496s
 INFO: Computing semblance for m0 = 3940
 INFO: Total execution time for kernels is 9.28784s
 INFO: Computing semblance for m0 = 3960
 INFO: Total execution time for kernels is 8.71165s
 INFO: Computing semblance for m0 = 3980
 INFO: Total execution time for kernels is 9.18771s
 INFO: Computing semblance for m0 = 4000
 INFO: Total execution time for kernels is 9.2921s
 INFO: Computing semblance for m0 = 4020
 INFO: Total execution time for kernels is 8.85575s
 INFO: Computing semblance for m0 = 4040
 INFO: Total execution time for kernels is 9.22565s
 INFO: Computing semblance for m0 = 4060
 INFO: Total execution time for kernels is 8.76359s
 INFO: Computing semblance for m0 = 4080
 INFO: Total execution time for kernels is 9.22055s
 INFO: Computing semblance for m0 = 4100
 INFO: Total execution time for kernels is 9.16517s
 INFO: Computing semblance for m0 = 4120
 INFO: Total execution time for kernels is 8.84355s
 INFO: Computing semblance for m0 = 4140
 INFO: Total execution time for kernels is 8.96574s
 INFO: Computing semblance for m0 = 4160
 INFO: Total execution time for kernels is 8.7344s
 INFO: Computing semblance for m0 = 4180
 INFO: Total execution time for kernels is 8.85822s
 INFO: Computing semblance for m0 = 4200
 INFO: Total execution time for kernels is 9.23551s
 INFO: Computing semblance for m0 = 4220
 INFO: Total execution time for kernels is 9.18587s
 INFO: Computing semblance for m0 = 4240
 INFO: Total execution time for kernels is 9.30415s
 INFO: Computing semblance for m0 = 4260
 INFO: Total execution time for kernels is 8.71859s
 INFO: Computing semblance for m0 = 4280
 INFO: Total execution time for kernels is 9.28821s
 INFO: Computing semblance for m0 = 4300
 INFO: Total execution time for kernels is 9.22622s
 INFO: Computing semblance for m0 = 4320
 INFO: Total execution time for kernels is 9.26521s
 INFO: Computing semblance for m0 = 4340
 INFO: Total execution time for kernels is 8.87302s
 INFO: Computing semblance for m0 = 4360
 INFO: Total execution time for kernels is 8.76298s
 INFO: Computing semblance for m0 = 4380
 INFO: Total execution time for kernels is 9.19631s
 INFO: Computing semblance for m0 = 4400
 INFO: Total execution time for kernels is 9.22796s
 INFO: Computing semblance for m0 = 4420
 INFO: Total execution time for kernels is 8.85503s
 INFO: Computing semblance for m0 = 4440
 INFO: Total execution time for kernels is 8.74322s
 INFO: Computing semblance for m0 = 4460
 INFO: Total execution time for kernels is 9.17585s
 INFO: Computing semblance for m0 = 4480
 INFO: Total execution time for kernels is 8.9708s
 INFO: Computing semblance for m0 = 4500
 INFO: Total execution time for kernels is 8.85898s
 INFO: Computing semblance for m0 = 4520
 INFO: Total execution time for kernels is 9.2442s
 INFO: Computing semblance for m0 = 4540
 INFO: Total execution time for kernels is 9.19607s
 INFO: Computing semblance for m0 = 4560
 INFO: Total execution time for kernels is 9.30873s
 INFO: Computing semblance for m0 = 4580
 INFO: Total execution time for kernels is 8.74194s
 INFO: Computing semblance for m0 = 4600
 INFO: Total execution time for kernels is 9.2581s
 INFO: Computing semblance for m0 = 4620
 INFO: Total execution time for kernels is 9.22409s
 INFO: Computing semblance for m0 = 4640
 INFO: Total execution time for kernels is 8.7546s
 INFO: Computing semblance for m0 = 4660
 INFO: Total execution time for kernels is 8.87231s
 INFO: Computing semblance for m0 = 4680
 INFO: Total execution time for kernels is 9.28292s
 INFO: Computing semblance for m0 = 4700
 INFO: Total execution time for kernels is 9.2531s
 INFO: Computing semblance for m0 = 4720
 INFO: Total execution time for kernels is 8.86114s
 INFO: Computing semblance for m0 = 4740
 INFO: Total execution time for kernels is 8.73759s
 INFO: Computing semblance for m0 = 4760
 INFO: Total execution time for kernels is 9.23282s
 INFO: Computing semblance for m0 = 4780
 INFO: Total execution time for kernels is 8.96377s
 INFO: Computing semblance for m0 = 4800
 INFO: Total execution time for kernels is 8.86423s
 INFO: Computing semblance for m0 = 4820
 INFO: Total execution time for kernels is 9.17982s
 INFO: Computing semblance for m0 = 4840
 INFO: Total execution time for kernels is 9.23884s
 INFO: Computing semblance for m0 = 4860
 INFO: Total execution time for kernels is 9.19677s
 INFO: Computing semblance for m0 = 4880
 INFO: Total execution time for kernels is 9.31211s
 INFO: Computing semblance for m0 = 4900
 INFO: Total execution time for kernels is 8.75378s
 INFO: Computing semblance for m0 = 4920
 INFO: Total execution time for kernels is 9.28821s
 INFO: Computing semblance for m0 = 4940
 INFO: Total execution time for kernels is 8.76905s
 INFO: Computing semblance for m0 = 4960
 INFO: Total execution time for kernels is 8.87753s
 INFO: Computing semblance for m0 = 4980
 INFO: Total execution time for kernels is 9.22857s
 INFO: Computing semblance for m0 = 5000
 INFO: Total execution time for kernels is 9.29499s
 INFO: Computing semblance for m0 = 5020
 INFO: Total execution time for kernels is 8.7562s
 INFO: Computing semblance for m0 = 5040
 INFO: Total execution time for kernels is 9.24867s
 INFO: Computing semblance for m0 = 5060
 INFO: Total execution time for kernels is 8.85482s
 INFO: Computing semblance for m0 = 5080
 INFO: Total execution time for kernels is 8.96838s
 INFO: Computing semblance for m0 = 5100
 INFO: Total execution time for kernels is 8.86107s
 INFO: Computing semblance for m0 = 5120
 INFO: Total execution time for kernels is 9.24021s
 INFO: Computing semblance for m0 = 5140
 INFO: Total execution time for kernels is 9.18664s
 INFO: Computing semblance for m0 = 5160
 INFO: Total execution time for kernels is 9.24093s
 INFO: Computing semblance for m0 = 5180
 INFO: Total execution time for kernels is 9.20379s
 INFO: Computing semblance for m0 = 5200
 INFO: Total execution time for kernels is 9.31029s
 INFO: Computing semblance for m0 = 5220
 INFO: Total execution time for kernels is 8.75956s
 INFO: Computing semblance for m0 = 5240
 INFO: Total execution time for kernels is 9.29632s
 INFO: Computing semblance for m0 = 5260
 INFO: Total execution time for kernels is 8.77489s
 INFO: Computing semblance for m0 = 5280
 INFO: Total execution time for kernels is 8.88729s
 INFO: Computing semblance for m0 = 5300
 INFO: Total execution time for kernels is 9.23564s
 INFO: Computing semblance for m0 = 5320
 INFO: Total execution time for kernels is 9.29259s
 INFO: Computing semblance for m0 = 5340
 INFO: Total execution time for kernels is 8.75621s
 INFO: Computing semblance for m0 = 5360
 INFO: Total execution time for kernels is 8.8614s
 INFO: Computing semblance for m0 = 5380
 INFO: Total execution time for kernels is 9.22992s
 INFO: Computing semblance for m0 = 5400
 INFO: Total execution time for kernels is 8.8685s
 INFO: Computing semblance for m0 = 5420
 INFO: Total execution time for kernels is 8.97882s
 INFO: Computing semblance for m0 = 5440
 INFO: Total execution time for kernels is 9.24475s
 INFO: Computing semblance for m0 = 5460
 INFO: Total execution time for kernels is 9.18827s
 INFO: Computing semblance for m0 = 5480
 INFO: Total execution time for kernels is 9.24645s
 INFO: Computing semblance for m0 = 5500
 INFO: Total execution time for kernels is 9.21746s
 INFO: Computing semblance for m0 = 5520
 INFO: Total execution time for kernels is 8.76423s
 INFO: Computing semblance for m0 = 5540
 INFO: Total execution time for kernels is 9.30908s
 INFO: Computing semblance for m0 = 5560
 INFO: Total execution time for kernels is 9.29936s
 INFO: Computing semblance for m0 = 5580
 INFO: Total execution time for kernels is 8.79463s
 INFO: Computing semblance for m0 = 5600
 INFO: Total execution time for kernels is 8.89826s
 INFO: Computing semblance for m0 = 5620
 INFO: Total execution time for kernels is 8.76145s
 INFO: Computing semblance for m0 = 5640
 INFO: Total execution time for kernels is 9.25136s
 INFO: Computing semblance for m0 = 5660
 INFO: Total execution time for kernels is 8.87134s
 INFO: Computing semblance for m0 = 5680
 INFO: Total execution time for kernels is 9.29449s
 INFO: Computing semblance for m0 = 5700
 INFO: Total execution time for kernels is 8.86269s
 INFO: Computing semblance for m0 = 5720
 INFO: Total execution time for kernels is 8.99401s
 INFO: Computing semblance for m0 = 5740
 INFO: Total execution time for kernels is 9.26816s
 INFO: Computing semblance for m0 = 5760
 INFO: Total execution time for kernels is 9.25015s
 INFO: Computing semblance for m0 = 5780
 INFO: Total execution time for kernels is 9.21704s
 INFO: Computing semblance for m0 = 5800
 INFO: Total execution time for kernels is 9.24864s
 INFO: Computing semblance for m0 = 5820
 INFO: Total execution time for kernels is 9.22467s
 INFO: Computing semblance for m0 = 5840
 INFO: Total execution time for kernels is 8.74984s
 INFO: Computing semblance for m0 = 5860
 INFO: Total execution time for kernels is 9.33775s
 INFO: Computing semblance for m0 = 5880
 INFO: Total execution time for kernels is 9.29453s
 INFO: Computing semblance for m0 = 5900
 INFO: Total execution time for kernels is 8.80173s
 INFO: Computing semblance for m0 = 5920
 INFO: Total execution time for kernels is 8.91187s
 INFO: Computing semblance for m0 = 5940
 INFO: Total execution time for kernels is 8.76294s
 INFO: Computing semblance for m0 = 5960
 INFO: Total execution time for kernels is 8.88586s
 INFO: Computing semblance for m0 = 5980
 INFO: Total execution time for kernels is 9.22362s
 INFO: Computing semblance for m0 = 6000
 INFO: Total execution time for kernels is 8.86792s
 INFO: Computing semblance for m0 = 6020
 INFO: Total execution time for kernels is 9.30131s
 INFO: Computing semblance for m0 = 6040
 INFO: Total execution time for kernels is 8.99778s
 INFO: Computing semblance for m0 = 6060
 INFO: Total execution time for kernels is 9.27101s
 INFO: Computing semblance for m0 = 6080
 INFO: Total execution time for kernels is 9.25298s
 INFO: Computing semblance for m0 = 6100
 INFO: Total execution time for kernels is 9.20632s
 INFO: Computing semblance for m0 = 6120
 INFO: Total execution time for kernels is 9.26444s
 INFO: Computing semblance for m0 = 6140
 INFO: Total execution time for kernels is 8.76128s
 INFO: Computing semblance for m0 = 6160
 INFO: Total execution time for kernels is 9.2341s
 INFO: Computing semblance for m0 = 6180
 INFO: Total execution time for kernels is 9.33299s
 INFO: Computing semblance for m0 = 6200
 INFO: Total execution time for kernels is 8.80674s
 INFO: Computing semblance for m0 = 6220
 INFO: Total execution time for kernels is 9.29494s
 INFO: Computing semblance for m0 = 6240
 INFO: Total execution time for kernels is 8.92589s
 INFO: Computing semblance for m0 = 6260
 INFO: Total execution time for kernels is 8.76564s
 INFO: Computing semblance for m0 = 6280
 INFO: Total execution time for kernels is 8.88278s
 INFO: Computing semblance for m0 = 6300
 INFO: Total execution time for kernels is 9.2628s
 INFO: Computing semblance for m0 = 6320
 INFO: Total execution time for kernels is 8.88069s
 INFO: Computing semblance for m0 = 6340
 INFO: Total execution time for kernels is 9.01036s
 INFO: Computing semblance for m0 = 6360
 INFO: Total execution time for kernels is 9.31874s
 INFO: Computing semblance for m0 = 6380
 INFO: Total execution time for kernels is 9.2763s
 INFO: Computing semblance for m0 = 6400
 INFO: Total execution time for kernels is 9.21146s
 INFO: Computing semblance for m0 = 6420
 INFO: Total execution time for kernels is 9.24998s
 INFO: Computing semblance for m0 = 6440
 INFO: Total execution time for kernels is 9.26591s
 INFO: Computing semblance for m0 = 6460
 INFO: Total execution time for kernels is 8.77308s
 INFO: Computing semblance for m0 = 6480
 INFO: Total execution time for kernels is 9.16995s
 INFO: Computing semblance for m0 = 6500
 INFO: Total execution time for kernels is 9.33416s
 INFO: Computing semblance for m0 = 6520
 INFO: Total execution time for kernels is 8.80913s
 INFO: Computing semblance for m0 = 6540
 INFO: Total execution time for kernels is 8.95032s
 INFO: Computing semblance for m0 = 6560
 INFO: Total execution time for kernels is 8.7705s
 INFO: Computing semblance for m0 = 6580
 INFO: Total execution time for kernels is 9.30736s
 INFO: Computing semblance for m0 = 6600
 INFO: Total execution time for kernels is 8.86741s
 INFO: Computing semblance for m0 = 6620
 INFO: Total execution time for kernels is 8.88107s
 INFO: Computing semblance for m0 = 6640
 INFO: Total execution time for kernels is 9.2612s
 INFO: Computing semblance for m0 = 6660
 INFO: Total execution time for kernels is 8.99635s
 INFO: Computing semblance for m0 = 6680
 INFO: Total execution time for kernels is 9.28061s
 INFO: Computing semblance for m0 = 6700
 INFO: Total execution time for kernels is 9.28354s
 INFO: Computing semblance for m0 = 6720
 INFO: Total execution time for kernels is 9.191s
 INFO: Computing semblance for m0 = 6740
 INFO: Total execution time for kernels is 9.27827s
 INFO: Computing semblance for m0 = 6760
 INFO: Total execution time for kernels is 9.27236s
 INFO: Computing semblance for m0 = 6780
 INFO: Total execution time for kernels is 8.77396s
 INFO: Computing semblance for m0 = 6800
 INFO: Total execution time for kernels is 9.22653s
 INFO: Computing semblance for m0 = 6820
 INFO: Total execution time for kernels is 9.32971s
 INFO: Computing semblance for m0 = 6840
 INFO: Total execution time for kernels is 8.7971s
 INFO: Computing semblance for m0 = 6860
 INFO: Total execution time for kernels is 8.94428s
 INFO: Computing semblance for m0 = 6880
 INFO: Total execution time for kernels is 8.77774s
 INFO: Computing semblance for m0 = 6900
 INFO: Total execution time for kernels is 9.30587s
 INFO: Computing semblance for m0 = 6920
 INFO: Total execution time for kernels is 8.86921s
 INFO: Computing semblance for m0 = 6940
 INFO: Total execution time for kernels is 8.89014s
 INFO: Computing semblance for m0 = 6960
 INFO: Total execution time for kernels is 8.99848s
 INFO: Computing semblance for m0 = 6980
 INFO: Total execution time for kernels is 9.20699s
 INFO: Computing semblance for m0 = 7000
 INFO: Total execution time for kernels is 9.29169s
 INFO: Computing semblance for m0 = 7020
 INFO: Total execution time for kernels is 9.27755s
 INFO: Computing semblance for m0 = 7040
 INFO: Total execution time for kernels is 9.20566s
 INFO: Computing semblance for m0 = 7060
 INFO: Total execution time for kernels is 9.27612s
 INFO: Computing semblance for m0 = 7080
 INFO: Total execution time for kernels is 9.27303s
 INFO: Computing semblance for m0 = 7100
 INFO: Total execution time for kernels is 8.77624s
 INFO: Computing semblance for m0 = 7120
 INFO: Total execution time for kernels is 9.22984s
 INFO: Computing semblance for m0 = 7140
 INFO: Total execution time for kernels is 8.79878s
 INFO: Computing semblance for m0 = 7160
 INFO: Total execution time for kernels is 9.33226s
 INFO: Computing semblance for m0 = 7180
 INFO: Total execution time for kernels is 8.77004s
 INFO: Computing semblance for m0 = 7200
 INFO: Total execution time for kernels is 8.92518s
 INFO: Computing semblance for m0 = 7220
 INFO: Total execution time for kernels is 8.86336s
 INFO: Computing semblance for m0 = 7240
 INFO: Total execution time for kernels is 9.30225s
 INFO: Computing semblance for m0 = 7260
 INFO: Total execution time for kernels is 8.89028s
 INFO: Computing semblance for m0 = 7280
 INFO: Total execution time for kernels is 8.99695s
 INFO: Computing semblance for m0 = 7300
 INFO: Total execution time for kernels is 9.2419s
 INFO: Computing semblance for m0 = 7320
 INFO: Total execution time for kernels is 9.29475s
 INFO: Computing semblance for m0 = 7340
 INFO: Total execution time for kernels is 9.28239s
 INFO: Computing semblance for m0 = 7360
 INFO: Total execution time for kernels is 9.22639s
 INFO: Computing semblance for m0 = 7380
 INFO: Total execution time for kernels is 9.27894s
 INFO: Computing semblance for m0 = 7400
 INFO: Total execution time for kernels is 9.26796s
 INFO: Computing semblance for m0 = 7420
 INFO: Total execution time for kernels is 8.7867s
 INFO: Computing semblance for m0 = 7440
 INFO: Total execution time for kernels is 9.235s
 INFO: Computing semblance for m0 = 7460
 INFO: Total execution time for kernels is 8.80533s
 INFO: Computing semblance for m0 = 7480
 INFO: Total execution time for kernels is 9.28302s
 INFO: Computing semblance for m0 = 7500
 INFO: Total execution time for kernels is 8.77978s
 INFO: Computing semblance for m0 = 7520
 INFO: Total execution time for kernels is 8.93618s
 INFO: Computing semblance for m0 = 7540
 INFO: Total execution time for kernels is 8.86274s
 INFO: Computing semblance for m0 = 7560
 INFO: Total execution time for kernels is 9.26105s
 INFO: Computing semblance for m0 = 7580
 INFO: Total execution time for kernels is 8.89927s
 INFO: Computing semblance for m0 = 7600
 INFO: Total execution time for kernels is 9.00791s
 INFO: Computing semblance for m0 = 7620
 INFO: Total execution time for kernels is 9.23239s
 INFO: Computing semblance for m0 = 7640
 INFO: Total execution time for kernels is 9.29448s
 INFO: Computing semblance for m0 = 7660
 INFO: Total execution time for kernels is 9.27553s
 INFO: Computing semblance for m0 = 7680
 INFO: Total execution time for kernels is 9.22279s
 INFO: Computing semblance for m0 = 7700
 INFO: Total execution time for kernels is 9.2691s
 INFO: Computing semblance for m0 = 7720
 INFO: Total execution time for kernels is 9.27292s
 INFO: Computing semblance for m0 = 7740
 INFO: Total execution time for kernels is 8.79941s
 INFO: Computing semblance for m0 = 7760
 INFO: Total execution time for kernels is 9.23885s
 INFO: Computing semblance for m0 = 7780
 INFO: Total execution time for kernels is 8.81833s
 INFO: Computing semblance for m0 = 7800
 INFO: Total execution time for kernels is 8.80343s
 INFO: Computing semblance for m0 = 7820
 INFO: Total execution time for kernels is 9.32376s
 INFO: Computing semblance for m0 = 7840
 INFO: Total execution time for kernels is 8.9308s
 INFO: Computing semblance for m0 = 7860
 INFO: Total execution time for kernels is 8.86365s
 INFO: Computing semblance for m0 = 7880
 INFO: Total execution time for kernels is 8.89406s
 INFO: Computing semblance for m0 = 7900
 INFO: Total execution time for kernels is 9.2827s
 INFO: Computing semblance for m0 = 7920
 INFO: Total execution time for kernels is 9.00654s
 INFO: Computing semblance for m0 = 7940
 INFO: Total execution time for kernels is 9.23357s
 INFO: Computing semblance for m0 = 7960
 INFO: Total execution time for kernels is 9.28977s
 INFO: Computing semblance for m0 = 7980
 INFO: Total execution time for kernels is 9.27641s
 INFO: Computing semblance for m0 = 8000
 INFO: Total execution time for kernels is 9.24304s
 INFO: Computing semblance for m0 = 8020
 INFO: Total execution time for kernels is 9.26806s
 INFO: Computing semblance for m0 = 8040
 INFO: Total execution time for kernels is 8.79426s
 INFO: Computing semblance for m0 = 8060
 INFO: Total execution time for kernels is 9.25786s
 INFO: Computing semblance for m0 = 8080
 INFO: Total execution time for kernels is 9.2482s
 INFO: Computing semblance for m0 = 8100
 INFO: Total execution time for kernels is 8.81707s
 INFO: Computing semblance for m0 = 8120
 INFO: Total execution time for kernels is 8.81148s
 INFO: Computing semblance for m0 = 8140
 INFO: Total execution time for kernels is 8.94204s
 INFO: Computing semblance for m0 = 8160
 INFO: Total execution time for kernels is 9.32416s
 INFO: Computing semblance for m0 = 8180
 INFO: Total execution time for kernels is 8.86847s
 INFO: Computing semblance for m0 = 8200
 INFO: Total execution time for kernels is 8.89693s
 INFO: Computing semblance for m0 = 8220
 INFO: Total execution time for kernels is 9.29984s
 INFO: Computing semblance for m0 = 8240
 INFO: Total execution time for kernels is 9.00824s
 INFO: Computing semblance for m0 = 8260
 INFO: Total execution time for kernels is 9.23626s
 INFO: Computing semblance for m0 = 8280
 INFO: Total execution time for kernels is 9.28911s
 INFO: Computing semblance for m0 = 8300
 INFO: Total execution time for kernels is 9.27593s
 INFO: Computing semblance for m0 = 8320
 INFO: Total execution time for kernels is 9.23595s
 INFO: Computing semblance for m0 = 8340
 INFO: Total execution time for kernels is 9.2731s
 INFO: Computing semblance for m0 = 8360
 INFO: Total execution time for kernels is 8.82285s
 INFO: Computing semblance for m0 = 8380
 INFO: Total execution time for kernels is 9.30705s
 INFO: Computing semblance for m0 = 8400
 INFO: Total execution time for kernels is 8.82379s
 INFO: Computing semblance for m0 = 8420
 INFO: Total execution time for kernels is 9.25233s
 INFO: Computing semblance for m0 = 8440
 INFO: Total execution time for kernels is 8.77884s
 INFO: Computing semblance for m0 = 8460
 INFO: Total execution time for kernels is 8.92697s
 INFO: Computing semblance for m0 = 8480
 INFO: Total execution time for kernels is 8.85467s
 INFO: Computing semblance for m0 = 8500
 INFO: Total execution time for kernels is 9.31181s
 INFO: Computing semblance for m0 = 8520
 INFO: Total execution time for kernels is 8.89113s
 INFO: Computing semblance for m0 = 8540
 INFO: Total execution time for kernels is 9.29988s
 INFO: Computing semblance for m0 = 8560
 INFO: Total execution time for kernels is 8.98393s
 INFO: Computing semblance for m0 = 8580
 INFO: Total execution time for kernels is 9.22484s
 INFO: Computing semblance for m0 = 8600
 INFO: Total execution time for kernels is 9.28475s
 INFO: Computing semblance for m0 = 8620
 INFO: Total execution time for kernels is 9.26673s
 INFO: Computing semblance for m0 = 8640
 INFO: Total execution time for kernels is 9.22676s
 INFO: Computing semblance for m0 = 8660
 INFO: Total execution time for kernels is 9.26061s
 INFO: Computing semblance for m0 = 8680
 INFO: Total execution time for kernels is 8.77107s
 INFO: Computing semblance for m0 = 8700
 INFO: Total execution time for kernels is 9.28036s
 INFO: Computing semblance for m0 = 8720
 INFO: Total execution time for kernels is 8.77069s
 INFO: Computing semblance for m0 = 8740
 INFO: Total execution time for kernels is 8.72635s
 INFO: Computing semblance for m0 = 8760
 INFO: Total execution time for kernels is 9.24545s
 INFO: Computing semblance for m0 = 8780
 INFO: Total execution time for kernels is 8.85041s
 INFO: Computing semblance for m0 = 8800
 INFO: Total execution time for kernels is 8.77047s
 INFO: Computing semblance for m0 = 8820
 INFO: Total execution time for kernels is 9.25877s
 INFO: Computing semblance for m0 = 8840
 INFO: Total execution time for kernels is 8.77809s
 INFO: Computing semblance for m0 = 8860
 INFO: Total execution time for kernels is 8.8526s
 INFO: Computing semblance for m0 = 8880
 INFO: Total execution time for kernels is 9.20926s
 INFO: Computing semblance for m0 = 8900
 INFO: Total execution time for kernels is 9.13427s
 INFO: Computing semblance for m0 = 8920
 INFO: Total execution time for kernels is 9.17239s
 INFO: Computing semblance for m0 = 8940
 INFO: Total execution time for kernels is 9.10449s
 INFO: Computing semblance for m0 = 8960
 INFO: Total execution time for kernels is 9.0893s
 INFO: Computing semblance for m0 = 8980
 INFO: Total execution time for kernels is 8.59619s
 INFO: Computing semblance for m0 = 9000
 INFO: Total execution time for kernels is 9.12187s
 INFO: Computing semblance for m0 = 9020
 INFO: Total execution time for kernels is 9.11388s
 INFO: Computing semblance for m0 = 9040
 INFO: Total execution time for kernels is 8.54121s
 INFO: Computing semblance for m0 = 9060
 INFO: Total execution time for kernels is 8.53477s
 INFO: Computing semblance for m0 = 9080
 INFO: Total execution time for kernels is 8.92506s
 INFO: Computing semblance for m0 = 9100
 INFO: Total execution time for kernels is 8.53248s
 INFO: Computing semblance for m0 = 9120
 INFO: Total execution time for kernels is 8.4419s
 INFO: Computing semblance for m0 = 9140
 INFO: Total execution time for kernels is 8.37649s
 INFO: Computing semblance for m0 = 9160
 INFO: Total execution time for kernels is 8.91596s
 INFO: Computing semblance for m0 = 9180
 INFO: Total execution time for kernels is 8.40261s
 INFO: Computing semblance for m0 = 9200
 INFO: Total execution time for kernels is 8.68644s
 INFO: Computing semblance for m0 = 9220
 INFO: Total execution time for kernels is 8.65528s
 INFO: Computing semblance for m0 = 9240
 INFO: Total execution time for kernels is 8.59216s
 INFO: Computing semblance for m0 = 9260
 INFO: Total execution time for kernels is 7.92073s
 INFO: Computing semblance for m0 = 9280
 INFO: Total execution time for kernels is 8.4218s
 INFO: Computing semblance for m0 = 9300
 INFO: Total execution time for kernels is 8.52886s
 INFO: Computing semblance for m0 = 9320
 INFO: Total execution time for kernels is 8.28963s
 INFO: Computing semblance for m0 = 9340
 INFO: Total execution time for kernels is 8.21822s
 INFO: Computing semblance for m0 = 9360
 INFO: Total execution time for kernels is 7.63818s
 INFO: Computing semblance for m0 = 9380
 INFO: Total execution time for kernels is 7.56027s
 INFO: Computing semblance for m0 = 9400
 INFO: Total execution time for kernels is 7.38747s
 INFO: Computing semblance for m0 = 9420
 INFO: Total execution time for kernels is 7.84918s
 INFO: Computing semblance for m0 = 9440
 INFO: Total execution time for kernels is 7.22379s
 INFO: Computing semblance for m0 = 9460
 INFO: Total execution time for kernels is 7.1216s
 INFO: Computing semblance for m0 = 9480
 INFO: Total execution time for kernels is 7.34391s
 INFO: Computing semblance for m0 = 9500
 INFO: Total execution time for kernels is 6.92322s
 INFO: Computing semblance for m0 = 9520
 INFO: Total execution time for kernels is 7.02334s
 INFO: Computing semblance for m0 = 9540
 INFO: Total execution time for kernels is 6.83235s
 INFO: Computing semblance for m0 = 9560
 INFO: Total execution time for kernels is 6.21796s
 INFO: Computing semblance for m0 = 9580
 INFO: Total execution time for kernels is 6.1741s
 INFO: Computing semblance for m0 = 9600
 INFO: Total execution time for kernels is 6.71774s
 INFO: Computing semblance for m0 = 9620
 INFO: Total execution time for kernels is 5.96459s
 INFO: Computing semblance for m0 = 9640
 INFO: Total execution time for kernels is 6.34447s
 INFO: Computing semblance for m0 = 9660
 INFO: Total execution time for kernels is 5.81105s
 INFO: Computing semblance for m0 = 9680
 INFO: Total execution time for kernels is 5.37208s
 INFO: Computing semblance for m0 = 9700
 INFO: Total execution time for kernels is 5.18905s
 INFO: Computing semblance for m0 = 9720
 INFO: Total execution time for kernels is 4.66285s
 INFO: Computing semblance for m0 = 9740
 INFO: Total execution time for kernels is 5.08709s
 INFO: Computing semblance for m0 = 9760
 INFO: Total execution time for kernels is 5.00828s
 INFO: Computing semblance for m0 = 9780
 INFO: Total execution time for kernels is 4.50127s
 INFO: Computing semblance for m0 = 9800
 INFO: Total execution time for kernels is 4.45588s
 INFO: Computing semblance for m0 = 9820
 INFO: Total execution time for kernels is 4.21201s
 INFO: Computing semblance for m0 = 9840
 INFO: Total execution time for kernels is 4.04759s
 INFO: Computing semblance for m0 = 9860
 INFO: Total execution time for kernels is 2.87209s
 INFO: Computing semblance for m0 = 9880
 INFO: Total execution time for kernels is 3.81576s
 INFO: Computing semblance for m0 = 9900
 INFO: Total execution time for kernels is 3.04791s
 INFO: Computing semblance for m0 = 9920
 INFO: Total execution time for kernels is 3.53366s
 INFO: Computing semblance for m0 = 9940
 INFO: Total execution time for kernels is 3.26968s
 INFO: Total execution time for kernels is 3.43021s
 INFO: Total execution time for kernels is 2.70553s
 INFO: Total execution time for kernels is 2.46994s
 INFO: Total execution time for kernels is 2.27867s
 INFO: Total execution time for kernels is 1.62423s
 INFO: Total execution time for kernels is 1.77695s
 INFO: Total execution time for kernels is 1.97842s
 INFO: Total execution time for kernels is 2.14177s
 INFO: Total execution time for kernels is 1.49802s
 INFO: Total execution time for kernels is 1.31384s
 INFO: Total execution time for kernels is 1.15485s
 INFO: Total execution time for kernels is 0.749218s
 INFO: Total execution time for kernels is 0.663662s
 INFO: Total execution time for kernels is 0.966259s
 INFO: Total execution time for kernels is 0.865383s
 INFO: Average of efficiency is 0.120139
 INFO: Average of interpolations_per_sec is 8.9488e+09
 INFO: Average of selected_traces is 1264.16
 INFO: Average of total_selection_kernel_exec_time is 1.65639
 INFO: Average of total_kernel_exec_time is 8.11785
 INFO: Driver init. duration is 1.01577 s
 INFO: Read gather duration is 0.115119 s
 INFO: Parse args. duration is 0.000221513 s
 INFO: Worker threads duration is 280.307 s
 INFO: Dump results duration is 0.508191 s
 INFO: Thread/block is 64
 INFO: Results written to /home/ubuntu/nfs/out/55766d4e2_master_p2.16xlarge/oct/greedy/cuda/simple-synthetic_3/simple-synthetic_greedy_oct_20210308_0224/
 INFO: It took 281.955s to compute.
