 INFO: Number of CDPs = 445
 INFO: Number of traces in the gather = 9200
 INFO: Number of samples per trace = 2502
 INFO: Computing semblance for m0 = 0
 INFO: No trace has been selected for m0 = 0. Skipping.
 INFO: Total execution time for kernels is 1.8576e-05s
 INFO: Computing semblance for m0 = 1080
 INFO: Total execution time for kernels is 0.419792s
 INFO: Computing semblance for m0 = 1100
 INFO: Total execution time for kernels is 0.483027s
 INFO: Computing semblance for m0 = 1120
 INFO: Total execution time for kernels is 0.567064s
 INFO: Computing semblance for m0 = 1140
 INFO: Total execution time for kernels is 0.67278s
 INFO: Computing semblance for m0 = 1160
 INFO: Total execution time for kernels is 0.777507s
 INFO: Computing semblance for m0 = 1180
 INFO: Total execution time for kernels is 0.901945s
 INFO: Computing semblance for m0 = 1200
 INFO: Total execution time for kernels is 1.02647s
 INFO: Computing semblance for m0 = 1220
 INFO: Total execution time for kernels is 1.17064s
 INFO: Computing semblance for m0 = 1240
 INFO: Total execution time for kernels is 1.29472s
 INFO: Computing semblance for m0 = 1260
 INFO: Total execution time for kernels is 1.43821s
 INFO: Computing semblance for m0 = 1280
 INFO: Total execution time for kernels is 1.56387s
 INFO: Computing semblance for m0 = 1300
 INFO: Total execution time for kernels is 1.6855s
 INFO: Computing semblance for m0 = 1320
 INFO: Total execution time for kernels is 1.80931s
 INFO: Computing semblance for m0 = 1340
 INFO: Total execution time for kernels is 1.95324s
 INFO: Computing semblance for m0 = 1360
 INFO: Total execution time for kernels is 2.0787s
 INFO: Computing semblance for m0 = 1380
 INFO: Total execution time for kernels is 2.24384s
 INFO: Computing semblance for m0 = 1400
 INFO: Total execution time for kernels is 2.35381s
 INFO: Computing semblance for m0 = 1420
 INFO: Total execution time for kernels is 2.506s
 INFO: Computing semblance for m0 = 1440
 INFO: Total execution time for kernels is 2.64966s
 INFO: Computing semblance for m0 = 1460
 INFO: Total execution time for kernels is 2.79873s
 INFO: Computing semblance for m0 = 1480
 INFO: Total execution time for kernels is 2.91871s
 INFO: Computing semblance for m0 = 1500
 INFO: Total execution time for kernels is 3.05071s
 INFO: Computing semblance for m0 = 1520
 INFO: Total execution time for kernels is 3.17584s
 INFO: Computing semblance for m0 = 1540
 INFO: Total execution time for kernels is 3.33124s
 INFO: Computing semblance for m0 = 1560
 INFO: Total execution time for kernels is 3.44901s
 INFO: Computing semblance for m0 = 1580
 INFO: Total execution time for kernels is 3.60726s
 INFO: Computing semblance for m0 = 1600
 INFO: Total execution time for kernels is 3.75522s
 INFO: Computing semblance for m0 = 1620
 INFO: Total execution time for kernels is 3.90217s
 INFO: Computing semblance for m0 = 1640
 INFO: Total execution time for kernels is 4.03394s
 INFO: Computing semblance for m0 = 1660
 INFO: Total execution time for kernels is 4.18526s
 INFO: Computing semblance for m0 = 1680
 INFO: Total execution time for kernels is 4.31434s
 INFO: Computing semblance for m0 = 1700
 INFO: Total execution time for kernels is 4.46s
 INFO: Computing semblance for m0 = 1720
 INFO: Total execution time for kernels is 4.6009s
 INFO: Computing semblance for m0 = 1740
 INFO: Total execution time for kernels is 4.74306s
 INFO: Computing semblance for m0 = 1760
 INFO: Total execution time for kernels is 4.8712s
 INFO: Computing semblance for m0 = 1780
 INFO: Total execution time for kernels is 5.02172s
 INFO: Computing semblance for m0 = 1800
 INFO: Total execution time for kernels is 5.15568s
 INFO: Computing semblance for m0 = 1820
 INFO: Total execution time for kernels is 5.30372s
 INFO: Computing semblance for m0 = 1840
 INFO: Total execution time for kernels is 5.44208s
 INFO: Computing semblance for m0 = 1860
 INFO: Total execution time for kernels is 5.57745s
 INFO: Computing semblance for m0 = 1880
 INFO: Total execution time for kernels is 5.68139s
 INFO: Computing semblance for m0 = 1900
 INFO: Total execution time for kernels is 5.80054s
 INFO: Computing semblance for m0 = 1920
 INFO: Total execution time for kernels is 5.8981s
 INFO: Computing semblance for m0 = 1940
 INFO: Total execution time for kernels is 5.99096s
 INFO: Computing semblance for m0 = 1960
 INFO: Total execution time for kernels is 6.07357s
 INFO: Computing semblance for m0 = 1980
 INFO: Total execution time for kernels is 6.14315s
 INFO: Computing semblance for m0 = 2000
 INFO: Total execution time for kernels is 6.19775s
 INFO: Computing semblance for m0 = 2020
 INFO: Total execution time for kernels is 6.25989s
 INFO: Computing semblance for m0 = 2040
 INFO: Total execution time for kernels is 6.29704s
 INFO: Computing semblance for m0 = 2060
 INFO: Total execution time for kernels is 6.33666s
 INFO: Computing semblance for m0 = 2080
 INFO: Total execution time for kernels is 6.35359s
 INFO: Computing semblance for m0 = 2100
 INFO: Total execution time for kernels is 6.37569s
 INFO: Computing semblance for m0 = 2120
 INFO: Total execution time for kernels is 6.37801s
 INFO: Computing semblance for m0 = 2140
 INFO: Total execution time for kernels is 6.37327s
 INFO: Computing semblance for m0 = 2160
 INFO: Total execution time for kernels is 6.37759s
 INFO: Computing semblance for m0 = 2180
 INFO: Total execution time for kernels is 6.37794s
 INFO: Computing semblance for m0 = 2200
 INFO: Total execution time for kernels is 6.37774s
 INFO: Computing semblance for m0 = 2220
 INFO: Total execution time for kernels is 6.37796s
 INFO: Computing semblance for m0 = 2240
 INFO: Total execution time for kernels is 6.37772s
 INFO: Computing semblance for m0 = 2260
 INFO: Total execution time for kernels is 6.37949s
 INFO: Computing semblance for m0 = 2280
 INFO: Total execution time for kernels is 6.38143s
 INFO: Computing semblance for m0 = 2300
 INFO: Total execution time for kernels is 6.38242s
 INFO: Computing semblance for m0 = 2320
 INFO: Total execution time for kernels is 6.38497s
 INFO: Computing semblance for m0 = 2340
 INFO: Total execution time for kernels is 6.38053s
 INFO: Computing semblance for m0 = 2360
 INFO: Total execution time for kernels is 6.38436s
 INFO: Computing semblance for m0 = 2380
 INFO: Total execution time for kernels is 6.3844s
 INFO: Computing semblance for m0 = 2400
 INFO: Total execution time for kernels is 6.38464s
 INFO: Computing semblance for m0 = 2420
 INFO: Total execution time for kernels is 6.3803s
 INFO: Computing semblance for m0 = 2440
 INFO: Total execution time for kernels is 6.38541s
 INFO: Computing semblance for m0 = 2460
 INFO: Total execution time for kernels is 6.38848s
 INFO: Computing semblance for m0 = 2480
 INFO: Total execution time for kernels is 6.38252s
 INFO: Computing semblance for m0 = 2500
 INFO: Total execution time for kernels is 6.38301s
 INFO: Computing semblance for m0 = 2520
 INFO: Total execution time for kernels is 6.38952s
 INFO: Computing semblance for m0 = 2540
 INFO: Total execution time for kernels is 6.38551s
 INFO: Computing semblance for m0 = 2560
 INFO: Total execution time for kernels is 6.38679s
 INFO: Computing semblance for m0 = 2580
 INFO: Total execution time for kernels is 6.38448s
 INFO: Computing semblance for m0 = 2600
 INFO: Total execution time for kernels is 6.37989s
 INFO: Computing semblance for m0 = 2620
 INFO: Total execution time for kernels is 6.3858s
 INFO: Computing semblance for m0 = 2640
 INFO: Total execution time for kernels is 6.38777s
 INFO: Computing semblance for m0 = 2660
 INFO: Total execution time for kernels is 6.38338s
 INFO: Computing semblance for m0 = 2680
 INFO: Total execution time for kernels is 6.38531s
 INFO: Computing semblance for m0 = 2700
 INFO: Total execution time for kernels is 6.37797s
 INFO: Computing semblance for m0 = 2720
 INFO: Total execution time for kernels is 6.38324s
 INFO: Computing semblance for m0 = 2740
 INFO: Total execution time for kernels is 6.37767s
 INFO: Computing semblance for m0 = 2760
 INFO: Total execution time for kernels is 6.38787s
 INFO: Computing semblance for m0 = 2780
 INFO: Total execution time for kernels is 6.38182s
 INFO: Computing semblance for m0 = 2800
 INFO: Total execution time for kernels is 6.38308s
 INFO: Computing semblance for m0 = 2820
 INFO: Total execution time for kernels is 6.38179s
 INFO: Computing semblance for m0 = 2840
 INFO: Total execution time for kernels is 6.38619s
 INFO: Computing semblance for m0 = 2860
 INFO: Total execution time for kernels is 6.37861s
 INFO: Computing semblance for m0 = 2880
 INFO: Total execution time for kernels is 6.37924s
 INFO: Computing semblance for m0 = 2900
 INFO: Total execution time for kernels is 6.37788s
 INFO: Computing semblance for m0 = 2920
 INFO: Total execution time for kernels is 6.37862s
 INFO: Computing semblance for m0 = 2940
 INFO: Total execution time for kernels is 6.37817s
 INFO: Computing semblance for m0 = 2960
 INFO: Total execution time for kernels is 6.3785s
 INFO: Computing semblance for m0 = 2980
 INFO: Total execution time for kernels is 6.37345s
 INFO: Computing semblance for m0 = 3000
 INFO: Total execution time for kernels is 6.37065s
 INFO: Computing semblance for m0 = 3020
 INFO: Total execution time for kernels is 6.36999s
 INFO: Computing semblance for m0 = 3040
 INFO: Total execution time for kernels is 6.36704s
 INFO: Computing semblance for m0 = 3060
 INFO: Total execution time for kernels is 6.36538s
 INFO: Computing semblance for m0 = 3080
 INFO: Total execution time for kernels is 6.37215s
 INFO: Computing semblance for m0 = 3100
 INFO: Total execution time for kernels is 6.36906s
 INFO: Computing semblance for m0 = 3120
 INFO: Total execution time for kernels is 6.36648s
 INFO: Computing semblance for m0 = 3140
 INFO: Total execution time for kernels is 6.36595s
 INFO: Computing semblance for m0 = 3160
 INFO: Total execution time for kernels is 6.36713s
 INFO: Computing semblance for m0 = 3180
 INFO: Total execution time for kernels is 6.36896s
 INFO: Computing semblance for m0 = 3200
 INFO: Total execution time for kernels is 6.37274s
 INFO: Computing semblance for m0 = 3220
 INFO: Total execution time for kernels is 6.36483s
 INFO: Computing semblance for m0 = 3240
 INFO: Total execution time for kernels is 6.37415s
 INFO: Computing semblance for m0 = 3260
 INFO: Total execution time for kernels is 6.36258s
 INFO: Computing semblance for m0 = 3280
 INFO: Total execution time for kernels is 6.36819s
 INFO: Computing semblance for m0 = 3300
 INFO: Total execution time for kernels is 6.36486s
 INFO: Computing semblance for m0 = 3320
 INFO: Total execution time for kernels is 6.37274s
 INFO: Computing semblance for m0 = 3340
 INFO: Total execution time for kernels is 6.38058s
 INFO: Computing semblance for m0 = 3360
 INFO: Total execution time for kernels is 6.38761s
 INFO: Computing semblance for m0 = 3380
 INFO: Total execution time for kernels is 6.3815s
 INFO: Computing semblance for m0 = 3400
 INFO: Total execution time for kernels is 6.38755s
 INFO: Computing semblance for m0 = 3420
 INFO: Total execution time for kernels is 6.37922s
 INFO: Computing semblance for m0 = 3440
 INFO: Total execution time for kernels is 6.38369s
 INFO: Computing semblance for m0 = 3460
 INFO: Total execution time for kernels is 6.38248s
 INFO: Computing semblance for m0 = 3480
 INFO: Total execution time for kernels is 6.38552s
 INFO: Computing semblance for m0 = 3500
 INFO: Total execution time for kernels is 6.38156s
 INFO: Computing semblance for m0 = 3520
 INFO: Total execution time for kernels is 6.38404s
 INFO: Computing semblance for m0 = 3540
 INFO: Total execution time for kernels is 6.38524s
 INFO: Computing semblance for m0 = 3560
 INFO: Total execution time for kernels is 6.38275s
 INFO: Computing semblance for m0 = 3580
 INFO: Total execution time for kernels is 6.38009s
 INFO: Computing semblance for m0 = 3600
 INFO: Total execution time for kernels is 6.38883s
 INFO: Computing semblance for m0 = 3620
 INFO: Total execution time for kernels is 6.38672s
 INFO: Computing semblance for m0 = 3640
 INFO: Total execution time for kernels is 6.38404s
 INFO: Computing semblance for m0 = 3660
 INFO: Total execution time for kernels is 6.38219s
 INFO: Computing semblance for m0 = 3680
 INFO: Total execution time for kernels is 6.38821s
 INFO: Computing semblance for m0 = 3700
 INFO: Total execution time for kernels is 6.38421s
 INFO: Computing semblance for m0 = 3720
 INFO: Total execution time for kernels is 6.38564s
 INFO: Computing semblance for m0 = 3740
 INFO: Total execution time for kernels is 6.38142s
 INFO: Computing semblance for m0 = 3760
 INFO: Total execution time for kernels is 6.3835s
 INFO: Computing semblance for m0 = 3780
 INFO: Total execution time for kernels is 6.38781s
 INFO: Computing semblance for m0 = 3800
 INFO: Total execution time for kernels is 6.38669s
 INFO: Computing semblance for m0 = 3820
 INFO: Total execution time for kernels is 6.3815s
 INFO: Computing semblance for m0 = 3840
 INFO: Total execution time for kernels is 6.38485s
 INFO: Computing semblance for m0 = 3860
 INFO: Total execution time for kernels is 6.38567s
 INFO: Computing semblance for m0 = 3880
 INFO: Total execution time for kernels is 6.38744s
 INFO: Computing semblance for m0 = 3900
 INFO: Total execution time for kernels is 6.38636s
 INFO: Computing semblance for m0 = 3920
 INFO: Total execution time for kernels is 6.38655s
 INFO: Computing semblance for m0 = 3940
 INFO: Total execution time for kernels is 6.38308s
 INFO: Computing semblance for m0 = 3960
 INFO: Total execution time for kernels is 6.38773s
 INFO: Computing semblance for m0 = 3980
 INFO: Total execution time for kernels is 6.38488s
 INFO: Computing semblance for m0 = 4000
 INFO: Total execution time for kernels is 6.38258s
 INFO: Computing semblance for m0 = 4020
 INFO: Total execution time for kernels is 6.38035s
 INFO: Computing semblance for m0 = 4040
 INFO: Total execution time for kernels is 6.3886s
 INFO: Computing semblance for m0 = 4060
 INFO: Total execution time for kernels is 6.38468s
 INFO: Computing semblance for m0 = 4080
 INFO: Total execution time for kernels is 6.38737s
 INFO: Computing semblance for m0 = 4100
 INFO: Total execution time for kernels is 6.38489s
 INFO: Computing semblance for m0 = 4120
 INFO: Total execution time for kernels is 6.39062s
 INFO: Computing semblance for m0 = 4140
 INFO: Total execution time for kernels is 6.38229s
 INFO: Computing semblance for m0 = 4160
 INFO: Total execution time for kernels is 6.38705s
 INFO: Computing semblance for m0 = 4180
 INFO: Total execution time for kernels is 6.38256s
 INFO: Computing semblance for m0 = 4200
 INFO: Total execution time for kernels is 6.39187s
 INFO: Computing semblance for m0 = 4220
 INFO: Total execution time for kernels is 6.38618s
 INFO: Computing semblance for m0 = 4240
 INFO: Total execution time for kernels is 6.39334s
 INFO: Computing semblance for m0 = 4260
 INFO: Total execution time for kernels is 6.384s
 INFO: Computing semblance for m0 = 4280
 INFO: Total execution time for kernels is 6.38574s
 INFO: Computing semblance for m0 = 4300
 INFO: Total execution time for kernels is 6.3853s
 INFO: Computing semblance for m0 = 4320
 INFO: Total execution time for kernels is 6.38348s
 INFO: Computing semblance for m0 = 4340
 INFO: Total execution time for kernels is 6.38335s
 INFO: Computing semblance for m0 = 4360
 INFO: Total execution time for kernels is 6.38522s
 INFO: Computing semblance for m0 = 4380
 INFO: Total execution time for kernels is 6.38047s
 INFO: Computing semblance for m0 = 4400
 INFO: Total execution time for kernels is 6.386s
 INFO: Computing semblance for m0 = 4420
 INFO: Total execution time for kernels is 6.38473s
 INFO: Computing semblance for m0 = 4440
 INFO: Total execution time for kernels is 6.39229s
 INFO: Computing semblance for m0 = 4460
 INFO: Total execution time for kernels is 6.38088s
 INFO: Computing semblance for m0 = 4480
 INFO: Total execution time for kernels is 6.38846s
 INFO: Computing semblance for m0 = 4500
 INFO: Total execution time for kernels is 6.38585s
 INFO: Computing semblance for m0 = 4520
 INFO: Total execution time for kernels is 6.38595s
 INFO: Computing semblance for m0 = 4540
 INFO: Total execution time for kernels is 6.37764s
 INFO: Computing semblance for m0 = 4560
 INFO: Total execution time for kernels is 6.39023s
 INFO: Computing semblance for m0 = 4580
 INFO: Total execution time for kernels is 6.38505s
 INFO: Computing semblance for m0 = 4600
 INFO: Total execution time for kernels is 6.38431s
 INFO: Computing semblance for m0 = 4620
 INFO: Total execution time for kernels is 6.38552s
 INFO: Computing semblance for m0 = 4640
 INFO: Total execution time for kernels is 6.39451s
 INFO: Computing semblance for m0 = 4660
 INFO: Total execution time for kernels is 6.38446s
 INFO: Computing semblance for m0 = 4680
 INFO: Total execution time for kernels is 6.387s
 INFO: Computing semblance for m0 = 4700
 INFO: Total execution time for kernels is 6.38503s
 INFO: Computing semblance for m0 = 4720
 INFO: Total execution time for kernels is 6.38502s
 INFO: Computing semblance for m0 = 4740
 INFO: Total execution time for kernels is 6.3797s
 INFO: Computing semblance for m0 = 4760
 INFO: Total execution time for kernels is 6.38839s
 INFO: Computing semblance for m0 = 4780
 INFO: Total execution time for kernels is 6.38294s
 INFO: Computing semblance for m0 = 4800
 INFO: Total execution time for kernels is 6.38754s
 INFO: Computing semblance for m0 = 4820
 INFO: Total execution time for kernels is 6.38208s
 INFO: Computing semblance for m0 = 4840
 INFO: Total execution time for kernels is 6.38599s
 INFO: Computing semblance for m0 = 4860
 INFO: Total execution time for kernels is 6.38337s
 INFO: Computing semblance for m0 = 4880
 INFO: Total execution time for kernels is 6.38769s
 INFO: Computing semblance for m0 = 4900
 INFO: Total execution time for kernels is 6.38432s
 INFO: Computing semblance for m0 = 4920
 INFO: Total execution time for kernels is 6.38721s
 INFO: Computing semblance for m0 = 4940
 INFO: Total execution time for kernels is 6.38323s
 INFO: Computing semblance for m0 = 4960
 INFO: Total execution time for kernels is 6.39238s
 INFO: Computing semblance for m0 = 4980
 INFO: Total execution time for kernels is 6.38513s
 INFO: Computing semblance for m0 = 5000
 INFO: Total execution time for kernels is 6.3887s
 INFO: Computing semblance for m0 = 5020
 INFO: Total execution time for kernels is 6.37985s
 INFO: Computing semblance for m0 = 5040
 INFO: Total execution time for kernels is 6.38449s
 INFO: Computing semblance for m0 = 5060
 INFO: Total execution time for kernels is 6.38077s
 INFO: Computing semblance for m0 = 5080
 INFO: Total execution time for kernels is 6.38836s
 INFO: Computing semblance for m0 = 5100
 INFO: Total execution time for kernels is 6.37941s
 INFO: Computing semblance for m0 = 5120
 INFO: Total execution time for kernels is 6.38721s
 INFO: Computing semblance for m0 = 5140
 INFO: Total execution time for kernels is 6.38409s
 INFO: Computing semblance for m0 = 5160
 INFO: Total execution time for kernels is 6.38633s
 INFO: Computing semblance for m0 = 5180
 INFO: Total execution time for kernels is 6.38569s
 INFO: Computing semblance for m0 = 5200
 INFO: Total execution time for kernels is 6.38441s
 INFO: Computing semblance for m0 = 5220
 INFO: Total execution time for kernels is 6.38536s
 INFO: Computing semblance for m0 = 5240
 INFO: Total execution time for kernels is 6.38326s
 INFO: Computing semblance for m0 = 5260
 INFO: Total execution time for kernels is 6.38246s
 INFO: Computing semblance for m0 = 5280
 INFO: Total execution time for kernels is 6.38641s
 INFO: Computing semblance for m0 = 5300
 INFO: Total execution time for kernels is 6.38421s
 INFO: Computing semblance for m0 = 5320
 INFO: Total execution time for kernels is 6.39158s
 INFO: Computing semblance for m0 = 5340
 INFO: Total execution time for kernels is 6.38324s
 INFO: Computing semblance for m0 = 5360
 INFO: Total execution time for kernels is 6.38765s
 INFO: Computing semblance for m0 = 5380
 INFO: Total execution time for kernels is 6.38999s
 INFO: Computing semblance for m0 = 5400
 INFO: Total execution time for kernels is 6.38225s
 INFO: Computing semblance for m0 = 5420
 INFO: Total execution time for kernels is 6.38108s
 INFO: Computing semblance for m0 = 5440
 INFO: Total execution time for kernels is 6.38279s
 INFO: Computing semblance for m0 = 5460
 INFO: Total execution time for kernels is 6.38306s
 INFO: Computing semblance for m0 = 5480
 INFO: Total execution time for kernels is 6.38691s
 INFO: Computing semblance for m0 = 5500
 INFO: Total execution time for kernels is 6.38303s
 INFO: Computing semblance for m0 = 5520
 INFO: Total execution time for kernels is 6.38835s
 INFO: Computing semblance for m0 = 5540
 INFO: Total execution time for kernels is 6.38789s
 INFO: Computing semblance for m0 = 5560
 INFO: Total execution time for kernels is 6.38655s
 INFO: Computing semblance for m0 = 5580
 INFO: Total execution time for kernels is 6.38647s
 INFO: Computing semblance for m0 = 5600
 INFO: Total execution time for kernels is 6.38485s
 INFO: Computing semblance for m0 = 5620
 INFO: Total execution time for kernels is 6.3788s
 INFO: Computing semblance for m0 = 5640
 INFO: Total execution time for kernels is 6.39267s
 INFO: Computing semblance for m0 = 5660
 INFO: Total execution time for kernels is 6.38551s
 INFO: Computing semblance for m0 = 5680
 INFO: Total execution time for kernels is 6.38532s
 INFO: Computing semblance for m0 = 5700
 INFO: Total execution time for kernels is 6.38187s
 INFO: Computing semblance for m0 = 5720
 INFO: Total execution time for kernels is 6.39005s
 INFO: Computing semblance for m0 = 5740
 INFO: Total execution time for kernels is 6.38614s
 INFO: Computing semblance for m0 = 5760
 INFO: Total execution time for kernels is 6.38752s
 INFO: Computing semblance for m0 = 5780
 INFO: Total execution time for kernels is 6.38362s
 INFO: Computing semblance for m0 = 5800
 INFO: Total execution time for kernels is 6.39246s
 INFO: Computing semblance for m0 = 5820
 INFO: Total execution time for kernels is 6.38521s
 INFO: Computing semblance for m0 = 5840
 INFO: Total execution time for kernels is 6.38799s
 INFO: Computing semblance for m0 = 5860
 INFO: Total execution time for kernels is 6.38286s
 INFO: Computing semblance for m0 = 5880
 INFO: Total execution time for kernels is 6.39026s
 INFO: Computing semblance for m0 = 5900
 INFO: Total execution time for kernels is 6.38223s
 INFO: Computing semblance for m0 = 5920
 INFO: Total execution time for kernels is 6.38648s
 INFO: Computing semblance for m0 = 5940
 INFO: Total execution time for kernels is 6.38292s
 INFO: Computing semblance for m0 = 5960
 INFO: Total execution time for kernels is 6.39048s
 INFO: Computing semblance for m0 = 5980
 INFO: Total execution time for kernels is 6.38323s
 INFO: Computing semblance for m0 = 6000
 INFO: Total execution time for kernels is 6.39187s
 INFO: Computing semblance for m0 = 6020
 INFO: Total execution time for kernels is 6.38552s
 INFO: Computing semblance for m0 = 6040
 INFO: Total execution time for kernels is 6.38983s
 INFO: Computing semblance for m0 = 6060
 INFO: Total execution time for kernels is 6.38795s
 INFO: Computing semblance for m0 = 6080
 INFO: Total execution time for kernels is 6.38978s
 INFO: Computing semblance for m0 = 6100
 INFO: Total execution time for kernels is 6.38272s
 INFO: Computing semblance for m0 = 6120
 INFO: Total execution time for kernels is 6.38621s
 INFO: Computing semblance for m0 = 6140
 INFO: Total execution time for kernels is 6.38476s
 INFO: Computing semblance for m0 = 6160
 INFO: Total execution time for kernels is 6.38948s
 INFO: Computing semblance for m0 = 6180
 INFO: Total execution time for kernels is 6.3869s
 INFO: Computing semblance for m0 = 6200
 INFO: Total execution time for kernels is 6.38917s
 INFO: Computing semblance for m0 = 6220
 INFO: Total execution time for kernels is 6.3851s
 INFO: Computing semblance for m0 = 6240
 INFO: Total execution time for kernels is 6.38685s
 INFO: Computing semblance for m0 = 6260
 INFO: Total execution time for kernels is 6.38548s
 INFO: Computing semblance for m0 = 6280
 INFO: Total execution time for kernels is 6.38319s
 INFO: Computing semblance for m0 = 6300
 INFO: Total execution time for kernels is 6.37994s
 INFO: Computing semblance for m0 = 6320
 INFO: Total execution time for kernels is 6.38588s
 INFO: Computing semblance for m0 = 6340
 INFO: Total execution time for kernels is 6.38152s
 INFO: Computing semblance for m0 = 6360
 INFO: Total execution time for kernels is 6.38601s
 INFO: Computing semblance for m0 = 6380
 INFO: Total execution time for kernels is 6.38808s
 INFO: Computing semblance for m0 = 6400
 INFO: Total execution time for kernels is 6.38936s
 INFO: Computing semblance for m0 = 6420
 INFO: Total execution time for kernels is 6.3803s
 INFO: Computing semblance for m0 = 6440
 INFO: Total execution time for kernels is 6.3821s
 INFO: Computing semblance for m0 = 6460
 INFO: Total execution time for kernels is 6.38296s
 INFO: Computing semblance for m0 = 6480
 INFO: Total execution time for kernels is 6.38258s
 INFO: Computing semblance for m0 = 6500
 INFO: Total execution time for kernels is 6.38185s
 INFO: Computing semblance for m0 = 6520
 INFO: Total execution time for kernels is 6.38266s
 INFO: Computing semblance for m0 = 6540
 INFO: Total execution time for kernels is 6.38717s
 INFO: Computing semblance for m0 = 6560
 INFO: Total execution time for kernels is 6.38912s
 INFO: Computing semblance for m0 = 6580
 INFO: Total execution time for kernels is 6.38193s
 INFO: Computing semblance for m0 = 6600
 INFO: Total execution time for kernels is 6.38672s
 INFO: Computing semblance for m0 = 6620
 INFO: Total execution time for kernels is 6.3853s
 INFO: Computing semblance for m0 = 6640
 INFO: Total execution time for kernels is 6.3866s
 INFO: Computing semblance for m0 = 6660
 INFO: Total execution time for kernels is 6.38472s
 INFO: Computing semblance for m0 = 6680
 INFO: Total execution time for kernels is 6.3904s
 INFO: Computing semblance for m0 = 6700
 INFO: Total execution time for kernels is 6.38879s
 INFO: Computing semblance for m0 = 6720
 INFO: Total execution time for kernels is 6.38498s
 INFO: Computing semblance for m0 = 6740
 INFO: Total execution time for kernels is 6.38183s
 INFO: Computing semblance for m0 = 6760
 INFO: Total execution time for kernels is 6.38951s
 INFO: Computing semblance for m0 = 6780
 INFO: Total execution time for kernels is 6.38263s
 INFO: Computing semblance for m0 = 6800
 INFO: Total execution time for kernels is 6.39036s
 INFO: Computing semblance for m0 = 6820
 INFO: Total execution time for kernels is 6.38445s
 INFO: Computing semblance for m0 = 6840
 INFO: Total execution time for kernels is 6.38412s
 INFO: Computing semblance for m0 = 6860
 INFO: Total execution time for kernels is 6.3826s
 INFO: Computing semblance for m0 = 6880
 INFO: Total execution time for kernels is 6.38577s
 INFO: Computing semblance for m0 = 6900
 INFO: Total execution time for kernels is 6.38488s
 INFO: Computing semblance for m0 = 6920
 INFO: Total execution time for kernels is 6.3863s
 INFO: Computing semblance for m0 = 6940
 INFO: Total execution time for kernels is 6.38493s
 INFO: Computing semblance for m0 = 6960
 INFO: Total execution time for kernels is 6.38754s
 INFO: Computing semblance for m0 = 6980
 INFO: Total execution time for kernels is 6.38778s
 INFO: Computing semblance for m0 = 7000
 INFO: Total execution time for kernels is 6.39144s
 INFO: Computing semblance for m0 = 7020
 INFO: Total execution time for kernels is 6.38731s
 INFO: Computing semblance for m0 = 7040
 INFO: Total execution time for kernels is 6.38505s
 INFO: Computing semblance for m0 = 7060
 INFO: Total execution time for kernels is 6.38119s
 INFO: Computing semblance for m0 = 7080
 INFO: Total execution time for kernels is 6.38808s
 INFO: Computing semblance for m0 = 7100
 INFO: Total execution time for kernels is 6.38416s
 INFO: Computing semblance for m0 = 7120
 INFO: Total execution time for kernels is 6.39047s
 INFO: Computing semblance for m0 = 7140
 INFO: Total execution time for kernels is 6.38263s
 INFO: Computing semblance for m0 = 7160
 INFO: Total execution time for kernels is 6.38337s
 INFO: Computing semblance for m0 = 7180
 INFO: Total execution time for kernels is 6.38617s
 INFO: Computing semblance for m0 = 7200
 INFO: Total execution time for kernels is 6.39099s
 INFO: Computing semblance for m0 = 7220
 INFO: Total execution time for kernels is 6.38575s
 INFO: Computing semblance for m0 = 7240
 INFO: Total execution time for kernels is 6.38637s
 INFO: Computing semblance for m0 = 7260
 INFO: Total execution time for kernels is 6.38917s
 INFO: Computing semblance for m0 = 7280
 INFO: Total execution time for kernels is 6.38968s
 INFO: Computing semblance for m0 = 7300
 INFO: Total execution time for kernels is 6.38843s
 INFO: Computing semblance for m0 = 7320
 INFO: Total execution time for kernels is 6.38698s
 INFO: Computing semblance for m0 = 7340
 INFO: Total execution time for kernels is 6.38278s
 INFO: Computing semblance for m0 = 7360
 INFO: Total execution time for kernels is 6.38848s
 INFO: Computing semblance for m0 = 7380
 INFO: Total execution time for kernels is 6.38235s
 INFO: Computing semblance for m0 = 7400
 INFO: Total execution time for kernels is 6.39228s
 INFO: Computing semblance for m0 = 7420
 INFO: Total execution time for kernels is 6.38493s
 INFO: Computing semblance for m0 = 7440
 INFO: Total execution time for kernels is 6.38823s
 INFO: Computing semblance for m0 = 7460
 INFO: Total execution time for kernels is 6.38622s
 INFO: Computing semblance for m0 = 7480
 INFO: Total execution time for kernels is 6.39043s
 INFO: Computing semblance for m0 = 7500
 INFO: Total execution time for kernels is 6.38296s
 INFO: Computing semblance for m0 = 7520
 INFO: Total execution time for kernels is 6.38896s
 INFO: Computing semblance for m0 = 7540
 INFO: Total execution time for kernels is 6.38546s
 INFO: Computing semblance for m0 = 7560
 INFO: Total execution time for kernels is 6.38847s
 INFO: Computing semblance for m0 = 7580
 INFO: Total execution time for kernels is 6.38351s
 INFO: Computing semblance for m0 = 7600
 INFO: Total execution time for kernels is 6.38739s
 INFO: Computing semblance for m0 = 7620
 INFO: Total execution time for kernels is 6.38202s
 INFO: Computing semblance for m0 = 7640
 INFO: Total execution time for kernels is 6.38977s
 INFO: Computing semblance for m0 = 7660
 INFO: Total execution time for kernels is 6.38091s
 INFO: Computing semblance for m0 = 7680
 INFO: Total execution time for kernels is 6.38921s
 INFO: Computing semblance for m0 = 7700
 INFO: Total execution time for kernels is 6.38645s
 INFO: Computing semblance for m0 = 7720
 INFO: Total execution time for kernels is 6.38682s
 INFO: Computing semblance for m0 = 7740
 INFO: Total execution time for kernels is 6.38325s
 INFO: Computing semblance for m0 = 7760
 INFO: Total execution time for kernels is 6.39026s
 INFO: Computing semblance for m0 = 7780
 INFO: Total execution time for kernels is 6.38293s
 INFO: Computing semblance for m0 = 7800
 INFO: Total execution time for kernels is 6.3825s
 INFO: Computing semblance for m0 = 7820
 INFO: Total execution time for kernels is 6.38464s
 INFO: Computing semblance for m0 = 7840
 INFO: Total execution time for kernels is 6.38171s
 INFO: Computing semblance for m0 = 7860
 INFO: Total execution time for kernels is 6.38009s
 INFO: Computing semblance for m0 = 7880
 INFO: Total execution time for kernels is 6.38491s
 INFO: Computing semblance for m0 = 7900
 INFO: Total execution time for kernels is 6.38512s
 INFO: Computing semblance for m0 = 7920
 INFO: Total execution time for kernels is 6.39233s
 INFO: Computing semblance for m0 = 7940
 INFO: Total execution time for kernels is 6.38796s
 INFO: Computing semblance for m0 = 7960
 INFO: Total execution time for kernels is 6.38377s
 INFO: Computing semblance for m0 = 7980
 INFO: Total execution time for kernels is 6.3833s
 INFO: Computing semblance for m0 = 8000
 INFO: Total execution time for kernels is 6.38732s
 INFO: Computing semblance for m0 = 8020
 INFO: Total execution time for kernels is 6.38683s
 INFO: Computing semblance for m0 = 8040
 INFO: Total execution time for kernels is 6.38618s
 INFO: Computing semblance for m0 = 8060
 INFO: Total execution time for kernels is 6.38822s
 INFO: Computing semblance for m0 = 8080
 INFO: Total execution time for kernels is 6.38709s
 INFO: Computing semblance for m0 = 8100
 INFO: Total execution time for kernels is 6.38615s
 INFO: Computing semblance for m0 = 8120
 INFO: Total execution time for kernels is 6.39063s
 INFO: Computing semblance for m0 = 8140
 INFO: Total execution time for kernels is 6.39117s
 INFO: Computing semblance for m0 = 8160
 INFO: Total execution time for kernels is 6.38794s
 INFO: Computing semblance for m0 = 8180
 INFO: Total execution time for kernels is 6.38644s
 INFO: Computing semblance for m0 = 8200
 INFO: Total execution time for kernels is 6.39249s
 INFO: Computing semblance for m0 = 8220
 INFO: Total execution time for kernels is 6.38871s
 INFO: Computing semblance for m0 = 8240
 INFO: Total execution time for kernels is 6.38361s
 INFO: Computing semblance for m0 = 8260
 INFO: Total execution time for kernels is 6.38313s
 INFO: Computing semblance for m0 = 8280
 INFO: Total execution time for kernels is 6.38939s
 INFO: Computing semblance for m0 = 8300
 INFO: Total execution time for kernels is 6.38251s
 INFO: Computing semblance for m0 = 8320
 INFO: Total execution time for kernels is 6.38746s
 INFO: Computing semblance for m0 = 8340
 INFO: Total execution time for kernels is 6.3841s
 INFO: Computing semblance for m0 = 8360
 INFO: Total execution time for kernels is 6.38835s
 INFO: Computing semblance for m0 = 8380
 INFO: Total execution time for kernels is 6.38053s
 INFO: Computing semblance for m0 = 8400
 INFO: Total execution time for kernels is 6.38802s
 INFO: Computing semblance for m0 = 8420
 INFO: Total execution time for kernels is 6.38648s
 INFO: Computing semblance for m0 = 8440
 INFO: Total execution time for kernels is 6.38943s
 INFO: Computing semblance for m0 = 8460
 INFO: Total execution time for kernels is 6.38699s
 INFO: Computing semblance for m0 = 8480
 INFO: Total execution time for kernels is 6.38891s
 INFO: Computing semblance for m0 = 8500
 INFO: Total execution time for kernels is 6.3818s
 INFO: Computing semblance for m0 = 8520
 INFO: Total execution time for kernels is 6.39307s
 INFO: Computing semblance for m0 = 8540
 INFO: Total execution time for kernels is 6.38431s
 INFO: Computing semblance for m0 = 8560
 INFO: Total execution time for kernels is 6.39126s
 INFO: Computing semblance for m0 = 8580
 INFO: Total execution time for kernels is 6.38342s
 INFO: Computing semblance for m0 = 8600
 INFO: Total execution time for kernels is 6.38848s
 INFO: Computing semblance for m0 = 8620
 INFO: Total execution time for kernels is 6.38852s
 INFO: Computing semblance for m0 = 8640
 INFO: Total execution time for kernels is 6.3887s
 INFO: Computing semblance for m0 = 8660
 INFO: Total execution time for kernels is 6.38459s
 INFO: Computing semblance for m0 = 8680
 INFO: Total execution time for kernels is 6.39257s
 INFO: Computing semblance for m0 = 8700
 INFO: Total execution time for kernels is 6.38569s
 INFO: Computing semblance for m0 = 8720
 INFO: Total execution time for kernels is 6.38605s
 INFO: Computing semblance for m0 = 8740
 INFO: Total execution time for kernels is 6.38847s
 INFO: Computing semblance for m0 = 8760
 INFO: Total execution time for kernels is 6.38862s
 INFO: Computing semblance for m0 = 8780
 INFO: Total execution time for kernels is 6.38778s
 INFO: Computing semblance for m0 = 8800
 INFO: Total execution time for kernels is 6.38653s
 INFO: Computing semblance for m0 = 8820
 INFO: Total execution time for kernels is 6.38565s
 INFO: Computing semblance for m0 = 8840
 INFO: Total execution time for kernels is 6.39059s
 INFO: Computing semblance for m0 = 8860
 INFO: Total execution time for kernels is 6.38588s
 INFO: Computing semblance for m0 = 8880
 INFO: Total execution time for kernels is 6.38371s
 INFO: Computing semblance for m0 = 8900
 INFO: Total execution time for kernels is 6.38064s
 INFO: Computing semblance for m0 = 8920
 INFO: Total execution time for kernels is 6.38855s
 INFO: Computing semblance for m0 = 8940
 INFO: Total execution time for kernels is 6.36482s
 INFO: Computing semblance for m0 = 8960
 INFO: Total execution time for kernels is 6.34553s
 INFO: Computing semblance for m0 = 8980
 INFO: Total execution time for kernels is 6.30791s
 INFO: Computing semblance for m0 = 9000
 INFO: Total execution time for kernels is 6.26844s
 INFO: Computing semblance for m0 = 9020
 INFO: Total execution time for kernels is 6.20743s
 INFO: Computing semblance for m0 = 9040
 INFO: Total execution time for kernels is 6.15747s
 INFO: Computing semblance for m0 = 9060
 INFO: Total execution time for kernels is 6.0729s
 INFO: Computing semblance for m0 = 9080
 INFO: Total execution time for kernels is 5.9966s
 INFO: Computing semblance for m0 = 9100
 INFO: Total execution time for kernels is 5.91062s
 INFO: Computing semblance for m0 = 9120
 INFO: Total execution time for kernels is 5.81983s
 INFO: Computing semblance for m0 = 9140
 INFO: Total execution time for kernels is 5.70123s
 INFO: Computing semblance for m0 = 9160
 INFO: Total execution time for kernels is 5.59201s
 INFO: Computing semblance for m0 = 9180
 INFO: Total execution time for kernels is 5.46267s
 INFO: Computing semblance for m0 = 9200
 INFO: Total execution time for kernels is 5.33481s
 INFO: Computing semblance for m0 = 9220
 INFO: Total execution time for kernels is 5.17948s
 INFO: Computing semblance for m0 = 9240
 INFO: Total execution time for kernels is 5.05108s
 INFO: Computing semblance for m0 = 9260
 INFO: Total execution time for kernels is 4.89742s
 INFO: Computing semblance for m0 = 9280
 INFO: Total execution time for kernels is 4.76957s
 INFO: Computing semblance for m0 = 9300
 INFO: Total execution time for kernels is 4.62498s
 INFO: Computing semblance for m0 = 9320
 INFO: Total execution time for kernels is 4.48116s
 INFO: Computing semblance for m0 = 9340
 INFO: Total execution time for kernels is 4.32919s
 INFO: Computing semblance for m0 = 9360
 INFO: Total execution time for kernels is 4.19852s
 INFO: Computing semblance for m0 = 9380
 INFO: Total execution time for kernels is 4.04914s
 INFO: Computing semblance for m0 = 9400
 INFO: Total execution time for kernels is 3.92221s
 INFO: Computing semblance for m0 = 9420
 INFO: Total execution time for kernels is 3.77425s
 INFO: Computing semblance for m0 = 9440
 INFO: Total execution time for kernels is 3.63957s
 INFO: Computing semblance for m0 = 9460
 INFO: Total execution time for kernels is 3.49023s
 INFO: Computing semblance for m0 = 9480
 INFO: Total execution time for kernels is 3.36284s
 INFO: Computing semblance for m0 = 9500
 INFO: Total execution time for kernels is 3.21009s
 INFO: Computing semblance for m0 = 9520
 INFO: Total execution time for kernels is 3.08458s
 INFO: Computing semblance for m0 = 9540
 INFO: Total execution time for kernels is 2.93598s
 INFO: Computing semblance for m0 = 9560
 INFO: Total execution time for kernels is 2.80911s
 INFO: Computing semblance for m0 = 9580
 INFO: Total execution time for kernels is 2.65896s
 INFO: Computing semblance for m0 = 9600
 INFO: Total execution time for kernels is 2.53136s
 INFO: Computing semblance for m0 = 9620
 INFO: Total execution time for kernels is 2.38254s
 INFO: Computing semblance for m0 = 9640
 INFO: Total execution time for kernels is 2.25286s
 INFO: Computing semblance for m0 = 9660
 INFO: Total execution time for kernels is 2.10902s
 INFO: Computing semblance for m0 = 9680
 INFO: Total execution time for kernels is 1.98013s
 INFO: Computing semblance for m0 = 9700
 INFO: Total execution time for kernels is 1.86088s
 INFO: Computing semblance for m0 = 9720
 INFO: Total execution time for kernels is 1.70949s
 INFO: Computing semblance for m0 = 9740
 INFO: Total execution time for kernels is 1.56529s
 INFO: Computing semblance for m0 = 9760
 INFO: Total execution time for kernels is 1.43807s
 INFO: Computing semblance for m0 = 9780
 INFO: Total execution time for kernels is 1.29779s
 INFO: Computing semblance for m0 = 9800
 INFO: Total execution time for kernels is 1.16916s
 INFO: Computing semblance for m0 = 9820
 INFO: Total execution time for kernels is 1.03104s
 INFO: Computing semblance for m0 = 9840
 INFO: Total execution time for kernels is 0.902386s
 INFO: Computing semblance for m0 = 9860
 INFO: Total execution time for kernels is 0.795342s
 INFO: Computing semblance for m0 = 9880
 INFO: Total execution time for kernels is 0.674519s
 INFO: Computing semblance for m0 = 9900
 INFO: Total execution time for kernels is 0.569673s
 INFO: Computing semblance for m0 = 9920
 INFO: Total execution time for kernels is 0.482647s
 INFO: Computing semblance for m0 = 9940
 INFO: Total execution time for kernels is 0.396032s
 INFO: Average of efficiency is 1
 INFO: Average of interpolations_per_sec is 2.56702e+10
 INFO: Average of selected_traces is 309.888
 INFO: Average of total_selection_kernel_exec_time is 0.00669251
 INFO: Average of total_kernel_exec_time is 5.72798
 INFO: Results written to /home/ubuntu/nfs/out/dcea037_master_p2.xlarge/zocrs/greedy/cuda/simple-synthetic_1/simple-synthetic_greedy_zocrs_20210216_2328/
 INFO: It took 2616.1s to compute.
