2020-12-30 17:27:17,860 - Thread-1 - WARNING - Error loading the list of task managers from the file ./nodes.txt
2020-12-30 17:27:17,861 - Thread-1 - WARNING - Error loading the list of task managers from the file ./nodes.txt
2020-12-30 17:27:17,861 - NetworkListener - INFO - Listening to network at 0.0.0.0:7726...
2020-12-30 17:27:17,861 - MainThread - INFO - Running module...
2020-12-30 17:27:17,861 - MainThread - INFO - Starting job manager JobManager-4601 for job 1...
2020-12-30 17:27:18,654 - Thread-2 - INFO - Job manager running...
2020-12-30 17:27:18,654 - MainThread - INFO - Starting committer for job 1...
2020-12-30 17:27:18,654 - Thread-2 - WARNING - Error loading the list of task managers from the file ./nodes.txt
2020-12-30 17:27:18,655 - Thread-2 - WARNING - Error loading the list of task managers from the file ./nodes.txt
2020-12-30 17:27:18,683 - Thread-3 - INFO - Committer running...
2020-12-30 17:27:18,683 - Thread-3 - WARNING - Error loading the list of task managers from the file ./nodes.txt
2020-12-30 17:27:18,683 - Thread-3 - WARNING - Error loading the list of task managers from the file ./nodes.txt
2020-12-30 17:27:20,657 - Thread-2 - WARNING - Error loading the list of task managers from the file ./nodes.txt
2020-12-30 17:27:20,686 - Thread-3 - WARNING - Error loading the list of task managers from the file ./nodes.txt
2020-12-30 17:27:22,659 - Thread-2 - WARNING - Error loading the list of task managers from the file ./nodes.txt
2020-12-30 17:27:22,688 - Thread-3 - WARNING - Error loading the list of task managers from the file ./nodes.txt
2020-12-30 17:27:24,662 - Thread-2 - WARNING - Error loading the list of task managers from the file ./nodes.txt
2020-12-30 17:27:24,691 - Thread-3 - WARNING - Error loading the list of task managers from the file ./nodes.txt
2020-12-30 17:27:26,664 - Thread-2 - WARNING - Error loading the list of task managers from the file ./nodes.txt
2020-12-30 17:27:26,693 - Thread-3 - WARNING - Error loading the list of task managers from the file ./nodes.txt
2020-12-30 17:27:27,870 - Thread-1 - WARNING - Error loading the list of task managers from the file ./nodes.txt
2020-12-30 17:27:28,667 - Thread-2 - WARNING - Error loading the list of task managers from the file ./nodes.txt
2020-12-30 17:27:28,696 - Thread-3 - WARNING - Error loading the list of task managers from the file ./nodes.txt
2020-12-30 17:27:30,669 - Thread-2 - WARNING - Error loading the list of task managers from the file ./nodes.txt
2020-12-30 17:27:30,698 - Thread-3 - WARNING - Error loading the list of task managers from the file ./nodes.txt
2020-12-30 17:27:32,672 - Thread-2 - WARNING - Error loading the list of task managers from the file ./nodes.txt
2020-12-30 17:27:32,700 - Thread-3 - WARNING - Error loading the list of task managers from the file ./nodes.txt
2020-12-30 17:27:34,674 - Thread-2 - WARNING - Error loading the list of task managers from the file ./nodes.txt
2020-12-30 17:27:34,703 - Thread-3 - WARNING - Error loading the list of task managers from the file ./nodes.txt
2020-12-30 17:27:36,677 - Thread-2 - WARNING - Error loading the list of task managers from the file ./nodes.txt
2020-12-30 17:27:36,705 - Thread-3 - WARNING - Error loading the list of task managers from the file ./nodes.txt
2020-12-30 17:27:37,692 - Thread-1 - WARNING - Error loading the list of task managers from the file ./nodes.txt
2020-12-30 17:27:38,679 - Thread-2 - WARNING - Error loading the list of task managers from the file ./nodes.txt
2020-12-30 17:27:38,708 - Thread-3 - WARNING - Error loading the list of task managers from the file ./nodes.txt
2020-12-30 17:27:40,682 - Thread-2 - WARNING - Error loading the list of task managers from the file ./nodes.txt
2020-12-30 17:27:40,710 - Thread-3 - WARNING - Error loading the list of task managers from the file ./nodes.txt
2020-12-30 17:27:42,684 - Thread-2 - WARNING - Error loading the list of task managers from the file ./nodes.txt
2020-12-30 17:27:42,713 - Thread-3 - WARNING - Error loading the list of task managers from the file ./nodes.txt
2020-12-30 17:27:44,687 - Thread-2 - WARNING - Error loading the list of task managers from the file ./nodes.txt
2020-12-30 17:27:44,715 - Thread-3 - WARNING - Error loading the list of task managers from the file ./nodes.txt
2020-12-30 17:27:46,689 - Thread-2 - WARNING - Error loading the list of task managers from the file ./nodes.txt
2020-12-30 17:27:46,718 - Thread-3 - WARNING - Error loading the list of task managers from the file ./nodes.txt
2020-12-30 17:27:47,697 - Thread-1 - WARNING - Error loading the list of task managers from the file ./nodes.txt
2020-12-30 17:27:48,692 - Thread-2 - WARNING - Error loading the list of task managers from the file ./nodes.txt
2020-12-30 17:27:48,720 - Thread-3 - WARNING - Error loading the list of task managers from the file ./nodes.txt
2020-12-30 17:27:50,694 - Thread-2 - WARNING - Error loading the list of task managers from the file ./nodes.txt
2020-12-30 17:27:50,723 - Thread-3 - WARNING - Error loading the list of task managers from the file ./nodes.txt
2020-12-30 17:27:52,719 - Thread-2 - WARNING - Error loading the list of task managers from the file ./nodes.txt
2020-12-30 17:27:52,736 - Thread-3 - WARNING - Error loading the list of task managers from the file ./nodes.txt
2020-12-30 17:27:54,739 - Thread-2 - WARNING - Error loading the list of task managers from the file ./nodes.txt
2020-12-30 17:27:54,759 - Thread-3 - WARNING - Error loading the list of task managers from the file ./nodes.txt
2020-12-30 17:27:56,758 - Thread-2 - WARNING - Error loading the list of task managers from the file ./nodes.txt
2020-12-30 17:27:56,798 - Thread-3 - WARNING - Error loading the list of task managers from the file ./nodes.txt
2020-12-30 17:27:57,703 - Thread-1 - WARNING - Error loading the list of task managers from the file ./nodes.txt
2020-12-30 17:27:58,778 - Thread-2 - WARNING - Error loading the list of task managers from the file ./nodes.txt
2020-12-30 17:27:58,828 - Thread-3 - WARNING - Error loading the list of task managers from the file ./nodes.txt
2020-12-30 17:28:00,797 - Thread-2 - WARNING - Error loading the list of task managers from the file ./nodes.txt
2020-12-30 17:28:00,857 - Thread-3 - WARNING - Error loading the list of task managers from the file ./nodes.txt
2020-12-30 17:28:02,817 - Thread-2 - WARNING - Error loading the list of task managers from the file ./nodes.txt
2020-12-30 17:28:02,887 - Thread-3 - WARNING - Error loading the list of task managers from the file ./nodes.txt
2020-12-30 17:28:04,839 - Thread-2 - WARNING - Error loading the list of task managers from the file ./nodes.txt
2020-12-30 17:28:04,920 - Thread-3 - WARNING - Error loading the list of task managers from the file ./nodes.txt
2020-12-30 17:28:06,859 - Thread-2 - WARNING - Error loading the list of task managers from the file ./nodes.txt
2020-12-30 17:28:06,951 - Thread-3 - WARNING - Error loading the list of task managers from the file ./nodes.txt
2020-12-30 17:28:07,666 - Thread-1 - WARNING - Error loading the list of task managers from the file ./nodes.txt
2020-12-30 17:28:08,879 - Thread-2 - WARNING - Error loading the list of task managers from the file ./nodes.txt
2020-12-30 17:28:08,982 - Thread-3 - WARNING - Error loading the list of task managers from the file ./nodes.txt
2020-12-30 17:28:10,898 - Thread-2 - WARNING - Error loading the list of task managers from the file ./nodes.txt
2020-12-30 17:28:11,013 - Thread-3 - WARNING - Error loading the list of task managers from the file ./nodes.txt
2020-12-30 17:28:12,918 - Thread-2 - WARNING - Error loading the list of task managers from the file ./nodes.txt
2020-12-30 17:28:13,043 - Thread-3 - WARNING - Error loading the list of task managers from the file ./nodes.txt
2020-12-30 17:28:14,940 - Thread-2 - WARNING - Error loading the list of task managers from the file ./nodes.txt
2020-12-30 17:28:15,075 - Thread-3 - WARNING - Error loading the list of task managers from the file ./nodes.txt
2020-12-30 17:28:16,961 - Thread-2 - WARNING - Error loading the list of task managers from the file ./nodes.txt
2020-12-30 17:28:17,109 - Thread-3 - WARNING - Error loading the list of task managers from the file ./nodes.txt
2020-12-30 17:28:17,605 - Thread-1 - WARNING - Error loading the list of task managers from the file ./nodes.txt
2020-12-30 17:28:18,981 - Thread-2 - WARNING - Error loading the list of task managers from the file ./nodes.txt
2020-12-30 17:28:19,147 - Thread-3 - WARNING - Error loading the list of task managers from the file ./nodes.txt
2020-12-30 17:28:21,001 - Thread-2 - WARNING - Error loading the list of task managers from the file ./nodes.txt
2020-12-30 17:28:21,178 - Thread-3 - WARNING - Error loading the list of task managers from the file ./nodes.txt
2020-12-30 17:28:23,024 - Thread-2 - WARNING - Error loading the list of task managers from the file ./nodes.txt
2020-12-30 17:28:23,208 - Thread-3 - WARNING - Error loading the list of task managers from the file ./nodes.txt
2020-12-30 17:28:25,044 - Thread-2 - WARNING - Error loading the list of task managers from the file ./nodes.txt
2020-12-30 17:28:25,239 - Thread-3 - WARNING - Error loading the list of task managers from the file ./nodes.txt
2020-12-30 17:28:27,066 - Thread-2 - WARNING - Error loading the list of task managers from the file ./nodes.txt
2020-12-30 17:28:27,271 - Thread-3 - WARNING - Error loading the list of task managers from the file ./nodes.txt
2020-12-30 17:28:27,545 - Thread-1 - WARNING - Error loading the list of task managers from the file ./nodes.txt
2020-12-30 17:28:29,087 - Thread-2 - WARNING - Error loading the list of task managers from the file ./nodes.txt
2020-12-30 17:28:29,301 - Thread-3 - WARNING - Error loading the list of task managers from the file ./nodes.txt
2020-12-30 17:28:31,111 - Thread-2 - WARNING - Error loading the list of task managers from the file ./nodes.txt
2020-12-30 17:28:31,334 - Thread-3 - WARNING - Error loading the list of task managers from the file ./nodes.txt
2020-12-30 17:28:33,131 - Thread-2 - WARNING - Error loading the list of task managers from the file ./nodes.txt
2020-12-30 17:28:33,384 - Thread-3 - WARNING - Error loading the list of task managers from the file ./nodes.txt
2020-12-30 17:28:35,155 - Thread-2 - WARNING - Error loading the list of task managers from the file ./nodes.txt
2020-12-30 17:28:35,416 - Thread-3 - WARNING - Error loading the list of task managers from the file ./nodes.txt
2020-12-30 17:28:37,174 - Thread-2 - WARNING - Error loading the list of task managers from the file ./nodes.txt
2020-12-30 17:28:37,447 - Thread-3 - WARNING - Error loading the list of task managers from the file ./nodes.txt
2020-12-30 17:28:37,485 - Thread-1 - WARNING - Error loading the list of task managers from the file ./nodes.txt
2020-12-30 17:28:39,194 - Thread-2 - WARNING - Error loading the list of task managers from the file ./nodes.txt
2020-12-30 17:28:39,480 - Thread-3 - WARNING - Error loading the list of task managers from the file ./nodes.txt
2020-12-30 17:28:41,214 - Thread-2 - WARNING - Error loading the list of task managers from the file ./nodes.txt
2020-12-30 17:28:41,510 - Thread-3 - WARNING - Error loading the list of task managers from the file ./nodes.txt
2020-12-30 17:28:43,234 - Thread-2 - WARNING - Error loading the list of task managers from the file ./nodes.txt
2020-12-30 17:28:43,540 - Thread-3 - WARNING - Error loading the list of task managers from the file ./nodes.txt
2020-12-30 17:28:45,253 - Thread-2 - WARNING - Error loading the list of task managers from the file ./nodes.txt
2020-12-30 17:28:45,576 - Thread-3 - WARNING - Error loading the list of task managers from the file ./nodes.txt
2020-12-30 17:28:47,273 - Thread-2 - WARNING - Error loading the list of task managers from the file ./nodes.txt
2020-12-30 17:28:47,423 - Thread-1 - WARNING - Error loading the list of task managers from the file ./nodes.txt
2020-12-30 17:28:47,614 - Thread-3 - WARNING - Error loading the list of task managers from the file ./nodes.txt
2020-12-30 17:28:49,294 - Thread-2 - WARNING - Error loading the list of task managers from the file ./nodes.txt
2020-12-30 17:28:49,647 - Thread-3 - WARNING - Error loading the list of task managers from the file ./nodes.txt
2020-12-30 17:28:51,314 - Thread-2 - WARNING - Error loading the list of task managers from the file ./nodes.txt
2020-12-30 17:28:51,677 - Thread-3 - WARNING - Error loading the list of task managers from the file ./nodes.txt
2020-12-30 17:28:53,334 - Thread-2 - WARNING - Error loading the list of task managers from the file ./nodes.txt
2020-12-30 17:28:53,721 - Thread-3 - WARNING - Error loading the list of task managers from the file ./nodes.txt
2020-12-30 17:28:55,358 - Thread-2 - WARNING - Error loading the list of task managers from the file ./nodes.txt
2020-12-30 17:28:55,756 - Thread-3 - WARNING - Error loading the list of task managers from the file ./nodes.txt
2020-12-30 17:28:57,366 - Thread-1 - WARNING - Error loading the list of task managers from the file ./nodes.txt
2020-12-30 17:28:57,377 - Thread-2 - WARNING - Error loading the list of task managers from the file ./nodes.txt
2020-12-30 17:28:57,790 - Thread-3 - WARNING - Error loading the list of task managers from the file ./nodes.txt
2020-12-30 17:28:59,396 - Thread-2 - WARNING - Error loading the list of task managers from the file ./nodes.txt
2020-12-30 17:28:59,820 - Thread-3 - WARNING - Error loading the list of task managers from the file ./nodes.txt
2020-12-30 17:29:01,416 - Thread-2 - WARNING - Error loading the list of task managers from the file ./nodes.txt
2020-12-30 17:29:01,851 - Thread-3 - WARNING - Error loading the list of task managers from the file ./nodes.txt
2020-12-30 17:29:03,436 - Thread-2 - WARNING - Error loading the list of task managers from the file ./nodes.txt
2020-12-30 17:29:03,884 - Thread-3 - WARNING - Error loading the list of task managers from the file ./nodes.txt
2020-12-30 17:29:05,457 - Thread-2 - WARNING - Error loading the list of task managers from the file ./nodes.txt
2020-12-30 17:29:05,916 - Thread-3 - WARNING - Error loading the list of task managers from the file ./nodes.txt
2020-12-30 17:29:07,308 - Thread-1 - WARNING - Error loading the list of task managers from the file ./nodes.txt
2020-12-30 17:29:07,478 - Thread-2 - WARNING - Error loading the list of task managers from the file ./nodes.txt
2020-12-30 17:29:07,949 - Thread-3 - WARNING - Error loading the list of task managers from the file ./nodes.txt
2020-12-30 17:29:09,498 - Thread-2 - WARNING - Error loading the list of task managers from the file ./nodes.txt
2020-12-30 17:29:09,980 - Thread-3 - WARNING - Error loading the list of task managers from the file ./nodes.txt
2020-12-30 17:29:11,517 - Thread-2 - WARNING - Error loading the list of task managers from the file ./nodes.txt
2020-12-30 17:29:12,021 - Thread-3 - WARNING - Error loading the list of task managers from the file ./nodes.txt
2020-12-30 17:29:13,540 - Thread-2 - WARNING - Error loading the list of task managers from the file ./nodes.txt
2020-12-30 17:29:14,065 - Thread-3 - WARNING - Error loading the list of task managers from the file ./nodes.txt
2020-12-30 17:29:15,561 - Thread-2 - WARNING - Error loading the list of task managers from the file ./nodes.txt
2020-12-30 17:29:16,095 - Thread-3 - WARNING - Error loading the list of task managers from the file ./nodes.txt
2020-12-30 17:29:17,247 - Thread-1 - WARNING - Error loading the list of task managers from the file ./nodes.txt
2020-12-30 17:29:17,581 - Thread-2 - WARNING - Error loading the list of task managers from the file ./nodes.txt
2020-12-30 17:29:18,126 - Thread-3 - WARNING - Error loading the list of task managers from the file ./nodes.txt
2020-12-30 17:29:19,603 - Thread-2 - WARNING - Error loading the list of task managers from the file ./nodes.txt
2020-12-30 17:29:20,157 - Thread-3 - WARNING - Error loading the list of task managers from the file ./nodes.txt
2020-12-30 17:29:21,627 - Thread-2 - WARNING - Error loading the list of task managers from the file ./nodes.txt
2020-12-30 17:29:22,191 - Thread-3 - WARNING - Error loading the list of task managers from the file ./nodes.txt
2020-12-30 17:29:23,668 - Thread-2 - WARNING - Error loading the list of task managers from the file ./nodes.txt
2020-12-30 17:29:24,247 - Thread-3 - WARNING - Error loading the list of task managers from the file ./nodes.txt
2020-12-30 17:29:25,689 - Thread-2 - WARNING - Error loading the list of task managers from the file ./nodes.txt
2020-12-30 17:29:26,279 - Thread-3 - WARNING - Error loading the list of task managers from the file ./nodes.txt
2020-12-30 17:29:27,186 - Thread-1 - WARNING - Error loading the list of task managers from the file ./nodes.txt
2020-12-30 17:29:27,708 - Thread-2 - WARNING - Error loading the list of task managers from the file ./nodes.txt
2020-12-30 17:29:28,312 - Thread-3 - WARNING - Error loading the list of task managers from the file ./nodes.txt
2020-12-30 17:29:29,728 - Thread-2 - WARNING - Error loading the list of task managers from the file ./nodes.txt
2020-12-30 17:29:30,371 - Thread-3 - WARNING - Error loading the list of task managers from the file ./nodes.txt
2020-12-30 17:29:31,748 - Thread-2 - WARNING - Error loading the list of task managers from the file ./nodes.txt
2020-12-30 17:29:32,410 - Thread-3 - WARNING - Error loading the list of task managers from the file ./nodes.txt
2020-12-30 17:29:33,769 - Thread-2 - WARNING - Error loading the list of task managers from the file ./nodes.txt
2020-12-30 17:29:34,442 - Thread-3 - WARNING - Error loading the list of task managers from the file ./nodes.txt
2020-12-30 17:29:35,790 - Thread-2 - WARNING - Error loading the list of task managers from the file ./nodes.txt
2020-12-30 17:29:36,476 - Thread-3 - WARNING - Error loading the list of task managers from the file ./nodes.txt
2020-12-30 17:29:37,122 - Thread-1 - WARNING - Error loading the list of task managers from the file ./nodes.txt
2020-12-30 17:29:37,809 - Thread-2 - WARNING - Error loading the list of task managers from the file ./nodes.txt
2020-12-30 17:29:38,505 - Thread-3 - WARNING - Error loading the list of task managers from the file ./nodes.txt
2020-12-30 17:29:39,828 - Thread-2 - WARNING - Error loading the list of task managers from the file ./nodes.txt
2020-12-30 17:29:40,534 - Thread-3 - WARNING - Error loading the list of task managers from the file ./nodes.txt
2020-12-30 17:29:41,849 - Thread-2 - WARNING - Error loading the list of task managers from the file ./nodes.txt
2020-12-30 17:29:42,564 - Thread-3 - WARNING - Error loading the list of task managers from the file ./nodes.txt
2020-12-30 17:29:43,869 - Thread-2 - WARNING - Error loading the list of task managers from the file ./nodes.txt
2020-12-30 17:29:44,593 - Thread-3 - WARNING - Error loading the list of task managers from the file ./nodes.txt
2020-12-30 17:29:45,889 - Thread-2 - WARNING - Error loading the list of task managers from the file ./nodes.txt
2020-12-30 17:29:46,624 - Thread-3 - WARNING - Error loading the list of task managers from the file ./nodes.txt
2020-12-30 17:29:47,059 - Thread-1 - WARNING - Error loading the list of task managers from the file ./nodes.txt
2020-12-30 17:29:47,907 - Thread-2 - WARNING - Error loading the list of task managers from the file ./nodes.txt
2020-12-30 17:29:48,653 - Thread-3 - WARNING - Error loading the list of task managers from the file ./nodes.txt
2020-12-30 17:29:49,926 - Thread-2 - WARNING - Error loading the list of task managers from the file ./nodes.txt
2020-12-30 17:29:50,682 - Thread-3 - WARNING - Error loading the list of task managers from the file ./nodes.txt
2020-12-30 17:29:51,945 - Thread-2 - WARNING - Error loading the list of task managers from the file ./nodes.txt
2020-12-30 17:29:52,711 - Thread-3 - WARNING - Error loading the list of task managers from the file ./nodes.txt
2020-12-30 17:29:53,964 - Thread-2 - WARNING - Error loading the list of task managers from the file ./nodes.txt
2020-12-30 17:29:54,741 - Thread-3 - WARNING - Error loading the list of task managers from the file ./nodes.txt
2020-12-30 17:29:55,983 - Thread-2 - WARNING - Error loading the list of task managers from the file ./nodes.txt
2020-12-30 17:29:56,770 - Thread-3 - WARNING - Error loading the list of task managers from the file ./nodes.txt
2020-12-30 17:29:56,998 - Thread-1 - WARNING - Error loading the list of task managers from the file ./nodes.txt
2020-12-30 17:29:58,001 - Thread-2 - WARNING - Error loading the list of task managers from the file ./nodes.txt
2020-12-30 17:29:58,799 - Thread-3 - WARNING - Error loading the list of task managers from the file ./nodes.txt
2020-12-30 17:30:00,020 - Thread-2 - WARNING - Error loading the list of task managers from the file ./nodes.txt
2020-12-30 17:30:00,829 - Thread-3 - WARNING - Error loading the list of task managers from the file ./nodes.txt
2020-12-30 17:30:02,039 - Thread-2 - WARNING - Error loading the list of task managers from the file ./nodes.txt
2020-12-30 17:30:02,859 - Thread-3 - WARNING - Error loading the list of task managers from the file ./nodes.txt
2020-12-30 17:30:04,059 - Thread-2 - WARNING - Error loading the list of task managers from the file ./nodes.txt
2020-12-30 17:30:04,892 - Thread-3 - WARNING - Error loading the list of task managers from the file ./nodes.txt
2020-12-30 17:30:06,080 - Thread-2 - WARNING - Error loading the list of task managers from the file ./nodes.txt
2020-12-30 17:30:06,923 - Thread-3 - WARNING - Error loading the list of task managers from the file ./nodes.txt
2020-12-30 17:30:06,938 - Thread-1 - WARNING - Error loading the list of task managers from the file ./nodes.txt
2020-12-30 17:30:08,101 - Thread-2 - WARNING - Error loading the list of task managers from the file ./nodes.txt
2020-12-30 17:30:08,953 - Thread-3 - WARNING - Error loading the list of task managers from the file ./nodes.txt
2020-12-30 17:30:10,122 - Thread-2 - WARNING - Error loading the list of task managers from the file ./nodes.txt
2020-12-30 17:30:10,984 - Thread-3 - WARNING - Error loading the list of task managers from the file ./nodes.txt
2020-12-30 17:30:12,142 - Thread-2 - WARNING - Error loading the list of task managers from the file ./nodes.txt
2020-12-30 17:30:13,017 - Thread-3 - WARNING - Error loading the list of task managers from the file ./nodes.txt
2020-12-30 17:30:14,162 - Thread-2 - WARNING - Error loading the list of task managers from the file ./nodes.txt
2020-12-30 17:30:15,048 - Thread-3 - WARNING - Error loading the list of task managers from the file ./nodes.txt
2020-12-30 17:30:16,183 - Thread-2 - WARNING - Error loading the list of task managers from the file ./nodes.txt
2020-12-30 17:30:16,881 - Thread-1 - WARNING - Error loading the list of task managers from the file ./nodes.txt
2020-12-30 17:30:17,078 - Thread-3 - WARNING - Error loading the list of task managers from the file ./nodes.txt
2020-12-30 17:30:18,204 - Thread-2 - WARNING - Error loading the list of task managers from the file ./nodes.txt
2020-12-30 17:30:19,109 - Thread-3 - WARNING - Error loading the list of task managers from the file ./nodes.txt
2020-12-30 17:30:20,224 - Thread-2 - WARNING - Error loading the list of task managers from the file ./nodes.txt
2020-12-30 17:30:21,151 - Thread-3 - WARNING - Error loading the list of task managers from the file ./nodes.txt
2020-12-30 17:30:22,245 - Thread-2 - WARNING - Error loading the list of task managers from the file ./nodes.txt
2020-12-30 17:30:23,183 - Thread-3 - WARNING - Error loading the list of task managers from the file ./nodes.txt
2020-12-30 17:30:24,265 - Thread-2 - WARNING - Error loading the list of task managers from the file ./nodes.txt
2020-12-30 17:30:25,213 - Thread-3 - WARNING - Error loading the list of task managers from the file ./nodes.txt
2020-12-30 17:30:26,285 - Thread-2 - WARNING - Error loading the list of task managers from the file ./nodes.txt
2020-12-30 17:30:26,828 - Thread-1 - WARNING - Error loading the list of task managers from the file ./nodes.txt
2020-12-30 17:30:27,244 - Thread-3 - WARNING - Error loading the list of task managers from the file ./nodes.txt
2020-12-30 17:30:28,303 - Thread-2 - WARNING - Error loading the list of task managers from the file ./nodes.txt
2020-12-30 17:30:29,273 - Thread-3 - WARNING - Error loading the list of task managers from the file ./nodes.txt
2020-12-30 17:30:30,324 - Thread-2 - WARNING - Error loading the list of task managers from the file ./nodes.txt
2020-12-30 17:30:31,305 - Thread-3 - WARNING - Error loading the list of task managers from the file ./nodes.txt
2020-12-30 17:30:32,345 - Thread-2 - WARNING - Error loading the list of task managers from the file ./nodes.txt
2020-12-30 17:30:33,335 - Thread-3 - WARNING - Error loading the list of task managers from the file ./nodes.txt
2020-12-30 17:30:34,363 - Thread-2 - WARNING - Error loading the list of task managers from the file ./nodes.txt
2020-12-30 17:30:35,364 - Thread-3 - WARNING - Error loading the list of task managers from the file ./nodes.txt
2020-12-30 17:30:36,382 - Thread-2 - WARNING - Error loading the list of task managers from the file ./nodes.txt
2020-12-30 17:30:36,764 - Thread-1 - WARNING - Error loading the list of task managers from the file ./nodes.txt
2020-12-30 17:30:37,394 - Thread-3 - WARNING - Error loading the list of task managers from the file ./nodes.txt
2020-12-30 17:30:38,402 - Thread-2 - WARNING - Error loading the list of task managers from the file ./nodes.txt
2020-12-30 17:30:39,423 - Thread-3 - WARNING - Error loading the list of task managers from the file ./nodes.txt
2020-12-30 17:30:40,421 - Thread-2 - WARNING - Error loading the list of task managers from the file ./nodes.txt
2020-12-30 17:30:41,453 - Thread-3 - WARNING - Error loading the list of task managers from the file ./nodes.txt
2020-12-30 17:30:42,440 - Thread-2 - WARNING - Error loading the list of task managers from the file ./nodes.txt
2020-12-30 17:30:43,483 - Thread-3 - WARNING - Error loading the list of task managers from the file ./nodes.txt
2020-12-30 17:30:44,459 - Thread-2 - WARNING - Error loading the list of task managers from the file ./nodes.txt
2020-12-30 17:30:45,512 - Thread-3 - WARNING - Error loading the list of task managers from the file ./nodes.txt
2020-12-30 17:30:46,479 - Thread-2 - WARNING - Error loading the list of task managers from the file ./nodes.txt
2020-12-30 17:30:46,704 - Thread-1 - WARNING - Error loading the list of task managers from the file ./nodes.txt
2020-12-30 17:30:47,542 - Thread-3 - WARNING - Error loading the list of task managers from the file ./nodes.txt
2020-12-30 17:30:48,501 - Thread-2 - WARNING - Error loading the list of task managers from the file ./nodes.txt
2020-12-30 17:30:49,571 - Thread-3 - WARNING - Error loading the list of task managers from the file ./nodes.txt
2020-12-30 17:30:50,524 - Thread-2 - WARNING - Error loading the list of task managers from the file ./nodes.txt
2020-12-30 17:30:51,605 - Thread-3 - WARNING - Error loading the list of task managers from the file ./nodes.txt
2020-12-30 17:30:52,543 - Thread-2 - WARNING - Error loading the list of task managers from the file ./nodes.txt
2020-12-30 17:30:53,634 - Thread-3 - WARNING - Error loading the list of task managers from the file ./nodes.txt
2020-12-30 17:30:54,562 - Thread-2 - WARNING - Error loading the list of task managers from the file ./nodes.txt
2020-12-30 17:30:55,664 - Thread-3 - WARNING - Error loading the list of task managers from the file ./nodes.txt
2020-12-30 17:30:56,581 - Thread-2 - WARNING - Error loading the list of task managers from the file ./nodes.txt
2020-12-30 17:30:56,643 - Thread-1 - WARNING - Error loading the list of task managers from the file ./nodes.txt
2020-12-30 17:30:57,694 - Thread-3 - WARNING - Error loading the list of task managers from the file ./nodes.txt
2020-12-30 17:30:58,600 - Thread-2 - WARNING - Error loading the list of task managers from the file ./nodes.txt
2020-12-30 17:30:59,723 - Thread-3 - WARNING - Error loading the list of task managers from the file ./nodes.txt
2020-12-30 17:31:00,621 - Thread-2 - WARNING - Error loading the list of task managers from the file ./nodes.txt
2020-12-30 17:31:01,755 - Thread-3 - WARNING - Error loading the list of task managers from the file ./nodes.txt
2020-12-30 17:31:02,641 - Thread-2 - WARNING - Error loading the list of task managers from the file ./nodes.txt
2020-12-30 17:31:03,787 - Thread-3 - WARNING - Error loading the list of task managers from the file ./nodes.txt
2020-12-30 17:31:04,661 - Thread-2 - WARNING - Error loading the list of task managers from the file ./nodes.txt
2020-12-30 17:31:05,821 - Thread-3 - WARNING - Error loading the list of task managers from the file ./nodes.txt
2020-12-30 17:31:06,583 - Thread-1 - WARNING - Error loading the list of task managers from the file ./nodes.txt
2020-12-30 17:31:06,682 - Thread-2 - WARNING - Error loading the list of task managers from the file ./nodes.txt
2020-12-30 17:31:07,851 - Thread-3 - WARNING - Error loading the list of task managers from the file ./nodes.txt
2020-12-30 17:31:08,702 - Thread-2 - WARNING - Error loading the list of task managers from the file ./nodes.txt
2020-12-30 17:31:09,880 - Thread-3 - WARNING - Error loading the list of task managers from the file ./nodes.txt
2020-12-30 17:31:10,721 - Thread-2 - WARNING - Error loading the list of task managers from the file ./nodes.txt
2020-12-30 17:31:11,911 - Thread-3 - WARNING - Error loading the list of task managers from the file ./nodes.txt
2020-12-30 17:31:12,741 - Thread-2 - WARNING - Error loading the list of task managers from the file ./nodes.txt
2020-12-30 17:31:13,942 - Thread-3 - WARNING - Error loading the list of task managers from the file ./nodes.txt
2020-12-30 17:31:14,760 - Thread-2 - WARNING - Error loading the list of task managers from the file ./nodes.txt
2020-12-30 17:31:15,972 - Thread-3 - WARNING - Error loading the list of task managers from the file ./nodes.txt
2020-12-30 17:31:16,525 - Thread-1 - WARNING - Error loading the list of task managers from the file ./nodes.txt
2020-12-30 17:31:16,779 - Thread-2 - WARNING - Error loading the list of task managers from the file ./nodes.txt
2020-12-30 17:31:18,001 - Thread-3 - WARNING - Error loading the list of task managers from the file ./nodes.txt
2020-12-30 17:31:18,798 - Thread-2 - WARNING - Error loading the list of task managers from the file ./nodes.txt
2020-12-30 17:31:20,031 - Thread-3 - WARNING - Error loading the list of task managers from the file ./nodes.txt
2020-12-30 17:31:20,817 - Thread-2 - WARNING - Error loading the list of task managers from the file ./nodes.txt
2020-12-30 17:31:22,060 - Thread-3 - WARNING - Error loading the list of task managers from the file ./nodes.txt
2020-12-30 17:31:22,835 - Thread-2 - WARNING - Error loading the list of task managers from the file ./nodes.txt
2020-12-30 17:31:24,089 - Thread-3 - WARNING - Error loading the list of task managers from the file ./nodes.txt
2020-12-30 17:31:24,855 - Thread-2 - WARNING - Error loading the list of task managers from the file ./nodes.txt
2020-12-30 17:31:26,119 - Thread-3 - WARNING - Error loading the list of task managers from the file ./nodes.txt
2020-12-30 17:31:26,465 - Thread-1 - WARNING - Error loading the list of task managers from the file ./nodes.txt
2020-12-30 17:31:26,874 - Thread-2 - WARNING - Error loading the list of task managers from the file ./nodes.txt
2020-12-30 17:31:28,148 - Thread-3 - WARNING - Error loading the list of task managers from the file ./nodes.txt
2020-12-30 17:31:28,893 - Thread-2 - WARNING - Error loading the list of task managers from the file ./nodes.txt
2020-12-30 17:31:30,177 - Thread-3 - WARNING - Error loading the list of task managers from the file ./nodes.txt
2020-12-30 17:31:30,911 - Thread-2 - WARNING - Error loading the list of task managers from the file ./nodes.txt
2020-12-30 17:31:32,208 - Thread-3 - WARNING - Error loading the list of task managers from the file ./nodes.txt
2020-12-30 17:31:32,930 - Thread-2 - WARNING - Error loading the list of task managers from the file ./nodes.txt
2020-12-30 17:31:34,238 - Thread-3 - WARNING - Error loading the list of task managers from the file ./nodes.txt
2020-12-30 17:31:34,950 - Thread-2 - WARNING - Error loading the list of task managers from the file ./nodes.txt
2020-12-30 17:31:34,958 - Thread-2 - INFO - All tasks generated.
2020-12-30 17:31:36,268 - Thread-3 - WARNING - Error loading the list of task managers from the file ./nodes.txt
2020-12-30 17:31:36,275 - Thread-3 - INFO - All tasks committed.
2020-12-30 17:31:36,404 - Thread-1 - WARNING - Error loading the list of task managers from the file ./nodes.txt
2020-12-30 17:31:36,966 - Thread-2 - WARNING - Error loading the list of task managers from the file ./nodes.txt
2020-12-30 17:31:36,971 - MainThread - INFO - Committing Job...
2020-12-30 17:31:37,644 - MainThread - INFO - Killing task managers...
2020-12-30 17:31:37,645 - MainThread - WARNING - Error loading the list of task managers from the file ./nodes.txt
2020-12-30 17:31:46,353 - Thread-1 - WARNING - Error loading the list of task managers from the file ./nodes.txt
