 INFO: [readGatherFromFile:119] Number of CDPs = 445
 INFO: [readGatherFromFile:120] Number of traces in the gather = 9200
 INFO: [readGatherFromFile:121] Number of samples per trace = 2502
 INFO: [initialize:24] Initializing traveltime
 INFO: [buildZeroOffsetCommonReflectionSurface:66] Upper bound for A is 0.000866025
 INFO: [buildZeroOffsetCommonReflectionSurface:67] Upper bound for B is 1.97531e-06
 INFO: [initialize:28] Factory initialized
 INFO: [create_worker:27] Device count is 0
 INFO: [parseComputeAlgorithm:28] Generations = 32
 INFO: [parseComputeAlgorithm:32] Individuals per population = 32
 INFO: [run:16] m0 = 1160
 INFO: [activate:15] Activating GPU#0
 INFO: [activate:15] Activating GPU#0
 INFO: [activate:15] Activating GPU#0
 INFO: [selectTracesToBeUsedForMidpoint:113] Selecting traces for m0 = 1160
 INFO: [copyOnlySelectedTracesToDevice:118] Selected 42 traces
 INFO: [copyOnlySelectedTracesToDevice:152] Copy time is 0.000404285
 INFO: [selectTracesToBeUsedForMidpoint:181] Execution time for copying traces is 0.000469436s
 INFO: [saveStatisticalResults:102] Total execution time for selecting traces is 0.000533256s
 INFO: [saveStatisticalResults:104] Total execution time for kernels is 0.0474508s
 INFO: [run:16] m0 = 1320
 INFO: [activate:15] Activating GPU#0
 INFO: [selectTracesToBeUsedForMidpoint:113] Selecting traces for m0 = 1320
 INFO: [copyOnlySelectedTracesToDevice:118] Selected 101 traces
 INFO: [copyOnlySelectedTracesToDevice:152] Copy time is 0.000965575
 INFO: [selectTracesToBeUsedForMidpoint:181] Execution time for copying traces is 0.00106944s
 INFO: [saveStatisticalResults:102] Total execution time for selecting traces is 0.00112473s
 INFO: [saveStatisticalResults:104] Total execution time for kernels is 0.106279s
 INFO: [run:16] m0 = 1480
 INFO: [activate:15] Activating GPU#0
 INFO: [selectTracesToBeUsedForMidpoint:113] Selecting traces for m0 = 1480
 INFO: [copyOnlySelectedTracesToDevice:118] Selected 161 traces
 INFO: [copyOnlySelectedTracesToDevice:152] Copy time is 0.00154384
 INFO: [selectTracesToBeUsedForMidpoint:181] Execution time for copying traces is 0.0018882s
 INFO: [saveStatisticalResults:102] Total execution time for selecting traces is 0.00194637s
 INFO: [saveStatisticalResults:104] Total execution time for kernels is 0.164825s
 INFO: [run:16] m0 = 1640
 INFO: [activate:15] Activating GPU#0
 INFO: [selectTracesToBeUsedForMidpoint:113] Selecting traces for m0 = 1640
 INFO: [copyOnlySelectedTracesToDevice:118] Selected 221 traces
 INFO: [copyOnlySelectedTracesToDevice:152] Copy time is 0.00195644
 INFO: [selectTracesToBeUsedForMidpoint:181] Execution time for copying traces is 0.00231391s
 INFO: [saveStatisticalResults:102] Total execution time for selecting traces is 0.00237236s
 INFO: [saveStatisticalResults:104] Total execution time for kernels is 0.215756s
 INFO: [run:16] m0 = 1800
 INFO: [activate:15] Activating GPU#0
 INFO: [selectTracesToBeUsedForMidpoint:113] Selecting traces for m0 = 1800
 INFO: [copyOnlySelectedTracesToDevice:118] Selected 281 traces
 INFO: [copyOnlySelectedTracesToDevice:152] Copy time is 0.00252024
 INFO: [selectTracesToBeUsedForMidpoint:181] Execution time for copying traces is 0.00292303s
 INFO: [saveStatisticalResults:102] Total execution time for selecting traces is 0.00298213s
 INFO: [saveStatisticalResults:104] Total execution time for kernels is 0.273438s
 INFO: [run:16] m0 = 1960
 INFO: [activate:15] Activating GPU#0
 INFO: [selectTracesToBeUsedForMidpoint:113] Selecting traces for m0 = 1960
 INFO: [copyOnlySelectedTracesToDevice:118] Selected 329 traces
 INFO: [copyOnlySelectedTracesToDevice:152] Copy time is 0.00264225
 INFO: [selectTracesToBeUsedForMidpoint:181] Execution time for copying traces is 0.00301782s
 INFO: [saveStatisticalResults:102] Total execution time for selecting traces is 0.00307721s
 INFO: [saveStatisticalResults:104] Total execution time for kernels is 0.28913s
 INFO: [run:16] m0 = 2120
 INFO: [activate:15] Activating GPU#0
 INFO: [selectTracesToBeUsedForMidpoint:113] Selecting traces for m0 = 2120
 INFO: [copyOnlySelectedTracesToDevice:118] Selected 345 traces
 INFO: [copyOnlySelectedTracesToDevice:152] Copy time is 0.00278421
 INFO: [selectTracesToBeUsedForMidpoint:181] Execution time for copying traces is 0.00314702s
 INFO: [saveStatisticalResults:102] Total execution time for selecting traces is 0.00320397s
 INFO: [saveStatisticalResults:104] Total execution time for kernels is 0.309277s
 INFO: [run:16] m0 = 2280
 INFO: [activate:15] Activating GPU#0
 INFO: [selectTracesToBeUsedForMidpoint:113] Selecting traces for m0 = 2280
 INFO: [copyOnlySelectedTracesToDevice:118] Selected 345 traces
 INFO: [copyOnlySelectedTracesToDevice:152] Copy time is 0.00279248
 INFO: [selectTracesToBeUsedForMidpoint:181] Execution time for copying traces is 0.0031581s
 INFO: [saveStatisticalResults:102] Total execution time for selecting traces is 0.0032176s
 INFO: [saveStatisticalResults:104] Total execution time for kernels is 0.313133s
 INFO: [run:16] m0 = 2440
 INFO: [activate:15] Activating GPU#0
 INFO: [selectTracesToBeUsedForMidpoint:113] Selecting traces for m0 = 2440
 INFO: [copyOnlySelectedTracesToDevice:118] Selected 345 traces
 INFO: [copyOnlySelectedTracesToDevice:152] Copy time is 0.00278769
 INFO: [selectTracesToBeUsedForMidpoint:181] Execution time for copying traces is 0.00313131s
 INFO: [saveStatisticalResults:102] Total execution time for selecting traces is 0.00318598s
 INFO: [saveStatisticalResults:104] Total execution time for kernels is 0.311204s
 INFO: [run:16] m0 = 2600
 INFO: [activate:15] Activating GPU#0
 INFO: [selectTracesToBeUsedForMidpoint:113] Selecting traces for m0 = 2600
 INFO: [copyOnlySelectedTracesToDevice:118] Selected 345 traces
 INFO: [copyOnlySelectedTracesToDevice:152] Copy time is 0.00277197
 INFO: [selectTracesToBeUsedForMidpoint:181] Execution time for copying traces is 0.00312368s
 INFO: [saveStatisticalResults:102] Total execution time for selecting traces is 0.00318221s
 INFO: [saveStatisticalResults:104] Total execution time for kernels is 0.309044s
 INFO: [run:16] m0 = 2760
 INFO: [activate:15] Activating GPU#0
 INFO: [selectTracesToBeUsedForMidpoint:113] Selecting traces for m0 = 2760
 INFO: [copyOnlySelectedTracesToDevice:118] Selected 345 traces
 INFO: [copyOnlySelectedTracesToDevice:152] Copy time is 0.00281204
 INFO: [selectTracesToBeUsedForMidpoint:181] Execution time for copying traces is 0.00318255s
 INFO: [saveStatisticalResults:102] Total execution time for selecting traces is 0.0032389s
 INFO: [saveStatisticalResults:104] Total execution time for kernels is 0.303819s
 INFO: [run:16] m0 = 2920
 INFO: [activate:15] Activating GPU#0
 INFO: [selectTracesToBeUsedForMidpoint:113] Selecting traces for m0 = 2920
 INFO: [copyOnlySelectedTracesToDevice:118] Selected 345 traces
 INFO: [copyOnlySelectedTracesToDevice:152] Copy time is 0.00273837
 INFO: [selectTracesToBeUsedForMidpoint:181] Execution time for copying traces is 0.00308367s
 INFO: [saveStatisticalResults:102] Total execution time for selecting traces is 0.00313891s
 INFO: [saveStatisticalResults:104] Total execution time for kernels is 0.306016s
 INFO: [run:16] m0 = 3080
 INFO: [activate:15] Activating GPU#0
 INFO: [selectTracesToBeUsedForMidpoint:113] Selecting traces for m0 = 3080
 INFO: [copyOnlySelectedTracesToDevice:118] Selected 345 traces
 INFO: [copyOnlySelectedTracesToDevice:152] Copy time is 0.0027593
 INFO: [selectTracesToBeUsedForMidpoint:181] Execution time for copying traces is 0.00312092s
 INFO: [saveStatisticalResults:102] Total execution time for selecting traces is 0.00317628s
 INFO: [saveStatisticalResults:104] Total execution time for kernels is 0.310235s
 INFO: [run:16] m0 = 3240
 INFO: [activate:15] Activating GPU#0
 INFO: [selectTracesToBeUsedForMidpoint:113] Selecting traces for m0 = 3240
 INFO: [copyOnlySelectedTracesToDevice:118] Selected 345 traces
 INFO: [copyOnlySelectedTracesToDevice:152] Copy time is 0.00274804
 INFO: [selectTracesToBeUsedForMidpoint:181] Execution time for copying traces is 0.00312154s
 INFO: [saveStatisticalResults:102] Total execution time for selecting traces is 0.00317851s
 INFO: [saveStatisticalResults:104] Total execution time for kernels is 0.312802s
 INFO: [run:16] m0 = 3400
 INFO: [activate:15] Activating GPU#0
 INFO: [selectTracesToBeUsedForMidpoint:113] Selecting traces for m0 = 3400
 INFO: [copyOnlySelectedTracesToDevice:118] Selected 345 traces
 INFO: [copyOnlySelectedTracesToDevice:152] Copy time is 0.00273529
 INFO: [selectTracesToBeUsedForMidpoint:181] Execution time for copying traces is 0.00309232s
 INFO: [saveStatisticalResults:102] Total execution time for selecting traces is 0.00314587s
 INFO: [saveStatisticalResults:104] Total execution time for kernels is 0.30984s
 INFO: [run:16] m0 = 3560
 INFO: [activate:15] Activating GPU#0
 INFO: [selectTracesToBeUsedForMidpoint:113] Selecting traces for m0 = 3560
 INFO: [copyOnlySelectedTracesToDevice:118] Selected 345 traces
 INFO: [copyOnlySelectedTracesToDevice:152] Copy time is 0.00276714
 INFO: [selectTracesToBeUsedForMidpoint:181] Execution time for copying traces is 0.00316534s
 INFO: [saveStatisticalResults:102] Total execution time for selecting traces is 0.00322047s
 INFO: [saveStatisticalResults:104] Total execution time for kernels is 0.307849s
 INFO: [run:16] m0 = 3720
 INFO: [activate:15] Activating GPU#0
 INFO: [selectTracesToBeUsedForMidpoint:113] Selecting traces for m0 = 3720
 INFO: [copyOnlySelectedTracesToDevice:118] Selected 345 traces
 INFO: [copyOnlySelectedTracesToDevice:152] Copy time is 0.00274874
 INFO: [selectTracesToBeUsedForMidpoint:181] Execution time for copying traces is 0.00311064s
 INFO: [saveStatisticalResults:102] Total execution time for selecting traces is 0.0031649s
 INFO: [saveStatisticalResults:104] Total execution time for kernels is 0.311841s
 INFO: [run:16] m0 = 3880
 INFO: [activate:15] Activating GPU#0
 INFO: [selectTracesToBeUsedForMidpoint:113] Selecting traces for m0 = 3880
 INFO: [copyOnlySelectedTracesToDevice:118] Selected 345 traces
 INFO: [copyOnlySelectedTracesToDevice:152] Copy time is 0.00280032
 INFO: [selectTracesToBeUsedForMidpoint:181] Execution time for copying traces is 0.00314402s
 INFO: [saveStatisticalResults:102] Total execution time for selecting traces is 0.00319729s
 INFO: [saveStatisticalResults:104] Total execution time for kernels is 0.314122s
 INFO: [run:16] m0 = 4040
 INFO: [activate:15] Activating GPU#0
 INFO: [selectTracesToBeUsedForMidpoint:113] Selecting traces for m0 = 4040
 INFO: [copyOnlySelectedTracesToDevice:118] Selected 345 traces
 INFO: [copyOnlySelectedTracesToDevice:152] Copy time is 0.00273433
 INFO: [selectTracesToBeUsedForMidpoint:181] Execution time for copying traces is 0.00311072s
 INFO: [saveStatisticalResults:102] Total execution time for selecting traces is 0.00316622s
 INFO: [saveStatisticalResults:104] Total execution time for kernels is 0.308463s
 INFO: [run:16] m0 = 4200
 INFO: [activate:15] Activating GPU#0
 INFO: [selectTracesToBeUsedForMidpoint:113] Selecting traces for m0 = 4200
 INFO: [copyOnlySelectedTracesToDevice:118] Selected 345 traces
 INFO: [copyOnlySelectedTracesToDevice:152] Copy time is 0.00274177
 INFO: [selectTracesToBeUsedForMidpoint:181] Execution time for copying traces is 0.00309279s
 INFO: [saveStatisticalResults:102] Total execution time for selecting traces is 0.00314921s
 INFO: [saveStatisticalResults:104] Total execution time for kernels is 0.306465s
 INFO: [run:16] m0 = 4360
 INFO: [activate:15] Activating GPU#0
 INFO: [selectTracesToBeUsedForMidpoint:113] Selecting traces for m0 = 4360
 INFO: [copyOnlySelectedTracesToDevice:118] Selected 345 traces
 INFO: [copyOnlySelectedTracesToDevice:152] Copy time is 0.00277422
 INFO: [selectTracesToBeUsedForMidpoint:181] Execution time for copying traces is 0.00312436s
 INFO: [saveStatisticalResults:102] Total execution time for selecting traces is 0.0031795s
 INFO: [saveStatisticalResults:104] Total execution time for kernels is 0.33557s
 INFO: [run:16] m0 = 4520
 INFO: [activate:15] Activating GPU#0
 INFO: [selectTracesToBeUsedForMidpoint:113] Selecting traces for m0 = 4520
 INFO: [copyOnlySelectedTracesToDevice:118] Selected 345 traces
 INFO: [copyOnlySelectedTracesToDevice:152] Copy time is 0.00276853
 INFO: [selectTracesToBeUsedForMidpoint:181] Execution time for copying traces is 0.00313463s
 INFO: [saveStatisticalResults:102] Total execution time for selecting traces is 0.00319092s
 INFO: [saveStatisticalResults:104] Total execution time for kernels is 0.313772s
 INFO: [run:16] m0 = 4680
 INFO: [activate:15] Activating GPU#0
 INFO: [selectTracesToBeUsedForMidpoint:113] Selecting traces for m0 = 4680
 INFO: [copyOnlySelectedTracesToDevice:118] Selected 345 traces
 INFO: [copyOnlySelectedTracesToDevice:152] Copy time is 0.00281223
 INFO: [selectTracesToBeUsedForMidpoint:181] Execution time for copying traces is 0.00317577s
 INFO: [saveStatisticalResults:102] Total execution time for selecting traces is 0.00323293s
 INFO: [saveStatisticalResults:104] Total execution time for kernels is 0.312501s
 INFO: [run:16] m0 = 4840
 INFO: [activate:15] Activating GPU#0
 INFO: [selectTracesToBeUsedForMidpoint:113] Selecting traces for m0 = 4840
 INFO: [copyOnlySelectedTracesToDevice:118] Selected 345 traces
 INFO: [copyOnlySelectedTracesToDevice:152] Copy time is 0.00278344
 INFO: [selectTracesToBeUsedForMidpoint:181] Execution time for copying traces is 0.00314115s
 INFO: [saveStatisticalResults:102] Total execution time for selecting traces is 0.00319699s
 INFO: [saveStatisticalResults:104] Total execution time for kernels is 0.313279s
 INFO: [run:16] m0 = 5000
 INFO: [activate:15] Activating GPU#0
 INFO: [selectTracesToBeUsedForMidpoint:113] Selecting traces for m0 = 5000
 INFO: [copyOnlySelectedTracesToDevice:118] Selected 345 traces
 INFO: [copyOnlySelectedTracesToDevice:152] Copy time is 0.00276252
 INFO: [selectTracesToBeUsedForMidpoint:181] Execution time for copying traces is 0.00312746s
 INFO: [saveStatisticalResults:102] Total execution time for selecting traces is 0.00318107s
 INFO: [saveStatisticalResults:104] Total execution time for kernels is 0.310157s
 INFO: [run:16] m0 = 5160
 INFO: [activate:15] Activating GPU#0
 INFO: [selectTracesToBeUsedForMidpoint:113] Selecting traces for m0 = 5160
 INFO: [copyOnlySelectedTracesToDevice:118] Selected 345 traces
 INFO: [copyOnlySelectedTracesToDevice:152] Copy time is 0.00273295
 INFO: [selectTracesToBeUsedForMidpoint:181] Execution time for copying traces is 0.00309881s
 INFO: [saveStatisticalResults:102] Total execution time for selecting traces is 0.0031548s
 INFO: [saveStatisticalResults:104] Total execution time for kernels is 0.312567s
 INFO: [run:16] m0 = 5320
 INFO: [activate:15] Activating GPU#0
 INFO: [selectTracesToBeUsedForMidpoint:113] Selecting traces for m0 = 5320
 INFO: [copyOnlySelectedTracesToDevice:118] Selected 345 traces
 INFO: [copyOnlySelectedTracesToDevice:152] Copy time is 0.00277237
 INFO: [selectTracesToBeUsedForMidpoint:181] Execution time for copying traces is 0.00314156s
 INFO: [saveStatisticalResults:102] Total execution time for selecting traces is 0.00319674s
 INFO: [saveStatisticalResults:104] Total execution time for kernels is 0.307312s
 INFO: [run:16] m0 = 5480
 INFO: [activate:15] Activating GPU#0
 INFO: [selectTracesToBeUsedForMidpoint:113] Selecting traces for m0 = 5480
 INFO: [copyOnlySelectedTracesToDevice:118] Selected 345 traces
 INFO: [copyOnlySelectedTracesToDevice:152] Copy time is 0.0027657
 INFO: [selectTracesToBeUsedForMidpoint:181] Execution time for copying traces is 0.00311174s
 INFO: [saveStatisticalResults:102] Total execution time for selecting traces is 0.00316695s
 INFO: [saveStatisticalResults:104] Total execution time for kernels is 0.326847s
 INFO: [run:16] m0 = 5640
 INFO: [activate:15] Activating GPU#0
 INFO: [selectTracesToBeUsedForMidpoint:113] Selecting traces for m0 = 5640
 INFO: [copyOnlySelectedTracesToDevice:118] Selected 345 traces
 INFO: [copyOnlySelectedTracesToDevice:152] Copy time is 0.00277132
 INFO: [selectTracesToBeUsedForMidpoint:181] Execution time for copying traces is 0.00313956s
 INFO: [saveStatisticalResults:102] Total execution time for selecting traces is 0.00319746s
 INFO: [saveStatisticalResults:104] Total execution time for kernels is 0.311546s
 INFO: [run:16] m0 = 5800
 INFO: [activate:15] Activating GPU#0
 INFO: [selectTracesToBeUsedForMidpoint:113] Selecting traces for m0 = 5800
 INFO: [copyOnlySelectedTracesToDevice:118] Selected 345 traces
 INFO: [copyOnlySelectedTracesToDevice:152] Copy time is 0.00277135
 INFO: [selectTracesToBeUsedForMidpoint:181] Execution time for copying traces is 0.003131s
 INFO: [saveStatisticalResults:102] Total execution time for selecting traces is 0.00318551s
 INFO: [saveStatisticalResults:104] Total execution time for kernels is 0.31405s
 INFO: [run:16] m0 = 5960
 INFO: [activate:15] Activating GPU#0
 INFO: [selectTracesToBeUsedForMidpoint:113] Selecting traces for m0 = 5960
 INFO: [copyOnlySelectedTracesToDevice:118] Selected 345 traces
 INFO: [copyOnlySelectedTracesToDevice:152] Copy time is 0.00277485
 INFO: [selectTracesToBeUsedForMidpoint:181] Execution time for copying traces is 0.00315841s
 INFO: [saveStatisticalResults:102] Total execution time for selecting traces is 0.00321158s
 INFO: [saveStatisticalResults:104] Total execution time for kernels is 0.310201s
 INFO: [run:16] m0 = 6120
 INFO: [activate:15] Activating GPU#0
 INFO: [selectTracesToBeUsedForMidpoint:113] Selecting traces for m0 = 6120
 INFO: [copyOnlySelectedTracesToDevice:118] Selected 345 traces
 INFO: [copyOnlySelectedTracesToDevice:152] Copy time is 0.00272017
 INFO: [selectTracesToBeUsedForMidpoint:181] Execution time for copying traces is 0.00307071s
 INFO: [saveStatisticalResults:102] Total execution time for selecting traces is 0.00312551s
 INFO: [saveStatisticalResults:104] Total execution time for kernels is 0.310891s
 INFO: [run:16] m0 = 6280
 INFO: [activate:15] Activating GPU#0
 INFO: [selectTracesToBeUsedForMidpoint:113] Selecting traces for m0 = 6280
 INFO: [copyOnlySelectedTracesToDevice:118] Selected 345 traces
 INFO: [copyOnlySelectedTracesToDevice:152] Copy time is 0.0027771
 INFO: [selectTracesToBeUsedForMidpoint:181] Execution time for copying traces is 0.00313778s
 INFO: [saveStatisticalResults:102] Total execution time for selecting traces is 0.00319637s
 INFO: [saveStatisticalResults:104] Total execution time for kernels is 0.309953s
 INFO: [run:16] m0 = 6440
 INFO: [activate:15] Activating GPU#0
 INFO: [selectTracesToBeUsedForMidpoint:113] Selecting traces for m0 = 6440
 INFO: [copyOnlySelectedTracesToDevice:118] Selected 345 traces
 INFO: [copyOnlySelectedTracesToDevice:152] Copy time is 0.00274381
 INFO: [selectTracesToBeUsedForMidpoint:181] Execution time for copying traces is 0.00312926s
 INFO: [saveStatisticalResults:102] Total execution time for selecting traces is 0.00318534s
 INFO: [saveStatisticalResults:104] Total execution time for kernels is 0.311012s
 INFO: [run:16] m0 = 6600
 INFO: [activate:15] Activating GPU#0
 INFO: [selectTracesToBeUsedForMidpoint:113] Selecting traces for m0 = 6600
 INFO: [copyOnlySelectedTracesToDevice:118] Selected 345 traces
 INFO: [copyOnlySelectedTracesToDevice:152] Copy time is 0.00279134
 INFO: [selectTracesToBeUsedForMidpoint:181] Execution time for copying traces is 0.00314228s
 INFO: [saveStatisticalResults:102] Total execution time for selecting traces is 0.00319801s
 INFO: [saveStatisticalResults:104] Total execution time for kernels is 0.30466s
 INFO: [run:16] m0 = 6760
 INFO: [activate:15] Activating GPU#0
 INFO: [selectTracesToBeUsedForMidpoint:113] Selecting traces for m0 = 6760
 INFO: [copyOnlySelectedTracesToDevice:118] Selected 345 traces
 INFO: [copyOnlySelectedTracesToDevice:152] Copy time is 0.00272575
 INFO: [selectTracesToBeUsedForMidpoint:181] Execution time for copying traces is 0.00311302s
 INFO: [saveStatisticalResults:102] Total execution time for selecting traces is 0.00316885s
 INFO: [saveStatisticalResults:104] Total execution time for kernels is 0.295026s
 INFO: [run:16] m0 = 6920
 INFO: [activate:15] Activating GPU#0
 INFO: [selectTracesToBeUsedForMidpoint:113] Selecting traces for m0 = 6920
 INFO: [copyOnlySelectedTracesToDevice:118] Selected 345 traces
 INFO: [copyOnlySelectedTracesToDevice:152] Copy time is 0.0028114
 INFO: [selectTracesToBeUsedForMidpoint:181] Execution time for copying traces is 0.00316707s
 INFO: [saveStatisticalResults:102] Total execution time for selecting traces is 0.00323035s
 INFO: [saveStatisticalResults:104] Total execution time for kernels is 0.333869s
 INFO: [run:16] m0 = 7080
 INFO: [activate:15] Activating GPU#0
 INFO: [selectTracesToBeUsedForMidpoint:113] Selecting traces for m0 = 7080
 INFO: [copyOnlySelectedTracesToDevice:118] Selected 345 traces
 INFO: [copyOnlySelectedTracesToDevice:152] Copy time is 0.00275788
 INFO: [selectTracesToBeUsedForMidpoint:181] Execution time for copying traces is 0.00318545s
 INFO: [saveStatisticalResults:102] Total execution time for selecting traces is 0.00325376s
 INFO: [saveStatisticalResults:104] Total execution time for kernels is 0.312611s
 INFO: [run:16] m0 = 7240
 INFO: [activate:15] Activating GPU#0
 INFO: [selectTracesToBeUsedForMidpoint:113] Selecting traces for m0 = 7240
 INFO: [copyOnlySelectedTracesToDevice:118] Selected 345 traces
 INFO: [copyOnlySelectedTracesToDevice:152] Copy time is 0.0027668
 INFO: [selectTracesToBeUsedForMidpoint:181] Execution time for copying traces is 0.00321161s
 INFO: [saveStatisticalResults:102] Total execution time for selecting traces is 0.00327178s
 INFO: [saveStatisticalResults:104] Total execution time for kernels is 0.312267s
 INFO: [run:16] m0 = 7400
 INFO: [activate:15] Activating GPU#0
 INFO: [selectTracesToBeUsedForMidpoint:113] Selecting traces for m0 = 7400
 INFO: [copyOnlySelectedTracesToDevice:118] Selected 345 traces
 INFO: [copyOnlySelectedTracesToDevice:152] Copy time is 0.00270987
 INFO: [selectTracesToBeUsedForMidpoint:181] Execution time for copying traces is 0.00309635s
 INFO: [saveStatisticalResults:102] Total execution time for selecting traces is 0.0031512s
 INFO: [saveStatisticalResults:104] Total execution time for kernels is 0.311145s
 INFO: [run:16] m0 = 7560
 INFO: [activate:15] Activating GPU#0
 INFO: [selectTracesToBeUsedForMidpoint:113] Selecting traces for m0 = 7560
 INFO: [copyOnlySelectedTracesToDevice:118] Selected 345 traces
 INFO: [copyOnlySelectedTracesToDevice:152] Copy time is 0.00275602
 INFO: [selectTracesToBeUsedForMidpoint:181] Execution time for copying traces is 0.00310619s
 INFO: [saveStatisticalResults:102] Total execution time for selecting traces is 0.00316288s
 INFO: [saveStatisticalResults:104] Total execution time for kernels is 0.310061s
 INFO: [run:16] m0 = 7720
 INFO: [activate:15] Activating GPU#0
 INFO: [selectTracesToBeUsedForMidpoint:113] Selecting traces for m0 = 7720
 INFO: [copyOnlySelectedTracesToDevice:118] Selected 345 traces
 INFO: [copyOnlySelectedTracesToDevice:152] Copy time is 0.0027463
 INFO: [selectTracesToBeUsedForMidpoint:181] Execution time for copying traces is 0.00313564s
 INFO: [saveStatisticalResults:102] Total execution time for selecting traces is 0.00321358s
 INFO: [saveStatisticalResults:104] Total execution time for kernels is 0.313212s
 INFO: [run:16] m0 = 7880
 INFO: [activate:15] Activating GPU#0
 INFO: [selectTracesToBeUsedForMidpoint:113] Selecting traces for m0 = 7880
 INFO: [copyOnlySelectedTracesToDevice:118] Selected 345 traces
 INFO: [copyOnlySelectedTracesToDevice:152] Copy time is 0.00279302
 INFO: [selectTracesToBeUsedForMidpoint:181] Execution time for copying traces is 0.00317101s
 INFO: [saveStatisticalResults:102] Total execution time for selecting traces is 0.00322548s
 INFO: [saveStatisticalResults:104] Total execution time for kernels is 0.306177s
 INFO: [run:16] m0 = 8040
 INFO: [activate:15] Activating GPU#0
 INFO: [selectTracesToBeUsedForMidpoint:113] Selecting traces for m0 = 8040
 INFO: [copyOnlySelectedTracesToDevice:118] Selected 345 traces
 INFO: [copyOnlySelectedTracesToDevice:152] Copy time is 0.00276375
 INFO: [selectTracesToBeUsedForMidpoint:181] Execution time for copying traces is 0.00313759s
 INFO: [saveStatisticalResults:102] Total execution time for selecting traces is 0.00319357s
 INFO: [saveStatisticalResults:104] Total execution time for kernels is 0.294753s
 INFO: [run:16] m0 = 8200
 INFO: [activate:15] Activating GPU#0
 INFO: [selectTracesToBeUsedForMidpoint:113] Selecting traces for m0 = 8200
 INFO: [copyOnlySelectedTracesToDevice:118] Selected 345 traces
 INFO: [copyOnlySelectedTracesToDevice:152] Copy time is 0.00271246
 INFO: [selectTracesToBeUsedForMidpoint:181] Execution time for copying traces is 0.00306385s
 INFO: [saveStatisticalResults:102] Total execution time for selecting traces is 0.00312666s
 INFO: [saveStatisticalResults:104] Total execution time for kernels is 0.331395s
 INFO: [run:16] m0 = 8360
 INFO: [activate:15] Activating GPU#0
 INFO: [selectTracesToBeUsedForMidpoint:113] Selecting traces for m0 = 8360
 INFO: [copyOnlySelectedTracesToDevice:118] Selected 345 traces
 INFO: [copyOnlySelectedTracesToDevice:152] Copy time is 0.00271913
 INFO: [selectTracesToBeUsedForMidpoint:181] Execution time for copying traces is 0.00306231s
 INFO: [saveStatisticalResults:102] Total execution time for selecting traces is 0.00311724s
 INFO: [saveStatisticalResults:104] Total execution time for kernels is 0.311914s
 INFO: [run:16] m0 = 8520
 INFO: [activate:15] Activating GPU#0
 INFO: [selectTracesToBeUsedForMidpoint:113] Selecting traces for m0 = 8520
 INFO: [copyOnlySelectedTracesToDevice:118] Selected 345 traces
 INFO: [copyOnlySelectedTracesToDevice:152] Copy time is 0.00273823
 INFO: [selectTracesToBeUsedForMidpoint:181] Execution time for copying traces is 0.0030908s
 INFO: [saveStatisticalResults:102] Total execution time for selecting traces is 0.00314528s
 INFO: [saveStatisticalResults:104] Total execution time for kernels is 0.311184s
 INFO: [run:16] m0 = 8680
 INFO: [activate:15] Activating GPU#0
 INFO: [selectTracesToBeUsedForMidpoint:113] Selecting traces for m0 = 8680
 INFO: [copyOnlySelectedTracesToDevice:118] Selected 345 traces
 INFO: [copyOnlySelectedTracesToDevice:152] Copy time is 0.00276217
 INFO: [selectTracesToBeUsedForMidpoint:181] Execution time for copying traces is 0.00311741s
 INFO: [saveStatisticalResults:102] Total execution time for selecting traces is 0.00317109s
 INFO: [saveStatisticalResults:104] Total execution time for kernels is 0.308152s
 INFO: [run:16] m0 = 8840
 INFO: [activate:15] Activating GPU#0
 INFO: [selectTracesToBeUsedForMidpoint:113] Selecting traces for m0 = 8840
 INFO: [copyOnlySelectedTracesToDevice:118] Selected 345 traces
 INFO: [copyOnlySelectedTracesToDevice:152] Copy time is 0.00278595
 INFO: [selectTracesToBeUsedForMidpoint:181] Execution time for copying traces is 0.003144s
 INFO: [saveStatisticalResults:102] Total execution time for selecting traces is 0.00319682s
 INFO: [saveStatisticalResults:104] Total execution time for kernels is 0.310218s
 INFO: [run:16] m0 = 9000
 INFO: [activate:15] Activating GPU#0
 INFO: [selectTracesToBeUsedForMidpoint:113] Selecting traces for m0 = 9000
 INFO: [copyOnlySelectedTracesToDevice:118] Selected 339 traces
 INFO: [copyOnlySelectedTracesToDevice:152] Copy time is 0.00270365
 INFO: [selectTracesToBeUsedForMidpoint:181] Execution time for copying traces is 0.00307202s
 INFO: [saveStatisticalResults:102] Total execution time for selecting traces is 0.00312835s
 INFO: [saveStatisticalResults:104] Total execution time for kernels is 0.305256s
 INFO: [run:16] m0 = 9160
 INFO: [activate:15] Activating GPU#0
 INFO: [selectTracesToBeUsedForMidpoint:113] Selecting traces for m0 = 9160
 INFO: [copyOnlySelectedTracesToDevice:118] Selected 303 traces
 INFO: [copyOnlySelectedTracesToDevice:152] Copy time is 0.00239186
 INFO: [selectTracesToBeUsedForMidpoint:181] Execution time for copying traces is 0.00275964s
 INFO: [saveStatisticalResults:102] Total execution time for selecting traces is 0.00282083s
 INFO: [saveStatisticalResults:104] Total execution time for kernels is 0.26567s
 INFO: [run:16] m0 = 9320
 INFO: [activate:15] Activating GPU#0
 INFO: [selectTracesToBeUsedForMidpoint:113] Selecting traces for m0 = 9320
 INFO: [copyOnlySelectedTracesToDevice:118] Selected 244 traces
 INFO: [copyOnlySelectedTracesToDevice:152] Copy time is 0.00192995
 INFO: [selectTracesToBeUsedForMidpoint:181] Execution time for copying traces is 0.00226897s
 INFO: [saveStatisticalResults:102] Total execution time for selecting traces is 0.00232441s
 INFO: [saveStatisticalResults:104] Total execution time for kernels is 0.196177s
 INFO: [run:16] m0 = 9480
 INFO: [activate:15] Activating GPU#0
 INFO: [selectTracesToBeUsedForMidpoint:113] Selecting traces for m0 = 9480
 INFO: [copyOnlySelectedTracesToDevice:118] Selected 184 traces
 INFO: [copyOnlySelectedTracesToDevice:152] Copy time is 0.00149642
 INFO: [selectTracesToBeUsedForMidpoint:181] Execution time for copying traces is 0.00186208s
 INFO: [saveStatisticalResults:102] Total execution time for selecting traces is 0.00192232s
 INFO: [saveStatisticalResults:104] Total execution time for kernels is 0.165521s
 INFO: [run:16] m0 = 9640
 INFO: [activate:15] Activating GPU#0
 INFO: [selectTracesToBeUsedForMidpoint:113] Selecting traces for m0 = 9640
 INFO: [copyOnlySelectedTracesToDevice:118] Selected 124 traces
 INFO: [copyOnlySelectedTracesToDevice:152] Copy time is 0.0011329
 INFO: [selectTracesToBeUsedForMidpoint:181] Execution time for copying traces is 0.00135367s
 INFO: [saveStatisticalResults:102] Total execution time for selecting traces is 0.00141182s
 INFO: [saveStatisticalResults:104] Total execution time for kernels is 0.10614s
 INFO: [run:16] m0 = 9800
 INFO: [activate:15] Activating GPU#0
 INFO: [selectTracesToBeUsedForMidpoint:113] Selecting traces for m0 = 9800
 INFO: [copyOnlySelectedTracesToDevice:118] Selected 64 traces
 INFO: [copyOnlySelectedTracesToDevice:152] Copy time is 0.000586966
 INFO: [selectTracesToBeUsedForMidpoint:181] Execution time for copying traces is 0.000717259s
 INFO: [saveStatisticalResults:102] Total execution time for selecting traces is 0.000777663s
 INFO: [saveStatisticalResults:104] Total execution time for kernels is 0.0519753s
