 INFO: Number of CDPs = 445
 INFO: Number of traces in the gather = 9200
 INFO: Number of samples per trace = 2502
 INFO: Starting worker threads...
 INFO: Computing semblance for m0 = 0
 INFO: Total execution time for kernels is 0.00404676s
 INFO: Computing semblance for m0 = 1080
 INFO: Total execution time for kernels is 0.278352s
 INFO: Computing semblance for m0 = 1100
 INFO: Total execution time for kernels is 0.239459s
 INFO: Computing semblance for m0 = 1120
 INFO: Total execution time for kernels is 0.242427s
 INFO: Computing semblance for m0 = 1140
 INFO: Total execution time for kernels is 0.257929s
 INFO: Computing semblance for m0 = 1160
 INFO: Total execution time for kernels is 0.267395s
 INFO: Computing semblance for m0 = 1180
 INFO: Total execution time for kernels is 0.274598s
 INFO: Computing semblance for m0 = 1200
 INFO: Total execution time for kernels is 0.287257s
 INFO: Computing semblance for m0 = 1220
 INFO: Total execution time for kernels is 0.294765s
 INFO: Computing semblance for m0 = 1240
 INFO: Total execution time for kernels is 0.301177s
 INFO: Computing semblance for m0 = 1260
 INFO: Total execution time for kernels is 0.316991s
 INFO: Computing semblance for m0 = 1280
 INFO: Total execution time for kernels is 0.330095s
 INFO: Computing semblance for m0 = 1300
 INFO: Total execution time for kernels is 0.345596s
 INFO: Computing semblance for m0 = 1320
 INFO: Total execution time for kernels is 0.360974s
 INFO: Computing semblance for m0 = 1340
 INFO: Total execution time for kernels is 0.381774s
 INFO: Computing semblance for m0 = 1360
 INFO: Total execution time for kernels is 0.395755s
 INFO: Computing semblance for m0 = 1380
 INFO: Total execution time for kernels is 0.424226s
 INFO: Computing semblance for m0 = 1400
 INFO: Total execution time for kernels is 0.447218s
 INFO: Computing semblance for m0 = 1420
 INFO: Total execution time for kernels is 0.478502s
 INFO: Computing semblance for m0 = 1440
 INFO: Total execution time for kernels is 0.507329s
 INFO: Computing semblance for m0 = 1460
 INFO: Total execution time for kernels is 0.538595s
 INFO: Computing semblance for m0 = 1480
 INFO: Total execution time for kernels is 0.56978s
 INFO: Computing semblance for m0 = 1500
 INFO: Total execution time for kernels is 0.603745s
 INFO: Computing semblance for m0 = 1520
 INFO: Total execution time for kernels is 0.643645s
 INFO: Computing semblance for m0 = 1540
 INFO: Total execution time for kernels is 0.686761s
 INFO: Computing semblance for m0 = 1560
 INFO: Total execution time for kernels is 0.722309s
 INFO: Computing semblance for m0 = 1580
 INFO: Total execution time for kernels is 0.7626s
 INFO: Computing semblance for m0 = 1600
 INFO: Total execution time for kernels is 0.796547s
 INFO: Computing semblance for m0 = 1620
 INFO: Total execution time for kernels is 0.828928s
 INFO: Computing semblance for m0 = 1640
 INFO: Total execution time for kernels is 0.862003s
 INFO: Computing semblance for m0 = 1660
 INFO: Total execution time for kernels is 0.909986s
 INFO: Computing semblance for m0 = 1680
 INFO: Total execution time for kernels is 0.943018s
 INFO: Computing semblance for m0 = 1700
 INFO: Total execution time for kernels is 0.986191s
 INFO: Computing semblance for m0 = 1720
 INFO: Total execution time for kernels is 1.01295s
 INFO: Computing semblance for m0 = 1740
 INFO: Total execution time for kernels is 1.05454s
 INFO: Computing semblance for m0 = 1760
 INFO: Total execution time for kernels is 1.09306s
 INFO: Computing semblance for m0 = 1780
 INFO: Total execution time for kernels is 1.13308s
 INFO: Computing semblance for m0 = 1800
 INFO: Total execution time for kernels is 1.17069s
 INFO: Computing semblance for m0 = 1820
 INFO: Total execution time for kernels is 1.21403s
 INFO: Computing semblance for m0 = 1840
 INFO: Total execution time for kernels is 1.24861s
 INFO: Computing semblance for m0 = 1860
 INFO: Total execution time for kernels is 1.28107s
 INFO: Computing semblance for m0 = 1880
 INFO: Total execution time for kernels is 1.31242s
 INFO: Computing semblance for m0 = 1900
 INFO: Total execution time for kernels is 1.34785s
 INFO: Computing semblance for m0 = 1920
 INFO: Total execution time for kernels is 1.37181s
 INFO: Computing semblance for m0 = 1940
 INFO: Total execution time for kernels is 1.39286s
 INFO: Computing semblance for m0 = 1960
 INFO: Total execution time for kernels is 1.42242s
 INFO: Computing semblance for m0 = 1980
 INFO: Total execution time for kernels is 1.44041s
 INFO: Computing semblance for m0 = 2000
 INFO: Total execution time for kernels is 1.45388s
 INFO: Computing semblance for m0 = 2020
 INFO: Total execution time for kernels is 1.46822s
 INFO: Computing semblance for m0 = 2040
 INFO: Total execution time for kernels is 1.48176s
 INFO: Computing semblance for m0 = 2060
 INFO: Total execution time for kernels is 1.48824s
 INFO: Computing semblance for m0 = 2080
 INFO: Total execution time for kernels is 1.4902s
 INFO: Computing semblance for m0 = 2100
 INFO: Total execution time for kernels is 1.50016s
 INFO: Computing semblance for m0 = 2120
 INFO: Total execution time for kernels is 1.49986s
 INFO: Computing semblance for m0 = 2140
 INFO: Total execution time for kernels is 1.50257s
 INFO: Computing semblance for m0 = 2160
 INFO: Total execution time for kernels is 1.49949s
 INFO: Computing semblance for m0 = 2180
 INFO: Total execution time for kernels is 1.49665s
 INFO: Computing semblance for m0 = 2200
 INFO: Total execution time for kernels is 1.49763s
 INFO: Computing semblance for m0 = 2220
 INFO: Total execution time for kernels is 1.50146s
 INFO: Computing semblance for m0 = 2240
 INFO: Total execution time for kernels is 1.50312s
 INFO: Computing semblance for m0 = 2260
 INFO: Total execution time for kernels is 1.5032s
 INFO: Computing semblance for m0 = 2280
 INFO: Total execution time for kernels is 1.50207s
 INFO: Computing semblance for m0 = 2300
 INFO: Total execution time for kernels is 1.50007s
 INFO: Computing semblance for m0 = 2320
 INFO: Total execution time for kernels is 1.49872s
 INFO: Computing semblance for m0 = 2340
 INFO: Total execution time for kernels is 1.51244s
 INFO: Computing semblance for m0 = 2360
 INFO: Total execution time for kernels is 1.50324s
 INFO: Computing semblance for m0 = 2380
 INFO: Total execution time for kernels is 1.5063s
 INFO: Computing semblance for m0 = 2400
 INFO: Total execution time for kernels is 1.50685s
 INFO: Computing semblance for m0 = 2420
 INFO: Total execution time for kernels is 1.50481s
 INFO: Computing semblance for m0 = 2440
 INFO: Total execution time for kernels is 1.50388s
 INFO: Computing semblance for m0 = 2460
 INFO: Total execution time for kernels is 1.51308s
 INFO: Computing semblance for m0 = 2480
 INFO: Total execution time for kernels is 1.50958s
 INFO: Computing semblance for m0 = 2500
 INFO: Total execution time for kernels is 1.50986s
 INFO: Computing semblance for m0 = 2520
 INFO: Total execution time for kernels is 1.50672s
 INFO: Computing semblance for m0 = 2540
 INFO: Total execution time for kernels is 1.51122s
 INFO: Computing semblance for m0 = 2560
 INFO: Total execution time for kernels is 1.50176s
 INFO: Computing semblance for m0 = 2580
 INFO: Total execution time for kernels is 1.50822s
 INFO: Computing semblance for m0 = 2600
 INFO: Total execution time for kernels is 1.51116s
 INFO: Computing semblance for m0 = 2620
 INFO: Total execution time for kernels is 1.52139s
 INFO: Computing semblance for m0 = 2640
 INFO: Total execution time for kernels is 1.5102s
 INFO: Computing semblance for m0 = 2660
 INFO: Total execution time for kernels is 1.51593s
 INFO: Computing semblance for m0 = 2680
 INFO: Total execution time for kernels is 1.51343s
 INFO: Computing semblance for m0 = 2700
 INFO: Total execution time for kernels is 1.52083s
 INFO: Computing semblance for m0 = 2720
 INFO: Total execution time for kernels is 1.50992s
 INFO: Computing semblance for m0 = 2740
 INFO: Total execution time for kernels is 1.51451s
 INFO: Computing semblance for m0 = 2760
 INFO: Total execution time for kernels is 1.52147s
 INFO: Computing semblance for m0 = 2780
 INFO: Total execution time for kernels is 1.52048s
 INFO: Computing semblance for m0 = 2800
 INFO: Total execution time for kernels is 1.51355s
 INFO: Computing semblance for m0 = 2820
 INFO: Total execution time for kernels is 1.51288s
 INFO: Computing semblance for m0 = 2840
 INFO: Total execution time for kernels is 1.51199s
 INFO: Computing semblance for m0 = 2860
 INFO: Total execution time for kernels is 1.51293s
 INFO: Computing semblance for m0 = 2880
 INFO: Total execution time for kernels is 1.51535s
 INFO: Computing semblance for m0 = 2900
 INFO: Total execution time for kernels is 1.51358s
 INFO: Computing semblance for m0 = 2920
 INFO: Total execution time for kernels is 1.51064s
 INFO: Computing semblance for m0 = 2940
 INFO: Total execution time for kernels is 1.50578s
 INFO: Computing semblance for m0 = 2960
 INFO: Total execution time for kernels is 1.50992s
 INFO: Computing semblance for m0 = 2980
 INFO: Total execution time for kernels is 1.51473s
 INFO: Computing semblance for m0 = 3000
 INFO: Total execution time for kernels is 1.50932s
 INFO: Computing semblance for m0 = 3020
 INFO: Total execution time for kernels is 1.50996s
 INFO: Computing semblance for m0 = 3040
 INFO: Total execution time for kernels is 1.51153s
 INFO: Computing semblance for m0 = 3060
 INFO: Total execution time for kernels is 1.51803s
 INFO: Computing semblance for m0 = 3080
 INFO: Total execution time for kernels is 1.5125s
 INFO: Computing semblance for m0 = 3100
 INFO: Total execution time for kernels is 1.51964s
 INFO: Computing semblance for m0 = 3120
 INFO: Total execution time for kernels is 1.51194s
 INFO: Computing semblance for m0 = 3140
 INFO: Total execution time for kernels is 1.51434s
 INFO: Computing semblance for m0 = 3160
 INFO: Total execution time for kernels is 1.51258s
 INFO: Computing semblance for m0 = 3180
 INFO: Total execution time for kernels is 1.51643s
 INFO: Computing semblance for m0 = 3200
 INFO: Total execution time for kernels is 1.51246s
 INFO: Computing semblance for m0 = 3220
 INFO: Total execution time for kernels is 1.50978s
 INFO: Computing semblance for m0 = 3240
 INFO: Total execution time for kernels is 1.50244s
 INFO: Computing semblance for m0 = 3260
 INFO: Total execution time for kernels is 1.51053s
 INFO: Computing semblance for m0 = 3280
 INFO: Total execution time for kernels is 1.50464s
 INFO: Computing semblance for m0 = 3300
 INFO: Total execution time for kernels is 1.50697s
 INFO: Computing semblance for m0 = 3320
 INFO: Total execution time for kernels is 1.50044s
 INFO: Computing semblance for m0 = 3340
 INFO: Total execution time for kernels is 1.50994s
 INFO: Computing semblance for m0 = 3360
 INFO: Total execution time for kernels is 1.50646s
 INFO: Computing semblance for m0 = 3380
 INFO: Total execution time for kernels is 1.51109s
 INFO: Computing semblance for m0 = 3400
 INFO: Total execution time for kernels is 1.49886s
 INFO: Computing semblance for m0 = 3420
 INFO: Total execution time for kernels is 1.51087s
 INFO: Computing semblance for m0 = 3440
 INFO: Total execution time for kernels is 1.51458s
 INFO: Computing semblance for m0 = 3460
 INFO: Total execution time for kernels is 1.51098s
 INFO: Computing semblance for m0 = 3480
 INFO: Total execution time for kernels is 1.50629s
 INFO: Computing semblance for m0 = 3500
 INFO: Total execution time for kernels is 1.4997s
 INFO: Computing semblance for m0 = 3520
 INFO: Total execution time for kernels is 1.49786s
 INFO: Computing semblance for m0 = 3540
 INFO: Total execution time for kernels is 1.50316s
 INFO: Computing semblance for m0 = 3560
 INFO: Total execution time for kernels is 1.50183s
 INFO: Computing semblance for m0 = 3580
 INFO: Total execution time for kernels is 1.49729s
 INFO: Computing semblance for m0 = 3600
 INFO: Total execution time for kernels is 1.49245s
 INFO: Computing semblance for m0 = 3620
 INFO: Total execution time for kernels is 1.49949s
 INFO: Computing semblance for m0 = 3640
 INFO: Total execution time for kernels is 1.49705s
 INFO: Computing semblance for m0 = 3660
 INFO: Total execution time for kernels is 1.4988s
 INFO: Computing semblance for m0 = 3680
 INFO: Total execution time for kernels is 1.49322s
 INFO: Computing semblance for m0 = 3700
 INFO: Total execution time for kernels is 1.50726s
 INFO: Computing semblance for m0 = 3720
 INFO: Total execution time for kernels is 1.49378s
 INFO: Computing semblance for m0 = 3740
 INFO: Total execution time for kernels is 1.50577s
 INFO: Computing semblance for m0 = 3760
 INFO: Total execution time for kernels is 1.49925s
 INFO: Computing semblance for m0 = 3780
 INFO: Total execution time for kernels is 1.50493s
 INFO: Computing semblance for m0 = 3800
 INFO: Total execution time for kernels is 1.49335s
 INFO: Computing semblance for m0 = 3820
 INFO: Total execution time for kernels is 1.50429s
 INFO: Computing semblance for m0 = 3840
 INFO: Total execution time for kernels is 1.49679s
 INFO: Computing semblance for m0 = 3860
 INFO: Total execution time for kernels is 1.50697s
 INFO: Computing semblance for m0 = 3880
 INFO: Total execution time for kernels is 1.50396s
 INFO: Computing semblance for m0 = 3900
 INFO: Total execution time for kernels is 1.50982s
 INFO: Computing semblance for m0 = 3920
 INFO: Total execution time for kernels is 1.50024s
 INFO: Computing semblance for m0 = 3940
 INFO: Total execution time for kernels is 1.51209s
 INFO: Computing semblance for m0 = 3960
 INFO: Total execution time for kernels is 1.49964s
 INFO: Computing semblance for m0 = 3980
 INFO: Total execution time for kernels is 1.5008s
 INFO: Computing semblance for m0 = 4000
 INFO: Total execution time for kernels is 1.49775s
 INFO: Computing semblance for m0 = 4020
 INFO: Total execution time for kernels is 1.49689s
 INFO: Computing semblance for m0 = 4040
 INFO: Total execution time for kernels is 1.49194s
 INFO: Computing semblance for m0 = 4060
 INFO: Total execution time for kernels is 1.50282s
 INFO: Computing semblance for m0 = 4080
 INFO: Total execution time for kernels is 1.50098s
 INFO: Computing semblance for m0 = 4100
 INFO: Total execution time for kernels is 1.49871s
 INFO: Computing semblance for m0 = 4120
 INFO: Total execution time for kernels is 1.4973s
 INFO: Computing semblance for m0 = 4140
 INFO: Total execution time for kernels is 1.50057s
 INFO: Computing semblance for m0 = 4160
 INFO: Total execution time for kernels is 1.50227s
 INFO: Computing semblance for m0 = 4180
 INFO: Total execution time for kernels is 1.49909s
 INFO: Computing semblance for m0 = 4200
 INFO: Total execution time for kernels is 1.50589s
 INFO: Computing semblance for m0 = 4220
 INFO: Total execution time for kernels is 1.51226s
 INFO: Computing semblance for m0 = 4240
 INFO: Total execution time for kernels is 1.50766s
 INFO: Computing semblance for m0 = 4260
 INFO: Total execution time for kernels is 1.51309s
 INFO: Computing semblance for m0 = 4280
 INFO: Total execution time for kernels is 1.50422s
 INFO: Computing semblance for m0 = 4300
 INFO: Total execution time for kernels is 1.51014s
 INFO: Computing semblance for m0 = 4320
 INFO: Total execution time for kernels is 1.503s
 INFO: Computing semblance for m0 = 4340
 INFO: Total execution time for kernels is 1.50976s
 INFO: Computing semblance for m0 = 4360
 INFO: Total execution time for kernels is 1.50534s
 INFO: Computing semblance for m0 = 4380
 INFO: Total execution time for kernels is 1.51821s
 INFO: Computing semblance for m0 = 4400
 INFO: Total execution time for kernels is 1.51146s
 INFO: Computing semblance for m0 = 4420
 INFO: Total execution time for kernels is 1.51611s
 INFO: Computing semblance for m0 = 4440
 INFO: Total execution time for kernels is 1.50777s
 INFO: Computing semblance for m0 = 4460
 INFO: Total execution time for kernels is 1.5169s
 INFO: Computing semblance for m0 = 4480
 INFO: Total execution time for kernels is 1.51248s
 INFO: Computing semblance for m0 = 4500
 INFO: Total execution time for kernels is 1.50733s
 INFO: Computing semblance for m0 = 4520
 INFO: Total execution time for kernels is 1.50332s
 INFO: Computing semblance for m0 = 4540
 INFO: Total execution time for kernels is 1.50713s
 INFO: Computing semblance for m0 = 4560
 INFO: Total execution time for kernels is 1.50823s
 INFO: Computing semblance for m0 = 4580
 INFO: Total execution time for kernels is 1.51286s
 INFO: Computing semblance for m0 = 4600
 INFO: Total execution time for kernels is 1.50377s
 INFO: Computing semblance for m0 = 4620
 INFO: Total execution time for kernels is 1.49822s
 INFO: Computing semblance for m0 = 4640
 INFO: Total execution time for kernels is 1.49299s
 INFO: Computing semblance for m0 = 4660
 INFO: Total execution time for kernels is 1.50402s
 INFO: Computing semblance for m0 = 4680
 INFO: Total execution time for kernels is 1.48982s
 INFO: Computing semblance for m0 = 4700
 INFO: Total execution time for kernels is 1.49487s
 INFO: Computing semblance for m0 = 4720
 INFO: Total execution time for kernels is 1.49813s
 INFO: Computing semblance for m0 = 4740
 INFO: Total execution time for kernels is 1.51136s
 INFO: Computing semblance for m0 = 4760
 INFO: Total execution time for kernels is 1.5134s
 INFO: Computing semblance for m0 = 4780
 INFO: Total execution time for kernels is 1.51329s
 INFO: Computing semblance for m0 = 4800
 INFO: Total execution time for kernels is 1.51197s
 INFO: Computing semblance for m0 = 4820
 INFO: Total execution time for kernels is 1.51166s
 INFO: Computing semblance for m0 = 4840
 INFO: Total execution time for kernels is 1.51561s
 INFO: Computing semblance for m0 = 4860
 INFO: Total execution time for kernels is 1.51816s
 INFO: Computing semblance for m0 = 4880
 INFO: Total execution time for kernels is 1.52356s
 INFO: Computing semblance for m0 = 4900
 INFO: Total execution time for kernels is 1.52128s
 INFO: Computing semblance for m0 = 4920
 INFO: Total execution time for kernels is 1.52425s
 INFO: Computing semblance for m0 = 4940
 INFO: Total execution time for kernels is 1.51642s
 INFO: Computing semblance for m0 = 4960
 INFO: Total execution time for kernels is 1.51827s
 INFO: Computing semblance for m0 = 4980
 INFO: Total execution time for kernels is 1.5255s
 INFO: Computing semblance for m0 = 5000
 INFO: Total execution time for kernels is 1.52021s
 INFO: Computing semblance for m0 = 5020
 INFO: Total execution time for kernels is 1.53417s
 INFO: Computing semblance for m0 = 5040
 INFO: Total execution time for kernels is 1.52549s
 INFO: Computing semblance for m0 = 5060
 INFO: Total execution time for kernels is 1.5271s
 INFO: Computing semblance for m0 = 5080
 INFO: Total execution time for kernels is 1.53208s
 INFO: Computing semblance for m0 = 5100
 INFO: Total execution time for kernels is 1.52372s
 INFO: Computing semblance for m0 = 5120
 INFO: Total execution time for kernels is 1.51688s
 INFO: Computing semblance for m0 = 5140
 INFO: Total execution time for kernels is 1.52768s
 INFO: Computing semblance for m0 = 5160
 INFO: Total execution time for kernels is 1.52991s
 INFO: Computing semblance for m0 = 5180
 INFO: Total execution time for kernels is 1.52597s
 INFO: Computing semblance for m0 = 5200
 INFO: Total execution time for kernels is 1.52594s
 INFO: Computing semblance for m0 = 5220
 INFO: Total execution time for kernels is 1.5299s
 INFO: Computing semblance for m0 = 5240
 INFO: Total execution time for kernels is 1.52823s
 INFO: Computing semblance for m0 = 5260
 INFO: Total execution time for kernels is 1.52406s
 INFO: Computing semblance for m0 = 5280
 INFO: Total execution time for kernels is 1.52205s
 INFO: Computing semblance for m0 = 5300
 INFO: Total execution time for kernels is 1.52965s
 INFO: Computing semblance for m0 = 5320
 INFO: Total execution time for kernels is 1.521s
 INFO: Computing semblance for m0 = 5340
 INFO: Total execution time for kernels is 1.52619s
 INFO: Computing semblance for m0 = 5360
 INFO: Total execution time for kernels is 1.51081s
 INFO: Computing semblance for m0 = 5380
 INFO: Total execution time for kernels is 1.51618s
 INFO: Computing semblance for m0 = 5400
 INFO: Total execution time for kernels is 1.51988s
 INFO: Computing semblance for m0 = 5420
 INFO: Total execution time for kernels is 1.52419s
 INFO: Computing semblance for m0 = 5440
 INFO: Total execution time for kernels is 1.51485s
 INFO: Computing semblance for m0 = 5460
 INFO: Total execution time for kernels is 1.51153s
 INFO: Computing semblance for m0 = 5480
 INFO: Total execution time for kernels is 1.5049s
 INFO: Computing semblance for m0 = 5500
 INFO: Total execution time for kernels is 1.50806s
 INFO: Computing semblance for m0 = 5520
 INFO: Total execution time for kernels is 1.50622s
 INFO: Computing semblance for m0 = 5540
 INFO: Total execution time for kernels is 1.50897s
 INFO: Computing semblance for m0 = 5560
 INFO: Total execution time for kernels is 1.50454s
 INFO: Computing semblance for m0 = 5580
 INFO: Total execution time for kernels is 1.50636s
 INFO: Computing semblance for m0 = 5600
 INFO: Total execution time for kernels is 1.51534s
 INFO: Computing semblance for m0 = 5620
 INFO: Total execution time for kernels is 1.51646s
 INFO: Computing semblance for m0 = 5640
 INFO: Total execution time for kernels is 1.51396s
 INFO: Computing semblance for m0 = 5660
 INFO: Total execution time for kernels is 1.51626s
 INFO: Computing semblance for m0 = 5680
 INFO: Total execution time for kernels is 1.51683s
 INFO: Computing semblance for m0 = 5700
 INFO: Total execution time for kernels is 1.52547s
 INFO: Computing semblance for m0 = 5720
 INFO: Total execution time for kernels is 1.52686s
 INFO: Computing semblance for m0 = 5740
 INFO: Total execution time for kernels is 1.52324s
 INFO: Computing semblance for m0 = 5760
 INFO: Total execution time for kernels is 1.52782s
 INFO: Computing semblance for m0 = 5780
 INFO: Total execution time for kernels is 1.52402s
 INFO: Computing semblance for m0 = 5800
 INFO: Total execution time for kernels is 1.52139s
 INFO: Computing semblance for m0 = 5820
 INFO: Total execution time for kernels is 1.5268s
 INFO: Computing semblance for m0 = 5840
 INFO: Total execution time for kernels is 1.5253s
 INFO: Computing semblance for m0 = 5860
 INFO: Total execution time for kernels is 1.5253s
 INFO: Computing semblance for m0 = 5880
 INFO: Total execution time for kernels is 1.51789s
 INFO: Computing semblance for m0 = 5900
 INFO: Total execution time for kernels is 1.52431s
 INFO: Computing semblance for m0 = 5920
 INFO: Total execution time for kernels is 1.50923s
 INFO: Computing semblance for m0 = 5940
 INFO: Total execution time for kernels is 1.52242s
 INFO: Computing semblance for m0 = 5960
 INFO: Total execution time for kernels is 1.51403s
 INFO: Computing semblance for m0 = 5980
 INFO: Total execution time for kernels is 1.50758s
 INFO: Computing semblance for m0 = 6000
 INFO: Total execution time for kernels is 1.50345s
 INFO: Computing semblance for m0 = 6020
 INFO: Total execution time for kernels is 1.50913s
 INFO: Computing semblance for m0 = 6040
 INFO: Total execution time for kernels is 1.50832s
 INFO: Computing semblance for m0 = 6060
 INFO: Total execution time for kernels is 1.52027s
 INFO: Computing semblance for m0 = 6080
 INFO: Total execution time for kernels is 1.50555s
 INFO: Computing semblance for m0 = 6100
 INFO: Total execution time for kernels is 1.51939s
 INFO: Computing semblance for m0 = 6120
 INFO: Total execution time for kernels is 1.50222s
 INFO: Computing semblance for m0 = 6140
 INFO: Total execution time for kernels is 1.51725s
 INFO: Computing semblance for m0 = 6160
 INFO: Total execution time for kernels is 1.50798s
 INFO: Computing semblance for m0 = 6180
 INFO: Total execution time for kernels is 1.51447s
 INFO: Computing semblance for m0 = 6200
 INFO: Total execution time for kernels is 1.5126s
 INFO: Computing semblance for m0 = 6220
 INFO: Total execution time for kernels is 1.51894s
 INFO: Computing semblance for m0 = 6240
 INFO: Total execution time for kernels is 1.50979s
 INFO: Computing semblance for m0 = 6260
 INFO: Total execution time for kernels is 1.52398s
 INFO: Computing semblance for m0 = 6280
 INFO: Total execution time for kernels is 1.51406s
 INFO: Computing semblance for m0 = 6300
 INFO: Total execution time for kernels is 1.51776s
 INFO: Computing semblance for m0 = 6320
 INFO: Total execution time for kernels is 1.51607s
 INFO: Computing semblance for m0 = 6340
 INFO: Total execution time for kernels is 1.51955s
 INFO: Computing semblance for m0 = 6360
 INFO: Total execution time for kernels is 1.52049s
 INFO: Computing semblance for m0 = 6380
 INFO: Total execution time for kernels is 1.53165s
 INFO: Computing semblance for m0 = 6400
 INFO: Total execution time for kernels is 1.52503s
 INFO: Computing semblance for m0 = 6420
 INFO: Total execution time for kernels is 1.52715s
 INFO: Computing semblance for m0 = 6440
 INFO: Total execution time for kernels is 1.52505s
 INFO: Computing semblance for m0 = 6460
 INFO: Total execution time for kernels is 1.5291s
 INFO: Computing semblance for m0 = 6480
 INFO: Total execution time for kernels is 1.52323s
 INFO: Computing semblance for m0 = 6500
 INFO: Total execution time for kernels is 1.53464s
 INFO: Computing semblance for m0 = 6520
 INFO: Total execution time for kernels is 1.52995s
 INFO: Computing semblance for m0 = 6540
 INFO: Total execution time for kernels is 1.53482s
 INFO: Computing semblance for m0 = 6560
 INFO: Total execution time for kernels is 1.52624s
 INFO: Computing semblance for m0 = 6580
 INFO: Total execution time for kernels is 1.52846s
 INFO: Computing semblance for m0 = 6600
 INFO: Total execution time for kernels is 1.52622s
 INFO: Computing semblance for m0 = 6620
 INFO: Total execution time for kernels is 1.53448s
 INFO: Computing semblance for m0 = 6640
 INFO: Total execution time for kernels is 1.53722s
 INFO: Computing semblance for m0 = 6660
 INFO: Total execution time for kernels is 1.52778s
 INFO: Computing semblance for m0 = 6680
 INFO: Total execution time for kernels is 1.52334s
 INFO: Computing semblance for m0 = 6700
 INFO: Total execution time for kernels is 1.52647s
 INFO: Computing semblance for m0 = 6720
 INFO: Total execution time for kernels is 1.5251s
 INFO: Computing semblance for m0 = 6740
 INFO: Total execution time for kernels is 1.53568s
 INFO: Computing semblance for m0 = 6760
 INFO: Total execution time for kernels is 1.52539s
 INFO: Computing semblance for m0 = 6780
 INFO: Total execution time for kernels is 1.52549s
 INFO: Computing semblance for m0 = 6800
 INFO: Total execution time for kernels is 1.51958s
 INFO: Computing semblance for m0 = 6820
 INFO: Total execution time for kernels is 1.53096s
 INFO: Computing semblance for m0 = 6840
 INFO: Total execution time for kernels is 1.51972s
 INFO: Computing semblance for m0 = 6860
 INFO: Total execution time for kernels is 1.53276s
 INFO: Computing semblance for m0 = 6880
 INFO: Total execution time for kernels is 1.52787s
 INFO: Computing semblance for m0 = 6900
 INFO: Total execution time for kernels is 1.53231s
 INFO: Computing semblance for m0 = 6920
 INFO: Total execution time for kernels is 1.52847s
 INFO: Computing semblance for m0 = 6940
 INFO: Total execution time for kernels is 1.53254s
 INFO: Computing semblance for m0 = 6960
 INFO: Total execution time for kernels is 1.52828s
 INFO: Computing semblance for m0 = 6980
 INFO: Total execution time for kernels is 1.53567s
 INFO: Computing semblance for m0 = 7000
 INFO: Total execution time for kernels is 1.53697s
 INFO: Computing semblance for m0 = 7020
 INFO: Total execution time for kernels is 1.53717s
 INFO: Computing semblance for m0 = 7040
 INFO: Total execution time for kernels is 1.53049s
 INFO: Computing semblance for m0 = 7060
 INFO: Total execution time for kernels is 1.5358s
 INFO: Computing semblance for m0 = 7080
 INFO: Total execution time for kernels is 1.53718s
 INFO: Computing semblance for m0 = 7100
 INFO: Total execution time for kernels is 1.55988s
 INFO: Computing semblance for m0 = 7120
 INFO: Total execution time for kernels is 1.53543s
 INFO: Computing semblance for m0 = 7140
 INFO: Total execution time for kernels is 1.5333s
 INFO: Computing semblance for m0 = 7160
 INFO: Total execution time for kernels is 1.53339s
 INFO: Computing semblance for m0 = 7180
 INFO: Total execution time for kernels is 1.54465s
 INFO: Computing semblance for m0 = 7200
 INFO: Total execution time for kernels is 1.54307s
 INFO: Computing semblance for m0 = 7220
 INFO: Total execution time for kernels is 1.55059s
 INFO: Computing semblance for m0 = 7240
 INFO: Total execution time for kernels is 1.54959s
 INFO: Computing semblance for m0 = 7260
 INFO: Total execution time for kernels is 1.54666s
 INFO: Computing semblance for m0 = 7280
 INFO: Total execution time for kernels is 1.54061s
 INFO: Computing semblance for m0 = 7300
 INFO: Total execution time for kernels is 1.54111s
 INFO: Computing semblance for m0 = 7320
 INFO: Total execution time for kernels is 1.53312s
 INFO: Computing semblance for m0 = 7340
 INFO: Total execution time for kernels is 1.53507s
 INFO: Computing semblance for m0 = 7360
 INFO: Total execution time for kernels is 1.53203s
 INFO: Computing semblance for m0 = 7380
 INFO: Total execution time for kernels is 1.53553s
 INFO: Computing semblance for m0 = 7400
 INFO: Total execution time for kernels is 1.53989s
 INFO: Computing semblance for m0 = 7420
 INFO: Total execution time for kernels is 1.54423s
 INFO: Computing semblance for m0 = 7440
 INFO: Total execution time for kernels is 1.54775s
 INFO: Computing semblance for m0 = 7460
 INFO: Total execution time for kernels is 1.55246s
 INFO: Computing semblance for m0 = 7480
 INFO: Total execution time for kernels is 1.54259s
 INFO: Computing semblance for m0 = 7500
 INFO: Total execution time for kernels is 1.55249s
 INFO: Computing semblance for m0 = 7520
 INFO: Total execution time for kernels is 1.54566s
 INFO: Computing semblance for m0 = 7540
 INFO: Total execution time for kernels is 1.53677s
 INFO: Computing semblance for m0 = 7560
 INFO: Total execution time for kernels is 1.54011s
 INFO: Computing semblance for m0 = 7580
 INFO: Total execution time for kernels is 1.53609s
 INFO: Computing semblance for m0 = 7600
 INFO: Total execution time for kernels is 1.53182s
 INFO: Computing semblance for m0 = 7620
 INFO: Total execution time for kernels is 1.53734s
 INFO: Computing semblance for m0 = 7640
 INFO: Total execution time for kernels is 1.52803s
 INFO: Computing semblance for m0 = 7660
 INFO: Total execution time for kernels is 1.5356s
 INFO: Computing semblance for m0 = 7680
 INFO: Total execution time for kernels is 1.52429s
 INFO: Computing semblance for m0 = 7700
 INFO: Total execution time for kernels is 1.53118s
 INFO: Computing semblance for m0 = 7720
 INFO: Total execution time for kernels is 1.52467s
 INFO: Computing semblance for m0 = 7740
 INFO: Total execution time for kernels is 1.53551s
 INFO: Computing semblance for m0 = 7760
 INFO: Total execution time for kernels is 1.52486s
 INFO: Computing semblance for m0 = 7780
 INFO: Total execution time for kernels is 1.52639s
 INFO: Computing semblance for m0 = 7800
 INFO: Total execution time for kernels is 1.53081s
 INFO: Computing semblance for m0 = 7820
 INFO: Total execution time for kernels is 1.52691s
 INFO: Computing semblance for m0 = 7840
 INFO: Total execution time for kernels is 1.52829s
 INFO: Computing semblance for m0 = 7860
 INFO: Total execution time for kernels is 1.53119s
 INFO: Computing semblance for m0 = 7880
 INFO: Total execution time for kernels is 1.52785s
 INFO: Computing semblance for m0 = 7900
 INFO: Total execution time for kernels is 1.52615s
 INFO: Computing semblance for m0 = 7920
 INFO: Total execution time for kernels is 1.51906s
 INFO: Computing semblance for m0 = 7940
 INFO: Total execution time for kernels is 1.51902s
 INFO: Computing semblance for m0 = 7960
 INFO: Total execution time for kernels is 1.51633s
 INFO: Computing semblance for m0 = 7980
 INFO: Total execution time for kernels is 1.53228s
 INFO: Computing semblance for m0 = 8000
 INFO: Total execution time for kernels is 1.52334s
 INFO: Computing semblance for m0 = 8020
 INFO: Total execution time for kernels is 1.52353s
 INFO: Computing semblance for m0 = 8040
 INFO: Total execution time for kernels is 1.5269s
 INFO: Computing semblance for m0 = 8060
 INFO: Total execution time for kernels is 1.53013s
 INFO: Computing semblance for m0 = 8080
 INFO: Total execution time for kernels is 1.52874s
 INFO: Computing semblance for m0 = 8100
 INFO: Total execution time for kernels is 1.531s
 INFO: Computing semblance for m0 = 8120
 INFO: Total execution time for kernels is 1.52345s
 INFO: Computing semblance for m0 = 8140
 INFO: Total execution time for kernels is 1.52659s
 INFO: Computing semblance for m0 = 8160
 INFO: Total execution time for kernels is 1.52471s
 INFO: Computing semblance for m0 = 8180
 INFO: Total execution time for kernels is 1.52s
 INFO: Computing semblance for m0 = 8200
 INFO: Total execution time for kernels is 1.52003s
 INFO: Computing semblance for m0 = 8220
 INFO: Total execution time for kernels is 1.5187s
 INFO: Computing semblance for m0 = 8240
 INFO: Total execution time for kernels is 1.52315s
 INFO: Computing semblance for m0 = 8260
 INFO: Total execution time for kernels is 1.51796s
 INFO: Computing semblance for m0 = 8280
 INFO: Total execution time for kernels is 1.51865s
 INFO: Computing semblance for m0 = 8300
 INFO: Total execution time for kernels is 1.51904s
 INFO: Computing semblance for m0 = 8320
 INFO: Total execution time for kernels is 1.51453s
 INFO: Computing semblance for m0 = 8340
 INFO: Total execution time for kernels is 1.51561s
 INFO: Computing semblance for m0 = 8360
 INFO: Total execution time for kernels is 1.50627s
 INFO: Computing semblance for m0 = 8380
 INFO: Total execution time for kernels is 1.50913s
 INFO: Computing semblance for m0 = 8400
 INFO: Total execution time for kernels is 1.49836s
 INFO: Computing semblance for m0 = 8420
 INFO: Total execution time for kernels is 1.50235s
 INFO: Computing semblance for m0 = 8440
 INFO: Total execution time for kernels is 1.49389s
 INFO: Computing semblance for m0 = 8460
 INFO: Total execution time for kernels is 1.49736s
 INFO: Computing semblance for m0 = 8480
 INFO: Total execution time for kernels is 1.48688s
 INFO: Computing semblance for m0 = 8500
 INFO: Total execution time for kernels is 1.48432s
 INFO: Computing semblance for m0 = 8520
 INFO: Total execution time for kernels is 1.47462s
 INFO: Computing semblance for m0 = 8540
 INFO: Total execution time for kernels is 1.48061s
 INFO: Computing semblance for m0 = 8560
 INFO: Total execution time for kernels is 1.47201s
 INFO: Computing semblance for m0 = 8580
 INFO: Total execution time for kernels is 1.4687s
 INFO: Computing semblance for m0 = 8600
 INFO: Total execution time for kernels is 1.45971s
 INFO: Computing semblance for m0 = 8620
 INFO: Total execution time for kernels is 1.46485s
 INFO: Computing semblance for m0 = 8640
 INFO: Total execution time for kernels is 1.45248s
 INFO: Computing semblance for m0 = 8660
 INFO: Total execution time for kernels is 1.44664s
 INFO: Computing semblance for m0 = 8680
 INFO: Total execution time for kernels is 1.44021s
 INFO: Computing semblance for m0 = 8700
 INFO: Total execution time for kernels is 1.43698s
 INFO: Computing semblance for m0 = 8720
 INFO: Total execution time for kernels is 1.42327s
 INFO: Computing semblance for m0 = 8740
 INFO: Total execution time for kernels is 1.41817s
 INFO: Computing semblance for m0 = 8760
 INFO: Total execution time for kernels is 1.4109s
 INFO: Computing semblance for m0 = 8780
 INFO: Total execution time for kernels is 1.4044s
 INFO: Computing semblance for m0 = 8800
 INFO: Total execution time for kernels is 1.3873s
 INFO: Computing semblance for m0 = 8820
 INFO: Total execution time for kernels is 1.37574s
 INFO: Computing semblance for m0 = 8840
 INFO: Total execution time for kernels is 1.37379s
 INFO: Computing semblance for m0 = 8860
 INFO: Total execution time for kernels is 1.36419s
 INFO: Computing semblance for m0 = 8880
 INFO: Total execution time for kernels is 1.35294s
 INFO: Computing semblance for m0 = 8900
 INFO: Total execution time for kernels is 1.34199s
 INFO: Computing semblance for m0 = 8920
 INFO: Total execution time for kernels is 1.31897s
 INFO: Computing semblance for m0 = 8940
 INFO: Total execution time for kernels is 1.31735s
 INFO: Computing semblance for m0 = 8960
 INFO: Total execution time for kernels is 1.29728s
 INFO: Computing semblance for m0 = 8980
 INFO: Total execution time for kernels is 1.28511s
 INFO: Computing semblance for m0 = 9000
 INFO: Total execution time for kernels is 1.252s
 INFO: Computing semblance for m0 = 9020
 INFO: Total execution time for kernels is 1.23352s
 INFO: Computing semblance for m0 = 9040
 INFO: Total execution time for kernels is 1.21268s
 INFO: Computing semblance for m0 = 9060
 INFO: Total execution time for kernels is 1.20071s
 INFO: Computing semblance for m0 = 9080
 INFO: Total execution time for kernels is 1.17343s
 INFO: Computing semblance for m0 = 9100
 INFO: Total execution time for kernels is 1.15915s
 INFO: Computing semblance for m0 = 9120
 INFO: Total execution time for kernels is 1.13253s
 INFO: Computing semblance for m0 = 9140
 INFO: Total execution time for kernels is 1.11411s
 INFO: Computing semblance for m0 = 9160
 INFO: Total execution time for kernels is 1.08193s
 INFO: Computing semblance for m0 = 9180
 INFO: Total execution time for kernels is 1.06069s
 INFO: Computing semblance for m0 = 9200
 INFO: Total execution time for kernels is 1.02851s
 INFO: Computing semblance for m0 = 9220
 INFO: Total execution time for kernels is 1.01026s
 INFO: Computing semblance for m0 = 9240
 INFO: Total execution time for kernels is 0.98238s
 INFO: Computing semblance for m0 = 9260
 INFO: Total execution time for kernels is 0.958762s
 INFO: Computing semblance for m0 = 9280
 INFO: Total execution time for kernels is 0.926228s
 INFO: Computing semblance for m0 = 9300
 INFO: Total execution time for kernels is 0.901157s
 INFO: Computing semblance for m0 = 9320
 INFO: Total execution time for kernels is 0.869189s
 INFO: Computing semblance for m0 = 9340
 INFO: Total execution time for kernels is 0.841216s
 INFO: Computing semblance for m0 = 9360
 INFO: Total execution time for kernels is 0.804893s
 INFO: Computing semblance for m0 = 9380
 INFO: Total execution time for kernels is 0.77569s
 INFO: Computing semblance for m0 = 9400
 INFO: Total execution time for kernels is 0.743176s
 INFO: Computing semblance for m0 = 9420
 INFO: Total execution time for kernels is 0.712906s
 INFO: Computing semblance for m0 = 9440
 INFO: Total execution time for kernels is 0.676515s
 INFO: Computing semblance for m0 = 9460
 INFO: Total execution time for kernels is 0.650234s
 INFO: Computing semblance for m0 = 9480
 INFO: Total execution time for kernels is 0.619886s
 INFO: Computing semblance for m0 = 9500
 INFO: Total execution time for kernels is 0.587159s
 INFO: Computing semblance for m0 = 9520
 INFO: Total execution time for kernels is 0.554349s
 INFO: Computing semblance for m0 = 9540
 INFO: Total execution time for kernels is 0.525601s
 INFO: Computing semblance for m0 = 9560
 INFO: Total execution time for kernels is 0.497791s
 INFO: Computing semblance for m0 = 9580
 INFO: Total execution time for kernels is 0.461275s
 INFO: Computing semblance for m0 = 9600
 INFO: Total execution time for kernels is 0.428996s
 INFO: Computing semblance for m0 = 9620
 INFO: Total execution time for kernels is 0.401981s
 INFO: Computing semblance for m0 = 9640
 INFO: Total execution time for kernels is 0.372744s
 INFO: Computing semblance for m0 = 9660
 INFO: Total execution time for kernels is 0.349133s
 INFO: Computing semblance for m0 = 9680
 INFO: Total execution time for kernels is 0.322152s
 INFO: Computing semblance for m0 = 9700
 INFO: Total execution time for kernels is 0.295685s
 INFO: Computing semblance for m0 = 9720
 INFO: Total execution time for kernels is 0.270229s
 INFO: Computing semblance for m0 = 9740
 INFO: Total execution time for kernels is 0.247312s
 INFO: Computing semblance for m0 = 9760
 INFO: Total execution time for kernels is 0.21973s
 INFO: Computing semblance for m0 = 9780
 INFO: Total execution time for kernels is 0.199299s
 INFO: Computing semblance for m0 = 9800
 INFO: Total execution time for kernels is 0.17549s
 INFO: Computing semblance for m0 = 9820
 INFO: Total execution time for kernels is 0.155686s
 INFO: Computing semblance for m0 = 9840
 INFO: Total execution time for kernels is 0.137842s
 INFO: Computing semblance for m0 = 9860
 INFO: Total execution time for kernels is 0.121122s
 INFO: Computing semblance for m0 = 9880
 INFO: Total execution time for kernels is 0.101789s
 INFO: Computing semblance for m0 = 9900
 INFO: Total execution time for kernels is 0.090039s
 INFO: Computing semblance for m0 = 9920
 INFO: Total execution time for kernels is 0.076201s
 INFO: Computing semblance for m0 = 9940
 INFO: Total execution time for kernels is 0.0697381s
 INFO: Average of efficiency is 0.237903
 INFO: Average of interpolations_per_sec is 1.12526e+10
 INFO: Average of selected_traces is 1264.16
 INFO: Average of total_selection_kernel_exec_time is 0.0723852
 INFO: Average of total_kernel_exec_time is 1.33145
 INFO: Driver init. duration is 0.0495252 s
 INFO: Read gather duration is 0.112534 s
 INFO: Parse args. duration is 0.000232274 s
 INFO: Worker threads duration is 628.963 s
 INFO: Dump results duration is 0.488174 s
 INFO: Thread/block is 64
 INFO: Results written to /home/ubuntu/nfs/out/55766d4e2_master_p2.xlarge/oct/de/cuda/simple-synthetic_3/simple-synthetic_de_oct_20210308_0046/
 INFO: It took 629.622s to compute.
