 INFO: Number of CDPs = 445
 INFO: Number of traces in the gather = 9200
 INFO: Number of samples per trace = 2502
 INFO: Starting worker threads...
 INFO: Computing semblance for m0 = 0
 INFO: Total execution time for kernels is 0.00328391s
 INFO: Computing semblance for m0 = 1080
 INFO: Computing semblance for m0 = 1100
 INFO: Total execution time for kernels is 0.103395s
 INFO: Computing semblance for m0 = 1120
 INFO: Total execution time for kernels is 0.13367s
 INFO: Computing semblance for m0 = 1140
 INFO: Total execution time for kernels is 0.138712s
 INFO: Computing semblance for m0 = 1160
 INFO: Total execution time for kernels is 0.175833s
 INFO: Computing semblance for m0 = 1180
 INFO: Total execution time for kernels is 0.172329s
 INFO: Computing semblance for m0 = 1200
 INFO: Computing semblance for m0 = 1220
 INFO: Total execution time for kernels is 0.209474s
 INFO: Computing semblance for m0 = 1240
 INFO: Total execution time for kernels is 0.199363s
 INFO: Computing semblance for m0 = 1260
 INFO: Total execution time for kernels is 0.246416s
 INFO: Computing semblance for m0 = 1280
 INFO: Total execution time for kernels is 0.297826s
 INFO: Computing semblance for m0 = 1300
 INFO: Computing semblance for m0 = 1320
 INFO: Total execution time for kernels is 0.254811s
 INFO: Computing semblance for m0 = 1340
 INFO: Computing semblance for m0 = 1360
 INFO: Total execution time for kernels is 0.274969s
 INFO: Computing semblance for m0 = 1380
 INFO: Total execution time for kernels is 0.340502s
 INFO: Computing semblance for m0 = 1400
 INFO: Total execution time for kernels is 0.356942s
 INFO: Computing semblance for m0 = 1420
 INFO: Total execution time for kernels is 0.444391s
 INFO: Computing semblance for m0 = 1440
 INFO: Computing semblance for m0 = 1460
 INFO: Computing semblance for m0 = 1480
 INFO: Computing semblance for m0 = 1500
 INFO: Computing semblance for m0 = 1520
 INFO: Computing semblance for m0 = 1540
 INFO: Computing semblance for m0 = 1560
 INFO: Computing semblance for m0 = 1580
 INFO: Computing semblance for m0 = 1600
 INFO: Computing semblance for m0 = 1620
 INFO: Computing semblance for m0 = 1640
 INFO: Computing semblance for m0 = 1660
 INFO: Total execution time for kernels is 0.383056s
 INFO: Computing semblance for m0 = 1680
 INFO: Total execution time for kernels is 0.396792s
 INFO: Computing semblance for m0 = 1700
 INFO: Total execution time for kernels is 0.426365s
 INFO: Computing semblance for m0 = 1720
 INFO: Total execution time for kernels is 0.465656s
 INFO: Computing semblance for m0 = 1740
 INFO: Total execution time for kernels is 0.485123s
 INFO: Computing semblance for m0 = 1760
 INFO: Total execution time for kernels is 0.622443s
 INFO: Computing semblance for m0 = 1780
 INFO: Total execution time for kernels is 0.639169s
 INFO: Computing semblance for m0 = 1800
 INFO: Total execution time for kernels is 0.648122s
 INFO: Computing semblance for m0 = 1820
 INFO: Total execution time for kernels is 0.652665s
 INFO: Computing semblance for m0 = 1840
 INFO: Total execution time for kernels is 0.712724s
 INFO: Computing semblance for m0 = 1860
 INFO: Total execution time for kernels is 0.718171s
 INFO: Computing semblance for m0 = 1880
 INFO: Total execution time for kernels is 0.764091s
 INFO: Computing semblance for m0 = 1900
 INFO: Total execution time for kernels is 0.765978s
 INFO: Computing semblance for m0 = 1920
 INFO: Total execution time for kernels is 0.774529s
 INFO: Computing semblance for m0 = 1940
 INFO: Total execution time for kernels is 0.819918s
 INFO: Computing semblance for m0 = 1960
 INFO: Total execution time for kernels is 0.830731s
 INFO: Computing semblance for m0 = 1980
 INFO: Total execution time for kernels is 0.715902s
 INFO: Computing semblance for m0 = 2000
 INFO: Total execution time for kernels is 0.725823s
 INFO: Computing semblance for m0 = 2020
 INFO: Total execution time for kernels is 0.753375s
 INFO: Computing semblance for m0 = 2040
 INFO: Total execution time for kernels is 0.764624s
 INFO: Computing semblance for m0 = 2060
 INFO: Total execution time for kernels is 0.810054s
 INFO: Computing semblance for m0 = 2080
 INFO: Total execution time for kernels is 0.838858s
 INFO: Computing semblance for m0 = 2100
 INFO: Total execution time for kernels is 0.819531s
 INFO: Computing semblance for m0 = 2120
 INFO: Total execution time for kernels is 0.845137s
 INFO: Computing semblance for m0 = 2140
 INFO: Total execution time for kernels is 0.874155s
 INFO: Computing semblance for m0 = 2160
 INFO: Total execution time for kernels is 0.867603s
 INFO: Computing semblance for m0 = 2180
 INFO: Total execution time for kernels is 0.899327s
 INFO: Computing semblance for m0 = 2200
 INFO: Total execution time for kernels is 0.897684s
 INFO: Computing semblance for m0 = 2220
 INFO: Total execution time for kernels is 0.901132s
 INFO: Computing semblance for m0 = 2240
 INFO: Total execution time for kernels is 0.914043s
 INFO: Computing semblance for m0 = 2260
 INFO: Total execution time for kernels is 0.933051s
 INFO: Computing semblance for m0 = 2280
 INFO: Total execution time for kernels is 0.926899s
 INFO: Computing semblance for m0 = 2300
 INFO: Total execution time for kernels is 0.971106s
 INFO: Computing semblance for m0 = 2320
 INFO: Total execution time for kernels is 0.948846s
 INFO: Computing semblance for m0 = 2340
 INFO: Total execution time for kernels is 0.973934s
 INFO: Computing semblance for m0 = 2360
 INFO: Total execution time for kernels is 0.965231s
 INFO: Computing semblance for m0 = 2380
 INFO: Total execution time for kernels is 0.997934s
 INFO: Computing semblance for m0 = 2400
 INFO: Total execution time for kernels is 0.977101s
 INFO: Computing semblance for m0 = 2420
 INFO: Total execution time for kernels is 1.00555s
 INFO: Computing semblance for m0 = 2440
 INFO: Total execution time for kernels is 0.966519s
 INFO: Computing semblance for m0 = 2460
 INFO: Total execution time for kernels is 0.984711s
 INFO: Computing semblance for m0 = 2480
 INFO: Total execution time for kernels is 0.952052s
 INFO: Computing semblance for m0 = 2500
 INFO: Total execution time for kernels is 0.985039s
 INFO: Computing semblance for m0 = 2520
 INFO: Total execution time for kernels is 0.957036s
 INFO: Computing semblance for m0 = 2540
 INFO: Total execution time for kernels is 0.966106s
 INFO: Computing semblance for m0 = 2560
 INFO: Total execution time for kernels is 0.969468s
 INFO: Computing semblance for m0 = 2580
 INFO: Total execution time for kernels is 0.96173s
 INFO: Computing semblance for m0 = 2600
 INFO: Total execution time for kernels is 0.980299s
 INFO: Computing semblance for m0 = 2620
 INFO: Total execution time for kernels is 0.966479s
 INFO: Computing semblance for m0 = 2640
 INFO: Total execution time for kernels is 0.996447s
 INFO: Computing semblance for m0 = 2660
 INFO: Total execution time for kernels is 0.991638s
 INFO: Computing semblance for m0 = 2680
 INFO: Total execution time for kernels is 0.981042s
 INFO: Computing semblance for m0 = 2700
 INFO: Total execution time for kernels is 1.01299s
 INFO: Computing semblance for m0 = 2720
 INFO: Total execution time for kernels is 0.986642s
 INFO: Computing semblance for m0 = 2740
 INFO: Total execution time for kernels is 0.978692s
 INFO: Computing semblance for m0 = 2760
 INFO: Total execution time for kernels is 1.01736s
 INFO: Computing semblance for m0 = 2780
 INFO: Total execution time for kernels is 0.964318s
 INFO: Computing semblance for m0 = 2800
 INFO: Total execution time for kernels is 0.998473s
 INFO: Computing semblance for m0 = 2820
 INFO: Total execution time for kernels is 0.974297s
 INFO: Computing semblance for m0 = 2840
 INFO: Total execution time for kernels is 0.981089s
 INFO: Computing semblance for m0 = 2860
 INFO: Total execution time for kernels is 1.00452s
 INFO: Computing semblance for m0 = 2880
 INFO: Total execution time for kernels is 0.992147s
 INFO: Computing semblance for m0 = 2900
 INFO: Total execution time for kernels is 0.980812s
 INFO: Computing semblance for m0 = 2920
 INFO: Total execution time for kernels is 1.01089s
 INFO: Computing semblance for m0 = 2940
 INFO: Total execution time for kernels is 0.985132s
 INFO: Computing semblance for m0 = 2960
 INFO: Total execution time for kernels is 1.01064s
 INFO: Computing semblance for m0 = 2980
 INFO: Total execution time for kernels is 1.00549s
 INFO: Computing semblance for m0 = 3000
 INFO: Total execution time for kernels is 0.984006s
 INFO: Computing semblance for m0 = 3020
 INFO: Total execution time for kernels is 1.00699s
 INFO: Computing semblance for m0 = 3040
 INFO: Total execution time for kernels is 0.965837s
 INFO: Computing semblance for m0 = 3060
 INFO: Total execution time for kernels is 0.97561s
 INFO: Computing semblance for m0 = 3080
 INFO: Total execution time for kernels is 0.948326s
 INFO: Computing semblance for m0 = 3100
 INFO: Total execution time for kernels is 1.0032s
 INFO: Computing semblance for m0 = 3120
 INFO: Total execution time for kernels is 0.984793s
 INFO: Computing semblance for m0 = 3140
 INFO: Total execution time for kernels is 0.948778s
 INFO: Computing semblance for m0 = 3160
 INFO: Total execution time for kernels is 0.960302s
 INFO: Computing semblance for m0 = 3180
 INFO: Total execution time for kernels is 0.990931s
 INFO: Computing semblance for m0 = 3200
 INFO: Total execution time for kernels is 0.966113s
 INFO: Computing semblance for m0 = 3220
 INFO: Total execution time for kernels is 0.959246s
 INFO: Computing semblance for m0 = 3240
 INFO: Total execution time for kernels is 0.985578s
 INFO: Computing semblance for m0 = 3260
 INFO: Total execution time for kernels is 0.967147s
 INFO: Computing semblance for m0 = 3280
 INFO: Total execution time for kernels is 0.991116s
 INFO: Computing semblance for m0 = 3300
 INFO: Total execution time for kernels is 0.988086s
 INFO: Computing semblance for m0 = 3320
 INFO: Total execution time for kernels is 0.976645s
 INFO: Computing semblance for m0 = 3340
 INFO: Total execution time for kernels is 0.999969s
 INFO: Computing semblance for m0 = 3360
 INFO: Total execution time for kernels is 0.971538s
 INFO: Computing semblance for m0 = 3380
 INFO: Total execution time for kernels is 0.985003s
 INFO: Computing semblance for m0 = 3400
 INFO: Total execution time for kernels is 0.963513s
 INFO: Computing semblance for m0 = 3420
 INFO: Total execution time for kernels is 1.02421s
 INFO: Computing semblance for m0 = 3440
 INFO: Total execution time for kernels is 0.963722s
 INFO: Computing semblance for m0 = 3460
 INFO: Total execution time for kernels is 0.998881s
 INFO: Computing semblance for m0 = 3480
 INFO: Total execution time for kernels is 0.969225s
 INFO: Computing semblance for m0 = 3500
 INFO: Total execution time for kernels is 0.971s
 INFO: Computing semblance for m0 = 3520
 INFO: Total execution time for kernels is 0.991462s
 INFO: Computing semblance for m0 = 3540
 INFO: Total execution time for kernels is 0.950884s
 INFO: Computing semblance for m0 = 3560
 INFO: Total execution time for kernels is 0.980007s
 INFO: Computing semblance for m0 = 3580
 INFO: Total execution time for kernels is 0.950915s
 INFO: Computing semblance for m0 = 3600
 INFO: Total execution time for kernels is 0.983668s
 INFO: Computing semblance for m0 = 3620
 INFO: Total execution time for kernels is 0.968466s
 INFO: Computing semblance for m0 = 3640
 INFO: Total execution time for kernels is 0.985472s
 INFO: Computing semblance for m0 = 3660
 INFO: Total execution time for kernels is 1.00139s
 INFO: Computing semblance for m0 = 3680
 INFO: Total execution time for kernels is 0.955958s
 INFO: Computing semblance for m0 = 3700
 INFO: Total execution time for kernels is 0.941349s
 INFO: Computing semblance for m0 = 3720
 INFO: Total execution time for kernels is 0.968164s
 INFO: Computing semblance for m0 = 3740
 INFO: Total execution time for kernels is 0.953347s
 INFO: Computing semblance for m0 = 3760
 INFO: Total execution time for kernels is 0.957021s
 INFO: Computing semblance for m0 = 3780
 INFO: Total execution time for kernels is 1.00103s
 INFO: Computing semblance for m0 = 3800
 INFO: Total execution time for kernels is 0.979378s
 INFO: Computing semblance for m0 = 3820
 INFO: Total execution time for kernels is 0.961192s
 INFO: Computing semblance for m0 = 3840
 INFO: Total execution time for kernels is 0.941806s
 INFO: Computing semblance for m0 = 3860
 INFO: Total execution time for kernels is 0.979069s
 INFO: Computing semblance for m0 = 3880
 INFO: Total execution time for kernels is 0.963164s
 INFO: Computing semblance for m0 = 3900
 INFO: Total execution time for kernels is 0.944265s
 INFO: Computing semblance for m0 = 3920
 INFO: Total execution time for kernels is 0.977319s
 INFO: Computing semblance for m0 = 3940
 INFO: Total execution time for kernels is 0.968524s
 INFO: Computing semblance for m0 = 3960
 INFO: Total execution time for kernels is 0.978418s
 INFO: Computing semblance for m0 = 3980
 INFO: Total execution time for kernels is 0.993287s
 INFO: Computing semblance for m0 = 4000
 INFO: Total execution time for kernels is 0.942389s
 INFO: Computing semblance for m0 = 4020
 INFO: Total execution time for kernels is 0.964984s
 INFO: Computing semblance for m0 = 4040
 INFO: Total execution time for kernels is 0.973495s
 INFO: Computing semblance for m0 = 4060
 INFO: Total execution time for kernels is 0.955366s
 INFO: Computing semblance for m0 = 4080
 INFO: Total execution time for kernels is 0.960789s
 INFO: Computing semblance for m0 = 4100
 INFO: Total execution time for kernels is 0.981281s
 INFO: Computing semblance for m0 = 4120
 INFO: Total execution time for kernels is 0.998984s
 INFO: Computing semblance for m0 = 4140
 INFO: Total execution time for kernels is 0.947134s
 INFO: Computing semblance for m0 = 4160
 INFO: Total execution time for kernels is 0.963029s
 INFO: Computing semblance for m0 = 4180
 INFO: Total execution time for kernels is 0.983872s
 INFO: Computing semblance for m0 = 4200
 INFO: Total execution time for kernels is 0.979936s
 INFO: Computing semblance for m0 = 4220
 INFO: Total execution time for kernels is 0.951471s
 INFO: Computing semblance for m0 = 4240
 INFO: Total execution time for kernels is 0.987465s
 INFO: Computing semblance for m0 = 4260
 INFO: Total execution time for kernels is 0.960098s
 INFO: Computing semblance for m0 = 4280
 INFO: Total execution time for kernels is 0.97955s
 INFO: Computing semblance for m0 = 4300
 INFO: Total execution time for kernels is 0.99087s
 INFO: Computing semblance for m0 = 4320
 INFO: Total execution time for kernels is 0.944404s
 INFO: Computing semblance for m0 = 4340
 INFO: Total execution time for kernels is 0.952344s
 INFO: Computing semblance for m0 = 4360
 INFO: Total execution time for kernels is 0.97003s
 INFO: Computing semblance for m0 = 4380
 INFO: Total execution time for kernels is 0.953868s
 INFO: Computing semblance for m0 = 4400
 INFO: Total execution time for kernels is 0.958039s
 INFO: Computing semblance for m0 = 4420
 INFO: Total execution time for kernels is 0.944608s
 INFO: Computing semblance for m0 = 4440
 INFO: Total execution time for kernels is 0.978531s
 INFO: Computing semblance for m0 = 4460
 INFO: Total execution time for kernels is 0.97161s
 INFO: Computing semblance for m0 = 4480
 INFO: Total execution time for kernels is 0.998941s
 INFO: Computing semblance for m0 = 4500
 INFO: Total execution time for kernels is 0.983479s
 INFO: Computing semblance for m0 = 4520
 INFO: Total execution time for kernels is 0.99929s
 INFO: Computing semblance for m0 = 4540
 INFO: Total execution time for kernels is 0.971479s
 INFO: Computing semblance for m0 = 4560
 INFO: Total execution time for kernels is 0.979901s
 INFO: Computing semblance for m0 = 4580
 INFO: Total execution time for kernels is 1.00831s
 INFO: Computing semblance for m0 = 4600
 INFO: Total execution time for kernels is 0.996289s
 INFO: Computing semblance for m0 = 4620
 INFO: Total execution time for kernels is 0.967034s
 INFO: Computing semblance for m0 = 4640
 INFO: Total execution time for kernels is 0.979122s
 INFO: Computing semblance for m0 = 4660
 INFO: Total execution time for kernels is 1.02476s
 INFO: Computing semblance for m0 = 4680
 INFO: Total execution time for kernels is 0.988181s
 INFO: Computing semblance for m0 = 4700
 INFO: Total execution time for kernels is 0.975837s
 INFO: Computing semblance for m0 = 4720
 INFO: Total execution time for kernels is 0.97265s
 INFO: Computing semblance for m0 = 4740
 INFO: Total execution time for kernels is 0.964829s
 INFO: Computing semblance for m0 = 4760
 INFO: Total execution time for kernels is 0.998214s
 INFO: Computing semblance for m0 = 4780
 INFO: Total execution time for kernels is 0.977176s
 INFO: Computing semblance for m0 = 4800
 INFO: Total execution time for kernels is 1.01524s
 INFO: Computing semblance for m0 = 4820
 INFO: Total execution time for kernels is 0.992276s
 INFO: Computing semblance for m0 = 4840
 INFO: Total execution time for kernels is 0.988416s
 INFO: Computing semblance for m0 = 4860
 INFO: Total execution time for kernels is 0.962912s
 INFO: Computing semblance for m0 = 4880
 INFO: Total execution time for kernels is 0.981589s
 INFO: Computing semblance for m0 = 4900
 INFO: Total execution time for kernels is 0.998273s
 INFO: Computing semblance for m0 = 4920
 INFO: Total execution time for kernels is 0.991279s
 INFO: Computing semblance for m0 = 4940
 INFO: Total execution time for kernels is 0.946095s
 INFO: Computing semblance for m0 = 4960
 INFO: Total execution time for kernels is 0.96316s
 INFO: Computing semblance for m0 = 4980
 INFO: Total execution time for kernels is 0.998277s
 INFO: Computing semblance for m0 = 5000
 INFO: Total execution time for kernels is 0.971349s
 INFO: Computing semblance for m0 = 5020
 INFO: Total execution time for kernels is 0.96359s
 INFO: Computing semblance for m0 = 5040
 INFO: Total execution time for kernels is 0.963164s
 INFO: Computing semblance for m0 = 5060
 INFO: Total execution time for kernels is 0.961274s
 INFO: Computing semblance for m0 = 5080
 INFO: Total execution time for kernels is 0.984199s
 INFO: Computing semblance for m0 = 5100
 INFO: Total execution time for kernels is 0.994121s
 INFO: Computing semblance for m0 = 5120
 INFO: Total execution time for kernels is 1.01929s
 INFO: Computing semblance for m0 = 5140
 INFO: Total execution time for kernels is 0.997633s
 INFO: Computing semblance for m0 = 5160
 INFO: Total execution time for kernels is 0.990442s
 INFO: Computing semblance for m0 = 5180
 INFO: Total execution time for kernels is 0.965619s
 INFO: Computing semblance for m0 = 5200
 INFO: Total execution time for kernels is 0.978537s
 INFO: Computing semblance for m0 = 5220
 INFO: Total execution time for kernels is 1.00656s
 INFO: Computing semblance for m0 = 5240
 INFO: Total execution time for kernels is 1.0002s
 INFO: Computing semblance for m0 = 5260
 INFO: Total execution time for kernels is 0.962247s
 INFO: Computing semblance for m0 = 5280
 INFO: Total execution time for kernels is 0.977796s
 INFO: Computing semblance for m0 = 5300
 INFO: Total execution time for kernels is 1.02034s
 INFO: Computing semblance for m0 = 5320
 INFO: Total execution time for kernels is 0.97821s
 INFO: Computing semblance for m0 = 5340
 INFO: Total execution time for kernels is 0.989867s
 INFO: Computing semblance for m0 = 5360
 INFO: Total execution time for kernels is 0.985482s
 INFO: Computing semblance for m0 = 5380
 INFO: Total execution time for kernels is 0.980062s
 INFO: Computing semblance for m0 = 5400
 INFO: Total execution time for kernels is 0.997615s
 INFO: Computing semblance for m0 = 5420
 INFO: Total execution time for kernels is 1.00739s
 INFO: Computing semblance for m0 = 5440
 INFO: Total execution time for kernels is 1.03227s
 INFO: Computing semblance for m0 = 5460
 INFO: Total execution time for kernels is 1.01435s
 INFO: Computing semblance for m0 = 5480
 INFO: Total execution time for kernels is 1.00422s
 INFO: Computing semblance for m0 = 5500
 INFO: Total execution time for kernels is 0.97575s
 INFO: Computing semblance for m0 = 5520
 INFO: Total execution time for kernels is 0.989314s
 INFO: Computing semblance for m0 = 5540
 INFO: Total execution time for kernels is 1.00342s
 INFO: Computing semblance for m0 = 5560
 INFO: Total execution time for kernels is 1.00133s
 INFO: Computing semblance for m0 = 5580
 INFO: Total execution time for kernels is 0.953327s
 INFO: Computing semblance for m0 = 5600
 INFO: Total execution time for kernels is 0.974634s
 INFO: Computing semblance for m0 = 5620
 INFO: Total execution time for kernels is 0.967515s
 INFO: Computing semblance for m0 = 5640
 INFO: Total execution time for kernels is 0.982974s
 INFO: Computing semblance for m0 = 5660
 INFO: Total execution time for kernels is 0.965073s
 INFO: Computing semblance for m0 = 5680
 INFO: Total execution time for kernels is 1.0146s
 INFO: Computing semblance for m0 = 5700
 INFO: Total execution time for kernels is 0.963922s
 INFO: Computing semblance for m0 = 5720
 INFO: Total execution time for kernels is 0.981098s
 INFO: Computing semblance for m0 = 5740
 INFO: Total execution time for kernels is 1.00321s
 INFO: Computing semblance for m0 = 5760
 INFO: Total execution time for kernels is 1.00416s
 INFO: Computing semblance for m0 = 5780
 INFO: Total execution time for kernels is 1.023s
 INFO: Computing semblance for m0 = 5800
 INFO: Total execution time for kernels is 0.967415s
 INFO: Computing semblance for m0 = 5820
 INFO: Total execution time for kernels is 0.99928s
 INFO: Computing semblance for m0 = 5840
 INFO: Total execution time for kernels is 0.988631s
 INFO: Computing semblance for m0 = 5860
 INFO: Total execution time for kernels is 1.00224s
 INFO: Computing semblance for m0 = 5880
 INFO: Total execution time for kernels is 0.999101s
 INFO: Computing semblance for m0 = 5900
 INFO: Total execution time for kernels is 0.962087s
 INFO: Computing semblance for m0 = 5920
 INFO: Total execution time for kernels is 0.988296s
 INFO: Computing semblance for m0 = 5940
 INFO: Total execution time for kernels is 0.978556s
 INFO: Computing semblance for m0 = 5960
 INFO: Total execution time for kernels is 1.00661s
 INFO: Computing semblance for m0 = 5980
 INFO: Total execution time for kernels is 0.994901s
 INFO: Computing semblance for m0 = 6000
 INFO: Total execution time for kernels is 0.977797s
 INFO: Computing semblance for m0 = 6020
 INFO: Total execution time for kernels is 1.03779s
 INFO: Computing semblance for m0 = 6040
 INFO: Total execution time for kernels is 1.001s
 INFO: Computing semblance for m0 = 6060
 INFO: Total execution time for kernels is 1.0115s
 INFO: Computing semblance for m0 = 6080
 INFO: Total execution time for kernels is 1.01498s
 INFO: Computing semblance for m0 = 6100
 INFO: Total execution time for kernels is 1.03649s
 INFO: Computing semblance for m0 = 6120
 INFO: Total execution time for kernels is 0.98855s
 INFO: Computing semblance for m0 = 6140
 INFO: Total execution time for kernels is 1.00612s
 INFO: Computing semblance for m0 = 6160
 INFO: Total execution time for kernels is 0.997753s
 INFO: Computing semblance for m0 = 6180
 INFO: Total execution time for kernels is 1.01546s
 INFO: Computing semblance for m0 = 6200
 INFO: Total execution time for kernels is 0.969355s
 INFO: Computing semblance for m0 = 6220
 INFO: Total execution time for kernels is 1.00935s
 INFO: Computing semblance for m0 = 6240
 INFO: Total execution time for kernels is 0.986197s
 INFO: Computing semblance for m0 = 6260
 INFO: Total execution time for kernels is 0.984195s
 INFO: Computing semblance for m0 = 6280
 INFO: Total execution time for kernels is 0.960075s
 INFO: Computing semblance for m0 = 6300
 INFO: Total execution time for kernels is 0.97925s
 INFO: Computing semblance for m0 = 6320
 INFO: Total execution time for kernels is 0.953802s
 INFO: Computing semblance for m0 = 6340
 INFO: Total execution time for kernels is 1.00394s
 INFO: Computing semblance for m0 = 6360
 INFO: Total execution time for kernels is 0.975328s
 INFO: Computing semblance for m0 = 6380
 INFO: Total execution time for kernels is 0.986238s
 INFO: Computing semblance for m0 = 6400
 INFO: Total execution time for kernels is 0.987231s
 INFO: Computing semblance for m0 = 6420
 INFO: Total execution time for kernels is 0.949759s
 INFO: Computing semblance for m0 = 6440
 INFO: Total execution time for kernels is 1.00208s
 INFO: Computing semblance for m0 = 6460
 INFO: Total execution time for kernels is 0.977565s
 INFO: Computing semblance for m0 = 6480
 INFO: Total execution time for kernels is 0.971416s
 INFO: Computing semblance for m0 = 6500
 INFO: Total execution time for kernels is 0.954523s
 INFO: Computing semblance for m0 = 6520
 INFO: Total execution time for kernels is 0.997794s
 INFO: Computing semblance for m0 = 6540
 INFO: Total execution time for kernels is 0.997463s
 INFO: Computing semblance for m0 = 6560
 INFO: Total execution time for kernels is 0.969229s
 INFO: Computing semblance for m0 = 6580
 INFO: Total execution time for kernels is 0.960761s
 INFO: Computing semblance for m0 = 6600
 INFO: Total execution time for kernels is 0.969106s
 INFO: Computing semblance for m0 = 6620
 INFO: Total execution time for kernels is 0.960598s
 INFO: Computing semblance for m0 = 6640
 INFO: Total execution time for kernels is 0.979413s
 INFO: Computing semblance for m0 = 6660
 INFO: Total execution time for kernels is 1.01356s
 INFO: Computing semblance for m0 = 6680
 INFO: Total execution time for kernels is 0.985896s
 INFO: Computing semblance for m0 = 6700
 INFO: Total execution time for kernels is 0.993046s
 INFO: Computing semblance for m0 = 6720
 INFO: Total execution time for kernels is 0.964915s
 INFO: Computing semblance for m0 = 6740
 INFO: Total execution time for kernels is 0.999626s
 INFO: Computing semblance for m0 = 6760
 INFO: Total execution time for kernels is 1.01704s
 INFO: Computing semblance for m0 = 6780
 INFO: Total execution time for kernels is 0.9924s
 INFO: Computing semblance for m0 = 6800
 INFO: Total execution time for kernels is 0.985827s
 INFO: Computing semblance for m0 = 6820
 INFO: Total execution time for kernels is 0.956644s
 INFO: Computing semblance for m0 = 6840
 INFO: Total execution time for kernels is 0.995835s
 INFO: Computing semblance for m0 = 6860
 INFO: Total execution time for kernels is 0.999108s
 INFO: Computing semblance for m0 = 6880
 INFO: Total execution time for kernels is 0.974617s
 INFO: Computing semblance for m0 = 6900
 INFO: Total execution time for kernels is 0.973829s
 INFO: Computing semblance for m0 = 6920
 INFO: Total execution time for kernels is 0.963634s
 INFO: Computing semblance for m0 = 6940
 INFO: Total execution time for kernels is 0.975572s
 INFO: Computing semblance for m0 = 6960
 INFO: Total execution time for kernels is 0.98748s
 INFO: Computing semblance for m0 = 6980
 INFO: Total execution time for kernels is 1.01994s
 INFO: Computing semblance for m0 = 7000
 INFO: Total execution time for kernels is 0.990061s
 INFO: Computing semblance for m0 = 7020
 INFO: Total execution time for kernels is 0.992949s
 INFO: Computing semblance for m0 = 7040
 INFO: Total execution time for kernels is 0.960587s
 INFO: Computing semblance for m0 = 7060
 INFO: Total execution time for kernels is 1.00015s
 INFO: Computing semblance for m0 = 7080
 INFO: Total execution time for kernels is 0.988314s
 INFO: Computing semblance for m0 = 7100
 INFO: Total execution time for kernels is 1.0219s
 INFO: Computing semblance for m0 = 7120
 INFO: Total execution time for kernels is 0.98046s
 INFO: Computing semblance for m0 = 7140
 INFO: Total execution time for kernels is 0.950749s
 INFO: Computing semblance for m0 = 7160
 INFO: Total execution time for kernels is 0.988462s
 INFO: Computing semblance for m0 = 7180
 INFO: Total execution time for kernels is 1.00701s
 INFO: Computing semblance for m0 = 7200
 INFO: Total execution time for kernels is 0.975805s
 INFO: Computing semblance for m0 = 7220
 INFO: Total execution time for kernels is 0.96932s
 INFO: Computing semblance for m0 = 7240
 INFO: Total execution time for kernels is 0.961203s
 INFO: Computing semblance for m0 = 7260
 INFO: Total execution time for kernels is 0.967626s
 INFO: Computing semblance for m0 = 7280
 INFO: Total execution time for kernels is 0.982533s
 INFO: Computing semblance for m0 = 7300
 INFO: Total execution time for kernels is 0.989756s
 INFO: Computing semblance for m0 = 7320
 INFO: Total execution time for kernels is 1.0146s
 INFO: Computing semblance for m0 = 7340
 INFO: Total execution time for kernels is 0.995374s
 INFO: Computing semblance for m0 = 7360
 INFO: Total execution time for kernels is 0.972565s
 INFO: Computing semblance for m0 = 7380
 INFO: Total execution time for kernels is 1.00421s
 INFO: Computing semblance for m0 = 7400
 INFO: Total execution time for kernels is 1.00463s
 INFO: Computing semblance for m0 = 7420
 INFO: Total execution time for kernels is 1.02592s
 INFO: Computing semblance for m0 = 7440
 INFO: Total execution time for kernels is 0.993797s
 INFO: Computing semblance for m0 = 7460
 INFO: Total execution time for kernels is 0.96782s
 INFO: Computing semblance for m0 = 7480
 INFO: Total execution time for kernels is 1.00541s
 INFO: Computing semblance for m0 = 7500
 INFO: Total execution time for kernels is 1.01164s
 INFO: Computing semblance for m0 = 7520
 INFO: Total execution time for kernels is 0.97923s
 INFO: Computing semblance for m0 = 7540
 INFO: Total execution time for kernels is 0.983342s
 INFO: Computing semblance for m0 = 7560
 INFO: Total execution time for kernels is 0.971938s
 INFO: Computing semblance for m0 = 7580
 INFO: Total execution time for kernels is 0.984923s
 INFO: Computing semblance for m0 = 7600
 INFO: Total execution time for kernels is 1.00028s
 INFO: Computing semblance for m0 = 7620
 INFO: Total execution time for kernels is 0.99714s
 INFO: Computing semblance for m0 = 7640
 INFO: Total execution time for kernels is 1.02682s
 INFO: Computing semblance for m0 = 7660
 INFO: Total execution time for kernels is 1.0024s
 INFO: Computing semblance for m0 = 7680
 INFO: Total execution time for kernels is 0.976687s
 INFO: Computing semblance for m0 = 7700
 INFO: Total execution time for kernels is 1.007s
 INFO: Computing semblance for m0 = 7720
 INFO: Total execution time for kernels is 1.00817s
 INFO: Computing semblance for m0 = 7740
 INFO: Total execution time for kernels is 1.02738s
 INFO: Computing semblance for m0 = 7760
 INFO: Total execution time for kernels is 0.970497s
 INFO: Computing semblance for m0 = 7780
 INFO: Total execution time for kernels is 0.991033s
 INFO: Computing semblance for m0 = 7800
 INFO: Total execution time for kernels is 1.00469s
 INFO: Computing semblance for m0 = 7820
 INFO: Total execution time for kernels is 0.984884s
 INFO: Computing semblance for m0 = 7840
 INFO: Total execution time for kernels is 1.00337s
 INFO: Computing semblance for m0 = 7860
 INFO: Total execution time for kernels is 0.983213s
 INFO: Computing semblance for m0 = 7880
 INFO: Total execution time for kernels is 0.963546s
 INFO: Computing semblance for m0 = 7900
 INFO: Total execution time for kernels is 0.975994s
 INFO: Computing semblance for m0 = 7920
 INFO: Total execution time for kernels is 0.981536s
 INFO: Computing semblance for m0 = 7940
 INFO: Total execution time for kernels is 0.980765s
 INFO: Computing semblance for m0 = 7960
 INFO: Total execution time for kernels is 0.962773s
 INFO: Computing semblance for m0 = 7980
 INFO: Total execution time for kernels is 1.01153s
 INFO: Computing semblance for m0 = 8000
 INFO: Total execution time for kernels is 0.996215s
 INFO: Computing semblance for m0 = 8020
 INFO: Total execution time for kernels is 0.992707s
 INFO: Computing semblance for m0 = 8040
 INFO: Total execution time for kernels is 0.988552s
 INFO: Computing semblance for m0 = 8060
 INFO: Total execution time for kernels is 1.01554s
 INFO: Computing semblance for m0 = 8080
 INFO: Total execution time for kernels is 0.953411s
 INFO: Computing semblance for m0 = 8100
 INFO: Total execution time for kernels is 0.983257s
 INFO: Computing semblance for m0 = 8120
 INFO: Total execution time for kernels is 0.975757s
 INFO: Computing semblance for m0 = 8140
 INFO: Total execution time for kernels is 0.996475s
 INFO: Computing semblance for m0 = 8160
 INFO: Total execution time for kernels is 1.00868s
 INFO: Computing semblance for m0 = 8180
 INFO: Total execution time for kernels is 0.969723s
 INFO: Computing semblance for m0 = 8200
 INFO: Total execution time for kernels is 0.975888s
 INFO: Computing semblance for m0 = 8220
 INFO: Total execution time for kernels is 0.972153s
 INFO: Computing semblance for m0 = 8240
 INFO: Total execution time for kernels is 0.977712s
 INFO: Computing semblance for m0 = 8260
 INFO: Total execution time for kernels is 0.975618s
 INFO: Computing semblance for m0 = 8280
 INFO: Total execution time for kernels is 0.952863s
 INFO: Computing semblance for m0 = 8300
 INFO: Total execution time for kernels is 1.00307s
 INFO: Computing semblance for m0 = 8320
 INFO: Total execution time for kernels is 0.984286s
 INFO: Computing semblance for m0 = 8340
 INFO: Total execution time for kernels is 0.987718s
 INFO: Computing semblance for m0 = 8360
 INFO: Total execution time for kernels is 0.978674s
 INFO: Computing semblance for m0 = 8380
 INFO: Total execution time for kernels is 0.937795s
 INFO: Computing semblance for m0 = 8400
 INFO: Total execution time for kernels is 0.996422s
 INFO: Computing semblance for m0 = 8420
 INFO: Total execution time for kernels is 0.956134s
 INFO: Computing semblance for m0 = 8440
 INFO: Total execution time for kernels is 0.952886s
 INFO: Computing semblance for m0 = 8460
 INFO: Total execution time for kernels is 0.97068s
 INFO: Computing semblance for m0 = 8480
 INFO: Total execution time for kernels is 0.941009s
 INFO: Computing semblance for m0 = 8500
 INFO: Total execution time for kernels is 0.978344s
 INFO: Computing semblance for m0 = 8520
 INFO: Total execution time for kernels is 0.951186s
 INFO: Computing semblance for m0 = 8540
 INFO: Total execution time for kernels is 0.94945s
 INFO: Computing semblance for m0 = 8560
 INFO: Total execution time for kernels is 0.961771s
 INFO: Computing semblance for m0 = 8580
 INFO: Total execution time for kernels is 0.965346s
 INFO: Computing semblance for m0 = 8600
 INFO: Total execution time for kernels is 0.93821s
 INFO: Computing semblance for m0 = 8620
 INFO: Total execution time for kernels is 0.995057s
 INFO: Computing semblance for m0 = 8640
 INFO: Total execution time for kernels is 0.983253s
 INFO: Computing semblance for m0 = 8660
 INFO: Total execution time for kernels is 0.976988s
 INFO: Computing semblance for m0 = 8680
 INFO: Total execution time for kernels is 0.97382s
 INFO: Computing semblance for m0 = 8700
 INFO: Total execution time for kernels is 0.939976s
 INFO: Computing semblance for m0 = 8720
 INFO: Total execution time for kernels is 0.997637s
 INFO: Computing semblance for m0 = 8740
 INFO: Total execution time for kernels is 0.964927s
 INFO: Computing semblance for m0 = 8760
 INFO: Total execution time for kernels is 0.952924s
 INFO: Computing semblance for m0 = 8780
 INFO: Total execution time for kernels is 0.934172s
 INFO: Computing semblance for m0 = 8800
 INFO: Total execution time for kernels is 0.969783s
 INFO: Computing semblance for m0 = 8820
 INFO: Total execution time for kernels is 0.942739s
 INFO: Computing semblance for m0 = 8840
 INFO: Total execution time for kernels is 0.974875s
 INFO: Computing semblance for m0 = 8860
 INFO: Total execution time for kernels is 0.949504s
 INFO: Computing semblance for m0 = 8880
 INFO: Total execution time for kernels is 0.967849s
 INFO: Computing semblance for m0 = 8900
 INFO: Total execution time for kernels is 0.959926s
 INFO: Computing semblance for m0 = 8920
 INFO: Total execution time for kernels is 0.942282s
 INFO: Computing semblance for m0 = 8940
 INFO: Total execution time for kernels is 0.977957s
 INFO: Computing semblance for m0 = 8960
 INFO: Total execution time for kernels is 0.988131s
 INFO: Computing semblance for m0 = 8980
 INFO: Total execution time for kernels is 0.978677s
 INFO: Computing semblance for m0 = 9000
 INFO: Total execution time for kernels is 0.976802s
 INFO: Computing semblance for m0 = 9020
 INFO: Total execution time for kernels is 0.938122s
 INFO: Computing semblance for m0 = 9040
 INFO: Total execution time for kernels is 0.964554s
 INFO: Computing semblance for m0 = 9060
 INFO: Total execution time for kernels is 1.00356s
 INFO: Computing semblance for m0 = 9080
 INFO: Total execution time for kernels is 0.959846s
 INFO: Computing semblance for m0 = 9100
 INFO: Total execution time for kernels is 0.949041s
 INFO: Computing semblance for m0 = 9120
 INFO: Total execution time for kernels is 0.960571s
 INFO: Computing semblance for m0 = 9140
 INFO: Total execution time for kernels is 0.983376s
 INFO: Computing semblance for m0 = 9160
 INFO: Total execution time for kernels is 0.958481s
 INFO: Computing semblance for m0 = 9180
 INFO: Total execution time for kernels is 0.987196s
 INFO: Computing semblance for m0 = 9200
 INFO: Total execution time for kernels is 0.97254s
 INFO: Computing semblance for m0 = 9220
 INFO: Total execution time for kernels is 0.952043s
 INFO: Computing semblance for m0 = 9240
 INFO: Total execution time for kernels is 0.975207s
 INFO: Computing semblance for m0 = 9260
 INFO: Total execution time for kernels is 0.983951s
 INFO: Computing semblance for m0 = 9280
 INFO: Total execution time for kernels is 0.993767s
 INFO: Computing semblance for m0 = 9300
 INFO: Total execution time for kernels is 0.971807s
 INFO: Computing semblance for m0 = 9320
 INFO: Total execution time for kernels is 0.90828s
 INFO: Computing semblance for m0 = 9340
 INFO: Total execution time for kernels is 0.955532s
 INFO: Computing semblance for m0 = 9360
 INFO: Total execution time for kernels is 0.921097s
 INFO: Computing semblance for m0 = 9380
 INFO: Total execution time for kernels is 0.94307s
 INFO: Computing semblance for m0 = 9400
 INFO: Total execution time for kernels is 0.854191s
 INFO: Computing semblance for m0 = 9420
 INFO: Total execution time for kernels is 0.889118s
 INFO: Computing semblance for m0 = 9440
 INFO: Total execution time for kernels is 0.79108s
 INFO: Computing semblance for m0 = 9460
 INFO: Total execution time for kernels is 0.843048s
 INFO: Computing semblance for m0 = 9480
 INFO: Total execution time for kernels is 0.844193s
 INFO: Computing semblance for m0 = 9500
 INFO: Total execution time for kernels is 0.792953s
 INFO: Computing semblance for m0 = 9520
 INFO: Total execution time for kernels is 0.756558s
 INFO: Computing semblance for m0 = 9540
 INFO: Total execution time for kernels is 0.713452s
 INFO: Computing semblance for m0 = 9560
 INFO: Total execution time for kernels is 0.70316s
 INFO: Computing semblance for m0 = 9580
 INFO: Total execution time for kernels is 0.67745s
 INFO: Computing semblance for m0 = 9600
 INFO: Total execution time for kernels is 0.69423s
 INFO: Computing semblance for m0 = 9620
 INFO: Total execution time for kernels is 0.59279s
 INFO: Computing semblance for m0 = 9640
 INFO: Total execution time for kernels is 0.592121s
 INFO: Computing semblance for m0 = 9660
 INFO: Total execution time for kernels is 0.63833s
 INFO: Computing semblance for m0 = 9680
 INFO: Total execution time for kernels is 0.566735s
 INFO: Computing semblance for m0 = 9700
 INFO: Total execution time for kernels is 0.419515s
 INFO: Computing semblance for m0 = 9720
 INFO: Total execution time for kernels is 0.438721s
 INFO: Computing semblance for m0 = 9740
 INFO: Total execution time for kernels is 0.446298s
 INFO: Computing semblance for m0 = 9760
 INFO: Total execution time for kernels is 0.471606s
 INFO: Computing semblance for m0 = 9780
 INFO: Total execution time for kernels is 0.387937s
 INFO: Computing semblance for m0 = 9800
 INFO: Total execution time for kernels is 0.562254s
 INFO: Computing semblance for m0 = 9820
 INFO: Total execution time for kernels is 0.493113s
 INFO: Computing semblance for m0 = 9840
 INFO: Total execution time for kernels is 0.502037s
 INFO: Computing semblance for m0 = 9860
 INFO: Total execution time for kernels is 0.340933s
 INFO: Computing semblance for m0 = 9880
 INFO: Total execution time for kernels is 0.350179s
 INFO: Computing semblance for m0 = 9900
 INFO: Total execution time for kernels is 0.0855153s
 INFO: Computing semblance for m0 = 9920
 INFO: Total execution time for kernels is 0.060845s
 INFO: Computing semblance for m0 = 9940
 INFO: Total execution time for kernels is 0.105189s
 INFO: Total execution time for kernels is 0.121159s
 INFO: Total execution time for kernels is 0.0763597s
 INFO: Total execution time for kernels is 0.276276s
 INFO: Total execution time for kernels is 0.139219s
 INFO: Total execution time for kernels is 0.247268s
 INFO: Total execution time for kernels is 0.15217s
 INFO: Total execution time for kernels is 0.170862s
 INFO: Total execution time for kernels is 0.308318s
 INFO: Total execution time for kernels is 0.270054s
 INFO: Total execution time for kernels is 0.0528712s
 INFO: Total execution time for kernels is 0.0426767s
 INFO: Total execution time for kernels is 0.227073s
 INFO: Total execution time for kernels is 0.195129s
 INFO: Total execution time for kernels is 0.214464s
 INFO: Total execution time for kernels is 0.334819s
 INFO: Average of efficiency is 1
 INFO: Average of interpolations_per_sec is 1.70883e+10
 INFO: Average of selected_traces is 309.888
 INFO: Average of total_selection_kernel_exec_time is 0.0123087
 INFO: Average of total_kernel_exec_time is 0.884174
 INFO: Driver init. duration is 1.00602 s
 INFO: Read gather duration is 0.115453 s
 INFO: Parse args. duration is 0.000255272 s
 INFO: Worker threads duration is 28.6355 s
 INFO: Dump results duration is 0.490542 s
 INFO: Results written to /home/ubuntu/nfs/out/d4e9b53e_master_p2.16xlarge/zocrs/de/cuda/simple-synthetic_64_5/simple-synthetic_de_zocrs_20210302_1207/
 INFO: It took 30.2541s to compute.
