 INFO: Number of CDPs = 445
 INFO: Number of traces in the gather = 9200
 INFO: Number of samples per trace = 2502
 INFO: Starting worker threads...
 INFO: Computing semblance for m0 = 0
 INFO: No trace has been selected for m0 = 0. Skipping.
 INFO: Computing semblance for m0 = 1080
 INFO: Total execution time for kernels is 4.563e-06s
 INFO: Computing semblance for m0 = 1100
 INFO: Computing semblance for m0 = 1120
 INFO: Total execution time for kernels is 0.53115s
 INFO: Computing semblance for m0 = 1140
 INFO: Total execution time for kernels is 0.615665s
 INFO: Computing semblance for m0 = 1160
 INFO: Computing semblance for m0 = 1180
 INFO: Computing semblance for m0 = 1200
 INFO: Total execution time for kernels is 0.729041s
 INFO: Computing semblance for m0 = 1220
 INFO: Total execution time for kernels is 0.691928s
 INFO: Computing semblance for m0 = 1240
 INFO: Computing semblance for m0 = 1260
 INFO: Total execution time for kernels is 0.768164s
 INFO: Computing semblance for m0 = 1280
 INFO: Computing semblance for m0 = 1300
 INFO: Computing semblance for m0 = 1320
 INFO: Computing semblance for m0 = 1340
 INFO: Computing semblance for m0 = 1360
 INFO: Computing semblance for m0 = 1380
 INFO: Computing semblance for m0 = 1400
 INFO: Computing semblance for m0 = 1420
 INFO: Computing semblance for m0 = 1440
 INFO: Computing semblance for m0 = 1460
 INFO: Computing semblance for m0 = 1480
 INFO: Total execution time for kernels is 1.04426s
 INFO: Computing semblance for m0 = 1500
 INFO: Total execution time for kernels is 1.17456s
 INFO: Computing semblance for m0 = 1520
 INFO: Total execution time for kernels is 1.16248s
 INFO: Computing semblance for m0 = 1540
 INFO: Total execution time for kernels is 1.28643s
 INFO: Computing semblance for m0 = 1560
 INFO: Total execution time for kernels is 1.54296s
 INFO: Computing semblance for m0 = 1580
 INFO: Total execution time for kernels is 1.60928s
 INFO: Computing semblance for m0 = 1600
 INFO: Total execution time for kernels is 1.90209s
 INFO: Computing semblance for m0 = 1620
 INFO: Total execution time for kernels is 1.95687s
 INFO: Computing semblance for m0 = 1640
 INFO: Total execution time for kernels is 2.14069s
 INFO: Computing semblance for m0 = 1660
 INFO: Total execution time for kernels is 2.32132s
 INFO: Computing semblance for m0 = 1680
 INFO: Total execution time for kernels is 2.40904s
 INFO: Computing semblance for m0 = 1700
 INFO: Total execution time for kernels is 2.53794s
 INFO: Computing semblance for m0 = 1720
 INFO: Total execution time for kernels is 2.74919s
 INFO: Computing semblance for m0 = 1740
 INFO: Total execution time for kernels is 2.92195s
 INFO: Computing semblance for m0 = 1760
 INFO: Total execution time for kernels is 2.99933s
 INFO: Computing semblance for m0 = 1780
 INFO: Total execution time for kernels is 3.19444s
 INFO: Computing semblance for m0 = 1800
 INFO: Total execution time for kernels is 3.05903s
 INFO: Computing semblance for m0 = 1820
 INFO: Total execution time for kernels is 3.19486s
 INFO: Computing semblance for m0 = 1840
 INFO: Total execution time for kernels is 3.31868s
 INFO: Computing semblance for m0 = 1860
 INFO: Total execution time for kernels is 3.46359s
 INFO: Computing semblance for m0 = 1880
 INFO: Total execution time for kernels is 3.58042s
 INFO: Computing semblance for m0 = 1900
 INFO: Total execution time for kernels is 3.83655s
 INFO: Computing semblance for m0 = 1920
 INFO: Total execution time for kernels is 3.98595s
 INFO: Computing semblance for m0 = 1940
 INFO: Total execution time for kernels is 3.97872s
 INFO: Computing semblance for m0 = 1960
 INFO: Total execution time for kernels is 4.1595s
 INFO: Computing semblance for m0 = 1980
 INFO: Total execution time for kernels is 4.39527s
 INFO: Computing semblance for m0 = 2000
 INFO: Total execution time for kernels is 4.42262s
 INFO: Computing semblance for m0 = 2020
 INFO: Total execution time for kernels is 4.53353s
 INFO: Computing semblance for m0 = 2040
 INFO: Total execution time for kernels is 4.94591s
 INFO: Computing semblance for m0 = 2060
 INFO: Total execution time for kernels is 5.06345s
 INFO: Computing semblance for m0 = 2080
 INFO: Total execution time for kernels is 5.04988s
 INFO: Computing semblance for m0 = 2100
 INFO: Total execution time for kernels is 5.26117s
 INFO: Computing semblance for m0 = 2120
 INFO: Total execution time for kernels is 5.33977s
 INFO: Computing semblance for m0 = 2140
 INFO: Total execution time for kernels is 5.408s
 INFO: Computing semblance for m0 = 2160
 INFO: Total execution time for kernels is 5.49396s
 INFO: Computing semblance for m0 = 2180
 INFO: Total execution time for kernels is 5.63373s
 INFO: Computing semblance for m0 = 2200
 INFO: Total execution time for kernels is 5.69626s
 INFO: Computing semblance for m0 = 2220
 INFO: Total execution time for kernels is 5.99779s
 INFO: Computing semblance for m0 = 2240
 INFO: Total execution time for kernels is 5.94662s
 INFO: Computing semblance for m0 = 2260
 INFO: Total execution time for kernels is 6.0854s
 INFO: Computing semblance for m0 = 2280
 INFO: Total execution time for kernels is 6.07031s
 INFO: Computing semblance for m0 = 2300
 INFO: Total execution time for kernels is 6.16571s
 INFO: Computing semblance for m0 = 2320
 INFO: Total execution time for kernels is 6.33156s
 INFO: Computing semblance for m0 = 2340
 INFO: Total execution time for kernels is 6.18193s
 INFO: Computing semblance for m0 = 2360
 INFO: Total execution time for kernels is 6.59422s
 INFO: Computing semblance for m0 = 2380
 INFO: Total execution time for kernels is 6.38076s
 INFO: Computing semblance for m0 = 2400
 INFO: Total execution time for kernels is 6.56779s
 INFO: Computing semblance for m0 = 2420
 INFO: Total execution time for kernels is 6.30044s
 INFO: Computing semblance for m0 = 2440
 INFO: Total execution time for kernels is 6.5798s
 INFO: Computing semblance for m0 = 2460
 INFO: Total execution time for kernels is 6.34933s
 INFO: Computing semblance for m0 = 2480
 INFO: Total execution time for kernels is 6.27125s
 INFO: Computing semblance for m0 = 2500
 INFO: Total execution time for kernels is 6.30721s
 INFO: Computing semblance for m0 = 2520
 INFO: Total execution time for kernels is 6.25204s
 INFO: Computing semblance for m0 = 2540
 INFO: Total execution time for kernels is 6.50444s
 INFO: Computing semblance for m0 = 2560
 INFO: Total execution time for kernels is 6.25303s
 INFO: Computing semblance for m0 = 2580
 INFO: Total execution time for kernels is 6.48877s
 INFO: Computing semblance for m0 = 2600
 INFO: Total execution time for kernels is 6.3022s
 INFO: Computing semblance for m0 = 2620
 INFO: Total execution time for kernels is 6.28505s
 INFO: Computing semblance for m0 = 2640
 INFO: Total execution time for kernels is 6.26291s
 INFO: Computing semblance for m0 = 2660
 INFO: Total execution time for kernels is 6.53867s
 INFO: Computing semblance for m0 = 2680
 INFO: Total execution time for kernels is 6.38875s
 INFO: Computing semblance for m0 = 2700
 INFO: Total execution time for kernels is 6.64093s
 INFO: Computing semblance for m0 = 2720
 INFO: Total execution time for kernels is 6.30628s
 INFO: Computing semblance for m0 = 2740
 INFO: Total execution time for kernels is 6.5931s
 INFO: Computing semblance for m0 = 2760
 INFO: Total execution time for kernels is 6.37432s
 INFO: Computing semblance for m0 = 2780
 INFO: Total execution time for kernels is 6.57696s
 INFO: Computing semblance for m0 = 2800
 INFO: Total execution time for kernels is 6.2757s
 INFO: Computing semblance for m0 = 2820
 INFO: Total execution time for kernels is 6.3083s
 INFO: Computing semblance for m0 = 2840
 INFO: Total execution time for kernels is 6.25412s
 INFO: Computing semblance for m0 = 2860
 INFO: Total execution time for kernels is 6.25646s
 INFO: Computing semblance for m0 = 2880
 INFO: Total execution time for kernels is 6.52753s
 INFO: Computing semblance for m0 = 2900
 INFO: Total execution time for kernels is 6.48835s
 INFO: Computing semblance for m0 = 2920
 INFO: Total execution time for kernels is 6.30368s
 INFO: Computing semblance for m0 = 2940
 INFO: Total execution time for kernels is 6.28728s
 INFO: Computing semblance for m0 = 2960
 INFO: Total execution time for kernels is 6.26331s
 INFO: Computing semblance for m0 = 2980
 INFO: Total execution time for kernels is 6.54942s
 INFO: Computing semblance for m0 = 3000
 INFO: Total execution time for kernels is 6.3895s
 INFO: Computing semblance for m0 = 3020
 INFO: Total execution time for kernels is 6.30532s
 INFO: Computing semblance for m0 = 3040
 INFO: Total execution time for kernels is 6.65243s
 INFO: Computing semblance for m0 = 3060
 INFO: Total execution time for kernels is 6.59185s
 INFO: Computing semblance for m0 = 3080
 INFO: Total execution time for kernels is 6.39138s
 INFO: Computing semblance for m0 = 3100
 INFO: Total execution time for kernels is 6.57887s
 INFO: Computing semblance for m0 = 3120
 INFO: Total execution time for kernels is 6.27426s
 INFO: Computing semblance for m0 = 3140
 INFO: Total execution time for kernels is 6.30995s
 INFO: Computing semblance for m0 = 3160
 INFO: Total execution time for kernels is 6.25408s
 INFO: Computing semblance for m0 = 3180
 INFO: Total execution time for kernels is 6.26123s
 INFO: Computing semblance for m0 = 3200
 INFO: Total execution time for kernels is 6.55039s
 INFO: Computing semblance for m0 = 3220
 INFO: Total execution time for kernels is 6.30526s
 INFO: Computing semblance for m0 = 3240
 INFO: Total execution time for kernels is 6.48367s
 INFO: Computing semblance for m0 = 3260
 INFO: Total execution time for kernels is 6.28953s
 INFO: Computing semblance for m0 = 3280
 INFO: Total execution time for kernels is 6.26598s
 INFO: Computing semblance for m0 = 3300
 INFO: Total execution time for kernels is 6.55665s
 INFO: Computing semblance for m0 = 3320
 INFO: Total execution time for kernels is 6.40508s
 INFO: Computing semblance for m0 = 3340
 INFO: Total execution time for kernels is 6.30848s
 INFO: Computing semblance for m0 = 3360
 INFO: Total execution time for kernels is 6.64693s
 INFO: Computing semblance for m0 = 3380
 INFO: Total execution time for kernels is 6.59164s
 INFO: Computing semblance for m0 = 3400
 INFO: Total execution time for kernels is 6.40282s
 INFO: Computing semblance for m0 = 3420
 INFO: Total execution time for kernels is 6.58652s
 INFO: Computing semblance for m0 = 3440
 INFO: Total execution time for kernels is 6.28156s
 INFO: Computing semblance for m0 = 3460
 INFO: Total execution time for kernels is 6.31259s
 INFO: Computing semblance for m0 = 3480
 INFO: Total execution time for kernels is 6.25505s
 INFO: Computing semblance for m0 = 3500
 INFO: Total execution time for kernels is 6.26222s
 INFO: Computing semblance for m0 = 3520
 INFO: Total execution time for kernels is 6.55994s
 INFO: Computing semblance for m0 = 3540
 INFO: Total execution time for kernels is 6.30675s
 INFO: Computing semblance for m0 = 3560
 INFO: Total execution time for kernels is 6.49397s
 INFO: Computing semblance for m0 = 3580
 INFO: Total execution time for kernels is 6.29071s
 INFO: Computing semblance for m0 = 3600
 INFO: Total execution time for kernels is 6.26649s
 INFO: Computing semblance for m0 = 3620
 INFO: Total execution time for kernels is 6.56216s
 INFO: Computing semblance for m0 = 3640
 INFO: Total execution time for kernels is 6.31049s
 INFO: Computing semblance for m0 = 3660
 INFO: Total execution time for kernels is 6.41381s
 INFO: Computing semblance for m0 = 3680
 INFO: Total execution time for kernels is 6.6584s
 INFO: Computing semblance for m0 = 3700
 INFO: Total execution time for kernels is 6.40818s
 INFO: Computing semblance for m0 = 3720
 INFO: Total execution time for kernels is 6.60085s
 INFO: Computing semblance for m0 = 3740
 INFO: Total execution time for kernels is 6.2761s
 INFO: Computing semblance for m0 = 3760
 INFO: Total execution time for kernels is 6.58351s
 INFO: Computing semblance for m0 = 3780
 INFO: Total execution time for kernels is 6.31329s
 INFO: Computing semblance for m0 = 3800
 INFO: Total execution time for kernels is 6.25689s
 INFO: Computing semblance for m0 = 3820
 INFO: Total execution time for kernels is 6.26815s
 INFO: Computing semblance for m0 = 3840
 INFO: Total execution time for kernels is 6.30809s
 INFO: Computing semblance for m0 = 3860
 INFO: Total execution time for kernels is 6.56751s
 INFO: Computing semblance for m0 = 3880
 INFO: Total execution time for kernels is 6.49402s
 INFO: Computing semblance for m0 = 3900
 INFO: Total execution time for kernels is 6.29168s
 INFO: Computing semblance for m0 = 3920
 INFO: Total execution time for kernels is 6.26931s
 INFO: Computing semblance for m0 = 3940
 INFO: Total execution time for kernels is 6.57066s
 INFO: Computing semblance for m0 = 3960
 INFO: Total execution time for kernels is 6.31197s
 INFO: Computing semblance for m0 = 3980
 INFO: Total execution time for kernels is 6.44095s
 INFO: Computing semblance for m0 = 4000
 INFO: Total execution time for kernels is 6.4182s
 INFO: Computing semblance for m0 = 4020
 INFO: Total execution time for kernels is 6.65293s
 INFO: Total execution time for kernels is 6.59862s
 INFO: Computing semblance for m0 = 4040
 INFO: Computing semblance for m0 = 4060
 INFO: Total execution time for kernels is 6.2786s
 INFO: Computing semblance for m0 = 4080
 INFO: Total execution time for kernels is 6.59564s
 INFO: Computing semblance for m0 = 4100
 INFO: Total execution time for kernels is 6.31532s
 INFO: Computing semblance for m0 = 4120
 INFO: Total execution time for kernels is 6.2578s
 INFO: Computing semblance for m0 = 4140
 INFO: Total execution time for kernels is 6.26894s
 INFO: Computing semblance for m0 = 4160
 INFO: Total execution time for kernels is 6.3092s
 INFO: Computing semblance for m0 = 4180
 INFO: Total execution time for kernels is 6.57732s
 INFO: Computing semblance for m0 = 4200
 INFO: Total execution time for kernels is 6.29268s
 INFO: Computing semblance for m0 = 4220
 INFO: Total execution time for kernels is 6.26969s
 INFO: Computing semblance for m0 = 4240
 INFO: Total execution time for kernels is 6.49695s
 INFO: Computing semblance for m0 = 4260
 INFO: Total execution time for kernels is 6.56353s
 INFO: Computing semblance for m0 = 4280
 INFO: Total execution time for kernels is 6.31362s
 INFO: Computing semblance for m0 = 4300
 INFO: Total execution time for kernels is 6.43362s
 INFO: Computing semblance for m0 = 4320
 INFO: Total execution time for kernels is 6.4159s
 INFO: Computing semblance for m0 = 4340
 INFO: Total execution time for kernels is 6.27827s
 INFO: Computing semblance for m0 = 4360
 INFO: Total execution time for kernels is 6.58897s
 INFO: Computing semblance for m0 = 4380
 INFO: Total execution time for kernels is 6.66009s
 INFO: Computing semblance for m0 = 4400
 INFO: Total execution time for kernels is 6.31608s
 INFO: Computing semblance for m0 = 4420
 INFO: Total execution time for kernels is 6.59208s
 INFO: Computing semblance for m0 = 4440
 INFO: Total execution time for kernels is 6.25906s
 INFO: Computing semblance for m0 = 4460
 INFO: Total execution time for kernels is 6.2692s
 INFO: Computing semblance for m0 = 4480
 INFO: Total execution time for kernels is 6.31017s
 INFO: Computing semblance for m0 = 4500
 INFO: Total execution time for kernels is 6.29375s
 INFO: Computing semblance for m0 = 4520
 INFO: Total execution time for kernels is 6.27163s
 INFO: Computing semblance for m0 = 4540
 INFO: Total execution time for kernels is 6.60217s
 INFO: Computing semblance for m0 = 4560
 INFO: Total execution time for kernels is 6.49694s
 INFO: Computing semblance for m0 = 4580
 INFO: Total execution time for kernels is 6.56605s
 INFO: Computing semblance for m0 = 4600
 INFO: Total execution time for kernels is 6.31504s
 INFO: Computing semblance for m0 = 4620
 INFO: Total execution time for kernels is 6.44399s
 INFO: Computing semblance for m0 = 4640
 INFO: Total execution time for kernels is 6.43315s
 INFO: Computing semblance for m0 = 4660
 INFO: Total execution time for kernels is 6.27995s
 INFO: Computing semblance for m0 = 4680
 INFO: Total execution time for kernels is 6.60514s
 INFO: Computing semblance for m0 = 4700
 INFO: Total execution time for kernels is 6.65233s
 INFO: Computing semblance for m0 = 4720
 INFO: Total execution time for kernels is 6.31611s
 INFO: Computing semblance for m0 = 4740
 INFO: Total execution time for kernels is 6.26065s
 INFO: Computing semblance for m0 = 4760
 INFO: Total execution time for kernels is 6.60384s
 INFO: Computing semblance for m0 = 4780
 INFO: Total execution time for kernels is 6.26905s
 INFO: Computing semblance for m0 = 4800
 INFO: Total execution time for kernels is 6.31119s
 INFO: Computing semblance for m0 = 4820
 INFO: Total execution time for kernels is 6.29476s
 INFO: Computing semblance for m0 = 4840
 INFO: Total execution time for kernels is 6.27086s
 INFO: Computing semblance for m0 = 4860
 INFO: Total execution time for kernels is 6.59486s
 INFO: Computing semblance for m0 = 4880
 INFO: Total execution time for kernels is 6.49848s
 INFO: Computing semblance for m0 = 4900
 INFO: Total execution time for kernels is 6.31483s
 INFO: Computing semblance for m0 = 4920
 INFO: Total execution time for kernels is 6.56797s
 INFO: Computing semblance for m0 = 4940
 INFO: Total execution time for kernels is 6.46064s
 INFO: Computing semblance for m0 = 4960
 INFO: Total execution time for kernels is 6.28003s
 INFO: Computing semblance for m0 = 4980
 INFO: Total execution time for kernels is 6.44014s
 INFO: Computing semblance for m0 = 5000
 INFO: Total execution time for kernels is 6.26167s
 INFO: Computing semblance for m0 = 5020
 INFO: Total execution time for kernels is 6.3177s
 INFO: Computing semblance for m0 = 5040
 INFO: Total execution time for kernels is 6.59385s
 INFO: Computing semblance for m0 = 5060
 INFO: Total execution time for kernels is 6.65828s
 INFO: Computing semblance for m0 = 5080
 INFO: Total execution time for kernels is 6.60026s
 INFO: Computing semblance for m0 = 5100
 INFO: Total execution time for kernels is 6.27089s
 INFO: Computing semblance for m0 = 5120
 INFO: Total execution time for kernels is 6.31257s
 INFO: Computing semblance for m0 = 5140
 INFO: Total execution time for kernels is 6.2951s
 INFO: Computing semblance for m0 = 5160
 INFO: Total execution time for kernels is 6.27301s
 INFO: Computing semblance for m0 = 5180
 INFO: Total execution time for kernels is 6.50793s
 INFO: Computing semblance for m0 = 5200
 INFO: Total execution time for kernels is 6.59798s
 INFO: Computing semblance for m0 = 5220
 INFO: Total execution time for kernels is 6.32038s
 INFO: Computing semblance for m0 = 5240
 INFO: Total execution time for kernels is 6.56648s
 INFO: Computing semblance for m0 = 5260
 INFO: Total execution time for kernels is 6.46777s
 INFO: Computing semblance for m0 = 5280
 INFO: Total execution time for kernels is 6.28118s
 INFO: Computing semblance for m0 = 5300
 INFO: Total execution time for kernels is 6.44503s
 INFO: Computing semblance for m0 = 5320
 INFO: Total execution time for kernels is 6.2623s
 INFO: Computing semblance for m0 = 5340
 INFO: Total execution time for kernels is 6.31815s
 INFO: Computing semblance for m0 = 5360
 INFO: Total execution time for kernels is 6.59981s
 INFO: Computing semblance for m0 = 5380
 INFO: Total execution time for kernels is 6.65203s
 INFO: Computing semblance for m0 = 5400
 INFO: Total execution time for kernels is 6.63321s
 INFO: Computing semblance for m0 = 5420
 INFO: Total execution time for kernels is 6.272s
 INFO: Computing semblance for m0 = 5440
 INFO: Total execution time for kernels is 6.31267s
 INFO: Computing semblance for m0 = 5460
 INFO: Total execution time for kernels is 6.29684s
 INFO: Computing semblance for m0 = 5480
 INFO: Total execution time for kernels is 6.27304s
 INFO: Computing semblance for m0 = 5500
 INFO: Total execution time for kernels is 6.50094s
 INFO: Computing semblance for m0 = 5520
 INFO: Total execution time for kernels is 6.59077s
 INFO: Computing semblance for m0 = 5540
 INFO: Total execution time for kernels is 6.31804s
 INFO: Computing semblance for m0 = 5560
 INFO: Total execution time for kernels is 6.56568s
 INFO: Computing semblance for m0 = 5580
 INFO: Total execution time for kernels is 6.46304s
 INFO: Computing semblance for m0 = 5600
 INFO: Total execution time for kernels is 6.28148s
 INFO: Computing semblance for m0 = 5620
 INFO: Total execution time for kernels is 6.45118s
 INFO: Computing semblance for m0 = 5640
 INFO: Total execution time for kernels is 6.26243s
 INFO: Computing semblance for m0 = 5660
 INFO: Total execution time for kernels is 6.3187s
 INFO: Computing semblance for m0 = 5680
 INFO: Total execution time for kernels is 6.60273s
 INFO: Computing semblance for m0 = 5700
 INFO: Total execution time for kernels is 6.65417s
 INFO: Computing semblance for m0 = 5720
 INFO: Total execution time for kernels is 6.27467s
 INFO: Computing semblance for m0 = 5740
 INFO: Total execution time for kernels is 6.63306s
 INFO: Computing semblance for m0 = 5760
 INFO: Total execution time for kernels is 6.3126s
 INFO: Computing semblance for m0 = 5780
 INFO: Total execution time for kernels is 6.27532s
 INFO: Computing semblance for m0 = 5800
 INFO: Total execution time for kernels is 6.29715s
 INFO: Computing semblance for m0 = 5820
 INFO: Total execution time for kernels is 6.50394s
 INFO: Computing semblance for m0 = 5840
 INFO: Total execution time for kernels is 6.60786s
 INFO: Computing semblance for m0 = 5860
 INFO: Total execution time for kernels is 6.31945s
 INFO: Computing semblance for m0 = 5880
 INFO: Total execution time for kernels is 6.46456s
 INFO: Computing semblance for m0 = 5900
 INFO: Total execution time for kernels is 6.56918s
 INFO: Computing semblance for m0 = 5920
 INFO: Total execution time for kernels is 6.28345s
 INFO: Computing semblance for m0 = 5940
 INFO: Total execution time for kernels is 6.45156s
 INFO: Computing semblance for m0 = 5960
 INFO: Total execution time for kernels is 6.26545s
 INFO: Computing semblance for m0 = 5980
 INFO: Total execution time for kernels is 6.32006s
 INFO: Computing semblance for m0 = 6000
 INFO: Total execution time for kernels is 6.59981s
 INFO: Computing semblance for m0 = 6020
 INFO: Total execution time for kernels is 6.2744s
 INFO: Computing semblance for m0 = 6040
 INFO: Total execution time for kernels is 6.6505s
 INFO: Computing semblance for m0 = 6060
 INFO: Total execution time for kernels is 6.63997s
 INFO: Computing semblance for m0 = 6080
 INFO: Total execution time for kernels is 6.31372s
 INFO: Computing semblance for m0 = 6100
 INFO: Total execution time for kernels is 6.27558s
 INFO: Computing semblance for m0 = 6120
 INFO: Total execution time for kernels is 6.29682s
 INFO: Computing semblance for m0 = 6140
 INFO: Total execution time for kernels is 6.49767s
 INFO: Computing semblance for m0 = 6160
 INFO: Total execution time for kernels is 6.60666s
 INFO: Computing semblance for m0 = 6180
 INFO: Total execution time for kernels is 6.3221s
 INFO: Computing semblance for m0 = 6200
 INFO: Total execution time for kernels is 6.45985s
 INFO: Computing semblance for m0 = 6220
 INFO: Total execution time for kernels is 6.28257s
 INFO: Computing semblance for m0 = 6240
 INFO: Total execution time for kernels is 6.57362s
 INFO: Computing semblance for m0 = 6260
 INFO: Total execution time for kernels is 6.26582s
 INFO: Computing semblance for m0 = 6280
 INFO: Total execution time for kernels is 6.44726s
 INFO: Computing semblance for m0 = 6300
 INFO: Total execution time for kernels is 6.31968s
 INFO: Computing semblance for m0 = 6320
 INFO: Total execution time for kernels is 6.27586s
 INFO: Computing semblance for m0 = 6340
 INFO: Total execution time for kernels is 6.60479s
 INFO: Computing semblance for m0 = 6360
 INFO: Total execution time for kernels is 6.6534s
 INFO: Computing semblance for m0 = 6380
 INFO: Total execution time for kernels is 6.64207s
 INFO: Computing semblance for m0 = 6400
 INFO: Total execution time for kernels is 6.31472s
 INFO: Computing semblance for m0 = 6420
 INFO: Total execution time for kernels is 6.27651s
 INFO: Computing semblance for m0 = 6440
 INFO: Total execution time for kernels is 6.29764s
 INFO: Computing semblance for m0 = 6460
 INFO: Total execution time for kernels is 6.50164s
 INFO: Computing semblance for m0 = 6480
 INFO: Total execution time for kernels is 6.32144s
 INFO: Computing semblance for m0 = 6500
 INFO: Total execution time for kernels is 6.6067s
 INFO: Computing semblance for m0 = 6520
 INFO: Total execution time for kernels is 6.28339s
 INFO: Computing semblance for m0 = 6540
 INFO: Total execution time for kernels is 6.45971s
 INFO: Computing semblance for m0 = 6560
 INFO: Total execution time for kernels is 6.57335s
 INFO: Computing semblance for m0 = 6580
 INFO: Total execution time for kernels is 6.26543s
 INFO: Computing semblance for m0 = 6600
 INFO: Total execution time for kernels is 6.44741s
 INFO: Computing semblance for m0 = 6620
 INFO: Total execution time for kernels is 6.32037s
 INFO: Computing semblance for m0 = 6640
 INFO: Total execution time for kernels is 6.275s
 INFO: Computing semblance for m0 = 6660
 INFO: Total execution time for kernels is 6.59841s
 INFO: Computing semblance for m0 = 6680
 INFO: Total execution time for kernels is 6.65963s
 INFO: Computing semblance for m0 = 6700
 INFO: Total execution time for kernels is 6.31618s
 INFO: Computing semblance for m0 = 6720
 INFO: Total execution time for kernels is 6.63283s
 INFO: Computing semblance for m0 = 6740
 INFO: Total execution time for kernels is 6.27866s
 INFO: Computing semblance for m0 = 6760
 INFO: Total execution time for kernels is 6.29723s
 INFO: Computing semblance for m0 = 6780
 INFO: Total execution time for kernels is 6.50411s
 INFO: Computing semblance for m0 = 6800
 INFO: Total execution time for kernels is 6.31848s
 INFO: Computing semblance for m0 = 6820
 INFO: Total execution time for kernels is 6.61173s
 INFO: Computing semblance for m0 = 6840
 INFO: Total execution time for kernels is 6.28182s
 INFO: Computing semblance for m0 = 6860
 INFO: Total execution time for kernels is 6.46431s
 INFO: Computing semblance for m0 = 6880
 INFO: Total execution time for kernels is 6.27352s
 INFO: Computing semblance for m0 = 6900
 INFO: Total execution time for kernels is 6.56945s
 INFO: Computing semblance for m0 = 6920
 INFO: Total execution time for kernels is 6.32063s
 INFO: Computing semblance for m0 = 6940
 INFO: Total execution time for kernels is 6.44279s
 INFO: Computing semblance for m0 = 6960
 INFO: Total execution time for kernels is 6.2759s
 INFO: Computing semblance for m0 = 6980
 INFO: Total execution time for kernels is 6.60442s
 INFO: Computing semblance for m0 = 7000
 INFO: Total execution time for kernels is 6.31773s
 INFO: Computing semblance for m0 = 7020
 INFO: Total execution time for kernels is 6.66768s
 INFO: Computing semblance for m0 = 7040
 INFO: Total execution time for kernels is 6.27454s
 INFO: Computing semblance for m0 = 7060
 INFO: Total execution time for kernels is 6.29817s
 INFO: Computing semblance for m0 = 7080
 INFO: Total execution time for kernels is 6.61176s
 INFO: Computing semblance for m0 = 7100
 INFO: Total execution time for kernels is 6.51503s
 INFO: Computing semblance for m0 = 7120
 INFO: Total execution time for kernels is 6.31953s
 INFO: Computing semblance for m0 = 7140
 INFO: Total execution time for kernels is 6.61233s
 INFO: Computing semblance for m0 = 7160
 INFO: Total execution time for kernels is 6.28354s
 INFO: Computing semblance for m0 = 7180
 INFO: Total execution time for kernels is 6.467s
 INFO: Computing semblance for m0 = 7200
 INFO: Total execution time for kernels is 6.26559s
 INFO: Computing semblance for m0 = 7220
 INFO: Total execution time for kernels is 6.57272s
 INFO: Computing semblance for m0 = 7240
 INFO: Total execution time for kernels is 6.32066s
 INFO: Computing semblance for m0 = 7260
 INFO: Total execution time for kernels is 6.44322s
 INFO: Computing semblance for m0 = 7280
 INFO: Total execution time for kernels is 6.27606s
 INFO: Computing semblance for m0 = 7300
 INFO: Total execution time for kernels is 6.31834s
 INFO: Computing semblance for m0 = 7320
 INFO: Total execution time for kernels is 6.59683s
 INFO: Computing semblance for m0 = 7340
 INFO: Total execution time for kernels is 6.2832s
 INFO: Computing semblance for m0 = 7360
 INFO: Total execution time for kernels is 6.29853s
 INFO: Computing semblance for m0 = 7380
 INFO: Total execution time for kernels is 6.66902s
 INFO: Computing semblance for m0 = 7400
 INFO: Total execution time for kernels is 6.64547s
 INFO: Computing semblance for m0 = 7420
 INFO: Total execution time for kernels is 6.32192s
 INFO: Computing semblance for m0 = 7440
 INFO: Total execution time for kernels is 6.51733s
 INFO: Computing semblance for m0 = 7460
 INFO: Total execution time for kernels is 6.61118s
 INFO: Computing semblance for m0 = 7480
 INFO: Total execution time for kernels is 6.28273s
 INFO: Computing semblance for m0 = 7500
 INFO: Total execution time for kernels is 6.26552s
 INFO: Computing semblance for m0 = 7520
 INFO: Total execution time for kernels is 6.47902s
 INFO: Computing semblance for m0 = 7540
 INFO: Total execution time for kernels is 6.32097s
 INFO: Computing semblance for m0 = 7560
 INFO: Total execution time for kernels is 6.57274s
 INFO: Computing semblance for m0 = 7580
 INFO: Total execution time for kernels is 6.45242s
 INFO: Computing semblance for m0 = 7600
 INFO: Total execution time for kernels is 6.27755s
 INFO: Computing semblance for m0 = 7620
 INFO: Total execution time for kernels is 6.31868s
 INFO: Computing semblance for m0 = 7640
 INFO: Total execution time for kernels is 6.28006s
 INFO: Computing semblance for m0 = 7660
 INFO: Total execution time for kernels is 6.29775s
 INFO: Total execution time for kernels is 6.60336s
 INFO: Computing semblance for m0 = 7680
 INFO: Computing semblance for m0 = 7700
 INFO: Total execution time for kernels is 6.6733s
 INFO: Computing semblance for m0 = 7720
 INFO: Total execution time for kernels is 6.64147s
 INFO: Computing semblance for m0 = 7740
 INFO: Total execution time for kernels is 6.31974s
 INFO: Computing semblance for m0 = 7760
 INFO: Total execution time for kernels is 6.50734s
 INFO: Computing semblance for m0 = 7780
 INFO: Total execution time for kernels is 6.28335s
 INFO: Computing semblance for m0 = 7800
 INFO: Total execution time for kernels is 6.60622s
 INFO: Computing semblance for m0 = 7820
 INFO: Total execution time for kernels is 6.27327s
 INFO: Computing semblance for m0 = 7840
 INFO: Total execution time for kernels is 6.47366s
 INFO: Computing semblance for m0 = 7860
 INFO: Total execution time for kernels is 6.32262s
 INFO: Computing semblance for m0 = 7880
 INFO: Total execution time for kernels is 6.57233s
 INFO: Computing semblance for m0 = 7900
 INFO: Total execution time for kernels is 6.47114s
 INFO: Computing semblance for m0 = 7920
 INFO: Total execution time for kernels is 6.27689s
 INFO: Computing semblance for m0 = 7940
 INFO: Total execution time for kernels is 6.31877s
 INFO: Computing semblance for m0 = 7960
 INFO: Total execution time for kernels is 6.2813s
 INFO: Computing semblance for m0 = 7980
 INFO: Total execution time for kernels is 6.30735s
 INFO: Computing semblance for m0 = 8000
 INFO: Total execution time for kernels is 6.5961s
 INFO: Computing semblance for m0 = 8020
 INFO: Total execution time for kernels is 6.65853s
 INFO: Computing semblance for m0 = 8040
 INFO: Total execution time for kernels is 6.63156s
 INFO: Computing semblance for m0 = 8060
 INFO: Total execution time for kernels is 6.32015s
 INFO: Computing semblance for m0 = 8080
 INFO: Total execution time for kernels is 6.50693s
 INFO: Computing semblance for m0 = 8100
 INFO: Total execution time for kernels is 6.29221s
 INFO: Computing semblance for m0 = 8120
 INFO: Total execution time for kernels is 6.27377s
 INFO: Computing semblance for m0 = 8140
 INFO: Total execution time for kernels is 6.60973s
 INFO: Computing semblance for m0 = 8160
 INFO: Total execution time for kernels is 6.4691s
 INFO: Computing semblance for m0 = 8180
 INFO: Total execution time for kernels is 6.3224s
 INFO: Computing semblance for m0 = 8200
 INFO: Total execution time for kernels is 6.45719s
 INFO: Computing semblance for m0 = 8220
 INFO: Total execution time for kernels is 6.27796s
 INFO: Computing semblance for m0 = 8240
 INFO: Total execution time for kernels is 6.57655s
 INFO: Computing semblance for m0 = 8260
 INFO: Total execution time for kernels is 6.31832s
 INFO: Computing semblance for m0 = 8280
 INFO: Total execution time for kernels is 6.28894s
 INFO: Computing semblance for m0 = 8300
 INFO: Total execution time for kernels is 6.30173s
 INFO: Computing semblance for m0 = 8320
 INFO: Total execution time for kernels is 6.59354s
 INFO: Computing semblance for m0 = 8340
 INFO: Total execution time for kernels is 6.65373s
 INFO: Computing semblance for m0 = 8360
 INFO: Total execution time for kernels is 6.62229s
 INFO: Computing semblance for m0 = 8380
 INFO: Total execution time for kernels is 6.32087s
 INFO: Computing semblance for m0 = 8400
 INFO: Total execution time for kernels is 6.52261s
 INFO: Computing semblance for m0 = 8420
 INFO: Total execution time for kernels is 6.28389s
 INFO: Computing semblance for m0 = 8440
 INFO: Total execution time for kernels is 6.27082s
 INFO: Computing semblance for m0 = 8460
 INFO: Total execution time for kernels is 6.60965s
 INFO: Computing semblance for m0 = 8480
 INFO: Total execution time for kernels is 6.32145s
 INFO: Computing semblance for m0 = 8500
 INFO: Total execution time for kernels is 6.47448s
 INFO: Computing semblance for m0 = 8520
 INFO: Total execution time for kernels is 6.27729s
 INFO: Computing semblance for m0 = 8540
 INFO: Total execution time for kernels is 6.46614s
 INFO: Computing semblance for m0 = 8560
 INFO: Total execution time for kernels is 6.56788s
 INFO: Computing semblance for m0 = 8580
 INFO: Total execution time for kernels is 6.31894s
 INFO: Computing semblance for m0 = 8600
 INFO: Total execution time for kernels is 6.28964s
 INFO: Computing semblance for m0 = 8620
 INFO: Total execution time for kernels is 6.3029s
 INFO: Computing semblance for m0 = 8640
 INFO: Total execution time for kernels is 6.59837s
 INFO: Computing semblance for m0 = 8660
 INFO: Total execution time for kernels is 6.65983s
 INFO: Computing semblance for m0 = 8680
 INFO: Total execution time for kernels is 6.63221s
 INFO: Computing semblance for m0 = 8700
 INFO: Total execution time for kernels is 6.32325s
 INFO: Computing semblance for m0 = 8720
 INFO: Total execution time for kernels is 6.28358s
 INFO: Computing semblance for m0 = 8740
 INFO: Total execution time for kernels is 6.52228s
 INFO: Computing semblance for m0 = 8760
 INFO: Total execution time for kernels is 6.27082s
 INFO: Computing semblance for m0 = 8780
 INFO: Total execution time for kernels is 6.32126s
 INFO: Computing semblance for m0 = 8800
 INFO: Total execution time for kernels is 6.61203s
 INFO: Computing semblance for m0 = 8820
 INFO: Total execution time for kernels is 6.47757s
 INFO: Computing semblance for m0 = 8840
 INFO: Total execution time for kernels is 6.27885s
 INFO: Computing semblance for m0 = 8860
 INFO: Total execution time for kernels is 6.46243s
 INFO: Computing semblance for m0 = 8880
 INFO: Total execution time for kernels is 6.57226s
 INFO: Computing semblance for m0 = 8900
 INFO: Total execution time for kernels is 6.31921s
 INFO: Computing semblance for m0 = 8920
 INFO: Total execution time for kernels is 6.28997s
 INFO: Computing semblance for m0 = 8940
 INFO: Total execution time for kernels is 6.30721s
 INFO: Computing semblance for m0 = 8960
 INFO: Total execution time for kernels is 6.59592s
 INFO: Computing semblance for m0 = 8980
 INFO: Total execution time for kernels is 6.65546s
 INFO: Computing semblance for m0 = 9000
 INFO: Total execution time for kernels is 6.65472s
 INFO: Computing semblance for m0 = 9020
 INFO: Total execution time for kernels is 6.33386s
 INFO: Computing semblance for m0 = 9040
 INFO: Total execution time for kernels is 6.2837s
 INFO: Computing semblance for m0 = 9060
 INFO: Total execution time for kernels is 6.51582s
 INFO: Computing semblance for m0 = 9080
 INFO: Total execution time for kernels is 6.27061s
 INFO: Computing semblance for m0 = 9100
 INFO: Total execution time for kernels is 6.32215s
 INFO: Computing semblance for m0 = 9120
 INFO: Total execution time for kernels is 6.61425s
 INFO: Computing semblance for m0 = 9140
 INFO: Total execution time for kernels is 6.48802s
 INFO: Computing semblance for m0 = 9160
 INFO: Total execution time for kernels is 6.27805s
 INFO: Computing semblance for m0 = 9180
 INFO: Total execution time for kernels is 6.45841s
 INFO: Computing semblance for m0 = 9200
 INFO: Total execution time for kernels is 6.57379s
 INFO: Computing semblance for m0 = 9220
 INFO: Total execution time for kernels is 6.32053s
 INFO: Computing semblance for m0 = 9240
 INFO: Total execution time for kernels is 6.26994s
 INFO: Computing semblance for m0 = 9260
 INFO: Total execution time for kernels is 6.26228s
 INFO: Computing semblance for m0 = 9280
 INFO: Total execution time for kernels is 6.52048s
 INFO: Computing semblance for m0 = 9300
 INFO: Total execution time for kernels is 6.10422s
 INFO: Computing semblance for m0 = 9320
 INFO: Total execution time for kernels is 6.53894s
 INFO: Computing semblance for m0 = 9340
 INFO: Total execution time for kernels is 6.47209s
 INFO: Computing semblance for m0 = 9360
 INFO: Total execution time for kernels is 5.99037s
 INFO: Computing semblance for m0 = 9380
 INFO: Total execution time for kernels is 5.8187s
 INFO: Computing semblance for m0 = 9400
 INFO: Total execution time for kernels is 6.13142s
 INFO: Computing semblance for m0 = 9420
 INFO: Total execution time for kernels is 5.77739s
 INFO: Computing semblance for m0 = 9440
 INFO: Total execution time for kernels is 5.39897s
 INFO: Computing semblance for m0 = 9460
 INFO: Total execution time for kernels is 5.69243s
 INFO: Computing semblance for m0 = 9480
 INFO: Total execution time for kernels is 5.92778s
 INFO: Computing semblance for m0 = 9500
 INFO: Total execution time for kernels is 5.43414s
 INFO: Computing semblance for m0 = 9520
 INFO: Total execution time for kernels is 5.36651s
 INFO: Computing semblance for m0 = 9540
 INFO: Total execution time for kernels is 4.86712s
 INFO: Computing semblance for m0 = 9560
 INFO: Total execution time for kernels is 4.74936s
 INFO: Computing semblance for m0 = 9580
 INFO: Total execution time for kernels is 5.03604s
 INFO: Computing semblance for m0 = 9600
 INFO: Total execution time for kernels is 4.83388s
 INFO: Computing semblance for m0 = 9620
 INFO: Total execution time for kernels is 4.50435s
 INFO: Computing semblance for m0 = 9640
 INFO: Total execution time for kernels is 4.05089s
 INFO: Computing semblance for m0 = 9660
 INFO: Total execution time for kernels is 4.44722s
 INFO: Computing semblance for m0 = 9680
 INFO: Total execution time for kernels is 3.91847s
 INFO: Computing semblance for m0 = 9700
 INFO: Total execution time for kernels is 4.57266s
 INFO: Computing semblance for m0 = 9720
 INFO: Total execution time for kernels is 3.91823s
 INFO: Computing semblance for m0 = 9740
 INFO: Total execution time for kernels is 3.67362s
 INFO: Computing semblance for m0 = 9760
 INFO: Total execution time for kernels is 3.50466s
 INFO: Computing semblance for m0 = 9780
 INFO: Total execution time for kernels is 2.57639s
 INFO: Computing semblance for m0 = 9800
 INFO: Total execution time for kernels is 3.48887s
 INFO: Computing semblance for m0 = 9820
 INFO: Total execution time for kernels is 3.39914s
 INFO: Computing semblance for m0 = 9840
 INFO: Total execution time for kernels is 3.19246s
 INFO: Computing semblance for m0 = 9860
 INFO: Total execution time for kernels is 2.69453s
 INFO: Computing semblance for m0 = 9880
 INFO: Total execution time for kernels is 2.8363s
 INFO: Computing semblance for m0 = 9900
 INFO: Total execution time for kernels is 3.09263s
 INFO: Computing semblance for m0 = 9920
 INFO: Total execution time for kernels is 0.579441s
 INFO: Computing semblance for m0 = 9940
 INFO: Total execution time for kernels is 0.689768s
 INFO: Total execution time for kernels is 0.501097s
 INFO: Total execution time for kernels is 0.81123s
 INFO: Total execution time for kernels is 0.961517s
 INFO: Total execution time for kernels is 1.07964s
 INFO: Total execution time for kernels is 1.20263s
 INFO: Total execution time for kernels is 1.32217s
 INFO: Total execution time for kernels is 1.83905s
 INFO: Total execution time for kernels is 1.87251s
 INFO: Total execution time for kernels is 1.64348s
 INFO: Total execution time for kernels is 0.399714s
 INFO: Total execution time for kernels is 1.47857s
 INFO: Total execution time for kernels is 2.30578s
 INFO: Total execution time for kernels is 2.53924s
 INFO: Total execution time for kernels is 2.14327s
 INFO: Total execution time for kernels is 2.12535s
 INFO: Average of efficiency is 1
 INFO: Average of interpolations_per_sec is 2.53938e+10
 INFO: Average of selected_traces is 309.888
 INFO: Average of total_selection_kernel_exec_time is 0.0126655
 INFO: Average of total_kernel_exec_time is 5.76999
 INFO: Driver init. duration is 1.00875 s
 INFO: Read gather duration is 0.116651 s
 INFO: Parse args. duration is 0.000251309 s
 INFO: Worker threads duration is 167.851 s
 INFO: Dump results duration is 0.532491 s
 INFO: Thread/block is 32
 INFO: Results written to /home/ubuntu/nfs/out/55766d4e2_master_p2.16xlarge/zocrs/greedy/cuda/simple-synthetic_2/simple-synthetic_greedy_zocrs_20210307_1818/
 INFO: It took 169.518s to compute.
