 INFO: [readGatherFromFile:119] Number of CDPs = 445
 INFO: [readGatherFromFile:120] Number of traces in the gather = 9200
 INFO: [readGatherFromFile:121] Number of samples per trace = 2502
 INFO: [initialize:24] Initializing traveltime
 INFO: [buildZeroOffsetCommonReflectionSurface:66] Upper bound for A is 0.000866025
 INFO: [buildZeroOffsetCommonReflectionSurface:67] Upper bound for B is 1.97531e-06
 INFO: [initialize:28] Factory initialized
 INFO: [create_worker:27] Device count is 0
 INFO: [parseComputeAlgorithm:28] Generations = 32
 INFO: [parseComputeAlgorithm:32] Individuals per population = 32
 INFO: [run:16] m0 = 0
 INFO: [activate:15] Activating GPU#0
 INFO: [activate:15] Activating GPU#0
 INFO: [activate:15] Activating GPU#0
 INFO: [selectTracesToBeUsedForMidpoint:113] Selecting traces for m0 = 0
 INFO: [copyOnlySelectedTracesToDevice:118] Selected 0 traces
 INFO: [copyOnlySelectedTracesToDevice:152] Copy time is 0
 INFO: [selectTracesToBeUsedForMidpoint:181] Execution time for copying traces is 1.3244e-05s
 INFO: [saveStatisticalResults:102] Total execution time for selecting traces is 7.9981e-05s
 INFO: [saveStatisticalResults:104] Total execution time for kernels is 0.00197923s
 INFO: [run:16] m0 = 1220
 INFO: [activate:15] Activating GPU#0
 INFO: [selectTracesToBeUsedForMidpoint:113] Selecting traces for m0 = 1220
 INFO: [copyOnlySelectedTracesToDevice:118] Selected 64 traces
 INFO: [copyOnlySelectedTracesToDevice:152] Copy time is 0.000624546
 INFO: [selectTracesToBeUsedForMidpoint:181] Execution time for copying traces is 0.000713711s
 INFO: [saveStatisticalResults:102] Total execution time for selecting traces is 0.000793066s
 INFO: [saveStatisticalResults:104] Total execution time for kernels is 0.0699483s
 INFO: [run:16] m0 = 1380
 INFO: [activate:15] Activating GPU#0
 INFO: [selectTracesToBeUsedForMidpoint:113] Selecting traces for m0 = 1380
 INFO: [copyOnlySelectedTracesToDevice:118] Selected 124 traces
 INFO: [copyOnlySelectedTracesToDevice:152] Copy time is 0.00124802
 INFO: [selectTracesToBeUsedForMidpoint:181] Execution time for copying traces is 0.00138654s
 INFO: [saveStatisticalResults:102] Total execution time for selecting traces is 0.0014651s
 INFO: [saveStatisticalResults:104] Total execution time for kernels is 0.124693s
 INFO: [run:16] m0 = 1540
 INFO: [activate:15] Activating GPU#0
 INFO: [selectTracesToBeUsedForMidpoint:113] Selecting traces for m0 = 1540
 INFO: [copyOnlySelectedTracesToDevice:118] Selected 184 traces
 INFO: [copyOnlySelectedTracesToDevice:152] Copy time is 0.00173913
 INFO: [selectTracesToBeUsedForMidpoint:181] Execution time for copying traces is 0.00213815s
 INFO: [saveStatisticalResults:102] Total execution time for selecting traces is 0.00222033s
 INFO: [saveStatisticalResults:104] Total execution time for kernels is 0.180474s
 INFO: [run:16] m0 = 1700
 INFO: [activate:15] Activating GPU#0
 INFO: [selectTracesToBeUsedForMidpoint:113] Selecting traces for m0 = 1700
 INFO: [copyOnlySelectedTracesToDevice:118] Selected 244 traces
 INFO: [copyOnlySelectedTracesToDevice:152] Copy time is 0.00218617
 INFO: [selectTracesToBeUsedForMidpoint:181] Execution time for copying traces is 0.00260443s
 INFO: [saveStatisticalResults:102] Total execution time for selecting traces is 0.00267952s
 INFO: [saveStatisticalResults:104] Total execution time for kernels is 0.210367s
 INFO: [run:16] m0 = 1860
 INFO: [activate:15] Activating GPU#0
 INFO: [selectTracesToBeUsedForMidpoint:113] Selecting traces for m0 = 1860
 INFO: [copyOnlySelectedTracesToDevice:118] Selected 303 traces
 INFO: [copyOnlySelectedTracesToDevice:152] Copy time is 0.00250716
 INFO: [selectTracesToBeUsedForMidpoint:181] Execution time for copying traces is 0.0029288s
 INFO: [saveStatisticalResults:102] Total execution time for selecting traces is 0.00300749s
 INFO: [saveStatisticalResults:104] Total execution time for kernels is 0.248195s
 INFO: [run:16] m0 = 2020
 INFO: [activate:15] Activating GPU#0
 INFO: [selectTracesToBeUsedForMidpoint:113] Selecting traces for m0 = 2020
 INFO: [copyOnlySelectedTracesToDevice:118] Selected 339 traces
 INFO: [copyOnlySelectedTracesToDevice:152] Copy time is 0.00274116
 INFO: [selectTracesToBeUsedForMidpoint:181] Execution time for copying traces is 0.00318109s
 INFO: [saveStatisticalResults:102] Total execution time for selecting traces is 0.00325569s
 INFO: [saveStatisticalResults:104] Total execution time for kernels is 0.327665s
 INFO: [run:16] m0 = 2180
 INFO: [activate:15] Activating GPU#0
 INFO: [selectTracesToBeUsedForMidpoint:113] Selecting traces for m0 = 2180
 INFO: [copyOnlySelectedTracesToDevice:118] Selected 345 traces
 INFO: [copyOnlySelectedTracesToDevice:152] Copy time is 0.00282443
 INFO: [selectTracesToBeUsedForMidpoint:181] Execution time for copying traces is 0.00326297s
 INFO: [saveStatisticalResults:102] Total execution time for selecting traces is 0.0033474s
 INFO: [saveStatisticalResults:104] Total execution time for kernels is 0.302266s
 INFO: [run:16] m0 = 2340
 INFO: [activate:15] Activating GPU#0
 INFO: [selectTracesToBeUsedForMidpoint:113] Selecting traces for m0 = 2340
 INFO: [copyOnlySelectedTracesToDevice:118] Selected 345 traces
 INFO: [copyOnlySelectedTracesToDevice:152] Copy time is 0.00279698
 INFO: [selectTracesToBeUsedForMidpoint:181] Execution time for copying traces is 0.0032609s
 INFO: [saveStatisticalResults:102] Total execution time for selecting traces is 0.00333577s
 INFO: [saveStatisticalResults:104] Total execution time for kernels is 0.301725s
 INFO: [run:16] m0 = 2500
 INFO: [activate:15] Activating GPU#0
 INFO: [selectTracesToBeUsedForMidpoint:113] Selecting traces for m0 = 2500
 INFO: [copyOnlySelectedTracesToDevice:118] Selected 345 traces
 INFO: [copyOnlySelectedTracesToDevice:152] Copy time is 0.00275519
 INFO: [selectTracesToBeUsedForMidpoint:181] Execution time for copying traces is 0.00318562s
 INFO: [saveStatisticalResults:102] Total execution time for selecting traces is 0.00326001s
 INFO: [saveStatisticalResults:104] Total execution time for kernels is 0.304823s
 INFO: [run:16] m0 = 2660
 INFO: [activate:15] Activating GPU#0
 INFO: [selectTracesToBeUsedForMidpoint:113] Selecting traces for m0 = 2660
 INFO: [copyOnlySelectedTracesToDevice:118] Selected 345 traces
 INFO: [copyOnlySelectedTracesToDevice:152] Copy time is 0.0027906
 INFO: [selectTracesToBeUsedForMidpoint:181] Execution time for copying traces is 0.00321548s
 INFO: [saveStatisticalResults:102] Total execution time for selecting traces is 0.0033139s
 INFO: [saveStatisticalResults:104] Total execution time for kernels is 0.299703s
 INFO: [run:16] m0 = 2820
 INFO: [activate:15] Activating GPU#0
 INFO: [selectTracesToBeUsedForMidpoint:113] Selecting traces for m0 = 2820
 INFO: [copyOnlySelectedTracesToDevice:118] Selected 345 traces
 INFO: [copyOnlySelectedTracesToDevice:152] Copy time is 0.00280267
 INFO: [selectTracesToBeUsedForMidpoint:181] Execution time for copying traces is 0.00321498s
 INFO: [saveStatisticalResults:102] Total execution time for selecting traces is 0.00329528s
 INFO: [saveStatisticalResults:104] Total execution time for kernels is 0.308117s
 INFO: [run:16] m0 = 2980
 INFO: [activate:15] Activating GPU#0
 INFO: [selectTracesToBeUsedForMidpoint:113] Selecting traces for m0 = 2980
 INFO: [copyOnlySelectedTracesToDevice:118] Selected 345 traces
 INFO: [copyOnlySelectedTracesToDevice:152] Copy time is 0.00276217
 INFO: [selectTracesToBeUsedForMidpoint:181] Execution time for copying traces is 0.00317376s
 INFO: [saveStatisticalResults:102] Total execution time for selecting traces is 0.00324974s
 INFO: [saveStatisticalResults:104] Total execution time for kernels is 0.305708s
 INFO: [run:16] m0 = 3140
 INFO: [activate:15] Activating GPU#0
 INFO: [selectTracesToBeUsedForMidpoint:113] Selecting traces for m0 = 3140
 INFO: [copyOnlySelectedTracesToDevice:118] Selected 345 traces
 INFO: [copyOnlySelectedTracesToDevice:152] Copy time is 0.00276959
 INFO: [selectTracesToBeUsedForMidpoint:181] Execution time for copying traces is 0.0031834s
 INFO: [saveStatisticalResults:102] Total execution time for selecting traces is 0.00325703s
 INFO: [saveStatisticalResults:104] Total execution time for kernels is 0.305084s
 INFO: [run:16] m0 = 3300
 INFO: [activate:15] Activating GPU#0
 INFO: [selectTracesToBeUsedForMidpoint:113] Selecting traces for m0 = 3300
 INFO: [copyOnlySelectedTracesToDevice:118] Selected 345 traces
 INFO: [copyOnlySelectedTracesToDevice:152] Copy time is 0.00280309
 INFO: [selectTracesToBeUsedForMidpoint:181] Execution time for copying traces is 0.00320543s
 INFO: [saveStatisticalResults:102] Total execution time for selecting traces is 0.00327911s
 INFO: [saveStatisticalResults:104] Total execution time for kernels is 0.291742s
 INFO: [run:16] m0 = 3460
 INFO: [activate:15] Activating GPU#0
 INFO: [selectTracesToBeUsedForMidpoint:113] Selecting traces for m0 = 3460
 INFO: [copyOnlySelectedTracesToDevice:118] Selected 345 traces
 INFO: [copyOnlySelectedTracesToDevice:152] Copy time is 0.00275087
 INFO: [selectTracesToBeUsedForMidpoint:181] Execution time for copying traces is 0.00316716s
 INFO: [saveStatisticalResults:102] Total execution time for selecting traces is 0.00326887s
 INFO: [saveStatisticalResults:104] Total execution time for kernels is 0.33049s
 INFO: [run:16] m0 = 3620
 INFO: [activate:15] Activating GPU#0
 INFO: [selectTracesToBeUsedForMidpoint:113] Selecting traces for m0 = 3620
 INFO: [copyOnlySelectedTracesToDevice:118] Selected 345 traces
 INFO: [copyOnlySelectedTracesToDevice:152] Copy time is 0.0028323
 INFO: [selectTracesToBeUsedForMidpoint:181] Execution time for copying traces is 0.00329155s
 INFO: [saveStatisticalResults:102] Total execution time for selecting traces is 0.00337121s
 INFO: [saveStatisticalResults:104] Total execution time for kernels is 0.30335s
 INFO: [run:16] m0 = 3780
 INFO: [activate:15] Activating GPU#0
 INFO: [selectTracesToBeUsedForMidpoint:113] Selecting traces for m0 = 3780
 INFO: [copyOnlySelectedTracesToDevice:118] Selected 345 traces
 INFO: [copyOnlySelectedTracesToDevice:152] Copy time is 0.00275311
 INFO: [selectTracesToBeUsedForMidpoint:181] Execution time for copying traces is 0.00319976s
 INFO: [saveStatisticalResults:102] Total execution time for selecting traces is 0.00328987s
 INFO: [saveStatisticalResults:104] Total execution time for kernels is 0.308506s
 INFO: [run:16] m0 = 3940
 INFO: [activate:15] Activating GPU#0
 INFO: [selectTracesToBeUsedForMidpoint:113] Selecting traces for m0 = 3940
 INFO: [copyOnlySelectedTracesToDevice:118] Selected 345 traces
 INFO: [copyOnlySelectedTracesToDevice:152] Copy time is 0.0027672
 INFO: [selectTracesToBeUsedForMidpoint:181] Execution time for copying traces is 0.00318948s
 INFO: [saveStatisticalResults:102] Total execution time for selecting traces is 0.00326511s
 INFO: [saveStatisticalResults:104] Total execution time for kernels is 0.31016s
 INFO: [run:16] m0 = 4100
 INFO: [activate:15] Activating GPU#0
 INFO: [selectTracesToBeUsedForMidpoint:113] Selecting traces for m0 = 4100
 INFO: [copyOnlySelectedTracesToDevice:118] Selected 345 traces
 INFO: [copyOnlySelectedTracesToDevice:152] Copy time is 0.00275313
 INFO: [selectTracesToBeUsedForMidpoint:181] Execution time for copying traces is 0.00316257s
 INFO: [saveStatisticalResults:102] Total execution time for selecting traces is 0.00323606s
 INFO: [saveStatisticalResults:104] Total execution time for kernels is 0.304803s
 INFO: [run:16] m0 = 4260
 INFO: [activate:15] Activating GPU#0
 INFO: [selectTracesToBeUsedForMidpoint:113] Selecting traces for m0 = 4260
 INFO: [copyOnlySelectedTracesToDevice:118] Selected 345 traces
 INFO: [copyOnlySelectedTracesToDevice:152] Copy time is 0.00275191
 INFO: [selectTracesToBeUsedForMidpoint:181] Execution time for copying traces is 0.00318897s
 INFO: [saveStatisticalResults:102] Total execution time for selecting traces is 0.00326574s
 INFO: [saveStatisticalResults:104] Total execution time for kernels is 0.30719s
 INFO: [run:16] m0 = 4420
 INFO: [activate:15] Activating GPU#0
 INFO: [selectTracesToBeUsedForMidpoint:113] Selecting traces for m0 = 4420
 INFO: [copyOnlySelectedTracesToDevice:118] Selected 345 traces
 INFO: [copyOnlySelectedTracesToDevice:152] Copy time is 0.00277903
 INFO: [selectTracesToBeUsedForMidpoint:181] Execution time for copying traces is 0.00320279s
 INFO: [saveStatisticalResults:102] Total execution time for selecting traces is 0.00327887s
 INFO: [saveStatisticalResults:104] Total execution time for kernels is 0.306899s
 INFO: [run:16] m0 = 4580
 INFO: [activate:15] Activating GPU#0
 INFO: [selectTracesToBeUsedForMidpoint:113] Selecting traces for m0 = 4580
 INFO: [copyOnlySelectedTracesToDevice:118] Selected 345 traces
 INFO: [copyOnlySelectedTracesToDevice:152] Copy time is 0.00283596
 INFO: [selectTracesToBeUsedForMidpoint:181] Execution time for copying traces is 0.00329494s
 INFO: [saveStatisticalResults:102] Total execution time for selecting traces is 0.00338187s
 INFO: [saveStatisticalResults:104] Total execution time for kernels is 0.305427s
 INFO: [run:16] m0 = 4740
 INFO: [activate:15] Activating GPU#0
 INFO: [selectTracesToBeUsedForMidpoint:113] Selecting traces for m0 = 4740
 INFO: [copyOnlySelectedTracesToDevice:118] Selected 345 traces
 INFO: [copyOnlySelectedTracesToDevice:152] Copy time is 0.00278634
 INFO: [selectTracesToBeUsedForMidpoint:181] Execution time for copying traces is 0.0032425s
 INFO: [saveStatisticalResults:102] Total execution time for selecting traces is 0.00332887s
 INFO: [saveStatisticalResults:104] Total execution time for kernels is 0.331526s
 INFO: [run:16] m0 = 4900
 INFO: [activate:15] Activating GPU#0
 INFO: [selectTracesToBeUsedForMidpoint:113] Selecting traces for m0 = 4900
 INFO: [copyOnlySelectedTracesToDevice:118] Selected 345 traces
 INFO: [copyOnlySelectedTracesToDevice:152] Copy time is 0.00281662
 INFO: [selectTracesToBeUsedForMidpoint:181] Execution time for copying traces is 0.00326146s
 INFO: [saveStatisticalResults:102] Total execution time for selecting traces is 0.00333342s
 INFO: [saveStatisticalResults:104] Total execution time for kernels is 0.305233s
 INFO: [run:16] m0 = 5060
 INFO: [activate:15] Activating GPU#0
 INFO: [selectTracesToBeUsedForMidpoint:113] Selecting traces for m0 = 5060
 INFO: [copyOnlySelectedTracesToDevice:118] Selected 345 traces
 INFO: [copyOnlySelectedTracesToDevice:152] Copy time is 0.00274848
 INFO: [selectTracesToBeUsedForMidpoint:181] Execution time for copying traces is 0.00316989s
 INFO: [saveStatisticalResults:102] Total execution time for selecting traces is 0.00324431s
 INFO: [saveStatisticalResults:104] Total execution time for kernels is 0.304073s
 INFO: [run:16] m0 = 5220
 INFO: [activate:15] Activating GPU#0
 INFO: [selectTracesToBeUsedForMidpoint:113] Selecting traces for m0 = 5220
 INFO: [copyOnlySelectedTracesToDevice:118] Selected 345 traces
 INFO: [copyOnlySelectedTracesToDevice:152] Copy time is 0.00276184
 INFO: [selectTracesToBeUsedForMidpoint:181] Execution time for copying traces is 0.0031885s
 INFO: [saveStatisticalResults:102] Total execution time for selecting traces is 0.00326367s
 INFO: [saveStatisticalResults:104] Total execution time for kernels is 0.306563s
 INFO: [run:16] m0 = 5380
 INFO: [activate:15] Activating GPU#0
 INFO: [selectTracesToBeUsedForMidpoint:113] Selecting traces for m0 = 5380
 INFO: [copyOnlySelectedTracesToDevice:118] Selected 345 traces
 INFO: [copyOnlySelectedTracesToDevice:152] Copy time is 0.00275256
 INFO: [selectTracesToBeUsedForMidpoint:181] Execution time for copying traces is 0.00320569s
 INFO: [saveStatisticalResults:102] Total execution time for selecting traces is 0.00329855s
 INFO: [saveStatisticalResults:104] Total execution time for kernels is 0.301943s
 INFO: [run:16] m0 = 5540
 INFO: [activate:15] Activating GPU#0
 INFO: [selectTracesToBeUsedForMidpoint:113] Selecting traces for m0 = 5540
 INFO: [copyOnlySelectedTracesToDevice:118] Selected 345 traces
 INFO: [copyOnlySelectedTracesToDevice:152] Copy time is 0.00281189
 INFO: [selectTracesToBeUsedForMidpoint:181] Execution time for copying traces is 0.00325646s
 INFO: [saveStatisticalResults:102] Total execution time for selecting traces is 0.00334652s
 INFO: [saveStatisticalResults:104] Total execution time for kernels is 0.304071s
 INFO: [run:16] m0 = 5700
 INFO: [activate:15] Activating GPU#0
 INFO: [selectTracesToBeUsedForMidpoint:113] Selecting traces for m0 = 5700
 INFO: [copyOnlySelectedTracesToDevice:118] Selected 345 traces
 INFO: [copyOnlySelectedTracesToDevice:152] Copy time is 0.00278033
 INFO: [selectTracesToBeUsedForMidpoint:181] Execution time for copying traces is 0.00321335s
 INFO: [saveStatisticalResults:102] Total execution time for selecting traces is 0.00329152s
 INFO: [saveStatisticalResults:104] Total execution time for kernels is 0.304316s
 INFO: [run:16] m0 = 5860
 INFO: [activate:15] Activating GPU#0
 INFO: [selectTracesToBeUsedForMidpoint:113] Selecting traces for m0 = 5860
 INFO: [copyOnlySelectedTracesToDevice:118] Selected 345 traces
 INFO: [copyOnlySelectedTracesToDevice:152] Copy time is 0.00275709
 INFO: [selectTracesToBeUsedForMidpoint:181] Execution time for copying traces is 0.00317916s
 INFO: [saveStatisticalResults:102] Total execution time for selecting traces is 0.00327862s
 INFO: [saveStatisticalResults:104] Total execution time for kernels is 0.298562s
 INFO: [run:16] m0 = 6020
 INFO: [activate:15] Activating GPU#0
 INFO: [selectTracesToBeUsedForMidpoint:113] Selecting traces for m0 = 6020
 INFO: [copyOnlySelectedTracesToDevice:118] Selected 345 traces
 INFO: [copyOnlySelectedTracesToDevice:152] Copy time is 0.002773
 INFO: [selectTracesToBeUsedForMidpoint:181] Execution time for copying traces is 0.00320529s
 INFO: [saveStatisticalResults:102] Total execution time for selecting traces is 0.00328102s
 INFO: [saveStatisticalResults:104] Total execution time for kernels is 0.331879s
 INFO: [run:16] m0 = 6180
 INFO: [activate:15] Activating GPU#0
 INFO: [selectTracesToBeUsedForMidpoint:113] Selecting traces for m0 = 6180
 INFO: [copyOnlySelectedTracesToDevice:118] Selected 345 traces
 INFO: [copyOnlySelectedTracesToDevice:152] Copy time is 0.00274571
 INFO: [selectTracesToBeUsedForMidpoint:181] Execution time for copying traces is 0.00318921s
 INFO: [saveStatisticalResults:102] Total execution time for selecting traces is 0.00327736s
 INFO: [saveStatisticalResults:104] Total execution time for kernels is 0.30478s
 INFO: [run:16] m0 = 6340
 INFO: [activate:15] Activating GPU#0
 INFO: [selectTracesToBeUsedForMidpoint:113] Selecting traces for m0 = 6340
 INFO: [copyOnlySelectedTracesToDevice:118] Selected 345 traces
 INFO: [copyOnlySelectedTracesToDevice:152] Copy time is 0.00275645
 INFO: [selectTracesToBeUsedForMidpoint:181] Execution time for copying traces is 0.00317957s
 INFO: [saveStatisticalResults:102] Total execution time for selecting traces is 0.00326898s
 INFO: [saveStatisticalResults:104] Total execution time for kernels is 0.305272s
 INFO: [run:16] m0 = 6500
 INFO: [activate:15] Activating GPU#0
 INFO: [selectTracesToBeUsedForMidpoint:113] Selecting traces for m0 = 6500
 INFO: [copyOnlySelectedTracesToDevice:118] Selected 345 traces
 INFO: [copyOnlySelectedTracesToDevice:152] Copy time is 0.00275624
 INFO: [selectTracesToBeUsedForMidpoint:181] Execution time for copying traces is 0.00316814s
 INFO: [saveStatisticalResults:102] Total execution time for selecting traces is 0.00324172s
 INFO: [saveStatisticalResults:104] Total execution time for kernels is 0.305746s
 INFO: [run:16] m0 = 6660
 INFO: [activate:15] Activating GPU#0
 INFO: [selectTracesToBeUsedForMidpoint:113] Selecting traces for m0 = 6660
 INFO: [copyOnlySelectedTracesToDevice:118] Selected 345 traces
 INFO: [copyOnlySelectedTracesToDevice:152] Copy time is 0.00278366
 INFO: [selectTracesToBeUsedForMidpoint:181] Execution time for copying traces is 0.00320042s
 INFO: [saveStatisticalResults:102] Total execution time for selecting traces is 0.00327305s
 INFO: [saveStatisticalResults:104] Total execution time for kernels is 0.306549s
 INFO: [run:16] m0 = 6820
 INFO: [activate:15] Activating GPU#0
 INFO: [selectTracesToBeUsedForMidpoint:113] Selecting traces for m0 = 6820
 INFO: [copyOnlySelectedTracesToDevice:118] Selected 345 traces
 INFO: [copyOnlySelectedTracesToDevice:152] Copy time is 0.00278674
 INFO: [selectTracesToBeUsedForMidpoint:181] Execution time for copying traces is 0.00320341s
 INFO: [saveStatisticalResults:102] Total execution time for selecting traces is 0.00328459s
 INFO: [saveStatisticalResults:104] Total execution time for kernels is 0.303437s
 INFO: [run:16] m0 = 6980
 INFO: [activate:15] Activating GPU#0
 INFO: [selectTracesToBeUsedForMidpoint:113] Selecting traces for m0 = 6980
 INFO: [copyOnlySelectedTracesToDevice:118] Selected 345 traces
 INFO: [copyOnlySelectedTracesToDevice:152] Copy time is 0.00277223
 INFO: [selectTracesToBeUsedForMidpoint:181] Execution time for copying traces is 0.00318424s
 INFO: [saveStatisticalResults:102] Total execution time for selecting traces is 0.00325715s
 INFO: [saveStatisticalResults:104] Total execution time for kernels is 0.302926s
 INFO: [run:16] m0 = 7140
 INFO: [activate:15] Activating GPU#0
 INFO: [selectTracesToBeUsedForMidpoint:113] Selecting traces for m0 = 7140
 INFO: [copyOnlySelectedTracesToDevice:118] Selected 345 traces
 INFO: [copyOnlySelectedTracesToDevice:152] Copy time is 0.00275117
 INFO: [selectTracesToBeUsedForMidpoint:181] Execution time for copying traces is 0.00320095s
 INFO: [saveStatisticalResults:102] Total execution time for selecting traces is 0.00328415s
 INFO: [saveStatisticalResults:104] Total execution time for kernels is 0.307107s
 INFO: [run:16] m0 = 7300
 INFO: [activate:15] Activating GPU#0
 INFO: [selectTracesToBeUsedForMidpoint:113] Selecting traces for m0 = 7300
 INFO: [copyOnlySelectedTracesToDevice:118] Selected 345 traces
 INFO: [copyOnlySelectedTracesToDevice:152] Copy time is 0.00280284
 INFO: [selectTracesToBeUsedForMidpoint:181] Execution time for copying traces is 0.00322124s
 INFO: [saveStatisticalResults:102] Total execution time for selecting traces is 0.0032978s
 INFO: [saveStatisticalResults:104] Total execution time for kernels is 0.335631s
 INFO: [run:16] m0 = 7460
 INFO: [activate:15] Activating GPU#0
 INFO: [selectTracesToBeUsedForMidpoint:113] Selecting traces for m0 = 7460
 INFO: [copyOnlySelectedTracesToDevice:118] Selected 345 traces
 INFO: [copyOnlySelectedTracesToDevice:152] Copy time is 0.00275067
 INFO: [selectTracesToBeUsedForMidpoint:181] Execution time for copying traces is 0.00316867s
 INFO: [saveStatisticalResults:102] Total execution time for selecting traces is 0.00324309s
 INFO: [saveStatisticalResults:104] Total execution time for kernels is 0.305397s
 INFO: [run:16] m0 = 7620
 INFO: [activate:15] Activating GPU#0
 INFO: [selectTracesToBeUsedForMidpoint:113] Selecting traces for m0 = 7620
 INFO: [copyOnlySelectedTracesToDevice:118] Selected 345 traces
 INFO: [copyOnlySelectedTracesToDevice:152] Copy time is 0.00275672
 INFO: [selectTracesToBeUsedForMidpoint:181] Execution time for copying traces is 0.0032355s
 INFO: [saveStatisticalResults:102] Total execution time for selecting traces is 0.00331443s
 INFO: [saveStatisticalResults:104] Total execution time for kernels is 0.299723s
 INFO: [run:16] m0 = 7780
 INFO: [activate:15] Activating GPU#0
 INFO: [selectTracesToBeUsedForMidpoint:113] Selecting traces for m0 = 7780
 INFO: [copyOnlySelectedTracesToDevice:118] Selected 345 traces
 INFO: [copyOnlySelectedTracesToDevice:152] Copy time is 0.00285158
 INFO: [selectTracesToBeUsedForMidpoint:181] Execution time for copying traces is 0.00327936s
 INFO: [saveStatisticalResults:102] Total execution time for selecting traces is 0.00335473s
 INFO: [saveStatisticalResults:104] Total execution time for kernels is 0.304308s
 INFO: [run:16] m0 = 7940
 INFO: [activate:15] Activating GPU#0
 INFO: [selectTracesToBeUsedForMidpoint:113] Selecting traces for m0 = 7940
 INFO: [copyOnlySelectedTracesToDevice:118] Selected 345 traces
 INFO: [copyOnlySelectedTracesToDevice:152] Copy time is 0.00276762
 INFO: [selectTracesToBeUsedForMidpoint:181] Execution time for copying traces is 0.00318082s
 INFO: [saveStatisticalResults:102] Total execution time for selecting traces is 0.00326002s
 INFO: [saveStatisticalResults:104] Total execution time for kernels is 0.301449s
 INFO: [run:16] m0 = 8100
 INFO: [activate:15] Activating GPU#0
 INFO: [selectTracesToBeUsedForMidpoint:113] Selecting traces for m0 = 8100
 INFO: [copyOnlySelectedTracesToDevice:118] Selected 345 traces
 INFO: [copyOnlySelectedTracesToDevice:152] Copy time is 0.00277949
 INFO: [selectTracesToBeUsedForMidpoint:181] Execution time for copying traces is 0.00319933s
 INFO: [saveStatisticalResults:102] Total execution time for selecting traces is 0.00328616s
 INFO: [saveStatisticalResults:104] Total execution time for kernels is 0.305258s
 INFO: [run:16] m0 = 8260
 INFO: [activate:15] Activating GPU#0
 INFO: [selectTracesToBeUsedForMidpoint:113] Selecting traces for m0 = 8260
 INFO: [copyOnlySelectedTracesToDevice:118] Selected 345 traces
 INFO: [copyOnlySelectedTracesToDevice:152] Copy time is 0.00275622
 INFO: [selectTracesToBeUsedForMidpoint:181] Execution time for copying traces is 0.00317816s
 INFO: [saveStatisticalResults:102] Total execution time for selecting traces is 0.00325103s
 INFO: [saveStatisticalResults:104] Total execution time for kernels is 0.304048s
 INFO: [run:16] m0 = 8420
 INFO: [activate:15] Activating GPU#0
 INFO: [selectTracesToBeUsedForMidpoint:113] Selecting traces for m0 = 8420
 INFO: [copyOnlySelectedTracesToDevice:118] Selected 345 traces
 INFO: [copyOnlySelectedTracesToDevice:152] Copy time is 0.00277369
 INFO: [selectTracesToBeUsedForMidpoint:181] Execution time for copying traces is 0.003231s
 INFO: [saveStatisticalResults:102] Total execution time for selecting traces is 0.00330368s
 INFO: [saveStatisticalResults:104] Total execution time for kernels is 0.29834s
 INFO: [run:16] m0 = 8580
 INFO: [activate:15] Activating GPU#0
 INFO: [selectTracesToBeUsedForMidpoint:113] Selecting traces for m0 = 8580
 INFO: [copyOnlySelectedTracesToDevice:118] Selected 345 traces
 INFO: [copyOnlySelectedTracesToDevice:152] Copy time is 0.00276819
 INFO: [selectTracesToBeUsedForMidpoint:181] Execution time for copying traces is 0.00318807s
 INFO: [saveStatisticalResults:102] Total execution time for selecting traces is 0.00325963s
 INFO: [saveStatisticalResults:104] Total execution time for kernels is 0.319241s
 INFO: [run:16] m0 = 8740
 INFO: [activate:15] Activating GPU#0
 INFO: [selectTracesToBeUsedForMidpoint:113] Selecting traces for m0 = 8740
 INFO: [copyOnlySelectedTracesToDevice:118] Selected 345 traces
 INFO: [copyOnlySelectedTracesToDevice:152] Copy time is 0.00279875
 INFO: [selectTracesToBeUsedForMidpoint:181] Execution time for copying traces is 0.0032214s
 INFO: [saveStatisticalResults:102] Total execution time for selecting traces is 0.00330429s
 INFO: [saveStatisticalResults:104] Total execution time for kernels is 0.303126s
 INFO: [run:16] m0 = 8900
 INFO: [activate:15] Activating GPU#0
 INFO: [selectTracesToBeUsedForMidpoint:113] Selecting traces for m0 = 8900
 INFO: [copyOnlySelectedTracesToDevice:118] Selected 345 traces
 INFO: [copyOnlySelectedTracesToDevice:152] Copy time is 0.00278759
 INFO: [selectTracesToBeUsedForMidpoint:181] Execution time for copying traces is 0.00320311s
 INFO: [saveStatisticalResults:102] Total execution time for selecting traces is 0.00327433s
 INFO: [saveStatisticalResults:104] Total execution time for kernels is 0.305448s
 INFO: [run:16] m0 = 9060
 INFO: [activate:15] Activating GPU#0
 INFO: [selectTracesToBeUsedForMidpoint:113] Selecting traces for m0 = 9060
 INFO: [copyOnlySelectedTracesToDevice:118] Selected 329 traces
 INFO: [copyOnlySelectedTracesToDevice:152] Copy time is 0.00266403
 INFO: [selectTracesToBeUsedForMidpoint:181] Execution time for copying traces is 0.00310183s
 INFO: [saveStatisticalResults:102] Total execution time for selecting traces is 0.00317743s
 INFO: [saveStatisticalResults:104] Total execution time for kernels is 0.282s
 INFO: [run:16] m0 = 9220
 INFO: [activate:15] Activating GPU#0
 INFO: [selectTracesToBeUsedForMidpoint:113] Selecting traces for m0 = 9220
 INFO: [copyOnlySelectedTracesToDevice:118] Selected 281 traces
 INFO: [copyOnlySelectedTracesToDevice:152] Copy time is 0.00225693
 INFO: [selectTracesToBeUsedForMidpoint:181] Execution time for copying traces is 0.00265603s
 INFO: [saveStatisticalResults:102] Total execution time for selecting traces is 0.0027285s
 INFO: [saveStatisticalResults:104] Total execution time for kernels is 0.234242s
 INFO: [run:16] m0 = 9380
 INFO: [activate:15] Activating GPU#0
 INFO: [selectTracesToBeUsedForMidpoint:113] Selecting traces for m0 = 9380
 INFO: [copyOnlySelectedTracesToDevice:118] Selected 221 traces
 INFO: [copyOnlySelectedTracesToDevice:152] Copy time is 0.00175333
 INFO: [selectTracesToBeUsedForMidpoint:181] Execution time for copying traces is 0.00216968s
 INFO: [saveStatisticalResults:102] Total execution time for selecting traces is 0.00224694s
 INFO: [saveStatisticalResults:104] Total execution time for kernels is 0.176462s
 INFO: [run:16] m0 = 9540
 INFO: [activate:15] Activating GPU#0
 INFO: [selectTracesToBeUsedForMidpoint:113] Selecting traces for m0 = 9540
 INFO: [copyOnlySelectedTracesToDevice:118] Selected 161 traces
 INFO: [copyOnlySelectedTracesToDevice:152] Copy time is 0.00133324
 INFO: [selectTracesToBeUsedForMidpoint:181] Execution time for copying traces is 0.00174918s
 INFO: [saveStatisticalResults:102] Total execution time for selecting traces is 0.00182767s
 INFO: [saveStatisticalResults:104] Total execution time for kernels is 0.115587s
 INFO: [run:16] m0 = 9700
 INFO: [activate:15] Activating GPU#0
 INFO: [selectTracesToBeUsedForMidpoint:113] Selecting traces for m0 = 9700
 INFO: [copyOnlySelectedTracesToDevice:118] Selected 101 traces
 INFO: [copyOnlySelectedTracesToDevice:152] Copy time is 0.000974198
 INFO: [selectTracesToBeUsedForMidpoint:181] Execution time for copying traces is 0.00124067s
 INFO: [saveStatisticalResults:102] Total execution time for selecting traces is 0.00132995s
 INFO: [saveStatisticalResults:104] Total execution time for kernels is 0.0848437s
 INFO: [run:16] m0 = 9860
 INFO: [activate:15] Activating GPU#0
 INFO: [selectTracesToBeUsedForMidpoint:113] Selecting traces for m0 = 9860
 INFO: [copyOnlySelectedTracesToDevice:118] Selected 42 traces
 INFO: [copyOnlySelectedTracesToDevice:152] Copy time is 0.00037633
 INFO: [selectTracesToBeUsedForMidpoint:181] Execution time for copying traces is 0.000505197s
 INFO: [saveStatisticalResults:102] Total execution time for selecting traces is 0.00059347s
 INFO: [saveStatisticalResults:104] Total execution time for kernels is 0.0338688s
 INFO: [run:16] m0 = 9880
 INFO: [activate:15] Activating GPU#0
 INFO: [selectTracesToBeUsedForMidpoint:113] Selecting traces for m0 = 9880
 INFO: [copyOnlySelectedTracesToDevice:118] Selected 36 traces
 INFO: [copyOnlySelectedTracesToDevice:152] Copy time is 0.000319193
 INFO: [selectTracesToBeUsedForMidpoint:181] Execution time for copying traces is 0.000420564s
 INFO: [saveStatisticalResults:102] Total execution time for selecting traces is 0.000494883s
 INFO: [saveStatisticalResults:104] Total execution time for kernels is 0.0291701s
