 INFO: Number of CDPs = 445
 INFO: Number of traces in the gather = 9200
 INFO: Number of samples per trace = 2502
 INFO: Starting worker threads...
 INFO: Computing semblance for m0 = 0
 INFO: Computing semblance for m0 = 1080
 INFO: Computing semblance for m0 = 1100
 INFO: Computing semblance for m0 = 1120
 INFO: Computing semblance for m0 = 1140
 INFO: Computing semblance for m0 = 1160
 INFO: Computing semblance for m0 = 1180
 INFO: Computing semblance for m0 = 1200
 INFO: Total execution time for kernels is 0.00386524s
 INFO: Computing semblance for m0 = 1220
 INFO: Total execution time for kernels is 0.301892s
 INFO: Computing semblance for m0 = 1240
 INFO: Total execution time for kernels is 0.307373s
 INFO: Computing semblance for m0 = 1260
 INFO: Total execution time for kernels is 0.33447s
 INFO: Computing semblance for m0 = 1280
 INFO: Total execution time for kernels is 0.340616s
 INFO: Computing semblance for m0 = 1300
 INFO: Total execution time for kernels is 0.363848s
 INFO: Computing semblance for m0 = 1320
 INFO: Total execution time for kernels is 0.383104s
 INFO: Computing semblance for m0 = 1340
 INFO: Total execution time for kernels is 0.393196s
 INFO: Computing semblance for m0 = 1360
 INFO: Total execution time for kernels is 0.367859s
 INFO: Computing semblance for m0 = 1380
 INFO: Total execution time for kernels is 0.33052s
 INFO: Computing semblance for m0 = 1400
 INFO: Total execution time for kernels is 0.335185s
 INFO: Computing semblance for m0 = 1420
 INFO: Total execution time for kernels is 0.362237s
 INFO: Computing semblance for m0 = 1440
 INFO: Total execution time for kernels is 0.36383s
 INFO: Computing semblance for m0 = 1460
 INFO: Total execution time for kernels is 0.390327s
 INFO: Computing semblance for m0 = 1480
 INFO: Total execution time for kernels is 0.40641s
 INFO: Computing semblance for m0 = 1500
 INFO: Total execution time for kernels is 0.416256s
 INFO: Computing semblance for m0 = 1520
 INFO: Total execution time for kernels is 0.42649s
 INFO: Computing semblance for m0 = 1540
 INFO: Total execution time for kernels is 0.469629s
 INFO: Computing semblance for m0 = 1560
 INFO: Total execution time for kernels is 0.48634s
 INFO: Computing semblance for m0 = 1580
 INFO: Total execution time for kernels is 0.524834s
 INFO: Computing semblance for m0 = 1600
 INFO: Total execution time for kernels is 0.533812s
 INFO: Computing semblance for m0 = 1620
 INFO: Total execution time for kernels is 0.579217s
 INFO: Computing semblance for m0 = 1640
 INFO: Total execution time for kernels is 0.59909s
 INFO: Computing semblance for m0 = 1660
 INFO: Total execution time for kernels is 0.632606s
 INFO: Computing semblance for m0 = 1680
 INFO: Total execution time for kernels is 0.678117s
 INFO: Computing semblance for m0 = 1700
 INFO: Total execution time for kernels is 0.754725s
 INFO: Computing semblance for m0 = 1720
 INFO: Total execution time for kernels is 0.769962s
 INFO: Computing semblance for m0 = 1740
 INFO: Total execution time for kernels is 0.820767s
 INFO: Computing semblance for m0 = 1760
 INFO: Total execution time for kernels is 0.818839s
 INFO: Computing semblance for m0 = 1780
 INFO: Total execution time for kernels is 0.877906s
 INFO: Computing semblance for m0 = 1800
 INFO: Total execution time for kernels is 0.884407s
 INFO: Computing semblance for m0 = 1820
 INFO: Total execution time for kernels is 0.932281s
 INFO: Computing semblance for m0 = 1840
 INFO: Total execution time for kernels is 0.968846s
 INFO: Computing semblance for m0 = 1860
 INFO: Total execution time for kernels is 1.06796s
 INFO: Computing semblance for m0 = 1880
 INFO: Total execution time for kernels is 1.07853s
 INFO: Computing semblance for m0 = 1900
 INFO: Total execution time for kernels is 1.11251s
 INFO: Computing semblance for m0 = 1920
 INFO: Total execution time for kernels is 1.13102s
 INFO: Computing semblance for m0 = 1940
 INFO: Total execution time for kernels is 1.18992s
 INFO: Computing semblance for m0 = 1960
 INFO: Total execution time for kernels is 1.19378s
 INFO: Computing semblance for m0 = 1980
 INFO: Total execution time for kernels is 1.23394s
 INFO: Computing semblance for m0 = 2000
 INFO: Total execution time for kernels is 1.26598s
 INFO: Computing semblance for m0 = 2020
 INFO: Total execution time for kernels is 1.38588s
 INFO: Computing semblance for m0 = 2040
 INFO: Total execution time for kernels is 1.37289s
 INFO: Computing semblance for m0 = 2060
 INFO: Total execution time for kernels is 1.34099s
 INFO: Computing semblance for m0 = 2080
 INFO: Total execution time for kernels is 1.44716s
 INFO: Computing semblance for m0 = 2100
 INFO: Total execution time for kernels is 1.4428s
 INFO: Computing semblance for m0 = 2120
 INFO: Total execution time for kernels is 1.40805s
 INFO: Computing semblance for m0 = 2140
 INFO: Total execution time for kernels is 1.4257s
 INFO: Computing semblance for m0 = 2160
 INFO: Total execution time for kernels is 1.44445s
 INFO: Computing semblance for m0 = 2180
 INFO: Total execution time for kernels is 1.51526s
 INFO: Computing semblance for m0 = 2200
 INFO: Total execution time for kernels is 1.56158s
 INFO: Computing semblance for m0 = 2220
 INFO: Total execution time for kernels is 1.45417s
 INFO: Computing semblance for m0 = 2240
 INFO: Total execution time for kernels is 1.54939s
 INFO: Computing semblance for m0 = 2260
 INFO: Total execution time for kernels is 1.47198s
 INFO: Computing semblance for m0 = 2280
 INFO: Total execution time for kernels is 1.52843s
 INFO: Computing semblance for m0 = 2300
 INFO: Total execution time for kernels is 1.46742s
 INFO: Computing semblance for m0 = 2320
 INFO: Total execution time for kernels is 1.47481s
 INFO: Computing semblance for m0 = 2340
 INFO: Total execution time for kernels is 1.52261s
 INFO: Computing semblance for m0 = 2360
 INFO: Total execution time for kernels is 1.46852s
 INFO: Computing semblance for m0 = 2380
 INFO: Total execution time for kernels is 1.58675s
 INFO: Computing semblance for m0 = 2400
 INFO: Total execution time for kernels is 1.55754s
 INFO: Computing semblance for m0 = 2420
 INFO: Total execution time for kernels is 1.46787s
 INFO: Computing semblance for m0 = 2440
 INFO: Total execution time for kernels is 1.52889s
 INFO: Computing semblance for m0 = 2460
 INFO: Total execution time for kernels is 1.46864s
 INFO: Computing semblance for m0 = 2480
 INFO: Total execution time for kernels is 1.4798s
 INFO: Computing semblance for m0 = 2500
 INFO: Total execution time for kernels is 1.47756s
 INFO: Computing semblance for m0 = 2520
 INFO: Total execution time for kernels is 1.53434s
 INFO: Computing semblance for m0 = 2540
 INFO: Total execution time for kernels is 1.58203s
 INFO: Computing semblance for m0 = 2560
 INFO: Total execution time for kernels is 1.47504s
 INFO: Computing semblance for m0 = 2580
 INFO: Total execution time for kernels is 1.56952s
 INFO: Computing semblance for m0 = 2600
 INFO: Total execution time for kernels is 1.475s
 INFO: Computing semblance for m0 = 2620
 INFO: Total execution time for kernels is 1.53683s
 INFO: Computing semblance for m0 = 2640
 INFO: Total execution time for kernels is 1.49046s
 INFO: Computing semblance for m0 = 2660
 INFO: Total execution time for kernels is 1.48037s
 INFO: Computing semblance for m0 = 2680
 INFO: Total execution time for kernels is 1.53599s
 INFO: Computing semblance for m0 = 2700
 INFO: Total execution time for kernels is 1.58143s
 INFO: Computing semblance for m0 = 2720
 INFO: Total execution time for kernels is 1.47813s
 INFO: Computing semblance for m0 = 2740
 INFO: Total execution time for kernels is 1.56125s
 INFO: Computing semblance for m0 = 2760
 INFO: Total execution time for kernels is 1.48731s
 INFO: Computing semblance for m0 = 2780
 INFO: Total execution time for kernels is 1.53639s
 INFO: Computing semblance for m0 = 2800
 INFO: Total execution time for kernels is 1.49236s
 INFO: Computing semblance for m0 = 2820
 INFO: Total execution time for kernels is 1.48093s
 INFO: Computing semblance for m0 = 2840
 INFO: Total execution time for kernels is 1.54391s
 INFO: Computing semblance for m0 = 2860
 INFO: Total execution time for kernels is 1.58512s
 INFO: Computing semblance for m0 = 2880
 INFO: Total execution time for kernels is 1.47911s
 INFO: Computing semblance for m0 = 2900
 INFO: Total execution time for kernels is 1.48079s
 INFO: Computing semblance for m0 = 2920
 INFO: Total execution time for kernels is 1.57863s
 INFO: Computing semblance for m0 = 2940
 INFO: Total execution time for kernels is 1.53315s
 INFO: Computing semblance for m0 = 2960
 INFO: Total execution time for kernels is 1.48814s
 INFO: Computing semblance for m0 = 2980
 INFO: Total execution time for kernels is 1.4852s
 INFO: Computing semblance for m0 = 3000
 INFO: Total execution time for kernels is 1.53951s
 INFO: Computing semblance for m0 = 3020
 INFO: Total execution time for kernels is 1.48305s
 INFO: Computing semblance for m0 = 3040
 INFO: Total execution time for kernels is 1.59517s
 INFO: Computing semblance for m0 = 3060
 INFO: Total execution time for kernels is 1.47743s
 INFO: Computing semblance for m0 = 3080
 INFO: Total execution time for kernels is 1.56676s
 INFO: Computing semblance for m0 = 3100
 INFO: Total execution time for kernels is 1.52917s
 INFO: Computing semblance for m0 = 3120
 INFO: Total execution time for kernels is 1.48286s
 INFO: Computing semblance for m0 = 3140
 INFO: Total execution time for kernels is 1.47342s
 INFO: Computing semblance for m0 = 3160
 INFO: Total execution time for kernels is 1.52906s
 INFO: Computing semblance for m0 = 3180
 INFO: Total execution time for kernels is 1.4658s
 INFO: Computing semblance for m0 = 3200
 INFO: Total execution time for kernels is 1.47776s
 INFO: Computing semblance for m0 = 3220
 INFO: Total execution time for kernels is 1.59137s
 INFO: Computing semblance for m0 = 3240
 INFO: Total execution time for kernels is 1.53182s
 INFO: Computing semblance for m0 = 3260
 INFO: Total execution time for kernels is 1.57259s
 INFO: Computing semblance for m0 = 3280
 INFO: Total execution time for kernels is 1.49294s
 INFO: Computing semblance for m0 = 3300
 INFO: Total execution time for kernels is 1.48176s
 INFO: Computing semblance for m0 = 3320
 INFO: Total execution time for kernels is 1.53241s
 INFO: Computing semblance for m0 = 3340
 INFO: Total execution time for kernels is 1.46965s
 INFO: Computing semblance for m0 = 3360
 INFO: Total execution time for kernels is 1.47461s
 INFO: Computing semblance for m0 = 3380
 INFO: Total execution time for kernels is 1.58753s
 INFO: Computing semblance for m0 = 3400
 INFO: Total execution time for kernels is 1.48388s
 INFO: Computing semblance for m0 = 3420
 INFO: Total execution time for kernels is 1.53235s
 INFO: Computing semblance for m0 = 3440
 INFO: Total execution time for kernels is 1.56124s
 INFO: Computing semblance for m0 = 3460
 INFO: Total execution time for kernels is 1.47026s
 INFO: Computing semblance for m0 = 3480
 INFO: Total execution time for kernels is 1.46829s
 INFO: Computing semblance for m0 = 3500
 INFO: Total execution time for kernels is 1.52726s
 INFO: Computing semblance for m0 = 3520
 INFO: Total execution time for kernels is 1.46998s
 INFO: Computing semblance for m0 = 3540
 INFO: Total execution time for kernels is 1.48497s
 INFO: Computing semblance for m0 = 3560
 INFO: Total execution time for kernels is 1.58412s
 INFO: Computing semblance for m0 = 3580
 INFO: Total execution time for kernels is 1.52807s
 INFO: Computing semblance for m0 = 3600
 INFO: Total execution time for kernels is 1.55601s
 INFO: Computing semblance for m0 = 3620
 INFO: Total execution time for kernels is 1.47536s
 INFO: Computing semblance for m0 = 3640
 INFO: Total execution time for kernels is 1.47815s
 INFO: Computing semblance for m0 = 3660
 INFO: Total execution time for kernels is 1.52354s
 INFO: Computing semblance for m0 = 3680
 INFO: Total execution time for kernels is 1.46142s
 INFO: Computing semblance for m0 = 3700
 INFO: Total execution time for kernels is 1.47917s
 INFO: Computing semblance for m0 = 3720
 INFO: Total execution time for kernels is 1.51105s
 INFO: Computing semblance for m0 = 3740
 INFO: Total execution time for kernels is 1.57237s
 INFO: Computing semblance for m0 = 3760
 INFO: Total execution time for kernels is 1.55346s
 INFO: Computing semblance for m0 = 3780
 INFO: Total execution time for kernels is 1.46821s
 INFO: Computing semblance for m0 = 3800
 INFO: Total execution time for kernels is 1.46479s
 INFO: Computing semblance for m0 = 3820
 INFO: Total execution time for kernels is 1.51571s
 INFO: Computing semblance for m0 = 3840
 INFO: Total execution time for kernels is 1.45925s
 INFO: Computing semblance for m0 = 3860
 INFO: Total execution time for kernels is 1.47814s
 INFO: Computing semblance for m0 = 3880
 INFO: Total execution time for kernels is 1.52487s
 INFO: Computing semblance for m0 = 3900
 INFO: Total execution time for kernels is 1.58049s
 INFO: Computing semblance for m0 = 3920
 INFO: Total execution time for kernels is 1.54994s
 INFO: Computing semblance for m0 = 3940
 INFO: Total execution time for kernels is 1.4665s
 INFO: Computing semblance for m0 = 3960
 INFO: Total execution time for kernels is 1.47066s
 INFO: Computing semblance for m0 = 3980
 INFO: Total execution time for kernels is 1.46794s
 INFO: Computing semblance for m0 = 4000
 INFO: Total execution time for kernels is 1.51978s
 INFO: Computing semblance for m0 = 4020
 INFO: Total execution time for kernels is 1.47621s
 INFO: Computing semblance for m0 = 4040
 INFO: Total execution time for kernels is 1.52224s
 INFO: Computing semblance for m0 = 4060
 INFO: Total execution time for kernels is 1.5745s
 INFO: Computing semblance for m0 = 4080
 INFO: Total execution time for kernels is 1.55585s
 INFO: Computing semblance for m0 = 4100
 INFO: Total execution time for kernels is 1.47065s
 INFO: Computing semblance for m0 = 4120
 INFO: Total execution time for kernels is 1.46254s
 INFO: Computing semblance for m0 = 4140
 INFO: Total execution time for kernels is 1.45724s
 INFO: Computing semblance for m0 = 4160
 INFO: Total execution time for kernels is 1.52007s
 INFO: Computing semblance for m0 = 4180
 INFO: Total execution time for kernels is 1.46483s
 INFO: Computing semblance for m0 = 4200
 INFO: Total execution time for kernels is 1.52724s
 INFO: Computing semblance for m0 = 4220
 INFO: Total execution time for kernels is 1.57816s
 INFO: Computing semblance for m0 = 4240
 INFO: Total execution time for kernels is 1.55533s
 INFO: Computing semblance for m0 = 4260
 INFO: Total execution time for kernels is 1.47023s
 INFO: Computing semblance for m0 = 4280
 INFO: Total execution time for kernels is 1.46908s
 INFO: Computing semblance for m0 = 4300
 INFO: Total execution time for kernels is 1.46065s
 INFO: Computing semblance for m0 = 4320
 INFO: Total execution time for kernels is 1.52303s
 INFO: Computing semblance for m0 = 4340
 INFO: Total execution time for kernels is 1.47705s
 INFO: Computing semblance for m0 = 4360
 INFO: Total execution time for kernels is 1.52752s
 INFO: Computing semblance for m0 = 4380
 INFO: Total execution time for kernels is 1.58882s
 INFO: Computing semblance for m0 = 4400
 INFO: Total execution time for kernels is 1.56609s
 INFO: Computing semblance for m0 = 4420
 INFO: Total execution time for kernels is 1.47757s
 INFO: Computing semblance for m0 = 4440
 INFO: Total execution time for kernels is 1.47643s
 INFO: Computing semblance for m0 = 4460
 INFO: Total execution time for kernels is 1.46376s
 INFO: Computing semblance for m0 = 4480
 INFO: Total execution time for kernels is 1.53163s
 INFO: Computing semblance for m0 = 4500
 INFO: Total execution time for kernels is 1.48565s
 INFO: Computing semblance for m0 = 4520
 INFO: Total execution time for kernels is 1.53443s
 INFO: Computing semblance for m0 = 4540
 INFO: Total execution time for kernels is 1.57049s
 INFO: Computing semblance for m0 = 4560
 INFO: Total execution time for kernels is 1.58949s
 INFO: Computing semblance for m0 = 4580
 INFO: Total execution time for kernels is 1.4766s
 INFO: Computing semblance for m0 = 4600
 INFO: Total execution time for kernels is 1.48387s
 INFO: Computing semblance for m0 = 4620
 INFO: Total execution time for kernels is 1.47429s
 INFO: Computing semblance for m0 = 4640
 INFO: Total execution time for kernels is 1.53144s
 INFO: Computing semblance for m0 = 4660
 INFO: Total execution time for kernels is 1.47181s
 INFO: Computing semblance for m0 = 4680
 INFO: Total execution time for kernels is 1.52564s
 INFO: Computing semblance for m0 = 4700
 INFO: Total execution time for kernels is 1.46857s
 INFO: Computing semblance for m0 = 4720
 INFO: Total execution time for kernels is 1.55317s
 INFO: Computing semblance for m0 = 4740
 INFO: Total execution time for kernels is 1.59381s
 INFO: Computing semblance for m0 = 4760
 INFO: Total execution time for kernels is 1.46222s
 INFO: Computing semblance for m0 = 4780
 INFO: Total execution time for kernels is 1.44953s
 INFO: Computing semblance for m0 = 4800
 INFO: Total execution time for kernels is 1.51856s
 INFO: Computing semblance for m0 = 4820
 INFO: Total execution time for kernels is 1.46447s
 INFO: Computing semblance for m0 = 4840
 INFO: Total execution time for kernels is 1.51423s
 INFO: Computing semblance for m0 = 4860
 INFO: Total execution time for kernels is 1.46684s
 INFO: Computing semblance for m0 = 4880
 INFO: Total execution time for kernels is 1.55777s
 INFO: Computing semblance for m0 = 4900
 INFO: Total execution time for kernels is 1.58789s
 INFO: Computing semblance for m0 = 4920
 INFO: Total execution time for kernels is 1.47566s
 INFO: Computing semblance for m0 = 4940
 INFO: Total execution time for kernels is 1.47085s
 INFO: Computing semblance for m0 = 4960
 INFO: Total execution time for kernels is 1.53602s
 INFO: Computing semblance for m0 = 4980
 INFO: Total execution time for kernels is 1.4878s
 INFO: Computing semblance for m0 = 5000
 INFO: Total execution time for kernels is 1.54275s
 INFO: Computing semblance for m0 = 5020
 INFO: Total execution time for kernels is 1.48994s
 INFO: Computing semblance for m0 = 5040
 INFO: Total execution time for kernels is 1.57334s
 INFO: Computing semblance for m0 = 5060
 INFO: Total execution time for kernels is 1.59856s
 INFO: Computing semblance for m0 = 5080
 INFO: Total execution time for kernels is 1.48467s
 INFO: Computing semblance for m0 = 5100
 INFO: Total execution time for kernels is 1.47921s
 INFO: Computing semblance for m0 = 5120
 INFO: Total execution time for kernels is 1.49435s
 INFO: Computing semblance for m0 = 5140
 INFO: Total execution time for kernels is 1.54966s
 INFO: Computing semblance for m0 = 5160
 INFO: Total execution time for kernels is 1.54769s
 INFO: Computing semblance for m0 = 5180
 INFO: Total execution time for kernels is 1.49659s
 INFO: Computing semblance for m0 = 5200
 INFO: Total execution time for kernels is 1.58443s
 INFO: Computing semblance for m0 = 5220
 INFO: Total execution time for kernels is 1.48167s
 INFO: Computing semblance for m0 = 5240
 INFO: Total execution time for kernels is 1.47356s
 INFO: Computing semblance for m0 = 5260
 INFO: Total execution time for kernels is 1.60419s
 INFO: Computing semblance for m0 = 5280
 INFO: Total execution time for kernels is 1.50077s
 INFO: Computing semblance for m0 = 5300
 INFO: Total execution time for kernels is 1.54336s
 INFO: Computing semblance for m0 = 5320
 INFO: Total execution time for kernels is 1.54349s
 INFO: Computing semblance for m0 = 5340
 INFO: Total execution time for kernels is 1.49902s
 INFO: Computing semblance for m0 = 5360
 INFO: Total execution time for kernels is 1.48086s
 INFO: Computing semblance for m0 = 5380
 INFO: Total execution time for kernels is 1.58268s
 INFO: Computing semblance for m0 = 5400
 INFO: Total execution time for kernels is 1.49045s
 INFO: Computing semblance for m0 = 5420
 INFO: Total execution time for kernels is 1.60448s
 INFO: Computing semblance for m0 = 5440
 INFO: Total execution time for kernels is 1.5027s
 INFO: Computing semblance for m0 = 5460
 INFO: Total execution time for kernels is 1.55173s
 INFO: Computing semblance for m0 = 5480
 INFO: Total execution time for kernels is 1.54434s
 INFO: Computing semblance for m0 = 5500
 INFO: Total execution time for kernels is 1.49086s
 INFO: Computing semblance for m0 = 5520
 INFO: Total execution time for kernels is 1.47921s
 INFO: Computing semblance for m0 = 5540
 INFO: Total execution time for kernels is 1.48827s
 INFO: Computing semblance for m0 = 5560
 INFO: Total execution time for kernels is 1.5687s
 INFO: Computing semblance for m0 = 5580
 INFO: Total execution time for kernels is 1.58638s
 INFO: Computing semblance for m0 = 5600
 INFO: Total execution time for kernels is 1.49014s
 INFO: Computing semblance for m0 = 5620
 INFO: Total execution time for kernels is 1.53373s
 INFO: Computing semblance for m0 = 5640
 INFO: Total execution time for kernels is 1.47846s
 INFO: Computing semblance for m0 = 5660
 INFO: Total execution time for kernels is 1.53513s
 INFO: Computing semblance for m0 = 5680
 INFO: Total execution time for kernels is 1.47412s
 INFO: Computing semblance for m0 = 5700
 INFO: Total execution time for kernels is 1.47311s
 INFO: Computing semblance for m0 = 5720
 INFO: Total execution time for kernels is 1.56616s
 INFO: Computing semblance for m0 = 5740
 INFO: Total execution time for kernels is 1.59429s
 INFO: Computing semblance for m0 = 5760
 INFO: Total execution time for kernels is 1.492s
 INFO: Computing semblance for m0 = 5780
 INFO: Total execution time for kernels is 1.54038s
 INFO: Computing semblance for m0 = 5800
 INFO: Total execution time for kernels is 1.49325s
 INFO: Computing semblance for m0 = 5820
 INFO: Total execution time for kernels is 1.53408s
 INFO: Computing semblance for m0 = 5840
 INFO: Total execution time for kernels is 1.48193s
 INFO: Computing semblance for m0 = 5860
 INFO: Total execution time for kernels is 1.48256s
 INFO: Computing semblance for m0 = 5880
 INFO: Total execution time for kernels is 1.58173s
 INFO: Computing semblance for m0 = 5900
 INFO: Total execution time for kernels is 1.61211s
 INFO: Computing semblance for m0 = 5920
 INFO: Total execution time for kernels is 1.5024s
 INFO: Computing semblance for m0 = 5940
 INFO: Total execution time for kernels is 1.55186s
 INFO: Computing semblance for m0 = 5960
 INFO: Total execution time for kernels is 1.49997s
 INFO: Computing semblance for m0 = 5980
 INFO: Total execution time for kernels is 1.54679s
 INFO: Computing semblance for m0 = 6000
 INFO: Total execution time for kernels is 1.48126s
 INFO: Computing semblance for m0 = 6020
 INFO: Total execution time for kernels is 1.48015s
 INFO: Computing semblance for m0 = 6040
 INFO: Total execution time for kernels is 1.57127s
 INFO: Computing semblance for m0 = 6060
 INFO: Total execution time for kernels is 1.50089s
 INFO: Computing semblance for m0 = 6080
 INFO: Total execution time for kernels is 1.59862s
 INFO: Computing semblance for m0 = 6100
 INFO: Total execution time for kernels is 1.53421s
 INFO: Computing semblance for m0 = 6120
 INFO: Total execution time for kernels is 1.48091s
 INFO: Computing semblance for m0 = 6140
 INFO: Total execution time for kernels is 1.5221s
 INFO: Computing semblance for m0 = 6160
 INFO: Total execution time for kernels is 1.47292s
 INFO: Computing semblance for m0 = 6180
 INFO: Total execution time for kernels is 1.46746s
 INFO: Computing semblance for m0 = 6200
 INFO: Total execution time for kernels is 1.56889s
 INFO: Computing semblance for m0 = 6220
 INFO: Total execution time for kernels is 1.49626s
 INFO: Computing semblance for m0 = 6240
 INFO: Total execution time for kernels is 1.59033s
 INFO: Computing semblance for m0 = 6260
 INFO: Total execution time for kernels is 1.53044s
 INFO: Computing semblance for m0 = 6280
 INFO: Total execution time for kernels is 1.48448s
 INFO: Computing semblance for m0 = 6300
 INFO: Total execution time for kernels is 1.52414s
 INFO: Computing semblance for m0 = 6320
 INFO: Total execution time for kernels is 1.4719s
 INFO: Computing semblance for m0 = 6340
 INFO: Total execution time for kernels is 1.47697s
 INFO: Computing semblance for m0 = 6360
 INFO: Total execution time for kernels is 1.5671s
 INFO: Computing semblance for m0 = 6380
 INFO: Total execution time for kernels is 1.50173s
 INFO: Computing semblance for m0 = 6400
 INFO: Total execution time for kernels is 1.5989s
 INFO: Computing semblance for m0 = 6420
 INFO: Total execution time for kernels is 1.5406s
 INFO: Computing semblance for m0 = 6440
 INFO: Total execution time for kernels is 1.49632s
 INFO: Computing semblance for m0 = 6460
 INFO: Total execution time for kernels is 1.4858s
 INFO: Computing semblance for m0 = 6480
 INFO: Total execution time for kernels is 1.5406s
 INFO: Computing semblance for m0 = 6500
 INFO: Total execution time for kernels is 1.47872s
 INFO: Computing semblance for m0 = 6520
 INFO: Total execution time for kernels is 1.50286s
 INFO: Computing semblance for m0 = 6540
 INFO: Total execution time for kernels is 1.57904s
 INFO: Computing semblance for m0 = 6560
 INFO: Total execution time for kernels is 1.60195s
 INFO: Computing semblance for m0 = 6580
 INFO: Total execution time for kernels is 1.5472s
 INFO: Computing semblance for m0 = 6600
 INFO: Total execution time for kernels is 1.50423s
 INFO: Computing semblance for m0 = 6620
 INFO: Total execution time for kernels is 1.48494s
 INFO: Computing semblance for m0 = 6640
 INFO: Total execution time for kernels is 1.48497s
 INFO: Computing semblance for m0 = 6660
 INFO: Total execution time for kernels is 1.55428s
 INFO: Computing semblance for m0 = 6680
 INFO: Total execution time for kernels is 1.51235s
 INFO: Computing semblance for m0 = 6700
 INFO: Total execution time for kernels is 1.58404s
 INFO: Computing semblance for m0 = 6720
 INFO: Total execution time for kernels is 1.61399s
 INFO: Computing semblance for m0 = 6740
 INFO: Total execution time for kernels is 1.54718s
 INFO: Computing semblance for m0 = 6760
 INFO: Total execution time for kernels is 1.49679s
 INFO: Computing semblance for m0 = 6780
 INFO: Total execution time for kernels is 1.48318s
 INFO: Computing semblance for m0 = 6800
 INFO: Total execution time for kernels is 1.49211s
 INFO: Computing semblance for m0 = 6820
 INFO: Total execution time for kernels is 1.54197s
 INFO: Computing semblance for m0 = 6840
 INFO: Total execution time for kernels is 1.50519s
 INFO: Computing semblance for m0 = 6860
 INFO: Total execution time for kernels is 1.56875s
 INFO: Computing semblance for m0 = 6880
 INFO: Total execution time for kernels is 1.5479s
 INFO: Computing semblance for m0 = 6900
 INFO: Total execution time for kernels is 1.60486s
 INFO: Computing semblance for m0 = 6920
 INFO: Total execution time for kernels is 1.49728s
 INFO: Computing semblance for m0 = 6940
 INFO: Total execution time for kernels is 1.47547s
 INFO: Computing semblance for m0 = 6960
 INFO: Total execution time for kernels is 1.48504s
 INFO: Computing semblance for m0 = 6980
 INFO: Total execution time for kernels is 1.54462s
 INFO: Computing semblance for m0 = 7000
 INFO: Total execution time for kernels is 1.50795s
 INFO: Computing semblance for m0 = 7020
 INFO: Total execution time for kernels is 1.58077s
 INFO: Computing semblance for m0 = 7040
 INFO: Total execution time for kernels is 1.55397s
 INFO: Computing semblance for m0 = 7060
 INFO: Total execution time for kernels is 1.50305s
 INFO: Computing semblance for m0 = 7080
 INFO: Total execution time for kernels is 1.60129s
 INFO: Computing semblance for m0 = 7100
 INFO: Total execution time for kernels is 1.48392s
 INFO: Computing semblance for m0 = 7120
 INFO: Total execution time for kernels is 1.49093s
 INFO: Computing semblance for m0 = 7140
 INFO: Total execution time for kernels is 1.54843s
 INFO: Computing semblance for m0 = 7160
 INFO: Total execution time for kernels is 1.51263s
 INFO: Computing semblance for m0 = 7180
 INFO: Total execution time for kernels is 1.5855s
 INFO: Computing semblance for m0 = 7200
 INFO: Total execution time for kernels is 1.51061s
 INFO: Computing semblance for m0 = 7220
 INFO: Total execution time for kernels is 1.55592s
 INFO: Computing semblance for m0 = 7240
 INFO: Total execution time for kernels is 1.49782s
 INFO: Computing semblance for m0 = 7260
 INFO: Total execution time for kernels is 1.62696s
 INFO: Computing semblance for m0 = 7280
 INFO: Total execution time for kernels is 1.49778s
 INFO: Computing semblance for m0 = 7300
 INFO: Total execution time for kernels is 1.56019s
 INFO: Computing semblance for m0 = 7320
 INFO: Total execution time for kernels is 1.51192s
 INFO: Computing semblance for m0 = 7340
 INFO: Total execution time for kernels is 1.58631s
 INFO: Computing semblance for m0 = 7360
 INFO: Total execution time for kernels is 1.51913s
 INFO: Computing semblance for m0 = 7380
 INFO: Total execution time for kernels is 1.5671s
 INFO: Computing semblance for m0 = 7400
 INFO: Total execution time for kernels is 1.50836s
 INFO: Computing semblance for m0 = 7420
 INFO: Total execution time for kernels is 1.50097s
 INFO: Computing semblance for m0 = 7440
 INFO: Total execution time for kernels is 1.6172s
 INFO: Computing semblance for m0 = 7460
 INFO: Total execution time for kernels is 1.55257s
 INFO: Computing semblance for m0 = 7480
 INFO: Total execution time for kernels is 1.50942s
 INFO: Computing semblance for m0 = 7500
 INFO: Total execution time for kernels is 1.59076s
 INFO: Computing semblance for m0 = 7520
 INFO: Total execution time for kernels is 1.50271s
 INFO: Computing semblance for m0 = 7540
 INFO: Total execution time for kernels is 1.49639s
 INFO: Computing semblance for m0 = 7560
 INFO: Total execution time for kernels is 1.55713s
 INFO: Computing semblance for m0 = 7580
 INFO: Total execution time for kernels is 1.49526s
 INFO: Computing semblance for m0 = 7600
 INFO: Total execution time for kernels is 1.63216s
 INFO: Computing semblance for m0 = 7620
 INFO: Total execution time for kernels is 1.56399s
 INFO: Computing semblance for m0 = 7640
 INFO: Total execution time for kernels is 1.52416s
 INFO: Computing semblance for m0 = 7660
 INFO: Total execution time for kernels is 1.50986s
 INFO: Computing semblance for m0 = 7680
 INFO: Total execution time for kernels is 1.59803s
 INFO: Computing semblance for m0 = 7700
 INFO: Total execution time for kernels is 1.496s
 INFO: Computing semblance for m0 = 7720
 INFO: Total execution time for kernels is 1.55424s
 INFO: Computing semblance for m0 = 7740
 INFO: Total execution time for kernels is 1.49839s
 INFO: Computing semblance for m0 = 7760
 INFO: Total execution time for kernels is 1.62128s
 INFO: Computing semblance for m0 = 7780
 INFO: Total execution time for kernels is 1.54937s
 INFO: Computing semblance for m0 = 7800
 INFO: Total execution time for kernels is 1.5093s
 INFO: Computing semblance for m0 = 7820
 INFO: Total execution time for kernels is 1.49205s
 INFO: Computing semblance for m0 = 7840
 INFO: Total execution time for kernels is 1.57556s
 INFO: Computing semblance for m0 = 7860
 INFO: Total execution time for kernels is 1.48655s
 INFO: Computing semblance for m0 = 7880
 INFO: Total execution time for kernels is 1.48749s
 INFO: Computing semblance for m0 = 7900
 INFO: Total execution time for kernels is 1.54701s
 INFO: Computing semblance for m0 = 7920
 INFO: Total execution time for kernels is 1.6081s
 INFO: Computing semblance for m0 = 7940
 INFO: Total execution time for kernels is 1.5466s
 INFO: Computing semblance for m0 = 7960
 INFO: Total execution time for kernels is 1.51075s
 INFO: Computing semblance for m0 = 7980
 INFO: Total execution time for kernels is 1.49882s
 INFO: Computing semblance for m0 = 8000
 INFO: Total execution time for kernels is 1.49014s
 INFO: Computing semblance for m0 = 8020
 INFO: Total execution time for kernels is 1.58537s
 INFO: Computing semblance for m0 = 8040
 INFO: Total execution time for kernels is 1.4905s
 INFO: Computing semblance for m0 = 8060
 INFO: Total execution time for kernels is 1.54013s
 INFO: Computing semblance for m0 = 8080
 INFO: Total execution time for kernels is 1.53431s
 INFO: Computing semblance for m0 = 8100
 INFO: Total execution time for kernels is 1.60188s
 INFO: Computing semblance for m0 = 8120
 INFO: Total execution time for kernels is 1.50713s
 INFO: Computing semblance for m0 = 8140
 INFO: Total execution time for kernels is 1.50351s
 INFO: Computing semblance for m0 = 8160
 INFO: Total execution time for kernels is 1.50385s
 INFO: Computing semblance for m0 = 8180
 INFO: Total execution time for kernels is 1.49903s
 INFO: Computing semblance for m0 = 8200
 INFO: Total execution time for kernels is 1.5797s
 INFO: Computing semblance for m0 = 8220
 INFO: Total execution time for kernels is 1.55357s
 INFO: Computing semblance for m0 = 8240
 INFO: Total execution time for kernels is 1.5541s
 INFO: Computing semblance for m0 = 8260
 INFO: Total execution time for kernels is 1.60624s
 INFO: Computing semblance for m0 = 8280
 INFO: Total execution time for kernels is 1.50697s
 INFO: Computing semblance for m0 = 8300
 INFO: Total execution time for kernels is 1.49915s
 INFO: Computing semblance for m0 = 8320
 INFO: Total execution time for kernels is 1.48323s
 INFO: Computing semblance for m0 = 8340
 INFO: Total execution time for kernels is 1.48778s
 INFO: Computing semblance for m0 = 8360
 INFO: Total execution time for kernels is 1.57075s
 INFO: Computing semblance for m0 = 8380
 INFO: Total execution time for kernels is 1.54111s
 INFO: Computing semblance for m0 = 8400
 INFO: Total execution time for kernels is 1.54758s
 INFO: Computing semblance for m0 = 8420
 INFO: Total execution time for kernels is 1.5925s
 INFO: Computing semblance for m0 = 8440
 INFO: Total execution time for kernels is 1.49667s
 INFO: Computing semblance for m0 = 8460
 INFO: Total execution time for kernels is 1.49272s
 INFO: Computing semblance for m0 = 8480
 INFO: Total execution time for kernels is 1.47732s
 INFO: Computing semblance for m0 = 8500
 INFO: Total execution time for kernels is 1.47238s
 INFO: Computing semblance for m0 = 8520
 INFO: Total execution time for kernels is 1.56123s
 INFO: Computing semblance for m0 = 8540
 INFO: Total execution time for kernels is 1.5239s
 INFO: Computing semblance for m0 = 8560
 INFO: Total execution time for kernels is 1.52833s
 INFO: Computing semblance for m0 = 8580
 INFO: Total execution time for kernels is 1.47734s
 INFO: Computing semblance for m0 = 8600
 INFO: Total execution time for kernels is 1.5698s
 INFO: Computing semblance for m0 = 8620
 INFO: Total execution time for kernels is 1.46495s
 INFO: Computing semblance for m0 = 8640
 INFO: Total execution time for kernels is 1.45611s
 INFO: Computing semblance for m0 = 8660
 INFO: Total execution time for kernels is 1.44468s
 INFO: Computing semblance for m0 = 8680
 INFO: Total execution time for kernels is 1.49207s
 INFO: Computing semblance for m0 = 8700
 INFO: Total execution time for kernels is 1.54047s
 INFO: Computing semblance for m0 = 8720
 INFO: Total execution time for kernels is 1.50164s
 INFO: Computing semblance for m0 = 8740
 INFO: Total execution time for kernels is 1.44821s
 INFO: Computing semblance for m0 = 8760
 INFO: Total execution time for kernels is 1.55333s
 INFO: Computing semblance for m0 = 8780
 INFO: Total execution time for kernels is 1.43312s
 INFO: Computing semblance for m0 = 8800
 INFO: Total execution time for kernels is 1.41353s
 INFO: Computing semblance for m0 = 8820
 INFO: Total execution time for kernels is 1.40332s
 INFO: Computing semblance for m0 = 8840
 INFO: Total execution time for kernels is 1.45657s
 INFO: Computing semblance for m0 = 8860
 INFO: Total execution time for kernels is 1.48192s
 INFO: Computing semblance for m0 = 8880
 INFO: Total execution time for kernels is 1.44271s
 INFO: Computing semblance for m0 = 8900
 INFO: Total execution time for kernels is 1.38685s
 INFO: Computing semblance for m0 = 8920
 INFO: Total execution time for kernels is 1.47344s
 INFO: Computing semblance for m0 = 8940
 INFO: Total execution time for kernels is 1.36712s
 INFO: Computing semblance for m0 = 8960
 INFO: Total execution time for kernels is 1.34421s
 INFO: Computing semblance for m0 = 8980
 INFO: Total execution time for kernels is 1.34139s
 INFO: Computing semblance for m0 = 9000
 INFO: Total execution time for kernels is 1.3835s
 INFO: Computing semblance for m0 = 9020
 INFO: Total execution time for kernels is 1.38771s
 INFO: Computing semblance for m0 = 9040
 INFO: Total execution time for kernels is 1.31221s
 INFO: Computing semblance for m0 = 9060
 INFO: Total execution time for kernels is 1.36126s
 INFO: Computing semblance for m0 = 9080
 INFO: Total execution time for kernels is 1.37803s
 INFO: Computing semblance for m0 = 9100
 INFO: Total execution time for kernels is 1.24849s
 INFO: Computing semblance for m0 = 9120
 INFO: Total execution time for kernels is 1.28134s
 INFO: Computing semblance for m0 = 9140
 INFO: Total execution time for kernels is 1.22997s
 INFO: Computing semblance for m0 = 9160
 INFO: Total execution time for kernels is 1.2527s
 INFO: Computing semblance for m0 = 9180
 INFO: Total execution time for kernels is 1.25201s
 INFO: Computing semblance for m0 = 9200
 INFO: Total execution time for kernels is 1.18141s
 INFO: Computing semblance for m0 = 9220
 INFO: Total execution time for kernels is 1.19053s
 INFO: Computing semblance for m0 = 9240
 INFO: Total execution time for kernels is 1.09983s
 INFO: Computing semblance for m0 = 9260
 INFO: Total execution time for kernels is 1.09214s
 INFO: Computing semblance for m0 = 9280
 INFO: Total execution time for kernels is 1.21059s
 INFO: Computing semblance for m0 = 9300
 INFO: Total execution time for kernels is 1.05919s
 INFO: Computing semblance for m0 = 9320
 INFO: Total execution time for kernels is 1.07997s
 INFO: Computing semblance for m0 = 9340
 INFO: Total execution time for kernels is 1.05287s
 INFO: Computing semblance for m0 = 9360
 INFO: Total execution time for kernels is 0.995778s
 INFO: Computing semblance for m0 = 9380
 INFO: Total execution time for kernels is 0.996822s
 INFO: Computing semblance for m0 = 9400
 INFO: Total execution time for kernels is 0.849202s
 INFO: Computing semblance for m0 = 9420
 INFO: Total execution time for kernels is 0.907617s
 INFO: Computing semblance for m0 = 9440
 INFO: Total execution time for kernels is 0.925549s
 INFO: Computing semblance for m0 = 9460
 INFO: Total execution time for kernels is 0.941267s
 INFO: Computing semblance for m0 = 9480
 INFO: Total execution time for kernels is 0.85124s
 INFO: Computing semblance for m0 = 9500
 INFO: Total execution time for kernels is 0.828229s
 INFO: Computing semblance for m0 = 9520
 INFO: Total execution time for kernels is 0.761862s
 INFO: Computing semblance for m0 = 9540
 INFO: Total execution time for kernels is 0.754324s
 INFO: Computing semblance for m0 = 9560
 INFO: Total execution time for kernels is 0.627002s
 INFO: Computing semblance for m0 = 9580
 INFO: Total execution time for kernels is 0.70031s
 INFO: Computing semblance for m0 = 9600
 INFO: Total execution time for kernels is 0.66746s
 INFO: Computing semblance for m0 = 9620
 INFO: Total execution time for kernels is 0.646848s
 INFO: Computing semblance for m0 = 9640
 INFO: Total execution time for kernels is 0.56827s
 INFO: Computing semblance for m0 = 9660
 INFO: Total execution time for kernels is 0.60084s
 INFO: Computing semblance for m0 = 9680
 INFO: Total execution time for kernels is 0.518386s
 INFO: Computing semblance for m0 = 9700
 INFO: Total execution time for kernels is 0.501547s
 INFO: Computing semblance for m0 = 9720
 INFO: Total execution time for kernels is 0.394371s
 INFO: Computing semblance for m0 = 9740
 INFO: Total execution time for kernels is 0.424371s
 INFO: Computing semblance for m0 = 9760
 INFO: Total execution time for kernels is 0.388922s
 INFO: Computing semblance for m0 = 9780
 INFO: Total execution time for kernels is 0.458742s
 INFO: Computing semblance for m0 = 9800
 INFO: Total execution time for kernels is 0.326115s
 INFO: Computing semblance for m0 = 9820
 INFO: Total execution time for kernels is 0.174233s
 INFO: Computing semblance for m0 = 9840
 INFO: Total execution time for kernels is 0.220773s
 INFO: Computing semblance for m0 = 9860
 INFO: Total execution time for kernels is 0.363036s
 INFO: Computing semblance for m0 = 9880
 INFO: Total execution time for kernels is 0.273836s
 INFO: Computing semblance for m0 = 9900
 INFO: Total execution time for kernels is 0.211232s
 INFO: Computing semblance for m0 = 9920
 INFO: Total execution time for kernels is 0.244805s
 INFO: Computing semblance for m0 = 9940
 INFO: Total execution time for kernels is 0.302091s
 INFO: Total execution time for kernels is 0.0708921s
 INFO: Total execution time for kernels is 0.0814062s
 INFO: Total execution time for kernels is 0.0944257s
 INFO: Total execution time for kernels is 0.134895s
 INFO: Total execution time for kernels is 0.109338s
 INFO: Total execution time for kernels is 0.121994s
 INFO: Total execution time for kernels is 0.163694s
 INFO: Average of efficiency is 0.237885
 INFO: Average of interpolations_per_sec is 1.11799e+10
 INFO: Average of selected_traces is 1264.16
 INFO: Average of total_selection_kernel_exec_time is 0.0723292
 INFO: Average of total_kernel_exec_time is 1.33778
 INFO: Driver init. duration is 0.308442 s
 INFO: Read gather duration is 0.108899 s
 INFO: Parse args. duration is 0.000209099 s
 INFO: Worker threads duration is 80.1614 s
 INFO: Dump results duration is 0.45011 s
 INFO: Results written to /home/ubuntu/nfs/out/d4e9b53e_master_p2.8xlarge/oct/de/cuda/simple-synthetic_1/simple-synthetic_de_oct_20210302_1405/
 INFO: It took 81.0365s to compute.
